-5.30442715 -7.67532063
-5.32260370 -7.67206955
-5.34591961 -7.71450901
-5.31547689 -7.68773937
-5.28586292 -7.64207983
-5.37313175 -7.73416424
-5.30515671 -7.66061020
-5.28119135 -7.63397741
-5.33206701 -7.69657373
-5.26522589 -7.64312077
-5.29120588 -7.65142536
-5.29351282 -7.65231943
-5.31441307 -7.67913198
-5.39295197 -7.79558086
-5.33186674 -7.70057678
-5.32042313 -7.71241236
-5.22906065 -7.59947205
-5.29188204 -7.65287781
-5.38112926 -7.75457382
-5.28655434 -7.64297962
-5.38944674 -7.75742435
-5.23360729 -7.62099552
-5.30875397 -7.67444897
-5.22811556 -7.57873631
-5.23689270 -7.58545399
-5.30411863 -7.67511082
-5.31813288 -7.69639444
-5.30257607 -7.66987514
-5.26431799 -7.66281891
-5.31650686 -7.68502140
-5.33805895 -7.70644855
-5.28335285 -7.66581440
-5.30446053 -7.71531677
-5.27928734 -7.66048431
-5.29227781 -7.67088938
-5.36162424 -7.72783756
-5.27813578 -7.68374014
-5.25155783 -7.64978504
-5.35002232 -7.73229218
-5.35977936 -7.77649784
-5.29294538 -7.66886997
-5.29750586 -7.70370770
-5.33940697 -7.73134375
-5.29103184 -7.70586300
-5.20024490 -7.59056854
-5.25433826 -7.64651108
-5.23054457 -7.62480688
-5.21246099 -7.61975622
-5.27235556 -7.68314600
-5.23060131 -7.63048458
-5.28348970 -7.66478872
-5.26374865 -7.64805746
-5.21356153 -7.62602472
-5.24100018 -7.63986349
-5.31708241 -7.72702265
-5.22107077 -7.62871838
-5.19730806 -7.57695150
-5.22648430 -7.62505054
-5.19242382 -7.61054134
-5.17507029 -7.59405231
-5.26396990 -7.68612289
-5.21150875 -7.60569525
-5.18046331 -7.58230686
-5.22603178 -7.64404058
-5.20517111 -7.61554193
-5.24809790 -7.64158869
-5.15385199 -7.53250885
-5.19497681 -7.60170364
-5.20950413 -7.61160374
-5.21467781 -7.60594177
-5.24626637 -7.67880487
-5.19534254 -7.61668682
-5.17647028 -7.57403326
-5.18754244 -7.61545324
-5.13430882 -7.53968954
-5.17348623 -7.57213831
-5.16228533 -7.60437679
-5.10791397 -7.51058960
-5.10107470 -7.51229191
-5.03697157 -7.46743155
-5.20247936 -7.62455606
-5.27251673 -7.70074701
-5.16414309 -7.56441784
-5.17284870 -7.58942127
-5.16834784 -7.59475946
-5.06089926 -7.45948696
-5.15531206 -7.59352875
-5.11017895 -7.55710840
-5.14417934 -7.55783367
-5.15440559 -7.60893917
-5.15232563 -7.58671188
-5.09935141 -7.53551483
-5.12411070 -7.56305027
-5.12605381 -7.57967663
-5.07276249 -7.51382589
-5.16314793 -7.59471226
-5.13973618 -7.56172466
-5.10397339 -7.52165747
