-2.82430387 -4.13382912
-2.81922436 -4.13556957
-2.90617514 -4.23229074
-2.90215349 -4.23375320
-2.97211027 -4.31497288
-2.96917081 -4.31611872
-3.02195191 -4.38434601
-3.02191472 -4.38434649
-3.06387568 -4.43903446
-3.06232619 -4.43976355
-3.09357381 -4.48310041
-3.09251976 -4.48362207
-3.11434507 -4.51697302
-3.11374259 -4.51728106
-3.12734914 -4.54167271
-3.12711143 -4.54185152
-3.12912989 -4.54560614
-3.12896276 -4.54575968
-3.13065767 -4.54922056
-3.13051295 -4.54935026
-3.13194060 -4.55252409
-3.13182998 -4.55263186
-3.13298368 -4.55552435
-3.13289261 -4.55561209
-3.13379622 -4.55822659
-3.13371158 -4.55829668
-3.13438201 -4.56063747
-3.13434792 -4.56069279
-3.13474798 -4.56276512
-3.13471818 -4.56280804
-3.13490176 -4.56462240
-3.13486242 -4.56465387
-3.13484669 -4.56621933
-3.13475156 -4.56624174
-3.13459015 -4.56755638
-3.13451219 -4.56757259
-3.13413787 -4.56863642
-3.13407850 -4.56864786
-3.13349557 -4.56946373
-3.13346648 -4.56947088
-3.13266706 -4.57004690
-3.13264990 -4.57005119
-3.13165927 -4.57039309
-3.13161325 -4.57039452
-3.13047528 -4.57050896
-3.13047528 -4.57050896
-3.12912250 -4.57040024
-3.12915611 -4.57040024
-3.12760472 -4.57007360
-3.12769151 -4.57007408
-3.12592721 -4.56953430
-3.12602997 -4.56953764
-3.12409353 -4.56878805
-3.12416363 -4.56879663
-3.12211013 -4.56784058
-3.12218356 -4.56785631
-3.11997962 -4.56669998
-3.11995173 -4.56672812
-3.11770558 -4.56537390
-3.11763382 -4.56541872
-3.11529160 -4.56386614
-3.11518216 -4.56392813
-3.11274052 -4.56217861
-3.11262012 -4.56225586
-3.11005545 -4.56031370
-3.10991931 -4.56040621
-3.10723948 -4.55827713
-3.10708594 -4.55838537
-3.10429788 -4.55607176
-3.10414290 -4.55619669
-3.10123253 -4.55370474
-3.10106659 -4.55384588
-3.09804702 -4.55117702
-3.09789610 -4.55133677
-3.09474540 -4.54849339
-3.09458709 -4.54867363
-3.07658815 -4.53285408
-3.07627082 -4.53315735
-3.05540061 -4.51433086
-3.05539918 -4.51433086
-3.03315830 -4.49206924
-3.03129768 -4.49284601
-3.00850439 -4.46800804
-3.00560522 -4.46935940
-2.98221254 -4.44199371
-2.97886276 -4.44380617
-2.95453310 -4.41418171
-2.95081449 -4.41645479
-2.92569780 -4.38483000
-2.92124104 -4.38760233
