-5.38668728 -7.68618011
-5.42318106 -7.72455454
-5.56025839 -7.86479282
-5.58964491 -7.89473486
-5.70133829 -8.01618767
-5.72499561 -8.03905678
-5.81456041 -8.14275646
-5.83335638 -8.15977478
-5.90352201 -8.24677849
-5.91806221 -8.25900650
-5.97087479 -8.33030605
-5.98168850 -8.33866215
-6.01847029 -8.39525127
-6.02617121 -8.40055084
-6.04897356 -8.44333839
-6.05397606 -8.44631767
-6.05333233 -8.45106983
-6.05764055 -8.45366478
-6.05712986 -8.45821476
-6.06071711 -8.46045494
-6.06036806 -8.46476746
-6.06337070 -8.46667957
-6.06309652 -8.47074604
-6.06565571 -8.47235489
-6.06539106 -8.47616482
-6.06753016 -8.47749805
-6.06724834 -8.48102665
-6.06901026 -8.48210907
-6.06866550 -8.48535633
-6.07007837 -8.48621368
-6.06964064 -8.48914814
-6.07074499 -8.48980713
-6.07017088 -8.49242973
-6.07100534 -8.49291515
-6.07025385 -8.49520206
-6.07086182 -8.49554062
-6.06992245 -8.49747658
-6.07040262 -8.49769592
-6.06925583 -8.49926186
-6.06960964 -8.49938679
-6.06824780 -8.50057316
-6.06849432 -8.50062847
-6.06689453 -8.50141621
-6.06702757 -8.50143147
-6.06518888 -8.50179863
-6.06522274 -8.50179863
-6.06312275 -8.50172997
-6.06307888 -8.50174236
-6.06069279 -8.50123119
-6.06062460 -8.50128460
-6.05789089 -8.50029469
-6.05777216 -8.50041676
-6.05471325 -8.49893856
-6.05451155 -8.49915886
-6.05115700 -8.49716854
-6.05092335 -8.49751759
-6.04721785 -8.49500275
-6.04691887 -8.49550915
-6.04289150 -8.49244308
-6.04257822 -8.49313927
-6.03818130 -8.48948956
-6.03780746 -8.49040699
-6.03308439 -8.48616314
-6.03271055 -8.48733425
-6.02762747 -8.48246765
-6.02716827 -8.48392487
-6.02188683 -8.47841072
-6.02135324 -8.48019028
-6.01587009 -8.47399712
-6.01525497 -8.47613239
-6.00957584 -8.46923637
-6.00892973 -8.47176552
-6.00300121 -8.46413803
-6.00228786 -8.46709442
-5.99614429 -8.45871735
-5.99537849 -8.46214104
-5.95761013 -8.42687702
-5.95664263 -8.43321800
-5.91204119 -8.38784790
-5.91163778 -8.39812279
-5.85970783 -8.34241295
-5.86157560 -8.35767651
-5.80123854 -8.29132843
-5.80786705 -8.31264114
-5.73754263 -8.23526859
-5.75208282 -8.26367950
-5.66954279 -8.17486382
-5.69540167 -8.21149158
-5.59812498 -8.11068916
-5.63912106 -8.15689278
-6.06518888 -8.50189686
-6.03823757 -8.46181774
-6.03601408 -8.45831299
-6.03856134 -8.45815563
-6.03548193 -8.45460701
-6.03109550 -8.44819450
-6.02044153 -8.43324566
-6.01698256 -8.42902946
-6.00427914 -8.41677570
-5.98595715 -8.39569855
