-5.91497755 -8.36688137
-5.87279987 -8.33125210
-5.87092543 -8.32935715
-5.87667608 -8.33433628
-4.90580511 -7.14556217
-5.38306046 -7.68742990
-5.57196760 -7.95004129
-5.59383345 -7.98533106
-5.57948780 -7.97038555
-5.59905052 -7.98221111
-5.59770346 -7.97176981
-5.59508371 -7.96167564
-5.59632111 -7.95644045
-5.59932709 -7.95533752
-5.59806156 -7.95752287
-5.57781410 -7.97997475
-3.21128964 -5.17660618
-4.96069908 -6.91499662
-5.49030972 -7.73247051
-5.55124521 -7.84729910
-5.52545929 -7.81842613
-5.52977657 -7.78610754
-5.53747654 -7.76850986
-5.50574589 -7.74432850
-5.48117352 -7.73331213
-5.52875996 -7.76893902
-5.51960850 -7.80743885
-5.57917118 -7.94228172
-0.68815571 -2.39495015
-2.78226781 -4.90755749
-3.33633518 -5.64232588
-3.46860075 -5.80249214
-3.59456825 -5.88025808
-3.71757984 -5.96489334
-3.79533911 -6.04064560
-3.79129314 -6.07506847
-3.91241717 -6.18566275
-3.82607961 -6.13367510
-4.23310041 -6.53617334
-4.34411526 -6.67541790
-4.52996206 -6.87280130
