-2.37385011 -4.30774307
-2.95388722 -4.91889095
-3.51467156 -5.65505552
-3.80474520 -6.05031252
-3.95660853 -6.23406458
-4.03021717 -6.32556629
-4.07908535 -6.38022089
-4.12674522 -6.42126751
-4.17281485 -6.45699406
-4.21140146 -6.48873806
-4.39109993 -6.74276447
-4.46689606 -6.79255581
-4.59883356 -6.92530155
-1.89755583 -3.71188402
-2.97113061 -4.80921936
-3.75231409 -5.87912703
-4.08412838 -6.37418461
-4.24816799 -6.58728790
-4.31900120 -6.67678833
-4.35536623 -6.71397877
-4.38069057 -6.72892380
-4.40660810 -6.73404026
-4.43259573 -6.73634243
-4.51358700 -6.80477428
-4.48887873 -6.82629395
-4.59514999 -6.91174316
