-6.10541344 -8.48103237
-6.07304335 -8.44075871
-6.04073095 -8.41210842
-6.00024128 -8.37308216
-5.98112345 -8.34690666
-6.10198593 -8.48076820
-6.06628275 -8.44170189
-6.03523111 -8.41230965
-6.00428677 -8.37582207
-5.97523165 -8.35185623
-6.03996468 -8.42602348
-6.00848436 -8.38365364
-5.99487019 -8.36764240
-5.96968317 -8.34370327
-5.96678209 -8.34347916
-6.00547457 -8.35807705
-6.08486891 -8.45022106
-6.04200983 -8.39804649
-6.09610558 -8.46643734
-6.04872799 -8.47751808
-5.99480534 -8.34681320
-5.94538832 -8.29625511
-5.84865665 -8.20228100
-6.10152483 -8.47538853
-6.06261396 -8.48606300
-6.10645533 -8.50133610
-6.05351210 -8.48054218
-6.09901333 -8.47109032
-6.06953669 -8.43044567
-6.08894444 -8.49937248
-6.10906792 -8.49612236
-6.10753202 -8.50044823
-6.10511112 -8.50195980
-6.09278822 -8.46141529
-6.10350847 -8.50231934
-6.08236647 -8.49658489
-6.03871584 -8.47095871
-6.10365343 -8.47933388
-6.04969740 -8.40682411
-6.07105255 -8.49085617
-6.08904839 -8.45600510
-5.93124151 -8.28216362
-6.03376055 -8.38878345
-5.97148705 -8.32266140
-6.10858965 -8.49178886
-6.07878256 -8.49487495
-6.09192610 -8.50043869
-6.03349829 -8.46743870
-5.98348379 -8.33500957
-6.10786963 -8.48915482
-5.82960367 -8.18428802
-6.09469461 -8.50128746
-6.10898542 -8.49409962
-6.05683708 -8.41514301
-5.86683226 -8.21956825
-6.10884714 -8.49784756
-6.07512760 -8.43744659
-6.06691933 -8.48855400
-6.05814314 -8.48339081
-6.07500935 -8.49296284
-5.91633511 -8.26746941
-6.10833216 -8.49928761
-6.09956789 -8.50228977
-6.10681534 -8.48620415
-6.08575583 -8.49808407
-6.08023357 -8.44403553
-6.09724426 -8.50190258
-6.01551008 -8.36882114
-6.06344557 -8.42301273
-5.90064621 -8.25214767
-5.95879602 -8.30974483
-6.02493334 -8.37905693
-6.10165834 -8.50242519
-5.88415480 -8.23618603
-6.04379416 -8.47431564
