-5.99886036 -8.40093136
-6.00317192 -8.40858746
-6.00702810 -8.41565132
-6.01043797 -8.42214775
-6.01340914 -8.42806816
-6.01594973 -8.43344402
-6.01811504 -8.43827057
-6.01994658 -8.44256878
-6.02144766 -8.44634247
-6.02262259 -8.44960976
-6.02347517 -8.45236683
-6.02400827 -8.45463371
-6.02422523 -8.45643234
-6.02412939 -8.45775509
-6.02372408 -8.45861530
-6.02301121 -8.45902538
-6.02199411 -8.45899582
-6.02067518 -8.45852852
-6.01905632 -8.45763493
-6.01713419 -8.45633888
-6.01490974 -8.45463085
-6.01238537 -8.45252419
-6.00956106 -8.45002747
-6.00643921 -8.44715691
-6.00302219 -8.44390392
-5.99931145 -8.44029427
-5.99531174 -8.43632698
-5.99102259 -8.43200588
-5.98644495 -8.42734718
-5.98156929 -8.42235565
-5.97639322 -8.41703224
