-5.38724518 -7.33453989
-5.37685680 -7.33819580
-5.38215065 -7.34442616
-5.37328148 -7.34718037
-5.37693834 -7.35275459
-5.36954451 -7.35473967
-5.37151098 -7.35958910
-5.36569786 -7.36094236
-5.36577606 -7.36498404
-5.36140442 -7.36584044
-5.35968018 -7.36900330
-5.35656500 -7.36947393
-5.35318184 -7.37169695
-5.35124016 -7.37189293
-5.34975624 -7.37256289
-5.34840965 -7.37266350
-5.34620285 -7.37311792
-5.34550428 -7.37315321
-5.34250975 -7.37337065
-5.34250975 -7.37337065
-5.33867073 -7.37332630
-5.33905745 -7.37333345
-5.33467579 -7.37299728
-5.33572292 -7.37305641
-5.33051872 -7.37238407
-5.33227921 -7.37255669
-5.32168865 -7.37032557
-5.32470608 -7.37087345
-5.31212950 -7.36720181
-5.31620264 -7.36829042
-5.30179644 -7.36303282
-5.30695772 -7.36489058
-5.29065514 -7.35787296
-5.29709625 -7.36078262
-5.27867794 -7.35175705
-5.28614712 -7.35597658
-5.26584578 -7.34471893
-5.27450657 -7.35060883
