-5.27194118 -7.71686554
-5.89663649 -8.27615643
-5.45887995 -7.88895512
-5.94173193 -8.32872677
-5.61569405 -8.03492928
-5.97666311 -8.37158489
-5.74382782 -8.15711784
-6.00113916 -8.40635109
-5.84508038 -8.25766182
-6.01646805 -8.43437386
-5.92176437 -8.33851242
-6.02556229 -8.45669651
-5.97627831 -8.40146160
-6.03107023 -8.47414303
-6.01128912 -8.44815636
-6.03382969 -8.48732662
-6.01619387 -8.45567894
-6.03403473 -8.48949432
-6.02044487 -8.46262455
-6.03407192 -8.49151421
-6.02405882 -8.46900463
-6.03398561 -8.49338818
-6.02705526 -8.47482681
-6.03367138 -8.49511719
-6.02945185 -8.48010635
-6.03331089 -8.49670315
-6.03281641 -8.49815178
-6.03279972 -8.49815273
-6.03251934 -8.48907471
-6.03204060 -8.49946022
-6.03322744 -8.49278259
-6.03119087 -8.50063419
-6.03340912 -8.49598789
-6.03047276 -8.50167370
-6.03307772 -8.49870110
-6.02953529 -8.50258446
-6.03224754 -8.50092983
-6.02849579 -8.50336552
-6.03093195 -8.50268936
-6.02738285 -8.50401974
-6.02914095 -8.50398064
-6.02648401 -8.50454426
-6.02688885 -8.50481987
-6.02544212 -8.50494289
-6.02418375 -8.50521278
-6.02418375 -8.50521278
-6.02103710 -8.50517082
-6.02343512 -8.50536156
-6.01745462 -8.50470161
-6.02260494 -8.50538445
-6.01344490 -8.50381565
-6.02153969 -8.50528336
-6.00901985 -8.50251675
-6.02084351 -8.50505733
-6.00418854 -8.50082111
-6.01991272 -8.50471306
-5.99895859 -8.49873066
-6.01917458 -8.50423908
-5.99333715 -8.49625683
-6.01771879 -8.50363445
-5.98733521 -8.49340630
-6.01652241 -8.50290203
-5.98101616 -8.49018669
-6.01502085 -8.50203037
-5.97439528 -8.48660755
-6.01408815 -8.50103188
-5.96747875 -8.48267460
-6.01236868 -8.49987984
-5.96030807 -8.47839928
-6.01052237 -8.49857330
-5.95291471 -8.47378349
-6.00926924 -8.49711418
-5.94530678 -8.46883583
-6.00678205 -8.49545765
-5.93751144 -8.46356869
-6.00390768 -8.49359703
-5.89586353 -8.43262291
-5.98143864 -8.48037720
-5.84973717 -8.39461994
-5.94972754 -8.45980358
-5.79910135 -8.35033512
-5.91200924 -8.43207741
-5.74395704 -8.30048943
-5.86924791 -8.39779472
-5.68443632 -8.24574280
-5.82280016 -8.35757256
-5.62261391 -8.18671608
-5.77273464 -8.31203747
-5.55953932 -8.12396812
-5.71896172 -8.26177120
