-6.10439348 -8.48583317
-6.07604170 -8.45130253
-6.06387091 -8.43805599
-6.04402542 -8.41882706
-6.01806116 -8.39113998
-5.99069357 -8.36218834
-5.96422100 -8.34155083
-5.99965525 -8.37333488
-6.03605366 -8.41551590
-6.05766487 -8.43599129
-6.10844946 -8.51130104
-6.07038879 -8.46681404
-6.06475496 -8.45712852
-6.04056358 -8.43614006
-6.01179695 -8.40905476
-5.99739408 -8.38891029
-5.97446537 -8.36852169
-5.99756670 -8.38807106
-6.03188610 -8.42620277
-6.05128431 -8.44898319
-6.06771326 -8.49210548
-6.02813339 -8.44765663
-6.02928066 -8.44617939
-6.00895596 -8.42215538
-5.97839117 -8.39300632
-5.96474695 -8.36927319
-5.95356035 -8.36339569
-5.96422958 -8.38062000
-5.98428154 -8.40279961
-6.01397991 -8.43239975
