-4.75795269 -7.66728735
-3.45671010 -6.00418139
-2.90000558 -5.22430468
-4.13591480 -6.65485525
-2.94635630 -5.49022913
-3.68822312 -6.27574587
-2.57324529 -5.03358221
-4.06712008 -6.38140821
-3.66925573 -6.28722429
-4.13881731 -6.50937891
-1.73205256 -4.08824825
-2.34523416 -4.53059244
-4.55121708 -7.31881905
-4.01864386 -6.71767807
-3.36234236 -6.31258440
-4.14598751 -6.83509779
-3.23578930 -5.95788908
-4.37178993 -7.22592402
-4.69299936 -7.56617689
-2.12669110 -5.28343534
-2.17177629 -5.28022528
-0.95145494 -3.46663690
-3.44338369 -6.12855673
-3.65663195 -6.68243933
-4.18822908 -7.03188276
-3.70776033 -6.48039389
-4.26344156 -6.83563185
-0.78014076 -3.14930129
-4.56227922 -7.35719633
-4.23183823 -6.85897875
-3.99119425 -6.80406332
-4.58327723 -7.40891886
-4.12157917 -6.84321642
-4.25677252 -7.18240595
-4.44552755 -7.19928694
-3.94423032 -6.42926645
-4.56908798 -7.38392878
-4.33563948 -7.15714836
-3.54635954 -6.31539583
-4.56870842 -7.44155836
-3.66275263 -6.66077089
-4.24722147 -6.97301102
-4.49903536 -7.26563072
-4.52599430 -7.31762266
-4.22174072 -6.70773840
-3.68821216 -6.40504313
-2.77593422 -5.79225492
-4.48617935 -7.32792854
-3.68405724 -6.63742638
-4.65835619 -7.56392431
-4.56795835 -7.37104797
-4.29061651 -7.08800364
-2.92196894 -5.92767286
-3.46180129 -6.38301611
-4.36161232 -7.29163504
-4.26268291 -7.18449259
-3.17587280 -5.71176291
-3.83365464 -6.52915621
-3.30179977 -6.24111748
-4.50731802 -7.36124945
-1.10026646 -3.80815220
-4.38804150 -7.12918854
-4.67283106 -7.50856352
-4.52029133 -7.38150024
-4.61886263 -7.50932884
-3.68247819 -6.64138222
-4.53252840 -7.35039663
-4.72656012 -7.62689257
-4.42668056 -7.18709040
-4.41449833 -7.21516657
-4.29311514 -6.93565512
-4.20657873 -6.83304548
-3.30530572 -6.34249353
-4.08294487 -6.96295691
-4.48632193 -7.24556303
-4.58117867 -7.33748388
-4.23865366 -6.82998466
-4.46277523 -7.24597120
-3.88702703 -6.72018051
-3.97283721 -6.49655342
-3.34337068 -6.23343420
-2.68278313 -5.77387762
-3.72213149 -6.50297308
10.96889305 10.23835659
6.02986288 5.71027756
4.75876188 3.13253951
4.25543165 1.16118467
4.36430693 0.92033917
4.51891375 1.66948366
4.50171566 1.93331420
2.42487383 1.59093046
0.12041061 -0.84321672
-0.90167290 -2.86919594
-1.23979950 -4.08111906
-0.93010193 -3.98970008
-0.87679255 -3.26944089
-0.87548923 -3.00768852
-1.11186039 -3.06481004
-2.31029749 -4.25443602
-3.34937501 -5.76414680
-3.62590218 -6.49710798
-3.23437881 -6.26856279
-3.17174959 -5.68577242
-3.16314340 -5.45530558
5.10198402 3.72202182
-2.47135782 -5.47189522
-3.38579130 -6.05774832
-4.28545237 -7.00812483
-4.54767561 -7.44807863
-4.21018219 -7.18290901
-3.86340880 -6.72566795
-3.76176405 -6.51147318
1.19234252 -0.63446206
-3.10881495 -6.62639475
-3.92887831 -6.87656212
-4.60534334 -7.40041018
-4.75111103 -7.66523695
-4.46558094 -7.41096306
-4.07618189 -7.04608488
-3.90498900 -6.82663965
-1.18368983 -3.35644078
-3.49371767 -7.08398056
-4.16844749 -7.13036203
-4.63411713 -7.34683800
-4.67284679 -7.52585077
-4.45916462 -7.30255127
-4.20514154 -7.01193094
-4.07590628 -6.76542902
-2.61156321 -5.13584375
-3.70232582 -7.14442301
-4.15345478 -7.07398367
-4.47356033 -7.17776442
-4.46953964 -7.21544456
-4.33953762 -6.99854088
-4.22064495 -6.81269789
-4.15690470 -6.59250784
-3.47557616 -6.16352701
-3.74353862 -6.97666359
-3.97062349 -6.85073709
-4.20513916 -6.89025354
-4.20667458 -6.75848150
-4.14013195 -6.69487143
-4.10350513 -6.53846550
-4.08877754 -6.41192198
