-5.80244970 -7.99232101
-5.77400112 -8.00032043
-5.81192493 -8.00582123
-5.78512955 -8.01178837
-5.81847763 -8.01719761
-5.79430819 -8.02144051
-5.82233238 -8.02653408
-5.80103254 -8.02935982
-5.82398844 -8.03391457
-5.80645800 -8.03561115
-5.82359648 -8.03941536
-5.81063318 -8.04027271
-5.82140970 -8.04311085
-5.81310987 -8.04341602
-5.81966591 -8.04430389
-5.81471205 -8.04443550
-5.81749487 -8.04507637
-5.81501102 -8.04510784
-5.81490660 -8.04543018
-5.81490660 -8.04543018
-5.81190109 -8.04537964
-5.81450796 -8.04541683
-5.80848265 -8.04492950
-5.81379175 -8.04507351
-5.80466652 -8.04409122
-5.81287670 -8.04440975
-5.79588079 -8.04127979
-5.81153965 -8.04216099
-5.78603554 -8.03699875
-5.80886984 -8.03872013
-5.77543354 -8.03132725
-5.80512381 -8.03416443
-5.76408386 -8.02431011
-5.80134487 -8.02855015
-5.75198793 -8.01601315
-5.79680157 -8.02193928
-5.73914146 -8.00648880
-5.79190111 -8.01439285
