-6.13822651 -8.53147793
-6.13033962 -8.52398014
-6.13289165 -8.52582932
-6.13065672 -8.52415276
-6.13812256 -8.50412750
-6.12805176 -8.49831200
-6.13227749 -8.50081444
-6.13491821 -8.49932194
-6.07736063 -8.42198944
-6.07931948 -8.42547894
-6.08134651 -8.42659187
-6.08133984 -8.42582989
-6.13822651 -8.53147793
-6.11740923 -8.51127815
-6.11939859 -8.51396751
-6.11698627 -8.50845146
-6.09226561 -8.51411343
-6.07821655 -8.49582577
-6.07458687 -8.49545860
-6.07466650 -8.49491215
-6.01594448 -8.46066380
-6.00518465 -8.44601250
-6.00147200 -8.44404697
-6.00153637 -8.44233894
-6.13822651 -8.53147793
-6.09353542 -8.48650837
-6.09795380 -8.48908806
-6.08807564 -8.47876549
-6.09226561 -8.51411343
-6.05550909 -8.47236919
-6.05289078 -8.46954155
-6.04775333 -8.46475315
-6.01594448 -8.46066380
-5.98636484 -8.42520332
-5.98353577 -8.42403507
-5.97832251 -8.41939735
-6.09226561 -8.51411343
-6.03379631 -8.45290089
-6.03439856 -8.45168495
-6.01423788 -8.42904949
-6.01594448 -8.46066380
-5.96597958 -8.40408993
-5.96052027 -8.39734268
-5.94684887 -8.38506222
