-5.12658882 -7.74705458
-5.13191080 -7.74894905
-5.13830090 -7.75922537
-5.14306211 -7.76064539
-5.14744759 -7.76947069
-5.15162086 -7.77048635
-5.15415621 -7.77787161
-5.15772581 -7.77855158
-5.15854359 -7.78450394
-5.16140223 -7.78491688
-5.16072941 -7.78944635
-5.16287947 -7.78965807
-5.16147900 -7.79277277
-5.16273642 -7.79284906
-5.16153526 -7.79384375
-5.16238499 -7.79387903
-5.16138697 -7.79454851
-5.16191530 -7.79455757
-5.16103411 -7.79487133
-5.16103411 -7.79487133
-5.16047668 -7.79483843
-5.16005564 -7.79484367
-5.15972853 -7.79445553
-5.15902948 -7.79448509
-5.15878582 -7.79372168
-5.15770817 -7.79379177
-5.15632534 -7.79124832
-5.15457201 -7.79145193
-5.15311575 -7.78748655
-5.15072298 -7.78789282
-5.14914513 -7.78249025
-5.14616156 -7.78317165
-5.14441586 -7.77632427
-5.14085770 -7.77735615
-5.13894176 -7.76905060
-5.13468933 -7.77050829
-5.13272476 -7.76070976
-5.12793112 -7.76267815
-5.16103411 -7.79512548
-5.13146734 -7.74058580
-5.12028885 -7.71556759
-5.11917782 -7.73371553
-5.12368917 -7.73958683
-5.11716604 -7.73687172
-5.13572407 -7.73793316
