55.63217926 40.34265518
50.33084106 35.44924164
45.39191055 31.04413223
40.78821182 27.07354164
36.52934647 23.49045563
32.61942673 20.25378799
29.02970886 17.32741165
25.72763252 14.67949963
22.68383980 12.28201103
19.87614250 10.11012077
17.28508377 8.14191341
14.89471817 6.35799980
12.69197273 4.74116611
10.66468048 3.27612638
8.79896927 1.94927371
7.07777309 0.74836749
5.48331308 -0.33753476
4.00180197 -1.31833088
2.62958169 -2.20297861
1.37300730 -2.99963427
0.24157643 -3.71569943
-0.75807405 -4.35802555
-1.62548184 -4.93284130
-2.36813474 -5.44588232
-3.00037932 -5.90243244
-3.53874016 -6.30734110
-3.99895096 -6.66508627
-4.39412689 -6.97977066
-4.73371458 -7.25516796
-5.02452040 -7.49474859
-5.27175522 -7.70169544
-5.47974730 -7.87893009
-5.65195084 -8.02911377
-5.79144573 -8.15469933
-5.90120602 -8.25792313
-5.98403931 -8.34083557
-6.04316139 -8.40530968
-6.08208561 -8.45306492
-6.08779240 -8.46075058
-6.09286213 -8.46784306
-6.09731007 -8.47435284
-6.10114908 -8.48029518
-6.10439348 -8.48567963
-6.10707140 -8.49051285
-6.10921240 -8.49481106
-6.11083603 -8.49858284
-6.11194944 -8.50184250
-6.11256409 -8.50459385
-6.11268806 -8.50685310
-6.11233044 -8.50862694
-6.11149979 -8.50992775
-6.11020327 -8.51076317
-6.10844946 -8.51114464
-6.10624552 -8.51107883
-6.10359812 -8.51057911
-6.10051584 -8.50965118
-6.09700584 -8.50830269
-6.09307575 -8.50655079
-6.08874321 -8.50439072
-6.08402586 -8.50184155
-6.07893944 -8.49891090
-6.07350016 -8.49560356
-6.06771326 -8.49192619
-6.06158495 -8.48789024
-6.05512047 -8.48350430
-6.04832554 -8.47877502
-6.04120588 -8.47370911
-6.03376675 -8.46831322
-5.99209213 -8.43665409
-5.94413662 -8.39782429
-5.89164162 -8.35262489
-5.83526134 -8.30179787
-5.77582455 -8.24602509
-5.71382332 -8.18593693
-5.64962006 -8.12211037
