17.78205109 9.33556747
10.17686749 5.82142878
5.48408985 3.31624818
2.64933515 1.47449350
0.92471325 0.12887804
-0.14729162 -0.82568145
-0.81160533 -1.47237563
-1.19861090 -1.88980091
-1.44517815 -2.14945316
-1.62174714 -2.30487061
-1.73520350 -2.38987875
-1.80102181 -2.42810273
-1.83463323 -2.44885015
-1.84803414 -2.46172762
-1.84938216 -2.46955824
-1.84383535 -2.47391200
-1.83458543 -2.47547531
-1.82361710 -2.47438455
-1.81214619 -2.47042322
-1.80086935 -2.46146107
-1.79014850 -2.44547725
-1.78016829 -2.42428041
-1.77104235 -2.39922023
-1.76285243 -2.37138247
-1.75563467 -2.34164333
-1.74935281 -2.31070614
-1.74389350 -2.27913976
-1.73909247 -2.24739552
-1.73477626 -2.21583247
-1.73079431 -2.18473339
-1.72703171 -2.15431714
-1.72340441 -2.12475038
-1.71985257 -2.09615827
-1.71634042 -2.06862974
-1.71286249 -2.04222536
-1.70944750 -2.01698279
-1.70615029 -1.99292076
-1.70303297 -1.97004211
5.51400471 -0.47818744
0.79330266 -3.12453651
-1.67500305 -4.54736567
-2.83651161 -5.28234863
-3.32982516 -5.60835886
-3.48505974 -5.68805170
-3.49119663 -5.62642336
-3.43152404 -5.50905371
-3.32990241 -5.38077784
13.13181877 8.96075439
7.17876005 3.50851607
-0.23795980 -3.09089994
-3.50967765 -6.27620411
-4.66420555 -7.65110636
-4.98609877 -8.07751846
-4.95927191 -8.02743244
-4.76439857 -7.75139618
-4.48477030 -7.37669277
-4.17401791 -6.96888256
-3.86242914 -6.56367397
-3.57106590 -6.18045235
-3.32282162 -5.82895613
-3.13501453 -5.51323223
