57.15040970 41.52467346
51.45591354 36.53227997
46.21364975 32.03586578
41.39407349 27.98028946
36.96644211 24.31777954
32.90065002 21.00668144
29.16874313 18.01054573
25.74350166 15.29728317
22.59880066 12.83860874
19.71530914 10.60955143
17.08128929 8.58804703
14.68330002 6.75461149
12.51545906 5.09201288
10.56989956 3.58493423
8.82652378 2.21973205
7.24864578 0.98416513
5.78604603 -0.13282496
4.39779282 -1.14125848
3.06901407 -2.05030465
1.80961514 -2.86833858
0.64090645 -3.60307455
-0.41811317 -4.26159191
-1.35724342 -4.85040617
-2.17586303 -5.37552786
-2.88012242 -5.84247828
-3.47990346 -6.25634050
-3.98719692 -6.62176228
-4.41366529 -6.94302845
-4.77036047 -7.22405577
-5.06746054 -7.46843910
-5.31384611 -7.67946339
-5.51672745 -7.86011934
-5.68179321 -8.01316357
-5.81381130 -8.14109802
-5.91641283 -8.24620724
-5.99250555 -8.33060646
-6.04787207 -8.39621353
-6.08681250 -8.44480133
-6.09270096 -8.45262051
-6.09796858 -8.45983315
-6.10262060 -8.46645832
-6.10666513 -8.47249508
-6.11010933 -8.47797203
-6.11295700 -8.48289394
-6.11521530 -8.48726463
-6.11688948 -8.49110508
-6.11798620 -8.49441528
-6.11851311 -8.49721909
-6.11847639 -8.49952221
-6.11788130 -8.50133038
-6.11673498 -8.50265598
-6.11504221 -8.50351334
-6.11281061 -8.50390911
-6.11004496 -8.50385284
-6.10675287 -8.50334740
-6.10294151 -8.50241566
-6.09861898 -8.50106049
-6.09379339 -8.49928379
-6.08847237 -8.49710464
-6.08266544 -8.49452591
-6.07637882 -8.49155807
-6.06962204 -8.48821449
-6.06240273 -8.48449230
-6.05472851 -8.48040867
-6.04661846 -8.47596741
-6.03824139 -8.47117901
-6.02965975 -8.46604919
-6.02087402 -8.46058941
-5.97401047 -8.42854309
-5.92244625 -8.38925648
-5.86653805 -8.34354115
-5.80659628 -8.29214954
-5.74297380 -8.23576450
-5.67601442 -8.17503166
-5.60609102 -8.11055660
