-5.87017250 -8.29485321
-5.99901724 -8.43689919
-5.99608707 -8.44240093
-5.95600700 -8.39941406
-5.99608850 -8.44239998
-5.95600605 -8.39941216
-5.99608850 -8.44240093
-5.95600653 -8.39941216
-5.88701582 -8.34311199
-5.89756870 -8.34314346
-5.99608755 -8.44240093
-5.89798164 -8.32764435
-5.95600510 -8.39941311
-5.99608803 -8.44240093
-5.95600605 -8.39941216
-5.91456223 -8.33646584
-5.99608803 -8.44239998
-5.86481285 -8.31344128
-5.88234758 -8.31491184
-5.99901819 -8.43689919
-5.99608755 -8.44240093
-5.85972214 -8.27830696
-5.95600510 -8.39941311
-5.95600605 -8.39941406
-5.89756775 -8.34314346
-5.99608803 -8.44239998
-5.99608755 -8.44240093
-5.99901581 -8.43689919
-5.82042456 -8.25828171
-5.95600605 -8.39941311
-5.85233545 -8.31115150
-5.78186369 -8.23258686
-5.84974051 -8.28990936
-5.81139135 -8.25357628
-5.99608850 -8.44240093
-5.95600510 -8.39941406
-5.99608755 -8.44240093
-5.99608850 -8.44240093
-5.95600605 -8.39941406
-5.99901676 -8.43689919
-5.99608803 -8.44240093
-5.84388351 -8.26764965
-5.95600605 -8.39941311
-5.85233688 -8.31115341
-5.99901772 -8.43689919
-5.99608755 -8.44240093
-5.93111277 -8.36514759
-5.88906050 -8.32898903
-5.99608803 -8.44240093
-5.95600510 -8.39941406
