-5.45277548 -7.66954279
-5.41964674 -7.67679167
-5.45704222 -7.68196774
-5.42926550 -7.68733644
-5.45988989 -7.69244814
-5.43630266 -7.69624424
-5.46133375 -7.70105410
-5.44203377 -7.70356655
-5.46139622 -7.70786619
-5.44649267 -7.70937157
-5.46008253 -7.71295071
-5.44917727 -7.71371269
-5.45738077 -7.71638250
-5.45095110 -7.71665621
-5.45551443 -7.71749687
-5.45140648 -7.71761847
-5.45330524 -7.71822548
-5.45194578 -7.71825171
-5.45075750 -7.71856928
-5.45075750 -7.71856928
-5.44787121 -7.71854305
-5.44896650 -7.71856451
-5.44464970 -7.71814919
-5.44858408 -7.71825933
-5.44109631 -7.71739960
-5.44745111 -7.71765232
-5.43300200 -7.71486092
-5.44365072 -7.71556520
-5.42360353 -7.71097660
-5.43853474 -7.71234703
-5.41294384 -7.70580864
-5.43251944 -7.70806122
-5.40130138 -7.69941044
-5.42554474 -7.70275545
-5.38873434 -7.69183683
-5.41714239 -7.69647312
-5.37527847 -7.68313932
-5.40767908 -7.68926239
-5.45075750 -7.71873379
-5.40914345 -7.66145992
-5.41401434 -7.67552614
-5.42178869 -7.72693634
-5.40770388 -7.74440765
-5.39714527 -7.74071407
-5.38986826 -7.72766972
