-5.33949375 -7.72984028
-5.71437311 -8.07987404
-5.53402710 -7.90407562
-5.80646133 -8.17518616
-5.69483662 -8.05183983
-5.88276100 -8.25534821
-5.82386827 -8.17550659
-5.94444704 -8.32174110
-5.92406225 -8.27724266
-5.99306536 -8.37580967
-5.99904203 -8.35903454
-6.03029394 -8.41912651
-6.05241442 -8.42270947
-6.05860472 -8.45351887
-6.08730650 -8.46993065
-6.08344650 -8.48120880
-6.09235096 -8.47753716
-6.08792543 -8.48615456
-6.09681702 -8.48456001
-6.09243917 -8.49094486
-6.10072136 -8.49100876
-6.10550547 -8.49397469
-6.10407829 -8.49689674
-6.10807467 -8.49937820
-6.10690451 -8.50223160
-6.11022425 -8.50427437
-6.10921049 -8.50702858
-6.11188412 -8.50867653
-6.11101007 -8.51129532
-6.11318684 -8.51259422
-6.11231470 -8.51504326
-6.11399889 -8.51603317
-6.11313725 -8.51828003
-6.11446667 -8.51900673
-6.11348438 -8.52102089
-6.11449862 -8.52152538
-6.11336136 -8.52327442
-6.11402988 -8.52359581
-6.11278009 -8.52504539
-6.11323643 -8.52522850
-6.11175203 -8.52634907
-6.11200285 -8.52643108
-6.11028719 -8.52719402
-6.11042404 -8.52721596
-6.10839367 -8.52758980
-6.10839367 -8.52758980
-6.10607719 -8.52754307
-6.10596800 -8.52755833
-6.10334635 -8.52706337
-6.10325718 -8.52713776
-6.10020542 -8.52616310
-6.10009050 -8.52633095
-6.09666204 -8.52484703
-6.09655428 -8.52514553
-6.09272146 -8.52312565
-6.09274912 -8.52359581
-6.08840942 -8.52100563
-6.08863640 -8.52168083
-6.08374357 -8.51849842
-6.08421707 -8.51941681
-6.07872391 -8.51561165
-6.07953596 -8.51680946
-6.07335615 -8.51235199
-6.07451630 -8.51386452
-6.06764269 -8.50872612
-6.06925154 -8.51059055
-6.06158447 -8.50474358
-6.06366396 -8.50699520
-6.05518627 -8.50041389
-6.05775595 -8.50308609
-6.04844999 -8.49574089
-6.05158567 -8.49886894
-6.04137754 -8.49073410
-6.04511070 -8.49435234
-6.03397226 -8.48540115
-6.03834915 -8.48954582
-5.99203730 -8.45407486
-6.00035954 -8.46136284
-5.94218588 -8.41560555
-5.95537329 -8.42687988
-5.88675165 -8.37078190
-5.90445995 -8.38690758
-5.82770920 -8.32032871
-5.83679867 -8.34292126
-5.76634121 -8.26491356
-5.78814411 -8.30002308
-5.70288372 -8.20515537
-5.74536371 -8.25928020
-5.63788509 -8.14162922
-5.70024204 -8.22034550
