-5.14825249 -7.66027927
-5.07597733 -7.58486271
-5.16686440 -7.66870356
-5.20564890 -7.76639700
-5.15418386 -7.67388535
-5.21528530 -7.76860189
-5.13208771 -7.67221165
-5.18700504 -7.70494699
-5.19342995 -7.67612219
-5.21343613 -7.72848988
-5.16963911 -7.69962025
-5.16340637 -7.66362238
-5.13103676 -7.63824701
-5.21419144 -7.74816656
-5.16872215 -7.66643238
-5.22734547 -7.72308254
-5.19376993 -7.75887156
-5.17985153 -7.71445179
-5.19026804 -7.71919727
-5.24393988 -7.80141926
-5.11111593 -7.64562368
-5.14306259 -7.66034842
-5.15169859 -7.60874939
-5.15735435 -7.68754482
-5.10396004 -7.63034534
-5.25140238 -7.80135250
-5.21331358 -7.75544214
-5.22633028 -7.72883463
-5.18427992 -7.68804026
-5.14195585 -7.60903263
-5.14339018 -7.65574932
-5.09598207 -7.60239553
-5.20865870 -7.70738220
-5.25552177 -7.71832371
-5.14247704 -7.64649343
-5.17147255 -7.70083523
-5.22094917 -7.73106289
-5.19048452 -7.71027660
-5.23179960 -7.72403860
-5.20419741 -7.67471838
-5.18638468 -7.68256664
-5.21374607 -7.72356129
-5.22570562 -7.68246937
-5.19442844 -7.73068619
-5.19948483 -7.73339939
-5.21361923 -7.71113110
-5.19255209 -7.67604160
-5.12724495 -7.59272528
-5.19667578 -7.70352173
-5.19602776 -7.71528625
