-6.07030725 -8.27335548
-6.07416105 -8.29243279
-6.07830524 -8.28696156
-6.07898760 -8.30094528
-6.08373404 -8.29843330
-6.08222771 -8.30820751
-6.08672905 -8.30785275
-6.08405352 -8.31424046
-6.08741570 -8.31530190
-6.08425713 -8.31907558
-6.08591175 -8.32085800
-6.08313465 -8.32273388
-6.08233404 -8.32459354
-6.08045626 -8.32524681
-6.07980013 -8.32580185
-6.07846594 -8.32608700
-6.07681942 -8.32658195
-6.07616901 -8.32665062
-6.07341862 -8.32693768
-6.07342148 -8.32693768
-6.06960583 -8.32688713
-6.07049847 -8.32695770
-6.06539536 -8.32643223
-6.06726599 -8.32671070
-6.06083250 -8.32558060
-6.06377363 -8.32619858
-6.05080748 -8.32272816
-6.05646372 -8.32440948
-6.03964996 -8.31838894
-6.04805183 -8.32160950
-6.02737665 -8.31262875
-6.03858900 -8.31783295
-6.01400805 -8.30550480
-6.02833891 -8.31309986
-5.99957132 -8.29707241
-6.01704502 -8.30744076
-5.98408461 -8.28739262
-6.00486803 -8.30088615
