-5.31044340 -7.65275478
-5.56613159 -7.96038961
-5.59550571 -7.98363781
-5.66937923 -8.06444359
-5.72819090 -8.12706089
-5.77057695 -8.17535591
-5.79386377 -8.19362831
-5.80175018 -8.20446110
-5.80693197 -8.21011448
-5.81342173 -8.21375275
-5.35539103 -7.73210764
-5.60275459 -7.99654865
-5.63491774 -8.02832413
-5.68514156 -8.09100628
-5.74609089 -8.15634346
-5.77898598 -8.19789600
-5.80455399 -8.22686958
-5.81918573 -8.23807240
-5.83128548 -8.24952030
-5.84027052 -8.25682545
-5.30251884 -7.68709946
-5.53924036 -7.97684860
-5.57493448 -8.00385857
-5.64334631 -8.07675076
-5.71544647 -8.15584373
-5.75264311 -8.20174503
-5.78709316 -8.23368645
-5.78535604 -8.23488235
-5.77602863 -8.23623562
-5.79164743 -8.23977566
-5.23173189 -7.60941601
-5.44838524 -7.87438059
-5.46679926 -7.89968014
-5.54059505 -7.98079062
-5.57809258 -8.03355885
-5.63988781 -8.09897137
-5.68312025 -8.14063835
-5.68530941 -8.14704704
-5.68843365 -8.15874672
-5.69250870 -8.16925526
-5.18420982 -7.55989313
-5.38867140 -7.83331919
-5.41714334 -7.84919453
-5.49397659 -7.94371414
-5.58403969 -8.04407310
-5.64481544 -8.12108803
-5.68630505 -8.16731071
-5.69178247 -8.17094707
-5.69041348 -8.17912483
-5.70440054 -8.18923569
-5.12630272 -7.53602982
-5.38527346 -7.83757639
-5.43695116 -7.88649750
-5.49698019 -7.97109699
-5.53488541 -8.03005791
-5.59448528 -8.10208702
-5.62676334 -8.13321495
-5.64578819 -8.14802742
-5.65334463 -8.15499210
-5.66496086 -8.16259575
-5.11296463 -7.52919292
-5.33166361 -7.78300858
-5.36302280 -7.82417965
-5.43649006 -7.91059637
-5.48538494 -7.96803951
-5.54235888 -8.03823662
-5.58876657 -8.08818150
-5.61187506 -8.10892773
-5.61858940 -8.11859894
-5.64122963 -8.12996101
