-6.08671904 -8.44499207
-6.05029202 -8.40667725
-6.04988718 -8.40255642
-6.03924704 -8.39166355
-6.04149437 -8.39542103
-6.03429556 -8.38878918
-6.00795078 -8.36329460
-5.98722267 -8.34385109
-5.97823429 -8.33033943
-5.96690893 -8.32062149
-6.11281013 -8.50413132
-6.07395887 -8.46301460
-6.07449055 -8.46454811
-6.06393003 -8.45627403
-6.05818415 -8.44979858
-6.05145407 -8.44278240
-6.03859043 -8.42780685
-6.03039455 -8.41576958
-6.00480890 -8.39206600
-5.98847532 -8.37675190
-6.02033424 -8.46086502
-5.98489237 -8.41559505
-5.98155212 -8.41561508
-5.98155499 -8.41702557
-5.97508192 -8.40435982
-5.96386147 -8.39378548
-5.95655060 -8.39031506
-5.95008755 -8.37358570
-5.93448782 -8.36178970
-5.91002226 -8.33765602
