55.40373230 39.57064438
50.18804550 34.75308228
45.25667953 30.41629601
40.65216827 26.50750351
36.42306137 22.98060989
32.55511475 19.79513931
29.00270271 16.91550064
25.73306656 14.31026649
22.71930313 11.95169926
19.93583298 9.81528378
17.35800552 7.87937689
14.96457958 6.12477684
12.74270344 4.53447819
10.68372154 3.09338331
8.78049564 1.78801215
7.02181101 0.60631776
5.39001560 -0.46251407
3.86887598 -1.42820728
2.45600367 -2.29956913
1.16350138 -3.08459139
0.00838274 -3.79055214
-0.99732709 -4.42410898
-1.85248625 -4.99136114
-2.56805468 -5.49790096
-3.16509223 -5.94887543
-3.66783047 -6.34902906
-4.09731770 -6.70272589
-4.46870899 -7.01398087
-4.79169178 -7.28648853
-5.07225037 -7.52364588
-5.31413841 -7.72857428
-5.52002573 -7.90414190
-5.69198084 -8.05297184
-5.83176708 -8.17746639
-5.94133568 -8.27983475
-6.02311039 -8.36209393
-6.08115339 -8.42609215
-6.11896515 -8.47352791
-6.12433147 -8.48116398
-6.12901068 -8.48821068
-6.13302469 -8.49468422
-6.13638592 -8.50058937
-6.13913679 -8.50594139
-6.14131069 -8.51074982
-6.14292240 -8.51502705
-6.14398670 -8.51878166
-6.14451504 -8.52202511
-6.14452171 -8.52476883
-6.14402199 -8.52701855
-6.14302588 -8.52879238
-6.14154291 -8.53009224
-6.13958216 -8.53093147
-6.13715363 -8.53131866
-6.13426733 -8.53126431
-6.13093328 -8.53077412
-6.12716103 -8.52986240
-6.12295961 -8.52853394
-6.11833811 -8.52680111
-6.11330509 -8.52466583
-6.10786963 -8.52214336
-6.10205889 -8.51923943
-6.09595108 -8.51596069
-6.08958006 -8.51231670
-6.08294678 -8.50831699
-6.07605839 -8.50396347
-6.06891870 -8.49926949
-6.06153107 -8.49424553
-6.05390072 -8.48888969
-6.01224232 -8.45745659
-5.96510553 -8.41888618
-5.91293287 -8.37397575
-5.85651255 -8.32345390
-5.79635954 -8.26798916
-5.73440075 -8.20821762
-5.67079067 -8.14470577
