-189.67584406 0.00000000 0.00000000 -84.54770660 0.00000000 0.00000000
189.67584406 0.00000000 0.00000000 84.54770660 -0.00000000 -0.00000000
-118.98074707 0.00000000 0.00000000 -58.53168106 0.00000000 -0.00000000
118.98074707 0.00000000 0.00000000 58.53168106 -0.00000000 0.00000000
-72.25833511 0.00000000 0.00000000 -42.73842621 0.00000000 0.00000000
72.25833511 0.00000000 0.00000000 42.73842621 -0.00000000 -0.00000000
-43.61968603 0.00000000 0.00000000 -31.45967102 -0.00000000 0.00000000
43.61968603 0.00000000 0.00000000 31.45967102 0.00000000 -0.00000000
-26.86205661 0.00000000 0.00000000 -22.70715904 -0.00000000 0.00000000
26.86205661 0.00000000 0.00000000 22.70715904 0.00000000 -0.00000000
-16.79927755 0.00000000 0.00000000 -15.74852657 -0.00000000 -0.00000000
16.79927755 0.00000000 0.00000000 15.74852657 0.00000000 0.00000000
-10.18355921 0.00000000 0.00000000 -10.38501835 -0.00000000 -0.00000000
10.18355921 0.00000000 0.00000000 10.38501835 0.00000000 0.00000000
-5.57729309 0.00000000 0.00000000 -6.55656290 -0.00000000 -0.00000000
5.57729309 0.00000000 0.00000000 6.55656290 0.00000000 0.00000000
-4.23589231 0.00000000 0.00000000 -4.01034784 -0.00000000 -0.00000000
4.23589231 0.00000000 0.00000000 4.01034784 0.00000000 0.00000000
-2.85504031 0.00000000 0.00000000 -2.31700110 -0.00000000 0.00000000
2.85504031 0.00000000 0.00000000 2.31700110 0.00000000 -0.00000000
-1.73756767 0.00000000 0.00000000 -1.15715098 0.00000000 -0.00000000
1.73756767 0.00000000 0.00000000 1.15715098 -0.00000000 0.00000000
-0.94762486 0.00000000 0.00000000 -0.53713202 0.00000000 -0.00000000
0.94762486 0.00000000 0.00000000 0.53713202 -0.00000000 0.00000000
-0.43687081 0.00000000 0.00000000 -0.32962099 -0.00000000 0.00000000
0.43687081 0.00000000 0.00000000 0.32962099 0.00000000 -0.00000000
-0.12602627 0.00000000 0.00000000 -0.19873799 -0.00000000 -0.00000000
0.12602627 0.00000000 0.00000000 0.19873799 0.00000000 0.00000000
0.05527512 0.00000000 0.00000000 -0.11174600 -0.00000000 0.00000000
-0.05527512 0.00000000 0.00000000 0.11174600 0.00000000 -0.00000000
0.15621119 0.00000000 0.00000000 -0.04694200 0.00000000 0.00000000
-0.15621119 0.00000000 0.00000000 0.04694200 -0.00000000 -0.00000000
0.20731132 0.00000000 0.00000000 0.01063100 -0.00000000 -0.00000000
-0.20731132 0.00000000 0.00000000 -0.01063100 0.00000000 0.00000000
0.22744501 0.00000000 0.00000000 0.06896100 -0.00000000 -0.00000000
-0.22744501 0.00000000 0.00000000 -0.06896100 0.00000000 0.00000000
0.22912761 0.00000000 0.00000000 0.13624600 -0.00000000 -0.00000000
-0.22912761 0.00000000 0.00000000 -0.13624600 0.00000000 0.00000000
0.22079594 0.00000000 0.00000000 0.25679401 -0.00000000 0.00000000
-0.22079594 0.00000000 0.00000000 -0.25679401 0.00000000 -0.00000000
0.20745770 0.00000000 0.00000000 0.37667000 -0.00000000 0.00000000
-0.20745770 0.00000000 0.00000000 -0.37667000 0.00000000 -0.00000000
0.19138428 0.00000000 0.00000000 0.46652901 -0.00000000 0.00000000
-0.19138428 0.00000000 0.00000000 -0.46652901 0.00000000 -0.00000000
0.17337520 0.00000000 0.00000000 0.53225702 -0.00000000 -0.00000000
-0.17337520 0.00000000 0.00000000 -0.53225702 0.00000000 0.00000000
0.15408980 0.00000000 0.00000000 0.57849801 -0.00000000 0.00000000
-0.15408980 0.00000000 0.00000000 -0.57849801 0.00000000 -0.00000000
0.13473847 0.00000000 0.00000000 0.60899597 -0.00000000 0.00000000
-0.13473847 0.00000000 0.00000000 -0.60899597 0.00000000 -0.00000000
0.11692411 0.00000000 0.00000000 0.62684900 -0.00000000 -0.00000000
-0.11692411 0.00000000 0.00000000 -0.62684900 0.00000000 0.00000000
0.10201295 0.00000000 0.00000000 0.63452703 -0.00000000 0.00000000
-0.10201295 0.00000000 0.00000000 -0.63452703 0.00000000 -0.00000000
0.09061629 0.00000000 0.00000000 0.63413501 0.00000000 0.00000000
-0.09061629 0.00000000 0.00000000 -0.63413501 -0.00000000 -0.00000000
0.08253776 0.00000000 0.00000000 0.62735999 -0.00000000 -0.00000000
-0.08253776 0.00000000 0.00000000 -0.62735999 0.00000000 0.00000000
0.07711942 0.00000000 0.00000000 0.61564898 -0.00000000 0.00000000
-0.07711942 0.00000000 0.00000000 -0.61564898 0.00000000 -0.00000000
0.07366246 0.00000000 0.00000000 0.60016102 0.00000000 -0.00000000
-0.07366246 0.00000000 0.00000000 -0.60016102 -0.00000000 0.00000000
0.07162860 0.00000000 0.00000000 0.58183300 -0.00000000 -0.00000000
-0.07162860 0.00000000 0.00000000 -0.58183300 0.00000000 0.00000000
0.07056687 0.00000000 0.00000000 0.56144297 0.00000000 0.00000000
-0.07056687 0.00000000 0.00000000 -0.56144297 -0.00000000 -0.00000000
0.06994062 0.00000000 0.00000000 0.53957701 -0.00000000 -0.00000000
-0.06994062 0.00000000 0.00000000 -0.53957701 0.00000000 0.00000000
0.06907812 0.00000000 0.00000000 0.51669401 -0.00000000 0.00000000
-0.06907812 0.00000000 0.00000000 -0.51669401 0.00000000 -0.00000000
0.06733270 0.00000000 0.00000000 0.49323499 0.00000000 0.00000000
-0.06733270 0.00000000 0.00000000 -0.49323499 -0.00000000 -0.00000000
0.06434204 0.00000000 0.00000000 0.46948999 -0.00000000 -0.00000000
-0.06434204 0.00000000 0.00000000 -0.46948999 0.00000000 0.00000000
0.06018039 0.00000000 0.00000000 0.44579199 -0.00000000 -0.00000000
-0.06018039 0.00000000 0.00000000 -0.44579199 0.00000000 0.00000000
-122.69937642 0.00000000 0.00000000 -70.82726288 -0.00000000 0.00000000
122.69937642 0.00000000 0.00000000 70.82726288 0.00000000 -0.00000000
-68.71369946 0.00000000 0.00000000 -38.28562927 -0.00000000 0.00000000
68.71369946 0.00000000 0.00000000 38.28562927 0.00000000 0.00000000
-33.41868157 0.00000000 0.00000000 -20.34621429 -0.00000000 0.00000000
33.41868157 0.00000000 0.00000000 20.34621429 0.00000000 -0.00000000
-15.11580488 0.00000000 0.00000000 -9.93836784 -0.00000000 0.00000000
15.11580488 0.00000000 0.00000000 9.93836784 0.00000000 -0.00000000
-5.65656880 0.00000000 0.00000000 -3.63007903 -0.00000000 0.00000000
5.65656880 0.00000000 0.00000000 3.63007903 0.00000000 -0.00000000
-1.18175746 0.00000000 0.00000000 0.09582100 -0.00000000 -0.00000000
1.18175746 0.00000000 0.00000000 -0.09582100 0.00000000 0.00000000
0.67747900 0.00000000 0.00000000 2.06873107 -0.00000000 -0.00000000
-0.67747900 0.00000000 0.00000000 -2.06873107 0.00000000 0.00000000
1.64528320 0.00000000 0.00000000 2.51074100 -0.00000000 0.00000000
-1.64528320 0.00000000 0.00000000 -2.51074100 0.00000000 -0.00000000
2.39793217 0.00000000 0.00000000 2.57875109 -0.00000000 -0.00000000
-2.39793217 0.00000000 0.00000000 -2.57875109 0.00000000 0.00000000
-274.63802446 0.00000000 0.00000000 -257.06015015 -0.00000000 0.00000000
274.63802446 0.00000000 0.00000000 257.06015015 0.00000000 -0.00000000
-204.00420466 0.00000000 0.00000000 -183.09696960 -0.00000000 0.00000000
204.00420466 0.00000000 0.00000000 183.09696960 0.00000000 -0.00000000
-100.15333771 0.00000000 0.00000000 -90.70170593 -0.00000000 -0.00000000
100.15333771 0.00000000 0.00000000 90.70170593 0.00000000 0.00000000
-36.83317751 0.00000000 0.00000000 -41.82205582 -0.00000000 0.00000000
36.83317751 0.00000000 0.00000000 41.82205582 0.00000000 -0.00000000
-12.41450193 0.00000000 0.00000000 -15.93924522 -0.00000000 -0.00000000
12.41450193 0.00000000 0.00000000 15.93924522 0.00000000 0.00000000
-2.01486112 0.00000000 0.00000000 -2.63873696 0.00000000 0.00000000
2.01486112 0.00000000 0.00000000 2.63873696 0.00000000 -0.00000000
2.56607378 0.00000000 0.00000000 3.83926105 0.00000000 -0.00000000
-2.56607378 0.00000000 0.00000000 -3.83926105 -0.00000000 0.00000000
4.96618980 0.00000000 0.00000000 6.79877615 0.00000000 -0.00000000
-4.96618980 0.00000000 0.00000000 -6.79877615 -0.00000000 0.00000000
6.03895405 0.00000000 0.00000000 7.98104382 0.00000000 0.00000000
-6.03895405 0.00000000 0.00000000 -7.98104382 -0.00000000 -0.00000000
6.29620878 0.00000000 0.00000000 8.21636200 0.00000000 -0.00000000
-6.29620878 0.00000000 0.00000000 -8.21636200 -0.00000000 0.00000000
6.10193504 0.00000000 0.00000000 7.92953587 -0.00000000 0.00000000
-6.10193504 0.00000000 0.00000000 -7.92953587 0.00000000 -0.00000000
5.47260824 0.00000000 0.00000000 7.36817408 0.00000000 -0.00000000
-5.47260824 0.00000000 0.00000000 -7.36817408 -0.00000000 0.00000000
4.39515223 0.00000000 0.00000000 6.67886496 -0.00000000 -0.00000000
-4.39515223 0.00000000 0.00000000 -6.67886496 0.00000000 0.00000000
3.11320672 0.00000000 0.00000000 5.94832516 0.00000000 0.00000000
-3.11320672 0.00000000 0.00000000 -5.94832516 -0.00000000 -0.00000000
