-0.16043073 0.19170066 0.33525560 0.10184300 0.34666601 -0.04747600
-0.60127490 1.01917987 -1.18058731 -0.18641500 0.67521697 -0.91277200
-0.11869892 0.04958064 -0.12299954 -0.31384099 0.35812300 0.01969500
-0.77554898 0.58898146 -0.14410932 -0.28529099 0.33128700 -0.10528500
0.20516155 -0.69497817 0.36646445 -0.09996500 -0.76436800 0.00219800
0.45404112 0.32447409 -0.28755627 0.04553300 -0.09677100 -0.05434400
-0.20004012 -0.04580194 -0.19924994 -0.35707000 -0.10385800 0.14437900
0.23556639 -0.65278463 0.10411502 0.26150101 -0.28750899 0.24652700
-0.73667220 -0.14095837 0.60923998 -0.12388700 -0.06595300 0.30705601
0.00898758 -0.02574360 0.38645898 0.19480000 -0.17247801 0.20367301
0.27728441 0.62623723 0.17808207 0.27273101 0.29175901 0.12310000
0.13833711 -0.68528334 -0.85933279 0.13696900 -0.38120201 -0.31790200
0.93167986 -0.45935060 -0.33326362 0.08795900 -0.19569001 -0.09213700
0.16544801 0.20031584 0.51558926 0.01146900 -0.23777901 0.13674900
0.15554788 0.04886870 0.59235356 0.09013900 -0.13738000 -0.09404700
-0.46455705 -0.75134302 -0.04262618 -0.50430602 -0.07300800 0.22856601
-0.29624995 0.18209505 0.79706479 0.15513501 0.20396100 0.33819300
0.77920342 0.35546853 -0.22742943 0.56872600 0.32105401 -0.03328300
-0.17547440 -0.32123223 -0.00062964 -0.06224900 -0.08654700 0.13739800
0.17768992 0.19057384 -0.48683966 0.00621800 0.07447500 -0.23028600
0.74675046 0.74674997 -0.74675752 0.24884200 0.24903300 -0.24867900
-0.74675005 -0.74676434 -0.74676193 -0.24893300 -0.24890999 -0.24866600
-0.21445772 0.21446622 0.21445753 -0.37288201 0.37294501 0.37286401
-0.74677367 0.74674112 0.74676341 -0.24902099 0.24900199 0.24907701
-0.21448361 -0.21446153 -0.21447437 -0.37277299 -0.37303999 -0.37277901
0.21445594 -0.21446388 0.21446394 0.37296200 -0.37304801 0.37271500
0.74675159 -0.74676808 0.74674123 0.24883500 -0.24891900 0.24865200
0.21447327 0.21447120 -0.21445263 0.37300199 0.37284401 -0.37282500
0.32766345 0.12946883 -1.04823673 0.25970301 -0.25778100 -0.28521600
-1.04820090 0.32768690 0.12948930 -0.28512299 0.25960100 -0.25787899
-0.12946825 1.04821384 0.32768501 0.25784799 0.28506699 0.25963700
-0.12942495 -1.04823782 -0.32769867 0.25779799 -0.28521001 -0.25966001
0.12946781 1.04821956 -0.32767077 -0.25784400 0.28510001 -0.25964999
1.04819588 -0.32767004 0.12948594 0.28522301 -0.25976801 -0.25772101
-0.32766876 0.12949343 1.04822692 -0.25966901 -0.25777900 0.28508499
0.32768011 -0.12949609 1.04818167 0.25963101 0.25800100 0.28502101
-0.32766283 -0.12946966 -1.04820370 -0.25965500 0.25785500 -0.28514701
0.12944104 -1.04821398 0.32767963 -0.25782099 -0.28513300 0.25959599
-1.04817273 -0.32766729 -0.12948613 -0.28515801 -0.25955501 0.25776201
1.04818392 0.32770164 -0.12943210 0.28503501 0.25969499 0.25781301
-0.00001589 0.00013818 0.00013232 0.00003800 0.00010600 0.00015200
-0.12748303 -0.59838532 0.09629582 -0.00487300 -0.25426900 -0.26546100
0.12749409 0.59833360 -0.09634658 0.00484700 0.25447601 0.26550600
0.00001252 0.00002030 0.00002758 0.00005100 0.00010000 0.00013700
0.09629477 0.12750942 0.59829779 -0.26520899 0.00480600 0.25426000
0.59833283 -0.09633266 -0.12760206 0.25447601 0.26518199 -0.00481800
-0.59830774 0.09632911 0.12756887 -0.25432700 -0.26539999 0.00464500
-0.09625032 -0.12747958 -0.59834897 0.26520500 -0.00474600 -0.25431100
-0.61807549 0.75076432 -0.47026434 -0.16294999 0.44954500 -0.35710800
0.75073115 -0.47028610 0.61802591 0.44923300 -0.35720700 0.16271000
-0.47031361 0.61802995 -0.75075225 -0.35721999 0.16274300 -0.44953600
0.12562535 -0.42003771 -0.34166620 0.19937301 -0.26402399 -0.14289400
0.47029120 -0.61806902 0.75076401 0.35742199 -0.16310599 0.44960099
-0.42005629 -0.34169624 -0.12566734 -0.26394200 -0.14283000 -0.19927000
0.61810183 -0.75073320 0.47018236 0.16270800 -0.44955701 0.35704100
-0.75070515 0.47016177 -0.61808060 -0.44975001 0.35723799 -0.16291501
0.42001823 0.34161727 0.12570274 0.26381201 0.14282200 0.19959199
-0.12563889 0.42009492 0.34167012 -0.19931000 0.26390699 0.14291000
0.34159319 0.12567425 -0.42000963 0.14307500 0.19963600 -0.26396000
-0.34164875 -0.12565326 0.42007044 -0.14266001 -0.19942100 0.26372001
-0.09569619 -0.90494816 -0.07647251 0.11242500 -0.23072900 0.13223100
0.09567094 0.90496756 0.07647052 -0.11214700 0.23092701 -0.13223200
-0.00004450 0.00001800 -0.00003345 -0.00023500 -0.00006200 -0.00024700
-0.07652201 0.90497115 -0.09568606 0.13220400 0.23095500 0.11239400
0.00004851 0.00001287 0.00012954 -0.00021400 -0.00002100 -0.00015500
0.21129560 0.00007906 0.21130384 -0.06447700 -0.00015600 -0.06454200
0.07649809 -0.90497561 0.09570495 -0.13227101 -0.23071100 -0.11201200
-0.21133808 -0.00002440 -0.21135637 0.06444300 0.00001800 0.06441400
-0.54349688 -0.24015107 -0.34055805 -0.34406799 0.21237899 -0.15082000
-0.30210780 0.36694576 -0.69973551 -0.11459600 0.26344800 -0.32222500
0.30211101 -0.36690093 0.69973522 0.11449500 -0.26332799 0.32210699
0.54343110 0.24017002 0.34053998 0.34419999 -0.21243200 0.15099500
0.28759662 -0.42191138 -0.34039346 0.12303200 -0.32929400 -0.08605600
-0.69980136 -0.36683530 -0.30210348 -0.32221499 -0.26335499 -0.11458700
-0.34055945 0.24016194 -0.54351053 -0.15085401 -0.21248400 -0.34405401
-0.28756455 0.42182005 0.34030323 -0.12297200 0.32939300 0.08615000
-0.34037897 0.42180196 0.28759201 -0.08607400 0.32922500 0.12300600
0.69976247 0.36685875 0.30205886 0.32219499 0.26335299 0.11446400
0.34052283 -0.42190902 -0.28755256 0.08614200 -0.32946000 -0.12300500
0.34057263 -0.24015127 0.54356382 0.15098700 0.21233401 0.34417501
-0.12755753 0.09629823 -0.59832277 -0.00439800 -0.26551899 -0.25451401
-0.00003069 0.00009342 -0.00014279 0.00000300 -0.00002400 0.00008800
0.00012507 0.00018720 -0.00011842 0.00001000 -0.00000300 0.00011900
-0.09629608 -0.59836657 -0.12747002 0.26551300 -0.25458199 -0.00486500
0.59832481 -0.12756101 -0.09626920 0.25453800 -0.00497100 0.26516300
0.12753375 -0.09636292 0.59830846 0.00448700 0.26566800 0.25417501
-0.59829561 0.12754151 0.09633810 -0.25457901 0.00471000 -0.26511300
0.09627509 0.59834222 0.12745583 -0.26557699 0.25444600 0.00493500
-0.34161306 0.41993862 -0.12564481 -0.14298099 0.26388800 -0.19939101
0.34162495 -0.42014664 0.12567877 0.14300101 -0.26383600 0.19937800
-0.12571318 0.34166773 0.42006784 -0.19936800 0.14292599 0.26387000
0.12563638 -0.34160757 -0.41998798 0.19938700 -0.14291100 -0.26391101
0.41986418 0.12567325 0.34157151 0.26387599 0.19925900 0.14286000
0.61809383 0.47016018 -0.75070721 0.16286901 0.35727701 -0.44960400
-0.61802994 -0.47029357 0.75071646 -0.16295999 -0.35725400 0.44960499
0.47032253 0.75073085 -0.61806856 0.35735300 0.44974300 -0.16293800
-0.47027956 -0.75073547 0.61804203 -0.35722700 -0.44969699 0.16302601
-0.41994165 -0.12566970 -0.34159042 -0.26386201 -0.19925600 -0.14290901
0.75075331 0.61813061 -0.47015564 0.44977099 0.16292800 -0.35738400
-0.75079660 -0.61802037 0.47029882 -0.44985399 -0.16279300 0.35741001
-0.00001466 0.00000018 0.00001743 -0.00002000 0.00003900 -0.00025100
-0.09571658 0.07654422 0.90496411 0.11206100 -0.13193500 0.23098700
0.21134659 -0.21136338 -0.00004551 -0.06409300 0.06414900 -0.00004900
0.07652853 -0.09569722 0.90498187 -0.13204999 0.11215100 0.23102100
-0.21135124 0.21133535 -0.00005208 0.06430900 -0.06411600 -0.00008800
0.00003652 -0.00005557 -0.00000991 0.00000600 0.00000600 -0.00026800
0.09567771 -0.07652504 -0.90494101 -0.11241800 0.13204101 -0.23063099
-0.07653866 0.09568086 -0.90497942 0.13210300 -0.11245700 -0.23064999
0.30206673 -0.69971982 0.36688279 0.11467300 -0.32201201 0.26340801
0.69973978 -0.30209094 -0.36691969 0.32212499 -0.11466300 -0.26337799
-0.54350615 0.34054381 0.24014065 -0.34398600 0.15089600 -0.21254499
0.28758817 0.34053425 0.42192574 0.12312100 0.08613000 0.32942599
-0.34042582 -0.28761394 -0.42183085 -0.08610200 -0.12311600 -0.32933700
-0.34050551 0.54348233 -0.24011373 -0.15094000 0.34399301 0.21241100
-0.28759875 -0.34048649 -0.42188618 -0.12309800 -0.08610800 -0.32931200
0.34048381 -0.54353229 0.24007865 0.15085800 -0.34399000 -0.21254700
-0.69979040 0.30212001 0.36686137 -0.32204300 0.11471400 0.26340401
0.54352389 -0.34050990 -0.24009894 0.34403801 -0.15092100 0.21239901
0.34056371 0.28761780 0.42193491 0.08610100 0.12313700 0.32939899
-0.30210767 0.69973578 -0.36691020 -0.11464600 0.32206601 -0.26339999
0.12750973 -0.09635636 -0.59831417 0.00459600 0.26521599 -0.25446099
-0.12748816 0.09627631 0.59837123 -0.00473000 -0.26550800 0.25449699
0.59832991 -0.12752282 0.09631544 0.25427100 -0.00485500 -0.26567999
-0.00007352 -0.00007291 -0.00006725 -0.00003200 -0.00005600 -0.00004100
0.09626250 0.59835833 -0.12747457 -0.26515201 0.25423101 -0.00454500
-0.59831301 0.12749575 -0.09628797 -0.25436199 0.00506000 0.26569399
-0.09627655 -0.59833689 0.12748109 0.26523101 -0.25440001 0.00457000
0.00005505 0.00003519 -0.00001094 -0.00005700 -0.00005500 0.00000400
0.61808139 0.47022776 0.75073779 0.16285700 0.35723701 0.44978100
0.47024936 0.75077380 0.61805184 0.35737601 0.44953701 0.16281600
-0.34165489 0.42005777 0.12567842 -0.14306299 0.26407999 0.19933400
-0.42002991 -0.12571019 0.34159177 -0.26377699 -0.19950201 0.14284199
-0.47015610 -0.75071467 -0.61804816 -0.35741299 -0.44950199 -0.16293301
-0.12567948 0.34163022 -0.42007403 -0.19940700 0.14283600 -0.26386401
-0.61804831 -0.47022081 -0.75072606 -0.16273899 -0.35708001 -0.44952300
0.75073340 0.61805577 0.47023830 0.44974399 0.16296899 0.35724801
-0.75070137 -0.61804878 -0.47017494 -0.44942001 -0.16289701 -0.35713500
0.12566128 -0.34159943 0.41998404 0.19931801 -0.14286400 0.26390299
0.34156265 -0.41998591 -0.12566080 0.14276400 -0.26380101 -0.19941300
0.41997603 0.12565786 -0.34161104 0.26399601 0.19935399 -0.14309300
-0.90496086 0.09571944 -0.07654401 -0.23074600 -0.11216900 0.13193300
-0.00001442 -0.00010184 0.00004330 0.00021300 0.00007900 -0.00003800
0.00005412 -0.21133865 0.21137045 -0.00010200 0.06419500 -0.06432700
-0.00000666 -0.00012278 0.00008461 0.00018600 0.00009400 -0.00000800
0.90495320 -0.09574064 0.07650228 0.23060800 0.11237100 -0.13198000
0.90497937 0.07653788 -0.09569438 0.23054799 -0.13201000 0.11231200
-0.90500485 -0.07651477 0.09568320 -0.23073800 0.13203999 -0.11228700
0.00005743 0.21141200 -0.21129071 0.00005700 -0.06451600 0.06442500
0.42184492 0.34038146 0.28753826 0.32914600 0.08617900 0.12307500
-0.24019171 0.54342129 -0.34054797 0.21241000 0.34394401 -0.15096100
-0.42191176 -0.34033957 -0.28760674 -0.32933599 -0.08621200 -0.12305000
0.36687749 -0.69975596 0.30209488 0.26327601 -0.32209501 0.11450300
-0.42193126 -0.28758339 -0.34050901 -0.32916901 -0.12307500 -0.08615600
0.42186839 0.28757757 0.34045405 0.32931799 0.12304800 0.08620700
0.36690985 0.30210197 -0.69974429 0.26333499 0.11455100 -0.32212600
-0.24018065 -0.34054650 0.54343458 0.21242900 -0.15091300 0.34399799
0.24019204 -0.54337398 0.34057587 -0.21237101 -0.34409800 0.15096000
-0.36688075 -0.30208031 0.69973513 -0.26333201 -0.11449000 0.32207200
-0.36684372 0.69976525 -0.30209911 -0.26330000 0.32211700 -0.11456300
0.24018985 0.34058151 -0.54348040 -0.21243100 0.15095900 -0.34399101
-0.73997061 0.68059869 0.11230627 -0.14517400 0.46727100 -0.26294899
0.21704302 -0.13372042 -0.27521996 0.01924700 -0.11890600 -0.11508700
-0.77658023 0.10974927 -0.36927906 -0.38252100 0.46822101 -0.26556900
-0.03631600 -0.12995911 -0.46962137 0.38367099 0.09783200 -0.14433900
0.21936147 -0.13058546 0.10331379 -0.08604200 -0.53353202 0.09293200
0.63770974 0.36350305 -0.06981146 0.39344901 -0.14515400 0.16426601
0.15978718 -0.25515764 -0.09341226 0.30972499 -0.39872500 -0.21844400
-0.29995397 0.81283443 0.24855009 -0.24038000 0.50840098 0.96609300
0.12216810 0.14777731 -0.25894164 -0.20100100 0.15230100 0.29294699
-0.05145211 0.38224290 0.73378358 0.12588400 0.12585700 -0.11423600
-0.04140056 -0.08743782 0.97334565 -0.29511401 -0.23460400 0.58073598
-0.35217936 -0.86076753 0.66501751 -0.20107201 -0.47287700 0.13344900
0.12464414 0.09320103 -0.46177878 0.06176500 -0.01178300 0.23794600
0.36591019 0.08802780 0.10045888 0.11372000 -0.12134600 -0.27336800
0.36823201 0.43138673 -0.50267139 0.24853700 0.09950900 -0.05141200
0.41096823 -0.57040164 -0.83607588 0.03004800 -0.38710499 -0.67451102
0.59012382 -0.42343199 0.20873704 0.58761400 -0.11851100 -0.01316600
-0.04605405 -0.75531691 0.05637280 -0.19892099 -0.07124200 -0.18751000
-0.67882938 0.55325770 0.54276150 -0.51380903 0.62049699 0.24471401
-0.19321162 -0.31580038 -0.40783531 -0.00962600 0.07389800 -0.39249000
0.24439203 -0.93905478 0.55800992 0.16648801 -0.56337702 0.19805400
-0.95342894 -0.27912787 0.35062956 -0.50616598 -0.22288901 0.03259900
0.02980692 0.60839413 -0.08340365 -0.08555000 0.48979199 0.21877000
0.25166528 1.29415608 -0.12271133 0.01603400 0.52513301 0.06270300
0.10099161 -0.33126586 -0.44773965 0.18953800 -0.24746799 -0.43109900
-0.09169363 -0.61127285 0.62261239 -0.10928300 -0.01754700 0.42999300
0.53125261 0.13903382 0.03597255 0.18040200 0.01249500 -0.39245501
-0.10412641 0.12587961 1.06562071 -0.30180600 0.07988500 0.48491800
0.17220522 -0.52963259 0.50651399 0.17883600 -0.10766800 0.18115200
-0.37486114 -0.16133913 -0.07196630 -0.25972101 0.08706300 0.28599101
0.34711128 0.04531957 0.31391904 0.01015100 -0.00057100 0.16999000
-0.48597486 0.70226635 -0.00744432 -0.19176300 0.31242999 0.07490500
0.35484439 -0.54743214 -0.86558463 0.27948400 -0.31229299 -0.44463000
-0.30014265 -0.13791349 -0.25829804 0.14339100 -0.10632800 -0.31047899
-1.12724286 0.01207887 0.00299183 -0.30198500 0.04160700 0.09818900
0.32137050 0.37837508 -1.07917953 0.37449199 0.20403700 -0.56191301
0.69808734 0.30356513 0.49784460 0.25393200 0.34320799 0.30098000
-0.00518695 -0.09445976 -0.71857066 -0.08550800 -0.13943000 -0.42314899
0.41465388 0.55374522 -0.53952684 -0.02956200 0.19307201 -0.20280100
-0.02372364 -0.53131538 0.24031037 0.07859500 -0.57115299 0.22828200
0.09636255 0.12757691 0.59834799 -0.26549801 0.00472700 0.25427899
-0.09631713 -0.12756085 -0.59831084 0.26556399 -0.00491000 -0.25450501
0.12746102 0.59834346 -0.09627913 0.00484200 0.25451401 0.26539099
-0.00006652 0.00004865 -0.00009669 -0.00015500 0.00009900 -0.00010100
0.59835194 -0.09630451 -0.12755088 0.25446999 0.26555499 -0.00479700
-0.00001428 -0.00005187 0.00005002 -0.00017000 0.00007100 -0.00007000
-0.59830712 0.09637960 0.12757823 -0.25453600 -0.26532900 0.00480000
-0.12747322 -0.59835896 0.09624278 -0.00472100 -0.25434801 -0.26534700
0.47027211 -0.61808646 0.75078365 0.35710800 -0.16281100 0.44942501
0.75073009 -0.47021441 0.61806149 0.44967601 -0.35722300 0.16289601
0.12565095 -0.42010667 -0.34170451 0.19946200 -0.26388800 -0.14284199
-0.61806059 0.75071433 -0.47019138 -0.16288100 0.44956499 -0.35732001
0.34160887 0.12568775 -0.42006244 0.14282501 0.19923300 -0.26383701
0.61805391 -0.75076294 0.47024542 0.16310300 -0.44951099 0.35743201
-0.34161775 -0.12563230 0.41997664 -0.14311600 -0.19938099 0.26405701
0.42004584 0.34168482 0.12566099 0.26410100 0.14292701 0.19919001
-0.47017308 0.61805124 -0.75070369 -0.35707799 0.16281100 -0.44968900
-0.75075902 0.47021049 -0.61803940 -0.44947100 0.35710001 -0.16265900
-0.42009709 -0.34167316 -0.12566014 -0.26399401 -0.14294700 -0.19937500
-0.12565147 0.42005487 0.34165190 -0.19953100 0.26374599 0.14307401
0.27882746 -0.15814579 -0.27097783 0.25930199 -0.25853899 0.30690300
-0.16872223 0.12892808 0.26235910 0.18254000 0.50815201 -0.23531599
0.01047895 0.06287239 -0.08814162 0.12156500 0.09688300 0.50765097
0.27886945 0.27096278 0.15818322 0.25968799 -0.30682400 0.25859699
0.01044359 0.08819202 -0.06283594 0.12137500 -0.50757301 -0.09655700
0.29897365 -0.42710069 -0.38856990 -0.08430100 -0.39971799 -0.45623201
0.29890968 0.38851132 0.42713483 -0.08432100 0.45626500 0.39946899
-0.16875204 -0.26233090 -0.12890601 0.18237600 0.23534100 -0.50832802
0.52071909 -0.04247947 -0.35198170 0.48411000 -0.31062800 -0.24780200
0.52072241 0.35188427 0.04251180 0.48422599 0.24765401 0.31055501
-0.20984090 0.60924527 0.21619805 -0.20547500 0.28371000 -0.05360800
-0.31645015 -0.45200185 -0.37730281 -0.00851000 -0.18061800 -0.22930101
-0.63761595 -0.09517760 -0.21884262 -0.28046501 -0.14112800 0.11758900
0.51888822 -0.07931556 -0.16167689 0.03323800 -0.17955300 -0.15386400
-0.31645615 0.37737357 0.45190426 -0.00854400 0.22936399 0.18080799
-0.29519079 -0.70255147 0.22314295 -0.50206298 0.09692100 -0.04058800
-0.63759774 0.21885810 0.09526382 -0.28041700 -0.11754400 0.14111599
-0.20989209 -0.21625826 -0.60931646 -0.20544000 0.05337900 -0.28382999
-0.29517672 -0.22317553 0.70250125 -0.50218302 0.04052400 -0.09690500
0.51886228 0.16170932 0.07935251 0.03330000 0.15393500 0.17964201
0.07653941 0.09570877 -0.90498113 -0.13210499 -0.11227300 -0.23052000
0.21135328 0.21130791 -0.00005940 -0.06415600 -0.06438900 -0.00006300
0.09569005 0.07654112 0.90497864 -0.11245400 -0.13220499 0.23081000
-0.21132682 -0.21138334 -0.00006598 0.06460900 0.06434400 -0.00031600
-0.07650948 -0.09570843 0.90500510 0.13206500 0.11243800 0.23087101
-0.00002028 -0.00006619 -0.00000723 0.00007100 -0.00006600 -0.00013600
-0.09571226 -0.07649169 -0.90495236 0.11209100 0.13235600 -0.23048601
-0.00000602 -0.00004295 -0.00004081 0.00010500 -0.00010100 -0.00007400
0.34054231 0.54350936 -0.24017682 0.15079100 0.34415501 0.21227700
0.34046563 -0.28757965 -0.42186011 0.08621700 -0.12296000 -0.32935500
0.30208205 0.69973439 -0.36689471 0.11453600 0.32212299 -0.26320699
-0.30207914 -0.69972281 0.36689138 -0.11462200 -0.32219899 0.26334301
0.69976843 0.30210713 0.36689167 0.32211199 0.11450800 0.26329800
-0.28756924 0.34052167 0.42194472 -0.12302200 0.08616300 0.32936499
0.28759137 -0.34047843 -0.42190108 0.12310600 -0.08600700 -0.32912600
-0.34050618 0.28762934 0.42192961 -0.08615800 0.12305100 0.32913101
0.54346873 0.34053451 0.24018847 0.34408000 0.15081300 -0.21240500
-0.54352086 -0.34052474 -0.24014473 -0.34409699 -0.15094900 0.21234000
-0.34052808 -0.54348485 0.24013631 -0.15110201 -0.34420899 -0.21251000
-0.69972291 -0.30211110 -0.36688154 -0.32206699 -0.11459400 -0.26323801
-0.00015893 -0.00012484 0.00011962 0.00009100 -0.00002800 -0.00007500
-0.12755681 -0.09631547 0.59829902 -0.00456700 0.26524201 0.25443199
0.09627658 -0.59829486 -0.12746537 -0.26534700 -0.25434801 -0.00455600
0.59838944 0.12747428 0.09628287 0.25449499 0.00507100 -0.26553801
-0.00011680 0.00001897 0.00003327 0.00007400 -0.00002200 -0.00013100
-0.59830814 -0.12750722 -0.09634336 -0.25425300 -0.00491200 0.26555201
-0.09632399 0.59837245 0.12752299 0.26513001 0.25419500 0.00464600
0.12754262 0.09628442 -0.59836583 0.00480700 -0.26538801 -0.25438499
0.61806304 -0.47013726 0.75072908 0.16272600 -0.35713500 0.44969299
-0.75076871 0.61808110 -0.47023365 -0.44968599 0.16299400 -0.35729399
-0.12568702 -0.34160684 -0.41998565 -0.19941500 -0.14265500 -0.26361501
-0.34165984 -0.42005206 0.12568670 -0.14280801 -0.26393101 0.19920200
0.47027694 -0.75072830 0.61802496 0.35729000 -0.44968101 0.16290200
-0.47014757 0.75069513 -0.61807634 -0.35719001 0.44926801 -0.16264400
0.34166355 0.42004070 -0.12565139 0.14295501 0.26402101 -0.19948100
0.12563550 0.34164268 0.42005104 0.19940101 0.14302200 0.26391000
0.75074955 -0.61805633 0.47022071 0.44939601 -0.16286799 0.35716099
-0.41986173 0.12561430 0.34158693 -0.26389500 0.19941600 0.14278699
-0.61802676 0.47027964 -0.75075564 -0.16303401 0.35725701 -0.44951001
0.42001909 -0.12568051 -0.34167994 0.26382899 -0.19952101 -0.14305601
0.21136858 0.21133560 -0.00003931 -0.06420600 -0.06406100 0.00001900
-0.07655374 -0.09568538 0.90498302 0.13203201 0.11229200 0.23093200
0.07651599 0.09571124 -0.90498217 -0.13197801 -0.11245900 -0.23094600
0.00003841 0.00001174 -0.00001688 -0.00002400 0.00001000 0.00001800
0.09569270 0.07649745 0.90495596 -0.11244700 -0.13197300 0.23076500
0.00006266 0.00000023 0.00001765 -0.00001200 0.00003200 0.00004900
-0.21131996 -0.21135335 -0.00004529 0.06435900 0.06438300 0.00005400
-0.09570306 -0.07654320 -0.90497366 0.11212700 0.13189299 -0.23094900
-0.28761127 0.34054208 0.42194479 -0.12302000 0.08620900 0.32939100
0.30209362 0.69974770 -0.36692490 0.11461300 0.32205099 -0.26335299
-0.54351937 -0.34052779 -0.24016404 -0.34413201 -0.15090799 0.21247500
-0.34050163 0.28759028 0.42191879 -0.08617600 0.12305500 0.32925799
-0.30210545 -0.69976750 0.36687297 -0.11459900 -0.32202300 0.26331699
0.28763029 -0.34046053 -0.42186180 0.12304900 -0.08625000 -0.32929200
-0.69978769 -0.30211496 -0.36690224 -0.32204601 -0.11466600 -0.26333299
0.34048278 -0.28760185 -0.42187444 0.08617000 -0.12310700 -0.32939300
-0.34053930 -0.54347238 0.24018828 -0.15090200 -0.34413201 -0.21243200
0.34054498 0.54351344 -0.24011669 0.15092900 0.34411401 0.21247800
0.54347933 0.34051434 0.24015454 0.34415099 0.15088700 -0.21241800
0.69973212 0.30206284 0.36686541 0.32211500 0.11465100 0.26336101
-0.47471021 -0.64456354 -0.07420567 -0.04044500 0.04290700 0.29138201
0.42135635 0.16629957 -0.46259054 0.11315700 -0.11949000 -0.23589000
0.22790187 -0.05015255 0.36862532 0.06206200 -0.06930200 0.04554600
0.22667935 0.26341847 0.33305957 0.09566500 -0.09469300 0.12011800
0.24879616 -0.00068128 -0.12012410 0.06778800 -0.16300300 -0.12631901
-0.14460016 0.24992794 -0.70306842 0.05723800 0.19209000 -0.30711699
-0.33991082 0.23953733 -0.23631863 -0.01765500 0.18690600 0.07044400
-0.06392501 0.52430233 -0.11871728 -0.16100900 0.11262600 -0.05939800
0.14118649 -0.38004009 -0.45149960 0.15819500 -0.15806501 -0.34201699
0.09318991 -0.32423582 0.03022013 -0.10268500 -0.28714100 0.00875800
0.15244815 -0.05271724 -0.25115671 -0.00355500 0.10064300 0.00851100
-0.14093972 -0.19774411 -0.18959939 0.04269400 -0.24627399 -0.12757200
0.10770624 -0.26475934 0.69275703 -0.04501100 -0.16139500 0.09471100
-0.24834176 -0.12081641 -0.04621626 0.00009300 -0.00339200 -0.12492000
0.25992026 -0.41645611 0.40153039 -0.06729700 -0.13854399 0.06756200
0.10214230 0.08171771 0.45125731 0.11505000 0.02050300 0.10252500
-0.25653073 -0.08569642 0.34649669 -0.04992200 0.17553701 0.26175100
-0.27500005 0.15263467 0.30812040 -0.25263000 0.17902100 0.17937800
0.10757991 -0.07659452 0.31805116 0.12870200 0.23248599 0.33313099
-0.14494853 0.93661941 -0.59662140 -0.10043700 0.19857900 -0.26058501
0.59836734 0.12747492 -0.09630007 0.25465000 0.00462400 0.26548201
-0.00003063 -0.00002403 0.00010151 -0.00010500 0.00000500 0.00013500
-0.12749881 -0.09628860 -0.59835715 -0.00487200 0.26567400 -0.25470799
-0.00007869 0.00008803 0.00009884 -0.00008100 -0.00003300 0.00009100
0.12747128 0.09625698 0.59831036 0.00464000 -0.26559001 0.25421500
-0.09631328 0.59831275 -0.12756224 0.26568601 0.25449601 -0.00475100
0.09636820 -0.59833642 0.12759330 -0.26540500 -0.25457999 0.00470900
-0.59835093 -0.12746937 0.09629514 -0.25424299 -0.00455700 -0.26535901
0.47023368 -0.75072634 -0.61805934 0.35713100 -0.44938600 -0.16279200
0.12566749 0.34161267 -0.41994179 0.19923300 0.14275400 -0.26384401
-0.12564842 -0.34157787 0.41987635 -0.19945300 -0.14321300 0.26400200
-0.61805602 0.47016147 0.75072410 -0.16277499 0.35709801 0.44942901
0.34169488 0.42006447 0.12569685 0.14294200 0.26381901 0.19922400
0.42000185 -0.12561924 0.34164191 0.26393101 -0.19942001 0.14311001
-0.34161866 -0.41998154 -0.12566876 -0.14295900 -0.26388401 -0.19949999
-0.75072537 0.61803339 0.47020931 -0.44963199 0.16294400 0.35726401
0.61807125 -0.47025389 -0.75078925 0.16289400 -0.35718501 -0.44978499
-0.47020057 0.75068675 0.61804243 -0.35730699 0.44993600 0.16303299
0.75077247 -0.61806892 -0.47022562 0.44961101 -0.16271500 -0.35717300
-0.42012704 0.12565476 -0.34168589 -0.26388800 0.19921400 -0.14278300
0.56709201 0.22528550 0.45439467 0.47077700 0.17472000 0.19442900
0.64848760 0.08993223 0.60907875 0.47839200 0.31816599 0.08161400
0.30872976 -0.35048873 -0.38839364 -0.17405300 -0.09400500 -0.10824200
0.18111044 -0.38716551 0.01777442 -0.52063102 0.12128400 0.01845700
-0.29417867 -0.26777055 -0.01520186 0.18289800 -0.49951601 -0.20603301
-0.06748185 0.85656350 -0.45411741 0.28052700 -0.12001600 -0.02850500
-0.40000919 -0.13503354 0.29546233 0.00758300 0.11808700 -0.10807200
0.01897450 0.11314389 0.35986906 0.05634100 0.00533500 0.02811400
0.09091880 -0.51900965 0.67389657 -0.21390200 0.03765400 0.45795399
0.13242375 0.53624116 -0.41395042 0.07444100 0.53730100 -0.17027800
-0.25621354 -0.35794639 -0.12743573 -0.10347800 0.00241600 0.03232900
-0.76169418 -0.57924494 -0.30409243 -0.31748900 -0.56277800 -0.46713099
0.15352915 0.49003560 -0.84640521 -0.16858201 0.08514200 -0.29991600
-0.04120280 -0.00750583 0.56033452 0.13047101 0.21017800 -0.18184900
-0.13043300 0.74332081 0.42276566 0.21067300 0.13954200 0.52380002
-0.33332658 -0.07408720 0.02288747 -0.08236900 0.15437500 0.39877200
-0.02511141 -0.03068700 0.03118248 -0.22461700 0.31568000 0.03451500
-0.14887080 0.07598705 -0.53741406 0.22801600 -0.21444400 -0.17986999
0.18008060 0.00380517 -0.34001013 -0.11711800 -0.23405100 -0.12724300
0.17717538 -0.42537557 -0.02062505 -0.19788000 -0.49507201 0.10715400
0.03236686 0.84339052 0.05433856 0.01566700 0.13505401 -0.16150400
0.30036792 0.32821469 -0.39671703 -0.10750000 -0.02626500 -0.09637000
-0.39536505 -0.27880147 0.52058275 0.13036500 0.14008801 -0.09849300
0.19572578 0.38381330 0.18749013 0.10851900 0.23824100 -0.20940100
-0.56929767 -0.52722429 -0.20445026 -0.37098801 -0.26439899 -0.02368900
0.03264175 -0.15275227 0.05172920 0.17591800 -0.34213501 0.07836400
0.21467442 0.46212001 0.54742289 -0.01547300 -0.24205400 0.09894000
-0.03897197 -0.34870384 -0.01038801 -0.00115000 -0.02608800 0.12567700
-0.08849178 -0.56357982 -0.08536567 0.09787300 -0.33097601 0.26503301
0.00459726 0.08642201 -0.21527576 0.37782201 0.37618700 0.18435200
0.43571741 -0.09785412 0.16192281 0.03453100 0.10917000 -0.08355600
-0.32112224 -0.33428651 -0.26762023 -0.07119800 0.12546401 -0.16999599
0.05040512 -0.13380575 0.02027584 0.17423500 -0.25371900 0.06572500
-0.05273424 0.88009442 -0.26298636 0.06872100 0.56454998 -0.07520700
0.53567605 -0.42829412 0.28076278 0.06018400 0.04004000 0.05327200
-0.16010825 -0.06948597 0.02055156 -0.10271700 -0.08281600 -0.03989200
0.10221888 0.40977618 0.39683657 0.00603200 0.03940900 0.20325400
0.42910641 -0.06122303 -0.18076091 -0.24630301 0.05456500 0.01575300
-0.32781010 -0.00424318 -0.29055937 -0.26893100 -0.34249899 -0.19255200
-0.37959655 -0.39357675 -0.32778951 -0.06560800 0.08818300 0.06028900
-0.74674723 0.74677157 0.74676573 -0.24879800 0.24900100 0.24899800
0.74675316 -0.74677858 0.74676740 0.24909700 -0.24875300 0.24887300
0.74673047 0.74675251 -0.74676339 0.24907599 0.24882300 -0.24875300
-0.21445633 -0.21447518 -0.21446019 -0.37302399 -0.37285000 -0.37288201
0.21447139 0.21449748 -0.21447499 0.37299001 0.37278900 -0.37280500
0.21445530 -0.21446960 0.21444622 0.37303901 -0.37273800 0.37282100
-0.74673598 -0.74675865 -0.74676427 -0.24918300 -0.24879700 -0.24881800
-0.21447021 0.21449220 0.21446167 -0.37302101 0.37297001 0.37296900
-0.32768795 -1.04820890 -0.12943771 -0.25978100 -0.28513300 0.25792301
0.12943880 0.32766957 -1.04817143 -0.25784600 0.25947300 -0.28520301
-1.04816356 0.12948522 0.32765340 -0.28519100 -0.25793499 0.25959799
1.04816053 0.12945566 -0.32769521 0.28522199 -0.25775599 -0.25974101
0.12945926 -0.32769929 1.04820511 -0.25796899 -0.25975400 0.28500301
0.32767685 -1.04822042 0.12946498 0.25970200 -0.28527400 -0.25776601
-0.12945024 0.32770183 1.04819629 0.25784999 0.25966501 0.28506601
-0.12944741 -0.32766742 -1.04817939 0.25788301 -0.25963601 -0.28531101
-1.04818811 -0.12947262 -0.32771344 -0.28514701 0.25782999 -0.25965899
1.04819077 -0.12950155 0.32767174 0.28508899 0.25784799 0.25957999
0.32768178 1.04820746 -0.12941668 0.25967601 0.28513399 0.25787500
-0.32767131 1.04821872 0.12944416 -0.25966501 0.28509200 -0.25776801
0.00014976 0.00010791 -0.00011916 0.00000500 0.00008800 -0.00004800
-0.09635467 -0.12757152 -0.59829955 0.26513001 -0.00467200 -0.25455299
-0.12749015 -0.59834254 0.09630777 -0.00479700 -0.25438401 -0.26543000
0.12751063 0.59832550 -0.09631940 0.00481600 0.25436699 0.26513100
-0.59836682 0.09631133 0.12755389 -0.25413701 -0.26569700 0.00496400
0.00000840 0.00009682 -0.00003546 -0.00002100 0.00008200 -0.00004600
0.09631095 0.12754833 0.59835759 -0.26528001 0.00468800 0.25436699
0.59830341 -0.09632999 -0.12753673 0.25444400 0.26556000 -0.00470600
-0.12562090 0.41992304 0.34166351 -0.19943900 0.26370600 0.14266500
0.42009193 0.34169856 0.12563595 0.26394299 0.14312001 0.19946900
0.61803496 -0.75076150 0.47027820 0.16274901 -0.44982100 0.35721701
0.12568098 -0.42000887 -0.34165687 0.19941600 -0.26391199 -0.14311500
-0.34169703 -0.12563395 0.42003763 -0.14284299 -0.19913600 0.26404101
0.34165127 0.12568314 -0.42007089 0.14287201 0.19949000 -0.26386300
-0.47028500 0.61802039 -0.75073638 -0.35727200 0.16265200 -0.44934499
-0.75071730 0.47018472 -0.61804570 -0.44959399 0.35725501 -0.16298001
-0.42004687 -0.34165873 -0.12565615 -0.26379499 -0.14277001 -0.19944200
0.47016645 -0.61808923 0.75074042 0.35726100 -0.16288599 0.44982001
0.75076093 -0.47023634 0.61804836 0.44951800 -0.35717300 0.16297799
-0.61809093 0.75073290 -0.47014704 -0.16297500 0.44944301 -0.35712299
0.25101096 -0.01510160 0.03585326 0.10481300 0.18904001 0.20253900
-0.20739696 -0.72193732 -0.41617358 -0.11129200 -0.40117800 -0.27110299
0.20409601 0.01823217 0.49276457 0.22064900 -0.13229500 0.06816300
0.25663990 0.20670087 0.25684163 -0.06813500 0.10981000 0.38361299
0.22405822 -0.25381967 0.09792174 0.12696999 0.15778300 0.08376700
-0.17393742 0.24173374 0.29674228 -0.06759700 -0.04851000 -0.24352799
-0.02681155 -0.81858948 -0.05245133 -0.35161299 -0.64665002 0.01147800
0.18129252 0.18209903 0.54299703 -0.22923601 0.35467899 0.52521801
0.15127462 0.71071008 -1.04480487 0.13525100 -0.00907800 -0.16831200
-0.11641114 0.36511492 -0.34249705 0.15760601 0.19108599 -0.21693000
-0.26261458 0.11694544 0.18976030 0.03005600 0.09129900 0.12196700
-0.79276730 0.62549570 -0.35735136 -0.11141000 0.13972899 -0.32269400
-0.29220418 -0.19308806 0.65903313 -0.23600499 -0.03013100 0.00072400
0.19410374 0.66408698 0.00051004 -0.22666000 0.34362200 0.31893000
-0.25587446 -0.24767600 0.20172396 -0.23704500 -0.28855300 0.09328500
0.27502679 0.08217938 -0.42741260 0.09526200 0.27667201 0.00692700
0.28509610 0.32322468 0.23187751 0.21345200 -0.27740899 0.06296400
-0.46464139 -0.36698337 0.03827060 -0.24977399 0.13006200 -0.17593300
0.41276921 -0.27322166 -0.82778235 0.33717901 0.17635700 -0.53770500
0.15729088 -0.64610582 0.42417709 0.46753001 -0.32633501 0.05662900
-0.90497175 0.09571005 0.07653829 -0.23075201 -0.11230800 -0.13208900
-0.00004086 -0.21133760 -0.21133379 0.00018900 0.06447500 0.06400800
-0.00004438 0.21133510 0.21133896 0.00007800 -0.06397200 -0.06424800
-0.90497263 -0.07653736 -0.09570924 -0.23085500 0.13204800 0.11233800
0.90499147 0.07651511 0.09569814 0.23057100 -0.13215300 -0.11209000
0.90499232 -0.09569784 -0.07651383 0.23050000 0.11199100 0.13230599
-0.00002306 -0.00000352 0.00004811 0.00004200 0.00002700 -0.00005600
-0.00002244 -0.00004834 0.00000268 0.00004600 -0.00000100 -0.00006900
-0.36692489 -0.30210024 -0.69971675 -0.26325300 -0.11459900 -0.32213899
0.24017528 -0.54347579 -0.34054556 -0.21231499 -0.34401801 -0.15085700
0.36687590 -0.69973219 -0.30212283 0.26325500 -0.32212099 -0.11462700
0.36687464 0.30212418 0.69973229 0.26320201 0.11463800 0.32213399
-0.42188108 -0.28761573 0.34045405 -0.32929200 -0.12308100 0.08604600
-0.42188210 -0.34045639 0.28761510 -0.32924500 -0.08603500 0.12309100
-0.36692607 0.69971638 0.30209922 -0.26325899 0.32206401 0.11461700
0.42193705 0.28756763 -0.34052421 0.32923099 0.12309600 -0.08599700
-0.24013510 -0.34052726 -0.54349429 0.21245500 -0.15099500 -0.34418201
0.42193620 0.34052098 -0.28756759 0.32926199 0.08603900 -0.12303700
-0.24013459 0.54349637 0.34052767 0.21241599 0.34410599 0.15076600
0.24017608 0.34054647 0.54347354 -0.21227600 0.15080100 0.34408301
-0.21133352 -0.00004944 -0.21137267 0.06455200 0.00000500 0.06417000
0.21133065 -0.00005352 0.21137789 -0.06430400 0.00000200 -0.06445600
0.07650273 0.90496368 0.09573191 -0.13234800 0.23090300 -0.11206400
0.00003226 -0.00001193 0.00014812 0.00008900 -0.00003700 -0.00032200
0.00001474 0.00000706 0.00006280 0.00007700 -0.00000300 -0.00033000
0.09570428 -0.90499068 0.07652555 -0.11234700 -0.23063000 -0.13203700
-0.09568838 0.90498603 -0.07652989 0.11206000 0.23078400 0.13206901
-0.07654480 -0.90495945 -0.09573337 0.13217600 -0.23081701 0.11248000
-0.34056793 -0.24019876 -0.54350188 -0.15088899 0.21239799 -0.34400699
-0.54344126 0.24020771 -0.34056385 -0.34408501 -0.21239200 -0.15079400
-0.69974204 0.36687540 -0.30208505 -0.32213399 0.26327500 -0.11461100
0.30207697 0.36685400 0.69974152 0.11449200 0.26327100 0.32205400
0.28754690 0.42191233 -0.34042381 0.12300500 0.32931000 -0.08608600
0.54349363 -0.24014047 0.34056017 0.34408799 0.21235900 0.15101799
0.34052241 0.24015726 0.54348795 0.15094399 -0.21245199 0.34417999
-0.30211272 -0.36689083 -0.69979226 -0.11450700 -0.26337999 -0.32210499
0.69974952 -0.36690969 0.30209561 0.32218200 -0.26334599 0.11461500
-0.28759807 -0.42184368 0.34029591 -0.12302900 -0.32936999 0.08618700
-0.34047715 -0.42186342 0.28757235 -0.08610300 -0.32927099 0.12308900
0.34053180 0.42194840 -0.28759702 0.08608100 0.32939100 -0.12305000
0.09175374 0.61132934 -0.62259799 0.10929700 0.01754200 -0.42959100
0.10410683 -0.12590503 -1.06557419 0.30184901 -0.07958900 -0.48504999
0.95326769 0.27917859 -0.35056627 0.50604600 0.22246900 -0.03304000
-0.02979970 -0.60838851 0.08347750 0.08531900 -0.48962200 -0.21881799
-0.53130609 -0.13898846 -0.03604103 -0.18051299 -0.01275500 0.39236099
-0.24434586 0.93907535 -0.55799472 -0.16603200 0.56371999 -0.19764800
-0.10084285 0.33125085 0.44771618 -0.18980800 0.24716000 0.43134099
-0.25170883 -1.29418030 0.12274845 -0.01566000 -0.52478600 -0.06291700
0.30014109 0.13790502 0.25829832 -0.14346300 0.10635600 0.31045401
-0.34691639 -0.04538116 -0.31407018 -0.01009100 0.00044100 -0.16996700
0.37492550 0.16134373 0.07189510 0.25976500 -0.08711400 -0.28601399
-0.32138169 -0.37836229 1.07923136 -0.37451100 -0.20401900 0.56184000
0.48591578 -0.70233851 0.00751257 0.19171500 -0.31251001 -0.07487800
-0.35490248 0.54742973 0.86563663 -0.27943099 0.31237900 0.44465500
1.12732537 -0.01214059 -0.00306177 0.30200699 -0.04161700 -0.09828200
-0.69814595 -0.30360990 -0.49786067 -0.25396100 -0.34333700 -0.30090901
0.00521487 0.09447601 0.71857721 0.08541600 0.13945299 0.42322001
-0.41464978 -0.55370323 0.53951201 0.02949300 -0.19304100 0.20281300
-0.17236559 0.52967685 -0.50655456 -0.17882399 0.10770300 -0.18122301
0.02371434 0.53133251 -0.24028395 -0.07861300 0.57116503 -0.22834800
-0.59831698 -0.12746389 -0.09626177 -0.25457701 -0.00473000 0.26550600
-0.09629637 0.59838077 0.12748734 0.26533300 0.25439301 0.00470300
-0.00001895 -0.00000990 -0.00000974 -0.00003900 0.00002800 0.00001500
0.09633948 -0.59831162 -0.12749957 -0.26529101 -0.25468400 -0.00484300
0.59834754 0.12749053 0.09625920 0.25431100 0.00478100 -0.26545501
-0.12749547 -0.09629860 0.59831456 -0.00477200 0.26519099 0.25442401
0.12753497 0.09629502 -0.59832110 0.00477900 -0.26523399 -0.25421801
-0.00015130 -0.00013274 0.00002083 -0.00004400 0.00000200 0.00002000
0.61809299 -0.47016947 0.75071201 0.16300701 -0.35736600 0.44971001
0.12566430 0.34159913 0.41999696 0.19939500 0.14294100 0.26387301
-0.75074508 0.61807060 -0.47027501 -0.44975600 0.16307600 -0.35733399
-0.34164086 -0.42005896 0.12568463 -0.14277001 -0.26384300 0.19936900
-0.42004283 0.12566580 0.34163979 -0.26383701 0.19929799 0.14294100
-0.61802974 0.47028909 -0.75073874 -0.16288100 0.35735899 -0.44969901
-0.12569563 -0.34160712 -0.42001143 -0.19947600 -0.14292300 -0.26393500
0.34158730 0.41997748 -0.12563461 0.14291200 0.26400501 -0.19932500
0.75073279 -0.61801186 0.47030751 0.44962901 -0.16286300 0.35724601
0.42000523 -0.12568216 -0.34158270 0.26399001 -0.19943701 -0.14291599
-0.47016835 0.75074233 -0.61810839 -0.35725701 0.44965601 -0.16287901
0.47029697 -0.75076442 0.61802022 0.35734600 -0.44964901 0.16279601
0.12751953 0.59831702 0.09631854 0.00492800 0.25427300 -0.26548901
0.09634994 0.12750688 -0.59832041 -0.26514801 0.00461900 -0.25450900
-0.00008297 -0.00000384 -0.00008782 0.00002400 -0.00009800 -0.00015000
-0.09624940 -0.12748646 0.59833372 0.26531100 -0.00480100 0.25461599
-0.12749178 -0.59838797 -0.09626470 -0.00500600 -0.25449699 0.26551199
-0.00002895 0.00000630 -0.00003388 0.00003800 -0.00007900 -0.00011100
0.59828992 -0.09627609 0.12747672 0.25438201 0.26528001 0.00466800
-0.59835026 0.09635265 -0.12755908 -0.25430700 -0.26511601 -0.00451000
0.12565447 -0.42008223 0.34170567 0.19925900 -0.26388800 0.14293000
0.34160435 0.12565218 0.41996045 0.14286700 0.19938800 0.26385999
-0.47016935 0.61812222 0.75077817 -0.35739100 0.16303501 0.44975299
0.75067787 -0.47030101 -0.61802534 0.44968501 -0.35732701 -0.16290700
-0.75072839 0.47028775 0.61805708 -0.44953400 0.35743901 0.16296500
0.61807783 -0.75077181 -0.47016460 0.16292700 -0.44974399 -0.35727000
-0.12567845 0.42001965 -0.34161006 -0.19941200 0.26408601 -0.14307600
-0.42004707 -0.34164674 0.12566783 -0.26402199 -0.14287600 0.19923501
0.47028559 -0.61798732 -0.75072969 0.35740000 -0.16290399 -0.44965899
-0.34163734 -0.12566124 -0.42009106 -0.14292900 -0.19941100 -0.26380801
-0.61802099 0.75072293 0.47028471 -0.16295201 0.44962099 0.35732600
0.42002546 0.34161712 -0.12569626 0.26388100 0.14300101 -0.19937500
-0.21445862 -0.21445225 0.21447536 -0.37266499 -0.37267801 0.37274399
-0.74673172 -0.74674796 0.74673116 -0.24891800 -0.24892300 0.24901401
-0.74673221 0.74673319 -0.74674916 -0.24849799 0.24863400 -0.24880099
0.74674824 0.74673124 0.74673337 0.24864700 0.24869700 0.24893500
-0.21447448 0.21445808 -0.21445217 -0.37270099 0.37289500 -0.37313199
0.21445261 0.21447435 0.21445819 0.37271300 0.37285501 0.37271699
0.21447332 -0.21447340 -0.21447459 0.37269500 -0.37265700 -0.37304801
0.74674701 -0.74674677 -0.74674701 0.24861200 -0.24871901 -0.24878800
-1.04823530 -0.32766904 0.12950954 -0.28510201 -0.25950399 -0.25776300
-0.32768419 0.12948098 -1.04823832 -0.25960001 -0.25785300 -0.28513601
1.04823730 0.32768455 0.12947960 0.28511801 0.25958899 -0.25777301
-0.12951049 1.04823406 -0.32766818 0.25771299 0.28516501 -0.25967100
1.04821233 -0.32766933 -0.12947296 0.28518999 -0.25960600 0.25793400
0.32766918 0.12950993 1.04823543 0.25966600 -0.25787801 0.28517801
0.32766898 -0.12947141 -1.04821123 0.25957301 0.25773701 -0.28520101
0.12947264 -1.04821274 -0.32766972 -0.25772601 -0.28509101 -0.25960901
-1.04821017 0.32767564 -0.12950921 -0.28514501 0.25959700 0.25798699
-0.32767578 -0.12950935 1.04820983 -0.25962201 0.25782400 0.28511000
-0.12947932 -1.04823948 0.32768379 0.25784400 -0.28524101 0.25964099
0.12951064 1.04820970 0.32767626 -0.25779399 0.28515899 0.25966299
0.32238735 0.30125011 0.20806978 0.55671197 0.43079901 0.25376901
0.07959454 0.16579063 -0.61811041 0.28064600 -0.25777999 -0.06519200
-0.59231547 0.03320446 0.03173285 -0.43066800 0.51411700 -0.02193400
-0.00396209 0.26662754 -0.31111568 0.20717600 -0.30230200 -0.27494401
-0.87696439 0.41851709 -0.09739285 -0.47994900 0.60877299 0.15131700
-0.94425329 -0.16409969 -0.67692999 -0.85966599 -0.13269100 -0.47983700
-0.00712318 0.31059164 -0.10979471 -0.28453401 -0.24985500 0.28835499
-0.43633967 -0.12274483 -0.16663277 -0.19593801 0.21943800 -0.08605800
-0.45227404 -0.15767020 -0.29497843 -0.10026100 -0.16357100 -0.09363900
0.21105287 -0.61642965 0.51573724 0.46570799 -0.82302397 0.61739600
0.13719145 -0.39503772 -0.09126766 -0.11350300 0.20139800 0.00672100
-0.23267002 0.30279039 0.43781905 0.09037100 0.23120899 -0.07970200
0.57918769 0.24244195 -0.31237324 0.20951299 -0.03063500 -0.18492401
0.01838823 0.12598665 0.31594450 0.05448600 0.11766000 -0.07451400
0.07061135 0.71552989 -0.06148167 0.00093300 0.48359501 -0.23064800
1.39793530 -0.63203578 0.62518714 0.46878299 -0.67413998 -0.06386200
0.35702633 0.10849751 0.60414721 0.39044201 -0.00680200 0.54439503
-0.07837331 0.34394213 0.09127556 -0.35106799 0.34375000 -0.17045100
0.34115702 -0.47137604 0.17110860 0.03926800 -0.10401500 0.11824700
0.10974333 -0.77577609 -0.26094450 0.05154900 -0.40592200 -0.15449500
0.00005497 -0.00000206 -0.00002357 -0.00008300 0.00023600 -0.00005200
0.21135064 -0.00004335 -0.21135715 -0.06410300 -0.00003900 0.06419700
-0.09569745 0.90496400 0.07651172 0.11209200 0.23059000 -0.13196400
0.09569521 -0.90494914 -0.07651343 -0.11239600 -0.23086600 0.13224401
0.07651890 0.90497869 -0.09567931 -0.13220000 0.23048700 0.11243000
0.00001293 -0.00000440 -0.00004217 -0.00005300 0.00018000 -0.00004200
-0.21139526 -0.00004079 0.21132459 0.06445900 0.00016100 -0.06446600
-0.07653136 -0.90498791 0.09570228 0.13218400 -0.23080499 -0.11221300
0.28757338 0.42194152 0.34052365 0.12301100 0.32915100 0.08623600
-0.34039254 -0.42185701 -0.28762074 -0.08609400 -0.32919699 -0.12307900
0.30207920 0.36687453 -0.69974171 0.11459400 0.26325500 -0.32208401
-0.30210314 -0.36691031 0.69975554 -0.11457400 -0.26324099 0.32203799
0.54352172 -0.24014156 -0.34053572 0.34426299 0.21249700 -0.15101001
-0.54346579 0.24018727 0.34054059 -0.34409201 -0.21229900 0.15093900
-0.34054250 -0.24014084 0.54350145 -0.15092500 0.21235900 0.34400901
-0.28759278 -0.42188265 -0.34047864 -0.12300100 -0.32929999 -0.08620300
0.34056797 0.24018261 -0.54344472 0.15086600 -0.21238700 -0.34408000
0.69977108 -0.36692409 -0.30212673 0.32207501 -0.26329800 -0.11461300
0.34034452 0.42189886 0.28758176 0.08610400 0.32928199 0.12310000
-0.69976970 0.36685661 0.30212229 -0.32212701 0.26323500 0.11461300
0.54415369 -0.34335058 -0.08111659 0.84403503 -0.59460598 0.13655099
0.05944604 -0.38432625 -0.55158447 0.39384100 -0.00257300 -0.34757099
-0.37314535 0.47744566 0.23404150 -0.43052101 0.10412200 0.35472301
-0.87794180 0.50045083 -0.52437803 -0.96516597 0.03789600 -0.39007601
0.54435108 -0.34385810 -0.08166629 0.84378898 -0.59460998 0.13628900
-0.87857800 0.50043706 -0.52497522 -0.96565700 0.03794600 -0.39030001
0.05961787 -0.38394185 -0.55183729 0.39362299 -0.00230200 -0.34776700
-0.37301759 0.47704966 0.23371640 -0.43065399 0.10408200 0.35433400
-0.14267806 0.05781356 0.14196097 0.06151900 0.46609300 0.25803101
-0.02712627 0.05875773 0.85443826 -0.10137700 -0.28900501 0.17900300
-0.31886241 -0.38049480 -0.57192044 -0.05879800 -0.13082001 0.01213800
-0.28603989 0.35689425 0.72549551 -0.60619402 0.26456401 0.30636600
-0.14253175 0.05800055 0.14253296 0.06171400 0.46625900 0.25823101
0.41419163 -0.15155917 -0.20094766 0.47920701 0.07886100 -0.39925399
1.00752596 -0.19064449 -0.02506412 0.38382900 0.06522200 -0.10920200
-0.31813767 -0.38115116 -0.57233234 -0.05859500 -0.13100800 0.01191100
-0.28634768 0.35648843 0.72548337 -0.60606998 0.26424000 0.30622000
1.00731858 -0.19092032 -0.02514132 0.38353500 0.06523900 -0.10951700
-0.02681888 0.05829181 0.85473209 -0.10151500 -0.28872699 0.17920300
0.41462052 -0.15138280 -0.20143728 0.47945300 0.07912600 -0.39931500
1.01186897 -0.43794073 -0.34573290 0.68399000 -0.07331300 0.23752600
-0.26045204 0.11004737 -0.13914220 -0.10256500 0.16158900 0.13721000
-0.04090603 0.50029203 0.01834634 0.02091800 -0.37212601 -0.15029401
0.28789019 -0.42646701 -0.36731421 0.07523000 -0.17091399 -0.10003200
-0.52751827 0.16548518 0.51591802 0.11817700 0.14137299 0.29746100
0.17182791 0.37346255 0.24237595 0.25859699 0.11864500 0.31334800
-1.06092780 0.81144555 -0.37980378 -0.45727900 0.11434800 -0.49517900
0.45415348 -0.52956376 0.37933453 0.36895499 -0.20905399 0.06033700
0.57319123 -0.49874545 0.21462186 0.21446399 0.10217200 -0.29914600
-0.56744038 0.41811186 -0.79965371 -0.16166800 0.22819600 -0.07752700
0.29993095 -0.27506528 -0.80487328 -0.05786800 -0.11375400 -0.39399299
-0.63338703 -0.06341751 0.67918654 -0.32645300 -0.27886900 0.04185000
0.77898681 0.18562131 -0.42734040 0.04107900 0.13227101 -0.47629401
0.27746154 0.26776239 0.25296632 0.17320301 -0.12811600 0.16712400
-0.75212227 -0.23106658 0.11888874 -0.42556101 0.06177800 -0.20516300
0.06734626 0.88462616 -0.21411457 -0.26205501 0.51825100 0.02387400
-0.06734445 -0.79254951 0.07063438 0.07565300 -0.25821301 -0.00461900
-0.50509332 0.00104669 0.52636763 -0.60897201 0.23095800 0.70994598
0.19269076 0.44953838 0.55404479 0.13083600 -0.00537700 0.11216000
0.29984349 -0.91262363 -0.09471008 0.24131800 -0.19984400 0.10141100
-0.16802340 -0.13942052 -0.12083371 0.06264200 -0.12569900 0.13097601
0.17516446 -0.21560962 0.72647403 0.14870700 -0.07540500 0.30473000
0.23632925 -0.28116287 -0.18161256 -0.03015700 0.10868600 -0.15907100
0.47900754 -0.04752702 -0.05663472 0.13021199 0.09566600 -0.28823799
-0.20426423 -0.42712436 0.41227689 0.17976899 -0.13247000 -0.20929600
-0.41625526 0.54379357 -0.35803522 0.24657300 0.25398001 0.01586300
0.37672317 0.12199967 -0.34019800 -0.02363400 -0.02157700 -0.12393700
-0.70198977 -0.76470963 0.13958428 -0.16736899 -0.08451700 -0.17132500
-0.18033952 0.00778145 0.08352953 -0.01971400 0.30211899 0.37156099
0.22898044 -0.10071662 -0.36446968 0.01132700 -0.21706600 -0.27727500
-0.42543886 0.69246819 -0.09814325 -0.18291600 0.22014301 -0.30721101
0.49453093 -0.15771322 -0.08639917 0.27749699 -0.18231100 -0.18980700
0.20092188 -0.40703762 0.17055619 -0.09512500 -0.20562799 -0.00096200
1.05155470 0.88197994 -0.23840491 0.48184001 0.46524099 0.09779600
-0.34582563 0.30994215 0.55498815 -0.29245001 0.06498200 0.34027600
0.55045930 0.11686161 -0.77439813 -0.09034800 0.26519600 0.00796500
-0.63558179 -0.64312944 0.75070086 -0.27063701 -0.29231200 0.39031500
-0.63476345 0.47296174 -0.17339428 -0.54929501 -0.00047700 0.22355200
-0.54327662 -0.25919712 -1.05085306 -0.27571201 -0.42757899 -0.55210000
0.46208685 0.29555972 1.00526674 0.45879000 -0.01097300 0.39618701
-0.00639863 0.01521919 0.13874517 -0.02303600 -0.20888700 0.35755399
-0.49316777 0.54708409 -0.41266830 -0.05393200 0.14145100 0.10578100
-0.54464016 -0.65445424 -0.09786495 -0.13761000 -0.27252099 -0.05143100
-0.31530722 -0.18937350 -0.29365271 0.04878200 0.17068399 -0.04380100
0.09585892 -0.24547564 -0.10622018 0.09882600 0.02910600 0.09589200
-0.00045766 -0.22881721 0.48118727 -0.10321300 -0.28045800 0.04940700
-0.39536996 0.16801885 -0.01481091 0.02683200 0.10540100 -0.38485000
-0.06105210 -0.15904934 0.30239308 0.22034600 -0.06552000 0.34808201
-0.28173661 -0.25463916 0.54122366 0.09682100 -0.27982101 0.21921000
-0.19648139 -0.04593247 -0.18496132 -0.71834099 0.19667400 0.25677299
0.65603762 -0.01162478 -0.43010750 0.34594801 0.04316900 -0.19184300
-0.11203945 -0.12215287 0.00282533 -0.41412199 -0.19070400 -0.26764801
-0.00869934 0.85076553 -0.19514339 0.08047600 0.09260200 0.10039100
0.25228535 0.23068538 1.20569822 0.10844500 0.48816499 0.54671001
0.52993470 -0.52150607 0.22586026 0.25302300 -0.80542600 -0.49288499
-0.24457758 -0.41464083 -0.07737199 0.11954500 0.23747200 -0.22063100
0.12488728 0.59213953 -0.78885604 0.35205200 -0.12153600 -0.19174400
0.47940944 0.15751970 0.38874898 0.31864199 0.07800000 -0.13658600
0.02703454 0.32656715 -0.18039345 -0.42765599 0.32405901 0.00128000
0.49448004 -0.04033330 -0.50463121 -0.19182800 0.31808901 -0.09966000
0.59837028 0.09634158 0.12750310 0.25435799 -0.26539999 0.00478900
0.09638188 -0.12758891 -0.59827042 -0.26517400 -0.00480600 -0.25425199
-0.09629415 0.12756994 0.59836260 0.26518101 0.00470700 0.25432700
-0.00002816 -0.00002921 0.00000191 0.00004100 0.00018300 0.00008300
-0.12748783 0.59835803 -0.09628362 -0.00489500 0.25448400 0.26528600
-0.00011806 -0.00010762 -0.00013824 0.00004200 0.00021500 0.00012000
-0.59833105 -0.09628768 -0.12748364 -0.25425699 0.26530299 -0.00503500
0.12745453 -0.59835038 0.09625090 0.00479800 -0.25462499 -0.26512200
-0.47016113 -0.61804307 0.75068736 -0.35748100 -0.16303700 0.44962800
-0.34161914 0.12567886 -0.42000160 -0.14290801 0.19947100 -0.26398101
0.75072669 0.47028418 -0.61802669 0.44971499 0.35728100 -0.16298600
0.12563586 0.41997307 0.34158929 0.19944200 0.26381701 0.14287500
-0.12567922 -0.42008799 -0.34163717 -0.19944000 -0.26396501 -0.14283700
-0.42010304 0.34170712 0.12564518 -0.26403299 0.14297000 0.19947600
-0.75071935 -0.47015480 0.61807972 -0.44960499 -0.35733500 0.16288400
0.47024933 0.61805878 -0.75074947 0.35727999 0.16293900 -0.44969001
0.34160098 -0.12569446 0.42001379 0.14286099 -0.19930799 0.26393300
-0.61802126 -0.75074373 0.47028834 -0.16291200 -0.44969901 0.35727900
0.42004794 -0.34164046 -0.12569032 0.26397201 -0.14287500 -0.19936401
0.61809489 0.75075673 -0.47014101 0.16301700 0.44968101 -0.35741299
0.00006576 0.00003979 0.00002003 0.00019300 -0.00017000 -0.00001200
-0.21128084 -0.21146335 0.00010323 0.06429400 0.06394900 0.00003600
-0.07654347 -0.09568880 -0.90497751 0.13202700 0.11238600 -0.23064500
0.00003691 0.00000482 0.00003965 0.00019100 -0.00019900 -0.00004000
0.07647900 0.09571660 0.90495189 -0.13210100 -0.11194300 0.23070700
-0.09570679 -0.07653069 0.90497557 0.11202300 0.13212299 0.23073000
0.09569517 0.07651610 -0.90500973 -0.11237700 -0.13202100 -0.23062600
0.21139183 0.21132117 0.00006164 -0.06408900 -0.06440300 0.00002100
0.30210746 0.69973122 0.36688069 0.11454100 0.32212600 0.26319799
0.28758041 -0.34045206 0.42185488 0.12303100 -0.08611500 0.32933599
0.54348045 0.34052862 -0.24013822 0.34401801 0.15089101 0.21239901
-0.34053531 -0.54346778 -0.24018863 -0.15096100 -0.34403601 0.21232800
-0.28762969 0.34055027 -0.42196401 -0.12310400 0.08616000 -0.32926199
0.69973380 0.30207931 -0.36689090 0.32212099 0.11454800 -0.26331601
-0.69973594 -0.30208682 0.36689829 -0.32204100 -0.11448100 0.26319501
0.34052538 0.54351933 0.24014738 0.15079699 0.34409299 -0.21237500
-0.54350886 -0.34054324 0.24017708 -0.34405500 -0.15085000 -0.21235199
-0.30210788 -0.69976686 -0.36689162 -0.11446800 -0.32206100 -0.26325300
0.34047074 -0.28758445 0.42189399 0.08611900 -0.12306300 0.32926601
-0.34051813 0.28757682 -0.42194370 -0.08615800 0.12306600 -0.32933599
0.00013994 -0.00000494 -0.00005183 0.00004700 -0.00027000 -0.00008100
-0.12750747 0.09632066 0.59831737 -0.00501500 -0.26520601 0.25430000
-0.09628540 -0.59833973 0.12747906 0.26514301 -0.25438499 0.00493700
0.59829246 -0.12747973 0.09626464 0.25434601 -0.00476800 -0.26512900
0.12753233 -0.09631878 -0.59834068 0.00490500 0.26532501 -0.25436100
-0.59835718 0.12748494 -0.09625118 -0.25432000 0.00489400 0.26517701
0.09635429 0.59835969 -0.12751753 -0.26516399 0.25460601 -0.00487100
0.00005982 0.00010015 0.00010071 0.00002400 -0.00026300 -0.00005100
0.34163737 -0.42004901 -0.12566725 0.14296301 -0.26398301 -0.19939201
0.41993695 0.12566496 -0.34155921 0.26403999 0.19941300 -0.14286000
-0.61801438 -0.47025733 -0.75069616 -0.16287400 -0.35730201 -0.44972599
-0.42009553 -0.12563933 0.34166762 -0.26398399 -0.19945399 0.14293000
-0.47027124 -0.75077838 -0.61809138 -0.35743299 -0.44973800 -0.16298500
-0.34166170 0.42002294 0.12560735 -0.14281100 0.26402199 0.19945800
0.61811050 0.47016069 0.75073704 0.16299500 0.35730699 0.44962800
0.75074132 0.61804340 0.47018281 0.44952500 0.16304401 0.35745001
-0.12568096 0.34165532 -0.41993430 -0.19935501 0.14293800 -0.26404500
-0.75078031 -0.61805336 -0.47023305 -0.44979399 -0.16292600 -0.35734299
0.12567967 -0.34160493 0.41990537 0.19947600 -0.14290200 0.26406401
0.47016954 0.75071277 0.61808059 0.35728601 0.44964701 0.16290000
-0.12746645 0.59833924 0.09626469 -0.00476900 0.25465900 -0.26533499
0.09628010 -0.12754793 0.59837472 -0.26544300 -0.00489800 0.25463799
-0.00010137 0.00015846 -0.00010969 0.00010900 0.00006800 0.00004900
-0.59832370 -0.09630305 0.12747124 -0.25451699 0.26547000 0.00475100
0.59839107 0.09629428 -0.12749207 0.25466600 -0.26528099 -0.00476900
-0.09631813 0.12756612 -0.59828713 0.26543400 0.00469700 -0.25438699
0.00003214 0.00011013 -0.00000602 0.00006600 0.00004200 0.00004300
0.12747820 -0.59837272 -0.09627800 0.00467700 -0.25443500 0.26532301
0.42003736 -0.34165365 0.12563935 0.26381701 -0.14303499 0.19935501
0.12561952 0.41986028 -0.34158546 0.19932900 0.26383200 -0.14301001
-0.12568102 -0.41995295 0.34157897 -0.19928101 -0.26394501 0.14297400
-0.42004096 0.34164000 -0.12568563 -0.26389301 0.14295900 -0.19932500
-0.34161128 0.12571344 0.42000189 -0.14298800 0.19930100 0.26385000
-0.75074798 -0.47029428 -0.61802830 -0.44981301 -0.35741600 -0.16310599
0.47027547 0.61802587 0.75071192 0.35731199 0.16295300 0.44979101
0.75069119 0.47014373 0.61808470 0.44974601 0.35734600 0.16294099
0.61808035 0.75076944 0.47023688 0.16294600 0.44980499 0.35733801
0.34160176 -0.12565925 -0.41998081 0.14302300 -0.19932701 -0.26397601
-0.61805774 -0.75076119 -0.47019626 -0.16306600 -0.44972700 -0.35741401
-0.47013853 -0.61807596 -0.75071498 -0.35735601 -0.16306600 -0.44973201
0.90496613 -0.09569952 -0.07650597 0.23078801 0.11194800 0.13197500
-0.00004819 -0.21136666 -0.21136470 0.00000700 0.06450800 0.06414100
-0.90498168 -0.07652437 -0.09567829 -0.23074999 0.13200501 0.11235200
0.00001328 -0.00005658 -0.00004281 0.00000300 0.00010800 -0.00019600
-0.90496140 0.09568277 0.07652144 -0.23067699 -0.11238600 -0.13201500
-0.00001298 0.21141756 0.21137491 0.00000100 -0.06411500 -0.06434400
0.90496685 0.07655461 0.09571833 0.23084100 -0.13215099 -0.11202800
0.00001307 0.00002352 0.00012043 -0.00000900 0.00013500 -0.00019300
-0.24014975 -0.34052596 -0.54347291 0.21237200 -0.15094100 -0.34405801
0.36688838 0.30210524 0.69977931 0.26325899 0.11451100 0.32202101
-0.36690167 -0.30211511 -0.69976258 -0.26336601 -0.11457600 -0.32205501
-0.42184648 -0.28759752 0.34028941 -0.32937801 -0.12302200 0.08620800
0.24013901 -0.54349996 -0.34055763 -0.21236899 -0.34411401 -0.15078700
-0.24019443 0.54342953 0.34051429 0.21236500 0.34408599 0.15097199
-0.42190441 -0.34051333 0.28757976 -0.32922000 -0.08613600 0.12306200
0.36687446 -0.69976308 -0.30205929 0.26327899 -0.32203001 -0.11460700
0.24018277 0.34056725 0.54351434 -0.21241200 0.15085100 0.34415600
0.42192042 0.28760072 -0.34046300 0.32923299 0.12302800 -0.08614500
-0.36687746 0.69976548 0.30211330 -0.26335800 0.32211900 0.11459200
0.42191407 0.34051540 -0.28761834 0.32938999 0.08617200 -0.12305200
-0.21446242 0.21447415 0.21449678 -0.37291199 0.37289599 0.37285700
-0.74674374 -0.74673339 -0.74674931 -0.24896900 -0.24870500 -0.24899600
-0.21446646 -0.21445567 -0.21447665 -0.37288001 -0.37268800 -0.37288401
0.74674601 0.74673465 -0.74676911 0.24868099 0.24890301 -0.24899299
0.74674528 -0.74674549 0.74676271 0.24897701 -0.24881400 0.24903800
-0.74674356 0.74671326 0.74674287 -0.24900199 0.24890800 0.24866299
0.21446740 -0.21446809 0.21449437 0.37302399 -0.37293401 0.37303400
0.21443316 0.21445865 -0.21447021 0.37278301 0.37285000 -0.37290099
1.04818654 -0.12948359 0.32769293 0.28516600 0.25788200 0.25967601
-1.04817097 -0.12948194 -0.32766112 -0.28510800 0.25774801 -0.25965899
-0.32769060 1.04819651 0.12947768 -0.25958499 0.28513899 -0.25774300
-1.04818753 0.12947382 0.32766792 -0.28499600 -0.25774801 0.25966501
1.04822087 0.12949525 -0.32769568 0.28518501 -0.25778100 -0.25970399
0.32765571 -1.04820140 0.12947094 0.25966200 -0.28523999 -0.25787801
-0.32771388 -1.04822646 -0.12945841 -0.25969699 -0.28518599 0.25780699
-0.12942176 0.32769818 1.04821570 0.25782201 0.25966999 0.28517300
0.12947163 0.32769321 -1.04822774 -0.25775999 0.25956500 -0.28513101
-0.12943984 -0.32769106 -1.04821543 0.25772899 -0.25965101 -0.28501800
0.32766821 1.04822643 -0.12952234 0.25979200 0.28492799 0.25781000
0.12944595 -0.32767700 1.04822410 -0.25791201 -0.25974301 0.28518301
0.59833306 -0.12746812 -0.09625444 0.25435299 -0.00471600 0.26521999
0.00002364 0.00009851 -0.00000683 0.00009100 -0.00014500 0.00004900
-0.12748557 0.09627075 -0.59835948 -0.00496600 -0.26529300 -0.25426501
0.09632687 0.59834528 0.12753173 -0.26512700 0.25458401 0.00479700
0.12751315 -0.09633125 0.59829133 0.00469000 0.26544800 0.25437501
-0.59838883 0.12747836 0.09629845 -0.25425500 0.00469700 -0.26517099
-0.09631737 -0.59829623 -0.12750038 0.26540801 -0.25454399 -0.00491300
0.00016566 -0.00011361 0.00011911 0.00011300 -0.00018100 0.00003200
0.12567097 -0.34162016 -0.42001623 0.19942500 -0.14297500 -0.26400501
0.61802682 0.47027356 -0.75075260 0.16281500 0.35732201 -0.44960299
0.47014823 0.75069042 -0.61807918 0.35729799 0.44970000 -0.16292199
0.42007338 0.12567677 0.34165357 0.26382801 0.19932100 0.14285700
-0.12563846 0.34157576 0.41997288 -0.19935700 0.14287600 0.26394400
-0.61806842 -0.47014486 0.75074027 -0.16299900 -0.35724699 0.44967699
-0.34167793 0.41993741 -0.12563666 -0.14283700 0.26392999 -0.19941901
-0.47028948 -0.75077391 0.61803742 -0.35737401 -0.44966701 0.16300100
0.75073352 0.61803040 -0.47025584 0.44966701 0.16304900 -0.35749301
-0.75073778 -0.61806662 0.47017978 -0.44969499 -0.16294301 0.35729301
-0.42001990 -0.12562933 -0.34167061 -0.26395601 -0.19942801 -0.14290400
0.34160845 -0.41993311 0.12570772 0.14287800 -0.26378801 0.19945000
-0.13219282 -0.15054169 0.04527794 -0.20069100 -0.23579900 -0.39270499
-0.11665849 -0.25898607 0.32128042 -0.58013499 0.30029699 0.24637701
0.72143972 -0.18135176 -0.12380558 0.19515000 0.25195599 -0.13003001
-0.13496371 -0.28333948 0.14670796 -0.13055199 -0.35257700 0.39294800
-0.42194186 0.20185755 -0.21310669 0.18674999 -0.20068200 0.16849600
0.03581460 -0.80428339 0.00354767 0.23193900 -0.26006201 -0.05171600
-0.36516424 -0.22564280 0.32326182 -0.25553301 0.22392599 0.17779300
-0.41057073 0.22319701 -0.13912496 -0.12280600 -0.04176300 -0.53091699
0.21445412 0.39824356 -1.22027298 0.36068901 0.40082800 -0.69482303
0.41647739 0.72939372 -0.53237507 0.17937399 0.18267800 -0.48080501
-0.07734092 -0.33139736 0.00732692 -0.14966400 -0.00251000 -0.22228900
0.42711093 0.15168327 0.53275984 0.12156300 0.44239900 0.24058700
0.36292550 -0.18845367 0.22714057 -0.22639100 -0.12520200 0.62968099
-0.65080870 0.34967600 0.46703902 -0.17777900 -0.38483199 0.32100999
-0.53524887 0.40874325 0.86773811 0.02544200 -0.17868200 0.52353901
0.79112722 -0.67074643 -0.19573266 0.55624998 -0.36019900 0.07642200
-0.25221847 -0.42081764 -0.17192243 0.32467699 -0.88249201 -0.01498700
-0.35988809 0.09787361 -0.85149323 -0.30278200 0.55321801 -0.37841401
0.33935964 0.62488884 0.26561952 0.07790000 0.42627099 0.03479100
0.14828779 0.33000348 0.24013379 -0.11340100 0.24322601 0.08504200
-0.09571502 -0.07653242 0.90495926 0.11229200 0.13206600 0.23052000
-0.00005673 -0.00001373 -0.00001284 0.00005100 -0.00005100 0.00013700
-0.21139152 -0.21130213 -0.00006956 0.06423500 0.06405900 -0.00004400
-0.07652780 -0.09569832 -0.90497740 0.13221700 0.11238900 -0.23082700
-0.00008700 0.00002843 -0.00000429 0.00006900 -0.00007200 0.00013100
0.09573572 0.07651598 -0.90494470 -0.11231100 -0.13208900 -0.23084800
0.07652472 0.09569780 0.90500052 -0.13229600 -0.11205100 0.23051199
0.21135374 0.21136397 -0.00006214 -0.06433000 -0.06451400 0.00027700
-0.28756311 0.34047930 -0.42187437 -0.12308700 0.08609900 -0.32925799
-0.30209537 -0.69974550 -0.36690327 -0.11462500 -0.32206401 -0.26331699
-0.69974770 -0.30210298 0.36687770 -0.32217500 -0.11466200 0.26321501
0.28760026 -0.34052248 0.42195398 0.12298400 -0.08607700 0.32930800
0.69978671 0.30214081 -0.36687699 0.32220700 0.11464400 -0.26331699
0.34055514 0.54343804 0.24017515 0.15099300 0.34405801 -0.21235800
0.30208710 0.69973929 0.36688203 0.11463000 0.32212499 0.26327199
0.54350025 0.34057203 -0.24019541 0.34414300 0.15105601 0.21249001
0.34040253 -0.28760570 0.42191005 0.08597500 -0.12311700 0.32926801
-0.54348476 -0.34051643 0.24016096 -0.34411201 -0.15084299 -0.21226600
-0.34057395 -0.54349770 -0.24016742 -0.15079200 -0.34405601 0.21240801
-0.34030322 0.28756174 -0.42183126 -0.08606900 0.12310000 -0.32930300
0.34354537 0.08142258 0.54416851 0.59437698 -0.13619301 0.84364903
-0.50052193 0.52466187 -0.87820078 -0.03791700 0.38981900 -0.96504301
-0.50051825 0.52466158 -0.87819877 -0.03791100 0.38983801 -0.96504903
0.38416795 0.55180382 0.05953165 0.00219000 0.34793699 0.39350200
-0.47731921 -0.23385535 -0.37306731 -0.10438800 -0.35446200 -0.43074599
0.34354592 0.08141666 0.54417086 0.59436703 -0.13621500 0.84364200
-0.47731993 -0.23385645 -0.37306971 -0.10438300 -0.35446399 -0.43072799
0.38416643 0.55180902 0.05952831 0.00221000 0.34794801 0.39350000
-0.05844815 -0.85461384 -0.02693004 0.28878999 -0.17909700 -0.10127900
-0.35669170 -0.72546593 -0.28624246 -0.26405600 -0.30628401 -0.60610801
-0.05845049 -0.85461368 -0.02693187 0.28884700 -0.17910600 -0.10131400
0.38083136 0.57209028 -0.31845420 0.13112900 -0.01223200 -0.05857500
0.19083422 0.02509934 1.00740883 -0.06502800 0.10937900 0.38357201
-0.05791144 -0.14225004 -0.14260732 -0.46621999 -0.25811800 0.06185200
-0.35669071 -0.72546632 -0.28624222 -0.26411301 -0.30632100 -0.60614598
-0.05790968 -0.14225226 -0.14260683 -0.46624300 -0.25818801 0.06178100
0.15150853 0.20111261 0.41439240 -0.07894100 0.39930800 0.47919399
0.38083095 0.57209002 -0.31845575 0.13121399 -0.01219900 -0.05850900
0.19084059 0.02509705 1.00741255 -0.06498000 0.10946400 0.38356799
0.15151018 0.20110903 0.41439417 -0.07894400 0.39918500 0.47924000
-0.21447059 0.21447259 0.21447555 -0.37278599 0.37292501 0.37291399
-0.74675088 0.74674717 0.74675432 -0.24866100 0.24880800 0.24910100
0.74671862 -0.74674854 0.74673730 0.24907000 -0.24902800 0.24898000
0.21447386 -0.21446617 0.21447702 0.37283501 -0.37285599 0.37298399
-0.74673459 -0.74674536 -0.74673686 -0.24868900 -0.24888299 -0.24897701
0.74673687 0.74675048 -0.74675555 0.24861400 0.24877299 -0.24900900
-0.21447063 -0.21448619 -0.21448039 -0.37277001 -0.37270999 -0.37305301
0.21447334 0.21445295 -0.21447242 0.37272099 0.37288299 -0.37307200
1.04822467 0.32767287 -0.12952537 0.28498799 0.25972199 0.25804400
0.32769717 0.12947110 -1.04822561 0.25962201 -0.25779301 -0.28514001
-0.32768757 0.12946746 1.04822591 -0.25974599 -0.25789100 0.28507200
0.32770721 -0.12944305 1.04821595 0.25961900 0.25787300 0.28512001
-1.04822684 0.32767661 0.12949249 -0.28520900 0.25961801 -0.25777799
-0.12947916 1.04818670 0.32769104 0.25781199 0.28509000 0.25969300
0.12948359 1.04821264 -0.32769520 -0.25767899 0.28519800 -0.25968301
0.12947153 -1.04818828 0.32766397 -0.25788400 -0.28511700 0.25959700
-1.04822425 -0.32771765 -0.12946221 -0.28516701 -0.25959301 0.25787899
-0.12946657 -1.04816164 -0.32766126 0.25780001 -0.28514701 -0.25964901
1.04822121 -0.32771421 0.12949621 0.28509200 -0.25961199 -0.25781801
-0.32769696 -0.12943948 -1.04821492 -0.25957900 0.25773901 -0.28520501
0.12754815 0.09630118 0.59836771 0.00488500 -0.26523000 0.25455800
-0.12757210 -0.09636564 -0.59828870 -0.00468000 0.26521501 -0.25462401
-0.00010965 0.00003655 -0.00003109 0.00008400 -0.00002200 -0.00005500
-0.59830677 -0.12749739 0.09630756 -0.25419101 -0.00501500 -0.26558501
0.09631247 -0.59835427 0.12753881 -0.26558399 -0.25420299 0.00469500
0.59837029 0.12747286 -0.09628342 0.25444600 0.00488400 0.26547199
-0.09631954 0.59830672 -0.12754829 0.26535100 0.25438800 -0.00447300
-0.00012838 0.00012024 -0.00014667 0.00008100 -0.00001100 -0.00011700
0.12564441 0.34166359 -0.42006742 0.19939101 0.14302699 -0.26393601
-0.34165366 -0.42003528 -0.12566962 -0.14285301 -0.26393101 -0.19932000
0.61805887 -0.47025106 -0.75075165 0.16256399 -0.35721099 -0.44961801
-0.47014805 0.75072012 0.61806717 -0.35728201 0.44937301 0.16279300
0.75074205 -0.61809188 -0.47016292 0.44949299 -0.16302800 -0.35716200
-0.61807252 0.47020298 0.75073558 -0.16285400 0.35719100 0.44976801
-0.41991131 0.12564588 -0.34161931 -0.26394099 0.19951400 -0.14306600
-0.12567160 -0.34159160 0.41998349 -0.19919500 -0.14269000 0.26390699
0.34169236 0.42008612 0.12564610 0.14303499 0.26409400 0.19945100
0.47026243 -0.75075275 -0.61802886 0.35725799 -0.44976801 -0.16295899
0.42000971 -0.12565362 0.34168621 0.26375800 -0.19951899 0.14287101
-0.75074715 0.61803725 0.47026534 -0.44976699 0.16294201 0.35740000
-0.25049232 0.18817574 -0.69917993 -0.00597600 -0.02536200 -0.21325199
0.25047811 -0.18818795 0.69923974 0.00593500 0.02495600 0.21332499
0.25183188 -0.50914440 0.13308591 0.16513801 -0.12876700 0.32364100
-0.25049997 0.18821650 0.69917522 -0.00598500 -0.02530600 0.21316500
-0.25171700 0.50922855 -0.13315792 -0.16518299 0.12892300 -0.32337299
-0.25170659 0.50919527 0.13315572 -0.16511700 0.12896200 0.32333601
0.25183731 -0.50912748 -0.13306237 0.16519700 -0.12885299 -0.32356799
0.25053628 -0.18819988 -0.69923009 0.00593400 0.02490900 -0.21322800
-0.16048638 0.10847129 -0.16679898 0.10720400 -0.16562399 -0.05652200
-0.14479456 0.23970168 -0.50400190 -0.14151099 -0.11262000 -0.30827400
0.02754250 0.12187331 0.07999599 0.02328300 0.09005600 -0.02273400
-0.16041966 0.10844049 0.16682223 0.10724500 -0.16565700 0.05665100
-0.02770080 -0.12189362 -0.07983395 -0.02335000 -0.08991000 0.02256600
0.16058590 -0.10848125 -0.16694742 -0.10717700 0.16574800 -0.05641600
0.14470164 -0.23969457 0.50398328 0.14160199 0.11250400 0.30828899
0.02755415 0.12192133 -0.07995502 0.02329400 0.09030500 0.02279600
-0.02771601 -0.12189235 0.07978304 -0.02342100 -0.08998700 -0.02264800
0.16057804 -0.10843494 0.16683240 -0.10710100 0.16563199 0.05632700
0.14472427 -0.23979413 -0.50399395 0.14159299 0.11272700 -0.30838999
-0.14483677 0.23962640 0.50408801 -0.14160700 -0.11263400 0.30830801
0.33291478 -0.21923899 -0.57825955 0.19989599 -0.02111000 -0.03342100
-0.22677221 -0.01163985 0.40007124 0.13378200 0.03434500 -0.01875200
-0.24218177 -0.00327161 0.41195127 0.06279200 0.12469300 0.05162200
-0.33301181 0.21928603 0.57827411 -0.20009500 0.02071900 0.03323400
0.24215827 0.00337165 -0.41208710 -0.06285400 -0.12472400 -0.05174000
-0.23091172 0.29501876 0.51977751 -0.19881199 0.12485600 0.12416600
0.22684464 0.01169914 -0.40008660 -0.13390800 -0.03397000 0.01889700
0.23094761 -0.29509663 -0.51979947 0.19875801 -0.12435100 -0.12413300
-0.52179559 -0.06790048 0.24994934 0.16431101 -0.02977900 0.19070099
-0.12068613 -0.15362881 0.40360052 0.11133800 0.11278100 0.12717700
0.89177489 0.46809374 0.33184484 0.12885199 0.22564200 0.09192500
-0.89183681 -0.46814389 -0.33193659 -0.12876999 -0.22599700 -0.09184600
0.15952449 0.72388945 0.30317179 -0.23176099 0.43218300 0.50921202
-0.26548774 -0.30819077 0.33842805 -0.24925700 -0.33411399 0.05433400
0.52183064 0.06787690 -0.24984839 -0.16425499 0.02952200 -0.19075599
-0.15953936 -0.72387577 -0.30304144 0.23180699 -0.43231800 -0.50941998
0.45543856 -0.37896745 0.19890214 0.24811199 -0.04672200 0.03252200
0.12071516 0.15358459 -0.40364883 -0.11120400 -0.11271500 -0.12700200
-0.45536669 0.37893807 -0.19886230 -0.24816599 0.04691000 -0.03242900
0.26544079 0.30819590 -0.33840052 0.24943399 0.33414799 -0.05429400
0.12755020 -0.59835184 -0.09637114 0.00476800 -0.25451100 0.26513499
-0.12747946 0.59831037 0.09627254 -0.00479800 0.25466999 -0.26520199
0.09628731 -0.12747277 0.59835473 -0.26515901 -0.00461900 0.25437200
-0.59835381 -0.09629943 0.12754594 -0.25438201 0.26537299 0.00490900
0.00009272 0.00009238 0.00007713 -0.00009800 -0.00021500 0.00001100
0.00002632 -0.00000657 0.00000061 -0.00010200 -0.00018100 -0.00000500
-0.09634030 0.12751076 -0.59834483 0.26528999 0.00481700 -0.25429201
0.59830708 0.09630051 -0.12755296 0.25427800 -0.26537400 -0.00499500
-0.34171957 0.12566850 0.42014721 -0.14295000 0.19925500 0.26411501
-0.75077682 -0.47024160 -0.61806023 -0.44968799 -0.35729101 -0.16294600
0.42008372 -0.34164034 0.12566857 0.26399899 -0.14296000 0.19946200
-0.12566270 -0.42002829 0.34164920 -0.19938099 -0.26383901 0.14293499
0.61804277 0.75069216 0.47019422 0.16291299 0.44967499 0.35729501
0.34160082 -0.12562913 -0.41997617 0.14291100 -0.19935700 -0.26393601
-0.47024630 -0.61808159 -0.75078590 -0.35725400 -0.16291399 -0.44976401
0.75071585 0.47017022 0.61803147 0.44968501 0.35740000 0.16300300
-0.41997802 0.34161093 -0.12565387 -0.26392499 0.14294100 -0.19937700
0.47021694 0.61803903 0.75072147 0.35740101 0.16296300 0.44954601
-0.61805864 -0.75072924 -0.47022717 -0.16291200 -0.44974801 -0.35743701
0.12569187 0.42008597 -0.34169083 0.19940400 0.26391500 -0.14282800
0.90497962 0.07649858 -0.09573321 0.23087101 -0.13201100 0.11214900
-0.00005244 -0.21133304 0.21136668 -0.00003800 0.06413500 -0.06431600
-0.00003991 0.00003721 -0.00015494 -0.00026900 0.00004700 0.00005900
-0.00004061 0.00001242 -0.00015490 -0.00029800 0.00007100 0.00005300
-0.90497018 0.09569755 -0.07649344 -0.23051800 -0.11211900 0.13187300
-0.90495593 -0.07653995 0.09573957 -0.23054600 0.13182500 -0.11206300
0.90499758 -0.09569400 0.07653115 0.23087700 0.11212200 -0.13200399
-0.00006450 0.21133477 -0.21139266 0.00002500 -0.06423000 0.06412600
0.42191626 0.28754531 0.34042408 0.32936600 0.12313200 0.08612600
-0.42186439 -0.28759527 -0.34029920 -0.32924601 -0.12313700 -0.08608900
-0.42186853 -0.34045654 -0.28758950 -0.32936800 -0.08614800 -0.12311500
-0.24019191 -0.34054950 0.54345744 0.21226899 -0.15083399 0.34398001
0.36684807 0.30208230 -0.69974017 0.26330301 0.11468100 -0.32201701
0.24021581 -0.54344622 0.34056194 -0.21236800 -0.34399000 0.15096401
-0.36685214 -0.30209098 0.69975625 -0.26323801 -0.11464600 0.32203501
-0.24018126 0.54348957 -0.34054258 0.21227799 0.34399101 -0.15083100
-0.36688427 0.69971759 -0.30207116 -0.26324600 0.32202601 -0.11467400
0.36686468 -0.69976537 0.30209323 0.26328501 -0.32201999 0.11463800
0.42193789 0.34050178 0.28759029 0.32925600 0.08613000 0.12312200
0.24020617 0.34055378 -0.54334888 -0.21239300 0.15097600 -0.34401801
