-0.00006871 -0.03156981 0.28327952 -0.00000000 0.10608000 -0.00856900
0.00006872 0.03143427 -0.28317944 -0.00000000 -0.10608000 0.00856900
0.00006872 -0.03158374 -0.28324169 0.00000000 0.10608000 0.00856900
-0.00006872 0.03154388 0.28332765 -0.00000000 -0.10608000 -0.00856900
-0.00004228 0.65462039 -0.35670121 0.00000000 -0.79446399 0.06736500
0.00004228 -0.65469973 0.35651759 0.00000000 0.79446399 -0.06736500
0.00004228 0.65474487 0.35649457 0.00000000 -0.79446399 -0.06736500
-0.00004228 -0.65458230 -0.35670539 0.00000000 0.79446399 0.06736500
-0.00004335 -1.18289103 0.20056060 -0.00000000 0.38187701 -0.14981601
0.00004335 1.18308023 -0.20042120 0.00000000 -0.38187701 0.14981601
0.00004335 -1.18308971 -0.20044792 0.00000000 0.38187701 0.14981601
-0.00004335 1.18299268 0.20051691 -0.00000000 -0.38187701 -0.14981601
-0.00002759 -0.12727067 0.17627149 0.00000000 0.00125400 0.00087000
0.00002759 0.12729610 -0.17625859 -0.00000000 -0.00125400 -0.00087000
0.00002759 -0.12731161 -0.17625239 -0.00000000 0.00125400 -0.00087000
-0.00002759 0.12719428 0.17629821 -0.00000000 -0.00125400 0.00087000
-0.00000138 1.48473326 -0.54451976 0.00000000 0.00009500 0.00157000
0.00000138 -1.48472642 0.54449024 -0.00000000 -0.00009500 -0.00157000
0.00000138 1.48470297 0.54447243 0.00000000 0.00009500 -0.00157000
-0.00000138 -1.48473156 -0.54448582 0.00000000 -0.00009500 0.00157000
-0.00004124 -1.49903504 0.36906198 0.00000000 -0.00053300 -0.00138200
0.00004124 1.49909629 -0.36903325 0.00000000 0.00053300 0.00138200
0.00004124 -1.49896876 -0.36910538 -0.00000000 -0.00053300 0.00138200
-0.00004124 1.49902115 0.36906082 -0.00000000 0.00053300 -0.00138200
-0.00010009 -0.08571953 0.32900606 0.00000000 0.09056500 -0.00728500
0.00010009 0.08586732 -0.32926085 -0.00000000 -0.09056500 0.00728500
0.00010009 -0.08568423 -0.32922949 0.00000000 0.09056500 0.00728500
-0.00010009 0.08576516 0.32920104 -0.00000000 -0.09056500 -0.00728500
-0.00006162 0.83232789 -0.38029313 0.00000000 -0.67347097 0.05672700
0.00006162 -0.83246957 0.38021978 -0.00000000 0.67347097 -0.05672700
0.00006162 0.83239299 0.38033996 -0.00000000 -0.67347097 -0.05672700
-0.00006162 -0.83250829 -0.38016277 0.00000000 0.67347097 0.05672700
-0.00006283 -1.25217961 0.22359925 -0.00000000 0.32425201 -0.12709700
0.00006282 1.25233160 -0.22345679 0.00000000 -0.32425201 0.12709700
0.00006282 -1.25232243 -0.22347409 0.00000000 0.32425201 0.12709700
-0.00006283 1.25219871 0.22351102 -0.00000000 -0.32425201 -0.12709700
-0.00004184 -0.08449807 0.18797753 -0.00000000 0.00297200 0.00062700
0.00004184 0.08449740 -0.18797232 0.00000000 -0.00297200 -0.00062700
0.00004184 -0.08447613 -0.18810933 -0.00000000 0.00297200 -0.00062700
-0.00004184 0.08447660 0.18809792 -0.00000000 -0.00297200 0.00062700
-0.00000358 1.47773038 -0.59854688 0.00000000 0.00190800 0.00083400
0.00000358 -1.47773105 0.59855201 -0.00000000 -0.00190800 -0.00083400
0.00000358 1.47772976 0.59848541 0.00000000 0.00190800 -0.00083400
-0.00000358 -1.47772972 -0.59848794 -0.00000000 -0.00190800 0.00083400
-0.00006021 -1.53597126 0.37635572 0.00000000 0.00172700 -0.00187100
0.00006021 1.53597241 -0.37635315 0.00000000 -0.00172700 0.00187100
0.00006021 -1.53602896 -0.37634941 0.00000000 0.00172700 0.00187100
-0.00006021 1.53602865 0.37635044 0.00000000 -0.00172700 -0.00187100
-0.00013605 -0.13951289 0.37518931 -0.00000000 0.07550200 -0.00592000
0.00013605 0.13949685 -0.37505843 0.00000000 -0.07550200 0.00592000
0.00013605 -0.13934733 -0.37523456 -0.00000000 0.07550200 0.00592000
-0.00013605 0.13952991 0.37510436 0.00000000 -0.07550200 -0.00592000
-0.00008373 1.00531171 -0.40237283 0.00000000 -0.55755401 0.04683400
0.00008373 -1.00536034 0.40253195 0.00000000 0.55755401 -0.04683400
0.00008373 1.00535403 0.40249857 -0.00000000 -0.55755401 -0.04683400
-0.00008373 -1.00535685 -0.40245143 0.00000000 0.55755401 0.04683400
-0.00008518 -1.31840064 0.24472139 0.00000000 0.26903799 -0.10532300
0.00008518 1.31827807 -0.24487545 -0.00000000 -0.26903799 0.10532300
0.00008518 -1.31834922 -0.24476956 -0.00000000 0.26903799 0.10532300
-0.00008518 1.31835670 0.24471669 0.00000000 -0.26903799 -0.10532300
-0.00005907 -0.04562304 0.20213128 -0.00000000 0.00450100 0.00037300
0.00005907 0.04558827 -0.20199343 -0.00000000 -0.00450100 -0.00037300
0.00005907 -0.04562955 -0.20227805 0.00000000 0.00450100 -0.00037300
-0.00005907 0.04563276 0.20209985 -0.00000000 -0.00450100 0.00037300
-0.00000694 1.46658263 -0.64743893 -0.00000000 0.00270700 -0.00146700
0.00000694 -1.46659112 0.64753459 0.00000000 -0.00270700 0.00146700
0.00000694 1.46656894 0.64737637 -0.00000000 0.00270700 0.00146700
-0.00000694 -1.46659768 -0.64750609 0.00000000 -0.00270700 -0.00146700
-0.00008219 -1.56578207 0.37983718 0.00000000 0.00308600 -0.00254600
0.00008219 1.56575602 -0.37978038 -0.00000000 -0.00308600 0.00254600
0.00008219 -1.56585006 -0.37969702 -0.00000000 0.00308600 0.00254600
-0.00008219 1.56594490 0.37971463 -0.00000000 -0.00308600 -0.00254600
0.00002656 -0.11607828 0.37579370 -0.00000000 0.06084000 -0.00474500
-0.00002656 0.11614444 -0.37581599 0.00000000 -0.06084000 0.00474500
-0.00002656 -0.11602462 -0.37583020 -0.00000000 0.06084000 0.00474500
0.00002656 0.11604903 0.37578603 0.00000000 -0.06084000 -0.00474500
0.00000183 1.09815776 -0.46880803 -0.00000000 -0.44612801 0.03737700
-0.00000183 -1.09816329 0.46880841 0.00000000 0.44612801 -0.03737700
-0.00000183 1.09813531 0.46877456 -0.00000000 -0.44612801 -0.03737700
0.00000183 -1.09809502 -0.46878365 0.00000000 0.44612801 0.03737700
0.00004019 -1.38125793 0.26558499 0.00000000 0.21586999 -0.08438400
-0.00004019 1.38129812 -0.26558176 0.00000000 -0.21586999 0.08438400
-0.00004019 -1.38133452 -0.26554196 -0.00000000 0.21586999 0.08438400
0.00004019 1.38116900 0.26561390 0.00000000 -0.21586999 -0.08438400
0.00002902 -0.01269228 0.22018763 0.00000000 0.00394000 0.00262500
-0.00002902 0.01268766 -0.22020277 -0.00000000 -0.00394000 -0.00262500
-0.00002902 -0.01275816 -0.22024340 -0.00000000 0.00394000 -0.00262500
0.00002902 0.01277686 0.22023402 0.00000000 -0.00394000 0.00262500
0.00000438 1.44219863 -0.68143458 0.00000000 0.00071900 0.00232700
-0.00000438 -1.44223935 0.68143625 -0.00000000 -0.00071900 -0.00232700
-0.00000438 1.44225273 0.68145779 0.00000000 0.00071900 -0.00232700
0.00000438 -1.44225376 -0.68144873 0.00000000 -0.00071900 0.00232700
0.00003903 -1.59250028 0.38209081 -0.00000000 -0.00161800 -0.00023200
-0.00003903 1.59253315 -0.38208563 0.00000000 0.00161800 0.00023200
-0.00003903 -1.59265562 -0.38203972 -0.00000000 -0.00161800 0.00023200
0.00003903 1.59265043 0.38204833 -0.00000000 0.00161800 -0.00023200
0.00001123 -0.05544528 0.35414574 0.00000000 0.04659100 -0.00415300
-0.00001123 0.05549894 -0.35420348 -0.00000000 -0.04659100 0.00415300
-0.00001123 -0.05542440 -0.35431277 -0.00000000 0.04659100 0.00415300
0.00001123 0.05543643 0.35414903 -0.00000000 -0.04659100 -0.00415300
0.00000138 1.15004229 -0.55519642 -0.00000000 -0.33899301 0.02821900
-0.00000138 -1.15006502 0.55531140 0.00000000 0.33899301 -0.02821900
-0.00000138 1.15002351 0.55520974 0.00000000 -0.33899301 -0.02821900
0.00000138 -1.15002106 -0.55525587 0.00000000 0.33899301 0.02821900
0.00001600 -1.44165366 0.28500691 0.00000000 0.16474500 -0.06472500
-0.00001600 1.44173909 -0.28487733 -0.00000000 -0.16474500 0.06472500
-0.00001600 -1.44171841 -0.28489484 0.00000000 0.16474500 0.06472500
0.00001600 1.44158756 0.28491789 -0.00000000 -0.16474500 -0.06472500
0.00001195 0.01780047 0.23760072 0.00000000 0.00236200 0.00245500
-0.00001195 -0.01789501 -0.23781017 0.00000000 -0.00236200 -0.00245500
-0.00001195 0.01785175 -0.23786228 -0.00000000 0.00236200 -0.00245500
0.00001195 -0.01792015 0.23770077 -0.00000000 -0.00236200 0.00245500
0.00000212 1.42672080 -0.72194338 -0.00000000 0.00108900 -0.00139000
-0.00000212 -1.42676949 0.72204878 -0.00000000 -0.00108900 0.00139000
-0.00000212 1.42671183 0.72196483 -0.00000000 0.00108900 0.00139000
0.00000212 -1.42664471 -0.72184722 -0.00000000 -0.00108900 -0.00139000
0.00001563 -1.60997541 0.38332858 0.00000000 -0.00090600 0.00305200
-0.00001563 1.61019352 -0.38314251 -0.00000000 0.00090600 -0.00305200
-0.00001563 -1.61007224 -0.38321340 0.00000000 -0.00090600 -0.00305200
0.00001563 1.60999864 0.38317529 -0.00000000 0.00090600 0.00305200
-0.00000492 -0.01311462 0.27227935 0.00000000 0.03306000 -0.00295600
0.00000492 0.01313292 -0.27224464 0.00000000 -0.03306000 0.00295600
0.00000492 -0.01314404 -0.27228303 -0.00000000 0.03306000 0.00295600
-0.00000492 0.01322948 0.27230505 0.00000000 -0.03306000 -0.00295600
-0.00000083 1.19108684 -0.57255175 -0.00000000 -0.23605800 0.01945700
0.00000083 -1.19109296 0.57254679 -0.00000000 0.23605800 -0.01945700
0.00000083 1.19110895 0.57258181 -0.00000000 -0.23605800 -0.01945700
-0.00000083 -1.19111525 -0.57258153 -0.00000000 0.23605800 0.01945700
-0.00000663 -1.49968905 0.30297153 -0.00000000 0.11555600 -0.04573700
0.00000663 1.49956520 -0.30302833 0.00000000 -0.11555600 0.04573700
0.00000663 -1.49969486 -0.30299179 0.00000000 0.11555600 0.04573700
-0.00000663 1.49972740 0.30299653 0.00000000 -0.11555600 -0.04573700
-0.00000511 0.03165902 0.18329112 0.00000000 0.00159900 0.00018400
0.00000511 -0.03167658 -0.18327250 -0.00000000 -0.00159900 -0.00018400
0.00000511 0.03164185 -0.18332984 -0.00000000 0.00159900 -0.00018400
-0.00000511 -0.03166078 0.18330729 0.00000000 -0.00159900 0.00018400
-0.00000103 1.39210441 -0.68494282 0.00000000 -0.00046800 -0.00283100
0.00000103 -1.39206033 0.68496232 0.00000000 0.00046800 0.00283100
0.00000103 1.39211872 0.68498560 -0.00000000 -0.00046800 0.00283100
-0.00000103 -1.39207372 -0.68500677 0.00000000 0.00046800 -0.00283100
-0.00000652 -1.62013865 0.37863387 0.00000000 0.00296000 0.00375200
0.00000652 1.62011495 -0.37862762 -0.00000000 -0.00296000 -0.00375200
0.00000652 -1.62011642 -0.37868476 0.00000000 0.00296000 -0.00375200
-0.00000652 1.62008754 0.37868412 -0.00000000 -0.00296000 0.00375200
-0.00002096 0.01747622 0.16211938 0.00000000 0.02002000 -0.00168500
0.00002096 -0.01757226 -0.16205570 0.00000000 -0.02002000 0.00168500
0.00002096 0.01754674 -0.16208045 -0.00000000 0.02002000 0.00168500
-0.00002096 -0.01759813 0.16207642 0.00000000 -0.02002000 -0.00168500
-0.00000435 1.22818594 -0.55394305 -0.00000000 -0.13715100 0.01101300
0.00000435 -1.22816349 0.55394894 -0.00000000 0.13715100 -0.01101300
0.00000435 1.22819415 0.55399137 0.00000000 -0.13715100 -0.01101300
-0.00000435 -1.22821473 -0.55398558 -0.00000000 0.13715100 0.01101300
-0.00002695 -1.55526006 0.32008497 -0.00000000 0.06824500 -0.02757000
0.00002695 1.55523388 -0.32001985 0.00000000 -0.06824500 0.02757000
0.00002695 -1.55514937 -0.32013444 -0.00000000 0.06824500 0.02757000
-0.00002695 1.55532110 0.31999799 0.00000000 -0.06824500 -0.02757000
-0.00002141 0.04178529 0.11157467 0.00000000 0.00107500 0.00110900
0.00002141 -0.04176378 -0.11152972 -0.00000000 -0.00107500 -0.00110900
0.00002141 0.04169737 -0.11151554 0.00000000 0.00107500 -0.00110900
-0.00002141 -0.04167154 0.11154645 -0.00000000 -0.00107500 0.00110900
-0.00000482 1.34967156 -0.61950117 0.00000000 -0.00038200 -0.00131800
0.00000482 -1.34966184 0.61952122 -0.00000000 0.00038200 0.00131800
0.00000482 1.34971810 0.61951457 0.00000000 -0.00038200 0.00131800
-0.00000482 -1.34970721 -0.61951438 0.00000000 0.00038200 -0.00131800
-0.00002668 -1.63066544 0.36809201 -0.00000000 0.00062200 0.00261700
0.00002668 1.63060195 -0.36821745 0.00000000 -0.00062200 -0.00261700
0.00002668 -1.63072400 -0.36816990 -0.00000000 0.00062200 -0.00261700
-0.00002668 1.63071957 0.36819925 -0.00000000 -0.00062200 0.00261700
-0.00003028 0.03136322 0.11011744 0.00000000 0.01361400 -0.00095300
0.00003028 -0.03133979 -0.10997759 -0.00000000 -0.01361400 0.00095300
0.00003028 0.03133461 -0.11014943 0.00000000 0.01361400 0.00095300
-0.00003028 -0.03126265 0.11014495 0.00000000 -0.01361400 -0.00095300
-0.00000682 1.24786054 -0.54510317 -0.00000000 -0.08917500 0.00697400
0.00000682 -1.24781670 0.54512092 -0.00000000 0.08917500 -0.00697400
0.00000682 1.24783340 0.54511992 -0.00000000 -0.08917500 -0.00697400
-0.00000682 -1.24783066 -0.54510894 -0.00000000 0.08917500 0.00697400
-0.00003810 -1.58216091 0.32829969 -0.00000000 0.04531100 -0.01878200
0.00003810 1.58196327 -0.32842204 -0.00000000 -0.04531100 0.01878200
0.00003810 -1.58212631 -0.32831066 0.00000000 0.04531100 0.01878200
-0.00003810 1.58218198 0.32826891 0.00000000 -0.04531100 -0.01878200
-0.00003072 0.04840760 0.08147745 0.00000000 0.00215700 0.00109700
0.00003072 -0.04847523 -0.08145617 -0.00000000 -0.00215700 -0.00109700
0.00003072 0.04839158 -0.08147171 -0.00000000 0.00215700 -0.00109700
-0.00003072 -0.04841265 0.08151214 0.00000000 -0.00215700 0.00109700
-0.00000728 1.32936643 -0.58767526 0.00000000 0.00236100 0.00427300
0.00000728 -1.32936053 0.58767490 -0.00000000 -0.00236100 -0.00427300
0.00000728 1.32933470 0.58766388 0.00000000 0.00236100 -0.00427300
-0.00000728 -1.32936949 -0.58765095 0.00000000 -0.00236100 0.00427300
-0.00003786 -1.62907807 0.35644854 0.00000000 0.00436500 -0.00180600
0.00003786 1.62903791 -0.35645868 0.00000000 -0.00436500 0.00180600
0.00003786 -1.62903160 -0.35646154 0.00000000 0.00436500 0.00180600
-0.00003786 1.62918935 0.35639740 0.00000000 -0.00436500 -0.00180600
0.00007048 0.04415320 0.05996170 -0.00000000 0.00733700 -0.00023700
-0.00007048 -0.04415292 -0.06006849 0.00000000 -0.00733700 0.00023700
-0.00007048 0.04418238 -0.05996025 -0.00000000 0.00733700 0.00023700
0.00007048 -0.04418324 0.05996861 0.00000000 -0.00733700 -0.00023700
0.00001704 1.26812664 -0.53661123 -0.00000000 -0.04214100 0.00299600
-0.00001704 -1.26814948 0.53657698 -0.00000000 0.04214100 -0.00299600
-0.00001704 1.26817072 0.53660323 -0.00000000 -0.04214100 -0.00299600
0.00001704 -1.26817998 -0.53661557 0.00000000 0.04214100 0.00299600
0.00008688 -1.60840847 0.33638963 0.00000000 0.02280000 -0.01021400
-0.00008688 1.60845822 -0.33630922 0.00000000 -0.02280000 0.01021400
-0.00008688 -1.60842813 -0.33637239 -0.00000000 0.02280000 0.01021400
0.00008688 1.60841106 0.33643700 -0.00000000 -0.02280000 -0.01021400
0.00007098 0.05151214 0.04816381 0.00000000 0.00132300 0.00170100
-0.00007098 -0.05158540 -0.04810554 -0.00000000 -0.00132300 -0.00170100
-0.00007098 0.05152612 -0.04818048 0.00000000 0.00132300 -0.00170100
0.00007098 -0.05144293 0.04821944 0.00000000 -0.00132300 0.00170100
0.00001756 1.30807031 -0.55649824 -0.00000000 0.00251700 0.00179200
-0.00001756 -1.30803760 0.55653769 0.00000000 -0.00251700 -0.00179200
-0.00001756 1.30808351 0.55650664 -0.00000000 0.00251700 -0.00179200
0.00001755 -1.30803488 -0.55649893 0.00000000 -0.00251700 0.00179200
0.00008662 -1.63136269 0.35069720 -0.00000000 0.00291500 -0.00150400
-0.00008662 1.63126197 -0.35071455 -0.00000000 -0.00291500 0.00150400
-0.00008662 -1.63137948 -0.35069293 0.00000000 0.00291500 0.00150400
0.00008662 1.63138893 0.35056590 0.00000000 -0.00291500 -0.00150400
0.00006206 0.05597603 0.01192023 0.00000000 0.00117800 0.00052000
-0.00006206 -0.05605053 -0.01191398 0.00000000 -0.00117800 -0.00052000
-0.00006206 0.05607713 -0.01176813 -0.00000000 0.00117800 -0.00052000
0.00006206 -0.05610392 0.01191294 0.00000000 -0.00117800 0.00052000
0.00001596 1.28903208 -0.52833422 0.00000000 0.00397100 -0.00089900
-0.00001596 -1.28901715 0.52837187 -0.00000000 -0.00397100 0.00089900
-0.00001596 1.28906283 0.52840304 -0.00000000 0.00397100 0.00089900
0.00001596 -1.28910257 -0.52838239 -0.00000000 -0.00397100 -0.00089900
0.00007505 -1.63418553 0.34412346 -0.00000000 0.00071500 -0.00181400
-0.00007505 1.63412022 -0.34418903 -0.00000000 -0.00071500 0.00181400
-0.00007505 -1.63399811 -0.34430789 0.00000000 0.00071500 0.00181400
0.00007505 1.63418951 0.34416410 0.00000000 -0.00071500 -0.00181400
0.00006206 0.05597603 0.01192023 0.00000000 0.00117800 0.00052000
-0.00006206 -0.05605053 -0.01191398 0.00000000 -0.00117800 -0.00052000
-0.00006206 0.05607713 -0.01176813 -0.00000000 0.00117800 -0.00052000
0.00006206 -0.05610392 0.01191294 0.00000000 -0.00117800 0.00052000
0.00001596 1.28903208 -0.52833422 0.00000000 0.00397100 -0.00089900
-0.00001596 -1.28901715 0.52837187 -0.00000000 -0.00397100 0.00089900
-0.00001596 1.28906283 0.52840304 -0.00000000 0.00397100 0.00089900
0.00001596 -1.28910257 -0.52838239 -0.00000000 -0.00397100 -0.00089900
0.00007505 -1.63418553 0.34412346 -0.00000000 0.00071500 -0.00181400
-0.00007505 1.63412022 -0.34418903 -0.00000000 -0.00071500 0.00181400
-0.00007505 -1.63399811 -0.34430789 0.00000000 0.00071500 0.00181400
0.00007505 1.63418951 0.34416410 0.00000000 -0.00071500 -0.00181400
0.00005403 0.06705459 -0.03442810 0.00000000 -0.00495100 0.00132800
-0.00005403 -0.06702857 0.03445176 0.00000000 0.00495100 -0.00132800
-0.00005403 0.06703804 0.03453298 -0.00000000 -0.00495100 -0.00132800
0.00005403 -0.06696528 -0.03440634 0.00000000 0.00495100 0.00132800
0.00001468 1.31057128 -0.52044038 0.00000000 0.04913200 -0.00466300
-0.00001468 -1.31054658 0.52045895 0.00000000 -0.04913200 0.00466300
-0.00001468 1.31053313 0.52046126 -0.00000000 0.04913200 0.00466300
0.00001468 -1.31056137 -0.52042382 -0.00000000 -0.04913200 -0.00466300
0.00006417 -1.65931123 0.35185195 -0.00000000 -0.02090600 0.00637700
-0.00006417 1.65913641 -0.35197805 -0.00000000 0.02090600 -0.00637700
-0.00006417 -1.65919700 -0.35200635 -0.00000000 -0.02090600 -0.00637700
0.00006417 1.65927657 0.35192612 0.00000000 0.02090600 0.00637700
0.00005367 0.05831449 -0.02400408 -0.00000000 0.00052700 -0.00305100
-0.00005367 -0.05840260 0.02393387 0.00000000 -0.00052700 0.00305100
-0.00005366 0.05844043 0.02403652 -0.00000000 0.00052700 0.00305100
0.00005367 -0.05837384 -0.02396422 0.00000000 -0.00052700 -0.00305100
0.00001431 1.26455123 -0.49699483 -0.00000000 -0.00046600 -0.00085200
-0.00001432 -1.26460841 0.49699436 -0.00000000 0.00046600 0.00085200
-0.00001432 1.26453747 0.49698032 0.00000000 -0.00046600 0.00085200
0.00001432 -1.26456297 -0.49697677 0.00000000 0.00046600 -0.00085200
0.00006437 -1.63361646 0.34256500 -0.00000000 -0.00021900 0.00131200
-0.00006437 1.63364631 -0.34261104 -0.00000000 0.00021900 -0.00131200
-0.00006437 -1.63352204 -0.34257968 0.00000000 -0.00021900 -0.00131200
0.00006437 1.63359636 0.34262056 0.00000000 0.00021900 0.00131200
0.00004778 0.07695515 -0.07912741 0.00000000 -0.01096000 0.00227600
-0.00004778 -0.07695459 0.07912644 0.00000000 0.01096000 -0.00227600
-0.00004778 0.07696427 0.07926911 0.00000000 -0.01096000 -0.00227600
0.00004778 -0.07696520 -0.07926992 0.00000000 0.01096000 0.00227600
0.00001363 1.33238757 -0.51277031 0.00000000 0.09343100 -0.00838500
-0.00001363 -1.33238796 0.51276945 -0.00000000 -0.09343100 0.00838500
-0.00001363 1.33236754 0.51273950 0.00000000 0.09343100 0.00838500
0.00001363 -1.33236701 -0.51274070 -0.00000000 -0.09343100 -0.00838500
0.00005581 -1.68381932 0.35946690 0.00000000 -0.04210700 0.01435100
-0.00005581 1.68382087 -0.35946411 -0.00000000 0.04210700 -0.01435100
-0.00005581 -1.68375437 -0.35957101 -0.00000000 -0.04210700 -0.01435100
0.00005581 1.68375304 0.35957205 0.00000000 0.04210700 0.01435100
0.00004721 0.06070835 -0.05292602 -0.00000000 -0.00076300 0.00005500
-0.00004721 -0.06070608 0.05292919 -0.00000000 0.00076300 -0.00005500
-0.00004721 0.06071682 0.05307267 0.00000000 -0.00076300 -0.00005500
0.00004721 -0.06071726 -0.05307469 -0.00000000 0.00076300 0.00005500
0.00001304 1.24257573 -0.46734904 -0.00000000 -0.00106100 -0.00444800
-0.00001304 -1.24257498 0.46735001 0.00000000 0.00106100 0.00444800
-0.00001304 1.24255014 0.46731586 0.00000000 -0.00106100 0.00444800
0.00001304 -1.24255090 -0.46731583 0.00000000 0.00106100 -0.00444800
0.00005605 -1.63333659 0.33597708 0.00000000 -0.00134200 0.00091200
-0.00005605 1.63333451 -0.33598120 0.00000000 0.00134200 -0.00091200
-0.00005605 -1.63326719 -0.33608295 -0.00000000 -0.00134200 -0.00091200
0.00005605 1.63326745 0.33608493 -0.00000000 0.00134200 0.00091200
0.00003865 0.08532337 -0.12244493 -0.00000000 -0.01678300 0.00310200
-0.00003865 -0.08541801 0.12250473 0.00000000 0.01678300 -0.00310200
-0.00003865 0.08542318 0.12260102 0.00000000 -0.01678300 -0.00310200
0.00003865 -0.08547306 -0.12250589 -0.00000000 0.01678300 0.00310200
0.00001152 1.35385628 -0.50478514 0.00000000 0.13678800 -0.01196000
-0.00001152 -1.35384365 0.50480594 -0.00000000 -0.13678800 0.01196000
-0.00001152 1.35388535 0.50484843 -0.00000000 0.13678800 0.01196000
0.00001152 -1.35392633 -0.50481558 -0.00000000 -0.13678800 -0.01196000
0.00004434 -1.70796723 0.36701972 0.00000000 -0.06289800 0.02217000
-0.00004434 1.70792486 -0.36701940 0.00000000 0.06289800 -0.02217000
-0.00004434 -1.70777294 -0.36719862 -0.00000000 -0.06289800 -0.02217000
0.00004434 1.70798818 0.36698971 -0.00000000 0.06289800 0.02217000
0.00003804 0.06263297 -0.07993248 0.00000000 -0.00153200 0.00013400
-0.00003804 -0.06252163 0.07993694 -0.00000000 0.00153200 -0.00013400
-0.00003804 0.06258466 0.07999831 0.00000000 -0.00153200 -0.00013400
0.00003804 -0.06259828 -0.08000681 0.00000000 0.00153200 0.00013400
0.00001088 1.21831872 -0.43675935 -0.00000000 -0.00195700 -0.00450800
-0.00001088 -1.21832940 0.43672092 -0.00000000 0.00195700 0.00450800
-0.00001088 1.21828632 0.43668546 0.00000000 -0.00195700 0.00450800
0.00001088 -1.21826263 -0.43670198 -0.00000000 0.00195700 -0.00450800
0.00004480 -1.63151836 0.32906156 0.00000000 -0.00332000 0.00172700
-0.00004480 1.63151045 -0.32906077 -0.00000000 0.00332000 -0.00172700
-0.00004480 -1.63143740 -0.32904807 -0.00000000 -0.00332000 -0.00172700
0.00004480 1.63133457 0.32910625 -0.00000000 0.00332000 0.00172700
-0.00000541 0.05903391 -0.18609277 0.00000000 -0.02799700 0.00499400
0.00000541 -0.05907317 0.18599773 0.00000000 0.02799700 -0.00499400
0.00000541 0.05906138 0.18598481 0.00000000 -0.02799700 -0.00499400
-0.00000541 -0.05906248 -0.18596573 -0.00000000 0.02799700 0.00499400
0.00000659 1.39804238 -0.48998328 -0.00000000 0.22094700 -0.01894300
-0.00000659 -1.39806510 0.48993175 0.00000000 -0.22094700 0.01894300
-0.00000659 1.39805885 0.48995320 0.00000000 0.22094700 0.01894300
0.00000659 -1.39805277 -0.48999195 -0.00000000 -0.22094700 -0.01894300
-0.00000303 -1.71365578 0.40057529 0.00000000 -0.10322800 0.03719300
0.00000303 1.71370004 -0.40047701 -0.00000000 0.10322800 -0.03719300
0.00000303 -1.71368178 -0.40044940 -0.00000000 -0.10322800 -0.03719300
-0.00000303 1.71369451 0.40051736 -0.00000000 0.10322800 0.03719300
0.00002016 0.06475705 -0.13111812 0.00000000 -0.00469000 -0.00005400
-0.00002016 -0.06478254 0.13117014 0.00000000 0.00469000 0.00005400
-0.00002016 0.06474523 0.13108955 -0.00000000 -0.00469000 0.00005400
0.00002016 -0.06477300 -0.13114461 0.00000000 0.00469000 -0.00005400
0.00000610 1.17237821 -0.37969341 0.00000000 0.00290500 -0.00096400
-0.00000610 -1.17238002 0.37967583 0.00000000 -0.00290500 0.00096400
-0.00000610 1.17239020 0.37969847 -0.00000000 0.00290500 0.00096400
0.00000610 -1.17237892 -0.37972512 0.00000000 -0.00290500 -0.00096400
0.00002339 -1.61422541 0.30845404 -0.00000000 0.00089800 -0.00137700
-0.00002339 1.61425266 -0.30835878 -0.00000000 -0.00089800 0.00137700
-0.00002339 -1.61423099 -0.30845090 -0.00000000 0.00089800 0.00137700
0.00002339 1.61424753 0.30840291 0.00000000 -0.00089800 -0.00137700
-0.00000088 -0.01056546 -0.14973481 -0.00000000 -0.03873200 0.00693000
0.00000088 0.01057431 0.14966907 -0.00000000 0.03873200 -0.00693000
0.00000088 -0.01060770 0.14969523 0.00000000 -0.03873200 -0.00693000
-0.00000088 0.01057865 -0.14968757 0.00000000 0.03873200 0.00693000
0.00000165 1.44350836 -0.47646378 -0.00000000 0.30164400 -0.02574700
-0.00000165 -1.44347186 0.47649270 0.00000000 -0.30164400 0.02574700
-0.00000165 1.44345494 0.47648425 -0.00000000 0.30164400 0.02574700
0.00000165 -1.44352643 -0.47644885 -0.00000000 -0.30164400 -0.02574700
-0.00000045 -1.67705528 0.40560031 0.00000000 -0.14192900 0.05150200
0.00000045 1.67704027 -0.40560417 -0.00000000 0.14192900 -0.05150200
0.00000045 -1.67700676 -0.40559083 0.00000000 -0.14192900 -0.05150200
-0.00000045 1.67707695 0.40558846 0.00000000 0.14192900 0.05150200
-0.00000132 0.01078504 -0.15034484 0.00000000 0.00022800 0.00049000
0.00000132 -0.01074824 0.15037853 -0.00000000 -0.00022800 -0.00049000
0.00000132 0.01076061 0.15034940 0.00000000 0.00022800 -0.00049000
-0.00000132 -0.01080198 -0.15033000 0.00000000 -0.00022800 0.00049000
0.00000149 1.12198248 -0.32152654 -0.00000000 0.00038300 -0.00149200
-0.00000149 -1.12197307 0.32151969 -0.00000000 -0.00038300 0.00149200
-0.00000149 1.12201734 0.32154093 -0.00000000 0.00038300 0.00149200
0.00000149 -1.12201342 -0.32158539 -0.00000000 -0.00038300 -0.00149200
-0.00000062 -1.53955701 0.31861921 -0.00000000 -0.00057600 -0.00330700
0.00000062 1.53950731 -0.31862076 0.00000000 0.00057600 0.00330700
0.00000062 -1.53953362 -0.31862986 0.00000000 -0.00057600 0.00330700
-0.00000062 1.53957454 0.31862964 -0.00000000 0.00057600 -0.00330700
0.00000151 -0.06426861 -0.08984936 0.00000000 -0.04943900 0.00855600
-0.00000151 0.06421525 0.08984100 -0.00000000 0.04943900 -0.00855600
-0.00000151 -0.06423097 0.08990503 0.00000000 -0.04943900 -0.00855600
0.00000151 0.06422795 -0.08986787 0.00000000 0.04943900 0.00855600
-0.00000498 1.48977515 -0.46439435 0.00000000 0.37904400 -0.03218500
0.00000498 -1.48978683 0.46437402 -0.00000000 -0.37904400 0.03218500
0.00000498 1.48981677 0.46433663 -0.00000000 0.37904400 0.03218500
-0.00000498 -1.48976962 -0.46436373 -0.00000000 -0.37904400 -0.03218500
0.00000059 -1.65642257 0.38585211 -0.00000000 -0.17901400 0.06509100
-0.00000059 1.65642229 -0.38588186 0.00000000 0.17901400 -0.06509100
-0.00000059 -1.65644191 -0.38582784 0.00000000 -0.17901400 -0.06509100
0.00000059 1.65646311 0.38587621 -0.00000000 0.17901400 0.06509100
0.00000305 -0.05752986 -0.13229992 -0.00000000 -0.00416500 -0.00138800
-0.00000305 0.05748111 0.13229099 -0.00000000 0.00416500 0.00138800
-0.00000305 -0.05749728 0.13235310 0.00000000 -0.00416500 0.00138800
0.00000305 0.05749134 -0.13230963 -0.00000000 0.00416500 -0.00138800
-0.00000449 1.06873975 -0.26719389 -0.00000000 -0.00014800 0.00052400
0.00000449 -1.06874930 0.26717397 0.00000000 0.00014800 -0.00052400
0.00000449 1.06877806 0.26713871 0.00000000 -0.00014800 -0.00052400
-0.00000449 -1.06873333 -0.26716210 0.00000000 0.00014800 0.00052400
0.00000120 -1.45248881 0.31078661 0.00000000 0.00018000 -0.00473000
-0.00000120 1.45248933 -0.31082045 -0.00000000 -0.00018000 0.00473000
-0.00000120 -1.45251273 -0.31076270 -0.00000000 0.00018000 0.00473000
0.00000120 1.45253170 0.31080533 0.00000000 -0.00018000 -0.00473000
0.00000146 -0.11566966 -0.03345288 0.00000000 -0.05966300 0.01019100
-0.00000146 0.11564574 0.03346330 0.00000000 0.05966300 -0.01019100
-0.00000146 -0.11569157 0.03344697 -0.00000000 -0.05966300 -0.01019100
0.00000146 0.11565661 -0.03342596 0.00000000 0.05966300 0.01019100
-0.00001222 1.53638991 -0.45352055 -0.00000000 0.45325601 -0.03835300
0.00001222 -1.53636233 0.45351707 -0.00000000 -0.45325601 0.03835300
0.00001222 1.53641426 0.45353627 0.00000000 0.45325601 0.03835300
-0.00001222 -1.53635384 -0.45353431 0.00000000 -0.45325601 -0.03835300
-0.00000014 -1.63762719 0.36791623 0.00000000 -0.21455599 0.07802400
0.00000014 1.63763659 -0.36797421 -0.00000000 0.21455599 -0.07802400
0.00000014 -1.63767166 -0.36793758 -0.00000000 -0.21455599 -0.07802400
-0.00000014 1.63763313 0.36796564 -0.00000000 0.21455599 0.07802400
0.00000559 -0.10255719 -0.08941965 0.00000000 -0.00028100 -0.00318500
-0.00000559 0.10258736 0.08940491 -0.00000000 0.00028100 0.00318500
-0.00000559 -0.10258866 0.08941521 -0.00000000 -0.00028100 0.00318500
0.00000559 0.10260372 -0.08938109 -0.00000000 0.00028100 -0.00318500
-0.00001087 1.01803590 -0.21664474 0.00000000 -0.00076600 -0.00150800
0.00001087 -1.01808492 0.21657351 0.00000000 0.00076600 0.00150800
0.00001087 1.01801014 0.21659535 0.00000000 -0.00076600 0.00150800
-0.00001087 -1.01804459 -0.21657203 0.00000000 0.00076600 -0.00150800
0.00000148 -1.38041951 0.28136722 -0.00000000 0.00004300 -0.00407000
-0.00000147 1.38042664 -0.28141353 0.00000000 -0.00004300 0.00407000
-0.00000147 -1.38038028 -0.28133694 -0.00000000 0.00004300 0.00407000
0.00000147 1.38041138 0.28141178 0.00000000 -0.00004300 -0.00407000
-0.00000059 -0.16477694 0.01951999 -0.00000000 -0.06967000 0.01183000
0.00000059 0.16477579 -0.01952127 0.00000000 0.06967000 -0.01183000
0.00000059 -0.16479647 -0.01952904 0.00000000 -0.06967000 -0.01183000
-0.00000059 0.16479548 0.01952939 0.00000000 0.06967000 0.01183000
-0.00001882 1.58305988 -0.44399156 -0.00000000 0.52443099 -0.04426700
0.00001882 -1.58305920 0.44399354 0.00000000 -0.52443099 0.04426700
0.00001882 1.58311733 0.44401366 0.00000000 0.52443099 0.04426700
-0.00001882 -1.58311711 -0.44401339 -0.00000000 -0.52443099 -0.04426700
-0.00000229 -1.62086201 0.35179502 -0.00000000 -0.24862000 0.09032800
0.00000229 1.62086218 -0.35179691 -0.00000000 0.24862000 -0.09032800
0.00000229 -1.62091719 -0.35180042 0.00000000 -0.24862000 -0.09032800
-0.00000229 1.62091827 0.35180098 0.00000000 0.24862000 0.09032800
0.00000620 -0.14718981 -0.04739093 0.00000000 -0.00173900 -0.00360400
-0.00000620 0.14720056 0.04742317 0.00000000 0.00173900 0.00360400
-0.00000620 -0.14714375 0.04742728 -0.00000000 -0.00173900 0.00360400
0.00000620 0.14716642 -0.04745152 -0.00000000 0.00173900 -0.00360400
-0.00001678 0.96538968 -0.16880530 0.00000000 -0.00039500 -0.00126200
0.00001678 -0.96539839 0.16877081 0.00000000 0.00039500 0.00126200
0.00001678 0.96547485 0.16881899 0.00000000 -0.00039500 0.00126200
-0.00001678 -0.96547151 -0.16885293 0.00000000 0.00039500 -0.00126200
0.00000040 -1.30997511 0.24897267 -0.00000000 0.00049300 -0.00463100
-0.00000040 1.30998405 -0.24892306 -0.00000000 -0.00049300 0.00463100
-0.00000040 -1.31006525 -0.24897747 -0.00000000 0.00049300 0.00463100
0.00000040 1.31002827 0.24898827 -0.00000000 -0.00049300 -0.00463100
-0.00000417 -0.21145184 0.06900407 -0.00000000 -0.07921900 0.01312100
0.00000417 0.21138590 -0.06899523 0.00000000 0.07921900 -0.01312100
0.00000417 -0.21144027 -0.06902315 0.00000000 -0.07921900 -0.01312100
-0.00000417 0.21145882 0.06902342 0.00000000 0.07921900 0.01312100
-0.00002668 1.63049711 -0.43618360 -0.00000000 0.59257400 -0.04993300
0.00002668 -1.63050074 0.43618674 0.00000000 -0.59257400 0.04993300
0.00002668 1.63051993 0.43618193 0.00000000 0.59257400 0.04993300
-0.00002668 -1.63047230 -0.43618386 0.00000000 -0.59257400 -0.04993300
-0.00000579 -1.60632183 0.33697885 0.00000000 -0.28123301 0.10198100
0.00000579 1.60632237 -0.33699717 -0.00000000 0.28123301 -0.10198100
0.00000579 -1.60633664 -0.33698532 -0.00000000 -0.28123301 -0.10198100
-0.00000579 1.60633950 0.33699331 -0.00000000 0.28123301 0.10198100
0.00000595 -0.18760047 -0.00629145 0.00000000 -0.00105700 -0.00072600
-0.00000595 0.18759949 0.00631549 -0.00000000 0.00105700 0.00072600
-0.00000595 -0.18759741 0.00628761 -0.00000000 -0.00105700 0.00072600
0.00000595 0.18759289 -0.00629634 0.00000000 0.00105700 -0.00072600
-0.00002389 0.91126497 -0.12131687 -0.00000000 -0.00080500 -0.00056300
0.00002389 -0.91126348 0.12131233 0.00000000 0.00080500 0.00056300
0.00002389 0.91129950 0.12132171 0.00000000 -0.00080500 0.00056300
-0.00002389 -0.91128521 -0.12137756 -0.00000000 0.00080500 -0.00056300
-0.00000185 -1.23905845 0.22595342 -0.00000000 0.00003700 -0.00247400
0.00000185 1.23905904 -0.22593060 -0.00000000 -0.00003700 0.00247400
0.00000185 -1.23907885 -0.22595081 -0.00000000 0.00003700 0.00247400
-0.00000185 1.23906799 0.22597306 0.00000000 -0.00003700 -0.00247400
