1.04824161 -0.39170038 0.36671357 0.93928701 -1.08775795 0.73406398
0.00158026 1.86272443 -0.34101677 -0.81797498 -0.05397100 1.15387297
-2.51706444 -1.12875296 0.03191502 -3.83898497 -2.38200808 -0.55776501
0.67607235 0.28145158 0.51928275 0.70166200 0.33549500 0.91636199
0.59878537 1.14344858 -0.12427291 0.91299403 -0.72079998 -0.97712499
2.16349622 -0.55961611 -0.05667481 1.68428802 -1.11752105 -0.52456999
-0.15193798 -2.07158170 -0.22419115 0.66871703 -3.28384209 -0.58388400
0.20645182 0.31084893 -0.36309777 -0.13851400 -0.71693999 -1.57623506
0.12453428 -0.13309571 1.12307457 -0.11216200 -0.92702103 1.11822498
-0.81120569 0.00805455 1.52752499 -0.81810802 -0.63174200 1.00549495
0.00627889 0.74754170 -0.59693494 -0.32612500 -0.58421803 0.47225401
-1.35447470 -0.77015592 -1.11535379 -1.40679395 -0.99985403 -1.16604996
1.66166880 0.87770351 1.41909409 1.44512403 -0.17688900 1.32592106
0.89796711 0.71830416 -0.17483275 1.05594504 0.48241901 -0.15447301
1.10695681 0.85862465 -0.52681728 1.32759905 0.49057901 -0.32094300
-1.04574636 -0.23118465 0.03168105 -1.20628905 -0.51396799 -0.32505801
0.95769508 1.41119517 1.81318993 0.61659002 1.33509803 2.31310296
0.60256703 2.70785087 -1.38805829 0.99978900 3.20453310 -1.55582595
4.45125206 1.92991876 3.89826702 5.29989386 1.64254701 4.87799978
-0.08614852 -0.64207825 -0.96448676 -0.43124199 -0.22656700 -1.66797602
119.77355664 35.35300899 131.53950945 52.78387070 21.31244850 64.00915527
0.59650971 0.80460058 -2.51495559 0.87259197 2.70512199 -3.25742888
-143.01007602 -64.65615322 -40.11832444 -68.46586609 -29.95641518 -18.81489372
-1.92039580 -1.04891632 0.55145108 -2.66237402 -0.70098501 -0.14011900
-0.09240399 0.57765656 0.26159167 -0.50168198 1.12238300 -0.43596199
0.35117060 2.07445123 1.38476114 0.73988003 2.98324108 2.27943206
-1.42367191 0.05197839 -0.00310576 0.83278102 0.49751499 -1.76546204
-0.53763543 -0.11264765 -0.95522139 -1.32867503 1.21476805 -0.07950000
0.23783646 1.98695300 -0.07400123 0.21063700 2.34079099 -0.48797101
0.76915573 0.52693606 0.99168281 0.51259601 0.34522200 1.40170002
-1.09986841 -0.23424199 1.40696879 -0.96284503 -0.28775099 1.44930196
1.20211883 -0.17211538 0.87652775 1.20207298 0.55212402 1.36531901
-0.30701160 -0.66762966 1.75622091 -0.02843100 0.09893600 1.64544201
-1.56022046 -0.54463932 1.22251756 -1.45984697 -0.42776999 0.84976101
0.79005993 -0.17136164 -0.54765019 1.33930898 -0.18552600 -0.02569400
-0.49849346 -0.19278252 -0.97578099 -0.40799999 -0.21414700 -1.89333403
-0.28852464 -0.77544768 0.96314753 -1.14298296 -0.10052500 1.37175798
0.00135331 0.11072733 0.93903657 0.18340600 0.12796800 0.73999202
-0.29781367 -0.55725530 -1.42196227 -0.23921099 0.09600700 -1.00288606
-0.13742374 0.63323329 -0.84846350 -0.11550300 0.97407502 -0.84787899
-0.64754455 0.69255160 0.36578272 -0.74712098 1.21774197 0.76063502
-2.74629680 -2.90763548 -2.95255981 -2.29876804 -2.15876508 -2.48230600
-0.63048382 1.27208652 0.69661004 -0.82843202 1.36700797 1.19197297
-0.75762551 -2.05713938 -0.74460948 -0.84615898 -1.70235097 -1.02368295
0.94912842 -0.01389497 0.95678594 1.81591904 0.46045300 1.65327704
0.22232837 1.65385905 1.15424748 0.23383200 2.09196401 0.94760400
-0.77026901 -0.16172169 -0.11640927 -0.29431000 -0.03744800 0.32067400
-0.51086463 0.16351913 -0.55044356 -0.60485601 0.25073501 -0.73787200
1.39542907 1.19877981 -0.48550759 1.07821000 2.18129396 -0.16051500
0.26421259 -0.47233158 0.78541747 0.41129801 -0.47737500 1.18426204
1.17501820 1.56937562 1.73621173 0.72597998 1.47030199 1.87882996
-0.29865359 -0.80627000 -0.98114296 -0.38453099 -0.30354601 -1.85280597
-0.85469400 1.69790271 -0.49064086 -1.07323802 2.04017401 -0.12123500
0.30500923 0.05293301 1.36971385 0.55370998 0.63328201 1.33404303
-0.84883107 -0.54478733 -0.78969939 -1.02974999 0.47265899 -0.81763899
0.74362327 0.91442038 -0.46970624 0.78084302 1.65668404 -0.14263000
-0.53542243 0.29343176 0.03643157 -0.14393300 -0.60747600 0.26673600
0.98176489 -1.25595507 -0.35154811 0.88092601 -1.09167802 -0.46870601
0.63952890 0.77407283 -0.66657381 0.38021100 0.55954802 -0.59391600
-0.32746673 -0.57743969 0.03455611 -0.56470102 -0.98897201 0.18981101
0.86784099 -0.90677467 0.43140678 0.99571598 -0.99060100 -0.29006600
-0.46098105 0.95659862 0.19492755 -0.53243899 0.70708901 0.50005901
0.00593787 -1.50607563 0.30024272 -1.00454104 -2.44236588 -0.06777200
-0.19565545 0.15525985 -0.25459569 -0.39304799 -0.37821099 -0.06261300
2.40212959 -0.38877649 0.10168546 2.54935503 -0.49337101 0.68589801
-1.27387514 -1.26157584 -0.76199773 -1.04429901 -0.96392602 -0.90064299
0.47671828 -1.61736153 -1.73516118 0.52311301 -1.73415995 -1.86277103
0.47037320 -0.64951708 -0.78801083 0.53749198 -0.56401199 -0.25946501
1.22366899 -0.13166696 0.38458955 1.55033195 -0.43553999 0.65586400
0.27776291 -0.24217642 0.63957040 0.27079499 -0.29639500 0.30617499
-1.72732094 0.88822570 0.48579495 -1.40748501 0.35918501 0.30961400
0.61907206 0.02007525 -0.40355025 0.82746899 0.00390500 -0.63875097
22.79256095 28.06719673 -95.62901672 12.62646008 13.95359516 -50.36252213
0.08464487 -0.36471039 -1.65987171 -0.31884801 -0.66727400 -1.80577397
-0.58284969 0.00808783 0.15623565 1.07169199 -1.54644406 0.76482600
1.24785614 -1.51412895 0.26565352 1.58214498 -1.51121795 0.92131400
-1.92784920 -0.15153794 -0.17596733 -2.22764611 -0.75263703 -0.28231001
-0.47814839 -1.62927267 0.44563188 -0.04516500 -1.70293701 0.66475999
-1.95949753 0.12930423 1.55826983 -0.87097901 -2.11901593 0.51926899
-0.69547135 -1.26278688 -1.38170839 -0.65266800 -2.02495503 -0.98975301
1.02493653 -0.37460177 0.30494099 0.65114200 -0.44172400 0.57843798
-0.36591917 1.04735257 -0.77521556 -1.43883002 -1.15962803 0.54756701
-1.82206831 -0.46797446 0.28399765 -2.55285001 -0.83059400 0.00450200
0.47722654 1.31594602 0.19329572 0.46128300 3.13825798 0.33577201
0.37321140 2.33065431 0.27822961 0.91728902 1.15453303 -0.80343902
2.46435618 -0.13709596 -0.02090827 1.65165198 -0.16244200 -0.50950903
-1.12306971 -0.86520771 -0.04318431 -0.67797297 -0.77608198 -0.47181299
0.23523147 0.42879715 -0.35874529 0.17075101 0.05750500 -1.31758106
0.11126239 -0.09016086 1.09911968 -0.16595800 -0.38725400 1.09259105
-0.84809496 -0.02262470 1.68081450 -0.66299403 -0.26910701 1.73860300
-0.19267539 1.20140381 -0.68660156 -0.25589699 1.15099704 -0.41719300
-1.33777376 -0.67090701 -1.07709273 -1.58095205 -0.23228200 -0.74010199
1.66260784 1.02977180 1.35805499 1.45186698 0.47252601 1.37909102
0.89891873 1.14572095 -0.55356105 1.29162002 1.24309301 -0.57296699
1.14328388 0.96007176 -0.57206115 1.43784595 1.21561098 -0.47286999
-1.03306017 -0.19693161 0.02703449 -1.54095495 -0.29024699 -0.49059200
0.55554168 1.16422325 1.63441094 -0.30006301 0.95909101 1.54367006
-0.23806449 2.37689190 -0.71810762 -0.06477300 2.25932503 -0.93309098
44.63350335 85.23358899 44.17753000 30.31551933 53.42009354 28.97389412
-0.07916893 -0.68271873 -0.97439534 -0.32146600 -1.39154196 -1.29434705
0.74427232 1.40423303 -0.21595713 1.20921695 1.01772797 -0.47106400
-0.20930340 0.41660446 -2.01402982 -0.17595100 0.95980698 -2.20236492
0.39810589 -0.38657105 -0.76330889 -0.68293202 0.51016402 -2.74438906
-2.18607076 -1.70176178 1.02588807 -3.73276591 -1.82380998 1.10650694
-0.21487385 0.52766368 0.38478114 -0.62094098 0.71490198 0.08996300
0.28522591 2.12376984 0.47514319 0.39116499 2.56315804 0.48382300
-1.14969768 -0.26240138 0.11761558 -0.29041299 -0.08286700 0.06113300
0.18642168 -0.40405585 -1.27224363 -0.07440900 -0.39731401 -0.80369800
0.62793464 2.00730160 0.40320095 1.16661298 1.90517104 0.24693900
0.83092728 0.55533508 1.10757194 0.78849798 -0.16152699 1.16674995
-1.39488225 -0.41128411 1.06788767 -1.29842699 -0.89720303 0.82056099
1.16734402 -0.21209372 0.81959580 1.14032102 0.13171600 1.11324298
-0.37409430 -0.84265829 1.76852199 -0.36698401 -0.82532102 1.68241501
-1.55924561 -0.56246910 1.22560611 -1.42390597 -0.65278298 0.96299899
0.85038039 -0.04347192 -0.53913707 0.99141699 -0.17231300 -0.25398400
-0.64268721 -0.23126329 -0.66257089 -0.73454702 -0.33181500 -1.22867596
-0.43933426 -0.60247027 1.01347299 -0.84773099 -0.79312700 0.87537098
-0.08200633 0.06221689 0.99407003 0.16534901 -0.45875299 1.31702304
-0.34109113 -0.72867041 -1.39218122 -0.79632503 -1.13819003 -0.98721200
-0.14598760 0.53343086 -0.80518103 -0.21531799 0.45191500 -0.77833998
-0.53594545 0.50655163 0.39681665 -0.54760498 0.56559098 0.69605702
-2.64300960 -2.98102568 -3.06220282 -2.08432293 -2.53802109 -2.79636312
-0.39713954 1.27144597 0.56502344 -0.26962599 1.23344600 0.81534201
-0.67024288 -2.09123759 -0.63714333 -0.45140401 -1.88755405 -0.62213701
1.20443893 0.01727436 0.84042293 2.00565910 -0.05003700 1.00314498
0.26239616 1.64179791 1.14383902 0.41672099 1.94434905 1.01517105
-0.64905917 -0.35016084 -0.15700284 0.11389600 -0.93315297 0.18969899
-0.50323836 0.14092807 -0.55817120 -0.54187399 -0.06233900 -0.64180100
1.48018928 1.04522479 -0.45737855 1.06708896 1.13231301 -0.10601600
0.19791830 -0.48826293 0.67151553 0.12366000 -0.76487398 0.91085202
1.48499598 0.57443656 0.79433292 1.04244304 0.83263201 1.11312699
-0.27928444 -0.85948132 -0.80591164 -0.36826301 -0.51711601 -1.26794696
-0.74627113 0.80983075 -0.86973654 -1.22013795 1.06570196 -0.44016799
0.28616629 -0.25385245 1.52524864 0.34444001 0.38977900 1.37784898
-0.85915045 -0.88765809 -0.71103497 -0.99787098 -0.55124301 -0.84148401
0.74254231 0.88617268 -0.48810551 0.78016299 1.26898503 -0.27581301
-0.50639604 0.39354426 0.01880414 -0.12773000 0.46366400 -0.26972499
1.05487503 -1.23219646 -0.30525354 1.24943805 -0.94947898 -0.20647800
-0.24889984 1.07600919 -0.41801343 0.48070499 0.56336802 -0.71667498
-0.23334892 -0.65043338 0.13205512 -0.46081799 -0.95507401 0.15490900
-0.35882995 -1.91393247 1.15479167 -0.42428401 -1.88232195 1.04760695
-0.50473645 0.94631792 0.09427423 -0.54842800 1.04231799 0.54015398
-0.32680814 -0.66219841 -0.25827605 -1.37257195 -1.48821199 0.13099501
-0.23082096 0.31978022 0.02597016 -0.31668401 0.42596000 0.12472700
1.89093821 0.11451199 -0.22587136 2.05799198 0.25094500 0.41852400
-1.48144477 -1.03275995 -0.21225127 -0.37898001 -0.65250200 -1.23345995
-0.00107030 -1.92869179 -1.24897602 0.85093701 -1.62002695 -1.36373699
0.52265561 -0.60746932 -0.69770213 0.56157303 -0.54150599 -0.47088301
1.18558524 -0.11528573 0.34802835 1.34242904 -0.14390500 0.49144599
0.36687940 -0.21606733 0.67820438 0.32374799 -0.12039100 0.49576700
-1.94627871 1.16135262 0.55623229 -1.32898402 1.13724899 0.40566099
0.59377657 0.08560462 -0.39050653 0.81862199 0.35547000 -0.70279199
1.13068662 -0.57477681 -0.60159887 0.27017599 -0.69944102 -0.09214000
0.12492683 -0.59587599 0.42346904 -1.45949399 -0.30572799 -1.41029501
-41.14147019 -84.52747626 -45.18603495 -23.62860107 -49.48243332 -26.81853294
1.13943895 -1.46835699 0.50355034 1.28958404 -1.59270895 0.72438002
-0.88763755 -0.39793063 -0.22878758 -1.19584405 -0.66636997 0.01644400
-0.49540623 -1.50370993 0.43668646 -0.22443099 -1.31698000 0.40324599
-0.27672126 -0.36066390 0.29259440 0.03601100 -1.15919304 0.55749899
-0.63672225 -1.25886332 -1.07820202 -0.60551900 -1.44082701 -0.98377901
-0.27345898 0.21714822 -0.98706705 1.49096406 -0.79689002 0.71375698
0.19503943 2.13917909 -0.49882386 0.25213301 1.28349400 -0.48251301
-2.17391964 -0.83586441 0.61798172 -2.64382792 -0.62757498 -0.33436301
0.61014506 0.50891106 0.42621198 0.65416503 0.80693603 0.76900703
0.39760831 2.04488026 0.03594619 0.22660699 2.11911392 -0.18926699
2.24750892 -0.13343269 -0.12965515 2.37397099 -0.10154100 -0.47636300
-1.10543762 -0.67194780 -0.34543457 -0.80049503 -0.65764099 -0.30678201
0.18737807 0.41797595 -0.47577914 0.34356901 -0.05656200 -1.41998005
0.00770397 -0.04128171 1.17208014 -0.13605800 -0.25136900 1.21733201
-0.88799796 0.14520315 1.76422745 -0.71586198 -0.11793500 1.85535705
-0.21578496 1.17540597 -0.60116138 -0.17242700 1.27312899 -0.22566301
-1.34431252 -0.68110642 -1.06897170 -1.68070304 -0.34178400 -0.90159303
0.77810189 0.03359370 0.67065688 -1.36554396 -0.74603301 -0.77449298
0.95261218 0.84081414 -0.12536168 0.84083200 0.83444798 -0.15355800
1.21242332 1.09232052 -0.42385531 1.58205795 1.13258803 -0.18796299
-1.09637542 -0.10334528 0.16295582 -1.04466200 -0.21443300 -0.37131199
0.90448665 0.82833838 1.63439805 1.15315104 0.51965600 1.68038499
-70.89809481 4.31231588 -58.99471771 -51.74777222 7.65237379 -41.60523605
-0.15165507 1.07786394 1.04505597 -0.71255499 0.38985699 0.64792901
0.38393569 -0.38662289 -0.85301355 0.61959398 -0.38508901 -1.26277399
0.16601686 0.85141418 -0.23972300 0.06160900 0.58555597 -0.89839798
-0.19163495 0.24568915 -2.24776961 0.42053500 0.92515498 -2.01254392
1.22126456 -0.08394496 -0.05212876 1.99057198 0.16598500 -0.06760600
-1.65767113 -1.20606259 0.59112407 -1.96845496 -1.12916100 0.03999800
-0.21503999 0.45766771 0.55858448 -0.54950798 0.59757400 0.10293200
0.86202745 1.85478520 -0.48049621 0.12162100 2.48573709 1.08358395
-1.18657268 -0.27002271 0.04036620 -0.90006000 -0.04648200 -0.02702800
0.15970603 -0.38328582 -1.29067354 0.02738700 -0.20027700 -0.92428702
-0.09527378 1.62416097 0.41258131 -0.07424300 -0.57818502 0.25882500
1.92916057 0.72954955 1.91639653 5.71280384 0.52118897 4.36355209
-1.61037702 -0.05928920 1.24681656 -0.89892000 -0.74879700 1.41522598
0.97148738 -0.23074400 1.00464299 1.21908903 0.10780500 1.11611402
-0.36634143 -0.85116737 1.75570385 -0.35681501 -0.80052000 1.71382403
-0.92382112 -0.57455780 1.06748496 -1.52184701 -0.63640302 1.13409901
0.83021758 -0.18470859 -0.53120810 0.93316698 -0.32613000 -0.15324301
-0.63098013 -0.23317191 -0.68858928 -0.76728702 -0.33845600 -1.21908498
-0.36547327 -0.64635394 0.95780058 -0.43852299 -0.76038301 0.88345498
0.01314829 0.06693588 0.94326614 0.11610200 -0.12387200 0.85675001
-0.17161301 -0.84373963 -1.38663140 -0.09400000 -0.98088801 -0.78820199
-0.21536322 0.62927909 -0.82690960 -0.15246201 0.33385301 -0.82599902
-0.51741854 0.48819582 0.37768428 -0.68852699 0.55972201 0.63258201
-54.22141328 180.57196946 27.66811294 -84.55460358 175.25907898 0.51864302
-0.43494857 1.65928511 0.72341905 -0.62357998 1.02543497 0.20884500
-0.41745689 -1.88993874 -1.16400383 -0.34875199 -1.79405499 -0.93082601
1.07333805 0.04535204 1.00079174 1.58538103 0.19808400 1.42481005
0.52295171 1.04475912 1.30867461 0.13171799 1.82862997 1.14670706
-0.80288041 -0.26984900 -0.04170672 -0.39594600 -0.39779201 0.30258900
-0.46761315 0.15877741 -0.59444809 -0.65685999 -0.04901900 -0.66545999
1.49130020 1.11377868 -0.49797610 1.22132194 1.04901600 -0.27329400
-0.29145317 -0.26323424 0.68838473 0.13552999 -1.35455203 0.80671799
1.64406150 1.40883081 -0.06399045 1.90559304 1.05144703 0.45416901
-0.50768675 -0.72396358 -1.12525940 -0.27391601 -1.02523696 -1.49596906
-0.94420543 0.59598255 -1.11476569 -1.47196805 0.88438803 -0.92075598
-0.09675682 -0.45015952 1.46455349 0.75893301 0.13015001 1.70144105
-0.84064670 -1.28493197 -0.48432024 -1.06502104 -0.87622702 -1.06957400
0.70691061 0.49473054 -1.12125424 0.65060800 0.97430497 -0.37297699
-0.43709777 0.39152236 -0.02449596 -0.02375300 0.18648800 0.27534899
1.00838431 -1.27786565 -0.31297231 0.68550903 -0.90232497 -0.34273800
0.37660423 0.93956520 -0.67011846 0.58304000 0.82913899 -0.57403100
-0.30903732 -0.57354078 0.04304100 -0.49249601 -0.95318401 0.01854200
-0.30112035 -1.95658394 1.25791541 -0.38730699 -2.00004292 1.13946903
-0.59521736 0.95333730 0.10777827 -0.30742100 0.79258901 0.10063800
0.07286143 -1.04315811 0.18193743 0.18226901 -0.87308300 0.56579798
-0.36875125 0.25061806 -0.33098124 -0.12942199 0.01732600 0.37684000
1.82166956 0.12605531 -0.22505624 1.82494605 0.28219000 0.34019500
-1.30204194 -1.34087474 -0.78087617 -1.29492199 -0.57760102 -0.31028500
-0.25943088 -1.94392473 -1.20201666 -0.43632501 -1.65878105 -1.62434995
0.47861162 -0.70690175 -0.68812528 0.38489601 -0.51282799 -0.40071100
1.23281174 -0.09761163 0.38084231 1.16560602 -0.22384501 0.39414901
-2.08265020 -0.60411290 1.13497968 -0.18226700 -0.25062400 0.71547401
-2.06057885 1.04771969 0.51924560 -1.97211003 0.85659802 0.43533301
0.54978843 0.05190095 -0.35203909 0.71065003 0.36057401 -0.70905900
1.11804687 -0.51631179 -0.80566382 0.79661101 -0.23617500 -0.57911998
0.02220359 -0.08479771 -1.49290590 -0.07363300 0.12053500 -1.70200896
0.70787494 0.68271542 -0.03573305 0.89291400 0.58813697 -0.28961101
1.30642355 -1.57678374 0.67544456 1.63193500 -1.53942597 0.55058903
-0.92657025 -0.38612908 -0.16278235 -1.13641405 -0.50408298 -0.19850200
126.88876346 -185.22517664 32.58517534 130.85136414 -180.80656433 36.51289749
-0.48072463 -1.43634938 -1.43742997 -0.35089299 -0.29822099 0.56784397
-0.60967870 -1.24567850 -1.16537047 -0.63059098 -0.92821598 -0.97422099
-0.16992553 -0.31603038 -0.04856412 -0.01076100 -1.16866505 -0.72669899
-0.47424837 1.42368281 0.20741610 -0.07581100 1.14277995 -0.44583401
0.91618679 -0.16765387 -0.00229340 -0.16794500 -1.23007500 -0.45061499
0.57538290 0.49042155 0.87868768 0.85258198 0.67634702 0.65289700
-0.95338742 0.60246372 0.17056141 -1.13843000 1.01210105 0.21592499
1.60918798 -0.77895929 0.00701658 1.91565204 -0.87919903 0.00589400
0.46753054 -1.74843521 -0.23450912 0.34509099 -2.47052407 0.36768699
0.30662456 -0.62274309 0.91930958 1.07841599 -0.26352900 1.35987997
-0.73553013 2.04385281 0.33831220 -0.68987298 2.25141692 0.57627898
0.04875099 -0.18164853 0.18658086 0.23147801 -0.14569899 0.61142302
0.73606395 -0.49577633 0.19855714 -0.18402900 2.75568891 0.12181800
0.46502180 0.03898608 -0.12393572 0.38448799 0.11984900 -0.33113399
-0.03008812 -0.60422644 0.83218273 -0.72085202 -0.41264501 -0.11197500
-0.04572549 0.47746638 -0.38360635 -0.14289400 0.42554900 -0.57577199
-0.78461550 1.15373966 0.50313235 -0.61025000 1.19174802 -0.03765500
-0.21493813 -0.25326932 0.29015920 0.09147000 0.07750000 -0.35699499
-0.31295545 1.34108714 -0.74029738 0.21484900 1.75212300 -1.78379095
0.36684470 0.47779114 -1.49243300 0.19454201 0.01300100 -2.75622606
0.28344096 0.64570295 0.13050105 -0.12825599 2.13202000 -0.39525700
-0.75290930 -0.64728899 -0.57251839 -1.50150299 -1.05866599 -1.44439495
-134.56544966 -77.02979766 -61.11551423 -63.70484924 -39.59332275 -27.44049454
1.74391298 -0.72824361 0.31638099 2.37514400 -0.55437899 1.23702300
0.53843870 0.64777683 -0.61578518 0.85937601 1.74943304 0.14658000
0.10624887 0.64023787 1.75012917 1.21328294 0.51969498 2.74178100
0.10929671 1.59862707 0.03691217 0.51222301 1.71100903 0.32620201
-0.00396795 -0.44774264 0.72294765 -0.40512100 -0.87586099 1.78623605
-0.16050752 -2.42448178 0.65586709 -1.78966796 -3.28056502 1.31827998
149.23922628 11.92180796 4.90317514 74.61859131 4.99654484 2.24181294
-0.41033531 -0.68883880 0.22765253 -0.78583503 -1.25041294 -0.66901398
-0.15665990 0.86060893 -1.84255527 -0.35988700 1.34931898 -3.92115402
-0.32940275 -1.19971195 -0.81621627 0.75132799 -2.03074408 -2.23937607
-0.58995102 -0.42830201 -1.12249309 0.22634400 -0.66459101 -1.82454503
-0.42656990 -0.06221041 0.12219815 -0.51493502 -0.51135701 0.14347300
0.08472226 -1.33665312 0.44389206 -0.55946398 -1.06321394 0.89110100
-0.26547672 0.47414576 -0.58853032 -0.00704800 0.74052697 -0.58964300
0.60137897 -1.35489267 0.23742859 -0.33068001 -2.25928712 1.25117600
0.50063744 -0.62346021 0.14179965 0.90035897 -0.90331602 -0.08591800
-0.07232718 -0.09412516 0.01892463 -0.08257600 0.11108900 0.13153701
-0.53764577 -0.36129443 0.09112569 -0.35212201 -0.23528200 0.05508800
0.05082590 0.17305918 -0.90697860 0.17433600 -0.09639200 -0.93327099
-0.50756671 -0.20412504 0.84467344 -0.91158801 0.06117400 1.06547201
-0.47967595 -0.24199350 0.19707968 -0.12778600 0.23642600 0.86907297
-0.11588167 0.24541687 -0.16138095 -0.60303801 0.77025503 -0.42601499
-0.36666398 -1.24882670 -1.02849030 -0.71535599 -1.24138498 -1.17905200
-1.83822025 0.78988711 -1.38773166 -1.90429294 0.98233402 -1.51596904
0.43124165 0.69597320 -0.49443075 0.09065700 0.69507700 -0.35408601
-0.02460795 0.41655001 0.06753036 -0.03387200 0.69559699 0.46340200
0.54996479 0.12840195 -0.49541177 -0.04088200 0.02237300 -0.40705901
0.73991566 0.23392138 0.04604248 1.16829205 0.03746000 -0.51850498
0.41405025 0.35772971 0.24754532 0.72068298 0.37389100 1.46752298
-0.55191839 0.92786144 0.30342304 -0.24180201 1.13081098 0.32117501
-1.45453441 -0.11083398 0.47476617 -0.54987800 -0.59725899 1.25088000
0.22050720 0.08462367 -0.36640269 0.28262100 0.08878000 -0.59477901
1.07215585 0.97589996 0.33031299 1.18913198 0.86356300 0.40115499
0.23887711 -0.36798803 1.09661735 0.25252599 0.24582000 1.52577400
0.06789119 -0.12259987 -1.15231170 0.28965199 -0.23797099 -1.07486904
-0.91101533 -0.08867376 -0.36534428 -1.79692900 1.41848695 -1.63735497
-1.01873063 -0.47452470 0.36325492 -1.40584397 -0.64794803 0.85364002
1.19558997 -0.06324522 0.21822424 1.36153901 -0.83561498 -0.01574000
0.47367252 -0.21679340 0.12496578 0.42684901 -0.07666400 0.82724398
-12.64368111 71.65378075 62.07389982 -7.58938122 37.69672012 32.41135025
-0.37085033 0.99313547 0.38169071 -0.30316800 0.84056097 1.68932295
1.24895840 -0.31802049 0.27203376 1.49065900 -0.45615599 0.35330901
-0.60666340 -4.33768527 -7.01728817 -1.09870601 -2.82602310 -5.27712107
0.00622722 -0.28283604 -0.57337086 -1.18082905 -0.26139900 -1.22797799
1.33492532 -0.84284002 0.83803741 1.46520400 -0.73795098 1.12868404
-0.51267260 0.00370717 0.15272915 -0.83978099 -0.12120200 0.34406701
-0.52735659 -1.23763248 -0.92470408 -0.73343998 -1.00111401 -0.95982200
-1.47343942 1.09279526 -0.35271875 -2.03540802 0.87772000 -0.95944399
0.02011210 1.04788244 0.19150130 -0.46195200 1.17514098 0.84969097
0.06341475 -0.69645380 -0.12739194 0.32703000 -1.12016499 -0.28225899
1.17821546 0.52414663 1.13760168 0.24994400 0.74780101 1.28450501
-0.44658080 -0.32415126 0.24530521 0.96974701 -0.14222100 -1.39930999
0.06463476 -0.05059365 0.37490316 0.09993100 -0.28912801 1.46058202
0.38518695 -0.37262085 -0.09864731 0.35127500 -1.18764699 -0.10110800
-1.07369609 -0.12265981 0.05722451 -0.85156697 0.22411001 -0.24187800
-0.82870978 0.54962758 -0.13058779 -0.24056301 0.49171001 -1.44581902
1.45006020 0.17201765 0.91749196 2.19286299 0.03167200 1.92125404
-2.12930647 -1.07076479 0.34115543 -2.15291500 -1.48488796 0.37149099
-0.03093566 -0.51316750 -0.34641683 0.21360600 -0.22277001 -0.30375600
-0.21280295 -0.29051512 -0.01894758 -0.38967299 -0.75356001 -0.22356001
-0.48216486 1.36265819 0.30811100 -0.11205500 0.97701401 0.19649300
1.48153407 0.44137420 0.43687061 1.37350595 0.54004103 0.59926897
0.63830451 0.47596176 0.95576319 0.77101499 0.71987200 0.85580498
-0.33849374 0.88005371 -0.35852304 0.38200599 1.66358495 -1.49424899
1.47446158 -0.73981984 -0.05293844 1.58480096 -0.73032701 -0.51635098
-0.51921394 -0.69319789 -0.13498957 -0.71380299 -0.21084100 -0.22698800
0.39755002 -0.67322973 0.77502622 0.75533801 -0.19964901 0.35448399
-0.74152232 2.06767698 0.33418135 -0.94710702 2.69047999 0.23718999
0.83932415 0.39935276 -0.01323851 1.56302798 0.37467700 -0.06162200
0.62864604 -1.08215124 -0.03768598 0.75595701 1.30148196 -0.65197700
-0.23368212 0.49515389 0.04253637 -1.08699596 1.63029504 -0.17343600
-0.00183426 -0.46550130 0.90887007 -0.33539799 -0.23416400 0.67668700
-0.27917419 0.92822672 0.40224512 -0.07985500 1.10367095 0.97158802
-0.76401806 1.04943566 0.68967743 -0.63963002 0.92471302 0.83348399
-0.46249258 -0.13325056 0.45236972 -0.72779298 0.37800601 0.27770501
-0.55679257 1.17185648 -0.57459806 -0.54064101 0.91968399 -0.71635801
-0.45343586 0.46187799 -0.54083626 -0.64261699 0.34199601 -0.55328500
0.14454478 -0.33774050 0.52296124 0.37905401 -0.90769601 1.17225206
0.00319178 -0.20913819 -0.19201436 0.66000199 -0.05376400 -0.27787799
-3.42074752 4.35292317 5.43071594 -3.01018095 5.53842497 6.21082211
0.72538267 -0.72756138 0.35064750 -0.17303500 -0.31762099 0.65677398
-0.03834269 -0.00136839 -0.68946861 -1.33970106 -1.23438501 0.56295902
-0.44209594 0.82085369 1.50360444 -0.37974599 0.51647401 1.14235497
-0.07116234 1.73945404 0.04006674 -0.63770300 1.41735697 -0.36691099
0.26325253 -0.05185218 -0.06975490 0.12788500 -0.12106700 -0.42045099
83.32301085 27.56282180 -85.16641756 49.85989761 13.43527699 -47.54393387
2.20605617 -0.28209468 -1.00116484 2.71166801 -0.70684499 -1.27328706
-0.07966407 -1.35235634 0.72981852 0.29508099 -2.24964809 0.40131500
-0.00904897 0.03595525 -0.08630962 0.30215299 0.38022399 -0.50664002
-0.79585728 -1.41844697 0.29667416 -0.35978401 -2.35059690 0.11290900
-0.71025350 -0.52058168 -0.96047459 -0.66083902 -0.64099801 -1.04165494
-0.42593730 -0.23431246 0.09705340 -0.20351200 -0.91821402 0.52213001
0.09172346 -1.32641403 0.40995266 -0.09969100 -1.10204101 0.39826599
-0.32564270 0.50025796 -0.45812713 -0.58968598 0.10551500 -0.28327000
0.46952203 -1.01814295 -0.10455378 0.12768900 -1.49928403 0.26928499
0.04312896 -0.55883625 0.25743838 0.02074200 -1.14679301 0.65534401
-0.04724573 -0.16090812 -0.06095700 -0.04162800 -0.11117600 -0.37575901
-0.58211415 -0.54367153 0.21264888 -0.64990097 -1.03056395 0.48832500
0.08219174 -0.02246888 -1.05460644 -0.01858400 -0.52200401 -1.25711906
-0.38402495 -0.33157381 0.86921475 -0.48242101 -0.32204100 1.35393202
-0.39414108 -0.30445356 0.05655039 -0.06646100 -0.12495200 0.18603200
0.17472651 0.06390751 -0.25043512 0.15233900 0.19940400 -0.71396703
-0.38291293 -1.31672458 -0.89915584 -0.15707700 -1.46418297 -0.79426801
-1.63388547 0.70501874 -1.31111276 -1.14929199 0.87990397 -0.91620398
0.44606693 0.70250426 -0.50695436 0.25035501 0.61560500 -0.60570902
-0.02573050 0.42088290 0.09398959 0.09777700 0.47200701 0.51006299
0.60296813 0.08719988 -0.53368470 0.33555901 -0.26635501 -0.38174200
0.69905009 -0.04656583 0.09310782 0.34830400 -0.79732198 0.16352400
0.32686242 0.37027364 0.11799207 0.32477000 0.19239700 0.45841500
0.29261557 -0.23028381 -0.71134944 0.20901100 -0.73054701 -0.76985598
-1.18458833 -0.24035700 0.64763238 -1.51069403 -0.20828900 0.92205101
0.16028086 0.17405387 -0.31176372 -0.00821200 0.68596399 -0.00850200
1.04875483 0.87487602 0.22267598 0.92374200 0.69983703 -0.11122300
0.30590847 -0.47017049 1.07880481 0.41160101 -0.09594500 1.54239702
0.06270829 -0.22800588 -1.13490278 0.03363200 -0.55229300 -1.01346004
1.13368558 0.65872541 0.33079698 -1.60161197 1.62758601 -0.25268200
-0.93932276 -0.51264547 0.33290540 -1.02048600 -0.37345901 0.21148700
1.04025706 0.17047685 0.20456528 0.96551198 -0.25726101 0.45275900
1.15846178 -0.87022223 -0.67592222 1.34717703 -0.88920200 -0.38621500
-0.11788942 2.16771973 0.57963424 -1.13181400 -0.93498701 0.31873801
-0.44882920 0.99165603 0.12199206 -0.43844500 0.81875700 0.08768600
0.60302939 0.04193900 -0.47493127 0.16135700 0.09877700 -0.78082103
-0.82917178 1.07494529 1.13095165 -0.79054701 1.66325104 -0.24808501
-0.06857158 -0.15750936 -0.45207331 0.07928000 0.19249600 -0.61780798
1.30552646 -0.77818452 0.76117379 1.20774102 -0.39893699 0.54095203
-0.39311963 0.09575557 0.15330767 -0.52749401 0.38100499 0.47816500
-0.63558066 -1.27377518 -0.91961384 -0.78756797 -0.79146200 -0.80919600
-0.81913121 1.50817388 0.15280207 -0.61947799 1.29373598 0.02725700
0.13656735 1.06459748 0.05740631 0.02086500 1.09550500 0.21970700
0.26493885 -0.59277044 0.01101207 0.42732000 -0.86915302 -0.04618500
1.48723399 0.34950514 0.73258680 1.26528704 0.78131902 0.82235098
-84.45505477 -34.63753954 77.21294553 -47.35074234 -19.59248543 41.87283325
0.03971108 0.04956567 -0.04043741 0.01270900 0.21784700 -0.17145200
0.37105651 -0.29129403 0.08376459 0.29002899 -0.05273100 -0.39745399
-1.78694761 -0.29004977 -0.68504759 -1.90489805 0.18508300 -0.80558699
0.58888853 -0.22782295 0.08296319 1.30818295 -0.75690198 -0.45269501
1.38543083 0.22082913 0.73572282 1.63749897 0.24004400 0.88238400
-0.23656880 -0.40842554 -0.46472345 0.03394000 -1.01604700 -0.91805798
0.28265551 -0.48656603 -0.07401706 0.41299000 0.23648000 0.51972502
-0.17818001 -0.31055311 -0.01715303 -0.58442199 -0.99061298 -0.29711899
-0.54638177 0.77749693 0.72386981 -1.54756999 0.08329700 1.07119405
1.49031657 0.24171395 0.40269679 1.31603098 0.00506900 0.49389499
1.12777438 0.03142903 0.94395301 1.44656706 2.66595101 0.46554101
-0.27574165 -0.93794835 -1.54484702 0.34456199 -2.99122596 -3.36399198
1.82251548 -0.69101525 0.08471441 1.02841198 -1.02092004 0.02245500
-0.49562431 -0.85115954 -0.14372692 -0.75320899 -0.84119701 -0.24285799
0.37387276 -0.71870213 0.74561396 0.71076697 -0.45420200 0.55642402
-0.72780436 1.99739791 0.34636779 -1.02294397 2.33060694 0.31381500
0.03894773 -0.19311033 0.04098711 0.26564500 -0.32976499 -0.12948000
0.66031312 -1.01831198 0.02577389 0.92949599 -0.33917001 -0.24578799
0.35613157 -0.03215407 -0.23999978 0.48793700 -0.03383500 -0.60194802
-0.02874087 -0.56161780 0.89078744 -0.32676899 -0.90238601 0.66193700
0.02454183 0.41883369 -0.06710441 0.42177501 0.07313000 -0.08838000
-0.73131685 0.92999334 0.70552449 -0.54009402 0.55251700 0.69198799
-0.22362984 -0.23229755 0.36271624 -0.34613401 -0.00320900 -0.19994600
-0.49785601 1.14483564 -0.62601758 -0.60804701 1.28085995 -0.93253100
-0.41419347 0.48987534 -0.59406627 -0.59093302 0.25969401 -0.77622998
-0.95221414 4.92371691 2.62970607 15.39638424 15.96815586 10.53879738
-0.07681110 -0.09613727 -0.19787810 0.51874399 0.04335700 -0.23935100
-1.06538216 1.15624471 0.01104508 -1.06263304 1.55113602 0.00287900
0.58778952 -0.59666768 0.31576493 0.20067200 -0.17750800 0.44790000
-1.09089980 0.16759593 -1.37639716 -2.82062006 1.56048501 -1.26748097
1.40249580 1.15999801 0.63481179 0.26023400 0.53175300 1.69955206
-0.09306551 1.82675848 -0.05503201 -0.32830301 2.08563900 -0.22260100
0.62795104 -0.46735127 0.09485332 0.80428302 -0.74320102 0.13084100
1.17799360 0.38797517 -0.29139829 1.21494496 0.82487798 -1.23936105
-0.16300871 -1.06938380 -0.92250181 -0.13103400 -0.78972900 -1.03296602
-0.34641834 -0.60952381 0.61302015 -0.03948800 -0.67943799 0.45963100
0.03488464 0.17380761 -0.26570197 0.31514499 -0.03095300 -0.01312400
-0.76576462 -0.94812180 -0.19649706 -0.41527900 -0.78714699 0.08976400
-0.71506275 -0.50659018 -0.94186726 -0.74413598 -0.63449699 -1.01466894
-0.44598016 0.01389087 0.08954400 -0.30767101 0.06129300 0.33434299
0.09199398 -1.31652071 0.40555449 -0.05208600 -1.00504303 0.39376801
-0.35015353 0.34982490 -0.47909796 -0.54275203 0.16881700 -0.18085900
0.46745652 -0.93209660 -0.16363522 0.22713099 -1.20789897 0.04932400
0.97521899 -0.39943332 0.10399334 0.65216303 -0.52876598 -0.10401500
-0.10240657 -0.06588863 0.13881783 -0.17297900 -0.21137300 0.53924501
-0.33145780 -0.97176657 0.36022546 -1.33512199 -1.23845398 0.12952401
0.07674300 0.17733542 -0.96566343 -0.04553700 0.15649500 -0.93320501
-0.40341936 -0.25958223 0.88739234 -0.44084400 -0.06244000 1.22388399
-0.40827717 -0.31895607 0.08009508 -0.05577300 0.07257700 0.25180101
0.17212052 0.08693613 -0.22869120 0.13670400 0.29058701 -0.59109199
-0.40171352 -1.30071272 -0.91267573 -0.24807200 -1.26829398 -0.85026997
-2.04131992 0.79323641 -1.31122357 -1.46556902 0.80604100 -1.52486396
0.38835146 0.65937889 -0.44881497 0.34739399 0.73098999 -0.49121001
0.17020215 0.23438442 0.03287625 0.54318899 -0.14124700 0.31360799
0.54331522 0.15219929 -0.45420023 0.25643700 0.06616900 -0.37558100
0.66871879 -0.21985874 0.02322814 0.56537998 0.07049800 0.12688801
0.33725650 0.38159542 0.14062209 0.30524200 0.38614601 0.49133199
0.22102620 -0.04809658 -0.56017828 0.11192100 -0.53895903 -0.60512102
-1.17510669 -0.22420073 0.68811942 -1.59711206 0.16742000 0.62859201
0.21584750 0.33322401 -0.12074947 1.03808498 0.33474100 0.25860199
1.07168974 0.97529521 0.34207376 1.21085596 1.05270898 0.13004699
0.54223074 -0.15102021 1.01884111 0.68241698 -0.02557200 1.17213905
0.07115829 -0.12703555 -1.15662292 0.23267999 -0.08017800 -0.97857201
-1.47976592 -0.01498505 -0.26010968 -1.11076105 -0.24854900 -0.16954100
-1.06920316 -0.51682017 0.29391600 -1.18411398 -0.59728098 0.53096902
211.78628376 -20.49561317 -52.65487073 203.30407715 -25.24504471 -56.08181381
0.61799576 -0.45081299 -0.01054408 0.51029998 -0.65880901 0.52673101
-0.54703198 0.62560269 0.08401622 -0.66957301 0.22275300 0.28733501
-0.41847163 0.88746086 -0.03071312 -0.28274399 0.80564600 -0.16254400
1.59067828 -0.37066985 0.02678662 0.26274800 -0.26451001 0.09371000
0.16121974 0.23238452 -0.34046938 -0.10491100 0.14041400 -0.71809298
0.14986522 -0.10143036 -0.59350964 -0.27399799 -0.09026500 -0.63571602
1.38057992 -0.90153875 0.62599656 1.55825901 -0.45530900 0.66877300
-0.12893869 -0.06565898 0.25546084 0.05214300 0.12696300 0.59048301
-0.53498940 -1.23634641 -0.88944843 -0.44403499 -1.06885302 -0.78327101
-0.81994826 1.43783117 0.18427019 -0.57722098 1.17009497 0.04111500
0.10862523 1.03687638 0.03334684 -0.04215800 0.98578501 0.20460699
-0.04948278 -0.66661259 -0.02723466 0.35828000 -1.01974595 -0.00538500
1.51596857 0.26143140 0.66775003 1.41443098 0.54777598 0.92611700
-0.87823835 -0.20545296 0.57237350 -0.78621298 -0.77823400 0.77030200
0.58689867 -0.06470326 1.01244480 -0.74737602 -0.14283600 -0.13739599
-213.06129200 17.95557501 51.42874141 -216.12814331 11.67401791 48.88517761
-1.17039219 -0.17498007 0.07353308 -1.28952801 0.02527300 -0.04544000
0.58753115 -0.18393962 0.06847807 0.90675801 -0.32115901 -0.34056199
1.34307987 0.24973813 0.67041160 1.58408499 0.13059101 0.76510602
-0.37456846 -0.56669394 -0.52595158 -0.26467299 -0.83554798 -0.36038899
0.01267006 -0.47980104 -0.26652241 0.10829600 -0.22696599 0.00263200
-0.14558645 -1.41051785 -0.08398190 -0.17541200 -1.85603297 0.06174400
0.22140706 -1.09023396 0.99347606 -0.15284300 -2.02936912 1.27665102
-1.91128708 -1.03042232 0.93360858 -2.43348503 -1.05794501 0.64449400
1.86420221 1.62389756 -0.25498635 2.21765709 0.94322997 -0.55422699
0.25769390 -0.56302745 -0.24569263 0.39435601 -1.05660796 -0.78544199
1.39789569 -0.43618995 1.24543438 1.88412201 -1.17597699 1.28563201
-0.38706940 -0.78807987 1.36265016 -0.69336599 -1.35768998 1.92197096
1.07802163 -1.15548821 0.33101689 1.34342098 -1.94607794 0.90055501
0.04841412 -0.69697555 0.03587500 -0.06382500 -1.74712300 -0.17659999
-0.57860595 1.50614471 1.10941955 -0.48059499 0.92956603 1.35755098
-1.66207748 -1.81360109 -1.39039524 -1.59512401 -2.18372798 -1.47856200
-0.87331971 0.85299044 0.46843129 -1.11396098 0.41218299 1.06757605
-0.41327260 0.18122512 0.54580423 -0.48643801 -0.24911299 -0.04819500
1.84218299 -1.11626247 -0.78872208 1.45133603 -2.77428508 -0.86872000
-0.09721408 -0.37249174 -1.35363949 -0.23509599 -1.32937706 -1.40956998
-0.52330242 -1.70658412 -1.57850066 0.10506800 -2.05503297 -2.42265511
0.31273004 1.35610206 0.93719607 0.13713600 1.71554506 0.41339400
-0.00185261 1.27590712 0.91471182 0.20768601 1.55404997 0.69068003
0.20539284 0.84080442 -0.56937460 0.44513300 0.92645198 -1.22880697
-0.45139422 -0.04410622 -1.66842276 -0.14054701 0.61187798 -2.80773401
-1.06681116 2.41820470 0.72211965 -0.01424800 3.98777699 1.17595196
0.11023966 1.11041028 0.80924452 -0.77245802 1.97791803 0.85469902
-0.77028481 -0.68545076 0.47627709 -1.56859696 -1.11529899 0.63153797
-0.63317548 -0.18899076 -0.17971679 0.46876499 -0.07148700 0.55340302
-0.94693131 1.88288602 0.15843747 -1.51380205 2.74937201 -0.08492400
-0.88463064 0.50079866 -2.74092588 -1.48639798 0.96081102 -3.08101296
-61.34244808 -142.55307127 46.78339248 -28.10207748 -68.99344635 23.50572395
81.55558917 132.18717098 -15.06844003 39.18008041 64.13127136 -1.73404503
-1.86575016 1.44273157 -1.58503738 -3.68045306 1.47468901 -2.83056307
0.75976310 0.61551359 0.55013531 0.63279098 2.49647307 0.11554000
1.27462891 0.80609741 1.09916533 2.50640106 0.82738501 0.19529600
0.59897636 -1.26146144 1.13816716 1.23155200 -0.69569099 1.54255402
0.93677261 0.16369928 0.19353613 0.70103300 0.64214998 0.10720300
-1.09368704 -0.02191344 -0.73970579 -0.81417602 0.24693400 -0.80631799
2.57851736 -1.24491951 0.05375148 2.64184690 -1.64986002 0.01418700
-0.16686106 1.36915656 -1.67530627 -0.51743400 0.68794101 -1.36571896
0.69943976 -0.48746019 -0.34668037 0.74896199 -0.46456599 -0.48634401
-0.41870175 1.02806681 1.55699451 -0.31875101 1.50955403 1.78332102
-2.08751695 0.45312806 -1.04766004 -2.10080910 0.59233099 -1.22379506
0.05350736 0.52929841 0.69759338 -0.09325600 1.13528299 0.81408602
0.31042454 0.20220176 -0.15678005 0.57022798 0.64229000 -0.24181899
-0.79657101 -0.06336064 0.42493102 -0.31975800 0.33823499 1.03379095
0.93665231 -0.10635866 -0.52439977 0.97784799 0.15777799 -0.87511402
1.61987223 1.23774132 -0.15331225 1.62487698 1.45726204 0.28031701
-1.99144408 0.50287758 -0.57111990 -2.18244004 0.84447002 -0.83780903
1.03460772 2.64243082 0.70462751 0.96634698 3.19427705 1.04328799
0.32457327 -0.35261537 -0.49639481 0.03596500 -0.13732401 -1.08288896
0.30501052 -0.28392613 0.08781295 0.27851799 0.46978900 0.18448400
1.09331081 -1.15548296 -1.09233496 1.20456195 -1.00266600 -1.37555206
-0.45340239 -0.44773853 -0.44768479 -0.62947899 -0.40091801 -0.36698201
-0.88826347 -0.30805413 -0.95387101 -0.77927202 -0.71370798 -1.19013000
-0.76466093 -0.86131815 -0.39943400 -0.48143601 -0.70147902 -0.58400601
-0.83173853 -0.42557491 0.15735375 -0.69043201 -0.33668700 -0.18384500
-0.69664894 -1.46547243 -0.82315502 -0.46004900 -0.69145399 -0.42782000
-0.87121162 -1.01488228 -0.11471567 -0.81649899 -0.45817900 -0.28866699
-0.57617541 -0.63955810 -0.54716155 -0.63951701 0.01220100 0.07267600
-2.64504269 2.51469604 -4.45253488 0.69913602 -0.41025999 1.00656998
-1.21683903 -0.21826709 -1.42926139 -1.61892200 -0.47705099 -1.04095399
0.69302157 -0.65624983 0.34871036 0.44657901 -0.37128201 0.57309800
-0.35567359 -0.15297661 0.07772087 -0.60799903 0.34829500 -0.37418199
-0.30706101 -0.11636173 -0.34267763 -0.82780600 -0.66032499 -0.49373600
-0.41547377 -0.32953285 0.48854782 -1.19745505 -1.40716302 0.71881700
1.22409484 0.03258653 0.86803267 1.08749604 -0.49529499 0.92943299
-12.61078850 5.50075775 -26.61689265 -8.61157799 3.35964394 -19.36718178
0.41217092 -1.80666647 -0.77745772 0.64893299 -2.41686702 -0.90295100
-0.89313427 0.35880860 -1.83751416 -0.59212101 0.00341400 -1.60526395
0.01166138 -0.24787276 0.73631929 0.03152900 -0.06707500 1.31220901
1.09756819 -0.95540023 -0.28453402 1.05537903 -1.26384401 0.06454900
-0.37969820 2.52349484 1.05221023 -0.15418100 2.24007797 1.03471804
0.59116156 -0.32605433 0.71655895 0.15403201 -0.47948700 0.50615603
0.17335889 -1.02108860 -0.21561019 0.27485001 -1.47150505 0.05005800
-0.60365282 -0.12487588 -1.29478270 -1.23594701 -0.62829101 -1.30906296
-1.54307535 -0.33870207 1.07918494 -0.25351799 -0.45634499 -0.06565500
1.57152512 0.64287459 -0.03291041 2.11552000 1.23756003 0.96721601
0.32180716 1.98141683 1.23086593 0.07679300 2.66594911 1.01302695
-0.60360563 0.65643493 1.99739642 -0.12679601 1.87329495 1.98839700
-0.24943167 0.44209482 3.19614518 0.01225300 0.48937300 3.66342592
-0.28402438 0.86553850 -0.05077305 0.77012497 0.29118401 1.03085601
-0.29496035 -0.15828590 -1.33179902 -0.35966200 -0.98816401 -2.34184599
1.07816228 -0.00426385 -0.01855658 1.80970395 -0.29380500 -0.03813400
-0.15559861 -1.40467685 -0.07894870 -0.20622100 -1.66063297 0.25663099
-0.38998946 -1.33644811 0.85260713 -2.59604502 -2.82179189 2.50535798
-2.00685667 -0.98663867 0.96764945 -2.57433200 -1.43077397 0.70588201
2.44597376 1.83236606 -0.44235271 2.88677692 1.98779297 -0.50582200
0.07185121 -0.27881768 -0.82987443 0.37279499 -1.85848796 -3.04272008
1.64728023 -0.27117931 1.35558281 1.58007896 -0.71171898 1.11515296
-0.37719588 -0.81056557 1.39664173 -0.35302001 -1.42798495 1.93455505
0.87783434 -0.08996395 0.83182482 0.98069799 -0.20041500 1.97128201
0.03278798 -0.55685955 -0.00334874 0.06015200 -1.35382104 -0.47908300
-0.37742473 1.68037401 1.09092586 0.05697200 1.48854101 1.25400996
-2.07226123 -1.12359329 -1.20474671 -2.42301989 -1.42457294 -1.44209599
-1.09751069 1.19949951 0.49291704 -1.24130595 1.51036096 0.78597099
-0.41039145 0.10620385 0.58191226 -0.53032398 -0.38332999 0.08879100
2.00015504 -0.95109836 -0.42621499 1.88328099 -1.38092601 -0.27919900
-0.00376498 0.11565235 -1.58423198 -0.07414200 -0.28292400 -1.78974998
-0.71663498 -1.59869984 -1.49049754 -0.68142098 -1.59857500 -2.11413193
0.36730173 1.29716000 0.95663401 -0.05746600 1.89989305 0.42118499
0.09289940 1.23146621 0.99991773 0.83656502 0.82287800 1.08375895
76.20992742 38.61202206 55.65316510 49.32332230 25.26982307 32.58084106
-1.06910437 -0.52098601 -1.90743621 -1.40160000 -0.85529500 -2.59093094
-0.25985861 1.03107482 0.37581293 0.72122800 1.65259194 1.53867304
0.74501873 0.62301971 1.27778283 0.56071198 0.63004100 2.05557203
-0.25965166 -0.87144829 0.25800316 -0.98201901 0.05288000 -0.55347800
-0.54329754 -0.44193331 0.31481641 -1.24574995 0.01988200 0.15548600
-0.41516207 1.64364065 0.26345100 -0.69400001 2.34027290 -0.09369400
-0.67238088 0.32269025 -2.69739845 -0.78601402 0.11231300 -3.40060592
0.66024442 -1.34697542 -0.82240335 1.19528902 -0.79186302 -0.64588702
-1.41713426 -1.39176738 -0.63879803 -1.02547097 -1.50144100 -1.42188394
-1.31256974 1.73515000 -1.14371582 -1.10632098 2.50702906 -1.30611396
0.54655546 -0.16982756 0.76332652 -0.03322100 -0.51936197 0.70131600
0.13378195 0.95287232 1.69499920 -0.11575300 1.06917202 1.56826305
0.79125471 -0.99148077 0.27807319 1.48496795 -0.88932401 0.32553700
0.98198673 0.05308687 0.22328910 0.90830100 0.08905500 0.20648600
-1.10659095 -0.07177299 -0.73867640 -1.00098097 0.15350001 -0.57966202
2.68652423 -1.07552429 -0.01985885 3.09232211 -1.11172795 -0.50674599
0.37496158 0.15284432 -0.28145758 0.25468400 -0.05149400 0.16362900
0.72665212 -1.16064207 -0.17049466 0.48257601 -1.41649997 0.13823400
-0.39140309 0.90874373 1.56964153 -0.29581001 0.99540597 1.62511599
-2.21809483 0.84525348 -0.93261884 -2.61995792 0.89685202 -1.28359401
0.03100608 0.46314934 0.73181483 -0.02094900 0.42355800 0.86817098
0.22831940 0.02569639 -0.13518801 0.32875499 0.14161000 -0.10338600
-0.81299732 -0.03675862 0.41954256 -0.51053900 0.48105100 0.90900499
0.69289254 -0.23720411 -0.81388178 0.46664000 -0.12253100 -1.58486104
1.52546716 1.19001400 -0.10751188 1.28092504 1.55260098 0.44121400
-1.84207448 0.40393977 -0.65559134 -1.75929105 0.34561899 -0.84053499
1.08895067 2.66246276 0.66393092 1.05741596 3.08493304 0.93295097
0.33301669 -0.45659021 -0.55165132 0.17471300 -0.51174003 -1.19903302
0.34885759 -0.33065665 0.06912859 0.42855901 -0.00036200 0.27847901
1.02877327 -1.26277779 -1.16585609 1.16280603 -1.08173299 -1.31075203
-0.35367886 -0.52431058 -0.34523415 -0.36221200 -0.40608400 -0.09714900
-0.89605462 -0.19380364 -1.00240112 -0.83066601 -0.27828100 -1.33546996
-0.65165386 -0.80585094 -0.32954913 -0.32144001 -0.29903099 -0.40415099
-0.90926785 -0.40889733 -0.01078660 -0.75270402 -0.61695403 0.30585399
-0.59331453 -1.32347144 -1.11015373 -0.57159299 -0.75486600 -1.10978901
-0.44682438 -0.66859000 0.05123352 -0.54071200 -0.33994099 -0.15148900
-0.60641816 -0.66087878 -0.54980712 -0.74781501 -0.11663700 0.07559200
0.99611329 1.05801336 -0.34057707 0.89687401 1.00932598 -0.48727000
-1.19928236 -0.12885196 -1.29403832 -1.36104202 -0.17457899 -0.91380697
1.62669753 -1.28105479 0.20549266 -0.75072098 -1.24900305 1.15714800
0.16807011 -0.86877657 -0.61766217 0.23545100 -0.85193801 -0.85765898
0.97043321 1.23347321 -0.51127857 0.49134201 1.45036602 -0.71539998
-0.23980855 -0.24820181 0.61868309 -0.53905302 -0.80167598 0.85409898
1.18560711 0.63642785 0.66198685 0.83242601 0.10033400 0.52123100
0.13970302 -0.95402717 -0.42621337 0.69037002 -1.39448905 0.19183999
0.36013672 -1.76781374 -0.80386758 0.24767600 -1.88730395 -0.88525802
-0.81355737 0.37454158 -1.95620237 -0.63253498 -0.38024199 -2.15275407
-0.09903256 -0.21184280 0.71280382 0.51217401 -0.19090299 1.32727897
1.01642927 -0.87376167 -0.25935468 1.02306104 -1.20621204 0.08549200
-0.36652031 2.30994847 0.63113680 -0.14554200 2.54192209 0.65246397
0.55136352 -0.32619980 0.78780020 0.01965600 -0.30964300 0.65404201
0.42410045 -0.86342085 -0.14407281 0.97841501 -0.80734098 -0.18419801
-0.51934881 0.66357065 -0.21687745 -0.83183402 0.72929698 -0.16513400
-1.06400429 -0.21370241 1.15228592 -1.67204797 -0.46763900 1.21234500
1.61497869 0.35463434 -0.25500482 1.51464999 -0.04063500 -1.07959402
-76.15477011 -35.24551815 -53.60773697 -43.66091537 -19.02985573 -29.95895767
-0.81004384 0.43073101 1.70356983 -0.89631599 0.80013603 1.97303104
-0.27825157 0.49532881 3.21220979 -0.19216099 0.83967102 3.77988291
-0.22254938 0.81216106 0.15060529 0.01321200 1.03386104 0.34072101
-0.49296159 -0.09517536 -1.31498040 -0.83332598 -0.88856101 -2.25504494
0.92138414 -0.01817637 -0.03264565 0.94176602 -0.15143000 0.08451900
0.88506401 -1.59528189 0.31556953 2.29607511 -2.83396792 2.32648301
0.45319719 -0.99672587 1.12300369 0.11959800 -1.54332602 1.53156996
-1.20962153 0.29056120 0.75962685 -1.37060702 1.92945397 0.46609700
0.19413846 1.87739149 -0.24685782 -6.73246288 2.15809202 2.17056203
-0.78738933 0.41824475 -1.59161721 -0.17215300 0.25067899 -2.10287094
1.94719142 -0.34461573 1.08293401 3.25047803 0.98283601 -0.59550703
-0.63815006 -0.74051335 1.33769374 -0.37674499 -1.41535103 1.88988400
0.53712543 -2.46911871 -1.32545684 0.19518299 -4.98768282 -1.19269896
0.12702588 -0.58269052 0.05465650 0.11804500 -1.35336804 -0.62607598
-0.41213953 1.68292189 1.14938181 0.03920400 1.54951298 1.29897594
-1.98409824 -1.08036284 -1.24417179 -2.59082508 -1.53682601 -1.74294198
-0.68789759 1.09868484 1.01983317 -1.09011900 1.98062599 0.62980503
-0.44652874 0.14183192 0.60966356 -0.44383901 -0.11983000 0.05336000
1.90378765 -0.98870512 -0.60454143 1.50004494 -1.51377404 -0.34706300
-0.08075669 0.04471045 -1.26102858 -0.17693000 -0.34078199 -1.68905199
-0.65552097 -1.53676466 -1.29647478 -0.64264703 -1.43305600 -1.79747105
0.38219423 1.31673774 0.98931619 0.30436099 1.64326000 0.55486602
0.01057517 1.20564337 0.97401531 0.63039201 0.75694299 1.33214402
0.27108410 0.85656219 -0.58186909 0.37947300 1.19810402 -0.70558900
-0.50721586 -0.35951398 -1.62101709 -0.27488601 -0.08499500 -2.10268211
-0.59546576 1.20602073 -0.01097189 -0.20589000 1.95807302 0.44397601
0.80868956 0.58621376 1.23598163 0.63449901 0.56566203 1.83703303
-0.39274811 -0.65707850 0.10743052 -0.55793500 -0.69053400 -0.04982500
-0.14423321 -0.59897082 0.02339677 -0.30125901 -0.03903300 -0.54908502
-0.40976227 1.62240097 0.28086658 -0.64231497 2.22655392 -0.09331400
-0.69189295 0.33172454 -2.70571894 -0.79729003 0.05448800 -3.48531199
0.68456458 -1.32342141 -0.88874181 1.08475006 -0.91049701 -0.87355399
-1.39720182 -1.36671322 -0.67649966 -0.85158598 -1.50613403 -1.59215295
-1.37298819 1.67695858 -1.11730552 -1.42762899 2.33065796 -1.18110204
0.53639618 -0.21037233 0.84012829 -0.07698000 -0.40727001 0.82833302
0.29912333 1.05928906 2.12436071 0.06476800 1.06572998 2.18506408
0.84905954 -0.98909312 0.34026224 1.60929298 -0.97938299 0.44244400
0.47064587 -0.04420235 0.28079766 1.13875306 0.10118000 0.83253700
-1.13780048 -0.00953994 -0.85139162 -1.02839005 0.28623700 -0.88771701
2.86084426 -0.84583034 -0.15124743 2.87845397 -1.59938097 -0.58165097
0.36227831 0.16167177 -0.28242560 0.27490899 -0.04452800 0.22853801
0.76032675 -1.16986697 -0.01711452 0.68184799 -1.52994597 0.11838700
-0.58731310 0.71402540 1.39696752 0.23288400 1.34806001 1.75986803
-0.84397578 148.95629810 -193.73455967 2.05588698 144.77799988 -186.02330017
0.05708416 0.46450812 0.70952991 0.08484200 0.35274899 0.93864202
0.49524486 -0.26365103 -0.42786009 0.12311200 -0.28292099 0.06555500
-0.83382614 -0.08368290 0.46201320 -0.53087300 0.37705499 0.84716898
0.51993833 -0.01915556 -0.85298895 0.31367901 -0.10923200 -1.72610605
1.51649603 1.20066839 -0.12178955 1.22049797 1.54617500 0.38936499
-2.25336169 1.22319557 -1.24656986 -2.16080689 1.18888903 -1.61320806
1.01700305 2.59388200 0.60586127 0.50155902 3.03699493 0.53003299
-0.28515001 -147.59064973 195.17501423 1.01646900 -144.63198853 185.08819580
0.30133915 -0.32023653 -0.00484136 0.42627600 -0.14209500 0.26689100
1.39806028 -1.08858727 -0.89282815 1.49564397 -0.94412899 -1.03406894
-0.32937625 -0.53970500 -0.08180032 -0.37697399 -0.70452601 0.18873100
-0.94365141 -0.38052514 -1.03692728 -0.61706799 -0.40555701 -1.44248104
-0.62827494 -0.78415116 -0.31230079 -0.30320200 -0.32509899 -0.33652499
-0.77073967 -0.41335952 0.19821323 -0.82726401 -0.77585900 0.01271800
-0.60685940 -1.52969076 -1.04484702 -0.50551301 -1.07921696 -0.78058201
-0.72426164 -1.14393307 0.04830013 -0.95726001 -0.94315797 -0.01772400
-0.58255965 -0.67227785 -0.58594448 -0.83346897 -0.24810600 0.13770799
1.00910138 1.11676079 -0.35759663 0.80119300 1.00242400 -0.19479600
-1.18783007 -0.11975689 -1.29155917 -1.46419597 -0.17336200 -1.03317797
0.25673105 -1.08150360 0.42976464 0.63081902 -0.57396400 0.69878799
0.15143566 -0.86103487 -0.65629290 0.15282699 -0.83042300 -0.93242902
0.93173964 1.20077351 -0.41345320 0.40286100 1.25333095 -0.38180000
-0.26878300 -0.19964642 0.52063909 -0.67372000 -0.80715102 0.58719999
1.24636007 0.16893131 0.90246626 1.21730804 -0.14798400 0.97804898
0.14041238 -0.95261177 -0.40834073 0.69065797 -1.26885700 0.18406001
0.35855453 -1.74181914 -0.79756769 0.20421600 -1.76194501 -0.80802101
-0.91973243 0.33036252 -1.92509251 -0.81235301 -0.15525800 -1.82928002
0.02233492 -0.36996103 0.64580386 0.03496900 -0.01905700 1.40631795
1.02320159 -0.86498372 -0.27866114 0.95049900 -1.20232999 0.03365700
-0.35535149 2.25452266 0.63587239 -0.18441500 2.34394693 0.51428503
0.55562038 -0.34124995 0.79780625 -0.02917200 -0.23827000 0.60374099
0.29712269 -0.88319516 -0.14009065 0.52363002 -0.80651999 -0.07541400
-0.53404915 0.65170276 -0.23443111 -0.90458500 0.76008600 -0.18667600
-1.07366582 -0.18961741 1.15563047 -1.41461205 -0.19387300 1.33561802
1.59361127 0.56969808 -0.07313723 2.00715995 0.73126602 0.05946600
0.79430261 1.60756679 1.28087370 0.35791701 1.74682105 1.06917500
-0.79336208 0.46154494 1.81167778 -0.69690299 0.90595597 1.88340199
-0.27865763 0.49583186 3.22807361 -0.13967299 0.92413300 3.88317895
-0.19376474 0.90109106 0.10879468 0.11036400 0.98134798 0.10469900
-0.41365914 -0.12890247 -1.33255249 -0.53508103 -0.60041398 -2.23010206
0.93061060 -0.01566345 -0.03573636 0.97222900 -0.07436900 0.10477100
1.06869172 -1.06978527 -0.18451355 1.03378296 -2.18166995 -0.24398400
-0.10314839 1.67920490 -0.14492483 -0.95406097 -0.48603100 1.22839999
-2.36857659 -1.13097470 0.03884292 -3.50544691 -2.38409305 -0.47918001
0.67742427 0.29169989 0.47167519 0.87293297 0.25013301 0.85814798
0.79056393 0.62750668 -0.14578875 0.93323803 -1.04195595 -0.66906101
1.89097093 -0.81542375 -0.08191395 1.46326494 -1.68935096 -0.33377701
-1.06430081 -2.88615232 0.27645503 -1.00499296 -3.82715893 0.52914000
0.71987529 -0.80661057 -0.41407794 1.09532106 -2.06498599 -1.11390901
0.10810860 -0.11090067 1.08539177 -0.21303900 -0.98820299 1.26522100
-0.83238694 -0.09318923 1.28673691 -0.97505897 -0.87917101 0.80101299
0.00475308 0.78298212 -0.60136628 -0.19222701 0.11984300 0.05089900
-1.32312434 -0.82840306 -1.11805917 -1.23081100 -1.15714002 -1.25845802
1.65365391 0.84630589 1.40730768 1.30055106 -0.24344499 1.11259305
0.94076855 0.68141747 -0.18516023 1.20440102 0.33645901 -0.29898199
1.15092885 0.81887098 -0.53984801 1.50915802 0.41975999 -0.49799699
-1.05863600 -0.21660640 -0.01546021 -1.27498996 -0.53430301 -0.49878100
0.71036069 2.63761433 1.29959385 -1.24325395 2.28232288 2.09174204
0.03702043 2.32074586 -2.53890415 -0.30473799 4.07965899 -1.88626301
4.28723064 2.09882641 3.64368314 5.85567904 1.41264904 5.14340305
1.09186904 -1.12144106 -1.42648057 1.74291599 -0.51557398 -2.32209897
195.54544558 -21.45388394 158.71165359 110.22602081 -15.57871723 81.88606262
-71.76694085 161.00953549 -117.07282982 -54.58305359 99.53285980 -60.72748566
-151.67091585 -207.04115170 -42.42370654 -80.10489655 -110.79392242 -21.92479324
-2.12199758 0.15645360 1.00649671 -2.77495003 0.84741098 1.22239494
-0.33226479 0.46800959 0.00527049 -0.91775101 1.14662802 -1.03761399
0.40819923 2.43865929 1.09925025 0.36537200 3.40373111 1.73077297
-1.48361615 0.13507694 0.07593115 2.18738604 -0.03027600 -2.75189805
-0.25832993 0.57503407 -0.66902910 0.15988401 1.31524098 0.09469700
0.21597424 2.07361288 -0.32742050 0.30705300 2.36420608 -0.66747302
0.85075223 0.55727765 0.96254298 0.74228299 0.47286499 1.14737296
-1.03398992 -0.19021608 1.36085090 -0.67634600 -0.23129401 1.18755305
1.17651116 -0.11849766 0.88279928 1.32901394 0.56680000 1.00631404
-0.39966450 -0.47328660 1.66355413 -0.40998000 0.20802601 1.48421800
-1.58990235 -0.51930741 1.28492690 -1.74521697 -0.38010299 1.27961600
0.70040442 -0.11928522 -0.45198860 0.77777803 -0.03908500 0.02321600
-0.60606079 -0.14957533 -1.11831201 -0.68991101 -0.26479301 -1.70276999
-0.47095852 -0.63339168 1.03988896 -1.43069899 0.15175200 1.43947303
-0.00293246 0.12122223 0.94210450 0.09513700 0.16732299 0.81997502
-0.31610747 -0.56148559 -1.41196817 -0.39446500 0.11922700 -1.08502102
-0.14797073 0.65168454 -0.84818354 -0.17918600 0.98925298 -0.78264701
-0.56264762 0.86742497 0.25388105 -0.56485301 1.48423100 0.37497699
-2.71030597 -2.80482831 -2.83569549 -1.82381797 -2.06714797 -2.03884506
-0.24145650 2.13622934 1.22521976 -0.21611799 2.08025002 1.22303605
-0.69677788 -2.04931441 -0.73241581 -0.59528798 -1.78492606 -0.91232097
1.12521543 0.10389061 0.96875732 1.82777905 0.66192198 1.61676300
0.21597124 1.64880742 1.16963303 0.28287101 2.23596406 1.00002396
-0.82587577 -0.00205197 -0.05982653 -0.59820098 0.45894000 0.20302901
-0.51297754 0.17217360 -0.53688026 -0.63246602 0.33889300 -0.70539898
1.37822831 1.22388789 -0.49382157 1.10383999 1.97128499 -0.25816900
0.23514212 -0.46377278 0.79514841 0.31990901 -0.47594401 1.25379395
1.04052456 1.30747069 1.60908779 1.01224399 1.14965796 1.76911104
-0.28728839 -0.79559731 -1.02062250 -0.26371500 -0.41856101 -1.56671798
-0.96526454 1.80220630 -0.34378884 -0.84716201 2.23136401 -0.24301700
0.30427669 0.07873733 1.34489291 0.58101797 0.76633900 1.36566401
-0.74116323 -0.48457787 -0.74815876 -0.59056598 1.11405206 -0.93931502
0.75176627 0.93116684 -0.44468418 0.87836301 1.74876904 -0.10909500
-0.70572610 0.19384542 -0.01892963 -0.64849597 -0.67413801 0.00129100
0.98039127 -1.36702514 -0.22735726 0.85685402 -1.35983098 -0.14140099
0.51000051 0.57920253 -0.66681376 0.04567800 0.38768101 -0.56299299
-0.33762612 -0.58459549 0.03705426 -0.69354802 -0.95314300 0.30432001
0.63411386 -1.01827333 0.40463399 0.47468901 -1.28820503 0.22688299
-0.49416508 0.99172531 0.29423727 -0.84934998 0.69697303 0.82752502
-0.27401463 -1.74090590 0.17255964 -2.03148890 -2.64078689 -0.49344900
-0.29318111 0.12884131 -0.27172669 -0.56424201 -0.38255501 0.24052700
2.89392939 -0.84719794 -0.14020617 2.15967202 -0.14678700 -0.37736300
-1.20559639 -1.27822683 -0.85528827 -0.97787100 -0.80671400 -1.10773396
0.97685620 -1.69533783 -2.02405188 0.68703699 -1.95479500 -1.71191895
0.49314748 -0.63574089 -0.80098306 0.65619701 -0.49404901 -0.15521200
0.25850671 -0.03434257 -0.08296984 -0.21824200 0.11587300 -0.40322700
0.32458284 -0.23089341 0.76168251 0.57689703 -0.48613799 0.68548900
-1.59768347 0.35671184 0.48565076 -1.16595995 -0.46162999 0.22871500
0.65675338 -0.10825674 -0.43062931 0.86765301 -0.19381800 -0.60783201
23.37738508 29.60388979 -100.62121283 18.74817848 14.62307358 -56.03116989
0.08989460 -0.37721993 -1.64740858 -0.41955400 -0.61229801 -1.76453400
-1.43728651 1.16846774 -0.88359407 1.47110701 -2.44551492 0.77334499
1.20498708 -1.47108119 0.31990419 1.55321801 -1.32939005 1.14385402
-0.90928500 -1.72296525 -0.27037051 -0.48526499 -2.50946808 -0.89372700
-0.32546424 -1.51317307 0.86623797 -0.05247900 -1.84604394 0.64268398
3.24733485 38.59166425 100.09630528 2.26986599 20.49811363 51.68196487
-0.65290365 -1.29313760 -1.47247073 -0.53047800 -2.10637093 -0.65958500
-0.41172275 0.46059273 -0.93497317 1.34934103 -0.94203299 0.55183297
0.22796334 2.11894915 -0.40048751 0.26559401 0.86424702 -0.67677301
-2.13681586 -0.92920353 0.76967454 -2.03877807 -0.16095801 -0.30258799
0.58891019 0.48162596 0.43302426 0.66374499 0.66816199 0.75388199
0.42415351 1.98147883 0.00863361 0.33117199 2.07146907 -0.26341900
2.21636268 -0.22469408 -0.17093367 2.25913906 -0.14999500 -0.53613001
-1.14797854 -0.48178408 -0.42743293 -1.13650095 -0.47399700 -0.49262100
0.13165170 0.49971225 -0.53659751 0.35148799 -0.02125600 -1.43881202
0.04463879 -0.06202962 1.09048991 -0.22726600 -0.15758000 1.28703201
-0.88124619 0.14126258 1.72365368 -0.79836702 -0.23251700 1.89349198
-0.21745066 1.14633382 -0.69801475 0.05482900 1.50293505 -0.17252000
-1.34658967 -0.69734150 -1.09504477 -1.64426696 -0.42772499 -0.86469799
0.76479074 -0.18134591 0.58931854 -1.30027103 -0.17645399 -0.69026399
0.92136863 0.92875286 -0.16135850 0.89749402 0.34594399 0.07703300
1.14343149 1.02266066 -0.47077124 1.64093804 1.16562903 -0.08862000
-1.11807688 -0.10811397 0.17431302 -1.12356901 -0.33552501 -0.25214499
0.46291362 0.64321188 2.24446141 0.65733302 0.54307902 1.22447801
-186.04048335 57.32372148 -91.60066836 -105.15834808 33.45454788 -51.49879074
-0.42133856 1.61018826 1.45987434 -0.36412901 -0.33284101 0.10937000
0.20183974 -0.22677592 -0.64055023 1.20695400 -0.11554200 -1.37896800
0.77841775 1.24348282 -0.58124773 -0.01870900 0.65654999 -1.80747497
-0.82021817 0.39961373 -2.76660815 1.39536202 0.06377300 -1.30979300
0.94723414 -0.98306861 -0.88233757 1.52896798 0.53757501 -0.18585400
-1.67739194 -1.26412940 0.58307218 -1.82914901 -1.09233201 -0.03700800
-0.14021654 0.50622128 0.35837530 -0.90614802 0.36415800 0.36735001
0.97791836 1.82740788 -0.95390279 -0.05866300 2.75301695 1.60496604
-0.99147852 -0.40126639 -0.10072479 -0.70920402 -0.39987999 0.14159600
0.10404664 -0.34584589 -1.40719960 0.33484501 -0.02477300 -0.76325297
-0.30877418 0.17418894 1.03861889 -0.85105300 -4.30558014 2.84826207
3.94648532 1.49366551 3.08696840 9.21204090 3.14476800 6.73414898
-1.47981191 -0.11449427 1.30059116 -0.31537199 -0.88326102 1.57779598
0.71605853 -0.21531110 1.03324364 0.99677002 0.40026101 1.42073798
-0.36978739 -0.84417115 1.74100114 -0.36954099 -0.80757499 1.72288597
-0.92749520 -0.53956531 1.06487459 -1.31606197 -0.64230603 1.00268304
0.65200614 -0.19858401 -0.53213143 0.86589301 -0.28651699 -0.23755100
-0.63356216 -0.18552747 -0.68215569 -0.59867501 -0.35444701 -1.02799106
-0.40438238 -0.60445628 0.97367718 -0.47964701 -0.71104801 0.88518500
0.02858764 0.06758675 0.94568956 0.12468300 0.04067500 0.85816002
-0.13685861 -0.80530845 -1.42943065 -0.26642200 -0.91026700 -0.89577901
-0.15930074 0.72007217 -0.76099577 -0.22335801 0.30487800 -0.78273702
-0.51678011 0.48839530 0.34399413 -0.61876702 0.55566198 0.62142998
-82.79784891 286.27645008 169.34308748 -107.47998047 271.15112305 135.57135010
-0.08609388 0.63090570 1.26111506 -0.80771899 1.54054403 -0.01655300
-0.27038350 -1.97371671 -1.22760646 -0.22043601 -1.92153597 -1.01778197
1.09549806 0.07124862 1.01892932 1.56667197 0.22555000 1.41813195
0.56599590 0.99920977 1.27659590 0.26951101 1.66586697 1.06551695
-0.82417443 -0.23689967 -0.06748454 -0.31159800 -0.38571000 0.32244301
-0.46069918 0.16412613 -0.59546855 -0.65790999 -0.01855700 -0.68172002
1.47793714 1.09134524 -0.46618713 1.15252697 0.93257397 -0.14410099
0.19096694 0.20591180 0.79825913 0.01912400 -0.66233498 0.27962700
0.23120519 0.43212318 0.97089284 1.49526894 0.68538702 0.55040699
-0.48013347 -0.60362999 -0.83738355 -0.81976801 -0.96056700 -1.38950706
-0.96396889 0.70187617 -1.09829448 -1.41884303 0.93400198 -0.81758398
-0.12823457 -0.47721235 1.42484649 0.65296000 0.25098199 1.59324801
-0.84962332 -1.26204366 -0.48913395 -1.06030905 -0.98531997 -0.91255701
0.67688275 0.47423308 -1.13704037 0.67120302 0.89593500 -0.40756601
-0.42279797 0.38940403 -0.02841759 -0.16427100 0.27119899 0.23913200
1.20327284 -1.19770000 -0.43772782 0.79155600 -0.86606300 -0.43863899
0.42970549 0.94581513 -0.70396238 0.48503399 0.93261802 -0.52576602
-0.30708162 -0.58441675 0.05241799 -0.56831199 -0.73276103 -0.10071000
-0.36523558 -2.05787423 1.33372503 -0.58119601 -2.14160800 1.26229405
-0.53154811 0.90359698 0.05149717 -0.52443099 0.45328999 0.13437399
0.17635860 -1.24337068 -0.35217642 -0.47651201 -0.97214103 0.87096399
-0.31573096 0.13613948 -0.18830763 -0.87351501 0.25120500 -0.43781999
2.04484896 0.26838877 -0.01379290 1.48985004 0.03231400 -0.21676500
-1.50271331 -1.44832826 -1.26810447 -0.78802198 0.16832300 -0.26852599
-0.02834925 -1.44098171 -1.14485150 -0.39204001 -1.77319098 -1.34226894
0.43976788 -0.73993571 -0.64079137 0.42539600 -0.53771597 -0.50900400
1.32366867 -0.18037887 0.35777325 1.17610800 -0.25243601 0.41276100
2.04264215 0.13422969 0.20089563 0.10281500 -0.50525701 1.13934898
-1.51760128 1.11457058 0.46541444 -2.28059101 0.71913999 0.60054100
0.64813929 0.04478694 -0.33230108 0.55297703 0.38053599 -0.76502699
0.42287827 -0.06042265 0.04067751 0.73724997 0.01489500 -0.32937700
-0.05804206 -0.09656548 -1.53494688 -0.46717399 0.83803898 -1.77535295
0.71131216 0.92010384 0.02811074 0.83976603 0.65906501 -0.14060000
1.39586317 -1.68119619 0.91931646 1.64649105 -1.28848696 0.39019299
-1.00405761 -0.86960885 0.52256149 -0.88208503 -0.43455499 -0.07230500
210.52723699 -224.99071402 220.77461326 185.60374451 -207.14263916 196.26483154
54.91326195 -119.39232013 -300.99452018 19.27567482 -95.86244202 -288.26382446
-0.59414317 -1.23325723 -1.01221261 0.03645500 -1.05220604 -1.52032006
-0.25099674 -0.37861538 0.03604060 -0.38310701 -1.27242994 -0.57598799
-0.49953242 1.46623124 0.20148884 -0.21335199 1.11058104 -0.31075501
1.74268199 -0.66727694 -0.18758071 1.41895401 -1.93637300 -0.26465201
0.57591919 0.56939037 0.94082287 0.86085600 0.38812700 0.71905500
-0.98271131 0.58243227 0.26460799 -1.03956902 0.82122898 0.61641598
1.59446486 -0.78632985 0.07976478 1.78960097 -0.90787101 0.39371800
0.54012228 -1.88008320 -0.15083453 0.16237500 -2.22410798 0.68283302
-0.00513078 0.15199884 1.78622604 0.37770200 0.38588399 3.09109092
-0.71970979 2.08126327 0.30921629 -0.76681399 2.34177709 0.33830699
0.01563122 -0.21308964 0.17341921 0.11259300 -0.22750100 0.38185301
0.87901866 -0.95016783 0.51218203 -0.40008199 4.27071714 -0.57595801
0.50878982 0.09063963 -0.16747514 0.49845800 -0.03308400 -0.59784800
0.02113615 -0.61550255 0.71132458 -0.51857001 -0.37065199 -0.46249300
-0.03284455 0.50686907 -0.52389286 -0.08458500 0.39190099 -0.84352201
-0.73338287 1.24072039 0.33436379 -0.55783498 0.88640898 -0.48991901
-0.21270438 -0.19061246 0.17686049 0.09924800 0.20828100 -0.65236598
-0.92728251 1.99002545 -1.24192769 -1.01022696 2.24470091 -1.87545395
0.35251628 0.45538931 -1.36697116 -0.08897600 0.11687400 -2.09185600
0.47728619 1.03697161 0.01704669 0.41425899 1.60212398 0.29646599
36.47133316 -80.62573907 258.98972196 22.17652893 -43.10330200 152.44584656
-205.19798815 -68.47852084 -197.50066486 -108.67037201 -38.52894211 -106.87449646
1.35944286 -1.14030752 1.35265141 1.66741097 -0.94635099 2.55379009
0.56896530 0.59516000 -0.41980305 0.02481400 1.06690300 0.74002999
0.35129538 1.05096301 2.49221684 2.47829199 0.00663100 4.57771587
0.29833970 1.50264801 0.03779933 0.48994800 1.69040799 -0.05941200
-0.03623722 -0.42728015 0.73806816 -0.65950203 -0.87463301 1.28393400
-0.97557405 -3.40097851 -0.16295203 -2.58248711 -4.56138611 -0.33563000
218.38095651 29.65781846 -102.56630929 123.14099884 15.42977619 -59.56496429
-0.48846334 -0.69807845 0.04562801 -0.64094299 -1.10174000 -0.91303998
0.50488202 0.68451559 -2.88397842 1.00347698 0.70988297 -5.50413513
-0.29171059 -0.78133733 -1.82369671 0.82779503 -0.74149901 -3.67475009
-0.86752492 -0.52151674 -2.25917948 -0.73436999 -1.13584900 -3.11818695
-0.41256142 -0.19905809 0.05020665 -0.72429502 -0.58749998 -0.18079001
0.09632015 -1.34472627 0.52941063 -0.34623501 -0.73628199 1.06625700
-0.67944680 0.38615735 -1.65053158 -0.26325500 0.41904899 -2.38040590
0.64192622 -1.43031561 0.70401695 -0.41077301 -1.45550203 1.65040600
0.54305481 -0.64351199 0.19830937 0.88187301 -0.43889400 -0.10437500
-0.08308690 -0.05627625 0.03216840 -0.12823200 0.19741499 0.22718699
-0.63781480 -0.18547368 0.04846022 -0.69336200 0.27047101 -0.17728700
0.02920533 0.17511145 -0.82372591 0.09713700 -0.02227300 -0.73716098
-0.50181067 -0.23397092 0.82502330 -0.92796701 -0.11288000 1.00639796
-0.45475306 -0.23697707 0.19088624 -0.06273900 0.23774400 0.82181001
0.04014701 0.32066828 -0.27006553 -0.19187400 0.73172498 -0.75919801
-0.20407153 -1.18856440 -1.07716752 -0.55235201 -1.25886703 -0.91075099
-1.95702336 0.97814780 -1.41258771 -2.02472901 1.11556399 -1.65864301
0.45099453 0.70708376 -0.48960927 0.19868100 0.70241898 -0.36436900
0.07582833 0.52220984 0.00685824 0.26388800 1.12405801 0.43543601
0.56261412 0.15110557 -0.44242289 -0.00442200 0.09618200 -0.25897899
0.69223355 0.33771805 0.00103369 1.17748702 -0.12915200 -0.61009699
0.29764220 0.44229946 0.35313892 0.30377001 0.72711200 1.76191497
-0.56571895 0.91108998 0.26010585 -0.50175202 0.85216701 0.06735700
-1.37901583 -0.23120837 0.52234509 -0.43311000 -0.85122102 1.86598301
0.24142253 0.11490909 -0.37890382 0.46333900 0.31350300 -0.62876201
1.06642794 0.97753010 0.34122157 1.13300300 0.93536103 0.42148301
0.25794424 -0.35591893 1.06429747 0.37822199 0.20111001 1.38331294
0.07745939 -0.12842187 -1.14379903 0.30351400 -0.24829499 -0.99846202
-1.62349123 4.18270073 2.92162841 0.15818600 -2.89355493 -1.13709998
-1.00491890 -0.62417468 0.47525433 -1.22939098 -1.11851895 1.11993098
1.20135092 -0.19577316 0.18524309 1.10715997 -0.73330599 -0.20106800
0.46650166 -0.24438232 0.27279846 0.30366901 0.01502200 1.19769299
-49.33545507 121.47324738 45.31539223 -35.88919067 74.57347107 25.77389145
-0.46000172 0.74854678 1.61947899 -0.90066999 0.35396501 2.07606411
1.03309175 -0.14396684 -2.09483929 0.85187501 0.28954500 -2.13655901
0.03048444 -3.61236327 -4.65788817 -2.55196905 -4.17620707 -5.95778799
0.10339635 -0.33475174 -0.89372850 -0.79808402 -0.21441300 -1.56753194
1.38134883 -0.88220232 0.84723620 1.54395497 -0.73487502 1.05410397
-0.39755652 -0.22565781 0.08766382 -0.44669500 -0.38316199 0.12709600
-0.51641719 -1.23755984 -0.90844319 -0.59426701 -1.02227294 -0.82167798
-1.32742965 0.78864933 -0.55125542 -1.92510903 0.38758600 -1.18675804
0.08728599 1.05653033 0.24865604 0.15847200 1.11888504 0.81973398
0.95317598 -1.65769721 -0.95324888 0.76167601 -1.63700199 -1.27647901
1.25666885 0.63283462 1.56185536 0.77081698 0.34880501 2.13379097
0.11927880 0.16725198 0.04405309 1.76017201 0.67763501 -1.49596095
0.03337138 -0.17446876 0.49376073 -0.23924001 -0.50474900 1.12922895
0.30317123 -0.46228408 -0.12435410 0.28463501 -0.97932798 -0.37164700
-1.10477788 -0.20775028 0.07026310 -0.85098797 0.30737901 0.07101900
-0.98469415 0.61273827 -0.21608429 -0.21633901 0.30932301 -1.42098904
1.37711506 0.19330169 0.95347790 1.81903195 -0.01227900 1.71996999
-2.03653767 -0.99486175 0.29569603 -1.34978604 -1.59569204 0.16880199
-0.17386628 -0.55511438 -0.37546921 0.34374601 -0.16575100 -0.09165200
-0.13801158 -0.25169443 -0.04362808 -0.69351798 -1.24486494 -0.11994900
-0.44626717 0.86347191 0.22749796 -3.45240998 -1.61211097 3.16131496
1.50216451 0.28067400 0.38247792 1.32365501 -0.37499601 0.58098102
0.88706865 0.20347521 1.02299529 1.59677804 2.50387096 0.63054800
-0.11677650 -6.58044640 -4.67064044 1.60351503 -13.04083347 -10.13527298
2.07842971 -0.68158631 0.17535059 0.84876102 -1.40663099 -0.38340899
-0.58032321 -0.97979128 -0.08756893 -0.67646199 -1.20368803 -0.42866299
0.44818864 -0.77795183 0.84638344 0.67427701 -0.64300299 0.53017801
-0.71202510 1.96445453 0.31182429 -1.04042399 2.23048210 0.26320499
0.08625456 -0.11850819 0.54698615 0.11343900 -0.35312301 -0.12337600
0.56516091 -0.89251596 0.12602024 0.87419999 -0.47403699 -0.20869300
1.26501508 -0.61878773 -1.09676302 -0.10950400 0.30247200 -0.37819299
-0.07338373 -0.53267002 0.80955948 -0.37393799 -1.31526697 0.80744898
0.07226701 0.36945753 0.03639655 0.65939200 0.03653100 0.11666400
-0.68537839 0.87943597 0.60373355 -0.46759799 0.38947400 0.68802899
-0.14245809 -0.23877535 0.27573982 -0.38493699 -0.03304800 -0.06395300
-0.61567346 1.18321975 -0.62130097 -0.99512100 1.78440106 -0.79728198
-0.38692721 0.45279895 -0.59944738 -0.53870201 0.32888299 -0.68866801
-2.70926728 1.20479254 1.14069807 18.82522011 19.78442955 13.57140923
-0.14448237 -0.16284890 -0.22417719 0.43201301 0.07324100 -0.23259400
-1.04985006 1.36548337 0.03474031 -0.89883298 1.72486901 0.00583600
0.67862207 -0.69969603 0.34170797 0.09419000 -0.05708300 0.33260700
-1.58955559 0.95349845 -1.46391732 -7.68120909 6.71277905 -4.60940123
1.78032368 1.23060689 0.67268827 -0.03407100 0.96339297 1.34764600
-0.01721934 1.82840514 -0.00268976 -0.37387899 2.16992903 -0.26928601
0.61062551 -0.45608805 0.09717224 0.85652798 -0.69731897 0.14521100
1.18624876 0.64214651 -0.46807837 1.74027598 -0.29402000 -1.07018197
-0.15627988 -0.95361146 -0.94800972 -0.15384001 -0.66611201 -1.05904996
-0.38911002 -0.41752135 0.62853565 0.08862000 -0.20560600 0.73602700
0.02399238 0.13748336 -0.30173519 0.34168500 -0.04317300 0.04700600
-0.80554450 -0.91523671 -0.30131148 -0.30550399 -0.50796598 0.22244801
-0.70421579 -0.50819466 -0.96056929 -0.79986799 -0.62329698 -0.93556100
-0.42637421 0.12467900 0.13190272 -0.25123599 0.07852900 0.31915399
0.08900576 -1.32053224 0.40273307 -0.01889500 -0.92529798 0.33974901
-0.36694389 0.36638463 -0.48903691 -0.47534299 0.38649300 -0.26665801
0.46779648 -0.87496430 -0.14992735 0.23493700 -1.11857295 0.02185900
-89.54762521 -6.11528602 -332.64535646 -93.58664703 -6.41127300 -315.72204590
-0.14414850 -0.03482668 0.15563735 -0.18434300 -0.18321000 0.51461101
-0.06460816 -0.92666267 0.50470899 -1.47740102 -0.88899797 0.46643201
-0.04448855 0.43421030 -0.63709598 -0.11397000 0.40748101 -0.84447199
-0.34299937 -0.26843894 0.86158214 -0.44149801 0.05267700 1.33994997
-0.42536019 -0.36619816 0.10909166 -0.06331000 0.18417899 0.23147599
0.15096391 0.06950231 -0.22123342 0.15992700 0.42838499 -0.55773300
-0.39230302 -1.30550961 -0.91227318 -0.27326101 -1.24227405 -0.86190301
-2.24991985 0.83256921 -1.40021132 -1.42183304 0.93642402 -1.23618305
0.35693677 0.63172369 -0.41984461 0.41961801 0.81932598 -0.55671299
0.11794232 0.19424120 0.02217551 0.52567601 0.16421901 0.37528199
0.56627321 0.16212818 -0.41631354 0.25391200 0.09989500 -0.35098600
0.64919864 -0.49739358 -0.27215892 0.35326299 -0.09153100 0.10951900
0.34109465 0.37001141 0.17633794 0.27651700 0.49793899 0.52924800
0.22335035 0.01179285 -0.57102842 0.00626100 -0.49287999 -0.57223201
-1.14713380 -0.20853022 0.69488940 -1.56475902 0.22437900 0.58026499
-0.80439310 -0.34019657 -1.67597708 -0.79216599 0.50162297 -0.17609701
1.12506290 0.97370438 0.28115185 1.02483904 1.52427495 -0.38874900
0.17967549 -0.33374107 1.15627046 0.89718097 0.64067799 1.41386402
0.11061781 -0.14125368 -1.15308312 0.27378500 0.01278300 -0.98128998
-1.60379877 -0.35419533 -0.07733159 -0.92398298 -0.23017099 -0.07494500
-1.11200138 -0.53007366 0.30910747 -1.03402102 -0.66261601 0.40271199
353.36183444 -12.32918218 148.91758547 338.43591309 -18.91289520 144.64038086
0.46455663 -0.49892948 0.35667729 0.51310998 -0.72589898 0.38729501
-0.49425861 0.74199743 0.04264042 -0.62999302 0.27772799 0.24846201
-0.41935315 0.88439860 -0.03329013 -0.24383099 0.73801702 -0.11798500
1.81072979 -0.48822068 0.12904508 0.49908501 0.37060201 -0.09695900
0.13359847 0.29962605 -0.38176368 -0.13660300 0.10804700 -0.77458698
0.08624327 -0.14590241 -0.51284711 -0.23720500 -0.23840600 -0.50039601
1.27993419 -0.87762890 0.85579189 1.95796597 -1.17167795 -0.02380400
-0.37399631 -0.08310187 0.08506696 0.83835500 0.01090500 0.66238397
-0.56093989 -1.19944081 -0.88700523 -0.44072101 -1.11440301 -0.84406102
-0.82114959 1.43146829 0.17524563 -0.52902699 1.16379201 0.06660700
0.09926165 1.04139847 0.03221578 0.01791300 0.82582402 0.15576400
-0.08148410 -0.66092135 -0.03967064 0.52248400 -1.22243094 -0.03384600
1.48784622 0.24449803 0.67434550 1.41549397 0.48020300 0.89301699
-0.70146305 0.43328418 -0.01742714 -0.93377501 -0.15638100 0.33966801
0.75032208 0.02982112 0.99833100 -0.73814899 -0.59925097 -0.36341700
-261.96917809 24.36253423 188.75727518 -254.18611145 13.17183685 169.47660828
-0.92038105 -0.57510413 0.77125234 -1.15373695 -0.24797399 0.03859900
0.54540576 -0.16796922 0.04691430 0.84635001 -0.33633900 -0.24462999
1.35407794 0.24573443 0.66600451 1.50989103 0.05732800 0.72460002
-0.44179275 -0.53832097 -0.62755651 -0.32044700 -1.03718495 -0.32675001
-0.01724632 -0.47666269 -0.26421822 0.09704700 -0.36248100 -0.04409800
-0.24239973 -1.36351167 -0.08313514 -0.48016900 -1.49502897 -0.11132300
0.13419952 -1.17260360 0.88971132 -0.30890501 -2.23936391 0.90077603
-1.87991948 -0.95295742 0.94656821 -2.24765110 -0.71379602 0.54452801
1.87717134 1.54392409 -0.24442089 2.37505794 0.83859301 -0.95619500
0.43525479 -0.33595644 -0.39818059 1.13558400 -0.88742900 -1.57280099
0.85196077 -0.14171268 1.06444658 0.49535400 -0.74906403 0.54042602
-0.41769074 -0.65760519 1.27854109 -0.85025400 -0.74128801 1.51163197
0.41103385 -0.78842186 -0.21025579 0.51938403 -0.21729000 0.00992100
-0.55960787 0.04785649 -0.13249373 -1.36434901 -0.07411700 -0.12350500
-0.85666420 1.35588736 1.25109282 -1.38651597 0.18077300 1.82146800
-0.78573705 -0.85137639 -1.30157716 -0.43392101 -0.22359601 -1.11025798
16.41352682 -204.05930731 -199.91021456 5.89310217 -112.22492218 -103.38200378
-0.27908837 0.22545014 0.73649457 -0.10614600 0.15351900 0.48900399
2.24348866 -3.13097038 -1.20759315 1.69164705 -6.27504396 -1.16080797
0.28909223 0.94779353 -0.13903406 0.20977400 0.41478899 0.30777401
-0.47911527 -2.64543052 -0.86643001 0.20399900 -3.89204788 -1.17685902
0.29050936 1.35828212 0.77625376 0.26508299 1.47016597 -0.03939000
-0.08469814 1.35638999 0.82677148 -0.01699100 1.55116105 0.37644199
0.25868170 0.83361353 -0.50900268 0.49932101 0.62603498 -2.31254196
-0.44788377 -0.00851635 -1.76681597 -0.17558099 0.69876099 -3.03546405
-1.20670921 2.60595614 0.82141407 -0.30989799 3.68080807 1.18229997
0.04488849 1.13756717 0.80666247 -0.27807501 1.66635203 1.08353901
-1.05144810 -0.74811088 0.71322496 -1.65027595 -1.46073902 0.68188202
-0.10987986 -1.03498744 -0.27460383 0.94403201 -1.70114100 -0.06131300
-0.93526672 1.64389746 0.29740352 -1.18113697 1.74236703 0.55475003
-0.81474281 0.71886674 -2.78296049 -1.42242599 1.27915502 -2.81538701
-81.59031373 -169.50967815 172.95057870 -42.37125397 -92.97064209 101.59799957
117.92527810 244.37761362 98.22373409 63.28647995 131.48956299 62.41719055
-5.79797823 2.16067818 -4.48182975 -10.01743698 1.62962198 -6.72068977
0.87150062 0.37227170 0.79760786 0.63502002 3.72680092 -0.22726201
4.40332176 2.39367302 -4.36131270 7.92565298 1.08155298 -5.94697809
0.57611458 -1.02920246 1.12678056 1.26431501 -0.00799300 1.20673800
0.72018847 -0.94310618 0.46497587 0.35311800 -0.62866700 0.44025701
-1.04759155 -0.23363999 -0.89479475 -0.68959701 -0.32724100 -1.10633302
2.53963441 -1.43017963 0.23880096 2.58384609 -2.12570810 0.15788500
-0.13094396 1.19417544 -1.70521183 -0.59715700 -0.22804900 -1.56546104
-0.50547363 1.81639167 -0.46827382 -0.77800202 1.02979898 0.12538201
-0.47678607 1.23626469 1.43042662 -0.53996199 1.89795399 1.45440996
-2.13017589 0.45222349 -0.94184200 -2.18468404 0.41943899 -1.02894199
-1.03143561 -0.58623053 -0.65457385 -1.51861894 0.43095800 -0.78341198
0.39628372 0.14118918 -0.11436976 0.98612100 -0.04783400 0.03286300
-0.77661263 -0.07036240 0.44779691 -0.22657600 0.10473800 0.94809401
0.96036310 -0.13887990 -0.51070308 0.97113401 -0.15641600 -0.90125698
1.66378684 1.07371730 -0.16652384 1.54538798 0.88661700 0.31266400
-0.83784449 1.57335923 0.48118925 -0.76627302 2.00867701 0.55905497
1.11749863 2.66926873 0.55273248 1.14363801 3.21574402 0.87146598
0.42937817 -0.39379626 -0.33914106 0.12363300 -0.39487401 -0.65392500
0.79753858 -0.98944701 -1.22230736 1.09576702 -0.35499099 -0.90967000
0.94986954 -1.22563492 -1.05609606 0.83243299 -1.27241695 -1.17424703
-0.53493638 -0.55717892 -0.54053847 -0.71717900 -0.73768800 -0.55133498
-0.88031188 -0.35771482 -0.95065792 -0.77212101 -0.81145102 -0.97110802
-0.90723871 -0.71957348 -0.47755202 -0.57700199 -1.19734395 -0.60642600
-0.74566628 -0.32322684 0.03184163 -0.53845900 -0.17788699 -0.44871899
-0.77359041 -1.38269915 -0.82630444 -0.54081899 -0.32612401 -0.54234397
-0.86337302 -1.01180710 -0.05633649 -0.66683400 -0.52810001 -0.12154900
-0.49941833 -0.61847135 -0.55848673 -0.22672001 -0.09022800 -0.14771099
-4.25668671 2.59183906 -6.11097914 1.37813795 0.00530100 1.56985199
-1.16970924 -0.15086447 -1.42099852 -1.94402504 -0.20978300 -0.85373801
0.66296276 -0.59497482 0.48418194 0.05075600 -0.09926700 1.02136302
-3.98027707 2.07534556 1.54278792 2.54346800 -1.85997605 -2.68231702
-0.22852669 -1.10379209 -0.73975695 -0.74147302 -1.46731997 -0.78415000
-0.47644560 -0.50660858 0.52877105 -1.26672900 -1.69871402 0.98960900
1.20697052 0.06933585 0.98746409 1.15577304 -0.43119299 1.06165195
-39.71064798 122.61026232 -56.44581626 -24.86587143 76.21804810 -45.59724045
0.48728043 -1.71725913 -0.80606173 0.64278299 -2.01621294 -1.12347603
-0.84632087 0.33475531 -1.75283731 -0.25735700 0.26972499 -1.20337605
0.20512740 -0.04325564 0.98486219 0.47254601 0.49010000 2.04943895
1.00065322 -0.90664818 -0.27140954 1.31231594 -0.61585402 -0.03209200
-0.29058200 2.43699258 1.07707907 -0.16898800 1.66890299 0.68396401
0.58078285 -0.36287173 0.75815054 0.06657800 -0.51000297 0.69141799
0.13773456 -1.01374020 -0.22722078 0.17255101 -1.11901498 -0.01591900
-1.07602099 -0.29027029 -1.22305718 -2.02800202 -0.53791398 -1.18786800
-0.13906269 -0.64739483 -0.16580864 -1.31277096 0.28087100 1.13008404
1.64994562 0.91361249 0.56846790 1.95991099 1.53440905 1.94261503
0.25129185 1.98317650 1.32274413 0.02200600 2.83878207 1.52365506
-1.43825967 -0.34095064 1.90229969 -0.96809500 1.06043303 0.30430299
-0.25234996 0.41605815 3.21343426 -0.01289100 0.39152700 3.58607697
-0.04165772 0.63303076 0.20662192 0.99792802 -0.13966900 1.40318894
-0.24186792 -0.17094104 -1.37574397 -0.33219099 -0.70658600 -2.11682200
1.04564401 -0.03885066 -0.03865048 2.08574200 -0.29200399 -0.22345600
-0.11943500 -1.41278147 -0.13596146 4.01430893 -3.96374989 3.94473290
0.60361082 -0.87708777 1.23662115 0.53141999 -1.21915400 1.68350601
-1.72666398 -0.07701188 0.97381502 -2.18060899 1.91790605 0.48578000
-3.05389847 6.16849415 4.10562492 -14.74285030 12.25090694 12.54118061
-1.04136002 0.50431766 -1.64258787 0.07426000 -0.04457200 -2.10401011
0.87084824 -0.77798367 1.55739952 5.04238605 1.38771796 -2.21181893
-0.71562075 -0.85751933 1.37541107 -0.10693000 -1.50963295 1.45354998
0.99094845 -5.07172096 -2.95567948 -0.89533699 -8.18124390 -5.90719604
0.11969134 -0.63861085 0.05667820 0.25343800 -1.38495600 -0.30453900
-0.43262546 1.69502994 1.13449997 0.13905600 1.45557404 1.30977595
-1.17639044 -0.98152100 -1.27677497 -0.42768100 -0.21128000 -0.70129901
-0.62861764 1.50053747 1.43289178 -1.76452005 0.76095802 0.50885803
-0.49629747 0.13877533 0.56498762 -0.26604199 -0.17559500 0.15862300
1.94110648 -0.92756877 -0.74827297 1.28531897 -1.50739205 -0.26607999
-0.11138504 -0.01121622 -0.99587129 -0.53019398 -0.55133301 -1.38106501
-0.69210362 -1.46304940 -1.35991586 -0.77639502 -1.14654398 -1.56325400
0.37238243 1.30066992 0.99002552 0.29376200 1.75644195 0.64406401
-0.02467273 1.25741551 0.96422756 0.83665502 0.72088498 1.34497797
0.27312289 0.99731986 -0.58880462 0.10305000 1.32705104 -0.60912800
-0.55673000 -0.44051417 -1.64486980 -0.39028400 0.07909700 -2.11168599
-0.63761567 1.16290429 0.03839113 -0.09477700 2.10035300 0.35947099
0.81348546 0.57735665 1.25917511 0.36025900 0.49570400 1.43102098
-0.42419161 -0.70096768 0.12005501 -0.42313901 -0.56863302 -0.15933500
-0.16685390 -0.48129348 0.02129192 -0.29137501 0.63373202 -0.56547201
-0.40456000 1.63116912 0.28546373 -0.62967801 2.38513398 -0.12503500
-0.71811009 0.30453377 -2.71915192 -0.68760300 0.13769400 -3.50740290
0.68038418 -1.22159899 -0.93692275 1.04634094 -0.71091199 -0.93465698
-1.34176016 -1.29797689 -0.62226098 -0.74524099 -1.20036304 -1.36159897
-1.37993007 1.68687366 -1.12789575 -1.39080000 2.42100000 -1.12228703
0.49808364 -0.26606349 0.79947814 -0.10960000 -0.30037600 0.86912102
0.29962479 1.05188420 2.08952175 0.03244900 1.19776595 2.21634603
0.87321199 -0.97794833 0.27778742 1.52507102 -1.19831896 0.58428699
-326.16144937 -46.99702249 -28.19365172 -307.68698120 -48.72208023 -26.66069221
-1.17948024 0.07759404 -0.97789816 -0.89349300 0.55265599 -1.32309997
2.80684080 -0.99147533 -0.16404690 2.74265599 -1.94058096 0.21239300
0.46338403 0.19490184 -0.21266109 0.50485700 -0.11802400 -0.06197000
0.75865021 -1.33032366 0.13632852 0.69251001 -1.47569704 0.24238899
-0.81976399 0.54892462 1.87188658 0.52660400 0.98128802 1.39243805
193.08533780 226.28883542 -247.38719164 188.46057129 217.82640076 -238.35203552
0.16066722 0.37502815 1.03668198 0.16284500 0.67951101 0.52587998
0.09574307 -0.34633770 -0.28162590 1.62704504 0.59771502 -0.25881600
-0.80251263 -0.12258493 0.48262397 -0.74145901 0.49580100 0.74729598
0.57350010 -0.03081616 -0.89104499 0.06491000 0.84503502 -0.87808400
1.48520944 1.24416724 -0.09614761 1.14695299 1.60737503 0.27648801
-2.15375564 1.49801091 -1.32796137 -1.98671496 0.61518198 -0.79391301
1.05439939 2.66480367 0.64351191 0.24475400 2.28555799 -0.21352699
138.50213530 -179.19674358 273.11570775 128.64489746 -173.59169006 257.65408325
0.31180866 -0.53240026 0.11173538 0.50261199 -0.18095800 0.14003800
1.30533232 -0.78915597 -0.82136795 1.10402596 -0.67900097 -0.78993100
-0.25569242 -0.45042862 -0.13218654 -0.35446200 -0.85574502 0.45706901
-0.96718672 -0.40374660 -1.04016866 -0.93365502 -0.60079998 -1.43576705
-0.80396727 -0.89115599 -0.47987932 -0.46194899 -0.44898799 -0.48310599
-0.73694272 -0.41401234 0.19852110 -0.93864501 -0.78401202 0.10947700
-0.58978985 -1.52340640 -1.04737640 -0.70271498 -1.01172698 -0.81807798
-0.69900698 -1.15242356 -0.00897339 -2.11574411 -0.93099898 0.11132500
-0.60545706 -0.67751939 -0.57462949 -0.84588999 -0.20374900 0.01812900
0.98299992 1.18870826 -0.41699302 0.87133300 0.79342300 -0.12110400
-1.20014933 -0.10343073 -1.28124375 -1.40172005 -0.29147401 -1.04848301
-0.07217655 -1.07365730 0.42289659 0.77205801 -1.11407900 0.45840001
0.13679920 -0.83429230 -0.73611993 0.23001499 -0.93887699 -0.89103800
0.84046544 0.71534779 -0.37609481 0.28607601 0.62792897 -0.30511799
-0.27077321 -0.23811727 0.56255321 -0.60578698 -0.82095599 0.61873198
1.23698200 0.16804751 0.89971927 1.22393095 -0.32613999 1.01827800
0.13398850 -0.89220603 -0.38240555 0.69414902 -1.32395697 0.17254700
0.37400087 -1.75451242 -0.79948496 0.22765800 -1.93568504 -0.78223300
-0.91181004 0.34004861 -1.92072961 -0.89385599 -0.24420600 -1.85881305
-0.01885246 -0.52845544 0.65029436 -0.12896800 -0.38749400 1.29357505
1.04337100 -0.85428794 -0.29429922 0.89634699 -1.28773999 0.02645900
-0.44708991 2.19142831 0.52259950 0.14467300 1.40991199 0.41402099
0.57067696 -0.36944239 0.81701719 -0.03409200 -0.18484500 0.58696300
0.29814120 -0.83631096 -0.13541576 0.57718998 -0.93217701 -0.03415400
-0.55017183 0.67836363 -0.21577708 -0.88188702 0.68851501 -0.21351500
-1.06641360 -0.18687755 1.14933678 -1.43202603 -0.26210499 1.32422304
1.58896794 0.57483445 -0.07340563 2.03668809 0.66175699 0.01306100
0.79919970 1.62713796 1.30878483 0.18535700 1.75199795 1.07345998
-0.76348491 0.43244941 1.83766922 -0.69928902 0.91012001 1.90580106
-0.35887678 0.48805806 3.22962849 -0.23426700 0.87825900 3.98271203
-0.19389926 0.88893230 0.10656034 0.06499300 0.92743403 0.08016000
-0.39514669 -0.14125590 -1.32685670 -0.68429399 -0.57178903 -2.22832894
0.92756978 -0.01807015 -0.03679668 0.93745100 -0.12416400 0.09695600
