-0.00003435 -0.00000651 -0.47917960 -0.00000000 -0.00000000 0.28618300
0.00003434 0.00000651 -0.47924140 -0.00000000 -0.00000000 0.28618300
-0.00003638 -0.00000716 0.47920781 0.00000000 -0.00000000 -0.28618300
0.00003638 0.00000717 0.47921319 -0.00000000 0.00000000 -0.28618300
-0.00002368 -0.00000443 -0.33282899 -0.00000000 -0.00000000 0.00142800
0.00002368 0.00000443 -0.33281210 -0.00000000 -0.00000000 0.00142800
-0.00002549 -0.00000503 0.33282654 0.00000000 0.00000000 -0.00142800
0.00002549 0.00000503 0.33281455 0.00000000 0.00000000 -0.00142800
-0.00000000 0.00002355 -0.43808439 -0.00000000 0.00000000 0.24420901
-0.00000000 -0.00002355 -0.43814283 0.00000000 -0.00000000 0.24420901
0.00000000 0.00002481 0.43811430 -0.00000000 0.00000000 -0.24420901
0.00000000 -0.00002482 0.43811291 0.00000000 -0.00000000 -0.24420901
-0.00000000 0.00001650 -0.34014427 0.00000000 -0.00000000 0.00148800
-0.00000000 -0.00001650 -0.34012479 -0.00000000 0.00000000 0.00148800
0.00000000 0.00001761 0.34011460 -0.00000000 -0.00000000 -0.00148800
0.00000000 -0.00001761 0.34015446 0.00000000 0.00000000 -0.00148800
-0.00002138 -0.00000275 -0.40121925 0.00000000 -0.00000000 0.20398900
0.00002138 0.00000275 -0.40127277 -0.00000000 0.00000000 0.20398900
-0.00002280 -0.00000318 0.40124954 0.00000000 0.00000000 -0.20398900
0.00002280 0.00000318 0.40124248 0.00000000 0.00000000 -0.20398900
-0.00001520 -0.00000191 -0.34164726 0.00000000 -0.00000000 -0.00039100
0.00001520 0.00000191 -0.34169149 -0.00000000 0.00000000 -0.00039100
-0.00001645 -0.00000232 0.34168087 -0.00000000 0.00000000 0.00039100
0.00001646 0.00000232 0.34165788 0.00000000 0.00000000 0.00039100
0.00000377 0.00001817 -0.36846769 0.00000000 0.00000000 0.16535600
-0.00000377 -0.00001817 -0.36851518 -0.00000000 -0.00000000 0.16535600
0.00000403 0.00001914 0.36849772 -0.00000000 -0.00000000 -0.16535600
-0.00000403 -0.00001914 0.36848515 -0.00000000 -0.00000000 -0.16535600
0.00000276 0.00001335 -0.33851239 -0.00000000 0.00000000 0.00034600
-0.00000276 -0.00001335 -0.33855103 0.00000000 -0.00000000 0.00034600
0.00000300 0.00001422 0.33854264 0.00000000 -0.00000000 -0.00034600
-0.00000300 -0.00001422 0.33852077 0.00000000 -0.00000000 -0.00034600
-0.00001137 -0.00000027 -0.33958330 -0.00000000 0.00000000 0.12798300
0.00001137 0.00000027 -0.33962247 0.00000000 -0.00000000 0.12798300
-0.00001223 -0.00000053 0.33961132 -0.00000000 -0.00000000 -0.12798300
0.00001223 0.00000053 0.33959446 -0.00000000 -0.00000000 -0.12798300
-0.00000860 -0.00000019 -0.32890820 0.00000000 -0.00000000 -0.00012300
0.00000860 0.00000019 -0.32894118 -0.00000000 0.00000000 -0.00012300
-0.00000941 -0.00000044 0.32893597 -0.00000000 -0.00000000 0.00012300
0.00000941 0.00000044 0.32891342 -0.00000000 0.00000000 0.00012300
0.00000450 0.00001252 -0.31527780 0.00000000 -0.00000000 0.09179400
-0.00000450 -0.00001252 -0.31530012 -0.00000000 0.00000000 0.09179400
0.00000488 0.00001330 0.31528413 0.00000000 -0.00000000 -0.09179400
-0.00000488 -0.00001330 0.31529380 0.00000000 -0.00000000 -0.09179400
0.00000353 0.00000984 -0.31616018 0.00000000 -0.00000000 -0.00033300
-0.00000353 -0.00000984 -0.31618321 -0.00000000 0.00000000 -0.00033300
0.00000389 0.00001057 0.31618347 -0.00000000 0.00000000 0.00033300
-0.00000389 -0.00001057 0.31615992 0.00000000 -0.00000000 0.00033300
-0.00000521 0.00000065 -0.29479685 -0.00000000 0.00000000 0.05638200
0.00000521 -0.00000065 -0.29481227 0.00000000 -0.00000000 0.05638200
-0.00000572 0.00000050 0.29480194 -0.00000000 -0.00000000 -0.05638200
0.00000572 -0.00000050 0.29480719 -0.00000000 -0.00000000 -0.05638200
-0.00000430 0.00000054 -0.30090163 0.00000000 0.00000000 -0.00105200
0.00000430 -0.00000054 -0.30091641 -0.00000000 -0.00000000 -0.00105200
-0.00000479 0.00000039 0.30092043 0.00000000 0.00000000 0.00105200
0.00000479 -0.00000039 0.30089761 0.00000000 -0.00000000 0.00105200
-0.00000806 -0.00000330 -0.28593742 -0.00000000 0.00000000 0.03893200
0.00000806 0.00000330 -0.28595015 0.00000000 -0.00000000 0.03893200
-0.00000891 -0.00000383 0.28594205 -0.00000000 0.00000000 -0.03893200
0.00000891 0.00000383 0.28594552 0.00000000 -0.00000000 -0.03893200
-0.00000692 -0.00000283 -0.29206876 -0.00000000 0.00000000 -0.00072300
0.00000692 0.00000283 -0.29208096 0.00000000 -0.00000000 -0.00072300
-0.00000774 -0.00000335 0.29207326 -0.00000000 -0.00000000 0.00072300
0.00000774 0.00000335 0.29207646 -0.00000000 0.00000000 0.00072300
0.00000364 0.00000733 -0.27797697 -0.00000000 0.00000000 0.02153100
-0.00000364 -0.00000733 -0.27798465 0.00000000 -0.00000000 0.02153100
0.00000407 0.00000793 0.27797987 0.00000000 0.00000000 -0.02153100
-0.00000407 -0.00000793 0.27798175 -0.00000000 0.00000000 -0.02153100
0.00000332 0.00000668 -0.28212857 0.00000000 0.00000000 0.00135100
-0.00000332 -0.00000668 -0.28213477 -0.00000000 -0.00000000 0.00135100
0.00000374 0.00000727 0.28213077 -0.00000000 0.00000000 -0.00135100
-0.00000374 -0.00000727 0.28213258 0.00000000 0.00000000 -0.00135100
0.00000051 -0.00000731 -0.27091537 0.00000000 0.00000000 0.00425400
-0.00000051 0.00000731 -0.27092000 -0.00000000 0.00000000 0.00425400
0.00000057 -0.00000849 0.27091741 -0.00000000 -0.00000000 -0.00425400
-0.00000057 0.00000849 0.27091796 0.00000000 -0.00000000 -0.00425400
0.00000051 -0.00000731 -0.27091537 0.00000000 0.00000000 0.00425400
-0.00000051 0.00000731 -0.27092000 -0.00000000 0.00000000 0.00425400
0.00000057 -0.00000849 0.27091741 -0.00000000 -0.00000000 -0.00425400
-0.00000057 0.00000849 0.27091796 0.00000000 -0.00000000 -0.00425400
-0.00000153 0.00000052 -0.26472429 -0.00000000 0.00000000 -0.01299100
0.00000153 -0.00000052 -0.26472352 0.00000000 -0.00000000 -0.01299100
-0.00000177 0.00000032 0.26472417 -0.00000000 0.00000000 0.01299100
0.00000177 -0.00000032 0.26472363 0.00000000 -0.00000000 0.01299100
-0.00000165 0.00000056 -0.26138414 0.00000000 -0.00000000 -0.00213600
0.00000165 -0.00000056 -0.26138260 -0.00000000 0.00000000 -0.00213600
-0.00000189 0.00000036 0.26138364 0.00000000 -0.00000000 0.00213600
0.00000189 -0.00000036 0.26138310 -0.00000000 0.00000000 0.00213600
-0.00000225 -0.00000097 -0.25941049 -0.00000000 0.00000000 -0.02998600
0.00000225 0.00000097 -0.25940202 0.00000000 -0.00000000 -0.02998600
-0.00000269 -0.00000142 0.25940718 0.00000000 -0.00000000 0.02998600
0.00000269 0.00000142 0.25940533 -0.00000000 0.00000000 0.02998600
-0.00000293 -0.00000127 -0.24900223 0.00000000 -0.00000000 -0.00286700
0.00000293 0.00000127 -0.24899517 -0.00000000 0.00000000 -0.00286700
-0.00000339 -0.00000172 0.24899943 0.00000000 -0.00000000 0.00286700
0.00000339 0.00000172 0.24899797 0.00000000 -0.00000000 0.00286700
-0.00000204 0.00000184 -0.25489467 0.00000000 -0.00000000 -0.04693100
0.00000204 -0.00000184 -0.25497187 -0.00000000 0.00000000 -0.04693100
-0.00000264 0.00000217 0.25493680 -0.00000000 0.00000000 0.04693100
0.00000264 -0.00000217 0.25492973 0.00000000 -0.00000000 0.04693100
-0.00000387 0.00000351 -0.23522710 -0.00000000 0.00000000 -0.00241800
0.00000387 -0.00000351 -0.23521589 0.00000000 0.00000000 -0.00241800
-0.00000453 0.00000388 0.23522264 -0.00000000 -0.00000000 0.00241800
0.00000453 -0.00000388 0.23522035 -0.00000000 -0.00000000 0.00241800
0.00000012 -0.00000019 -0.24844134 -0.00000000 0.00000000 -0.07994400
-0.00000012 0.00000019 -0.24850889 0.00000000 -0.00000000 -0.07994400
0.00000006 -0.00000037 0.24848037 -0.00000000 0.00000000 0.07994400
-0.00000006 0.00000037 0.24846986 0.00000000 0.00000000 0.07994400
-0.00000034 0.00000034 -0.20749221 0.00000000 -0.00000000 0.00010900
0.00000034 -0.00000034 -0.20755656 -0.00000000 0.00000000 0.00010900
-0.00000042 0.00000016 0.20752861 0.00000000 -0.00000000 -0.00010900
0.00000042 -0.00000016 0.20752016 -0.00000000 0.00000000 -0.00010900
0.00000291 -0.00000335 -0.24517786 0.00000000 -0.00000000 -0.11211100
-0.00000292 0.00000335 -0.24524298 -0.00000000 0.00000000 -0.11211100
0.00000274 -0.00000344 0.24520687 -0.00000000 0.00000000 0.11211100
-0.00000274 0.00000344 0.24521397 -0.00000000 0.00000000 0.11211100
-0.00000065 0.00000064 -0.18123925 0.00000000 -0.00000000 -0.00113300
0.00000065 -0.00000064 -0.18121006 -0.00000000 -0.00000000 -0.00113300
-0.00000096 0.00000070 0.18122678 0.00000000 -0.00000000 0.00113300
0.00000096 -0.00000069 0.18122254 0.00000000 0.00000000 0.00113300
0.00000010 -0.00000149 -0.24498043 -0.00000000 -0.00000000 -0.14309400
-0.00000010 0.00000149 -0.24503726 -0.00000000 0.00000000 -0.14309400
0.00000010 -0.00000171 0.24500666 -0.00000000 0.00000000 0.14309400
-0.00000010 0.00000171 0.24501102 0.00000000 -0.00000000 0.14309400
0.00000001 -0.00000024 -0.15467838 -0.00000000 -0.00000000 -0.00395300
-0.00000001 0.00000024 -0.15464109 0.00000000 -0.00000000 -0.00395300
0.00000001 -0.00000040 0.15466233 0.00000000 0.00000000 0.00395300
-0.00000001 0.00000040 0.15465714 0.00000000 0.00000000 0.00395300
0.00000554 -0.00000819 -0.24767620 -0.00000000 -0.00000000 -0.17279901
-0.00000554 0.00000819 -0.24772421 -0.00000000 0.00000000 -0.17279901
0.00000568 -0.00000865 0.24769900 0.00000000 0.00000000 0.17279901
-0.00000568 0.00000864 0.24770141 0.00000000 0.00000000 0.17279901
0.00000092 -0.00000148 -0.12659625 0.00000000 0.00000000 0.00179100
-0.00000092 0.00000149 -0.12662065 -0.00000000 -0.00000000 0.00179100
0.00000084 -0.00000162 0.12661916 -0.00000000 0.00000000 -0.00179100
-0.00000084 0.00000162 0.12659774 0.00000000 -0.00000000 -0.00179100
-0.00000092 -0.00000260 -0.25308958 0.00000000 -0.00000000 -0.20122300
0.00000092 0.00000260 -0.25310957 -0.00000000 0.00000000 -0.20122300
-0.00000122 -0.00000360 0.25310771 0.00000000 -0.00000000 0.20122300
0.00000122 0.00000360 0.25309144 -0.00000000 -0.00000000 0.20122300
-0.00000011 -0.00000053 -0.10726342 -0.00000000 0.00000000 -0.00060700
0.00000011 0.00000053 -0.10727399 0.00000000 -0.00000000 -0.00060700
-0.00000038 -0.00000144 0.10728053 -0.00000000 -0.00000000 0.00060700
0.00000038 0.00000144 0.10725688 0.00000000 -0.00000000 0.00060700
0.00000583 -0.00001120 -0.26107401 -0.00000000 -0.00000000 -0.22835100
-0.00000583 0.00001120 -0.26108232 0.00000000 0.00000000 -0.22835100
0.00000751 -0.00001453 0.26108658 0.00000000 -0.00000000 0.22835100
-0.00000751 0.00001453 0.26106974 -0.00000000 0.00000000 0.22835100
0.00000100 -0.00000210 -0.09250397 -0.00000000 0.00000000 0.00077300
-0.00000100 0.00000210 -0.09252666 0.00000000 -0.00000000 0.00077300
0.00000242 -0.00000495 0.09251438 -0.00000000 0.00000000 -0.00077300
-0.00000242 0.00000495 0.09251625 0.00000000 -0.00000000 -0.00077300
