0.00003965 0.05601201 0.01191855 0.00026800 0.00207200 -0.00150800
-0.00010068 -0.05605465 -0.01191597 0.00017800 0.00518200 0.00108400
-0.00010068 0.05608298 -0.01176795 -0.00008700 -0.00493700 0.00055400
0.00003965 -0.05613142 0.01190559 0.00075500 -0.00210700 -0.00106000
0.00003965 0.05599393 0.01190763 0.00026900 0.00211800 -0.00132000
-0.00010068 -0.05607489 -0.01190384 0.00018900 0.00497000 0.00108800
-0.00010068 0.05607506 -0.01178159 -0.00007700 -0.00500200 0.00053300
0.00003965 -0.05601444 0.01190793 0.00078400 -0.00201800 -0.00128900
0.00000337 0.05595534 0.01194096 -0.00027900 0.00212100 -0.00114400
0.00008126 -0.05605522 -0.01191670 0.00010100 -0.00204700 0.00123100
0.00008126 0.05608355 -0.01176868 0.00091700 0.00226000 0.00151900
0.00000337 -0.05607474 0.01192800 -0.00088900 -0.00198900 -0.00141100
0.00000337 0.05593725 0.01193004 -0.00027900 0.00210000 -0.00128800
0.00008126 -0.05607546 -0.01190456 0.00009500 -0.00228200 0.00114000
0.00008126 0.05607563 -0.01178232 0.00091800 0.00187300 0.00128900
0.00000337 -0.05595777 0.01193034 -0.00083900 -0.00205400 -0.00128400
-0.00007339 0.05598991 0.01192757 0.00000900 -0.00512300 -0.00125300
0.00004979 -0.05603766 -0.01192141 -0.00027900 -0.00211200 0.00118000
0.00004979 0.05606599 -0.01177340 -0.00083000 0.00201800 0.00139500
-0.00007339 -0.05610931 0.01191461 0.00013200 0.00494500 -0.00040300
-0.00007339 0.05597182 0.01191665 0.00000700 -0.00516100 -0.00132100
0.00004979 -0.05605789 -0.01190928 -0.00028000 -0.00217300 0.00132900
0.00004979 0.05605807 -0.01178703 -0.00084000 0.00211800 0.00127000
-0.00007339 -0.05599234 0.01191694 0.00005800 0.00500400 -0.00027400
0.00001310 1.28904639 -0.52834763 -0.00339700 0.00462000 -0.00130900
-0.00003319 -1.28902493 0.52837203 0.00012300 -0.00633900 0.00037100
-0.00003319 1.28907464 0.52840867 -0.00007900 0.00545300 -0.00017200
0.00001310 -1.28909999 -0.52839160 -0.00321500 -0.00409100 -0.00112900
0.00003760 -1.63421136 0.34414223 0.00152100 0.00116500 -0.00110600
-0.00008930 1.63413113 -0.34418433 -0.00002600 -0.00130700 0.00153400
-0.00008930 -1.63399416 -0.34431025 -0.00000600 0.00190300 0.00193600
0.00003760 1.63422429 0.34416153 0.00147000 -0.00125900 -0.00126900
0.00001310 1.28909998 -0.52837301 -0.00331900 0.00415600 -0.00112500
-0.00003319 -1.28905477 0.52841789 -0.00009400 -0.00604100 0.00018700
-0.00003319 1.28905704 0.52839922 -0.00003300 0.00551800 -0.00007400
0.00001310 -1.28911904 -0.52839343 -0.00318600 -0.00422200 -0.00120100
0.00003760 -1.63424393 0.34410132 0.00152300 0.00073800 -0.00086900
-0.00008930 1.63404989 -0.34423042 -0.00001100 -0.00105100 0.00132400
-0.00008930 -1.63400832 -0.34430960 0.00003200 0.00174700 0.00188500
0.00003760 1.63418456 0.34418670 0.00145300 -0.00114400 -0.00120200
0.00000148 1.28902960 -0.52832176 0.00336700 0.00385900 -0.00094500
0.00002550 -1.28902552 0.52837130 -0.00343400 -0.00403700 0.00107300
0.00002550 1.28907524 0.52840793 -0.00314200 0.00422900 0.00115600
0.00000148 -1.28908321 -0.52836574 0.00318800 -0.00433700 -0.00124400
0.00000329 -1.63415684 0.34414826 -0.00152500 0.00070700 -0.00085300
0.00007834 1.63413246 -0.34418313 0.00154800 -0.00146000 0.00139200
0.00007834 -1.63399550 -0.34430905 0.00146000 0.00114100 0.00115700
0.00000329 1.63416977 0.34416756 -0.00146300 -0.00103800 -0.00107100
0.00000148 1.28908319 -0.52834714 0.00342100 0.00464600 -0.00136100
0.00002550 -1.28905536 0.52841716 -0.00336800 -0.00382900 0.00085300
0.00002550 1.28905763 0.52839848 -0.00316500 0.00446700 0.00133500
0.00000148 -1.28910225 -0.52836756 0.00321400 -0.00462400 -0.00142700
0.00000329 -1.63418940 0.34410735 -0.00151900 0.00145600 -0.00133600
0.00007834 1.63405123 -0.34422922 0.00153900 -0.00129300 0.00123500
0.00007834 -1.63400965 -0.34430840 0.00144000 0.00083400 0.00101000
0.00000329 1.63413003 0.34419273 -0.00147100 -0.00078000 -0.00093800
-0.00002239 1.28903997 -0.52833726 0.00000900 0.00637400 -0.00039900
0.00001550 -1.28901933 0.52836560 0.00332300 -0.00407700 0.00102100
0.00001550 1.28906904 0.52840223 0.00320900 0.00440600 0.00128400
-0.00002239 -1.28909357 -0.52838123 0.00003100 -0.00525900 0.00024100
-0.00007761 -1.63419032 0.34414425 -0.00000000 0.00059800 -0.00100500
0.00004768 1.63411372 -0.34418766 -0.00151700 -0.00116400 0.00116900
0.00004769 -1.63397676 -0.34431358 -0.00145500 0.00098300 0.00107800
-0.00007761 1.63420325 0.34416355 -0.00000500 -0.00205200 -0.00205200
-0.00002239 1.28909355 -0.52836264 -0.00009200 0.00680900 -0.00062400
0.00001550 -1.28904917 0.52841146 0.00344500 -0.00417100 0.00104200
0.00001550 1.28905143 0.52839278 0.00320000 0.00428400 0.00127700
-0.00002239 -1.28911261 -0.52838306 -0.00001700 -0.00536200 0.00015400
-0.00007761 -1.63422289 0.34410335 -0.00000600 0.00100100 -0.00128700
0.00004769 1.63403249 -0.34423375 -0.00152200 -0.00126000 0.00117400
0.00004768 -1.63399091 -0.34431294 -0.00147600 0.00101200 0.00114900
-0.00007761 1.63416352 0.34418873 0.00001300 -0.00197200 -0.00201600
-0.07725587 -0.02184846 -1.45789931 -0.49927500 -0.22391500 -1.65251994
-0.85565478 -0.40534972 0.37235545 -1.00583398 -0.37407801 0.84399903
-1.33413500 -0.17964274 0.73505884 -0.89989197 -0.13044500 0.91664797
0.21986768 0.97161785 0.35128694 0.23201500 0.67079800 0.68202800
-0.86750452 -0.34426210 1.37717584 -0.81629699 0.17850199 0.91766298
0.79385913 -0.45773769 -0.21004604 1.03572798 -0.66216201 0.04783500
0.20390940 -0.12975905 0.15090285 0.00978500 0.05504200 0.41909099
1.73578939 0.54211469 -0.07039981 1.95702600 0.76370603 0.12769300
-0.44077553 0.87597239 2.33210296 -0.24785300 1.10106003 2.46067691
-1.75870031 0.57158857 0.76257199 -1.57580805 0.56171298 0.68590802
-1.46240922 -0.37492488 -0.11431520 -1.42862904 -0.26697099 0.30382299
1.44275443 -0.43547845 -1.29167835 0.96605402 -0.21473899 -1.35909104
-0.75356457 0.69341492 0.76372671 -0.38599500 0.61551398 0.42791301
0.02990641 -0.01996832 -1.26202405 0.21847799 -0.55818301 -1.22634196
-0.71833384 -0.40097468 -0.17363460 -0.33782500 -0.40406799 -0.02023600
-0.00438361 0.63360065 -0.23515053 0.04929000 0.21280500 -0.34713700
1.15769312 -0.25823537 0.51213784 0.89802903 -0.35925001 -0.26681301
0.01299158 -0.11880148 -1.32909357 0.08069000 -0.40632999 -0.93452501
-0.12107246 0.31999036 -1.13146895 -0.00998800 -0.06500600 -0.70841700
0.55792967 0.65302279 -1.26415521 0.45061100 0.43061501 -0.89789897
-0.06531320 -0.37883628 -0.12856248 0.14621800 -0.04833800 -0.90851003
-0.05262596 0.11505511 0.59163844 -0.24433400 -0.03763600 0.87279999
-1.77325624 -0.80039913 -0.82421056 -1.52350903 -0.72711498 -0.55942398
-1.03825387 -0.87691122 0.02612887 -1.11336303 -0.57828099 0.02032000
-1.39535487 1.42889006 -0.53052870 -1.02685905 0.53269899 -0.60872000
-0.40987905 -0.12322577 -0.20113252 -0.86505997 0.50915599 -0.26157701
0.40882424 1.41117833 0.37077522 0.14011700 -0.16121100 -0.29653800
-1.23016279 -1.54920803 0.91147754 -0.26243201 -0.36042601 1.94537103
0.07756415 -2.43417106 -0.13353071 0.40170699 -0.71324199 -1.09300995
0.01229625 1.55814614 -0.23222410 0.44820899 0.17944300 0.15927100
0.00910530 -1.78503128 -1.29484945 -0.06360300 0.15165700 -0.93860799
-0.04810463 2.41104142 0.88367727 0.08988900 1.19751000 0.13769600
-0.04775350 1.93698106 -1.02167009 -0.00160700 0.49290600 0.18400900
-0.81948493 -0.83904706 0.58138287 -0.99132001 0.33129200 0.12869599
0.16511334 1.35418083 0.49750899 -0.63884300 0.63445300 -0.19776800
0.52981590 -0.95945397 -0.59531581 0.47110099 0.31274000 0.08715700
0.82854033 -0.16057165 0.96734087 0.98896402 1.05916798 1.06075799
0.88988076 -0.31301791 0.13186162 0.89858001 -1.13216102 -0.11554400
0.30618185 -1.01234810 -0.67372676 0.23785400 0.37103200 -0.14630701
-0.49519587 3.26207939 0.27619549 -0.51143801 1.46891403 -0.04079600
0.19155134 1.79658719 -0.66713380 0.68438703 0.34202099 0.46206000
-1.01644719 -1.20241035 0.32543425 -1.29387903 -0.26834899 -0.10059400
0.54771750 -0.65468768 -1.81260890 0.24707100 -1.40210605 -1.46483397
-0.57172012 -1.44420549 -0.75589647 -0.19644500 0.04936600 -0.23145300
1.20577148 -1.95334831 -0.48009109 0.89992899 -0.86054403 -0.53204602
-1.90144068 0.96878190 1.22200508 -1.95080900 -0.45188600 1.51310694
-1.13544485 -0.19355449 -0.70915305 -1.03581798 0.83475798 -0.99190599
-0.61342266 1.47122331 0.89841565 -0.43319300 -0.42615700 0.22089200
1.34488777 1.07826839 -0.34708356 1.20689595 0.34766799 -0.01203300
0.12358734 -2.51768108 1.37209685 0.05298200 -1.18633795 0.58285099
-0.19144901 1.08588880 0.15677911 -0.66926599 0.19417800 -0.31563199
-0.24089807 -0.11702487 -0.65266512 0.46936601 1.41904104 -0.43754900
-0.42578437 -3.28734358 -0.84453295 -0.67331898 -2.11465001 -1.94226599
0.02620150 1.02800221 0.66722673 0.11473900 -0.24906699 0.72666502
-0.82724961 -1.41884152 -0.82996728 -0.87272799 -0.00398200 -0.63562799
-0.99313969 1.54351662 0.64299255 -1.24492204 0.06028700 -0.04668900
0.44219559 -0.68354015 2.15502170 1.19545496 -1.17819202 1.56973004
2.35557493 -0.74238708 1.13630738 1.39477503 0.66396803 1.04602206
0.12394076 0.53485418 -0.15232994 0.10849000 -0.53717101 -0.42965600
0.34012682 -1.42562684 -0.31572915 0.82094198 -0.36190999 0.43541101
1.57100992 0.00938919 1.65765503 1.65374506 1.58439898 1.45236802
0.12140597 -0.38194797 -1.00861750 0.03248600 -1.47796798 -1.30665004
0.52281772 -1.84083037 -0.37635560 0.73146302 -0.42302299 -0.12810400
1.27995987 1.71691286 -0.13256857 1.03839898 -0.18229701 -0.82236701
-0.76262266 1.47127539 -1.06184329 -0.62101603 0.00653400 -0.56520599
1.36248552 -0.55480924 0.66093165 1.06719005 0.19448400 0.68830597
1.66096497 0.20215785 -0.32066082 0.71823502 -0.09477000 -0.33589500
0.82111908 -0.44301365 0.58317252 1.10381496 0.69744903 1.42799306
1.24575712 -0.39764689 0.58178023 0.87250298 0.70917600 0.64002299
-2.00188144 0.59711394 0.42957056 -2.38702607 -1.06735301 0.61378902
0.91896708 -0.94669104 0.49554500 0.85408998 -0.19906300 0.26589400
0.86260974 2.34194861 -0.93738701 0.82414699 1.00145900 -1.20589197
0.09541388 0.12542651 -0.68796743 -0.07017800 -0.01873400 -0.82142699
-0.58779244 -0.06649980 -0.18380848 -0.73210001 -0.17738900 0.34390801
-2.46633204 -0.47015435 0.66765820 -1.61209905 -0.39265001 0.69198400
0.41726694 0.62331404 0.08377416 -0.09203000 0.26114699 0.19585200
0.18712683 -1.54663768 1.47924625 -0.08986600 -0.31033200 0.98015797
1.33453622 -1.08374437 0.31442370 1.44519305 -1.28390098 0.45440599
0.45141535 -0.28027275 0.63334413 0.21540600 0.00848100 0.54411399
1.96051950 -0.79155122 -1.52249727 2.26927304 -0.15699400 -1.12267303
-1.25070773 0.64049684 0.78506114 -1.12316597 0.89111203 0.88573200
-1.92083716 1.19200802 -0.10354800 -2.15561295 1.21826804 0.07631200
0.24888718 1.31032467 0.84341823 0.65054101 1.50975299 0.65409100
0.47235946 -1.15255217 -2.22209958 0.08542000 -0.81832898 -1.72145402
-1.31054726 0.88862081 0.36744523 -0.71069998 0.78542203 -0.26022601
-0.82459576 0.28759635 -1.31845543 -0.16825899 -0.38346899 -1.22774100
-0.33476545 -0.30769373 0.07301678 0.42123801 -0.38803300 0.62234998
0.15216074 0.79130519 -0.18087006 -0.05017000 0.10173100 -0.01079800
0.76804174 0.30774811 0.20804192 0.64869797 0.16203000 -0.65034002
0.26388211 0.10899583 -2.26567477 0.71066600 -0.17240199 -2.27027702
0.52915837 0.72312332 -0.85623942 0.00961900 0.14074200 -0.59107900
1.21919196 0.72041411 -0.89351586 1.08312404 0.36693799 0.18113901
-0.16894576 -0.27946404 0.13754727 -0.00049600 0.33478901 -0.32317799
0.44470719 -0.04962897 1.01098383 0.26545799 -0.02157600 0.81034201
-0.72478692 -0.26341322 -0.66820682 -1.10581195 -0.04476200 -0.26485699
-0.79674786 -0.32754444 -1.23906212 -1.25358498 -0.22899100 -0.79915899
-1.55355305 0.25673861 -0.27607311 -1.07696402 -0.26012900 -0.52141500
0.23361828 -0.37260464 -0.31283324 -0.33916599 0.29130399 -0.18920100
0.91243809 1.72938052 0.27295363 0.27076900 0.08955000 -0.22186001
-2.44203266 -0.89341903 -0.66127937 -1.23655200 0.30491099 -0.02826800
0.43491892 -1.98558945 1.59543402 1.02284396 0.55953598 -0.60332400
-0.16881468 1.75586281 -0.05072465 0.25570101 0.64889300 0.28167099
0.07792710 -1.76766909 -1.40364730 -0.18533200 -0.16241901 -0.79887801
-0.23264551 2.36704243 1.01240158 0.07685300 0.90815699 0.54205000
0.04217245 2.49396354 -1.39088215 -0.12953900 -0.09147500 0.42755601
-1.08799725 -1.24421508 0.28653156 -0.98317999 -0.47767800 -0.08197700
0.55583601 1.49928468 0.42311624 -0.38753399 1.09052598 0.07430700
0.62450901 -0.78965435 -0.38265846 0.61392701 0.22459300 0.25283399
-0.44022118 -0.46773262 0.22751236 -0.18446000 0.23559500 0.15454599
-0.02653121 -0.04919719 1.21928443 0.00576700 -0.69203800 0.71459901
-0.19648524 -1.52387885 -0.68695551 -0.25173199 -0.23230900 -0.17324400
-0.61688944 2.59826710 1.02880156 -0.29625800 0.67821801 0.68409997
-0.66811166 1.88175460 -1.25738735 -0.44178101 -0.59027100 -0.11443400
1.35909360 -0.58425492 0.69238523 0.53710699 -0.59352398 0.89600700
1.50683311 -0.08355135 -0.25629543 0.50234002 -0.65272498 0.19440199
-0.68162322 -1.30601590 -0.83820843 0.10293400 0.11043500 -0.17962700
1.48662115 -0.76356521 -0.31216919 1.20821595 -0.00385400 -0.13816100
-1.00050649 0.65360944 0.71065591 -1.27821803 -0.78762299 1.25284803
-0.27610636 -1.25023999 0.03913037 -0.16167299 -0.46935499 -0.18530400
-0.54041295 2.10105176 0.59943450 -0.21397400 0.34311599 -0.33746201
0.82365082 0.08830392 -0.62294150 0.79327798 -0.33851901 -0.36123201
0.55800613 -2.50090944 0.87908299 0.31669399 -0.87621301 0.14427900
0.39792957 1.09277165 -0.29547806 -0.66642499 0.58504599 -0.51431900
-0.44277762 -1.40457006 -0.81369709 0.73163497 0.48504600 -0.42329800
-0.30325402 -2.43550461 2.24125214 -0.25087401 -0.06184000 0.36807901
-0.42373986 0.28456453 0.17861368 -0.18216400 -0.37690601 0.01197800
-0.19511065 -1.59736442 -0.32153520 -0.21870901 -0.47418499 -0.32174999
-0.19846226 1.99186010 1.04820489 -0.70733100 0.23143101 -0.00960100
-0.95554561 0.03900255 0.61467826 -0.00929900 0.16752601 -0.07921300
1.18028628 -1.28701368 0.45714172 0.73044598 -0.06481400 0.16097900
0.24066284 0.55276619 -0.43755620 -0.19088000 -0.33699700 -0.10230900
-0.49349301 -1.51086900 -0.80766980 0.60630202 0.16123000 0.25178099
0.22940364 -1.68585808 0.53139278 0.45863301 -0.37044001 0.07856900
0.08497031 0.48947763 0.23815425 -0.01850700 0.02872400 -0.10236100
0.78250804 -1.53816904 -0.16569435 0.56869602 -0.14144400 0.05168300
0.44531835 1.54613745 0.89142183 0.16713400 -1.04926002 -0.58624899
-0.97746015 1.58389132 -0.35514205 -0.63013703 0.29440200 0.21547700
0.65795492 -0.04086076 0.52231170 0.54020000 0.00568400 0.32597801
2.65324842 -0.37629932 -1.02570388 1.25951695 -0.15439101 -0.25117299
-0.28847579 -1.60310477 -0.47575491 0.94586599 -0.34270701 0.15960300
0.55146389 -0.96673317 0.64497424 0.23831800 -0.18895400 0.53679103
-0.49016968 1.78154236 1.19971670 -1.01756096 0.16369700 1.96941900
0.24497448 0.27692293 0.42721147 0.41321900 0.44877499 0.11522000
0.45746505 1.86443081 0.70647360 0.07399300 0.35721201 0.10636400
1.26317274 0.05877014 0.61205198 0.35993901 -0.04619900 0.41847500
-0.27371523 0.22338913 -0.63694023 -0.23885299 0.57014000 -0.67198098
-2.27190823 -0.81539316 0.23643648 -1.21600795 -0.18856700 0.50893301
-0.10974127 -0.01499618 -0.54671902 -0.58950901 -0.48595500 -0.33863199
2.10012545 -1.99211820 2.62614099 1.64342594 -0.96647203 1.52946901
-0.51862936 0.43878330 -0.06848429 -0.72486502 0.23562101 0.37995100
0.63221730 0.05154075 0.87863861 0.04506800 -0.35605201 0.14462100
1.13586489 -0.68331728 -1.89304220 1.30789101 -0.72038102 -1.48587000
-3.05800599 1.82656018 -0.28951945 -2.87601995 1.77673101 -0.62204200
-1.27846126 1.05603082 -0.99335086 -1.11365199 1.07552600 -0.48672500
0.26719729 1.50884083 0.77339759 1.35757399 1.68253100 0.52049202
-0.89245676 -1.01298246 -1.88387690 -1.08718705 -0.81331998 -1.21286500
-0.65462310 0.10010334 0.36100344 -0.38078499 0.07242000 -0.59729803
-1.74149358 1.05251852 -0.94909730 -0.66932601 0.28784499 -0.56710601
0.71707833 0.27806529 1.12739916 0.95029497 -0.07495900 1.71284997
0.06321857 0.45614270 -0.42099735 -0.18202201 -0.27639699 0.57910401
0.95537907 0.32267237 0.44132404 1.37120998 0.17518900 0.11029000
0.17340047 1.01240354 -1.62449078 0.97812003 1.12066603 -1.25707996
0.97772566 0.97918833 0.47402078 0.62465101 0.88616002 -0.09524100
0.33547354 -0.90429515 -0.06460315 0.95205098 -0.31845900 1.31279397
0.49337086 -0.03237851 1.10021355 0.13333200 0.40019301 0.29238901
1.26729644 0.19779761 -0.26151640 0.99885303 0.42051399 -0.95477003
0.68583012 0.42122684 -0.62898743 -0.10019700 0.43997100 -0.45245200
0.36212188 0.57299269 -0.82974778 -0.08405300 0.21331701 -0.74340498
-0.29229625 0.09401087 0.17225278 0.12059900 -0.35016999 0.04450900
1.93976142 -0.76538395 0.08229771 0.89319801 0.00610700 0.46483099
1.17409828 1.85723336 0.18148596 0.29478401 0.48862100 0.21866199
-1.62348797 -1.10113518 -0.65632218 -0.57531798 0.60654300 -0.55760801
0.22865991 -1.09295708 1.72042365 0.67444700 0.08165000 0.82844597
-0.46516281 1.33230887 -0.20239624 -0.29958001 0.60669303 -0.39656901
0.11116125 -1.43915219 -1.09222964 -0.22603300 -0.15031900 -0.54201299
-0.45941450 1.67132701 1.05465767 -0.29696101 -0.36055401 0.46426100
-0.17336513 1.22979481 -1.36638299 -0.35747299 0.06968200 -0.48840901
0.62538299 -1.21162142 0.68343327 0.87234497 -0.79876399 0.57095402
1.16936600 0.85731976 0.53882241 0.51537400 0.50623798 0.82215297
0.03622849 -1.26265514 -0.43583583 0.69524902 -0.44865799 0.02931400
-1.03881917 -1.66774699 -1.67382871 -0.81110901 -0.79928100 -1.52864802
-0.27862730 0.53625334 1.32890544 -0.39165401 -0.15400900 0.86652499
-0.56779676 -1.42224196 -0.49784151 -0.53652400 -0.35242501 -0.23901799
0.73507967 0.98170261 1.73273430 0.98756897 -0.60362601 1.29163301
-1.13752582 1.26637921 -0.91616281 -1.74123001 -1.25291705 -0.00950500
3.08423846 0.49599183 -0.08733526 1.94025099 -0.25565600 0.13326900
1.25889914 1.24268535 0.47207555 0.00071300 1.04190803 1.05830204
-0.66093336 -1.08174820 -0.15506011 0.23054300 0.25235400 0.00834300
0.02179941 -0.27709764 -0.13577515 -0.31093800 0.28442201 0.03124100
1.27945344 1.70271964 -1.79051890 1.37416303 -1.17708802 -0.23041300
1.00806169 -1.81356188 1.07302792 0.90683001 -1.25285101 0.97943199
0.03343209 2.58237925 0.64523427 0.38434300 0.79955399 -0.25320399
-1.82714315 -1.01345463 -0.65302602 -1.21367097 -0.90649098 -0.58800501
0.75986891 -2.11886832 0.74477701 -0.00372400 0.77132601 -0.69488603
2.82356822 -0.42357926 0.06727280 1.06692195 -0.52606797 0.39996099
-0.62924743 -2.30464727 -0.91088628 0.23758200 -0.65179402 -0.19800900
-0.24511848 -1.31791383 2.23212769 0.99897599 1.78022802 0.96708697
-0.94839127 -0.26348391 -0.35372223 -0.62198198 -0.37141699 -0.82209402
0.50143575 -1.18683845 0.36033477 0.72962999 -0.42502701 0.53081602
0.98060449 1.49758279 1.83022060 1.12853301 -0.37900099 0.28589901
-2.62132563 0.07906080 -1.18291242 -2.32482004 0.16629100 -1.37342298
0.47118868 -0.33271710 0.02206103 -0.08294400 -1.54341996 -0.04274700
0.60978168 0.84644241 -0.85405396 -0.26075301 0.03177900 -0.08364900
-1.46507556 -0.58284272 -1.09561722 -0.87391400 -0.25603700 -0.55238098
0.22155640 -2.81975958 -1.24712180 -0.00696200 -1.69466102 -1.13273704
0.09025634 2.04060380 2.82661935 0.11934200 1.58072495 2.18148208
-0.31104682 -0.33429489 -0.60340888 -0.53540099 1.08795404 -0.14690800
-0.35074615 1.49408252 1.83067808 -0.84211099 0.43398899 0.91548902
-0.31394312 1.44018990 0.08033272 0.17718500 0.51793897 0.42631400
-1.26099285 -0.31847079 0.33714043 -1.12846398 -0.19987699 -0.20134600
1.10562477 -0.13431106 -1.17091216 0.50443202 -0.00569100 -0.58464497
-1.16985314 -2.38147677 -0.65521710 -0.04083200 -1.54027998 -0.94785798
-0.68042101 -1.46605350 -0.52079162 -0.78019202 -0.92661703 -0.21076700
0.07800293 0.44561136 -1.15186652 0.50777400 1.21895802 -0.99050999
-1.25073055 0.42758808 0.41452566 -1.05482602 0.51614398 0.04595400
-1.20648400 0.91120070 1.43853100 -1.51531601 -0.56934202 1.27730703
0.84142458 0.58707763 -0.33413805 0.43607599 0.24824201 -0.59610099
-0.21053370 0.88897050 -0.70768793 0.07687700 0.81378800 -0.62452197
-1.23052115 -0.34902923 -0.11724393 -0.34712601 0.25223401 -0.14415000
0.90548159 1.49433264 0.42574857 0.43281600 0.41940701 0.50471199
1.26820613 -1.65281492 2.01659809 0.77624398 -0.40520599 0.75184798
-1.37875328 1.59888929 0.68436186 -1.69865096 1.28744102 1.03705001
0.18232181 -0.50977699 0.82439826 0.05836900 -0.57716900 0.53100699
-1.37389882 -1.24310644 -1.68926081 -1.42551899 -1.24983096 -1.33470094
-2.37204183 1.65739229 0.47769853 -1.71374595 1.54402006 -0.30457801
-0.23853571 0.36961277 -1.63879309 0.39399099 -0.29831001 -0.50887197
0.46069130 0.25331077 2.09955848 0.77116001 0.15199301 1.11789405
1.11879817 1.79257871 -0.80562172 1.15868402 1.14019597 0.15477300
0.01299636 -0.69622758 0.77422423 -0.16845500 -0.39488301 -0.60320401
-1.74455811 1.18241684 -1.63288496 -0.75095701 0.68341303 -0.44872299
-1.80890291 -0.62565186 1.20973516 -1.35905302 -0.35136801 1.20047295
-0.39535993 -0.10431023 -1.31747551 -0.14278901 -0.58188099 0.28935000
1.87178496 -0.34029712 1.39521197 1.84367597 -0.32393000 1.24094796
0.60701593 0.60516127 -0.04684345 0.50338697 0.28591800 0.33520299
1.77645766 -0.60465983 -1.67516383 0.96248800 -0.02364800 -2.02989292
0.40366442 -0.24074970 -1.93890298 0.31799701 0.03787300 -0.61942601
0.92694996 -1.37471511 0.63597943 0.30118099 -0.58011597 -0.55349100
0.45290898 0.50352501 1.01380057 -0.01931200 0.49684700 0.47081101
1.62856535 0.19253352 -0.58607288 0.82543403 0.02450500 -0.96037698
0.78332520 -0.27280473 -1.16584573 0.18862499 -0.27801600 -0.54826301
-0.21638573 -0.01392393 0.80992989 0.56793398 -0.18639900 0.44735801
2.04090503 -1.56034851 0.49623856 1.03728104 -0.52240402 0.60600698
1.52035617 1.08975316 0.00542023 0.20339499 0.09132400 0.67738700
-1.16184824 -1.49153927 -0.26760520 -0.01564400 0.67391902 0.35669100
-0.30472118 -0.75765623 2.04059474 -0.86496300 -0.62832099 1.67174196
-1.01139169 -0.82299476 -0.47454662 -0.81091797 -0.94485402 -1.09683502
0.22782581 -1.44507304 -0.36674238 -0.12742600 -0.37753299 0.20578399
-0.59840144 1.23135704 0.59414612 -0.22509401 -1.25566304 -0.34200799
-0.52675169 0.41575882 -0.99312776 0.04740600 0.11076800 -0.72219998
2.38888389 1.04627485 -0.13378578 2.23512506 1.22012997 0.15986800
2.08613616 -0.62761796 -0.62951119 0.80817997 -0.55692101 0.31977299
-0.92662274 -1.01602701 -0.52867239 0.46274000 -0.50812697 -0.46193299
-0.62519596 -0.87421208 -0.54765933 -0.45408300 0.02002700 -0.38905701
0.04103317 0.97592567 0.20309071 0.03793900 -0.12536301 -0.17142799
0.20595180 -0.22481165 0.02444436 0.09006300 0.20239501 0.03617800
0.47726366 1.29472197 1.04002767 0.62233800 -0.04372700 0.75208402
-0.41204533 2.63313337 -1.93879478 -0.26052099 3.77623105 -1.57799101
0.45120174 -0.37273320 -2.31019891 -0.18285701 -0.65855598 -2.74880505
1.00358540 0.76577169 -1.52477945 -0.40649799 1.32300603 -0.26846999
-1.22908595 -1.24075945 0.44058594 -0.20074899 0.18155199 0.06787800
-1.55631408 -0.01914208 0.41996935 -1.54035902 0.33407301 0.44950801
0.88159467 1.87906824 -1.98773238 1.40295601 1.11108196 -2.27096295
0.19246467 0.53939568 -0.44071552 -0.02579300 0.82582903 -0.33997601
-0.02630539 2.04448672 1.24090032 0.30063599 0.30410299 0.39685199
-0.78909057 0.34939729 1.36678641 -0.77151501 0.05313700 1.41616201
0.09831740 -1.52391094 1.52975699 -0.39747599 -0.56916600 1.17075396
2.49958384 -0.84680698 -0.80619158 0.59776098 -0.44311199 0.00606200
-1.65950421 -1.57585508 -0.58678917 -0.58280802 -0.31757101 -0.09684100
-0.28971939 -2.86388346 2.96495566 -0.34491700 -3.46217108 2.79990005
-0.28098878 0.68774927 1.25101382 -0.27994999 0.34969699 0.36653900
0.39611327 -0.67954143 0.19954544 0.53179097 0.00773300 0.55357301
0.56969687 1.69436666 1.84985213 1.02903402 -0.23084100 0.14364100
-1.02999226 -0.78802404 2.46247497 -0.39009500 -0.64344001 2.33634400
0.61743426 0.98181483 -0.47347716 -0.19400300 0.24604300 -0.48087999
1.05455462 0.59953207 -1.55976678 0.13218901 -0.22355001 -0.39323801
-1.34231210 -0.70912016 -0.51350943 -0.91327900 -0.82709002 -0.39683399
-1.45978204 -0.28293177 0.11987806 -1.20403802 0.34591401 0.28726801
-1.22675325 -0.67587818 0.01914348 -0.98972398 -0.79582101 -0.32588199
-0.22901567 -1.29542302 -0.46521603 -0.45228401 0.51403898 0.58793801
-0.46303261 0.78200686 1.81284842 -0.40472001 1.02000499 1.00548601
0.41495383 -0.08272361 -0.66570244 0.96222597 -0.47281599 -0.60193503
-0.92367360 -0.11166029 -1.09264808 -0.73969501 -0.05305300 -0.96450102
-0.03167375 -0.48138018 -0.28610642 -0.31001800 -0.55018502 0.07782000
-2.56900383 0.16964146 0.04760833 -1.34913802 0.03947500 -1.36366403
-0.32323069 0.20117558 -0.51069768 -0.56198603 0.41059601 -0.29953700
0.56873507 -0.08855434 -1.11839335 1.58696401 -0.07501000 -1.03930402
-0.09984699 -0.83453074 0.90944279 0.12366400 -0.84473002 0.81990403
1.08861090 0.81407464 0.47233517 0.80742902 -0.17477100 0.28469801
0.95073324 0.90609901 -0.98102740 0.91833401 0.38117999 -1.18562102
0.94510740 0.02372296 0.18371845 1.69406295 -0.23894100 0.88786697
-0.95506760 -0.08955375 -0.91109030 -0.04019100 0.13895300 -0.86919701
-0.18817225 1.34786287 0.76316429 -0.16840300 0.52532899 1.05055106
0.70195199 -1.46866800 0.07726308 -0.31591299 -0.07720500 -1.05805695
-0.23561070 0.14718660 2.28455527 -0.06240700 0.13367300 1.74172997
-0.08012033 0.00050670 0.74398283 -0.27469501 -0.29627299 1.01704800
-1.12319625 -0.02094808 1.10897308 -0.84640598 -0.20172299 1.01587903
1.25458261 1.21321690 0.06260307 1.30780697 1.10584700 -0.30178201
1.21104381 -1.39543663 -0.23621400 1.66780901 -1.27071404 0.31056899
-3.48031822 -0.26023091 0.61872055 -2.31552100 -0.20736399 0.24732900
1.52857547 0.00903344 -0.65275144 1.37575400 0.04825200 -0.35101300
0.27655836 -0.20203290 0.97536428 0.15698700 0.03726200 -0.32884800
-0.32848707 0.98953194 -0.67319445 0.43685400 0.18303700 0.18070200
-3.20316384 -1.23645409 0.59360423 -2.48857689 -0.84163201 0.64605600
-0.52407510 0.24896162 0.12780780 -0.25908500 -0.17193399 0.57713300
0.74875648 -0.01040045 2.51035507 0.20721200 0.09108100 1.56106603
-0.39485869 0.26857626 1.18690264 -1.05495703 0.00656200 0.84715402
1.65904701 -0.30617877 -2.19113317 0.72721601 0.11360300 -1.82872295
0.38573299 -0.18362995 -1.65585041 0.43246400 -0.72291398 -0.32051799
1.33164158 -2.38192067 1.08107818 0.70476002 -1.30052400 0.04280700
-0.52932321 0.07128822 1.15204633 -0.90197301 -0.01191400 1.34572995
1.05206652 -1.40907148 -0.82969642 0.46941999 -1.05968297 -0.49763900
0.56952816 -1.09845321 -0.53334608 -0.03224300 -0.80444700 -0.74100697
-0.63829413 -0.11485184 0.61569175 0.20059399 -0.41738400 0.26559699
1.28462798 -1.47275817 0.29972219 0.29216400 -0.95001000 -0.19096200
1.82810427 -0.30654997 -0.79657637 0.50170797 -1.09179604 -0.11886000
-0.99581570 -0.91487812 -0.67796084 -0.59615499 0.53300202 0.72483599
-1.25731462 -0.32455504 0.85518727 -1.91965199 1.46803999 -0.47920099
0.28126380 -0.04201388 0.46534921 0.21946099 0.00559100 0.23142800
-0.23243971 -1.66265189 1.38493802 -0.33961400 -0.49175599 1.62045395
-0.04428644 1.01795049 0.21182392 0.28619200 -0.84018201 -1.12497997
-0.07828842 0.09175758 0.05662220 0.28595400 -1.78877795 1.46699703
-0.34481222 0.20302061 -2.16643117 0.10083900 0.31825700 -2.19338489
-0.12938997 -0.81072511 -1.04947073 -0.73863101 -0.86447102 -0.75123000
-3.21902132 0.76941466 0.80587313 -1.63506103 0.91212600 0.25688800
0.68987324 -0.02962426 0.56720709 0.57521302 0.93882799 0.99058503
0.38402945 1.14149663 -0.85195125 0.23356099 0.25043601 -0.86865199
0.51328248 0.33425678 1.00395291 0.40955701 0.28066701 1.04630804
-0.56191298 1.81253399 -1.60407776 -0.51133502 0.86957902 -1.46097696
0.08332817 1.24829438 -0.55813138 0.33666000 -0.66308200 1.70463002
-0.71557610 1.05448065 0.63512817 -1.19725204 0.99079603 0.28818500
0.78468291 -0.88379537 -3.06559422 -0.57997203 -0.31319001 -1.73279297
-1.86340822 -1.20389730 0.03676789 -0.62005901 0.02677300 -0.39728999
0.23660612 -0.75766061 -0.33319218 -0.17887200 -0.18780600 -0.19950201
0.00508453 0.89982331 -1.11953658 -0.02972200 -0.15811600 -0.20535401
-0.53258583 1.17940401 -0.01089731 -0.67864102 1.24599802 -0.08913700
-0.87312361 1.52466265 0.91381251 -0.73470700 -0.38997701 0.27058399
0.72702312 -0.10348576 1.34789764 0.17220300 -0.18283300 1.31152201
-0.25223813 -0.31425897 0.77168034 -0.41004500 0.93495399 -0.12505800
1.26161059 -0.15082701 -1.88988408 -0.36335701 0.60208899 -0.89489400
-2.40604019 -0.22526359 -0.32906396 -0.96984297 0.31381500 0.17978700
-0.39367231 -1.12939685 0.59614891 -0.76313102 1.02967203 -1.21233404
0.99520398 0.60164407 1.77760899 0.71436101 0.16627599 1.21208000
-0.80334267 0.23646206 -0.91191697 -0.69203699 0.93846202 -0.60012299
-1.08162500 2.69310038 1.08509991 -1.01668501 1.15574396 -0.24747500
0.93975316 -0.91365136 1.04863765 1.35762405 -0.75529999 0.51463699
0.56122796 0.35912333 0.55038716 0.42327699 2.22163391 -1.08193302
1.11972908 -0.13660000 -0.93551851 0.92262799 -1.03775406 -0.02058600
-0.67669730 -1.33139999 0.00815774 -0.14294800 1.32343304 1.30304396
-0.20563188 2.06232533 0.66886740 -0.13046600 2.22989702 0.74312699
0.49777928 -1.60928863 -0.51026613 0.56313401 -1.62634099 -1.03420305
0.76072905 -2.55859867 -0.75656501 0.11372500 -0.54899001 0.54241103
0.07591314 1.27083010 0.06794531 0.39681599 -1.11878598 -1.87232399
-0.52907694 -0.63328497 0.59317475 0.23863000 -1.00730300 0.27080899
0.80170485 0.78896426 -0.94185021 0.90294498 0.60526299 -0.45462200
0.19764578 -0.70502316 0.21614474 -0.17424600 -0.71871102 0.74222499
-2.44576719 2.18234280 1.06192161 -1.20643497 1.19892704 -0.49934101
1.26317946 0.52402908 -0.05220467 1.20194197 0.68784899 0.10885400
0.82883356 0.06788866 -1.31459520 1.11809301 -2.04239106 0.13073701
0.94458415 0.15461242 -0.63176948 1.26064503 0.01532800 -0.44816399
1.64162840 0.95361465 -1.94412988 1.44322705 0.36995500 -1.61893904
-0.53620488 -1.52104341 0.06834102 -0.09476300 -1.40594101 0.59749198
0.58159154 0.91153855 -0.68463847 0.68527299 0.49530300 0.27577400
-0.88124833 -1.19476887 0.74708745 -0.58705300 -0.87616700 0.44051600
-0.88583764 0.15873924 0.04887848 -0.40771699 0.23111200 0.64195001
1.13924256 -1.27601513 0.32554925 0.28204501 -0.32612601 -0.18716700
0.62779940 -0.54000029 -0.17033726 0.43875101 -0.65353602 -0.98759800
0.21314777 0.60085497 -1.56838288 -0.46507600 0.29198399 -1.03467095
-0.38257360 1.05453160 0.85751883 0.00660000 0.78415698 0.63135999
2.90416265 0.29100821 0.33728212 2.06250310 0.22629701 0.29302800
0.36426745 -0.63459769 -1.14215926 1.10119200 -0.45082501 -0.54259700
-3.23748142 0.38224652 -0.08239284 -2.17792296 -0.06201300 -0.15160100
1.05282316 -1.66050404 -1.95664689 0.76823699 -1.30604899 -1.14207006
-0.13820348 0.18087305 0.42967608 -0.12581100 0.40729201 -0.17751400
-0.17061496 0.44981748 -1.35061537 0.71442097 -0.33076799 -0.81121302
-1.16004954 -0.91285916 -0.56595147 -0.65036201 -0.45074099 0.28082001
-0.00636345 1.36668875 1.43862230 -0.21429400 0.45219901 1.01085997
-1.55362737 0.42706535 1.89561967 -1.56058896 0.28994000 1.36238599
-1.76229231 1.63156253 0.06283256 -2.31364012 1.49523997 -0.30840200
-0.95732215 0.20366793 0.00413459 -1.29501295 -0.04990300 -0.07149000
-0.17828622 -1.53361827 -1.28299473 0.28822300 -1.21646404 0.23779100
0.68443634 -0.32828431 0.67828160 0.62984902 0.25209701 0.75002402
0.07065670 -0.08387380 0.31031368 -0.07416400 0.04240900 -0.08443800
1.08850801 -1.41733974 -0.83427122 0.71275401 -1.21232903 -0.50880098
0.87500154 0.12484101 0.73514614 0.29633299 0.33760101 -0.25200000
-0.67803885 0.75432138 0.09226391 -0.47073701 0.35703701 0.33503500
-0.75280303 0.24497082 -0.37152571 -0.88481301 0.02623700 -0.47033900
1.38978088 -0.14710296 -1.21269003 -0.04906000 -0.51850402 -0.52622300
-0.15048764 -1.58683411 -1.72087410 -0.56672603 -3.43017697 -2.15230298
-0.18437279 -0.78554413 0.14499130 -0.18571800 -0.92612600 -0.69538403
0.91685381 1.78485098 2.08555698 0.75432301 1.57119095 2.04451394
0.31515350 0.77606623 -0.50305937 0.35269299 1.68729901 -0.44254401
-0.30572646 1.72261384 1.41820112 0.11285600 3.01665902 1.68290699
0.23381904 0.82242884 -0.49738871 0.13326600 1.02994800 0.29128200
-1.52002318 -1.44950922 0.49795833 -1.11944795 -1.00783801 0.75224203
-0.29958350 -0.71443464 0.15211498 -0.50363201 -0.83328098 -0.08886100
-3.36787573 0.19562169 1.33926032 -1.89465904 0.27894801 0.99924499
0.65494874 -1.14246045 0.25115622 0.73605502 -0.34134701 0.29797900
0.00165181 1.55808683 0.05296852 0.07824200 0.99806601 -0.37606600
-0.28192713 0.42059173 0.79751553 -0.08542400 0.42643899 0.68037802
-1.66141132 -0.09905410 -1.52085068 -1.25193202 -0.61301100 -1.02396798
0.86099236 0.63721543 -0.71999527 0.76081800 -1.53178501 0.89738798
1.72820793 1.38793233 2.90688913 1.26764703 1.48764098 2.34320402
1.57168187 -1.97355528 -0.33757498 0.06817400 -1.57398403 0.56634599
-1.66935871 -1.41407432 -0.27170157 -0.54157501 -0.21771801 -0.52519298
0.94689420 -0.84052834 -0.54816672 0.57454801 -0.07641100 -0.51714200
-0.39945796 1.19894755 0.39673738 -0.79978102 -1.13894296 2.53623509
0.66523792 -0.49449813 1.26910900 0.47052899 -0.02444700 0.83629400
0.06861710 1.03653941 0.44597109 0.29457301 -0.56539702 -0.30740100
0.35050079 -0.01801407 -0.00511456 0.00419700 0.02939400 -0.53383601
0.51871673 -0.66815323 0.31157296 0.53006798 1.65983701 -1.82768202
1.20104146 0.38229804 -0.94775642 -0.18929701 0.93952000 -0.17177500
-1.37122940 -0.85260638 0.84418889 -0.11051500 -0.13511400 0.96345401
-0.32100571 -0.50316833 0.25161881 -0.30853301 1.84412396 -1.42517602
0.81860406 -0.36291657 -0.46136223 0.82298702 -0.64648199 -0.65768898
-0.35938847 -0.04924679 -0.21592819 -0.22583500 0.65146399 -0.20272200
-0.58782476 1.93910294 1.39315766 -0.70728701 0.34408301 0.22959600
1.02715013 1.99694682 -1.69862992 1.11080599 1.84949398 -1.79704297
0.15094605 -0.93194471 1.09019372 0.10500400 -1.17559600 0.26652801
1.02633713 -0.72744094 0.19752433 1.23216903 -0.45861399 0.16625600
0.21867973 -0.68675025 -0.66564137 0.11316900 1.47581506 0.80741799
1.29682685 -1.09840380 -1.55733200 1.09294295 -0.43589300 -1.58287501
1.28691862 1.07311706 1.21619033 1.20943403 0.72862297 0.80331600
0.41879585 -1.34462120 -1.68907065 0.00665600 -1.02969301 -1.11465096
0.70620068 1.12164157 0.26326030 0.91623402 -1.15495098 -1.35409105
-1.01253300 0.93418931 0.80771255 -0.23031200 0.25941199 0.67695802
1.03411665 -0.34683012 0.12078839 0.89514297 -0.31874499 0.35575399
0.19841120 0.93209415 0.05346650 0.02559400 0.67701298 -0.00312700
-0.58678246 0.88428209 2.66929878 -0.16969900 0.09984700 2.25806403
0.41219994 -0.88661628 -0.25850155 0.31088501 -0.45453501 -0.26483700
-0.30394815 0.42265799 -1.71160091 -0.32540801 0.39754099 -0.84904498
-0.96284277 0.88633501 -1.08345725 -0.52223498 0.67878002 -1.17606497
-0.99419583 -0.66907421 -1.37233825 -0.88933402 -0.89012700 -0.94771302
