-0.00003525 0.56891575 0.11758709 -0.00000000 -0.23086201 0.06597600
-0.00003525 -0.56891691 -0.11747199 0.00000000 0.23086201 -0.06597600
-0.00003525 -0.56888425 0.11744579 -0.00000000 0.23086201 0.06597600
-0.00003525 0.56888541 -0.11756051 0.00000000 -0.23086201 -0.06597600
0.00003525 0.56889224 0.11757778 0.00000000 -0.23086201 0.06597600
0.00003525 -0.56889107 -0.11746306 -0.00000000 0.23086201 -0.06597600
0.00003525 -0.56891009 0.11745472 0.00000000 0.23086201 0.06597600
0.00003525 0.56890893 -0.11756982 -0.00000000 -0.23086201 -0.06597600
-0.00003607 0.78939154 0.07521329 -0.00000000 -0.00045200 0.00018200
-0.00003607 -0.78939099 -0.07521406 0.00000000 0.00045200 -0.00018200
-0.00003607 -0.78932918 0.07511012 -0.00000000 0.00045200 0.00018200
-0.00003607 0.78932863 -0.07510953 0.00000000 -0.00045200 -0.00018200
0.00003607 0.78937273 0.07520632 0.00000000 -0.00045200 0.00018200
0.00003607 -0.78937328 -0.07520691 -0.00000000 0.00045200 -0.00018200
0.00003607 -0.78934689 0.07511727 0.00000000 0.00045200 0.00018200
0.00003607 0.78934744 -0.07511650 -0.00000000 -0.00045200 -0.00018200
-0.00002014 0.54158846 0.14543198 -0.00000000 -0.20329100 0.05561500
-0.00002014 -0.54158744 -0.14553209 0.00000000 0.20329100 -0.05561500
-0.00002014 -0.54146859 0.14546423 -0.00000000 0.20329100 0.05561500
-0.00002014 0.54146756 -0.14536442 -0.00000000 -0.20329100 -0.05561500
0.00002014 0.54147877 0.14539245 -0.00000000 -0.20329100 0.05561500
0.00002014 -0.54147979 -0.14549226 0.00000000 0.20329100 -0.05561500
0.00002014 -0.54157623 0.14550407 -0.00000000 0.20329100 0.05561500
0.00002014 0.54157726 -0.14540395 0.00000000 -0.20329100 -0.05561500
-0.00002060 0.72922642 0.11091608 -0.00000000 -0.00036900 0.00010800
-0.00002060 -0.72922691 -0.11091572 -0.00000000 0.00036900 -0.00010800
-0.00002060 -0.72934715 0.11099932 -0.00000000 0.00036900 0.00010800
-0.00002060 0.72934764 -0.11099954 -0.00000000 -0.00036900 -0.00010800
0.00002060 0.72932668 0.11095409 0.00000000 -0.00036900 0.00010800
0.00002060 -0.72932619 -0.11095387 0.00000000 0.00036900 -0.00010800
0.00002060 -0.72924786 0.11096117 0.00000000 0.00036900 0.00010800
0.00002060 0.72924737 -0.11096154 0.00000000 -0.00036900 -0.00010800
-0.00000861 0.50250461 0.16123559 -0.00000000 -0.17462200 0.04650100
-0.00000861 -0.50250461 -0.16114932 0.00000000 0.17462200 -0.04650100
-0.00000861 -0.50250452 0.16111956 -0.00000000 0.17462200 0.04650100
-0.00000861 0.50250452 -0.16120583 0.00000000 -0.17462200 -0.04650100
0.00000861 0.50251844 0.16124057 -0.00000000 -0.17462200 0.04650100
0.00000861 -0.50251844 -0.16115429 0.00000000 0.17462200 -0.04650100
0.00000861 -0.50249069 0.16111459 0.00000000 0.17462200 0.04650100
0.00000861 0.50249069 -0.16120086 -0.00000000 -0.17462200 -0.04650100
-0.00000880 0.65445594 0.13586852 0.00000000 -0.00006600 0.00019000
-0.00000880 -0.65445551 -0.13586757 -0.00000000 0.00006600 -0.00019000
-0.00000880 -0.65448161 0.13589999 0.00000000 0.00006600 0.00019000
-0.00000880 0.65448118 -0.13590106 -0.00000000 -0.00006600 -0.00019000
0.00000880 0.65446850 0.13587345 -0.00000000 -0.00006600 0.00019000
0.00000880 -0.65446893 -0.13587238 -0.00000000 0.00006600 -0.00019000
0.00000880 -0.65446819 0.13589518 0.00000000 0.00006600 0.00019000
0.00000880 0.65446862 -0.13589612 0.00000000 -0.00006600 -0.00019000
-0.00000188 0.57718558 0.14580375 0.00000000 -0.00212100 -0.00022200
-0.00000188 -0.57718596 -0.14580391 0.00000000 0.00212100 0.00022200
-0.00000188 -0.57712373 0.14579247 -0.00000000 0.00212100 -0.00022200
-0.00000188 0.57712411 -0.14579221 -0.00000000 -0.00212100 0.00022200
0.00000188 0.57711807 0.14577889 -0.00000000 -0.00212100 -0.00022200
0.00000188 -0.57711769 -0.14577915 0.00000000 0.00212100 0.00022200
0.00000188 -0.57719200 0.14581724 -0.00000000 0.00212100 -0.00022200
0.00000188 0.57719162 -0.14581707 0.00000000 -0.00212100 0.00022200
-0.00000188 0.57863618 0.14612914 0.00000000 -0.00033000 0.00010600
-0.00000188 -0.57860529 -0.14620463 -0.00000000 0.00033000 -0.00010600
-0.00000188 -0.57864079 0.14616738 0.00000000 0.00033000 0.00010600
-0.00000188 0.57860990 -0.14609955 -0.00000000 -0.00033000 -0.00010600
0.00000188 0.57862901 0.14614164 0.00000000 -0.00033000 0.00010600
0.00000188 -0.57865990 -0.14620946 0.00000000 0.00033000 -0.00010600
0.00000188 -0.57858619 0.14616255 -0.00000000 0.00033000 0.00010600
0.00000188 0.57861708 -0.14608705 -0.00000000 -0.00033000 -0.00010600
0.00000472 0.41218092 0.16340603 -0.00000000 -0.13023099 0.03076400
0.00000472 -0.41218225 -0.16340549 0.00000000 0.13023099 -0.03076400
0.00000472 -0.41221184 0.16341829 0.00000000 0.13023099 0.03076400
0.00000472 0.41221316 -0.16341851 0.00000000 -0.13023099 -0.03076400
-0.00000472 0.41221233 0.16341644 -0.00000000 -0.13023099 0.03076400
-0.00000472 -0.41221101 -0.16341622 -0.00000000 0.13023099 -0.03076400
-0.00000472 -0.41218308 0.16340756 -0.00000000 0.13023099 0.03076400
-0.00000472 0.41218175 -0.16340809 -0.00000000 -0.13023099 -0.03076400
0.00000480 0.51027925 0.14919895 0.00000000 -0.00051600 0.00023200
0.00000480 -0.51027893 -0.14919898 -0.00000000 0.00051600 -0.00023200
0.00000480 -0.51031015 0.14921210 -0.00000000 0.00051600 0.00023200
0.00000480 0.51030983 -0.14921214 -0.00000000 -0.00051600 -0.00023200
-0.00000480 0.51030879 0.14920984 0.00000000 -0.00051600 0.00023200
-0.00000480 -0.51030911 -0.14920981 0.00000000 0.00051600 -0.00023200
-0.00000480 -0.51027997 0.14920128 0.00000000 0.00051600 0.00023200
-0.00000480 0.51028029 -0.14920124 -0.00000000 -0.00051600 -0.00023200
0.00000809 0.36722566 0.15823175 0.00000000 -0.10369700 0.02343600
0.00000809 -0.36722595 -0.15823124 -0.00000000 0.10369700 -0.02343600
0.00000809 -0.36719389 0.15821550 0.00000000 0.10369700 0.02343600
0.00000809 0.36719418 -0.15821595 0.00000000 -0.10369700 -0.02343600
-0.00000809 0.36719637 0.15822151 -0.00000000 -0.10369700 0.02343600
-0.00000809 -0.36719608 -0.15822106 0.00000000 0.10369700 -0.02343600
-0.00000809 -0.36722376 0.15822568 0.00000000 0.10369700 0.02343600
-0.00000809 0.36722347 -0.15822619 -0.00000000 -0.10369700 -0.02343600
0.00000821 0.44361106 0.14763676 -0.00000000 -0.00092700 -0.00005300
0.00000821 -0.44358744 -0.14769094 -0.00000000 0.00092700 0.00005300
0.00000821 -0.44366746 0.14773878 -0.00000000 0.00092700 -0.00005300
0.00000821 0.44364384 -0.14768966 -0.00000000 -0.00092700 0.00005300
-0.00000821 0.44362803 0.14765376 0.00000000 -0.00092700 -0.00005300
-0.00000821 -0.44365166 -0.14770288 0.00000000 0.00092700 0.00005300
-0.00000821 -0.44360324 0.14772684 0.00000000 0.00092700 -0.00005300
-0.00000821 0.44362687 -0.14767266 0.00000000 -0.00092700 0.00005300
0.00001158 0.32393082 0.15177778 0.00000000 -0.07873900 0.01717400
0.00001158 -0.32391022 -0.15173282 0.00000000 0.07873900 -0.01717400
0.00001158 -0.32392390 0.15175043 -0.00000000 0.07873900 0.01717400
0.00001158 0.32390330 -0.15179945 0.00000000 -0.07873900 -0.01717400
-0.00001158 0.32389360 0.15177417 -0.00000000 -0.07873900 0.01717400
-0.00001158 -0.32391419 -0.15172515 -0.00000000 0.07873900 -0.01717400
-0.00001158 -0.32391993 0.15175810 0.00000000 0.07873900 0.01717400
-0.00001158 0.32394052 -0.15180306 0.00000000 -0.07873900 -0.01717400
0.00001171 0.37780113 0.14514816 0.00000000 -0.00010600 0.00010600
0.00001171 -0.37780040 -0.14514916 0.00000000 0.00010600 -0.00010600
0.00001171 -0.37771354 0.14510792 0.00000000 0.00010600 0.00010600
0.00001171 0.37771281 -0.14510707 -0.00000000 -0.00010600 -0.00010600
-0.00001171 0.37771807 0.14511956 -0.00000000 -0.00010600 0.00010600
-0.00001171 -0.37771880 -0.14512042 -0.00000000 0.00010600 -0.00010600
-0.00001171 -0.37779514 0.14513667 -0.00000000 0.00010600 0.00010600
-0.00001171 0.37779587 -0.14513567 0.00000000 -0.00010600 -0.00010600
0.00001393 0.27981081 0.14468668 0.00000000 -0.05573900 0.01184900
0.00001393 -0.27981060 -0.14472505 0.00000000 0.05573900 -0.01184900
0.00001393 -0.27980814 0.14473811 0.00000000 0.05573900 0.01184900
0.00001393 0.27980792 -0.14469978 -0.00000000 -0.05573900 -0.01184900
-0.00001393 0.27980200 0.14468380 -0.00000000 -0.05573900 0.01184900
-0.00001393 -0.27980221 -0.14472212 -0.00000000 0.05573900 -0.01184900
-0.00001393 -0.27981652 0.14474103 -0.00000000 0.05573900 0.01184900
-0.00001393 0.27981673 -0.14470267 -0.00000000 -0.05573900 -0.01184900
0.00001406 0.31486457 0.13980528 0.00000000 -0.00042300 0.00008700
0.00001406 -0.31486437 -0.13984394 0.00000000 0.00042300 -0.00008700
0.00001406 -0.31486222 0.13985684 -0.00000000 0.00042300 0.00008700
0.00001406 0.31486201 -0.13981822 0.00000000 -0.00042300 -0.00008700
-0.00001406 0.31485566 0.13980229 0.00000000 -0.00042300 0.00008700
-0.00001406 -0.31485587 -0.13984091 0.00000000 0.00042300 -0.00008700
-0.00001406 -0.31487072 0.13985987 -0.00000000 0.00042300 0.00008700
-0.00001406 0.31487093 -0.13982121 -0.00000000 -0.00042300 -0.00008700
0.00001352 0.27134591 0.14313462 0.00000000 -0.05128200 0.01084500
0.00001352 -0.27132797 -0.14313590 0.00000000 0.05128200 -0.01084500
0.00001352 -0.27132178 0.14313326 -0.00000000 0.05128200 0.01084500
0.00001353 0.27130385 -0.14313521 0.00000000 -0.05128200 -0.01084500
-0.00001352 0.27130087 0.14312710 -0.00000000 -0.05128200 0.01084500
-0.00001352 -0.27131881 -0.14312515 0.00000000 0.05128200 -0.01084500
-0.00001353 -0.27133095 0.14314401 0.00000000 0.05128200 0.01084500
-0.00001352 0.27134889 -0.14314273 0.00000000 -0.05128200 -0.01084500
0.00001365 0.30292152 0.13823359 -0.00000000 -0.00039800 -0.00045000
0.00001365 -0.30292132 -0.13823328 -0.00000000 0.00039800 0.00045000
0.00001365 -0.30295303 0.13825167 0.00000000 0.00039800 -0.00045000
0.00001365 0.30295283 -0.13825201 -0.00000000 -0.00039800 0.00045000
-0.00001365 0.30294939 0.13824327 0.00000000 -0.00039800 -0.00045000
-0.00001365 -0.30294959 -0.13824292 0.00000000 0.00039800 0.00045000
-0.00001365 -0.30292476 0.13824202 -0.00000000 0.00039800 -0.00045000
-0.00001365 0.30292496 -0.13824233 -0.00000000 -0.00039800 0.00045000
0.00001407 0.26303870 0.14160299 -0.00000000 -0.04702200 0.00968900
0.00001407 -0.26305533 -0.14160152 -0.00000000 0.04702200 -0.00968900
0.00001407 -0.26303394 0.14157468 0.00000000 0.04702200 0.00968900
0.00001407 0.26305057 -0.14157321 -0.00000000 -0.04702200 -0.00968900
-0.00001407 0.26306163 0.14160363 -0.00000000 -0.04702200 0.00968900
-0.00001407 -0.26304500 -0.14160511 0.00000000 0.04702200 -0.00968900
-0.00001407 -0.26304427 0.14157110 0.00000000 0.04702200 0.00968900
-0.00001407 0.26302764 -0.14157257 -0.00000000 -0.04702200 -0.00968900
0.00001419 0.29199464 0.13761336 0.00000000 -0.00027300 0.00005600
0.00001419 -0.29199504 -0.13761247 -0.00000000 0.00027300 -0.00005600
0.00001419 -0.29204285 0.13760296 0.00000000 0.00027300 0.00005600
0.00001419 0.29204325 -0.13760378 0.00000000 -0.00027300 -0.00005600
-0.00001419 0.29205490 0.13763381 -0.00000000 -0.00027300 0.00005600
-0.00001419 -0.29205450 -0.13763299 -0.00000000 0.00027300 -0.00005600
-0.00001419 -0.29198339 0.13758244 0.00000000 0.00027300 0.00005600
-0.00001419 0.29198299 -0.13758333 0.00000000 -0.00027300 -0.00005600
0.00001367 0.25491938 0.14007932 -0.00000000 -0.04273900 0.00879800
0.00001367 -0.25491918 -0.14004375 -0.00000000 0.04273900 -0.00879800
0.00001367 -0.25491471 0.14006234 0.00000000 0.04273900 0.00879800
0.00001367 0.25491451 -0.14009794 -0.00000000 -0.04273900 -0.00879800
-0.00001367 0.25490628 0.14007503 0.00000000 -0.04273900 0.00879800
-0.00001367 -0.25490647 -0.14003942 -0.00000000 0.04273900 -0.00879800
-0.00001367 -0.25492742 0.14006666 0.00000000 0.04273900 0.00879800
-0.00001367 0.25492761 -0.14010223 -0.00000000 -0.04273900 -0.00879800
0.00001377 0.28086572 0.13666948 -0.00000000 -0.00037500 0.00041900
0.00001377 -0.28088173 -0.13663313 -0.00000000 0.00037500 -0.00041900
0.00001377 -0.28091597 0.13667131 -0.00000000 0.00037500 0.00041900
0.00001377 0.28093198 -0.13670488 0.00000000 -0.00037500 -0.00041900
-0.00001377 0.28092333 0.13668224 0.00000000 -0.00037500 0.00041900
-0.00001377 -0.28090732 -0.13664868 -0.00000000 0.00037500 -0.00041900
-0.00001377 -0.28089038 0.13665577 0.00000000 0.00037500 0.00041900
-0.00001377 0.28087437 -0.13669212 0.00000000 -0.00037500 -0.00041900
0.00001416 0.24699791 0.13862211 -0.00000000 -0.03873400 0.00780600
0.00001416 -0.24699810 -0.13858782 0.00000000 0.03873400 -0.00780600
0.00001416 -0.24701030 0.13857959 -0.00000000 0.03873400 0.00780600
0.00001416 0.24701049 -0.13861384 0.00000000 -0.03873400 -0.00780600
-0.00001416 0.24701548 0.13862788 -0.00000000 -0.03873400 0.00780600
-0.00001416 -0.24701529 -0.13859362 -0.00000000 0.03873400 -0.00780600
-0.00001416 -0.24699311 0.13857379 0.00000000 0.03873400 0.00780600
-0.00001416 0.24699292 -0.13860807 0.00000000 -0.03873400 -0.00780600
0.00001425 0.27029634 0.13592416 0.00000000 -0.00050400 0.00068900
0.00001425 -0.27029652 -0.13589063 0.00000000 0.00050400 -0.00068900
0.00001425 -0.27031116 0.13588369 -0.00000000 0.00050400 0.00068900
0.00001425 0.27031135 -0.13591720 -0.00000000 -0.00050400 -0.00068900
-0.00001425 0.27031650 0.13593090 0.00000000 -0.00050400 0.00068900
-0.00001425 -0.27031631 -0.13589740 0.00000000 0.00050400 -0.00068900
-0.00001425 -0.27029137 0.13587692 -0.00000000 0.00050400 0.00068900
-0.00001425 0.27029118 -0.13591046 0.00000000 -0.00050400 -0.00068900
0.00001462 0.23917948 0.13714946 -0.00000000 -0.03490600 0.00677100
0.00001462 -0.23917892 -0.13714892 0.00000000 0.03490600 -0.00677100
0.00001462 -0.23922181 0.13714436 -0.00000000 0.03490600 0.00677100
0.00001462 0.23922125 -0.13714500 0.00000000 -0.03490600 -0.00677100
-0.00001462 0.23922862 0.13716598 0.00000000 -0.03490600 0.00677100
-0.00001462 -0.23922918 -0.13716534 -0.00000000 0.03490600 -0.00677100
-0.00001462 -0.23917155 0.13712794 0.00000000 0.03490600 0.00677100
-0.00001462 0.23917211 -0.13712849 0.00000000 -0.03490600 -0.00677100
0.00001469 0.26041849 0.13517169 0.00000000 -0.00007200 0.00084600
0.00001469 -0.26041922 -0.13513920 0.00000000 0.00007200 -0.00084600
0.00001469 -0.26047092 0.13516361 0.00000000 0.00007200 0.00084600
0.00001469 0.26047165 -0.13519598 -0.00000000 -0.00007200 -0.00084600
-0.00001469 0.26046881 0.13518830 -0.00000000 -0.00007200 0.00084600
-0.00001469 -0.26046808 -0.13515593 -0.00000000 0.00007200 -0.00084600
-0.00001469 -0.26042206 0.13514688 -0.00000000 0.00007200 0.00084600
-0.00001469 0.26042133 -0.13517937 -0.00000000 -0.00007200 -0.00084600
0.00001504 0.23163407 0.13574367 -0.00000000 -0.03115100 0.00563300
0.00001504 -0.23163371 -0.13574342 0.00000000 0.03115100 -0.00563300
0.00001504 -0.23161734 0.13573882 -0.00000000 0.03115100 0.00563300
0.00001504 0.23161697 -0.13573914 0.00000000 -0.03115100 -0.00563300
-0.00001504 0.23161660 0.13573806 -0.00000000 -0.03115100 0.00563300
-0.00001504 -0.23161696 -0.13573774 0.00000000 0.03115100 -0.00563300
-0.00001504 -0.23163408 0.13574450 -0.00000000 0.03115100 0.00563300
-0.00001504 0.23163444 -0.13574475 0.00000000 -0.03115100 -0.00563300
0.00001511 0.24978637 0.13365924 0.00000000 -0.00051700 -0.00041300
0.00001511 -0.24977086 -0.13366081 -0.00000000 0.00051700 0.00041300
0.00001511 -0.24981692 0.13366996 -0.00000000 0.00051700 -0.00041300
0.00001511 0.24980142 -0.13367096 -0.00000000 -0.00051700 0.00041300
-0.00001511 0.24980133 0.13367071 0.00000000 -0.00051700 -0.00041300
-0.00001511 -0.24981683 -0.13366971 0.00000000 0.00051700 0.00041300
-0.00001511 -0.24977095 0.13366106 0.00000000 0.00051700 -0.00041300
-0.00001511 0.24978646 -0.13365949 -0.00000000 -0.00051700 0.00041300
0.00001542 0.22422747 0.13436676 0.00000000 -0.02790200 0.00457700
0.00001542 -0.22422747 -0.13439824 0.00000000 0.02790200 -0.00457700
0.00001542 -0.22423669 0.13439633 -0.00000000 0.02790200 0.00457700
0.00001542 0.22423669 -0.13436484 -0.00000000 -0.02790200 -0.00457700
-0.00001542 0.22423860 0.13437041 0.00000000 -0.02790200 0.00457700
-0.00001542 -0.22423860 -0.13440189 0.00000000 0.02790200 -0.00457700
-0.00001542 -0.22422557 0.13439267 -0.00000000 0.02790200 0.00457700
-0.00001542 0.22422557 -0.13436119 -0.00000000 -0.02790200 -0.00457700
0.00001549 0.24046639 0.13284599 0.00000000 -0.00050300 -0.00057600
0.00001549 -0.24045198 -0.13287745 0.00000000 0.00050300 0.00057600
0.00001549 -0.24042908 0.13285894 -0.00000000 0.00050300 -0.00057600
0.00001549 0.24041468 -0.13282984 -0.00000000 -0.00050300 0.00057600
-0.00001549 0.24041668 0.13283544 0.00000000 -0.00050300 -0.00057600
-0.00001549 -0.24043108 -0.13286454 0.00000000 0.00050300 0.00057600
-0.00001549 -0.24044998 0.13287185 0.00000000 0.00050300 -0.00057600
-0.00001549 0.24046438 -0.13284039 0.00000000 -0.00050300 0.00057600
0.00001578 0.21693977 0.13304946 -0.00000000 -0.02465400 0.00345500
0.00001578 -0.21693994 -0.13304918 0.00000000 0.02465400 -0.00345500
0.00001578 -0.21697568 0.13305123 -0.00000000 0.02465400 0.00345500
0.00001578 0.21697585 -0.13305149 0.00000000 -0.02465400 -0.00345500
-0.00001578 0.21697952 0.13306238 -0.00000000 -0.02465400 0.00345500
-0.00001578 -0.21697935 -0.13306212 -0.00000000 0.02465400 -0.00345500
-0.00001578 -0.21693627 0.13303829 0.00000000 0.02465400 0.00345500
-0.00001578 0.21693610 -0.13303857 0.00000000 -0.02465400 -0.00345500
0.00001583 0.23140331 0.13221394 -0.00000000 -0.00046900 -0.00055900
0.00001583 -0.23140331 -0.13221367 -0.00000000 0.00046900 0.00055900
0.00001583 -0.23134947 0.13218690 0.00000000 0.00046900 -0.00055900
0.00001583 0.23134947 -0.13218716 -0.00000000 -0.00046900 0.00055900
-0.00001583 0.23135305 0.13219735 -0.00000000 -0.00046900 -0.00055900
-0.00001583 -0.23135305 -0.13219708 -0.00000000 0.00046900 0.00055900
-0.00001583 -0.23139973 0.13220348 -0.00000000 0.00046900 -0.00055900
-0.00001583 0.23139973 -0.13220375 0.00000000 -0.00046900 0.00055900
0.00001534 0.20992222 0.13177239 0.00000000 -0.02133500 0.00251400
0.00001534 -0.20992205 -0.13180165 0.00000000 0.02133500 -0.00251400
0.00001534 -0.20989505 0.13177807 -0.00000000 0.02133500 0.00251400
0.00001534 0.20989489 -0.13174883 -0.00000000 -0.02133500 -0.00251400
-0.00001534 0.20990038 0.13176536 0.00000000 -0.02133500 0.00251400
-0.00001534 -0.20990055 -0.13179460 0.00000000 0.02133500 -0.00251400
-0.00001534 -0.20991656 0.13178513 -0.00000000 0.02133500 0.00251400
-0.00001534 0.20991673 -0.13175586 0.00000000 -0.02133500 -0.00251400
0.00001535 0.22305775 0.13222413 -0.00000000 -0.00029800 0.00081900
0.00001535 -0.22307160 -0.13222364 0.00000000 0.00029800 -0.00081900
0.00001535 -0.22308410 0.13224081 -0.00000000 0.00029800 0.00081900
0.00001535 0.22309795 -0.13223910 0.00000000 -0.00029800 -0.00081900
-0.00001535 0.22309506 0.13223071 0.00000000 -0.00029800 0.00081900
-0.00001535 -0.22308121 -0.13223241 -0.00000000 0.00029800 -0.00081900
-0.00001535 -0.22307449 0.13223203 -0.00000000 0.00029800 0.00081900
-0.00001535 0.22306064 -0.13223252 -0.00000000 -0.00029800 -0.00081900
0.00001565 0.20302204 0.13052985 0.00000000 -0.01779800 0.00196700
0.00001565 -0.20302188 -0.13052961 -0.00000000 0.01779800 -0.00196700
0.00001565 -0.20303861 0.13055911 0.00000000 0.01779800 0.00196700
0.00001565 0.20303845 -0.13055937 -0.00000000 -0.01779800 -0.00196700
-0.00001565 0.20302961 0.13053236 0.00000000 -0.01779800 0.00196700
-0.00001565 -0.20302977 -0.13053210 -0.00000000 0.01779800 -0.00196700
-0.00001565 -0.20303072 0.13055662 -0.00000000 0.01779800 0.00196700
-0.00001565 0.20303088 -0.13055686 0.00000000 -0.01779800 -0.00196700
0.00001566 0.21381251 0.13104633 -0.00000000 -0.00045900 0.00061400
0.00001566 -0.21381267 -0.13104632 0.00000000 0.00045900 -0.00061400
0.00001566 -0.21383046 0.13107627 -0.00000000 0.00045900 0.00061400
0.00001566 0.21383062 -0.13107626 -0.00000000 -0.00045900 -0.00061400
-0.00001566 0.21382149 0.13104919 0.00000000 -0.00045900 0.00061400
-0.00001566 -0.21382133 -0.13104920 0.00000000 0.00045900 -0.00061400
-0.00001566 -0.21382180 0.13107339 -0.00000000 0.00045900 0.00061400
-0.00001566 0.21382164 -0.13107340 -0.00000000 -0.00045900 -0.00061400
-0.00001450 0.19630227 0.12932861 0.00000000 -0.01420900 0.00153300
-0.00001450 -0.19628904 -0.12935716 0.00000000 0.01420900 -0.00153300
-0.00001450 -0.19630087 0.12937419 -0.00000000 0.01420900 0.00153300
-0.00001450 0.19628764 -0.12934769 0.00000000 -0.01420900 -0.00153300
0.00001450 0.19628100 0.12932705 0.00000000 -0.01420900 0.00153300
0.00001450 -0.19629423 -0.12935355 0.00000000 0.01420900 -0.00153300
0.00001450 -0.19629568 0.12937780 -0.00000000 0.01420900 0.00153300
0.00001450 0.19630891 -0.12934925 0.00000000 -0.01420900 -0.00153300
-0.00001450 0.20488469 0.12983361 -0.00000000 -0.00034800 0.00018300
-0.00001450 -0.20489783 -0.12983268 0.00000000 0.00034800 -0.00018300
-0.00001450 -0.20487752 0.12982837 0.00000000 0.00034800 0.00018300
-0.00001450 0.20489066 -0.12982727 0.00000000 -0.00034800 -0.00018300
0.00001450 0.20489177 0.12983064 -0.00000000 -0.00034800 0.00018300
0.00001450 -0.20487863 -0.12983173 -0.00000000 0.00034800 -0.00018300
0.00001450 -0.20489672 0.12982932 -0.00000000 0.00034800 0.00018300
0.00001450 0.20488358 -0.12983025 0.00000000 -0.00034800 -0.00018300
-0.00001409 0.18973135 0.12822082 -0.00000000 -0.01074400 0.00141800
-0.00001409 -0.18973104 -0.12819421 -0.00000000 0.01074400 -0.00141800
-0.00001409 -0.18970605 0.12817818 0.00000000 0.01074400 0.00141800
-0.00001409 0.18970574 -0.12820484 -0.00000000 -0.01074400 -0.00141800
0.00001409 0.18970853 0.12821364 0.00000000 -0.01074400 0.00141800
0.00001409 -0.18970883 -0.12818698 -0.00000000 0.01074400 -0.00141800
0.00001409 -0.18972826 0.12818540 0.00000000 0.01074400 0.00141800
0.00001409 0.18972856 -0.12821202 0.00000000 -0.01074400 -0.00141800
-0.00001410 0.19605592 0.12841183 -0.00000000 -0.00029800 0.00009200
-0.00001410 -0.19605576 -0.12841256 -0.00000000 0.00029800 -0.00009200
-0.00001410 -0.19603634 0.12841881 -0.00000000 0.00029800 0.00009200
-0.00001410 0.19603619 -0.12841810 -0.00000000 -0.00029800 -0.00009200
0.00001410 0.19603168 0.12840411 0.00000000 -0.00029800 0.00009200
0.00001410 -0.19603183 -0.12840481 0.00000000 0.00029800 -0.00009200
0.00001410 -0.19606027 0.12842655 0.00000000 0.00029800 0.00009200
0.00001410 0.19606043 -0.12842583 0.00000000 -0.00029800 -0.00009200
-0.00001302 0.18333867 0.12711011 -0.00000000 -0.00738500 0.00098000
-0.00001302 -0.18333852 -0.12711012 0.00000000 0.00738500 -0.00098000
-0.00001302 -0.18333746 0.12709651 -0.00000000 0.00738500 0.00098000
-0.00001302 0.18333731 -0.12709652 -0.00000000 -0.00738500 -0.00098000
0.00001302 0.18334186 0.12711118 0.00000000 -0.00738500 0.00098000
0.00001302 -0.18334201 -0.12711117 0.00000000 0.00738500 -0.00098000
0.00001302 -0.18333397 0.12709546 0.00000000 0.00738500 0.00098000
0.00001302 0.18333412 -0.12709545 0.00000000 -0.00738500 -0.00098000
-0.00001303 0.18776634 0.12727597 -0.00000000 -0.00006900 0.00009100
-0.00001303 -0.18776605 -0.12724945 0.00000000 0.00006900 -0.00009100
-0.00001303 -0.18777194 0.12725901 -0.00000000 0.00006900 0.00009100
-0.00001303 0.18777164 -0.12728558 -0.00000000 -0.00006900 -0.00009100
0.00001303 0.18776892 0.12727691 -0.00000000 -0.00006900 0.00009100
0.00001303 -0.18776921 -0.12725035 -0.00000000 0.00006900 -0.00009100
0.00001303 -0.18776877 0.12725812 0.00000000 0.00006900 0.00009100
0.00001303 0.18776907 -0.12728464 0.00000000 -0.00006900 -0.00009100
-0.00001266 0.17710030 0.12604157 0.00000000 -0.00389600 0.00073400
-0.00001266 -0.17708798 -0.12604264 0.00000000 0.00389600 -0.00073400
-0.00001266 -0.17708953 0.12604082 -0.00000000 0.00389600 0.00073400
-0.00001266 0.17707721 -0.12604158 -0.00000000 -0.00389600 -0.00073400
0.00001266 0.17707637 0.12603882 -0.00000000 -0.00389600 0.00073400
0.00001266 -0.17708869 -0.12603805 0.00000000 0.00389600 -0.00073400
0.00001266 -0.17708882 0.12604541 -0.00000000 0.00389600 0.00073400
0.00001266 0.17710114 -0.12604434 0.00000000 -0.00389600 -0.00073400
-0.00001266 0.17991491 0.12663114 0.00000000 0.00025700 0.00093300
-0.00001266 -0.17991477 -0.12665659 -0.00000000 -0.00025700 -0.00093300
-0.00001266 -0.17993632 0.12664547 -0.00000000 -0.00025700 0.00093300
-0.00001266 0.17993618 -0.12662004 0.00000000 0.00025700 -0.00093300
0.00001266 0.17994226 0.12663985 0.00000000 0.00025700 0.00093300
0.00001266 -0.17994240 -0.12666528 -0.00000000 -0.00025700 -0.00093300
0.00001266 -0.17990869 0.12663678 -0.00000000 -0.00025700 0.00093300
0.00001266 0.17990883 -0.12661133 0.00000000 0.00025700 -0.00093300
-0.00001167 0.17102386 0.12504940 -0.00000000 -0.00038900 0.00043000
-0.00001167 -0.17103584 -0.12504830 0.00000000 0.00038900 -0.00043000
-0.00001167 -0.17102794 0.12502847 0.00000000 0.00038900 0.00043000
-0.00001167 0.17103992 -0.12502781 0.00000000 -0.00038900 -0.00043000
0.00001167 0.17104716 0.12505208 -0.00000000 -0.00038900 0.00043000
0.00001167 -0.17103517 -0.12505274 -0.00000000 0.00038900 -0.00043000
0.00001167 -0.17102861 0.12502403 0.00000000 0.00038900 0.00043000
0.00001167 0.17101662 -0.12502513 0.00000000 -0.00038900 -0.00043000
-0.00001167 0.17102386 0.12504940 -0.00000000 -0.00038900 0.00043000
-0.00001167 -0.17103584 -0.12504830 0.00000000 0.00038900 -0.00043000
-0.00001167 -0.17102794 0.12502847 0.00000000 0.00038900 0.00043000
-0.00001167 0.17103992 -0.12502781 0.00000000 -0.00038900 -0.00043000
0.00001167 0.17104716 0.12505208 -0.00000000 -0.00038900 0.00043000
0.00001167 -0.17103517 -0.12505274 -0.00000000 0.00038900 -0.00043000
0.00001167 -0.17102861 0.12502403 0.00000000 0.00038900 0.00043000
0.00001167 0.17101662 -0.12502513 0.00000000 -0.00038900 -0.00043000
-0.00001072 0.16509743 0.12406937 0.00000000 0.00318800 0.00030900
-0.00001072 -0.16509715 -0.12406960 0.00000000 -0.00318800 -0.00030900
-0.00001072 -0.16509428 0.12406153 -0.00000000 -0.00318800 0.00030900
-0.00001072 0.16509401 -0.12406134 -0.00000000 0.00318800 -0.00030900
0.00001072 0.16509627 0.12406912 -0.00000000 0.00318800 0.00030900
0.00001072 -0.16509655 -0.12406931 0.00000000 -0.00318800 -0.00030900
0.00001072 -0.16509489 0.12406183 -0.00000000 -0.00318800 0.00030900
0.00001072 0.16509516 -0.12406160 0.00000000 0.00318800 -0.00030900
-0.00001073 0.16340565 0.12362431 -0.00000000 0.00043400 -0.00008700
-0.00001073 -0.16340592 -0.12362457 -0.00000000 -0.00043400 0.00008700
-0.00001073 -0.16340253 0.12361660 0.00000000 -0.00043400 -0.00008700
-0.00001073 0.16340280 -0.12361629 0.00000000 0.00043400 0.00008700
0.00001073 0.16340504 0.12362401 -0.00000000 0.00043400 -0.00008700
0.00001073 -0.16340477 -0.12362432 -0.00000000 -0.00043400 0.00008700
0.00001073 -0.16340368 0.12361685 0.00000000 -0.00043400 -0.00008700
0.00001073 0.16340341 -0.12361659 0.00000000 0.00043400 0.00008700
-0.00000981 0.15929246 0.12328605 0.00000000 0.00669000 -0.00002400
-0.00000981 -0.15928099 -0.12331035 -0.00000000 -0.00669000 0.00002400
-0.00000981 -0.15927462 0.12329380 0.00000000 -0.00669000 -0.00002400
-0.00000981 0.15926315 -0.12327108 0.00000000 0.00669000 0.00002400
0.00000981 0.15926639 0.12328231 -0.00000000 0.00669000 -0.00002400
0.00000981 -0.15927786 -0.12330502 0.00000000 -0.00669000 0.00002400
0.00000981 -0.15927775 0.12329912 0.00000000 -0.00669000 -0.00002400
0.00000981 0.15928922 -0.12327482 -0.00000000 0.00669000 0.00002400
-0.00000982 0.15460371 0.12211273 0.00000000 -0.00014200 -0.00098100
-0.00000982 -0.15461521 -0.12211228 0.00000000 0.00014200 0.00098100
-0.00000982 -0.15459174 0.12211755 0.00000000 0.00014200 -0.00098100
-0.00000982 0.15460324 -0.12211641 -0.00000000 -0.00014200 0.00098100
0.00000982 0.15460069 0.12210743 0.00000000 -0.00014200 -0.00098100
0.00000982 -0.15458919 -0.12210857 -0.00000000 0.00014200 0.00098100
0.00000982 -0.15461776 0.12212126 -0.00000000 0.00014200 -0.00098100
0.00000982 0.15460626 -0.12212171 -0.00000000 -0.00014200 0.00098100
-0.00000895 0.15358710 0.12252911 -0.00000000 0.01036200 -0.00019300
-0.00000895 -0.15358723 -0.12252903 0.00000000 -0.01036200 0.00019300
-0.00000895 -0.15363588 0.12256535 -0.00000000 -0.01036200 -0.00019300
-0.00000895 0.15363601 -0.12256541 0.00000000 0.01036200 0.00019300
0.00000895 0.15362946 0.12254213 0.00000000 0.01036200 -0.00019300
0.00000895 -0.15362933 -0.12254208 0.00000000 -0.01036200 0.00019300
0.00000895 -0.15359378 0.12255230 -0.00000000 -0.01036200 -0.00019300
0.00000895 0.15359365 -0.12255238 -0.00000000 0.01036200 0.00019300
-0.00000896 0.14670482 0.12104383 0.00000000 0.00017700 -0.00092500
-0.00000896 -0.14669440 -0.12104495 -0.00000000 -0.00017700 0.00092500
-0.00000896 -0.14671786 0.12106961 0.00000000 -0.00017700 -0.00092500
-0.00000896 0.14670744 -0.12106992 -0.00000000 0.00017700 0.00092500
0.00000896 0.14670104 0.12104659 0.00000000 0.00017700 -0.00092500
0.00000896 -0.14671146 -0.12104628 0.00000000 -0.00017700 0.00092500
0.00000896 -0.14670080 0.12106828 -0.00000000 -0.00017700 -0.00092500
0.00000896 0.14671123 -0.12106716 -0.00000000 0.00017700 0.00092500
-0.00000812 0.14812773 0.12182757 0.00000000 0.01425700 -0.00053600
-0.00000812 -0.14812786 -0.12182763 0.00000000 -0.01425700 0.00053600
-0.00000812 -0.14812139 0.12182492 0.00000000 -0.01425700 -0.00053600
-0.00000812 0.14812152 -0.12182484 0.00000000 0.01425700 0.00053600
0.00000812 0.14812175 0.12182569 -0.00000000 0.01425700 -0.00053600
0.00000812 -0.14812162 -0.12182577 -0.00000000 -0.01425700 0.00053600
0.00000812 -0.14812763 0.12182678 -0.00000000 -0.01425700 -0.00053600
0.00000812 0.14812750 -0.12182672 -0.00000000 0.01425700 0.00053600
-0.00000813 0.13917692 0.12048719 0.00000000 0.00022100 -0.00029800
-0.00000813 -0.13917704 -0.12048724 0.00000000 -0.00022100 0.00029800
-0.00000813 -0.13917064 0.12048455 -0.00000000 -0.00022100 -0.00029800
-0.00000813 0.13917077 -0.12048447 0.00000000 0.00022100 0.00029800
0.00000813 0.13917099 0.12048533 -0.00000000 0.00022100 -0.00029800
0.00000813 -0.13917086 -0.12048540 -0.00000000 -0.00022100 0.00029800
0.00000813 -0.13917682 0.12048639 -0.00000000 -0.00022100 -0.00029800
0.00000813 0.13917669 -0.12048633 0.00000000 0.00022100 0.00029800
-0.00000791 0.14276890 0.12110052 -0.00000000 0.01823000 -0.00084600
-0.00000791 -0.14275821 -0.12110119 -0.00000000 -0.01823000 0.00084600
-0.00000791 -0.14275524 0.12110798 0.00000000 -0.01823000 -0.00084600
-0.00000791 0.14274455 -0.12110877 0.00000000 0.01823000 0.00084600
0.00000791 0.14274116 0.12109606 -0.00000000 0.01823000 -0.00084600
0.00000791 -0.14275186 -0.12109527 -0.00000000 -0.01823000 0.00084600
0.00000791 -0.14276160 0.12111390 0.00000000 -0.01823000 -0.00084600
0.00000791 0.14277229 -0.12111323 0.00000000 0.01823000 0.00084600
-0.00000792 0.13126253 0.11946872 -0.00000000 0.00009400 -0.00060300
-0.00000792 -0.13125211 -0.11944787 0.00000000 -0.00009400 0.00060300
-0.00000792 -0.13124236 0.11943609 -0.00000000 -0.00009400 -0.00060300
-0.00000792 0.13123194 -0.11945835 -0.00000000 0.00009400 0.00060300
0.00000792 0.13123331 0.11946373 -0.00000000 0.00009400 -0.00060300
0.00000792 -0.13124373 -0.11944147 0.00000000 -0.00009400 0.00060300
0.00000792 -0.13125074 0.11944249 0.00000000 -0.00009400 -0.00060300
0.00000792 0.13126116 -0.11946333 0.00000000 0.00009400 0.00060300
-0.00000714 0.13752046 0.12039218 -0.00000000 0.02243300 -0.00140300
-0.00000714 -0.13752046 -0.12039230 0.00000000 -0.02243300 0.00140300
-0.00000714 -0.13755344 0.12039332 -0.00000000 -0.02243300 -0.00140300
-0.00000714 0.13755344 -0.12039319 0.00000000 0.02243300 0.00140300
0.00000714 0.13755596 0.12040292 0.00000000 0.02243300 -0.00140300
0.00000714 -0.13755596 -0.12040304 -0.00000000 -0.02243300 0.00140300
0.00000714 -0.13751794 0.12038258 0.00000000 -0.02243300 -0.00140300
0.00000714 0.13751794 -0.12038245 0.00000000 0.02243300 0.00140300
-0.00000714 0.12411561 0.11937326 0.00000000 0.00008900 0.00010800
-0.00000714 -0.12412543 -0.11937222 0.00000000 -0.00008900 -0.00010800
-0.00000714 -0.12411676 0.11936453 -0.00000000 -0.00008900 0.00010800
-0.00000714 0.12412657 -0.11936424 0.00000000 0.00008900 -0.00010800
0.00000714 0.12412886 0.11937362 -0.00000000 0.00008900 0.00010800
0.00000714 -0.12411904 -0.11937391 -0.00000000 -0.00008900 -0.00010800
0.00000714 -0.12412314 0.11936283 -0.00000000 -0.00008900 0.00010800
0.00000714 0.12411333 -0.11936388 0.00000000 0.00008900 -0.00010800
-0.00000642 0.13248502 0.11969251 0.00000000 0.02670700 -0.00209200
-0.00000642 -0.13248502 -0.11969275 0.00000000 -0.02670700 0.00209200
-0.00000642 -0.13247700 0.11969399 -0.00000000 -0.02670700 -0.00209200
-0.00000642 0.13247700 -0.11969375 0.00000000 0.02670700 0.00209200
0.00000642 0.13247601 0.11968980 -0.00000000 0.02670700 -0.00209200
0.00000642 -0.13247601 -0.11969004 0.00000000 -0.02670700 0.00209200
0.00000642 -0.13248601 0.11969669 -0.00000000 -0.02670700 -0.00209200
0.00000642 0.13248601 -0.11969645 -0.00000000 0.02670700 0.00209200
-0.00000641 0.11664792 0.11865503 0.00000000 -0.00004600 0.00017200
-0.00000641 -0.11664804 -0.11863512 -0.00000000 0.00004600 -0.00017200
-0.00000641 -0.11663620 0.11861881 -0.00000000 0.00004600 0.00017200
-0.00000641 0.11663632 -0.11863870 -0.00000000 -0.00004600 -0.00017200
0.00000641 0.11663953 0.11865250 -0.00000000 -0.00004600 0.00017200
0.00000641 -0.11663941 -0.11863261 -0.00000000 0.00004600 -0.00017200
0.00000641 -0.11664483 0.11862132 0.00000000 0.00004600 0.00017200
0.00000641 0.11664471 -0.11864123 0.00000000 -0.00004600 -0.00017200
-0.00000625 0.12756673 0.11881253 0.00000000 0.03084000 -0.00272400
-0.00000625 -0.12755729 -0.11881327 -0.00000000 -0.03084000 0.00272400
-0.00000625 -0.12754287 0.11878923 0.00000000 -0.03084000 -0.00272400
-0.00000625 0.12753343 -0.11878974 -0.00000000 0.03084000 0.00272400
0.00000625 0.12753771 0.11880737 -0.00000000 0.03084000 -0.00272400
0.00000625 -0.12754715 -0.11880687 -0.00000000 -0.03084000 0.00272400
0.00000625 -0.12755300 0.11879564 0.00000000 -0.03084000 -0.00272400
0.00000625 0.12756245 -0.11879490 0.00000000 0.03084000 0.00272400
-0.00000624 0.10955485 0.11778192 0.00000000 -0.00007800 0.00024000
-0.00000624 -0.10955473 -0.11778181 -0.00000000 0.00007800 -0.00024000
-0.00000624 -0.10956218 0.11776742 0.00000000 0.00007800 0.00024000
-0.00000624 0.10956206 -0.11776754 -0.00000000 -0.00007800 -0.00024000
0.00000624 0.10956597 0.11778520 -0.00000000 -0.00007800 0.00024000
0.00000624 -0.10956609 -0.11778508 -0.00000000 0.00007800 -0.00024000
0.00000624 -0.10955083 0.11776415 0.00000000 0.00007800 0.00024000
0.00000624 0.10955095 -0.11776426 -0.00000000 -0.00007800 -0.00024000
-0.00000557 0.12271854 0.11784335 0.00000000 0.03462400 -0.00290500
-0.00000557 -0.12271842 -0.11784364 -0.00000000 -0.03462400 0.00290500
-0.00000557 -0.12274886 0.11784836 0.00000000 -0.03462400 -0.00290500
-0.00000557 0.12274875 -0.11784808 -0.00000000 0.03462400 0.00290500
0.00000557 0.12274979 0.11785253 -0.00000000 0.03462400 -0.00290500
0.00000557 -0.12274991 -0.11785281 0.00000000 -0.03462400 0.00290500
0.00000557 -0.12271738 0.11783919 0.00000000 -0.03462400 -0.00290500
0.00000557 0.12271749 -0.11783890 0.00000000 0.03462400 0.00290500
-0.00000557 0.10261632 0.11648357 -0.00000000 -0.00021100 0.00026600
-0.00000557 -0.10261632 -0.11648339 0.00000000 0.00021100 -0.00026600
-0.00000557 -0.10264640 0.11648781 -0.00000000 0.00021100 0.00026600
-0.00000557 0.10264640 -0.11648798 -0.00000000 -0.00021100 -0.00026600
0.00000557 0.10264735 0.11649250 0.00000000 -0.00021100 0.00026600
0.00000557 -0.10264735 -0.11649232 0.00000000 0.00021100 -0.00026600
0.00000557 -0.10261537 0.11647888 -0.00000000 0.00021100 0.00026600
0.00000557 0.10261537 -0.11647905 -0.00000000 -0.00021100 -0.00026600
-0.00000543 0.11806669 0.11688685 -0.00000000 0.03812100 -0.00297400
-0.00000543 -0.11806657 -0.11690565 0.00000000 -0.03812100 0.00297400
-0.00000543 -0.11805475 0.11689505 -0.00000000 -0.03812100 -0.00297400
-0.00000543 0.11805464 -0.11687626 0.00000000 0.03812100 0.00297400
0.00000543 0.11805637 0.11688391 -0.00000000 0.03812100 -0.00297400
0.00000543 -0.11805648 -0.11690269 0.00000000 -0.03812100 0.00297400
0.00000543 -0.11806484 0.11689801 -0.00000000 -0.03812100 -0.00297400
0.00000543 0.11806495 -0.11687921 0.00000000 0.03812100 0.00297400
-0.00000543 0.09608286 0.11522561 0.00000000 -0.00019800 0.00021000
-0.00000543 -0.09607320 -0.11524528 0.00000000 0.00019800 -0.00021000
-0.00000543 -0.09610025 0.11524253 -0.00000000 0.00019800 0.00021000
-0.00000543 0.09609059 -0.11522413 0.00000000 -0.00019800 -0.00021000
0.00000543 0.09609208 0.11523161 0.00000000 -0.00019800 0.00021000
0.00000543 -0.09610174 -0.11525002 -0.00000000 0.00019800 -0.00021000
0.00000543 -0.09607171 0.11523780 -0.00000000 0.00019800 0.00021000
0.00000543 0.09608137 -0.11521813 -0.00000000 -0.00019800 -0.00021000
-0.00000480 0.11350574 0.11593774 -0.00000000 0.04145400 -0.00293300
-0.00000480 -0.11350596 -0.11591961 0.00000000 -0.04145400 0.00293300
-0.00000480 -0.11351423 0.11592607 -0.00000000 -0.04145400 -0.00293300
-0.00000480 0.11351445 -0.11594418 0.00000000 0.04145400 0.00293300
0.00000480 0.11351352 0.11593989 0.00000000 0.04145400 -0.00293300
0.00000480 -0.11351330 -0.11592179 0.00000000 -0.04145400 0.00293300
0.00000480 -0.11350689 0.11592389 -0.00000000 -0.04145400 -0.00293300
0.00000480 0.11350668 -0.11594203 -0.00000000 0.04145400 0.00293300
-0.00000481 0.08974963 0.11398939 -0.00000000 -0.00014600 0.00023000
-0.00000481 -0.08975876 -0.11396991 -0.00000000 0.00014600 -0.00023000
-0.00000481 -0.08972983 0.11396947 -0.00000000 0.00014600 0.00023000
-0.00000481 0.08973895 -0.11398776 0.00000000 -0.00014600 -0.00023000
0.00000481 0.08973806 0.11398297 0.00000000 -0.00014600 0.00023000
0.00000481 -0.08972893 -0.11396468 0.00000000 0.00014600 -0.00023000
0.00000481 -0.08975966 0.11397469 0.00000000 0.00014600 0.00023000
0.00000481 0.08975053 -0.11399418 -0.00000000 -0.00014600 -0.00023000
-0.00000421 0.10902994 0.11495583 -0.00000000 0.04472800 -0.00246500
-0.00000421 -0.10903015 -0.11495619 0.00000000 -0.04472800 0.00246500
-0.00000421 -0.10905487 0.11496390 -0.00000000 -0.04472800 -0.00246500
-0.00000421 0.10905509 -0.11496351 0.00000000 0.04472800 0.00246500
0.00000421 0.10905495 0.11496284 0.00000000 0.04472800 -0.00246500
0.00000421 -0.10905473 -0.11496323 -0.00000000 -0.04472800 0.00246500
0.00000421 -0.10903029 0.11495686 0.00000000 -0.04472800 -0.00246500
0.00000421 0.10903008 -0.11495650 0.00000000 0.04472800 0.00246500
-0.00000421 0.08338648 0.11257858 0.00000000 -0.00022200 0.00030900
-0.00000421 -0.08338669 -0.11256053 0.00000000 0.00022200 -0.00030900
-0.00000421 -0.08335467 0.11253773 -0.00000000 0.00022200 0.00030900
-0.00000421 0.08335489 -0.11255574 -0.00000000 -0.00022200 -0.00030900
0.00000421 0.08335748 0.11257045 -0.00000000 -0.00022200 0.00030900
0.00000421 -0.08335726 -0.11255243 0.00000000 0.00022200 -0.00030900
0.00000421 -0.08338410 0.11254583 -0.00000000 0.00022200 0.00030900
0.00000421 0.08338388 -0.11256387 -0.00000000 -0.00022200 -0.00030900
-0.00000410 0.10472783 0.11399197 -0.00000000 0.04725400 -0.00202500
-0.00000410 -0.10472762 -0.11399204 0.00000000 -0.04725400 0.00202500
-0.00000410 -0.10471771 0.11400004 -0.00000000 -0.04725400 -0.00202500
-0.00000410 0.10471750 -0.11400000 0.00000000 0.04725400 0.00202500
0.00000410 0.10471520 0.11398850 -0.00000000 0.04725400 -0.00202500
0.00000410 -0.10471541 -0.11398854 -0.00000000 -0.04725400 0.00202500
0.00000410 -0.10472992 0.11400354 0.00000000 -0.04725400 -0.00202500
0.00000410 0.10473013 -0.11400347 0.00000000 0.04725400 0.00202500
-0.00000411 0.07744271 0.11123645 -0.00000000 -0.00021400 0.00025900
-0.00000411 -0.07744282 -0.11123692 -0.00000000 0.00021400 -0.00025900
-0.00000411 -0.07743234 0.11124531 0.00000000 0.00021400 0.00025900
-0.00000411 0.07743244 -0.11124483 0.00000000 -0.00021400 -0.00025900
0.00000411 0.07743051 0.11123307 -0.00000000 -0.00021400 0.00025900
0.00000411 -0.07743040 -0.11123355 -0.00000000 0.00021400 -0.00025900
0.00000411 -0.07744475 0.11124868 0.00000000 0.00021400 0.00025900
0.00000411 0.07744465 -0.11124821 0.00000000 -0.00021400 -0.00025900
-0.00000310 0.10051223 0.11300383 0.00000000 0.05035300 -0.00147400
-0.00000310 -0.10051234 -0.11302134 -0.00000000 -0.05035300 0.00147400
-0.00000310 -0.10051786 0.11303024 -0.00000000 -0.05035300 -0.00147400
-0.00000310 0.10051796 -0.11301273 -0.00000000 0.05035300 0.00147400
0.00000310 0.10051648 0.11300498 -0.00000000 0.05035300 -0.00147400
0.00000310 -0.10051638 -0.11302250 0.00000000 -0.05035300 0.00147400
0.00000310 -0.10051381 0.11302909 0.00000000 -0.05035300 -0.00147400
0.00000310 0.10051371 -0.11301158 -0.00000000 0.05035300 0.00147400
-0.00000311 0.07122024 0.10966048 0.00000000 -0.00019400 0.00026800
-0.00000311 -0.07122003 -0.10967816 -0.00000000 0.00019400 -0.00026800
-0.00000311 -0.07122570 0.10968700 -0.00000000 0.00019400 0.00026800
-0.00000311 0.07122549 -0.10966935 -0.00000000 -0.00019400 -0.00026800
0.00000311 0.07122432 0.10966166 -0.00000000 -0.00019400 0.00026800
0.00000311 -0.07122453 -0.10967931 0.00000000 0.00019400 -0.00026800
0.00000311 -0.07122120 0.10968585 0.00000000 0.00019400 0.00026800
0.00000311 0.07122141 -0.10966817 -0.00000000 -0.00019400 -0.00026800
-0.00000259 0.09637143 0.11202130 -0.00000000 0.05325100 -0.00118500
-0.00000259 -0.09637153 -0.11200469 0.00000000 -0.05325100 0.00118500
-0.00000259 -0.09638987 0.11200053 0.00000000 -0.05325100 -0.00118500
-0.00000259 0.09638997 -0.11201712 0.00000000 0.05325100 0.00118500
0.00000259 0.09639174 0.11202685 -0.00000000 0.05325100 -0.00118500
0.00000259 -0.09639164 -0.11201026 -0.00000000 -0.05325100 0.00118500
0.00000259 -0.09636976 0.11199496 -0.00000000 -0.05325100 -0.00118500
0.00000259 0.09636966 -0.11201157 0.00000000 0.05325100 0.00118500
-0.00000260 0.06526279 0.10824107 0.00000000 -0.00032200 0.00028600
-0.00000260 -0.06527105 -0.10824028 -0.00000000 0.00032200 -0.00028600
-0.00000260 -0.06525776 0.10824380 -0.00000000 0.00032200 0.00028600
-0.00000260 0.06526602 -0.10824351 0.00000000 -0.00032200 -0.00028600
0.00000260 0.06526539 0.10823902 -0.00000000 -0.00032200 0.00028600
0.00000260 -0.06525713 -0.10823930 -0.00000000 0.00032200 -0.00028600
0.00000260 -0.06527168 0.10824478 -0.00000000 0.00032200 0.00028600
0.00000260 0.06526342 -0.10824557 0.00000000 -0.00032200 -0.00028600
-0.00000113 0.07737404 0.10677375 -0.00000000 0.06575600 -0.00051000
-0.00000113 -0.07737396 -0.10677381 0.00000000 -0.06575600 0.00051000
-0.00000113 -0.07737287 0.10677488 0.00000000 -0.06575600 -0.00051000
-0.00000113 0.07737278 -0.10677485 0.00000000 0.06575600 0.00051000
0.00000113 0.07737259 0.10677340 -0.00000000 0.06575600 -0.00051000
0.00000113 -0.07737268 -0.10677344 -0.00000000 -0.06575600 0.00051000
0.00000113 -0.07737415 0.10677525 0.00000000 -0.06575600 -0.00051000
0.00000113 0.07737423 -0.10677520 0.00000000 0.06575600 0.00051000
-0.00000114 0.03872623 0.10163602 0.00000000 -0.00029000 0.00012600
-0.00000114 -0.03872650 -0.10163568 0.00000000 0.00029000 -0.00012600
-0.00000114 -0.03872409 0.10163720 -0.00000000 0.00029000 0.00012600
-0.00000114 0.03872436 -0.10163750 0.00000000 -0.00029000 -0.00012600
0.00000114 0.03872419 0.10163542 0.00000000 -0.00029000 0.00012600
0.00000114 -0.03872392 -0.10163511 0.00000000 0.00029000 -0.00012600
0.00000114 -0.03872666 0.10163776 -0.00000000 0.00029000 0.00012600
0.00000114 0.03872639 -0.10163810 -0.00000000 -0.00029000 -0.00012600
0.00000034 0.01573639 0.09489597 0.00000000 -0.00102400 -0.00018100
0.00000034 -0.01573623 -0.09489577 -0.00000000 0.00102400 0.00018100
0.00000034 -0.01571936 0.09489102 0.00000000 0.00102400 -0.00018100
0.00000034 0.01571920 -0.09489124 0.00000000 -0.00102400 0.00018100
-0.00000034 0.01571921 0.09489191 -0.00000000 -0.00102400 -0.00018100
-0.00000034 -0.01571937 -0.09489169 0.00000000 0.00102400 0.00018100
-0.00000034 -0.01573622 0.09489510 0.00000000 0.00102400 -0.00018100
-0.00000034 0.01573638 -0.09489530 -0.00000000 -0.00102400 0.00018100
0.00000034 0.01587638 0.09493098 -0.00000000 -0.00041600 -0.00009400
0.00000034 -0.01587630 -0.09493074 0.00000000 0.00041600 0.00009400
0.00000034 -0.01585956 0.09492601 -0.00000000 0.00041600 -0.00009400
0.00000034 0.01585948 -0.09492626 -0.00000000 -0.00041600 0.00009400
-0.00000034 0.01585949 0.09492696 -0.00000000 -0.00041600 -0.00009400
-0.00000034 -0.01585957 -0.09492671 0.00000000 0.00041600 0.00009400
-0.00000034 -0.01587629 0.09493003 0.00000000 0.00041600 -0.00009400
-0.00000034 0.01587637 -0.09493028 -0.00000000 -0.00041600 0.00009400
0.00000115 0.04614904 0.09534322 0.00000000 0.08823200 -0.00070100
0.00000115 -0.04614358 -0.09534315 -0.00000000 -0.08823200 0.00070100
0.00000115 -0.04613686 0.09533780 -0.00000000 -0.08823200 -0.00070100
0.00000115 0.04613140 -0.09533865 0.00000000 0.08823200 0.00070100
-0.00000115 0.04613145 0.09534066 -0.00000000 0.08823200 -0.00070100
-0.00000115 -0.04613691 -0.09533981 0.00000000 -0.08823200 0.00070100
-0.00000115 -0.04614354 0.09534114 0.00000000 -0.08823200 -0.00070100
-0.00000115 0.04614899 -0.09534121 -0.00000000 0.08823200 0.00070100
0.00000118 -0.00172148 0.09200255 -0.00000000 0.00015100 -0.00008900
0.00000118 0.00172766 -0.09200287 0.00000000 -0.00015100 0.00008900
0.00000118 0.00173238 0.09199792 0.00000000 -0.00015100 -0.00008900
0.00000118 -0.00173855 -0.09199809 0.00000000 0.00015100 0.00008900
-0.00000118 -0.00173863 0.09200033 -0.00000000 0.00015100 -0.00008900
-0.00000118 0.00173246 -0.09200016 0.00000000 -0.00015100 0.00008900
-0.00000118 0.00172757 0.09200063 -0.00000000 -0.00015100 -0.00008900
-0.00000118 -0.00172140 -0.09200031 -0.00000000 0.00015100 0.00008900
0.00000179 0.03394237 0.09066067 0.00000000 0.10237300 -0.00184600
0.00000179 -0.03393784 -0.09066056 -0.00000000 -0.10237300 0.00184600
0.00000179 -0.03394784 0.09065842 -0.00000000 -0.10237300 -0.00184600
0.00000179 0.03394330 -0.09065888 -0.00000000 0.10237300 0.00184600
-0.00000179 0.03394327 0.09066213 0.00000000 0.10237300 -0.00184600
-0.00000179 -0.03394781 -0.09066167 0.00000000 -0.10237300 0.00184600
-0.00000179 -0.03393787 0.09065731 0.00000000 -0.10237300 -0.00184600
-0.00000179 0.03394241 -0.09065742 0.00000000 0.10237300 0.00184600
0.00000182 -0.01943743 0.08807711 0.00000000 -0.00001500 -0.00035100
0.00000182 0.01943213 -0.08807711 -0.00000000 0.00001500 0.00035100
0.00000182 0.01943236 0.08807473 -0.00000000 0.00001500 -0.00035100
0.00000182 -0.01942706 -0.08807440 0.00000000 -0.00001500 0.00035100
-0.00000182 -0.01942740 0.08807796 -0.00000000 -0.00001500 -0.00035100
-0.00000182 0.01943269 -0.08807829 -0.00000000 0.00001500 0.00035100
-0.00000182 0.01943180 0.08807356 0.00000000 0.00001500 -0.00035100
-0.00000182 -0.01943709 -0.08807355 0.00000000 -0.00001500 0.00035100
0.00000245 0.02391172 0.08688765 -0.00000000 0.11515700 -0.00222600
0.00000245 -0.02391158 -0.08689695 0.00000000 -0.11515700 0.00222600
0.00000245 -0.02391819 0.08690101 -0.00000000 -0.11515700 -0.00222600
0.00000245 0.02391805 -0.08689172 0.00000000 0.11515700 0.00222600
-0.00000245 0.02391819 0.08688921 -0.00000000 0.11515700 -0.00222600
-0.00000245 -0.02391833 -0.08689850 0.00000000 -0.11515700 0.00222600
-0.00000245 -0.02391145 0.08689946 0.00000000 -0.11515700 -0.00222600
-0.00000245 0.02391158 -0.08689016 0.00000000 0.11515700 0.00222600
0.00000254 -0.03470992 0.08197352 -0.00000000 -0.00063400 0.00023700
0.00000254 0.03471412 -0.08198412 0.00000000 0.00063400 -0.00023700
0.00000254 0.03471501 0.08198562 -0.00000000 0.00063400 0.00023700
0.00000254 -0.03471922 -0.08197521 -0.00000000 -0.00063400 -0.00023700
-0.00000254 -0.03471883 0.08197263 -0.00000000 -0.00063400 0.00023700
-0.00000254 0.03471462 -0.08198304 -0.00000000 0.00063400 -0.00023700
-0.00000254 0.03471451 0.08198670 -0.00000000 0.00063400 0.00023700
-0.00000254 -0.03471031 -0.08197609 0.00000000 -0.00063400 -0.00023700
0.00000291 0.01531075 0.08297807 0.00000000 0.12682199 -0.00086800
0.00000291 -0.01530771 -0.08297806 0.00000000 -0.12682199 0.00086800
0.00000291 -0.01531834 0.08297474 -0.00000000 -0.12682199 -0.00086800
0.00000291 0.01531530 -0.08297488 0.00000000 0.12682199 0.00086800
-0.00000291 0.01531481 0.08297982 -0.00000000 0.12682199 -0.00086800
-0.00000291 -0.01531785 -0.08297969 0.00000000 -0.12682199 0.00086800
-0.00000291 -0.01530820 0.08297311 -0.00000000 -0.12682199 -0.00086800
-0.00000291 0.01531123 -0.08297312 -0.00000000 0.12682199 0.00086800
0.00000308 -0.04781423 0.07480401 0.00000000 -0.00058200 0.00059500
0.00000308 0.04781081 -0.07479452 -0.00000000 0.00058200 -0.00059500
0.00000308 0.04780902 0.07479679 -0.00000000 0.00058200 0.00059500
0.00000308 -0.04780559 -0.07480620 -0.00000000 -0.00058200 -0.00059500
-0.00000308 -0.04780537 0.07480513 0.00000000 -0.00058200 0.00059500
-0.00000308 0.04780880 -0.07479572 -0.00000000 0.00058200 -0.00059500
-0.00000308 0.04781103 0.07479559 0.00000000 0.00058200 0.00059500
-0.00000308 -0.04781445 -0.07480508 -0.00000000 -0.00058200 -0.00059500
0.00000318 0.00780786 0.07887651 0.00000000 0.13617501 0.00189000
0.00000318 -0.00780789 -0.07887633 -0.00000000 -0.13617501 -0.00189000
0.00000318 -0.00781413 0.07888316 0.00000000 -0.13617501 0.00189000
0.00000318 0.00781416 -0.07888334 -0.00000000 0.13617501 -0.00189000
-0.00000318 0.00781489 0.07887825 0.00000000 0.13617501 0.00189000
-0.00000318 -0.00781487 -0.07887807 -0.00000000 -0.13617501 -0.00189000
-0.00000318 -0.00780715 0.07888142 0.00000000 -0.13617501 0.00189000
-0.00000318 0.00780713 -0.07888160 -0.00000000 0.13617501 -0.00189000
0.00000347 -0.05884767 0.06809189 0.00000000 -0.00033600 0.00092200
0.00000347 0.05884770 -0.06809192 0.00000000 0.00033600 -0.00092200
0.00000347 0.05885514 0.06809646 -0.00000000 0.00033600 0.00092200
0.00000347 -0.05885517 -0.06809643 0.00000000 -0.00033600 -0.00092200
-0.00000347 -0.05885361 0.06809064 0.00000000 -0.00033600 0.00092200
-0.00000347 0.05885358 -0.06809067 0.00000000 0.00033600 -0.00092200
-0.00000347 0.05884927 0.06809771 -0.00000000 0.00033600 0.00092200
-0.00000347 -0.05884923 -0.06809769 -0.00000000 -0.00033600 -0.00092200
