0.00000000 -0.84972901 -0.50743291 0.00000000 -0.00006500 0.00132200
0.00000000 0.36469602 0.35369654 -0.00000000 -0.00021800 -0.00086700
0.00000000 0.48503298 0.15373636 0.00000000 0.00028400 -0.00045600
0.11932051 -0.18566605 -24.71603899 0.14070800 -0.21861500 -27.17454910
-0.04599524 0.07156989 27.57619817 -0.06561700 0.10234600 29.36259460
-0.07332526 0.11409616 -2.86015917 -0.07509100 0.11626900 -2.18804502
-0.03954162 -0.06637648 -41.95675587 -1.15365899 -1.93667603 -42.04287720
0.01449232 0.02432752 44.85406799 0.71911901 1.20764506 44.94143677
0.02504930 0.04204897 -2.89731212 0.43454000 0.72903001 -2.89856100
-0.01219608 -0.12953320 0.24774804 -0.12351200 -1.31438899 -0.13240500
0.00523780 0.05563004 1.09198115 0.06503000 0.69288999 -3.58526492
0.00695828 0.07390316 -1.33972919 0.05848300 0.62149900 3.71766996
-0.16248988 0.20606823 -36.95901401 -0.47645399 0.60450399 -37.70565033
0.06268030 -0.07949060 40.37494340 0.25189799 -0.31874800 41.60979462
0.09980958 -0.12657763 -3.41592939 0.22455500 -0.28575599 -3.90414405
-0.15942517 -0.00363362 11.95573902 -0.29354101 0.21575300 12.56503105
0.02535306 0.00057785 3.32698973 0.07463000 -0.09110200 5.14905596
0.13407211 0.00305577 -15.28272875 0.21891101 -0.12465100 -17.71408653
-0.09504278 0.01158506 -45.99486663 -1.07941496 -0.10124600 -41.61659622
0.03991741 -0.00486566 48.72361793 0.60859901 0.06657100 48.55450058
0.05512537 -0.00671940 -2.72875130 0.47081599 0.03467400 -6.93790197
-0.02889961 -0.02756787 1.29081889 0.16268100 0.15512300 2.19377398
-0.00591292 -0.00564044 -3.15543253 -0.11368600 -0.10807100 -4.81501389
0.03481253 0.03320831 1.86461363 -0.04899500 -0.04705300 2.62123990
0.31420781 -0.31965841 6.20754353 0.91973197 -0.93501401 7.98593616
-0.06792832 0.06910667 2.06577008 -0.27640101 0.28165999 8.60339737
-0.24627950 0.25055173 -8.27331361 -0.64332998 0.65335298 -16.58933258
-0.01416135 -0.01756904 0.32845919 -0.14056399 -0.18762299 0.55061197
0.01170611 0.01452298 -1.32633246 0.08291400 0.10991700 -3.17090702
0.00245524 0.00304606 0.99787328 0.05765000 0.07770600 2.62029505
0.00703389 0.08860158 -71.46022887 0.10196100 1.28345895 -68.79463959
-0.00303903 -0.03828075 72.71132775 -0.05700800 -0.71855497 71.48336792
-0.00399486 -0.05032083 -1.25109889 -0.04495300 -0.56490397 -2.68873191
0.94591639 -0.47187991 13.21935223 1.69168901 -0.84311599 13.55011177
-0.04198474 0.02094451 26.07783212 -0.37674201 0.18827100 28.39035606
-0.90393164 0.45093540 -39.29718436 -1.31494701 0.65484500 -41.94046783
1.91759019 1.07824659 1.48839304 3.72313809 2.09355807 2.72035408
0.46248867 0.26005392 -3.42951489 0.08731000 0.04910500 -5.02992821
-2.38007886 -1.33830051 1.94112185 -3.81044793 -2.14266300 2.30957508
0.21893225 0.34000788 -14.35080832 0.25487500 0.39579400 -13.89231396
2.57596968 4.00055258 19.83129028 4.07743788 6.33244324 22.52988434
-2.79490194 -4.34056046 -5.48048196 -4.33231306 -6.72823715 -8.63757133
-0.91617482 -0.98978201 -45.61196507 0.67813498 0.73274601 -41.42261124
0.49503998 0.53481241 45.38232260 -0.21322300 -0.23020101 41.29223251
0.42113484 0.45496960 0.22964248 -0.46491200 -0.50254500 0.13038100
-0.07666455 1.77335938 0.34521049 -0.14846800 3.43656993 -0.41970700
0.03251429 -0.75210152 1.68771018 0.08533100 -1.97674894 -1.23658800
0.04415026 -1.02125786 -2.03292067 0.06313700 -1.45982099 1.65629601
1.72154080 -0.39801850 -41.14674578 5.76354885 -1.33236396 -37.04854965
-3.89156324 0.89972551 44.24393308 -7.02351713 1.62402797 42.22001648
2.17002244 -0.50170701 -3.09718730 1.25996804 -0.29166400 -5.17146587
0.15533483 -4.62024701 -2.22149157 0.06101900 -1.80819094 -1.81876302
-0.08158076 2.42652111 1.34551445 -0.04173200 1.24801302 0.53516901
-0.07375407 2.19372589 0.87597711 -0.01928700 0.56017798 1.28359401
0.38866138 -1.19793767 1.61817502 -0.03450400 0.10662300 2.84767890
-0.17831712 0.54961158 -2.00119142 -0.05035100 0.15567000 -3.21147299
-0.21034426 0.64832610 0.38301639 0.08485500 -0.26229301 0.36379501
-1.17332524 4.18032146 -79.39122945 -0.52991301 1.88864803 -65.21028137
0.45548296 -1.62279404 79.65695454 -0.00093900 0.00427400 66.42614746
0.71784228 -2.55752743 -0.26572509 0.53085297 -1.89292204 -1.21586394
18.44892396 47.14178925 50.64377246 16.43699265 42.00181580 42.96295166
-0.67616823 -1.72778534 2.52843067 -0.99406898 -2.54016805 0.62399000
-17.77275572 -45.41400390 -53.17220313 -15.44292545 -39.46164703 -43.58694077
-17.49831734 -23.37668214 44.78094280 -19.75087547 -26.38584518 36.77224350
-0.23476605 -0.31363309 26.33473818 1.52496195 2.03731489 27.69441032
17.73308339 23.69031524 -71.11568097 18.22591400 24.34853172 -64.46665192
0.96880013 0.36808514 -31.27133500 1.46211505 0.55555999 -28.82243729
-4.96013751 -1.88455065 36.55877384 -8.28202629 -3.14677095 37.68428421
3.99133738 1.51646551 -5.28743885 6.81991005 2.59121108 -8.86184692
18.53461433 -14.73687283 1.61172663 16.70294571 -13.28023911 1.58362401
-2.68544889 2.13520055 13.16874167 -2.30194497 1.83058095 12.11089039
-15.84916544 12.60167227 -14.78046830 -14.40100002 11.44965839 -13.69451427
-1.98150540 3.76612988 -4.50319905 -1.25475299 2.38529396 -6.23536205
0.97860146 -1.85996980 4.98959560 0.83032602 -1.57794404 4.82045317
1.00290394 -1.90616008 -0.48639654 0.42442700 -0.80734998 1.41490805
1.70610912 -0.31115620 -8.86580005 4.94932318 -0.90256298 -12.27671909
-0.84943828 0.15491857 9.25658225 -2.14647698 0.39149901 16.43432045
-0.85667083 0.15623763 -0.39078220 -2.80284595 0.51106399 -4.15760183
0.41947960 -0.60472338 1.06365134 1.07009006 -1.54261601 2.09319592
-0.20457030 0.29490932 -0.75116489 -0.70134997 1.01099598 -3.27576900
-0.21490930 0.30981406 -0.31248645 -0.36873999 0.53162003 1.18257296
-3.66255511 11.76477078 -83.00330928 -3.02198696 9.70814323 -66.84451294
-2.04730650 6.57630834 92.53188453 -5.13298988 16.48838806 86.74324799
5.70986161 -18.34107913 -9.52857525 8.15497684 -26.19653130 -19.89872932
0.29024382 -0.45030657 2.64304826 -0.19971500 0.31028599 3.23109293
0.09301161 -0.14430536 -2.18024080 0.39199299 -0.60763699 -2.11003304
-0.38325543 0.59461193 -0.46280746 -0.19227800 0.29735100 -1.12105894
1.53425552 2.39749920 3.05149784 0.78322297 1.22391498 4.92114115
0.12416320 0.19402321 -4.78951852 0.24182101 0.37804300 -6.30178213
-1.65841873 -2.59152241 1.73802068 -1.02504396 -1.60195804 1.38064098
0.57194911 0.20992891 -24.79358948 1.90800798 0.70033997 -24.49615479
0.38920092 0.14285279 24.00334808 -0.24765700 -0.09090400 23.82584953
-0.96115003 -0.35278171 0.79024140 -1.66035104 -0.60943699 0.67030501
1.46665380 0.73584888 -2.00389424 2.23321104 1.12056804 -1.45803106
0.31119532 0.15613277 0.80818246 -0.12053000 -0.06040000 0.49871999
-1.77784912 -0.89198165 1.19571178 -2.11268091 -1.06016803 0.95931101
-12.10880403 11.50420677 4.89989291 -10.98999691 10.44156933 8.01066780
-1.50620389 1.43099855 1.10840456 -2.79368401 2.65432191 0.49802801
13.61500792 -12.93520532 -6.00829746 13.78368092 -13.09589100 -8.50869560
3.15342009 -3.59456559 -11.53565971 2.98795009 -3.40580392 -12.39523411
-1.88710893 2.15110472 10.25305579 -2.12530994 2.42256498 9.92922974
-1.26631116 1.44346087 1.28260392 -0.86264002 0.98323900 2.46600389
2.14865175 -1.98236786 1.86416605 1.77834499 -1.64065695 1.20597100
-0.93003713 0.85806168 -1.02956497 -0.50754201 0.46845999 -0.80664498
-1.21861461 1.12430618 -0.83460109 -1.27080297 1.17219698 -0.39932701
-1.21669258 1.94558377 0.41902637 -1.31972301 2.11042809 -0.79387301
-0.07402336 0.11836897 -3.65033633 -0.30943701 0.49510801 -3.94610500
1.29071594 -2.06395274 3.23130996 1.62916005 -2.60553598 4.73997784
-3.07823369 1.67210711 2.99901755 -1.94424200 1.05628502 5.25718212
-1.69346004 0.91989331 0.54043602 -2.92663693 1.58986497 -0.02436300
4.77169372 -2.59200041 -3.53945357 4.87087917 -2.64615011 -5.23281908
-0.21857126 -0.95499146 -14.35643577 -0.54953498 -2.40110898 -14.50962734
-0.05605290 -0.24490886 13.59678316 0.09330100 0.40769100 13.88380718
0.27462415 1.19990032 0.75965261 0.45623299 1.99341798 0.62581998
-0.30700528 -1.08420227 -36.72445089 -1.08254695 -3.82354808 -35.06463623
0.25776252 0.91029938 37.28905158 0.69608003 2.45797491 36.31932449
0.04924275 0.17390290 -0.56460069 0.38646701 1.36557305 -1.25469005
2.39394618 2.03266722 1.70403202 1.88609695 1.60130894 2.52713799
-0.84569460 -0.71806781 -1.89166038 -0.77422398 -0.65754902 -3.00191903
-1.54825158 -1.31459941 0.18762836 -1.11187196 -0.94375902 0.47478199
8.02693564 -18.79979044 8.49423325 8.44363689 -19.77573586 7.19456196
-1.11635578 2.61460359 8.40104419 -1.54549205 3.61954188 7.70927382
-6.91057986 16.18518685 -16.89527745 -6.89814615 16.15619278 -14.90383720
1.57872523 1.59908898 -0.82868803 1.47377396 1.49272001 -0.63441402
-0.69535319 -0.70432245 0.93138828 -0.98652500 -0.99930400 -2.01686502
-0.88337204 -0.89476653 -0.10270025 -0.48724899 -0.49341601 2.65127802
-1.06560866 3.01358928 2.74787241 -1.35488105 3.83188391 3.73118401
-0.00155635 0.00440142 -3.84278913 0.14325100 -0.40499800 -4.55862188
1.06716501 -3.01799071 1.09491672 1.21162999 -3.42688608 0.82743901
-1.09910603 -2.21772881 1.82328434 -1.38213801 -2.78881502 2.93836308
-0.09003721 -0.18167320 -3.06868911 0.09510500 0.19207101 -3.89930105
1.18914323 2.39940201 1.24540477 1.28703296 2.59674406 0.96093798
-0.04134906 -0.34904710 1.95754456 -0.19791000 -1.67284203 3.35532403
0.02389235 0.20168669 -2.05431139 0.12765799 1.07536697 -4.77058506
0.01745671 0.14736041 0.09676682 0.07025200 0.59747499 1.41526103
12.09038815 3.34606838 16.98208669 15.61137199 4.32061911 17.90522575
-1.21494102 -0.33624030 2.19094082 -2.69677305 -0.74641103 0.46187499
-10.87544714 -3.00982808 -19.17302751 -12.91459942 -3.57420802 -18.36710167
4.50673215 40.06131665 38.23363625 4.15449381 36.92752075 34.23838043
-0.21079503 -1.87380262 2.01146456 -0.28555799 -2.53991389 0.04472500
-4.29593712 -38.18751403 -40.24510081 -3.86893606 -34.38760757 -34.28310776
-1.94192020 -0.37691284 2.04058501 -1.62841105 -0.31584901 1.88946903
0.58422626 0.11339414 -2.10446336 0.56213599 0.10922200 -2.11241293
1.35769394 0.26351869 0.06387835 1.06627500 0.20662700 0.22294401
0.99436820 4.55947591 -31.75214115 0.81930602 3.75697708 -30.79244232
-0.58262241 -2.67149820 30.93586486 -0.62374902 -2.85969591 28.74919510
-0.41174579 -1.88797771 0.81627629 -0.19555700 -0.89728099 2.04324603
0.11109161 -1.08769025 -1.25594024 -0.01066200 0.10476800 -0.76177901
-0.15357330 1.50362551 -0.87708954 -0.13211501 1.29319203 -1.86949301
0.04248169 -0.41593526 2.13302978 0.14277700 -1.39795995 2.63127303
3.19599788 3.06865350 3.57200322 2.58291292 2.48000789 5.39882088
0.57531075 0.55238752 -0.98466708 1.13627398 1.09101796 -1.79110396
-3.77130863 -3.62104102 -2.58733614 -3.71918702 -3.57102609 -3.60771704
-1.36388555 2.69504773 -0.72550373 -0.74135602 1.46495998 -0.32770199
0.67445409 -1.33272617 0.37301288 0.63618100 -1.25698996 -2.38685894
0.68943146 -1.36232155 0.35249084 0.10517500 -0.20796999 2.71456099
44.01664280 -20.69389532 31.27386278 37.65642548 -17.70390892 28.99206161
-1.03858321 0.48827741 0.59902696 -0.71989202 0.33838701 -1.23813796
-42.97805959 20.20561791 -31.87288974 -36.93653488 17.36552048 -27.75392342
-0.30594087 31.49765622 23.11969267 -0.28725699 29.56658363 23.56433105
0.01258173 -1.29533164 0.18830948 0.01247600 -1.28854799 -1.89528298
0.29335915 -30.20232458 -23.30800215 0.27478099 -28.27803421 -21.66904640
-4.34212019 -0.26643680 -9.16674920 -3.84037089 -0.23560899 -9.81119823
2.74262833 0.16829039 7.56233425 2.91568708 0.17891499 7.23762608
1.59949186 0.09814641 1.60441495 0.92468399 0.05669400 2.57357097
0.95747860 10.07365310 4.84760834 1.01517105 10.67974663 5.66237402
-0.22125765 -2.32785649 0.37514911 -0.25944600 -2.73043799 -0.98482102
-0.73622096 -7.74579661 -5.22275745 -0.75572503 -7.94930887 -4.67755318
-0.61587961 -1.00350027 -26.24292042 -3.61337090 -5.88762808 -28.41023064
0.13391835 0.21820352 29.02665311 1.44866097 2.36033511 35.26428986
0.48196127 0.78529676 -2.78373269 2.16471004 3.52729297 -6.85405684
2.88822773 -1.08878292 -17.62078193 4.88657618 -1.84189999 -19.14849854
-1.35843729 0.51209373 18.78768332 -2.75374293 1.03817904 19.39356422
-1.52979044 0.57668919 -1.16690138 -2.13283300 0.80372101 -0.24506600
-4.57620894 0.77344667 -44.75510882 -2.71113896 0.45831999 -39.57717133
0.59033768 -0.09977576 46.34967375 -1.42404306 0.24078301 43.07204819
3.98587126 -0.67367091 -1.59456493 4.13518190 -0.69910300 -3.49487710
-0.58137385 3.46092427 2.21870501 -0.53864598 3.20782208 2.71010208
0.15539395 -0.92506174 -1.79777235 0.15931800 -0.94753402 -2.54314494
0.42597990 -2.53586253 -0.42093266 0.37932801 -2.26028895 -0.16695701
32.92215316 -52.56798664 -12.24068775 26.89222908 -42.93878174 -11.27898407
0.51360620 -0.82009349 42.01136760 3.57803702 -5.71301508 45.24871826
-33.43575936 53.38808013 -29.77067984 -30.47026634 48.65179443 -33.96973801
-0.18160562 4.78399522 2.46757523 -0.12851401 3.38960695 5.04197884
-0.13506145 3.55789290 2.75406487 -0.22317600 5.88228607 2.96947908
0.31666707 -8.34188812 -5.22164010 0.35168999 -9.27189255 -8.01145840
1.44047121 0.00744666 -0.12959451 3.48335791 0.01811500 0.90578598
0.52305461 0.00270398 -1.37654776 -0.01107700 -0.00009300 -2.63605690
-1.96352582 -0.01015064 1.50614227 -3.47228193 -0.01802200 1.73027205
-0.19101543 1.14477372 -10.05479788 -0.51323700 3.07628894 -9.96601963
0.01958954 -0.11740198 9.68979172 0.13679700 -0.82005203 9.64812183
0.17142589 -1.02737174 0.36500616 0.37643999 -2.25623703 0.31789801
1.31265533 5.01198627 -1.46448533 1.25985003 4.81025219 -1.31454003
0.05104528 0.19490130 4.35973238 0.21875800 0.83525997 5.18934107
-1.36370061 -5.20688757 -2.89524705 -1.47860897 -5.64551210 -3.87480092
26.00020496 14.84189066 18.96457456 23.66373062 13.50803089 18.97956276
-1.27286294 -0.72659783 0.32886266 -0.99990797 -0.57103002 -0.95544797
-24.72734201 -14.11529283 -19.29343722 -22.66382217 -12.93700027 -18.02411652
-0.58529465 -0.83101883 1.50962181 -1.19998097 -1.70361495 1.44995105
-0.19296459 -0.27397689 -2.63140513 -0.04509900 -0.06373500 -2.59215808
0.77825924 1.10499572 1.12178332 1.24507999 1.76734900 1.14220595
-0.53300956 1.98989734 0.59579191 -0.41831401 1.56158900 1.08807600
-0.11811818 0.44097342 1.06650980 -0.23154201 0.86457002 1.07386398
0.65112774 -2.43087076 -1.66230171 0.64985597 -2.42615891 -2.16194010
0.89750492 -1.19058458 -3.92931434 2.26972294 -3.01070404 -3.02424002
-2.36173486 3.13295787 7.90886554 -3.80260801 5.04464102 9.22016335
1.46422994 -1.94237329 -3.97955120 1.53288496 -2.03393698 -6.19592285
0.62555594 -0.45606613 -0.07674973 0.97597098 -0.71126997 -1.15292394
0.46461257 -0.33872919 -2.03211229 0.74492103 -0.54273897 -2.19912195
-1.09016851 0.79479532 2.10886201 -1.72089195 1.25400996 3.35204601
0.04300122 -0.31836743 1.12472725 0.07575300 -0.56031501 2.20976901
-0.07706804 0.57058741 -2.44186459 -0.14589299 1.08106506 -4.77213478
0.03406682 -0.25221999 1.31713734 0.07014100 -0.52074999 2.56236601
1.16608698 -2.97132405 0.12073734 1.63733304 -4.17203379 -1.91453695
0.12086302 -0.30797292 -3.08193303 0.16707700 -0.42534599 -2.22733307
-1.28695000 3.27929697 2.96119569 -1.80441105 4.59737921 4.14187002
31.82767082 -10.41730061 22.97190071 29.62599373 -9.69653511 21.57381439
-2.50153619 0.81876096 3.67105629 -2.55276394 0.83543003 2.54781103
-29.32613463 9.59853964 -26.64295700 -27.07323074 8.86110497 -24.12162590
-1.91480548 -2.58907423 -0.52216819 -2.06632900 -2.79402089 -1.07090998
0.82267978 1.11237357 2.38233683 1.14358199 1.54628897 -0.42187500
1.09212570 1.47670065 -1.86016864 0.92274803 1.24773097 1.49278498
2.73924045 1.98108460 2.99625859 3.42601800 2.47783995 3.97673702
-0.08691042 -0.06285571 -3.91187937 -0.46238101 -0.33437201 -4.57230091
-2.65233003 -1.91822889 0.91562078 -2.96363711 -2.14346790 0.59556401
2.11024689 -2.51585306 2.37259824 2.92535901 -3.48759699 3.53187203
-0.46025457 0.54871914 -2.31429482 -0.94437301 1.12611997 -2.91235805
-1.64999232 1.96713391 -0.05830342 -1.98098600 2.36147690 -0.61951500
0.00273894 -0.01684234 0.94379335 -0.03801100 0.23361900 1.63129997
0.07373832 -0.45343267 -2.62210733 0.16954000 -1.04254198 -5.01136208
-0.07647726 0.47027500 1.67831397 -0.13152900 0.80892301 3.38006210
-1.36744820 -2.92073876 1.41099443 -1.88331294 -4.02278709 1.40933001
-0.09434796 -0.20151824 -3.15060501 0.01233500 0.02649600 -3.23344803
1.46179616 3.12225700 1.73961058 1.87097800 3.99629092 1.82411695
0.02877975 -0.29044701 -28.93528092 0.23710901 -2.39144492 -28.00764847
0.03611099 -0.36443436 28.34995621 -0.04325600 0.43781900 27.37186432
-0.06489073 0.65488137 0.58532471 -0.19385301 1.95362604 0.63578498
1.58150189 -1.89537970 1.63628581 1.26849401 -1.51996100 3.40666890
0.15313448 -0.18352681 -4.24113735 0.29567400 -0.35387900 -6.06826782
-1.73463638 2.07890651 2.60485154 -1.56416798 1.87383997 2.66159892
-30.14205862 20.49362743 23.96232030 -27.63416481 18.78845787 24.31739044
0.72964592 -0.49608727 -0.24773305 0.57347798 -0.38996500 -2.26559711
29.41241270 -19.99754016 -23.71458725 27.06068611 -18.39849281 -22.05179405
-53.62100937 8.98521976 30.31116762 -44.66349030 7.48433018 26.52651978
2.01275146 -0.33727478 4.24566081 0.87417102 -0.14636000 4.18562222
51.60825791 -8.64794498 -34.55682843 43.78931808 -7.33796978 -30.71214294
0.61212816 -2.08888223 -26.52686635 0.88703197 -3.02644300 -27.57450294
-0.38390106 1.31005915 26.19205522 -0.67337000 2.29852605 26.16047668
-0.22822710 0.77882308 0.33481113 -0.21366200 0.72791702 1.41402602
68.34526769 -77.79806467 -179.35993606 65.88191986 -74.99265289 -172.89666748
68.34550646 -77.79833647 179.36001593 65.88191986 -74.99265289 172.89666748
-136.69077415 155.59640115 -0.00007987 -131.76383972 149.98530579 0.00000000
-15.72426630 -111.73657233 -134.47009630 -16.83756256 -119.64982605 -143.99940491
-2.65846095 -18.89101268 130.58115144 -1.67788196 -11.92312622 132.79748535
18.38272725 130.62758501 3.88894486 18.51544571 131.57295227 11.20191860
-17.15157632 -106.58913795 -90.58620020 -13.53697205 -84.12727356 -71.50025177
-1.36357126 -8.47396663 119.85164955 -5.05675411 -31.42701530 124.46060181
18.51514758 115.06310458 -29.26544935 18.59372520 115.55429077 -52.96034241
31.88212487 -94.66750741 -57.66987426 26.25714302 -77.96292114 -47.49656677
0.30546255 -0.90700911 117.00059106 2.85245204 -8.46905804 110.47094727
-32.18758741 95.57451653 -59.33071680 -29.10959435 86.43197632 -62.97438431
62.50265786 -45.40992650 -28.11378693 57.94651031 -42.09978867 -26.06985664
-1.95328421 1.41911553 113.55236116 -2.36764693 1.72032702 103.38806152
-60.54937364 43.99081097 -85.43857423 -55.57886505 40.37945938 -77.31820679
3.36728181 -38.60663283 -6.83364574 3.45530605 -39.60750961 -7.01137018
0.00619933 -0.07107666 113.71116764 -0.22151200 2.54327011 101.76994324
-3.37348113 38.67770948 -106.87752189 -3.23379397 37.06423950 -94.75857544
0.00000000 0.00000000 -0.00000000 0.00000000 -0.00000000 -0.00000000
0.00000000 0.00000000 113.14530320 0.00000000 0.00000000 101.15904236
0.00000000 0.00000000 -113.14530320 -0.00000000 -0.00000000 -101.15904236
42.59393269 -21.16830483 -82.38256594 48.66179657 -24.18378639 -94.11950684
42.59375692 -21.16821748 82.38250585 48.66179657 -24.18378639 94.11950684
-85.18768960 42.33652232 0.00006009 -97.32358551 48.36757278 0.00000000
42.11409324 -18.24802504 -54.69660149 60.88594437 -26.38170052 -79.08010864
8.63749195 -3.74262289 54.50261100 2.95770788 -1.28166103 70.08472443
-50.75158519 21.99064793 0.19399049 -63.84365082 27.66336250 8.99538422
23.21086953 -39.75333259 -38.62350519 19.28392220 -33.02730179 -32.09157944
3.55483189 -6.08837228 55.14247708 9.78487492 -16.75856590 61.96239471
-26.76570142 45.84170487 -16.51897189 -29.06879807 49.78586578 -29.87081528
36.56901584 -30.63632797 -27.54246366 30.95386314 -25.93178940 -23.31421471
-0.89577786 0.75045345 53.06158764 2.78956699 -2.33681607 52.93048477
-35.67323798 29.88587452 -25.51912398 -33.74343109 28.26860428 -29.61626816
-6.41808765 -35.85896302 -13.25495415 -6.98963881 -39.05291367 -14.44043159
0.38492865 2.15066280 50.66617130 0.77050400 4.30487919 49.70612335
6.03315900 33.70830022 -37.41121715 6.21913481 34.74803162 -35.26568985
2.54789456 -17.38878274 -3.09891507 3.36488509 -22.96100044 -4.09245396
0.03052809 -0.20834706 52.57831300 -0.41946900 2.86139107 51.44953156
-2.57842265 17.59712980 -49.47939793 -2.94541597 20.09960938 -47.35707855
0.00000000 0.00000000 -0.00000000 0.00000000 -0.00000000 -0.00000000
0.00000000 0.00000000 52.44507993 -0.00000000 0.00000000 51.89122772
0.00000000 0.00000000 -52.44507993 -0.00000000 0.00000000 -51.89122772
-0.34319885 -18.10654520 -31.36617406 -0.54438198 -28.72035027 -49.75422668
-0.34319885 -18.10654520 31.36617406 -0.54438198 -28.72035027 49.75422668
0.68639771 36.21309040 0.00000000 1.08876503 57.44070053 -0.00000000
0.79916367 -16.00059143 -19.09216524 1.61996698 -32.43214417 -38.69954681
0.42490227 -8.50725309 23.41460915 0.20108800 -4.02863789 36.35783768
-1.22406594 24.50784452 -4.32244391 -1.82105505 36.46078110 2.34171009
-1.74673398 -14.82265770 -12.52259994 -1.65710604 -14.06197929 -11.88154984
-0.71753558 -6.08895482 22.46115872 -1.37736595 -11.68790722 28.40324211
2.46426956 20.91161252 -9.93855878 3.03447199 25.74988556 -16.52169418
-16.98105293 -13.75076421 -12.61531124 -13.99753284 -11.33474541 -10.39920521
1.17326645 0.95007715 22.61576175 -0.90745997 -0.73465002 22.82003212
15.80778648 12.80068706 -10.00045051 14.90499401 12.06939411 -12.42082787
-14.42471285 -13.30081353 -7.14104859 -15.74636364 -14.51941681 -7.79605722
2.08704508 1.92443328 22.72475054 3.11106610 2.86900806 21.69457436
12.33766777 11.37638026 -15.58370194 12.63529873 11.65040874 -13.89851761
4.47338608 -4.02723040 -1.06155331 9.70254135 -8.73428726 -2.30220389
0.26957707 -0.24269065 19.65607272 -1.88314700 1.69545197 23.80142403
-4.74296315 4.26992106 -18.59451941 -7.81939316 7.03883505 -21.49921989
0.00000000 0.00000000 -0.00000000 -0.00000000 -0.00000000 0.00000000
0.00000000 0.00000000 19.28279481 0.00000000 0.00000000 24.19654083
0.00000000 0.00000000 -19.28279481 0.00000000 -0.00000000 -24.19654083
-3.95868108 -5.01933233 -17.56322522 -6.91404915 -8.76667976 -30.67631149
-109.07424291 -138.29855516 74.05457390 -110.51913452 -140.13197327 82.32795715
113.03292399 143.31788749 -56.49134868 117.43318176 148.89865112 -51.65164185
-5.50874584 -5.07560622 -12.97386613 -10.56382370 -9.73303795 -24.87999916
-5.50874584 -5.07560622 12.97386613 -10.56382370 -9.73303795 24.87999916
11.01749167 10.15121244 -0.00000000 21.12764740 19.46607780 0.00000000
-4.31431138 -1.66629001 -5.51105628 -8.50897980 -3.28612900 -10.87123489
-6.97512347 -2.69395914 10.96981186 -10.25464344 -3.96029902 18.48673058
11.28943486 4.36024916 -5.45875558 18.76362228 7.24642801 -7.61549616
-2.35170810 -0.65865445 -2.04939442 -2.17592406 -0.60934299 -1.89667702
-4.46688877 -1.25106350 8.00827525 -6.91117477 -1.93553901 10.84822845
6.81859687 1.90971795 -5.95888083 9.08709908 2.54488111 -8.95155144
1.29933726 -6.90512598 -4.05630531 1.17025900 -6.21807098 -3.65333390
-0.12719132 0.67593851 6.92165446 0.01799300 -0.09506500 7.47378588
-1.17214594 6.22918747 -2.86534915 -1.18825305 6.31313515 -3.82045102
1.21152153 -10.97801684 -4.01947122 1.21714997 -11.02670765 -4.03809786
-0.37439721 3.39254300 7.80441401 -0.39465901 3.57711291 7.37293482
-0.83712432 7.58547384 -3.78494280 -0.82249099 7.44959497 -3.33483696
3.53130434 -2.63194465 -0.77674601 5.84827709 -4.35843277 -1.28642595
-1.17601569 0.87650565 4.55906661 -1.74355996 1.29963601 8.99421978
-2.35528865 1.75543900 -3.78232060 -4.10471678 3.05879688 -7.70779419
0.00000000 0.00000000 -0.00000000 -0.00000000 -0.00000000 -0.00000000
0.00000000 0.00000000 2.49263053 -0.00000000 0.00000000 9.07883453
0.00000000 0.00000000 -2.49263053 0.00000000 0.00000000 -9.07883453
0.43256294 -3.31237347 -9.17810155 0.73009503 -5.59076691 -15.49192142
14.26342823 -109.22295165 45.28879327 14.94853210 -114.46609497 50.78850555
-14.69599117 112.53532512 -36.11069172 -15.67862701 120.05686188 -35.29658508
-2.83435738 -3.03571868 -7.19364679 -4.37272596 -4.68326712 -11.09860611
-2.83435738 -3.03571868 7.19364679 -4.37272596 -4.68326712 11.09860611
5.66871476 6.07143736 -0.00000000 8.74545288 9.36653423 0.00000000
-0.55464529 -0.02267508 -0.66137309 -1.66490304 -0.06813400 -1.98620796
-6.16310145 -0.25196067 5.73928882 -6.56435919 -0.26839700 7.20525217
6.71774674 0.27463574 -5.07791574 8.22926235 0.33653101 -5.21904421
0.41979270 0.76260874 0.73058224 1.59042704 2.88919091 2.76706409
-1.25704448 -2.28358690 2.22249516 -2.13841391 -3.88470507 1.93645501
0.83725178 1.52097816 -2.95307740 0.54798800 0.99551398 -4.70351887
-0.40237781 -1.15235747 -0.70458977 -0.13410200 -0.38424501 -0.23523900
0.21526756 0.61649817 0.27826405 0.10025000 0.28697801 -0.05569900
0.18711025 0.53585930 0.42632571 0.03385300 0.09726800 0.29093799
2.86315030 -4.77956988 -2.02785268 2.72946095 -4.55603600 -1.93329501
-1.40722294 2.34913284 1.14411252 -1.48805296 2.48458290 0.30645299
-1.45592736 2.43043704 0.88374016 -1.24140799 2.07145309 1.62684202
4.74987007 -1.54143576 -0.88037307 4.03265381 -1.30826998 -0.74771798
-2.02611901 0.65751952 2.51987468 -1.82695901 0.59331501 1.50092399
-2.72375105 0.88391623 -1.63950161 -2.20569491 0.71495402 -0.75320601
0.00000000 0.00000000 -0.00000000 0.00000000 -0.00000000 -0.00000000
0.00000000 0.00000000 2.59672046 0.00000000 0.00000000 1.25797498
0.00000000 0.00000000 -2.59672046 -0.00000000 0.00000000 -1.25797498
1.94121144 -2.23393954 -8.13145157 4.17788601 -4.80778408 -17.49905205
41.26531352 -47.48798283 27.50294518 42.02850723 -48.36527252 33.22966385
-43.20652496 49.72192238 -19.37149361 -46.20639420 53.17305756 -15.73061180
-2.07394575 -1.51708309 -4.45064213 -1.55921495 -1.14031398 -3.34614396
-2.07393895 -1.51707811 4.45063521 -1.55921495 -1.14031398 3.34614396
4.14788470 3.03416120 0.00000691 3.11842895 2.28062892 -0.00000000
1.77600805 1.34346320 2.65392341 1.71189106 1.29512501 2.55794501
-3.59708177 -2.72101638 1.52335312 -3.04147911 -2.30059004 1.02069104
1.82107372 1.37755318 -4.17727653 1.32958901 1.00546396 -3.57863593
-2.46541854 1.36403593 2.36429413 -0.69878298 0.38672900 0.67012697
1.26237637 -0.69843181 -1.14175532 -0.25202999 0.13967200 -1.15447605
1.20304217 -0.66560412 -1.22253880 0.95081300 -0.52640098 0.48434800
-0.69410189 0.39597927 0.46135437 -2.24659705 1.28184998 1.49329102
-0.69388877 0.39585769 -2.30639208 -0.35124001 0.20067200 -3.68735695
1.38799066 -0.79183696 1.84503770 2.59783697 -1.48252201 2.19406605
1.91393788 -0.97905831 -0.78244667 1.72894001 -0.88431400 -0.70693702
-1.42750423 0.73022740 -1.06091599 -2.00100207 1.02381206 -3.15483403
-0.48643365 0.24883091 1.84336266 0.27206200 -0.13949800 3.86177111
-3.07631953 -0.67921092 -0.55550928 -2.48006201 -0.54762298 -0.44794101
1.37983245 0.30464887 1.19727973 1.63511097 0.36094800 -2.07032108
1.69648708 0.37456205 -0.64177045 0.84495097 0.18667500 2.51826191
0.00000000 0.00000000 0.00000000 -0.00000000 0.00000000 0.00000000
0.00000000 0.00000000 2.14332651 0.00000000 -0.00000000 -2.63381410
0.00000000 0.00000000 -2.14332651 -0.00000000 -0.00000000 2.63381410
-1.73023033 -2.47651311 -8.30052388 -3.17642903 -4.54694414 -15.23925495
-18.44117530 -26.39522126 16.41973249 -18.59818077 -26.62006378 20.44828987
20.17140563 28.87173437 -8.11920862 21.77460861 31.16700745 -5.20903301
-0.42037070 -0.96207553 -1.81845557 0.26032701 0.59583199 1.12628496
-0.42037489 -0.96208511 1.81846239 0.26032701 0.59583199 -1.12628496
0.84074559 1.92416063 -0.00000682 -0.52065402 -1.19166398 0.00000000
0.87996473 3.97066435 4.84682253 0.88664699 3.99961996 4.88200092
-0.61681295 -2.78324472 -1.73759819 -0.46207801 -2.08604503 -2.36680508
-0.26315178 -1.18741963 -3.10922434 -0.42456901 -1.91357398 -2.51519608
-1.12864828 4.19422976 3.64455102 -0.81058502 3.01214910 2.61733103
0.20856553 -0.77506144 -3.45388250 -0.10286500 0.38200399 -3.63887501
0.92008275 -3.41916832 -0.19066852 0.91345000 -3.39415312 1.02154398
0.50470044 2.18232460 1.29322353 0.92286003 3.99056602 2.36470199
0.13691846 0.59203539 -3.63894308 0.08717200 0.37751901 -5.40023899
-0.64161890 -2.77435998 2.34571955 -1.01003301 -4.36808491 3.03553700
0.07128095 0.24764910 0.09377406 0.35561001 1.23454201 0.46749300
0.20772321 0.72168603 -2.46422551 0.21303400 0.73947001 -4.11213779
-0.27900416 -0.96933513 2.37045145 -0.56864297 -1.97401202 3.64464498
-0.62431642 -0.70145104 -0.16561877 -0.86897701 -0.97629201 -0.23051600
0.41393641 0.46507847 -0.78536254 0.88121098 0.99014801 -3.69567895
0.21038001 0.23637257 0.95098131 -0.01223400 -0.01385700 3.92619491
0.00000000 0.00000000 0.00000000 -0.00000000 -0.00000000 -0.00000000
0.00000000 0.00000000 0.13815548 0.00000000 0.00000000 -1.81795502
0.00000000 0.00000000 -0.13815548 0.00000000 0.00000000 1.81795502
-1.55088015 -2.01409364 -6.98437922 -1.96726894 -2.55460191 -8.85914230
-9.80770908 -12.73705416 9.80604030 -10.14205170 -13.17081833 11.06679726
11.35858923 14.75114779 -2.82166109 12.10932064 15.72542000 -2.20765591
-0.14312341 0.25445869 0.50559989 -1.03392005 1.83827806 3.65294003
-0.14312341 0.25445869 -0.50559989 -1.03392005 1.83827806 -3.65294003
0.28624681 -0.50891737 -0.00000000 2.06784010 -3.67655492 -0.00000000
-2.82584409 3.97485878 5.81207797 -2.89921308 4.07829714 5.96319914
1.04468038 -1.46945721 -3.43926784 0.66289002 -0.93211102 -4.12105799
1.78116371 -2.50540158 -2.37281013 2.23632312 -3.14618492 -1.84214103
2.40532843 4.28190143 4.12095217 2.10482001 3.74652696 3.60572004
-0.24330963 -0.43313330 -4.39487773 0.18850800 0.33523300 -4.82157421
-2.16201880 -3.84876813 0.27392556 -2.29332805 -4.08176088 1.21585405
0.50661204 3.06303298 1.79244497 0.69187802 4.18311691 2.44790602
0.05142486 0.31092044 -4.13076435 -0.01186000 -0.07134300 -4.77042723
-0.55803690 -3.37395342 2.33831938 -0.68001902 -4.11177301 2.32252097
-0.81624607 1.46669275 0.61085094 -0.94603199 1.69990802 0.70806497
-0.14589957 0.26216339 -3.43557353 -0.32667401 0.58700401 -4.87198877
0.96214564 -1.72885614 2.82472259 1.27270603 -2.28691196 4.16392279
-0.46300781 0.44053498 0.11264713 0.23556100 -0.22395700 -0.05748700
-0.09739466 0.09266746 -2.63096485 -0.68725199 0.65403497 -4.42915916
0.56040248 -0.53320244 2.51831772 0.45169100 -0.43007800 4.48664618
0.00000000 0.00000000 0.00000000 -0.00000000 0.00000000 -0.00000000
0.00000000 0.00000000 -2.10835603 0.00000000 -0.00000000 -3.48783588
0.00000000 0.00000000 2.10835603 0.00000000 -0.00000000 3.48783588
