0.00001087 0.00000389 -0.00000837 -0.00669600 -0.00000200 0.00000300
0.00000320 0.00000716 -0.00000390 -0.00000100 0.00669400 -0.00000200
0.00000716 -0.00000390 0.00000320 0.00669400 -0.00000100 -0.00000300
0.00000389 -0.00000837 0.00001087 -0.00000100 -0.00000100 -0.00669600
-0.00000390 0.00000320 0.00000716 -0.00000100 0.00000000 0.00669400
-0.00000837 0.00001087 0.00000389 -0.00000200 -0.00669600 0.00000100
0.00000732 -0.00000010 -0.00000631 -0.00669800 -0.00000200 -0.00000100
0.00000115 0.00000667 -0.00000789 -0.00000300 0.00669600 -0.00000200
0.00000667 -0.00000789 0.00000115 0.00669300 -0.00000100 0.00000000
-0.00000010 -0.00000631 0.00000732 0.00000300 0.00000100 -0.00669600
-0.00000789 0.00000115 0.00000667 0.00000100 -0.00000100 0.00669600
-0.00000631 0.00000732 -0.00000010 0.00000100 -0.00669600 0.00000000
0.00001165 0.00000352 -0.00001163 -0.00669500 -0.00000200 -0.00000200
0.00000319 0.00000728 -0.00000658 -0.00000100 0.00669600 -0.00000100
0.00000744 -0.00000507 0.00000178 0.00669400 0.00000100 0.00000000
0.00000389 -0.00000837 0.00000730 -0.00000100 0.00000100 -0.00669600
-0.00000390 0.00000320 0.00000651 0.00000100 -0.00000000 0.00669800
-0.00000835 0.00001075 0.00000122 -0.00000100 -0.00669500 0.00000100
0.00000704 0.00000107 -0.00000774 -0.00669700 -0.00000000 -0.00000000
0.00000076 0.00000616 -0.00000881 -0.00000000 0.00669700 -0.00000200
0.00000590 -0.00000752 -0.00000211 0.00669100 0.00000100 -0.00000100
-0.00000010 -0.00000631 0.00000378 0.00000000 0.00000300 -0.00669300
-0.00000789 0.00000115 0.00000361 -0.00000200 -0.00000300 0.00669300
-0.00000592 0.00000783 -0.00000102 0.00000100 -0.00669400 0.00000100
0.00001075 0.00000122 -0.00000835 -0.00669600 -0.00000200 -0.00000000
0.00000320 0.00000651 -0.00000390 0.00000100 0.00669400 0.00000100
0.00000728 -0.00000658 0.00000319 0.00669600 -0.00000100 0.00000200
0.00000352 -0.00001163 0.00001165 0.00000100 -0.00000200 -0.00669300
-0.00000507 0.00000178 0.00000744 -0.00000100 -0.00000100 0.00669300
-0.00000837 0.00000730 0.00000389 0.00000200 -0.00669700 0.00000100
0.00000783 -0.00000102 -0.00000592 -0.00669500 -0.00000000 0.00000000
0.00000115 0.00000361 -0.00000789 0.00000100 0.00669700 -0.00000000
0.00000616 -0.00000881 0.00000076 0.00669600 -0.00000200 -0.00000100
0.00000107 -0.00000774 0.00000704 0.00000100 -0.00000200 -0.00669700
-0.00000752 -0.00000211 0.00000590 0.00000000 -0.00000000 0.00669400
-0.00000631 0.00000378 -0.00000010 0.00000300 -0.00669300 -0.00000300
0.00001153 0.00000085 -0.00001162 -0.00669700 -0.00000200 0.00000000
0.00000319 0.00000663 -0.00000658 -0.00000000 0.00669900 0.00000300
0.00000755 -0.00000774 0.00000176 0.00669600 0.00000200 -0.00000000
0.00000352 -0.00001163 0.00000808 0.00000000 -0.00000300 -0.00669700
-0.00000507 0.00000178 0.00000678 -0.00000100 0.00000100 0.00669500
-0.00000835 0.00000718 0.00000122 0.00000100 -0.00669400 0.00000100
0.00000756 0.00000015 -0.00000735 -0.00669400 0.00000000 0.00000100
0.00000076 0.00000310 -0.00000881 0.00000200 0.00669600 0.00000200
0.00000539 -0.00000844 -0.00000250 0.00669500 -0.00000100 -0.00000100
0.00000107 -0.00000774 0.00000351 0.00000200 0.00000200 -0.00669700
-0.00000752 -0.00000211 0.00000283 0.00000200 0.00000400 0.00669300
-0.00000592 0.00000429 -0.00000102 -0.00000100 -0.00669900 0.00000000
0.00000730 0.00000389 -0.00000837 -0.00669400 0.00000100 -0.00000100
0.00000178 0.00000744 -0.00000507 0.00000000 0.00669500 -0.00000100
0.00000651 -0.00000390 0.00000320 0.00669600 0.00000200 0.00000200
0.00000122 -0.00000835 0.00001075 -0.00000100 -0.00000000 -0.00669600
-0.00000658 0.00000319 0.00000728 0.00000100 -0.00000200 0.00669500
-0.00001163 0.00001165 0.00000352 -0.00000200 -0.00669700 -0.00000100
0.00000378 -0.00000010 -0.00000631 -0.00669500 -0.00000100 0.00000100
-0.00000211 0.00000590 -0.00000752 -0.00000300 0.00669600 -0.00000100
0.00000361 -0.00000789 0.00000115 0.00669800 -0.00000000 0.00000300
-0.00000102 -0.00000592 0.00000783 -0.00000100 -0.00000100 -0.00669400
-0.00000881 0.00000076 0.00000616 -0.00000000 -0.00000100 0.00669600
-0.00000774 0.00000704 0.00000107 0.00000300 -0.00669600 0.00000200
0.00000808 0.00000352 -0.00001163 -0.00669600 0.00000000 -0.00000200
0.00000176 0.00000755 -0.00000774 -0.00000100 0.00669500 0.00000200
0.00000678 -0.00000507 0.00000178 0.00669400 -0.00000100 0.00000000
0.00000122 -0.00000835 0.00000718 -0.00000200 -0.00000200 -0.00669400
-0.00000658 0.00000319 0.00000663 0.00000300 -0.00000100 0.00669400
-0.00001162 0.00001153 0.00000085 -0.00000200 -0.00669700 0.00000100
0.00000351 0.00000107 -0.00000774 -0.00669600 0.00000100 0.00000100
-0.00000250 0.00000539 -0.00000844 0.00000100 0.00669200 -0.00000000
0.00000283 -0.00000752 -0.00000211 0.00669400 0.00000000 -0.00000000
-0.00000102 -0.00000592 0.00000429 -0.00000100 0.00000300 -0.00669400
-0.00000881 0.00000076 0.00000310 0.00000400 0.00000100 0.00669500
-0.00000735 0.00000756 0.00000015 0.00000200 -0.00669400 0.00000000
0.00000718 0.00000122 -0.00000835 -0.00669500 0.00000200 -0.00000200
0.00000178 0.00000678 -0.00000507 -0.00000100 0.00669600 0.00000200
0.00000663 -0.00000658 0.00000319 0.00669600 0.00000300 0.00000100
0.00000085 -0.00001162 0.00001153 0.00000200 -0.00000200 -0.00669700
-0.00000774 0.00000176 0.00000755 0.00000000 0.00000200 0.00669600
-0.00001163 0.00000808 0.00000352 0.00000100 -0.00669900 0.00000200
0.00000429 -0.00000102 -0.00000592 -0.00669600 0.00000100 0.00000200
-0.00000211 0.00000283 -0.00000752 0.00000200 0.00669300 0.00000000
0.00000310 -0.00000881 0.00000076 0.00669500 0.00000100 -0.00000100
0.00000015 -0.00000735 0.00000756 -0.00000200 -0.00000100 -0.00669500
-0.00000844 -0.00000250 0.00000539 0.00000200 -0.00000100 0.00669700
-0.00000774 0.00000351 0.00000107 0.00000100 -0.00669600 -0.00000000
0.00000796 0.00000085 -0.00001162 -0.00669800 -0.00000100 -0.00000200
0.00000176 0.00000690 -0.00000774 -0.00000200 0.00669800 -0.00000100
0.00000690 -0.00000774 0.00000176 0.00669300 -0.00000300 -0.00000100
0.00000085 -0.00001162 0.00000796 0.00000000 -0.00000100 -0.00669500
-0.00000774 0.00000176 0.00000690 -0.00000300 0.00000100 0.00669500
-0.00001162 0.00000796 0.00000085 -0.00000100 -0.00669600 0.00000000
0.00000402 0.00000015 -0.00000735 -0.00669500 0.00000100 -0.00000000
-0.00000250 0.00000232 -0.00000844 -0.00000000 0.00669600 0.00000100
0.00000232 -0.00000844 -0.00000250 0.00669800 0.00000200 -0.00000100
0.00000015 -0.00000735 0.00000402 -0.00000100 0.00000100 -0.00669500
-0.00000844 -0.00000250 0.00000232 0.00000200 -0.00000000 0.00669400
-0.00000735 0.00000402 0.00000015 -0.00000100 -0.00669500 -0.00000100
-0.11595396 -0.03901865 0.11809534 -0.27129799 -0.00426000 0.23524100
-0.01918164 -0.08756392 0.61819020 0.06521000 -0.23102200 1.00202203
-0.28819926 0.47582503 0.63335739 -0.40330499 0.68677598 0.84895402
0.04574029 0.18022475 0.12530951 0.04470800 0.35329100 0.11460200
0.13996105 -0.03258332 -0.11731748 0.23796199 -0.10122800 -0.23092701
-0.33832474 -0.85629596 0.64266869 -0.33556700 -0.99483401 0.69451499
-0.35150915 -0.36641474 -0.13969781 -0.58691698 -0.50560802 -0.16827200
0.11424736 0.40840947 0.21836600 0.18018800 0.65977699 0.32205501
-0.16384004 -0.12165022 0.43675072 -0.31475100 -0.25437799 0.69921899
0.13066183 0.01723823 -0.13219750 0.32178000 -0.02818100 -0.24333000
0.20315065 -0.19337476 0.14653639 0.32027400 -0.33121401 0.25898901
0.13588616 -0.06442520 -0.22218661 0.29413500 -0.13909601 -0.32424200
-0.24679182 0.06884965 0.39012191 -0.48704001 0.12667499 0.61315298
0.45689498 -0.08067891 0.55606189 0.62379098 -0.06927400 0.80450100
-0.03015284 -0.01896937 -0.40426952 -0.09475400 0.01632800 -0.67960399
-0.29260565 -0.59854206 0.38270022 -0.41809601 -0.92113400 0.61892098
-0.00476187 -0.35460552 -0.88076285 0.02202800 -0.50028300 -1.21477997
-0.13676834 0.20804863 0.01062471 -0.23023900 0.38906500 0.00013700
-0.09898089 -0.00120703 -0.25057819 -0.18627299 0.01873800 -0.52750599
-0.09708651 0.14990230 0.07159842 -0.11230900 0.27133101 0.12845901
0.07819178 1.05914148 -0.84076228 0.00286800 1.20253003 -0.97903299
0.56736875 -0.14385132 -0.01891252 0.76843297 -0.24579801 -0.01495900
0.70274246 -0.35498004 0.06708003 0.96598399 -0.40658700 0.09687900
0.05381029 0.53234262 -0.44321095 0.08845000 0.88569999 -0.72593403
0.09149518 0.33098215 -0.40799129 0.14365500 0.45683500 -0.53011501
-0.34290267 -0.03565503 0.34184515 -0.48761901 -0.10015400 0.57747602
0.03504590 0.16386966 0.08959620 0.04490000 0.25542599 0.09773800
-0.02030187 0.09264110 -0.02591834 0.08299400 0.13823301 -0.12744200
-0.15716847 0.21127065 -0.13284036 -0.25458601 0.41108501 -0.21093000
0.22096580 -0.97786450 1.17103021 0.26185200 -1.22251296 1.49313903
0.05026719 -0.05852971 -0.10409509 0.11877500 0.01703800 -0.13021000
-0.65159622 1.09800466 -0.93940998 -0.96725899 1.20540297 -1.06849003
0.25712966 -1.24011863 0.77312492 0.35799801 -1.45589602 0.86280400
0.00920375 0.01608486 0.03690918 -0.02416100 0.00657200 0.12414700
-0.13750091 0.14278823 -0.11105996 -0.22943200 0.22626100 -0.19590200
-0.07181751 -0.21991929 -0.02617259 -0.09585800 -0.37727499 0.00742000
-0.54325347 0.29967649 -0.02512668 -0.85058999 0.37366399 0.01314300
0.10343865 0.29170509 -0.37862992 0.14203000 0.52995801 -0.58558100
0.98391199 -0.42720912 0.20863620 1.36932600 -0.57203197 0.38347900
0.10447320 -0.02141677 -0.10622795 0.16093799 -0.03010900 -0.14608701
-0.60682728 0.31388486 0.18200492 -0.78222698 0.40260801 0.21959201
-0.14238779 -0.02384400 0.06540106 -0.21948700 0.04458600 0.06418800
-0.01204922 -0.14749865 0.39277539 -0.01216600 -0.15746100 0.59166300
-0.45213959 -0.32917192 -0.32846123 -0.59680599 -0.51717901 -0.46013999
0.44578487 1.00254130 -0.48414926 0.59749901 1.31925702 -0.56413603
-0.45575574 0.10028941 -1.08690228 -0.57052898 -0.01983200 -1.59071803
0.33771243 -0.37393477 -0.54389467 0.50671297 -0.43856901 -0.73050702
1.23821876 0.02246591 -0.83311939 1.50594497 -0.21302600 -1.00621700
0.40167280 0.31166865 0.29689401 0.66238099 0.48090801 0.44842800
0.12964852 -0.04088417 0.14024865 0.12825200 -0.09450500 0.16732000
-0.55611699 -0.22172976 -0.52214217 -0.78427398 -0.16080500 -0.64557397
0.28209052 0.16872634 -0.10816698 0.45833400 0.22420800 -0.17087100
0.13366613 -0.20226635 -0.20353515 0.18773100 -0.23055100 -0.27897900
0.36182152 -0.45275216 -0.18601158 0.51621902 -0.74749601 -0.27936801
0.03243077 0.38188137 0.21868663 0.02291500 0.53393000 0.44352099
0.08221011 -0.07628469 -0.17174232 0.19865701 -0.23951800 -0.26789200
-0.73539760 0.07321613 -0.10510778 -1.07292295 0.08846000 -0.12879300
0.08075583 0.28403829 0.99647498 0.07632000 0.41843000 1.44656503
0.28534374 0.04944175 0.33578108 0.32662800 0.09169100 0.47850600
-0.03839141 -0.02785530 -0.50894339 -0.10320500 -0.02407500 -0.74297798
0.47293168 0.24358576 0.30437550 0.64349198 0.34706500 0.34184301
-0.93034838 -0.27229562 -0.66631238 -1.21751201 -0.35720301 -0.85188103
-0.19529619 -0.21712522 0.01975109 -0.26891699 -0.25761500 0.08180000
0.02245210 -0.21011590 0.12308151 0.03871800 -0.32670701 0.16498201
0.07379851 0.03485388 -0.12049467 0.23983200 0.09839800 -0.20712399
0.15484661 0.08291820 -0.17523206 0.23251399 0.14464000 -0.28132901
0.89646415 0.46785854 0.40499399 1.29209197 0.69131100 0.41931400
0.14924842 -0.48983897 -0.17863543 0.17422900 -0.80807799 -0.18808100
-0.34304301 0.55939659 0.36545967 -0.40865099 0.83396697 0.48235700
-0.27890545 -0.23481867 0.05246800 -0.48143801 -0.43685299 0.02854700
-0.18939119 -0.00891436 -0.29279330 -0.25723499 0.01067900 -0.45068699
0.01001308 0.07010427 -0.01476183 -0.05989500 0.10530700 -0.01194600
-0.07699388 -0.16700473 -0.28385991 -0.13433801 -0.28641000 -0.42194000
-0.03557965 -0.55411314 -0.24832479 0.01895400 -1.00877595 -0.30441901
-0.15580752 -0.30180103 -0.34390747 -0.25429499 -0.34689701 -0.52550900
-0.66396081 0.29580787 -0.31449930 -0.86806101 0.39568001 -0.41794401
-0.18376710 -0.18174656 0.12124984 -0.31472799 -0.19042800 0.15905800
0.36016386 0.17263959 0.28013844 0.57309997 0.25366500 0.34809899
0.20879181 -0.21843756 -0.11617496 0.30543301 -0.49090800 -0.11320400
0.45852306 0.50854767 -0.46384684 0.67269897 0.74753201 -0.54397100
0.43200915 -0.45860274 0.13559354 0.64898998 -0.69475299 0.17258200
0.12369748 0.34890997 0.29990613 0.15490000 0.55298102 0.46749201
-0.53872174 -0.06926893 0.75912615 -0.70928502 -0.07251600 1.09444106
0.24161161 -0.28959249 0.50197801 0.23709400 -0.53816497 0.64642799
0.15424576 0.05673398 0.02759931 0.30313501 0.10503900 0.05690100
0.20211054 0.32825081 -0.15648280 0.27022400 0.52379400 -0.27754599
-0.00181534 -0.24324080 0.10511360 -0.03629500 -0.33925200 0.14177500
-0.00197891 -0.00645867 0.06603077 -0.02844100 -0.01017100 0.14268801
-0.24463146 -0.15399888 0.13020759 -0.41221899 -0.27465099 0.13858899
-0.07882085 0.27794133 0.04831399 -0.11364500 0.51777601 0.00568400
0.09187537 -0.03396706 -0.22671573 0.17450900 -0.03849100 -0.41145900
-0.12634792 0.03744864 0.15928481 -0.13845500 -0.00350100 0.19401400
-1.27805165 -0.43194460 0.86000216 -1.58006704 -0.46723601 1.03871000
-0.42624016 0.31871501 0.11662440 -0.65815800 0.46935299 0.18292101
0.46802644 0.28029759 -0.31767334 0.61615300 0.42506900 -0.46266100
0.04071209 0.19521304 0.16109039 -0.00240200 0.21049599 0.28280100
-0.12888526 0.01439425 0.09420399 -0.22040901 0.08317000 0.20401300
0.00836039 -0.07636779 0.22874176 0.03688200 -0.14729600 0.47441599
-0.65150443 -0.02815617 0.30210121 -0.87185401 0.02121300 0.38995200
0.25650652 0.29251113 0.13694160 0.35847899 0.43706399 0.12220300
0.12174178 0.12391208 -0.06917770 0.16902600 0.15438201 -0.14935400
0.43467340 0.09160926 -0.34982183 0.53956300 -0.02511000 -0.46847701
0.15569298 -0.24994708 -0.04425505 0.21201199 -0.40691701 0.02429500
0.15274989 0.02810463 0.00619664 0.23488200 0.07238600 -0.00978000
-0.08948058 -0.14952753 0.09572740 -0.19963600 -0.28343800 0.18401200
-0.00453001 0.12124236 0.07824010 0.07808100 0.16224200 0.16420899
0.03272588 -0.17554089 0.08637495 0.07213300 -0.31548300 0.15372699
-0.02963118 -0.20158446 0.02138177 -0.02403900 -0.30374399 0.07546700
-0.08926960 -0.04903873 0.08140964 -0.13066299 -0.06167000 0.10360900
0.27387558 0.09502195 0.03856264 0.38639399 0.11902200 -0.01161100
-0.07669421 0.55850467 -0.66323936 -0.14782600 0.66305000 -0.92201501
0.38976745 0.06615989 -0.30151975 0.53654200 -0.03290000 -0.43591499
0.11146285 -0.02570635 0.09967106 0.17500401 -0.05546300 0.23620600
-0.12528853 0.04655332 -0.01165329 -0.17005800 0.11914000 -0.09600500
-0.03136314 0.11330393 -0.26766809 -0.04925900 0.17752001 -0.50788099
-0.11956574 0.23329061 0.00621063 -0.12266200 0.33421999 0.01043300
-0.33525680 0.09197581 -0.09927304 -0.45147401 0.16548800 -0.06749700
0.24966752 0.05704705 0.16655321 0.29759699 0.04595600 0.29740199
0.13673930 -0.21145270 -0.24279818 0.19390500 -0.27322900 -0.32371700
0.03014376 0.00589467 -0.16037144 -0.00342400 0.16511200 -0.37607899
0.08742690 0.00094515 0.11776760 0.11072900 -0.04111500 0.15141000
-0.12842896 -0.08576647 0.07743928 -0.24920900 -0.16830300 0.10201100
0.02136573 0.23090618 0.05958667 -0.08549300 0.46890500 0.09786000
0.20255990 -0.03122806 -0.03368972 0.37114599 -0.04032700 -0.09584100
-0.35463530 0.35346405 -0.19766243 -0.47923899 0.51050800 -0.31387401
-0.05327396 0.28387473 0.00474077 -0.10548900 0.44814801 -0.00316600
-0.00202543 -0.10464935 -0.08616868 0.03072800 -0.02869400 -0.09591000
-0.17107909 -0.06810765 0.24853162 -0.31692699 -0.20976700 0.43252400
-0.02581749 0.07321580 0.00414349 -0.03060500 0.06922800 -0.06729900
0.05754999 0.15218802 -0.02003947 0.04608800 0.18099400 0.07588900
0.07459827 0.07087974 -0.13211545 0.07586000 0.11038500 -0.30726501
-0.06550961 -0.19623542 -0.01290896 -0.10401300 -0.34543601 0.01247200
0.25170005 0.05016525 0.12168394 0.28712699 0.06806300 0.19367900
0.10304761 0.02202826 0.01236934 0.18051399 0.11796100 0.11503700
0.01952673 -0.28501734 -0.43528513 0.17895100 -0.32435200 -0.53616202
0.03565587 0.10518938 -0.08081387 0.08718700 0.18483500 -0.10912900
0.53348924 -0.39845891 0.00908540 0.65390402 -0.43422201 0.04135300
-0.01026268 -0.25787230 0.07473763 0.00074600 -0.34204400 0.06308600
0.09775423 -0.07800372 0.13272330 0.19989300 -0.04127700 0.09126600
0.16336722 0.04956070 -0.32566186 0.17928700 0.02942900 -0.52481598
-0.06772631 -0.24962478 0.03953787 -0.03653000 -0.26509601 0.12162600
0.37845934 0.29442628 0.27944098 0.46377200 0.21343701 0.36871299
-0.06814085 -0.14785101 0.00514632 -0.08147500 -0.23073100 -0.04327900
-0.44086068 -0.55370442 0.28453307 -0.53217298 -0.70045602 0.35059300
0.03961043 0.12548358 0.00518827 0.11359600 0.29358101 0.05956500
-0.06290937 0.21597654 -0.04717884 -0.14842500 0.29007000 -0.07865900
-0.29973385 -0.10723099 0.30096601 -0.42255399 -0.08283700 0.39527601
0.05671577 -0.18047516 0.09415623 0.14690600 -0.32866499 0.11764400
0.28317818 0.06930979 -0.05731038 0.40974399 0.23556000 -0.01940300
0.26169620 -0.19182127 0.01379452 0.39286900 -0.27469099 -0.00058100
-0.05361131 -0.02326407 0.23211378 0.01443500 -0.05676000 0.43198699
-0.05881925 0.07872767 -0.26844936 -0.02648800 0.03980000 -0.40807599
-0.10206351 -0.01086187 0.00986335 -0.08165200 -0.01786700 -0.04542400
-0.10176382 -0.14459893 0.45579669 -0.20931301 -0.11748200 0.75880700
0.02414402 -0.01792039 0.19144107 -0.06757900 -0.01619300 0.33846200
-0.02827334 -0.02911140 -0.16612075 -0.18114901 -0.10084100 -0.21820000
0.14777481 0.67744068 -0.45219394 0.16080099 0.84878498 -0.52379203
-0.19257556 0.08899333 -0.05884816 -0.22461300 0.07455400 -0.18754201
0.01620605 -0.02033953 -0.06931518 0.02989000 0.07097100 -0.00166600
0.06669905 -0.02026542 0.25536162 0.05842200 -0.04586500 0.38931599
-0.09557029 -0.14567875 -0.02298751 -0.11512600 -0.12373600 -0.06557800
-0.15942556 -0.09881752 -0.28349521 -0.21533100 -0.08449000 -0.39144701
-0.45192204 -0.46949007 -0.05477652 -0.62119597 -0.60035300 -0.13764000
-0.14889370 0.16570684 0.09683219 -0.19784001 0.16407999 0.22613400
0.07159691 0.28500352 -0.12238900 0.18374801 0.40402800 -0.12802200
-0.10143447 -0.05727096 0.02366728 -0.17547700 -0.15918800 -0.08636600
-0.22144383 0.16963332 -0.40014799 -0.36256301 0.26857701 -0.55903399
0.20810538 -0.06576282 -0.26021616 0.30843201 -0.06698500 -0.38466099
-0.03182101 -0.29711823 -0.17510590 -0.05226500 -0.36918300 -0.21064100
0.00603147 -0.01940755 -0.10586237 -0.02337000 -0.14180300 -0.07022300
0.04739051 -0.15713778 -0.09074638 0.05455200 -0.15282901 -0.14471500
-0.31570264 -0.42248936 0.26701469 -0.30774999 -0.49739301 0.21433800
-0.10926898 -0.01458146 0.05256136 -0.20800801 -0.01751400 0.00447800
0.17879821 -0.27372830 0.18851523 0.20945500 -0.30766299 0.28122601
-0.02531650 0.31394270 0.18143283 -0.05640800 0.26431400 0.27153900
0.18408539 0.13761342 0.13904048 0.33688700 0.24985400 0.24618000
0.00857613 0.01041261 0.02103347 -0.02945400 -0.00863200 0.04159300
0.09207940 0.13073754 0.00099790 0.14951800 0.17843600 -0.05957700
0.32382568 0.28588040 0.04837106 0.46353501 0.39478499 0.07304900
-0.15674108 -0.14224925 0.12030981 -0.23865600 -0.33523101 0.13996600
0.10218116 0.19841762 0.01302429 0.19387400 0.19916900 0.03103200
0.01264476 -0.25556591 0.17571462 -0.07136600 -0.41001901 0.16387400
-0.10821719 -0.13666698 0.14583791 -0.20091100 -0.14216700 0.18924201
-0.28665448 0.17573416 0.11102961 -0.43737200 0.29064500 0.17835200
-0.12739456 -0.19305600 -0.04096563 -0.19575299 -0.28492400 -0.11966900
0.21011685 0.17015299 0.17482587 0.29535401 0.29111800 0.20468400
-0.53334547 0.27491724 -0.23684900 -0.49885300 0.33974299 -0.37907299
-0.00651352 -0.04974586 0.07354682 0.06659400 -0.13165601 0.08798800
-0.08219990 0.08148376 0.13780185 -0.19096901 0.17262100 0.16888601
-0.24295333 -0.00065501 0.03306295 -0.38310900 0.00658300 0.02335300
0.45545005 -0.25589688 -0.15691670 0.67181599 -0.37751600 -0.22836900
-0.00371636 0.14311195 0.12691267 -0.03201500 0.11728600 0.23139100
-0.02421984 -0.03586250 -0.17231567 0.05196800 -0.04575500 -0.26673400
0.00655733 0.02854547 -0.47556861 -0.07499300 0.05759800 -0.62004000
0.56317334 -0.44810980 -0.15861959 0.56779301 -0.54726899 -0.16404299
0.16100387 0.16361787 -0.11559382 0.20689499 0.17530300 -0.20393400
-0.72168108 0.44407412 0.20230210 -0.88250297 0.64860398 0.23617800
0.14552922 -0.08573708 -0.15269669 0.17378600 -0.23894800 -0.22030701
0.37687895 -0.00955296 -0.00234330 0.55487001 -0.04558400 0.16249500
-0.13150867 -0.39143351 -0.20772778 -0.16949600 -0.56835699 -0.29038301
0.05370030 0.14288482 -0.32672017 0.01062700 0.20644100 -0.48802400
-0.07267629 0.26780778 0.31995235 -0.05968500 0.36471099 0.45348799
0.10842127 -0.28570977 -0.48071531 0.14909400 -0.39555001 -0.59241003
-0.09932809 -0.00756283 0.10180687 -0.22393700 -0.03695200 0.18799999
0.45575683 0.13454177 -0.49338733 0.75698000 0.16044800 -0.80454397
-0.27382051 0.40225074 -0.75982124 -0.39022201 0.52810299 -1.12217200
-0.12794507 -0.17421731 0.45020067 -0.08642000 -0.28000200 0.54722202
0.34010675 0.10094032 -0.54693195 0.37298301 0.10882100 -0.76367098
-0.05222570 0.09207644 0.62523934 -0.13587201 0.20969300 1.01378798
0.05071097 -0.37719309 0.01417378 0.02043300 -0.60126102 -0.07139500
0.24152785 0.39189828 0.29436306 0.37572801 0.55830801 0.43567300
-0.14738312 0.48345038 -0.27402221 -0.11257500 0.55112600 -0.43151599
-0.03724852 -0.39686852 0.28895192 0.02288300 -0.36639899 0.46794999
-0.16172940 0.04101057 -0.09107128 -0.33331600 0.04353900 -0.11775000
-0.20755647 -0.16731691 0.01710913 -0.32784700 -0.17547500 -0.02464200
-0.12182977 -0.78130953 0.48861166 -0.18837801 -1.02472603 0.57670897
0.08315878 -0.09481296 0.09690277 0.08726300 -0.15226600 0.08926800
-0.00843625 -0.05440263 -0.05056842 -0.04420800 -0.14596599 -0.21543200
0.15561944 -0.04392688 -0.04544206 0.05352000 0.12259600 0.01589500
0.35954015 -0.38650802 0.26838106 0.52191699 -0.55088198 0.41780999
-0.21461536 -0.05032746 -0.43969097 -0.25519699 -0.00897500 -0.51369202
-0.07516934 0.34092250 -0.39600351 -0.10363800 0.48364499 -0.48542500
-0.33243619 0.06719447 0.14716008 -0.41616100 -0.00277500 0.21998300
0.13418854 -0.26285849 0.31350980 0.18583100 -0.41562101 0.53436601
-0.01419823 0.35733548 -0.10994572 0.00338100 0.56275302 -0.20086800
0.08730342 0.10178781 -0.13583070 -0.00748700 0.10527400 -0.08987600
0.24342458 -0.26019069 -0.28270310 0.31169999 -0.31327599 -0.47098899
-0.14426987 -0.05142953 0.06762067 -0.30682901 -0.14369901 0.14992701
1.35344687 -0.07420415 -0.53579987 1.55245805 -0.05115200 -0.56181401
0.03400970 -0.01096452 0.33626280 0.12214300 0.01970600 0.59382099
-0.26243680 0.23201405 -0.57351580 -0.19778199 0.45830801 -0.62151402
-0.04405395 0.17157487 0.02002411 -0.03705900 0.19926000 0.06307400
0.33742593 -0.29994722 0.05363132 0.51087099 -0.43119201 0.12864400
0.13123828 -0.53593004 0.02948948 0.25587100 -0.71187901 0.02743600
0.24258825 0.10845405 -0.52470273 0.33934599 0.13251500 -0.80797601
0.28613150 0.44360736 -0.17498659 0.35052299 0.63972700 -0.17624000
0.06380840 -0.51653514 0.19463210 0.12217100 -0.72864199 0.29988301
0.65130344 -0.22648991 0.91354397 0.66667598 -0.42247099 1.16521704
-0.33895752 0.02783022 0.15172074 -0.54196203 0.03751600 0.09994500
-1.12396770 0.76576550 0.28154150 -1.44440401 1.01172400 0.48168099
-0.37076321 -0.12395412 -0.28421957 -0.54982102 -0.13476400 -0.41346201
0.04918137 0.34444084 -0.22503963 -0.03415300 0.46270099 -0.27903801
0.28635393 -0.35773857 0.33618558 0.53355902 -0.53641599 0.55506700
-0.45327017 -0.15030758 -0.35641336 -0.57309502 -0.32185200 -0.36523700
0.15770451 0.16343875 0.19687381 0.15926801 0.37311801 0.31791699
-0.25464761 0.59320725 0.20351623 -0.46512201 0.87455302 0.28340700
0.00611780 -0.28690294 0.00424713 0.17384000 -0.35246900 0.01284700
-0.19819167 0.25328871 0.14230793 -0.23864500 0.31176299 0.17149200
0.78478378 0.06138230 0.07665160 1.19390798 0.13845301 -0.03786300
-0.16568422 -0.33340346 -0.33488200 -0.29283899 -0.47731099 -0.36100501
-0.32673285 0.59463836 -0.01139464 -0.46535701 0.84314901 0.06973300
0.41243965 -0.34662553 0.83253580 0.28587300 -0.46934101 1.05102301
-0.10610408 0.05778038 -0.25347763 -0.17725600 0.08568400 -0.47037700
-0.12751745 0.09522849 0.18343988 -0.08552900 0.10108700 0.09473600
0.07345772 0.22954215 0.25704039 0.23893000 0.32656899 0.53395498
0.13289072 0.14080190 0.20963645 0.13404700 0.19653600 0.30025101
-1.05887297 -0.05299888 -0.42603862 -1.26662302 -0.03719400 -0.45195699
-0.37638838 -0.14736895 -0.10060369 -0.55013698 -0.17731699 -0.04449500
-0.73603088 -0.79687311 -0.32396891 -0.98134398 -1.01427996 -0.51812601
-0.17417940 0.53456684 0.00522397 -0.19839799 0.70108402 -0.03769600
0.25207770 -0.18614168 0.10006026 0.44812301 -0.34218499 0.14008901
0.96061281 0.19635765 0.57426914 1.13543403 0.20337901 0.59446597
-0.22327334 0.02255116 -0.06835028 -0.32239100 0.06334400 -0.05565400
0.06067894 -0.21961783 -0.09289213 0.12443700 -0.31002000 -0.14363199
0.31409504 -0.20098450 0.15787116 0.51176703 -0.18179500 0.30522600
-0.04677206 0.61992932 0.45644325 -0.20446900 0.95271701 0.64755797
0.16539774 0.16986026 0.16703053 0.25052899 0.18343300 0.32330099
0.30106918 -0.14142028 -0.11638348 0.56427002 -0.19080600 -0.07442700
0.12597398 0.06519825 -0.07853354 0.17664801 0.06727200 -0.27364099
-0.43594778 -0.66381862 0.51602008 -0.46149299 -0.73020798 0.60326397
-0.33986017 0.90051228 0.53871964 -0.38284200 0.97917199 0.66778898
-0.12186396 -0.01260512 0.29900071 -0.13133100 -0.06884600 0.42549801
-0.49431194 0.54621210 0.25669562 -0.66745102 0.72083402 0.25066200
0.01325691 -0.20984807 -0.22997436 0.03304300 -0.36059499 -0.36403999
0.58688402 0.37913212 -0.32650193 0.79054499 0.55239201 -0.52168101
-0.25633444 0.14870210 -0.07918418 -0.35128000 0.22898901 -0.08443600
-0.19298924 -0.26725511 -0.10488257 -0.28755400 -0.46853900 -0.12770601
-0.55395259 -0.45441779 0.11723741 -0.86145103 -0.73030502 0.07187800
0.07687489 0.10583613 -0.09782144 0.12538500 0.19856600 -0.19305000
-0.03318952 0.11256243 -0.01217728 -0.11582100 0.20229800 -0.08461000
-0.18609462 -0.04410974 -0.30513250 -0.34637800 -0.00041800 -0.42676201
0.19747699 -0.04355119 0.21410792 0.24737100 -0.06576600 0.28154299
0.04470632 0.13117144 0.26879534 0.21327400 0.17110699 0.27443001
0.20624128 -0.01601287 -0.20427761 0.40510601 -0.02991200 -0.29195401
0.08503106 -0.04596580 -0.16254247 0.16285101 -0.05486900 -0.37585101
0.48827363 -0.04849075 -0.22541328 0.74163002 -0.10658600 -0.29371601
-0.15086353 -0.46698174 0.32026376 -0.16128400 -0.56269598 0.41139200
-0.32660408 -0.12913035 -0.16447536 -0.46053201 -0.17910799 -0.16438900
0.24192649 0.07054833 -0.18996063 0.45998299 0.14648800 -0.30870301
0.15798435 -0.11914920 -0.37871934 0.12794200 -0.12585101 -0.48687300
0.29987766 -0.30582274 -0.12827876 0.38589099 -0.39718100 -0.13385800
0.07025319 -0.04104242 -0.13103320 0.08523500 -0.09236800 -0.19971800
-0.17430675 0.43102465 0.00078772 -0.08205800 0.46392500 0.01806000
-0.05153860 -0.11225936 0.30615370 -0.04475400 -0.23455299 0.50143403
0.14910466 0.12180914 0.01008469 0.16574199 0.17816600 0.11051900
-0.22050130 -0.25569149 -0.15006301 -0.30614299 -0.32564399 -0.30865601
0.18112202 0.49194407 -0.04666146 0.22891399 0.69494402 -0.09066400
0.39939407 -0.18323304 -0.50984429 0.40094101 -0.23540500 -0.71331197
0.14410671 -0.29205441 -0.91687357 -0.01108100 -0.32666799 -1.00429404
0.22921908 0.53732993 -0.52043316 0.20837601 0.72319102 -0.61994702
0.12586391 -0.11636207 0.25362177 0.30690300 -0.16237301 0.30124500
-0.77188980 0.27912708 0.49913337 -0.96974701 0.33843699 0.49885800
-0.01992233 -0.27431840 0.22981035 0.03628400 -0.35902601 0.30133900
-0.25838170 -0.19696569 0.36759138 -0.44132400 -0.32367501 0.58366001
-0.24987800 0.11660707 -0.39159606 -0.42260501 0.25748101 -0.48175001
-0.14775096 0.01618980 -0.29736077 -0.28540099 -0.10189800 -0.40401399
0.05661705 0.05808447 0.33339333 0.04503200 0.06604100 0.53370398
0.12635848 0.21071136 0.09531341 0.19150400 0.30553201 0.02008400
-0.09636779 -0.03370371 -0.07015110 0.02807300 0.01798500 0.01571900
-0.36921003 -0.00970120 -0.26924514 -0.60506803 -0.06642900 -0.46054599
-0.06121323 -0.18663962 0.28052655 -0.07967700 -0.30149999 0.45505500
-0.06738194 -0.13871095 0.14555504 -0.11203000 -0.14227900 0.07144000
0.10021240 0.30488259 -0.38577330 0.12644900 0.42912799 -0.56674302
0.45420762 -0.32077940 -0.39251968 0.54050303 -0.38363099 -0.68587703
0.16857877 -0.32376384 0.01929852 0.16609401 -0.36812299 0.10676100
-0.20290037 0.36403579 0.10298411 -0.25788099 0.54404300 0.17754100
-0.31885810 -0.15175678 0.00158027 -0.32683900 -0.15095501 0.14281601
0.02877336 -0.09671213 -0.62831467 -0.00621200 -0.02180800 -0.70108700
-0.28769673 0.25782039 0.40801559 -0.36320800 0.09854700 0.43275201
0.42749148 -0.20698059 -0.07280959 0.57374102 -0.19311900 0.05624500
0.05236198 0.20848371 -0.07021586 0.08498100 0.32054999 -0.05955000
0.14369092 -0.15344174 -0.04036092 -0.01122300 -0.17955500 -0.00588400
0.08477459 -0.17281746 -0.07908639 0.17533199 -0.26822600 -0.13176900
-0.24609241 0.02434099 0.11061147 -0.47054601 0.01860800 0.16305900
-0.37755561 0.00322942 0.47167036 -0.51652902 -0.02674600 0.52019697
-0.07689023 -0.01357554 0.14649692 -0.01931300 -0.02700100 0.27485400
-0.53569712 0.45797093 0.30895667 -0.53805602 0.67512101 0.30178800
-0.00941661 0.08290124 0.22476099 -0.01265800 -0.02610400 0.35605401
-0.08991711 -0.00367838 -0.11893878 -0.12101000 0.02673900 -0.16080600
-0.25422485 -0.14958920 -0.12635583 -0.34255701 -0.26405600 -0.25712201
-0.73338633 -0.17240063 0.05828635 -1.09110403 -0.20546600 0.05811500
-0.41398229 -0.25144087 0.73064259 -0.51868600 -0.26335299 1.05441797
-0.10136792 0.10646515 -0.05635474 -0.14298700 0.10424500 -0.05948100
0.51806570 0.32756459 -0.05348894 0.61760199 0.34329799 -0.00516500
-0.14036634 -0.04416337 -0.03853590 -0.24443300 -0.05808900 -0.15130900
-0.11276856 -0.02970984 -0.10887710 -0.16970401 -0.04111300 -0.08449300
-1.06721276 -0.76579145 -0.13136613 -1.20778894 -0.81930298 -0.30674100
0.34920709 -0.22536298 0.25882965 0.35841900 -0.34275800 0.30445901
0.32584656 -0.00264013 -0.05634856 0.44894701 -0.05452000 0.00319900
-0.13931276 -0.13813623 0.07471938 -0.22081999 -0.24360999 0.16085599
-0.21024543 -0.24320244 -0.03786349 -0.36778501 -0.33737800 -0.20253700
-0.10630847 0.15630980 0.17626013 -0.22209600 0.12096900 0.26977599
0.02453727 -0.13574485 -0.11858232 0.12118000 -0.09503700 -0.23689701
-0.15304621 0.09284670 0.55320850 -0.13790500 0.13010401 0.76346701
-0.42367257 -0.11795016 0.20927216 -0.49559200 -0.03371000 0.19995700
0.82994828 0.44092654 -0.35129302 0.77634102 0.47238800 -0.41419601
0.05461485 0.20238998 -0.09720759 0.12084300 0.31680799 -0.07060900
0.35106755 0.28830517 0.36900543 0.35414001 0.38437900 0.49315599
0.01496136 -0.21078046 -0.11640973 0.11669700 -0.25217599 -0.26209500
0.00326478 0.02754071 0.20974577 0.01474000 0.02124100 0.19568899
-0.50189113 0.01719962 0.32778726 -0.54056102 0.02073300 0.55716199
0.27594464 -0.09389865 -0.13363554 0.37542599 -0.19785801 -0.19406900
0.28624903 0.62279995 0.05620612 0.45313501 0.75452399 0.24988200
0.32508273 0.42416080 0.30667494 0.32557800 0.47461599 0.50661999
0.27190724 -0.03538713 -0.27975002 0.51222402 0.12147900 -0.51854497
0.09473898 -0.19325956 -0.36261430 0.16468000 -0.34531200 -0.48989201
0.07827325 0.14244361 0.13295026 0.18704499 0.08304500 0.14940000
0.01059010 0.13745176 0.14951543 -0.00881100 0.18751000 0.19974799
0.09925858 -0.11418557 0.04711517 0.19000600 -0.17574701 0.10021500
-0.29449137 -0.35700296 0.24981667 -0.33223701 -0.52140802 0.37974000
0.20555868 -0.42716442 -0.36272381 0.33784401 -0.40483001 -0.34057501
0.17249532 0.16683491 0.04347031 0.17510401 0.30892199 0.12252100
-0.30813842 0.06325871 0.18492880 -0.47731301 0.08861400 0.36644199
0.18879958 0.26323557 0.00513984 0.41029599 0.34855801 0.04761900
-0.03091540 -0.12821160 0.16889963 0.00510000 -0.22361200 0.04774500
0.32398606 0.16932234 -0.28626220 0.35836601 0.28721201 -0.47080299
0.21913971 -0.04914268 -0.38599362 0.26944399 -0.17370400 -0.49533600
-0.27721431 -0.03097357 0.09627177 -0.31003800 -0.10070400 0.10560400
-0.10418265 0.04789017 0.27836887 -0.13462000 0.06368500 0.29490301
-0.10318364 -0.34182611 0.22502542 -0.12248700 -0.52056003 0.29337499
-0.01123978 -0.15121325 -0.02063752 -0.06033400 -0.13739800 -0.09112800
-0.26001647 0.27179725 0.09929685 -0.32808900 0.43093300 0.16359399
-0.20884242 0.12535594 -0.16652852 -0.32800400 0.10798500 -0.23077799
0.26485988 0.61256433 0.09485692 0.31168801 0.79251802 -0.08300000
0.33963493 0.29155732 -0.22534031 0.47533301 0.34444901 -0.25328600
0.83931511 -0.43520843 -0.41654778 1.13398302 -0.52631497 -0.57693797
0.02273714 -0.05157682 0.15280733 0.00146200 0.01894800 0.25687000
0.20903000 0.08327198 0.08960709 0.29268900 0.12156900 0.12278800
0.15880047 -0.07209341 0.08830058 0.34851399 -0.03891800 0.08134200
0.23352533 -0.05052485 -0.15464564 0.35446000 -0.10283500 -0.23421900
0.64044576 -0.39858256 -0.23564131 0.96114600 -0.57699299 -0.40351501
0.14580847 0.08880639 -0.03913014 0.12547900 0.12552200 0.05779000
-0.72043903 0.13896076 0.46162762 -0.91798800 0.27259001 0.51184899
-0.20979734 -0.21997670 -0.06460932 -0.31110099 -0.24591500 -0.12342300
0.44964368 0.59428287 0.23613383 0.68257201 0.78044599 0.32145301
0.21384988 -0.24252202 0.19430957 0.26753899 -0.30867600 0.44816199
-0.18765529 -0.12896353 -0.33477715 -0.21094801 -0.18657000 -0.53551698
0.09095795 -0.37924514 0.23121715 0.13827500 -0.35858700 0.32906500
1.61559766 -0.70463721 -0.05263895 1.80054605 -0.67754000 0.00462200
-0.24986997 -0.16436233 0.08113144 -0.28341800 -0.25986901 0.07428700
-0.27829057 -0.28813462 -0.12581812 -0.44903401 -0.37872300 -0.15275399
0.08636563 0.38260669 -0.47076899 0.09416700 0.53695297 -0.75797498
0.27111452 0.12155607 0.12150598 0.26209801 0.01189200 0.25621000
-0.45211990 0.12563451 -0.29677313 -0.55034900 0.09200100 -0.37783501
-0.57246048 0.05998068 0.12091880 -0.95514703 0.03640100 0.21914200
0.13982755 0.31039798 -0.47302570 0.16071101 0.48898500 -0.59176600
-0.25249659 0.16423952 0.69538673 -0.29586700 0.25180700 0.89213997
0.93723884 -0.91355251 0.34021010 1.07402396 -1.01090097 0.59773898
-0.15553791 -0.04961463 -0.32347611 -0.17643900 -0.11187200 -0.46390700
-0.66822000 1.17550693 0.72471208 -0.74351197 1.32993603 0.96178102
-0.24953159 -0.35894805 -0.72825058 -0.35836199 -0.36587399 -0.79697299
-0.16727631 0.18641114 0.28094671 -0.30144200 0.20634000 0.35068101
-0.68908884 -0.00049874 0.04961609 -0.96522999 -0.02693600 0.09619000
-0.08447193 -0.27885847 0.43708297 -0.08793400 -0.42979199 0.56285900
-0.21803881 -0.01470918 0.00611655 -0.28157899 -0.02117100 0.08627500
-0.00257582 0.03871199 -0.03205322 -0.03128000 0.04120900 -0.06579100
0.02830766 -0.05939055 0.15692226 0.04689100 -0.15199199 0.25206599
0.54609213 0.90340477 -0.14483756 0.59519601 1.23480999 -0.46725601
-0.04557961 0.13832403 -0.03316098 -0.08646400 0.25617799 0.00228100
0.39896472 0.18746080 -0.02541538 0.47057000 0.21772900 -0.07433900
-0.19787977 0.05277109 -0.08608027 -0.32246000 0.06096400 -0.11286600
-0.19337049 0.34951408 -0.06848332 -0.32683799 0.50353700 -0.09062400
0.28725598 -0.00002401 0.52704399 0.23782000 0.01947600 0.69693899
0.36769831 -0.37610518 0.95655017 0.38215101 -0.38905200 1.20326495
0.26800880 0.17975433 -0.57641082 0.39672801 0.22187600 -0.70070499
0.25756920 -0.40641472 -0.33330877 0.35343701 -0.43761000 -0.34074399
-0.00820958 -0.05557435 -0.21010778 -0.08481400 -0.11720900 -0.28726199
0.16252044 -0.21876235 0.50802929 0.07020600 -0.18632400 0.61141801
-0.10339969 0.02590051 0.23306472 -0.04161000 -0.06188300 0.34638500
-0.01436677 0.08391895 0.04831887 -0.06029000 0.08795900 0.01633700
-0.52403307 -0.45906972 0.09931278 -0.69666201 -0.53439897 0.12397900
0.10937000 0.00610997 -0.22847006 0.19774701 0.04692900 -0.34487700
0.30644262 -0.45843735 -0.10466672 0.35770300 -0.59735000 -0.13551100
0.14917895 0.24901918 0.18697455 0.22136700 0.17589700 0.27589500
-0.48922433 0.25413843 0.03926547 -0.72376502 0.43739200 0.05268100
-0.48182233 0.62478193 -0.40475072 -0.68117303 0.80191702 -0.71228099
-0.13658224 -0.12721093 0.06935108 -0.22024500 -0.08174600 0.05605000
-0.13048142 -0.56410956 0.15775387 -0.20743500 -0.76437002 0.19392800
0.85026633 1.27925002 0.21956627 0.72793698 1.42019403 0.15887000
-1.28621877 -0.20643958 -1.36329651 -1.27937698 -0.04740800 -1.54192305
0.22106893 0.01753885 0.01175172 0.25609100 -0.03275400 0.06305200
0.38788064 -0.41010815 -0.55876239 0.49023399 -0.58230197 -0.71930599
0.22807583 0.01581856 0.04378981 0.32599100 0.08766800 0.03637100
0.06260486 -0.55010225 0.45370418 0.08614300 -0.72006202 0.54176301
0.05707741 0.81392692 -0.58779291 0.11364200 0.91811800 -0.65073597
0.35841463 0.25152680 0.15927295 0.44853100 0.26645699 0.24129100
0.00026051 -0.21626175 -0.13245953 0.03967200 -0.35665700 -0.35086200
0.10696616 -0.27884775 0.11146279 0.03916100 -0.55200303 0.20336300
-1.31567192 1.05605557 -0.13056378 -1.26745999 1.17093694 -0.35078001
0.00766104 -0.27953430 0.23376958 0.03806200 -0.39127201 0.35174000
-0.48898576 -0.12261331 -0.27184623 -0.68889600 0.01044100 -0.41398200
-0.56660604 -0.11405255 0.01473609 -0.79550201 -0.15248100 0.01974200
0.41419429 -0.41546839 0.18194516 0.60812300 -0.46157700 0.16304199
0.02841553 -0.15211370 -0.70001429 -0.02222700 -0.10686700 -0.91021001
0.00857687 -0.00698229 0.27396969 0.08289800 0.01500200 0.32299101
0.45628734 -0.16761641 -0.13454303 0.54904097 -0.24447601 -0.32649300
-0.17205466 0.08496166 -0.22658897 -0.16850500 0.14203601 -0.22926299
0.24687566 -0.10488916 -0.30415448 0.37311301 -0.05175100 -0.32050601
0.52661934 -0.01258093 0.16027405 0.73492301 -0.03294200 0.35367000
0.25708986 0.15767631 0.07018706 0.29570800 0.06659200 0.05772500
0.32675355 0.12414097 -0.10513078 0.57694900 0.34612301 -0.16403200
0.13337451 -0.40177223 -0.27866573 0.30175599 -0.64811301 -0.32601100
-0.47778160 0.17275457 0.22851584 -0.60348397 0.17403600 0.11823000
-0.03613921 0.02870394 -0.12531346 -0.07882000 0.07636100 -0.21689799
0.49202350 0.23144831 0.10605392 0.63380700 0.29543999 0.18331400
0.11347825 -0.03459379 0.23339661 0.28491101 -0.12301300 0.30396500
-0.20808789 0.44714248 0.12025955 -0.23950499 0.53788400 0.15443701
0.14045787 -0.48980567 -0.26675779 0.31050801 -0.67430198 -0.33131099
-0.21091670 -0.14492768 -0.23177248 -0.26158100 -0.13337500 -0.26095501
-0.25377809 0.30319645 0.12637512 -0.39813799 0.40208799 0.16834100
-0.34855030 -0.21348319 0.39588560 -0.45609701 -0.23953900 0.37951300
-0.52495051 0.34778174 -0.92429253 -0.60949999 0.41445100 -1.13979399
0.21601532 -0.45772528 -0.31923064 0.23477800 -0.68520701 -0.45210701
-0.29865658 0.28906661 -0.18737352 -0.29556799 0.34974000 -0.35376000
0.42599871 -0.78742119 0.00938484 0.59165299 -1.05951798 -0.05188800
-0.06925180 0.08733618 0.26237334 -0.03736700 0.08779800 0.29043299
-0.78515791 -0.05633895 0.34917304 -1.07325995 -0.02797700 0.54922199
-0.00850948 -0.64979082 0.47782088 0.07899600 -0.76865202 0.48727700
-0.18182858 0.25877220 -0.04000332 -0.16083901 0.37420401 0.00898700
0.36884321 0.09832493 -0.18680261 0.56860000 0.19356500 -0.30538699
0.00513918 0.05365973 0.45760744 0.06926200 0.08322200 0.65305603
0.12328095 -0.18635519 0.27105195 0.17392100 -0.24034899 0.41343901
0.30535377 0.01304028 0.09437185 0.38338101 0.06809400 0.24397799
0.46930358 0.34962122 0.12197405 0.68608099 0.46418601 0.19350600
-0.06744281 -0.19437348 -0.03553872 0.00920400 -0.20066801 -0.06238200
-0.07237252 -0.03405698 0.27459756 -0.05289100 -0.13109900 0.41070199
-0.11966834 0.00090166 0.32832399 -0.03581600 -0.01213600 0.36456501
-0.26238545 0.08824301 0.03817886 -0.53505498 0.12177500 0.23874500
0.17364737 0.48239795 -0.29900832 0.14874899 0.67623299 -0.44084099
0.10958873 -0.33031326 0.13153751 0.16371100 -0.46716100 0.18122301
-0.09476577 -0.08639048 0.13095390 -0.11342300 -0.18421701 0.19949099
0.18503466 0.50346571 0.62911139 0.13318001 0.52705300 0.75685000
0.02189193 -0.08375826 -0.23617835 0.16545101 -0.08128000 -0.35696501
-0.17868533 0.07028094 0.11883092 -0.20330800 0.26120499 0.17499401
0.07701467 0.14759399 0.03454831 0.06580200 0.12482600 0.04664700
-0.22594187 -0.12645472 -0.17754130 -0.27814400 -0.17886800 -0.34313300
-0.24850938 -0.29927329 -0.31831557 -0.29780900 -0.47835401 -0.43719900
0.18581378 0.35224486 0.06042217 0.32306901 0.50038701 0.03458400
-0.45359962 -0.10569342 -0.41683386 -0.54139698 -0.31862900 -0.33562100
-0.22620255 0.19504675 -0.14787747 -0.39002800 0.13398100 -0.20647100
-0.20933159 -0.06616051 0.18694097 -0.39876401 -0.10940800 0.25461301
-0.41775510 -0.75726679 0.44066312 -0.53899598 -0.81834197 0.66511500
-0.73801237 -0.58142011 -0.45828555 -0.88520998 -0.51103300 -0.55719101
0.09016842 -0.18890130 -0.04637996 0.00403400 -0.22034900 -0.04379500
-0.13389193 -0.04517571 -0.17539244 -0.12455600 -0.10071700 -0.18122301
-0.15798838 0.25739767 -0.23637790 -0.34156001 0.33092701 -0.33715600
0.97778516 0.42069865 1.02182678 1.07142198 0.36833400 1.26760602
-0.05267476 0.07072355 0.65137567 -0.06700100 0.09034900 0.89065403
-0.22004415 0.11422756 -0.07868638 -0.25074399 0.15580000 -0.14264899
-0.02710116 -0.85058288 0.12195517 0.03469400 -1.08833301 0.11901900
0.00062543 -0.07599218 0.23666122 0.02079300 -0.07063000 0.33264300
0.14390984 -0.09930690 -0.11977790 0.20645700 -0.16451199 -0.12038500
0.16958089 0.32110045 0.21132585 0.21494301 0.40404001 0.26431400
-0.04846146 0.03329872 -0.13398541 -0.11830300 0.17207800 -0.25896001
-0.16545439 -0.05442908 0.32111754 -0.29326400 -0.02278300 0.51708901
0.00079379 -0.12085475 0.60151034 0.00045400 -0.07648600 0.74618202
-0.01524272 0.74518943 -0.72992581 -0.18078300 0.92953902 -1.01787496
-0.11474508 -0.04264103 -0.12911455 -0.31411600 -0.09183800 -0.14703999
0.39088074 -0.35544117 -0.31928236 0.39636201 -0.39656299 -0.36212900
-0.03756978 0.05137722 -0.00086256 -0.11028300 0.07060100 0.03240600
0.14316021 0.22417589 -0.08895992 0.23894100 0.38286299 -0.06961900
-0.75751675 0.12392907 -0.32253633 -0.98964900 0.23543800 -0.41988999
-0.05726477 -0.42297642 0.08768323 -0.04075600 -0.56805301 0.16506900
0.51799477 -0.02962980 -0.17610300 0.58272898 0.08744700 -0.18203899
-0.07312868 0.04868558 0.27718732 0.00715400 0.07999200 0.38141200
0.38466326 -0.04812960 -0.09884396 0.52245802 -0.10351500 -0.17433999
-0.26903155 -0.66705220 -0.23247707 -0.21867700 -0.87419701 -0.28482401
-0.62497760 -0.02358819 -0.46133710 -0.73492903 -0.06833500 -0.71405900
0.31061796 -0.22169233 0.00470688 0.32830000 -0.24914999 0.00823300
0.09819879 0.32444129 -0.37489727 0.13994600 0.31998900 -0.50347900
-0.23166284 0.08323391 0.00283019 -0.35208100 0.11809200 0.06984600
0.23476515 0.34658503 -0.32026389 0.27862400 0.42971799 -0.36817801
0.54776168 0.20898291 0.42244655 0.70898998 0.29497001 0.57569897
-0.04645800 0.39157558 -0.66775193 -0.01747300 0.57752198 -0.91039503
-0.06446269 -0.37688158 0.33854565 -0.28117299 -0.43834701 0.47246099
-0.31522627 0.58446560 -0.06650386 -0.36389199 0.64047498 -0.23054600
0.39988380 0.52458329 0.09524137 0.43096200 0.40856999 0.23003399
0.96806600 0.30219714 -0.23672923 1.20558405 0.25063801 -0.22434799
0.66892796 0.87070760 0.71831399 0.95277202 0.91368401 0.78502399
-0.14631851 -0.08229248 -0.20816214 -0.29565001 -0.09345700 -0.37184200
0.10799315 -0.02015161 -0.20523509 0.11717300 -0.02831100 -0.16339500
0.54448727 0.17229150 -0.14547383 0.74114603 0.19276799 -0.24404600
0.01421993 0.00503304 0.21726177 0.08736300 -0.01366600 0.21592800
0.36009203 -0.07309861 0.16040291 0.42235801 -0.19549599 0.22633600
1.74072258 -0.88208132 -0.86254817 1.89797604 -0.82069701 -0.82988697
0.03419360 -0.19061230 -0.64011685 0.05961900 -0.29127699 -0.91149902
0.51038341 0.55439850 -0.06401001 0.62650299 0.87605399 -0.04690100
-0.69378954 -0.19005814 -0.19359508 -0.90692502 -0.25423700 -0.30155799
0.26416862 -0.42413227 0.12205999 0.46624601 -0.50175500 0.24482100
-1.26542921 0.19316704 0.43911922 -1.30483198 0.21221299 0.20229100
-0.27311151 0.04969436 0.32094082 -0.38368201 0.09339400 0.50580698
0.51364138 -0.40836464 -0.14002326 0.57744098 -0.42063501 -0.35291401
0.40520207 0.27166073 -0.11169677 0.62171203 0.37960100 -0.08943400
-0.21830226 0.55296061 0.05272267 -0.33095601 0.76912498 0.17281400
-0.23691509 -0.49728920 -0.06335589 -0.41060600 -0.77124399 -0.09705600
-0.37554071 -0.96852984 -1.19274702 -0.31346101 -1.23149705 -1.35808802
-0.21891174 0.67943385 0.33837293 -0.21512300 1.03679001 0.40221900
-0.20134788 -0.39036833 0.02034345 -0.09922300 -0.56730402 0.01621500
0.01093451 -0.11104618 0.05070338 0.01003300 -0.19276500 -0.01766800
0.22322932 0.03551521 -0.42647592 0.32814601 0.00729000 -0.63353002
-0.19688729 0.01152447 0.07474474 -0.35168299 0.05586200 0.16845199
0.36063368 0.29578983 0.46575341 0.54969901 0.44770801 0.51353502
-0.39224240 0.63790147 0.51766176 -0.50734401 0.56013697 0.58187503
-0.16579745 -0.55212689 0.05377768 -0.05967400 -0.73642600 0.13440201
0.12831922 -0.12110037 -0.28685772 0.21443400 -0.21329901 -0.35368499
-0.06630135 -0.10721944 -0.14594369 -0.09951100 -0.19363301 -0.25758600
-0.42563512 -0.17236621 0.19939391 -0.56310099 -0.11924400 0.08479300
-0.18779966 0.09209090 -0.10718910 -0.24801999 0.09966400 -0.07712700
0.04272839 -0.13578591 -0.06519420 0.01444900 -0.20830201 -0.09881900
-0.00313040 -0.07197984 0.08547763 0.01777500 -0.08813700 0.02196100
-0.26119089 0.10847287 0.71319066 -0.31326401 0.06982700 0.85434401
0.15647081 0.32478280 0.03220980 0.29775000 0.58648700 -0.02021400
-0.26851148 -0.00211151 0.02879272 -0.40325099 0.00314200 0.10507500
0.41418666 -0.60273179 -0.46645154 0.55247200 -0.70485097 -0.44545400
0.13921552 -0.23043094 0.22471808 0.33776301 -0.30364400 0.38277799
0.47045646 -1.19909926 -0.08916377 0.55102003 -1.11677098 -0.04909000
-0.01224826 0.14351432 0.35814319 -0.02956200 0.17633900 0.50724000
-0.93569674 0.94972840 0.21280776 -0.94583398 0.82052797 0.25696799
-0.33050002 0.15731678 -0.63413522 -0.43666399 0.24200401 -0.81109202
0.12651384 0.34706872 0.41704256 0.24181700 0.44649300 0.53214401
-0.08182323 -0.19310179 0.02742988 -0.13856199 -0.18829100 -0.00672200
-0.51760728 0.12238667 0.48837411 -0.76572800 0.16607399 0.73722702
-0.35564605 -0.00829439 0.74735403 -0.47987700 0.04441100 0.83365899
0.12963704 -0.10736911 0.03073143 0.14581700 -0.05788600 0.18887401
0.33133883 0.43619136 -0.32277319 0.39797899 0.57772601 -0.38023099
0.49008337 0.01430321 0.02864034 0.72394800 -0.11722200 -0.06706100
-0.30526500 -0.20074727 0.05284052 -0.37834400 -0.37041801 0.08911900
-0.45778204 -0.24442025 -0.55228375 -0.64750201 -0.29214099 -0.66988999
0.15097529 -0.10742602 0.02013044 0.42543700 -0.13070300 0.06433900
-0.42707154 0.81222790 -0.37186653 -0.65368599 1.14793897 -0.57445103
-0.49767579 -0.43301569 0.19824200 -0.60953802 -0.49349901 0.18404099
0.26112960 0.66867673 -0.12009518 0.31023699 0.80673999 -0.26607099
0.86599179 0.33054746 0.26931671 1.14273095 0.27880600 0.41978601
-0.54632103 0.17904075 0.60027291 -0.70869499 0.24778900 0.80763203
-0.34968074 -0.09094992 0.48040092 -0.60680300 -0.19171600 0.52789402
0.15432873 -0.31625660 0.30655230 0.19148099 -0.37639001 0.39338899
-0.00558962 0.08894707 -0.11787793 0.05158900 0.09857000 -0.26890999
-0.05023919 0.11606780 0.45815784 -0.05807100 0.15224600 0.71194702
-0.22641876 -0.01849024 -0.52984507 -0.34254000 -0.00574500 -0.78934401
-0.29915258 0.17144463 -0.34193383 -0.45749399 0.09105100 -0.43901601
-0.23483652 0.14277792 0.17296017 -0.28038800 0.23331100 0.19190399
0.31623690 -0.66939534 -1.21072723 0.34443301 -0.93098998 -1.55639398
0.05484416 -0.03284533 0.00333238 0.03153000 -0.01472800 0.10566300
-0.05231205 0.32520269 0.02195638 -0.07663200 0.45140499 0.12651899
0.35969401 0.02855269 -0.52356290 0.49041301 0.09014200 -0.49503899
-0.04981508 0.45218141 0.00828213 -0.00745200 0.59790701 -0.09084900
0.09588923 -0.36823538 0.29672895 0.20753799 -0.48232600 0.29161999
-0.19684520 -0.38626833 0.34483603 -0.25177601 -0.49070600 0.33249199
-0.06142211 0.44548514 -0.12078984 -0.04291700 0.63634098 -0.19543700
0.38055452 -0.43860265 0.68554870 0.42257801 -0.58916903 0.89066100
0.00497403 -0.31038841 0.01339902 0.01976600 -0.26565900 0.12590300
-0.42061621 -0.53854760 -0.06413716 -0.53377998 -0.71439302 -0.08097600
-0.02087818 -0.49703875 -0.22175481 0.01186400 -0.54338300 -0.46124300
-0.22383677 -0.43393998 0.26429022 -0.45673999 -0.68004000 0.25806001
-0.19023301 0.05657714 -0.08588744 -0.20929800 0.13768600 -0.19417401
-0.00615796 0.01212406 -0.45253570 -0.07751700 0.01754000 -0.65542799
0.24434757 0.50788543 0.36804475 0.23770601 0.65368301 0.58357400
-0.05702627 0.47418708 0.74301422 0.00772100 0.67716497 0.81244600
0.01932109 -0.15777513 0.39533877 0.10418700 -0.16630501 0.61730498
-1.34866076 -0.17954850 -2.08724026 -1.22327697 -0.13222601 -1.93901598
0.02235132 -0.05671943 0.01978029 0.05323400 0.00139200 0.06086200
-0.18624021 -0.10125057 -0.01878545 -0.26365700 -0.23704800 -0.07619300
0.39064621 0.09111849 -0.28229694 0.57601798 0.12526999 -0.40115201
1.05610229 0.20743038 0.34851830 1.27695704 0.10300400 0.25975400
0.29632591 0.32554801 -0.07759109 0.35555500 0.53843701 -0.11046900
0.24719789 -0.53050516 -0.25153213 0.14233799 -0.37588501 -0.34901100
0.17387147 0.09698713 0.95196556 0.28741199 0.08542800 1.14990699
1.80702768 0.28040668 2.02193952 1.79776597 0.15893400 2.00245500
0.16065008 0.40146220 -0.76237211 0.30292499 0.27540600 -0.70236200
0.32666705 0.20979115 -0.47596266 0.57935297 0.34769899 -0.62629002
-0.28681028 -0.53940941 0.10005438 -0.44869599 -0.66284502 0.07138600
0.29266752 -0.60660194 1.05858860 0.32349199 -0.66003197 1.16022694
-0.40048719 0.30042201 -0.24523342 -0.36738601 0.18159901 -0.15379600
0.27484063 -0.21021510 0.68131305 0.26443601 -0.31619099 1.02554095
-0.07009431 0.00988342 -0.03455829 -0.04281100 -0.10375900 0.00020400
-0.33258617 -0.01767565 -0.45583354 -0.48223701 0.09348800 -0.73766202
-0.05150606 -0.20771270 0.15827054 -0.22005101 -0.28828800 0.38426301
0.23257748 -0.28760282 -0.62180089 0.27967900 -0.38179901 -0.69422001
-0.23152022 -0.22734787 0.08461068 -0.30263001 -0.23199999 0.03749000
0.74546901 0.81841658 -0.69410418 0.99975699 0.97765499 -0.89258301
0.58393657 -0.06972558 0.54309795 0.78446800 -0.05329500 0.59159398
-0.07591659 0.04768226 -0.30429417 -0.18415301 0.15223600 -0.39440200
0.08113199 0.12618610 0.11159011 0.01447500 0.22334900 0.37264901
1.06841267 -0.45701913 -1.42072976 1.24077296 -0.41514000 -1.43762803
-0.18288129 0.15606559 -0.10447567 -0.28353500 0.07637800 -0.13693200
0.68580832 -0.04035365 -0.14149235 1.01344800 0.06063600 -0.19230300
-0.13232075 -0.10365105 -0.04454255 -0.23735100 -0.05238700 -0.12928100
-1.34376443 1.25377527 0.85120380 -1.43435204 1.36213195 0.68835098
0.24129119 -0.57679672 0.39021845 0.35752299 -0.64309901 0.47339100
-0.22272787 -0.05252568 0.24929972 -0.31987801 -0.04436200 0.40428099
-0.23251806 0.04459326 -0.37341674 -0.38421801 -0.03643800 -0.40237099
-0.22562452 0.88315233 -0.06776245 -0.22432999 0.99845898 -0.11056300
0.24211391 0.05530206 0.38379344 0.41257599 0.13047300 0.52803999
-0.12523812 0.40645515 1.41169362 -0.24315600 0.47016701 1.55047798
0.24171401 -0.15416753 -0.00654497 0.32727399 -0.18914600 -0.04037300
0.21874479 -0.42258922 0.03327951 0.24411300 -0.59171301 -0.03105900
-0.63730644 -0.68190477 -0.46171024 -0.84860802 -0.81928301 -0.40402001
-0.18490910 0.61789940 -0.14044896 -0.25312001 0.77269500 -0.10228000
-0.05673253 -1.25830731 -1.28273606 -0.04254600 -1.22845602 -1.16923594
-0.06496511 0.11913360 -0.01660427 -0.04830100 0.18554300 0.07279700
0.30924188 -0.06586773 0.05941426 0.56118500 -0.13621800 0.24494401
0.32788324 -0.64349515 -0.17697151 0.45022300 -0.79766399 -0.22441199
0.00972082 -0.13659136 0.01297472 0.04227300 -0.15912201 -0.23669000
0.46815401 0.04498386 0.86883417 0.38581499 -0.15095900 1.02119696
-0.21642401 0.18254401 0.55921774 -0.33117199 0.22157700 0.88493800
0.19318431 -0.42842899 0.75490135 0.17400400 -0.60795403 0.94704700
-0.52082833 0.45985397 -0.73219267 -0.76500702 0.56645697 -0.81943202
0.12929629 -0.06093287 -0.13701325 0.36820501 -0.03066200 -0.26055700
-0.06610784 0.01878324 -0.01094251 -0.12721300 0.05727900 -0.14590199
0.16150280 0.18537222 -0.11641090 0.28802601 0.29896399 -0.10782500
0.30791094 0.14117791 -0.13270240 0.48917601 0.21441799 -0.16678600
-0.00839159 1.60553539 1.32725437 -0.08177200 1.50075400 1.19298398
-0.77158226 0.12068185 -0.62774909 -0.70404398 0.13357900 -0.64701998
-0.23500822 -0.28763295 -0.11910754 -0.23722300 -0.36972001 -0.08380300
-0.49099695 -0.04842551 -0.14693068 -0.71259600 0.02462900 -0.24447200
-1.16845800 -0.86272075 -0.60524327 -1.59468699 -1.03427804 -0.70627099
0.01962267 0.06589277 0.15755860 -0.02406000 0.17354099 0.14483900
-0.31124220 0.07267153 0.16891589 -0.46835300 0.11507300 0.19496000
0.71731342 0.57859074 -0.29165356 0.83937699 0.76872599 -0.49206200
-0.42049527 0.18476181 -0.33255451 -0.35393700 0.35901701 -0.27962101
-0.30119331 -0.73016615 -0.26464327 -0.37203699 -0.89880502 -0.29970899
0.64104834 0.36574788 -0.23245225 0.77616900 0.32264099 -0.35720700
-0.13509753 0.00083241 -0.17900660 -0.11043000 -0.14184700 -0.21673000
-0.26535409 0.12973992 -0.41520435 -0.44747600 0.17870700 -0.52372700
-0.26983244 0.07585095 0.12479666 -0.37319601 0.11999800 0.18665799
-0.06364783 -0.94273980 0.32206257 -0.21345700 -1.00436103 0.24542999
0.46053141 -0.39164254 0.28293162 0.50231999 -0.43837401 0.33278599
0.63968612 -0.04764840 -0.22711171 0.84623498 -0.17294399 -0.32643601
-0.54881147 0.48102850 0.58258468 -0.50067502 0.58110303 0.68841100
-0.30451904 -1.22152573 -0.18301252 -0.38723400 -1.38486397 -0.18990999
-0.30504361 0.36760872 0.13194753 -0.41935900 0.41782200 0.22195400
-0.03330806 -0.39429627 0.43623077 -0.02906600 -0.38624400 0.53105700
0.30664367 0.52331290 0.47286818 0.42422399 0.60596800 0.65077901
0.22243020 0.32756223 -0.90180076 0.33215699 0.38613299 -1.12110806
0.14344079 -0.23201070 0.40116924 0.34769499 -0.20182800 0.44220400
-0.11978388 0.54748230 -0.50593263 -0.18930800 0.51274502 -0.51767302
-0.55896361 0.25726327 0.66728909 -0.63887203 0.52865201 0.64859098
2.05430535 0.53140862 1.13639363 2.21709490 0.57222003 1.22001004
-0.12757850 0.24966623 -0.46485548 -0.34637901 0.37875599 -0.52188498
0.23466749 0.53731226 -1.17600171 0.36544400 0.59979898 -1.39271402
0.07884365 -0.65766725 -0.47082585 0.11802300 -0.70716798 -0.45560101
0.16604127 0.71573887 0.36931084 0.21587700 0.74471200 0.45198900
-0.05830834 0.58070742 -0.75156320 -0.08417500 0.76973897 -0.95983398
0.07449132 0.62156437 -0.32564728 0.11484900 0.75807202 -0.42827299
0.18163601 -0.24156287 -0.63302987 0.32254499 -0.35601899 -0.79055601
0.60119993 -0.69670944 0.19449364 0.63553703 -0.99952501 0.13807701
-0.31193898 -0.13013286 -0.34260823 -0.44499600 -0.13011099 -0.38730299
-1.15647514 0.11957286 -0.96030065 -1.32586098 0.17252700 -1.14880502
0.70769426 -0.09070869 0.96845057 0.92935902 -0.16823199 1.14753497
0.12036775 -0.47957912 0.08707417 0.06115000 -0.72427899 0.16250300
-0.35589029 0.42526482 -0.00180707 -0.25125599 0.53009200 -0.06764500
0.27766446 -0.47392555 -0.06370211 0.43673801 -0.59310800 -0.13515200
-0.42997723 -0.24198070 0.18082888 -0.59251601 -0.32738101 0.10582300
0.43184341 -0.19299810 0.33436895 0.87810701 -0.12898800 0.32264599
0.12344728 0.27254696 0.38450263 0.25119001 0.36052600 0.59978300
0.24672739 0.05603698 0.73296945 0.37141901 0.03828200 1.06602502
-0.05725669 0.38154897 -0.67716485 -0.14459300 0.39736801 -0.70754099
-0.58658549 0.30721436 0.03666638 -0.81973302 0.32492700 0.05397900
0.17373615 0.38145465 -0.08821019 0.16944499 0.70586902 -0.16841300
-0.17389180 -0.28266205 -0.44031901 -0.09906400 -0.37007400 -0.40753600
-0.08405742 0.07881429 -0.08360976 -0.17488199 0.14278600 -0.16014500
-0.03534533 -0.38638190 0.22455711 -0.16789600 -0.40987301 0.23281400
0.15491208 -0.21487355 0.18509040 0.25051099 -0.23066799 0.26183799
-1.70461567 -0.67727022 -1.96135646 -1.78407395 -0.75597501 -2.21770501
0.83744888 -0.59381909 0.65254048 0.90423900 -0.68667603 0.50797999
0.14897504 -0.41242915 1.19968966 0.39396599 -0.47487801 1.60840797
0.36191432 0.18119405 -0.97866025 0.38157001 0.25431901 -1.28553200
0.03987017 -0.24999268 0.61160161 0.00292800 -0.26936600 0.93208897
-0.34279085 -0.85302126 -0.09775515 -0.34616199 -1.10792994 -0.10278500
0.03063108 -0.23846622 0.56950646 -0.09437900 -0.32756001 0.79647899
-1.01855504 -0.45833415 -0.04862855 -1.10230005 -0.67618799 -0.02527800
0.32996540 -0.50401343 0.49864310 0.44758099 -0.51496297 0.58681101
0.51588616 -0.45991060 0.07719287 0.57939100 -0.58887601 0.17869601
-0.63835721 0.07799489 0.62741416 -0.94795698 0.03656100 0.72024399
0.47409774 -0.05205807 0.39366671 0.58440900 0.00756300 0.44559801
-0.25319814 0.05996819 -0.22043973 -0.42665800 0.04331900 -0.36312899
-0.90996688 0.18053441 0.16433102 -1.16734302 0.25487599 0.22455201
0.00577357 0.17749172 0.13824016 -0.06270200 0.27467501 0.29910901
0.32789478 -1.16801857 -0.02829841 0.12468100 -1.19841194 0.05361800
0.19359364 2.08275545 1.75674883 0.30869499 2.08159995 1.69383895
-2.70720425 0.72210784 -1.40862085 -2.84648800 0.65647203 -1.55156696
0.27931305 -1.14627243 -0.63621861 0.58698601 -1.09445798 -0.59408897
0.22514534 -0.77260272 -0.48129998 0.20242301 -0.85924202 -0.64714199
0.38450303 -0.10183920 0.16538379 0.46889400 -0.05385800 0.15647100
-0.08419246 0.24335865 -0.17673774 -0.02304500 0.26193401 -0.33464101
-0.33889780 -0.45012981 0.10316377 -0.34539601 -0.63893801 0.12557900
0.13773461 0.28818757 0.05669988 0.20961100 0.45336100 0.18901500
-0.11281536 0.69026433 0.25384977 -0.14481600 1.00766802 0.40950599
-0.28711828 -0.61999464 0.58074303 -0.35463700 -0.68663299 0.67764503
-0.38495658 0.33039172 0.15489648 -0.31407800 0.36513400 0.36690500
0.23534520 0.08086440 -0.21296208 0.33156300 0.16356599 -0.39197800
-0.88301807 1.39379119 0.21440269 -0.98943102 1.50705302 0.18878600
0.42860829 0.64596503 0.40427507 0.39344901 0.69906598 0.48594600
-0.33972894 -0.45350193 -1.26979656 -0.37849200 -0.62505001 -1.55856204
0.36142605 1.23549104 0.78818842 0.42939201 1.12879503 0.83137798
-0.19020036 0.15285740 -0.07511256 -0.27395099 0.23983800 -0.00394100
0.54762276 0.00678271 0.13938645 0.87276298 -0.03735300 0.31927699
0.70568155 0.51229365 0.96723183 0.79715300 0.63133001 0.94925201
1.26616718 0.65325638 -0.19272483 1.49688697 0.77988100 -0.43452501
-0.67479252 0.68665404 -0.41803164 -0.94378197 0.54047602 -0.40096799
-0.35073130 0.22350038 0.47188202 -0.57471699 0.30631301 0.64032501
0.76520996 -1.57098144 -1.95125680 0.60865301 -1.60296404 -1.85297799
0.26478753 0.39017259 -0.37488354 0.33357099 0.54319900 -0.45264199
-0.39869652 -0.57439683 -0.00802096 -0.34692499 -0.78809702 -0.04650900
-0.12485623 -0.09851877 0.28649862 -0.21655500 -0.16240500 0.20929000
-0.08948341 0.20845802 0.03136863 0.01145700 0.44905400 0.11115700
-0.00111617 0.40757933 -0.60648790 -0.03098600 0.47942799 -0.84603000
-0.59827847 -0.31192876 -1.23501391 -0.54246300 -0.33960599 -1.55150402
0.15571904 -0.17712980 -0.27997620 0.32895601 -0.29074201 -0.36012101
-0.02151081 0.18703936 -0.21277619 -0.05534100 0.28420201 -0.11516700
1.06793013 0.59904510 2.24786457 0.93178803 0.68335301 2.43212104
-0.40111906 -0.40538772 0.10119829 -0.77153802 -0.54795200 0.08038800
0.83209683 0.73498687 0.50355281 0.93404400 0.88217199 0.44973099
0.84029768 -1.57235656 -0.36106109 0.93594301 -1.74253094 -0.46045700
0.06317682 0.20837051 -0.53817586 0.11307100 0.29945201 -0.61509699
0.10277525 0.10035109 -0.18159416 0.10165300 0.16292000 -0.15482500
0.00583790 -0.09911422 0.32206960 0.00602400 -0.17926700 0.42292899
-0.49787183 -0.09070700 0.10878606 -0.76675600 -0.19016699 0.18102400
-0.44564869 -0.11653898 -0.21096843 -0.50738400 -0.33797100 -0.03573100
0.17267317 0.06026086 -0.10722980 0.24909200 0.04255500 -0.15592000
0.12793893 0.10998088 -0.28604174 0.18551300 0.17306700 -0.41166100
0.34086677 -0.21973564 0.17860036 0.34797201 -0.16700600 0.14973700
-0.18089957 -0.20211344 0.04772298 -0.30936301 -0.22274800 0.09426700
0.02441304 -0.19669434 -0.13606115 0.05685500 -0.28574601 -0.26546800
-0.80968041 0.24561452 0.01565027 -1.01837397 0.26452100 0.01988600
1.12530187 -0.68905284 0.24410046 1.18948698 -0.76197499 0.18604299
0.30536511 0.20908918 -0.09936895 0.45511800 0.22880100 0.03283000
-0.26940429 0.11931963 0.24385538 -0.26794699 0.17545401 0.27302399
0.28092456 0.67941298 0.13357151 0.36851600 0.70001400 0.02432000
0.37441992 0.11814008 -0.57340289 0.61336899 0.20506100 -0.76139301
0.59782699 0.19953226 0.31298044 0.87064302 0.20185900 0.27843800
-0.36017945 -0.30286587 0.22332356 -0.42756900 -0.26191801 0.35066101
-0.05798675 -0.04281660 0.08871965 -0.08807900 -0.15675300 0.13303301
-0.38888253 0.06421435 0.51873096 -0.73242998 0.11294600 0.81736600
-0.66659008 -0.44594642 -0.58045999 -0.96513599 -0.37213701 -0.62115198
0.28510256 -0.06521142 -0.23865027 0.42846900 -0.03581000 -0.39742801
0.13827005 0.11093360 0.20901567 0.31138799 0.08106000 0.35490799
-0.12128152 -0.01651811 -0.69161427 -0.13239899 -0.14236100 -0.92457300
0.23316316 -0.03187477 -0.42717459 0.42396900 -0.02155800 -0.59606701
0.50314100 0.18684450 -0.06020159 0.72814000 0.27106401 -0.05262400
0.05470504 0.02932492 0.50401252 -0.02314800 -0.18757799 0.60365999
-0.42183120 0.14155140 -0.47395312 -0.51324898 0.09294600 -0.51215500
-0.15279872 0.27011659 -0.30067911 -0.26251900 0.35372201 -0.37970600
0.06709272 0.48493867 1.64179137 0.24746200 0.58922100 1.67558002
-0.76091992 0.63642273 0.06572861 -0.84775001 0.59458899 0.15039900
0.11812329 0.02829107 -0.30643113 0.16088200 0.03595200 -0.45070499
-0.14482545 -0.47016786 0.03812539 -0.16408400 -0.69239002 0.10550700
-0.17015384 0.18803479 0.03536376 -0.08845600 0.32732800 0.04010900
0.01978007 -0.13568969 -0.20939501 0.10367000 -0.18592200 -0.38391799
-0.49094827 -0.68289508 -1.29678230 -0.27758601 -0.83784997 -1.28946805
-0.11538748 0.00010801 -0.71568429 -0.08549400 -0.03114000 -0.92533702
0.36727292 -0.45940844 0.24803134 0.55832100 -0.52038699 0.37784499
-0.59651071 -0.19850535 0.74388441 -0.59073597 -0.22321901 0.62857598
0.39789764 0.20175501 -0.03681256 0.51569903 0.44786799 0.02921200
-0.24883603 -0.39248934 -0.28386164 -0.36308599 -0.32626799 -0.43189701
-1.00122930 0.12768727 -0.05222874 -1.37026799 0.11959000 -0.03051800
-0.20550635 0.07896059 0.60445829 -0.32879901 0.12824300 0.85676098
-0.34633091 -0.16248932 -0.06708640 -0.44724199 -0.17189100 -0.10801100
0.32365213 -0.91780282 -0.99207443 0.24155501 -0.92720401 -1.16472900
-0.04767058 -0.36030515 0.19179739 -0.04847100 -0.51026797 0.31794599
0.06564988 0.01643968 0.55634749 0.11744200 -0.04464800 0.69065601
0.11723929 -0.06732886 0.35767782 0.09450800 -0.05463100 0.54046899
-0.58963468 0.17438206 0.14836886 -0.77165198 0.29051301 0.30698299
0.69869450 -0.00756519 -1.32608464 0.58226103 0.10397800 -1.34123003
0.03235499 -0.29396702 0.39517739 0.08595000 -0.27539000 0.49686199
0.46084788 0.54642216 -0.63680630 0.47233799 0.67812097 -0.84950501
1.83221614 0.26492156 0.51924172 2.07622099 0.22570001 0.65788102
0.25387904 -0.01179907 -0.07744894 0.27381301 -0.04888800 -0.01924700
0.15097093 -0.30498029 0.05028757 0.22479101 -0.35516101 0.06151000
-0.14995447 0.18089876 0.24988600 -0.23465499 0.19333500 0.23678499
0.32908826 -0.84852175 0.14534656 0.41733900 -0.77606398 0.12080400
-0.39340907 -0.41681241 0.27988026 -0.58426899 -0.48690400 0.40498599
-0.57778358 -0.52056254 0.15072565 -0.78166503 -0.72342300 0.28546500
0.88443337 0.08745641 0.98172565 0.98178500 0.11640500 1.12330902
-0.29910661 0.11164470 0.15871389 -0.48604599 0.23688000 0.21326999
-0.72453068 0.21946305 -0.93370830 -0.99193001 0.14862201 -1.13987303
0.02991479 -0.03683199 0.20560359 -0.03583100 -0.15116400 0.33926401
0.71145397 0.78898828 0.47262957 0.92568898 0.85708499 0.71136802
0.25576138 -0.38215236 -0.08980478 0.24777800 -0.53374499 -0.13338500
0.08020747 -0.06580852 0.09814873 0.06431200 -0.05759000 0.17878100
-0.10225850 0.38010703 -0.19100972 -0.16760799 0.52302098 -0.42876101
-0.18783231 -0.12429455 -0.12337898 -0.20181599 -0.18899000 -0.34037200
0.21643452 0.33325000 0.04466476 0.29837301 0.48490199 0.06962700
0.52809557 -0.39399025 0.95399266 0.59760898 -0.51865900 1.10332000
0.60628331 0.13573186 -0.87602889 0.74502498 0.28498501 -1.19044805
0.50789554 -0.12459184 -0.50689034 0.60451299 -0.23442300 -0.68117702
0.19460849 0.41657962 -0.37085917 0.22649600 0.59896201 -0.59134400
0.04071117 -1.23814586 0.52555871 -0.03077600 -1.28873301 0.65049398
0.01325164 0.36287194 0.33073500 0.04697500 0.43967599 0.42801300
-0.76304886 0.80359581 -0.16439446 -0.84943599 0.70300299 -0.31666800
-0.10167789 -0.54452495 -0.59731130 -0.09887600 -0.84843302 -0.64908701
0.14935210 0.00342576 -0.25549107 0.17688499 0.03945300 -0.38159800
-1.22062492 0.27851087 -0.64909878 -1.53539205 0.32519200 -0.57995403
0.14889166 0.21678915 -0.36208797 0.15991300 0.30809700 -0.50103402
0.05442525 0.00570587 0.27743305 0.02511900 0.02397500 0.29043600
0.25939333 0.61206520 -0.46229079 0.45171100 0.66810900 -0.48141199
-0.52936289 -0.20024804 -1.61228492 -0.61656499 -0.25445300 -1.86890197
-0.09990288 0.60705155 0.11502010 -0.28369001 0.84268397 0.27412701
1.01223434 0.29222734 1.42831882 1.08964801 0.33992001 1.76786697
-0.69988081 -0.35749217 0.59042631 -0.75926000 -0.31059301 0.70005399
-0.08112491 -0.09846627 0.03392383 -0.12767600 -0.04987100 -0.02216900
-0.40986934 0.04717868 0.19376479 -0.35270301 0.14148501 0.28996399
-0.22979222 -0.18744927 0.05734332 -0.20945200 -0.38912201 0.18261200
-0.01967871 0.63153944 0.43900787 0.01366400 0.76655799 0.41323200
-0.52507808 -0.78084418 0.70146595 -0.47754800 -0.92239898 0.82035899
0.54192451 0.58658379 0.36854278 0.55270702 0.77170902 0.48901200
-0.46610706 -0.10869805 -0.59605553 -0.58001202 -0.10408300 -0.90523201
0.99841239 0.52804364 -0.43718457 1.12466395 0.60949898 -0.57823098
-0.22427545 -0.24671812 -0.83762236 -0.02928800 -0.36486199 -1.15306306
-0.10844096 0.32856413 0.03969734 -0.01798700 0.36732399 0.02502900
-0.60466476 0.07047686 1.43038036 -0.67065102 -0.08330000 1.80922198
0.89386379 -0.58638386 0.34604818 1.16204000 -0.69739199 0.51984602
0.26719978 0.24257398 0.52399437 0.28677800 0.25256500 0.65299100
-1.08207851 0.49327583 -0.20753909 -1.47002900 0.65797001 -0.31364700
-0.66333066 -0.07982760 0.10289504 -0.69170600 -0.09285700 0.32813501
0.17992827 -0.27559985 0.40570728 0.10234900 -0.41927400 0.49656400
0.28162830 0.09443569 -0.27981425 0.31086299 0.06728400 -0.36935300
-0.38178896 0.31748906 -0.39570974 -0.55618000 0.28304899 -0.57932597
-0.27178211 0.52161491 -0.37604706 -0.45541200 0.61722201 -0.51198000
-0.41934397 0.81369392 0.86147259 -0.60253602 1.07484996 1.06297004
0.87800310 -0.43268130 -0.84092461 1.11383998 -0.62796599 -0.94463199
0.42018041 0.19353016 0.26465877 0.58583200 0.21550500 0.41756499
1.45971469 -0.06452076 -0.96294201 1.87303400 -0.24446601 -0.89999402
-0.08834986 0.53956693 -0.57012761 -0.09560500 0.62866098 -0.78502101
0.06077154 -0.56786168 -0.73876833 0.00605100 -0.60323799 -0.96587199
-0.66052491 -0.06728961 0.79368177 -0.74708599 -0.16080600 0.91304600
-0.03126545 0.01061186 0.11529608 0.03552200 0.09715600 0.16787700
-0.29999751 0.37268496 0.72805247 -0.38562399 0.36018500 1.03077304
0.14733348 -0.10999175 -0.47329102 0.17428400 -0.28207701 -0.62151200
-0.94693942 0.08723776 0.48186288 -1.35699606 0.07464100 0.61588299
1.16069863 -0.99309735 0.67242425 0.94745201 -1.01042295 0.66990602
0.59191880 -0.50475596 0.75358644 0.64360702 -0.52667600 0.90924102
-0.50344394 0.42240471 0.81135843 -0.46578601 0.40847501 0.91029102
-0.14161575 -0.50952797 -0.42533969 -0.13073900 -0.62379998 -0.61493897
0.62971469 -0.84039929 0.00662832 0.83128601 -1.02774096 0.06010000
0.01760915 -0.87170929 0.34114231 0.03824000 -1.05898404 0.33714801
-0.16524640 0.29095568 0.80628662 -0.31574100 0.13438500 0.83842599
-0.16794433 0.50360556 -0.49070993 -0.15375599 0.64858198 -0.54713500
1.78216099 0.03107733 0.59738028 1.99512506 0.01993600 0.63871199
1.69801923 -0.18567325 0.05909367 1.72147202 -0.23174500 0.26015401
-0.08879349 0.36793333 0.06615583 -0.30190700 0.51547998 0.11971400
0.11404730 0.51176681 -0.55802616 0.03116600 0.70830703 -0.60230100
0.20115898 -1.47858059 1.95315237 0.29291600 -1.60170305 1.91851199
-0.69770375 0.17120958 -0.00384555 -0.65161401 0.38383201 0.05535400
1.22336119 -0.40945146 -1.36263290 1.26392102 -0.44800600 -1.26433003
0.12015416 -0.20526970 -0.34740823 0.21219900 -0.20085500 -0.23986501
0.08002583 0.34224683 -0.59808257 0.13926800 0.43548501 -0.78758800
-0.29778908 0.11296309 -1.43373196 -0.33527201 0.40801701 -1.58283699
0.60754489 -0.78263481 0.38009386 0.64801103 -0.88909900 0.32759801
0.99964884 -0.47881063 -0.31429144 1.21948004 -0.36167899 -0.30802801
-0.32868726 -0.09897843 0.68728318 -0.45136800 -0.05402200 0.68860400
-0.82162629 -0.12434314 1.81935243 -0.61864102 -0.30751699 1.83184898
-0.08280363 0.40358363 -0.09515378 -0.05915400 0.52259701 -0.12913901
-0.02624888 0.21309387 0.92008141 -0.01648800 0.39158899 0.94293398
-0.05116523 0.04798809 -0.35998158 -0.11452700 0.02489600 -0.44378901
1.00017113 0.08010751 1.16577964 1.16792202 -0.15052600 1.30286705
-0.72635077 0.66237254 -1.10325172 -0.75827903 0.63793802 -1.22411096
-0.84864966 0.84125798 -1.27355184 -0.88961500 0.93436301 -1.43127501
0.35709914 -0.54770471 1.04663954 0.15087099 -0.53906697 1.12325394
-1.27165063 -0.14653156 0.00784133 -1.17780697 -0.01483000 -0.12131600
0.71585771 1.05928221 0.81658175 0.77285600 1.30770898 1.00267303
-1.18906708 -0.28194412 -1.41997261 -1.22922397 -0.37186199 -1.73038006
0.18777940 -0.10415570 0.17138690 0.30828699 -0.21633600 0.22998600
-0.06799080 0.42206618 -0.21683464 -0.03136100 0.48371699 -0.28747600
-0.41121196 0.98114336 0.39685526 -0.33406100 1.03292203 0.48409599
0.23633928 -0.43695788 0.15136623 0.32033101 -0.60647100 0.16539600
-0.24899049 0.01687759 -0.27001658 -0.46654400 0.12852600 -0.35741600
-0.02083456 0.05088171 0.39204698 0.04205700 0.07571900 0.58222002
1.01225848 -0.50248679 -0.70118702 1.16484201 -0.63319302 -0.76009601
-1.01809196 -0.51996597 -0.99551354 -1.05471599 -0.58051503 -0.91514403
0.16401778 0.84658700 -0.33633218 -0.00428900 1.05418098 -0.42770800
0.23597070 -0.88703469 0.04122954 0.36440301 -1.16037405 0.07546300
2.34384068 -0.26048058 2.13560757 2.45957303 -0.14287899 2.37998796
-2.53851679 0.34114931 -1.56814158 -2.70880508 0.53348798 -1.67503703
0.06265439 0.29417465 0.40067932 0.10685500 0.48457101 0.45846701
-0.24755682 -0.28655796 0.26491651 -0.37981001 -0.29885301 0.34112099
-0.53538205 -0.07285244 0.17915045 -0.63445300 0.03096900 0.11879700
-0.47722165 0.50759695 -2.11055857 -0.43867299 0.53315699 -2.25700808
0.06935273 0.07269668 -0.19926894 0.04598900 0.04746900 -0.21908601
-0.25819124 -0.65281545 0.04144635 -0.25341699 -0.81527299 0.01249200
-1.56015998 0.72389835 -1.30174094 -1.48059905 0.84430802 -1.32517004
0.14738357 0.40228039 -1.21865456 0.09007000 0.30292800 -1.53578496
-0.21167354 -0.66309759 0.76729493 -0.17236300 -0.66457403 0.82269299
-0.13852386 -0.27882916 -0.04124755 -0.20955200 -0.29208201 -0.07626600
0.38721257 -1.09079340 -0.34275368 0.16558599 -1.08928299 -0.41314900
0.52646274 -0.77028139 0.61511155 0.49706599 -0.73042500 0.62671399
-1.28348401 0.29174349 0.32848067 -1.31595600 0.11743900 0.33782899
0.53583195 0.38726526 -0.13101162 0.66426599 0.37041199 -0.38248101
-0.28859576 -0.07347127 0.15314693 -0.43110901 -0.07129000 0.30131701
-0.04738028 -0.05600544 -0.30150479 -0.13104200 -0.16715001 -0.37349799
-0.59869309 -0.39874282 0.43099893 -0.78900099 -0.46946099 0.58994401
0.70657660 -0.01537490 0.51628531 0.96124703 -0.01169200 0.67274803
-0.19081788 -0.82107493 0.88922830 -0.13835099 -1.01526403 0.94385999
0.28313318 1.29266972 1.40328945 0.18087500 1.55818403 1.62558901
-1.05549838 -0.24419701 -0.57127058 -1.46448302 -0.41340300 -0.62725103
0.22462716 1.36359459 0.01774418 0.32849199 1.70534205 -0.01508500
0.33944864 0.10488937 -0.30395493 0.54623997 0.07608400 -0.43055600
-0.54607681 -0.03876867 0.30717852 -0.49188000 0.13890700 0.40950599
-0.68398811 -0.04797531 1.29504374 -0.41669801 -0.24305800 1.36152005
-0.05625965 -0.32323314 0.43015751 -0.01749000 -0.42524099 0.42213100
-0.16455575 -0.13724800 0.25152376 -0.22139800 -0.27577499 0.31310901
-0.25298505 0.19776595 -0.42179640 -0.47191501 0.41887900 -0.39086100
1.69611477 -0.70625167 -0.12219028 1.53123498 -0.72737700 -0.30192101
0.41148014 0.11814805 0.12886967 0.46416101 0.21893901 0.19495800
-0.07565107 -0.09348179 -0.24357761 -0.07631700 -0.21137100 -0.32911500
0.00805030 1.38491705 -0.66263179 0.00059300 1.58245397 -0.79633898
-0.07391175 0.95665067 -1.00910363 0.02432100 0.87589401 -0.94657499
-0.45888259 0.18002979 0.13914822 -0.38828200 -0.05480300 0.08648700
-0.21171354 -0.80117342 -1.16906045 -0.23337300 -0.72685200 -1.14792502
0.58966289 0.39075204 0.14928111 0.75637800 0.38625401 0.11350600
0.45232031 0.86021800 -0.04477911 0.53394997 0.88689202 0.10562700
0.41100353 0.30147524 0.33507540 0.43972099 0.36258999 0.46412799
-0.33598043 0.26130006 0.30162801 -0.44962499 0.37381700 0.44642901
-0.17393541 0.22471251 0.02953177 -0.12258200 0.20935300 -0.04741200
0.62362570 0.08658429 -0.00038129 0.77953303 0.09528300 -0.12337500
0.07859524 0.89448713 0.52018784 0.11062200 1.01251304 0.38353699
0.33591003 0.03783157 -0.58864770 0.57483202 -0.05913100 -0.70909798
0.22895902 0.47852412 0.15583015 0.26949400 0.63904500 0.18150300
-0.93741797 -0.69037639 -0.50358543 -1.00494397 -0.78931803 -0.66584003
-0.19999354 -0.64982164 0.10737758 -0.26075900 -0.79989898 0.04342600
0.86223233 0.33412073 0.34918655 0.75536299 0.21760300 0.36813399
-0.36727380 -0.51666029 0.70366270 -0.59153998 -0.51981902 0.89310402
0.01517809 -0.23157912 -0.03347430 0.11968900 -0.20619400 -0.13675900
0.08159751 0.01987282 0.19572838 0.12125000 0.08192000 0.24864000
0.04885834 -0.03147126 -0.42952483 0.00003800 -0.16629800 -0.43836001
0.27841538 -0.14003329 -0.59738652 0.39602101 -0.14399400 -0.76108301
-0.27017555 0.13969485 -0.01156822 -0.32434899 0.18393099 -0.02777300
-0.28184474 0.26897281 -0.04466222 -0.54183501 0.27923900 -0.02138600
0.18047838 -0.07441120 -0.63914609 0.18321200 -0.07855300 -0.90437299
0.31683038 -0.41111764 0.33700022 0.26139101 -0.54044503 0.38467899
-0.29299874 0.03347797 0.37501284 -0.23773000 -0.03979700 0.51410401
-0.13127122 -0.35347189 -0.00287013 -0.22006600 -0.43773100 0.00434800
0.14146242 -0.23931975 -0.97321889 0.20416300 -0.41590199 -1.13961995
-0.01969889 0.11387895 0.43170025 0.02130400 0.05722900 0.58090198
-0.33488988 -0.17031471 0.76864848 -0.26893201 -0.19030599 0.78439403
-1.32028652 1.35126508 -0.70710960 -1.46000004 1.44594204 -0.90083897
1.70975510 -2.00089505 0.72700589 1.53382897 -1.77258396 0.79797202
0.35314541 1.26313508 1.08199243 0.30189899 1.13813603 1.04833305
-1.76830825 1.51749201 -1.55411214 -1.57089305 1.54154301 -1.42976606
0.84705137 -1.31065893 0.42669188 0.87563503 -1.37083304 0.52566200
0.27611296 0.58377233 1.63048163 0.11607200 0.45321801 1.63824797
-0.07355444 0.35699290 0.84592377 -0.18012001 0.43942401 1.12036097
0.21430319 -0.09093360 0.31454111 0.23751201 -0.04624300 0.46196300
-0.20715308 0.98079234 -0.31580446 -0.28486401 1.16820204 -0.35249299
0.04284977 0.19775519 -0.24015607 0.03247900 0.18517800 -0.35030299
-0.05825395 -0.23389020 0.06790217 -0.05761000 -0.31374499 0.14714900
0.20756126 0.32687183 0.95418306 0.23593500 0.47195300 1.09096098
1.01545339 -0.22914445 -0.39376609 1.37912905 -0.30420801 -0.59051800
0.21919803 0.25292941 -0.99302095 0.22600500 0.34280199 -1.26148498
1.65341609 0.26308460 0.22216708 1.64329803 0.47310999 0.52736402
-0.37595653 0.86367478 -0.46552808 -0.47869301 1.23414505 -0.74653500
-2.23606628 2.61668012 -0.91440442 -2.01497102 2.58284092 -0.93089300
-0.39522676 0.23846950 -0.64802754 -0.39636800 0.30545199 -0.72350401
-0.47370202 0.07835228 -0.37159093 -0.76475298 0.16865700 -0.41927001
-1.30573010 -0.33145888 -0.79142182 -1.40578997 -0.17137600 -0.57762903
0.09658825 0.04703477 0.38229599 0.03966500 0.28565100 0.37123200
-0.15321434 -0.12999016 -0.29770476 -0.12118300 -0.19221801 -0.38804501
0.15459416 -0.25767160 0.07627320 0.24216001 -0.41912699 0.10439500
-1.87669686 1.44636822 -1.13542552 -1.60296202 1.19403994 -1.11080301
-0.12717598 0.50600070 -0.34869144 -0.07408500 0.58434898 -0.45163700
-0.31327996 0.17060091 -0.39052860 -0.35339099 0.34251699 -0.41410801
-1.53346225 0.84849579 -1.85964760 -1.59635198 0.78599799 -1.93315005
-1.14276994 0.30359571 -0.22925926 -1.49425197 0.40915599 -0.30269700
0.13312885 -0.21257806 -0.33150035 0.23007700 -0.25577900 -0.42708099
-0.26655129 0.50431370 0.32222013 -0.46940899 0.63463199 0.35527599
-0.05114305 -0.02818131 -0.06327599 -0.23590600 -0.05442900 -0.04977600
-1.45538516 -0.40326862 -0.22020557 -1.47967196 -0.25617400 -0.25112399
0.84864124 -0.18513200 0.62738131 1.06945300 -0.34396800 0.74288303
0.18228992 0.19072593 -0.93962138 0.34556600 0.22429600 -1.03535104
1.21364830 -0.73856786 1.55912351 1.22179699 -0.74950701 1.47252405
0.36760032 -0.00861618 0.50557977 0.47802299 0.07620200 0.62979102
1.07691350 -0.43366030 -1.06896858 1.03150201 -0.50881702 -1.25579906
-0.60437517 0.09879140 0.10895208 -0.61900997 0.07916500 0.03960600
2.87560602 -1.31401840 1.59165432 2.95134497 -1.07191801 1.45247102
-0.76583889 -0.56352866 0.89567842 -0.77672899 -0.66300702 1.08570802
0.25133833 -0.20788829 -0.19596100 0.29334900 -0.29830101 -0.21099900
0.60941440 -0.37818427 0.69769148 0.60326803 -0.42435801 0.78771502
-0.54741131 -0.52004365 0.26472242 -0.79267699 -0.73450297 0.52975798
-0.33003654 -0.09239769 -0.14067479 -0.33404499 -0.09121500 -0.26734999
0.10592229 0.06076146 0.03456029 0.06538900 0.09894300 0.05361300
0.43491424 -1.28666075 -0.48157120 0.37028399 -1.40727699 -0.49252701
0.06994229 -0.27810347 0.57897967 0.02200800 -0.51559299 1.02186203
0.49234246 -0.47330043 0.66264617 0.48409900 -0.39166000 0.70402300
0.01794219 0.29194952 0.34238216 0.02166900 0.18484101 0.40970799
0.57249531 -0.11612854 -0.22658573 0.75251198 -0.07084200 -0.21503600
0.54781319 0.26320721 -0.92972829 0.65242100 0.24571800 -0.99422503
-0.92484739 0.08849314 -0.48872739 -0.94581699 0.09199700 -0.46186900
-0.23908932 -0.49209047 0.03113173 -0.32630500 -0.67156899 0.27075699
0.20230272 -0.09495081 0.18000157 0.29416001 -0.01552200 0.32299599
-0.18706028 -0.23198342 0.78084370 -0.10301900 -0.15635300 1.02323103
-0.46586184 -1.04377123 -0.65287527 -0.50609499 -1.20166004 -0.91015798
0.27620873 -0.30834144 -0.23478388 0.49518099 -0.42349401 -0.25302801
2.12833449 -1.08368609 0.49415161 1.98417103 -0.68042302 0.20201300
-0.18442050 0.62633655 -0.10326207 -0.36077499 0.78546399 -0.09482900
0.11170646 -0.08871259 -0.22589023 0.46476600 -0.18247700 -0.12499000
-0.47393879 -0.60987862 0.66068185 -0.66264701 -0.84317303 0.79250503
-0.08651706 0.64900720 -0.13870772 -0.09402400 1.00629103 -0.25644299
-0.35582720 -0.60052119 -0.50177581 -0.38872299 -0.75705999 -0.36530000
-0.24377046 -0.44068643 -0.63933430 -0.30563200 -0.57698601 -0.84524202
-0.49573245 -0.67794786 0.22842273 -0.78579199 -0.86115599 0.27025801
-1.51017911 -0.01967611 1.12380552 -1.33104002 -0.09380000 1.31449902
0.24179654 0.64363649 -0.84185172 0.15506700 0.60272002 -1.19067299
0.38825166 -1.14726303 -1.10429089 0.59853297 -1.06409299 -0.93772101
0.60819761 -1.28093416 -0.32825823 0.79258603 -1.04199898 -0.35123000
0.69830967 1.74250315 1.48988241 0.59996003 1.48805702 1.19990599
0.59374684 0.02568166 0.86277320 0.79041600 -0.10751200 0.91870302
