0.00008581 -0.44264280 0.07782839 -0.00000000 -0.07390100 -0.11590000
-0.00008236 0.44296270 -0.07762230 -0.00000000 0.07390100 0.11590000
-0.00008235 -0.44269940 -0.07786493 -0.00000000 -0.07390100 0.11590000
0.00008581 0.44259572 0.07769633 -0.00000000 0.07390100 -0.11590000
0.00001188 0.00005584 -0.00004724 -0.00000000 0.00000000 -0.00000000
-0.00004368 -0.00002754 0.00000293 -0.00000000 0.00000000 -0.00000000
0.00013350 0.00006322 -0.00004285 0.00000000 0.00000000 -0.00000000
0.00018906 -0.00003492 0.00000732 0.00000000 0.00000000 -0.00000000
0.00002112 0.14810278 -0.04357094 -0.00000000 0.11036800 -0.11242300
-0.00001743 -0.14812185 0.04378976 -0.00000000 -0.11036800 0.11242300
-0.00001743 0.14810929 0.04358151 -0.00000000 0.11036800 0.11242300
0.00002112 -0.14823230 -0.04353686 -0.00000000 -0.11036800 -0.11242300
-0.08483591 0.01267876 0.10752779 0.08769500 0.13716801 0.13056099
0.08485917 -0.01272547 -0.10759119 -0.08769500 -0.13716801 -0.13056099
0.08483948 0.01264547 -0.10750170 -0.08769500 0.13716801 -0.13056099
-0.08477996 -0.01272824 -0.10754034 0.08769500 -0.13716801 -0.13056099
-0.08487999 -0.01273850 0.10765510 0.08769500 -0.13716801 0.13056099
0.08473785 0.01268656 0.10747223 -0.08769500 0.13716801 0.13056099
0.08478193 -0.01274630 0.10759953 -0.08769500 -0.13716801 0.13056099
-0.08476028 0.01264824 -0.10745084 0.08769500 0.13716801 -0.13056099
0.00002160 -0.00698681 0.18710515 -0.00000000 -0.19924100 0.16605800
-0.00008708 0.00676874 -0.18726847 -0.00000000 0.19924100 -0.16605800
-0.00008708 -0.00706645 -0.18707556 0.00000000 -0.19924100 -0.16605800
0.00002160 0.00700338 0.18712606 0.00000000 0.19924100 0.16605800
0.00001686 0.57253643 0.39973622 -0.00000000 0.46933699 0.16105901
-0.00008513 -0.57231410 -0.39999922 -0.00000000 -0.46933699 -0.16105901
-0.00008513 0.57253053 -0.39976863 0.00000000 0.46933699 -0.16105901
0.00001686 -0.57246695 0.39981853 -0.00000000 -0.46933699 0.16105901
0.00000627 -0.07884644 -1.18657878 -0.00000000 0.02758000 -1.19904697
-0.00000618 0.07870845 1.18652603 0.00000000 -0.02758000 1.19904697
-0.00000618 -0.07877072 1.18661630 -0.00000000 0.02758000 1.19904697
0.00000627 0.07905266 -1.18662931 0.00000000 -0.02758000 -1.19904697
0.00000784 -0.32722658 0.04670020 -0.00000000 0.00055500 -0.00006000
-0.00000424 0.32722695 -0.04670292 -0.00000000 -0.00055500 0.00006000
-0.00000424 -0.32739347 -0.04667538 -0.00000000 0.00055500 0.00006000
0.00000784 0.32718708 0.04666106 -0.00000000 -0.00055500 -0.00006000
-0.00001682 0.00004577 0.00003167 -0.00000000 -0.00000000 -0.00000000
0.00000321 -0.00004446 0.00001721 -0.00000000 -0.00000000 -0.00000000
0.00015724 0.00005416 0.00002928 -0.00000000 -0.00000000 -0.00000000
0.00013721 -0.00005286 0.00001482 -0.00000000 -0.00000000 -0.00000000
0.00010053 -0.10730970 -0.08814543 -0.00000000 -0.00180600 0.00279400
-0.00009522 0.10732022 0.08809951 -0.00000000 0.00180600 -0.00279400
-0.00009522 -0.10727759 0.08818439 -0.00000000 -0.00180600 -0.00279400
0.00010053 0.10719312 -0.08796222 -0.00000000 0.00180600 0.00279400
-0.23065234 -0.13419795 -0.06215732 -0.00163500 0.00205800 -0.00090200
0.23064623 0.13415715 0.06213565 0.00163500 -0.00205800 0.00090200
0.23065951 -0.13421315 0.06218481 0.00163500 0.00205800 0.00090200
-0.23076964 0.13421593 0.06212364 -0.00163500 -0.00205800 0.00090200
-0.23067227 0.13420662 -0.06218107 -0.00163500 -0.00205800 -0.00090200
0.23075476 -0.13425139 -0.06215218 0.00163500 0.00205800 -0.00090200
0.23077469 0.13426007 -0.06217594 0.00163500 -0.00205800 -0.00090200
-0.23078292 -0.13427193 0.06217280 -0.00163500 0.00205800 0.00090200
0.00001967 0.28259614 0.04139723 -0.00000000 -0.00062300 -0.00424200
-0.00008480 -0.28260541 -0.04139823 -0.00000000 0.00062300 0.00424200
-0.00008480 0.28280633 -0.04148156 -0.00000000 -0.00062300 0.00424200
0.00001967 -0.28259959 0.04140124 -0.00000000 0.00062300 -0.00424200
0.00001895 -0.05451751 0.32856050 -0.00000000 -0.00052500 0.00177900
-0.00008271 0.05455159 -0.32845217 -0.00000000 0.00052500 -0.00177900
-0.00008271 -0.05465999 -0.32867049 -0.00000000 -0.00052500 -0.00177900
0.00001895 0.05455088 0.32852184 -0.00000000 0.00052500 0.00177900
0.00000683 -0.03242000 0.65466179 -0.00000000 -0.00065900 -0.00451800
-0.00000630 0.03240988 -0.65468475 -0.00000000 0.00065900 0.00451800
-0.00000630 -0.03238623 -0.65463609 -0.00000000 -0.00065900 0.00451800
0.00000683 0.03264592 0.65457808 -0.00000000 0.00065900 -0.00451800
0.00000208 -0.41771194 0.08199303 0.00000000 -0.06453400 -0.09645900
-0.00000712 0.41758634 -0.08192551 0.00000000 0.06453400 0.09645900
-0.00000712 -0.41766998 -0.08185552 0.00000000 -0.06453400 0.09645900
0.00000208 0.41790497 0.08187022 0.00000000 0.06453400 -0.09645900
-0.00008719 0.00005191 0.00000508 0.00000000 -0.00000000 -0.00000000
-0.00007351 0.00006311 -0.00016553 0.00000000 0.00000000 -0.00000000
-0.00013966 0.00004026 -0.00000153 0.00000000 -0.00000000 -0.00000000
-0.00015334 0.00007476 -0.00017214 0.00000000 0.00000000 -0.00000000
0.00003209 0.11337837 -0.02748344 0.00000000 0.09614000 -0.09453400
-0.00003736 -0.11351925 0.02743883 0.00000000 -0.09614000 0.09453400
-0.00003736 0.11359910 0.02740583 0.00000000 0.09614000 0.09453400
0.00003209 -0.11346494 -0.02745109 0.00000000 -0.09614000 -0.09453400
-0.09702147 -0.00821438 0.09315763 0.07471000 0.11735400 0.11137600
0.09703555 0.00831110 -0.09307126 -0.07471000 -0.11735400 -0.11137600
0.09713820 -0.00827229 -0.09319294 -0.07471000 0.11735400 -0.11137600
-0.09705721 0.00832800 -0.09306687 0.07471000 -0.11735400 -0.11137600
-0.09711970 0.00823247 0.09320663 0.07471000 -0.11735400 0.11137600
0.09707240 -0.00823862 0.09316041 -0.07471000 0.11735400 0.11137600
0.09717062 0.00825671 0.09320941 -0.07471000 -0.11735400 0.11137600
-0.09715986 -0.00828920 -0.09318855 0.07471000 0.11735400 -0.11137600
0.00006815 0.02947875 0.15832824 0.00000000 -0.16985400 0.14003401
0.00003370 -0.02954815 -0.15837602 0.00000000 0.16985400 -0.14003401
0.00003370 0.02946792 -0.15832342 0.00000000 -0.16985400 -0.14003401
0.00006815 -0.02969920 0.15844908 0.00000000 0.16985400 0.14003401
0.00007111 0.48860786 0.35802296 0.00000000 0.39843401 0.13586301
0.00003517 -0.48873998 -0.35793884 0.00000000 -0.39843401 -0.13586301
0.00003517 0.48858536 -0.35814870 0.00000000 0.39843401 -0.13586301
0.00007111 -0.48862227 0.35807677 0.00000000 -0.39843401 0.13586301
0.00000150 -0.08374726 -0.95424090 0.00000000 0.02328800 -1.01864398
-0.00000173 0.08403049 0.95426194 0.00000000 -0.02328800 1.01864398
-0.00000173 -0.08403584 0.95439884 0.00000000 0.02328800 1.01864398
0.00000150 0.08377582 -0.95438263 0.00000000 -0.02328800 -1.01864398
0.00006112 -0.32688717 0.04927786 0.00000000 0.00054200 0.00066100
-0.00000524 0.32705413 -0.04914894 -0.00000000 -0.00054200 -0.00066100
-0.00000524 -0.32703970 -0.04902591 -0.00000000 0.00054200 -0.00066100
0.00006112 0.32688390 0.04921539 -0.00000000 -0.00054200 0.00066100
-0.00008258 0.00000234 0.00005143 -0.00000000 0.00000000 0.00000000
-0.00002838 0.00009739 -0.00011011 0.00000000 0.00000000 0.00000000
-0.00012651 -0.00000893 0.00005644 -0.00000000 0.00000000 0.00000000
-0.00018071 0.00010866 -0.00010510 0.00000000 -0.00000000 0.00000000
0.00002831 -0.10958016 -0.07023479 0.00000000 -0.00486300 -0.00092800
0.00004782 0.10949799 0.07022454 0.00000000 0.00486300 0.00092800
0.00004782 -0.10962076 0.07024598 0.00000000 -0.00486300 0.00092800
0.00002831 0.10956263 -0.07026355 0.00000000 0.00486300 -0.00092800
-0.22104346 -0.12407272 -0.04732154 0.00254000 0.00032600 -0.00264400
0.22109759 0.12405250 0.04732142 -0.00254000 -0.00032600 0.00264400
0.22116428 -0.12401129 0.04721635 -0.00254000 0.00032600 0.00264400
-0.22111589 0.12406724 0.04732419 0.00254000 -0.00032600 0.00264400
-0.22105212 0.12404906 -0.04736021 0.00254000 -0.00032600 -0.00264400
0.22090854 -0.12403095 -0.04736444 -0.00254000 0.00032600 -0.00264400
0.22091720 0.12400729 -0.04740311 -0.00254000 -0.00032600 -0.00264400
-0.22118259 -0.12402603 0.04721911 0.00254000 0.00032600 0.00264400
0.00007453 0.26051872 0.02522269 0.00000000 0.00295500 0.00127600
0.00003681 -0.26070175 -0.02528107 0.00000000 -0.00295500 -0.00127600
0.00003681 0.26063402 -0.02521538 0.00000000 0.00295500 -0.00127600
0.00007453 -0.26050949 0.02519024 0.00000000 -0.00295500 0.00127600
0.00007209 -0.05372549 0.30459680 -0.00000000 0.00048700 0.00189700
0.00004036 0.05356101 -0.30443811 0.00000000 -0.00048700 -0.00189700
0.00004036 -0.05371915 -0.30455933 0.00000000 0.00048700 -0.00189700
0.00007209 0.05369889 0.30458289 0.00000000 -0.00048700 0.00189700
0.00000585 -0.05123840 0.60502741 -0.00000000 0.00405500 0.00134700
0.00000066 0.05137306 -0.60497194 -0.00000000 -0.00405500 -0.00134700
0.00000066 -0.05128058 -0.60506722 -0.00000000 0.00405500 -0.00134700
0.00000585 0.05128375 0.60509800 -0.00000000 -0.00405500 0.00134700
-0.00007405 -0.39258598 0.08835819 -0.00000000 -0.05567700 -0.07830800
0.00000210 0.39280065 -0.08841551 0.00000000 0.05567700 0.07830800
0.00000210 -0.39269625 -0.08839861 -0.00000000 -0.05567700 0.07830800
-0.00007405 0.39279153 0.08842095 0.00000000 0.05567700 -0.07830800
0.00005333 0.00002563 -0.00004737 -0.00000000 0.00000000 0.00000000
0.00014182 -0.00005474 0.00004507 0.00000000 -0.00000000 -0.00000000
0.00015066 0.00003510 -0.00004276 0.00000000 -0.00000000 -0.00000000
0.00006217 -0.00006421 0.00004967 -0.00000000 -0.00000000 0.00000000
-0.00004450 0.07997856 -0.01245074 -0.00000000 0.08249700 -0.07698900
-0.00004695 -0.08007468 0.01246190 -0.00000000 -0.08249700 0.07698900
-0.00004695 0.08005748 0.01246996 0.00000000 0.08249700 0.07698900
-0.00004450 -0.08001183 -0.01245197 0.00000000 -0.08249700 -0.07698900
-0.10671200 -0.02062982 0.08651195 0.06205300 0.09796600 0.09264000
0.10668384 0.02061191 -0.08652065 -0.06205300 -0.09796600 -0.09264000
0.10666674 -0.02066410 -0.08648520 -0.06205300 0.09796600 -0.09264000
-0.10664187 0.02058582 -0.08652084 0.06205300 -0.09796600 -0.09264000
-0.10674172 0.02060133 0.08657098 0.06205300 -0.09796600 0.09264000
0.10686049 -0.02067532 0.08655897 -0.06205300 0.09796600 0.09264000
0.10689021 0.02064683 0.08661801 -0.06205300 -0.09796600 0.09264000
-0.10662476 -0.02063800 -0.08648539 0.06205300 0.09796600 -0.09264000
-0.00007532 0.05303127 0.12278035 -0.00000000 -0.14123701 0.11530200
-0.00003138 -0.05303353 -0.12281991 -0.00000000 0.14123701 -0.11530200
-0.00003138 0.05314268 -0.12290617 -0.00000000 -0.14123701 -0.11530200
-0.00007532 -0.05288152 0.12271123 0.00000000 0.14123701 0.11530200
-0.00007753 0.40202163 0.32645765 -0.00000000 0.33021501 0.11186000
-0.00003709 -0.40205207 -0.32641674 0.00000000 -0.33021501 -0.11186000
-0.00003709 0.40203964 -0.32646157 -0.00000000 0.33021501 -0.11186000
-0.00007753 -0.40205133 0.32643958 -0.00000000 -0.33021501 0.11186000
-0.00000730 -0.08807227 -0.73892199 0.00000000 0.01913700 -0.84588999
-0.00000244 0.08794079 0.73897529 0.00000000 -0.01913700 0.84588999
-0.00000244 -0.08801627 0.73893868 0.00000000 0.01913700 0.84588999
-0.00000730 0.08789106 -0.73902303 -0.00000000 -0.01913700 -0.84588999
-0.00000270 -0.32282800 0.05923014 -0.00000000 0.00062400 0.00137300
0.00000204 0.32267178 -0.05903898 0.00000000 -0.00062400 -0.00137300
0.00000204 -0.32293701 -0.05906154 0.00000000 0.00062400 -0.00137300
-0.00000270 0.32270163 0.05923757 -0.00000000 -0.00062400 0.00137300
0.00006180 -0.00003706 0.00004416 -0.00000000 0.00000000 0.00000000
0.00008133 -0.00008879 0.00007732 0.00000000 0.00000000 0.00000000
0.00014779 -0.00002524 0.00004300 -0.00000000 0.00000000 0.00000000
0.00012827 -0.00010061 0.00007615 0.00000000 0.00000000 0.00000000
-0.00003864 -0.10526440 -0.04910347 -0.00000000 -0.00186800 -0.00179300
0.00003771 0.10511908 0.04916435 0.00000000 0.00186800 0.00179300
0.00003771 -0.10527797 0.04921175 -0.00000000 -0.00186800 0.00179300
-0.00003864 0.10529176 -0.04908469 -0.00000000 0.00186800 -0.00179300
-0.21567716 -0.11285508 -0.02736056 -0.00007600 -0.00107000 -0.00257500
0.21573183 0.11284493 0.02729244 0.00007600 0.00107000 0.00257500
0.21573171 -0.11279592 0.02724932 0.00007600 -0.00107000 0.00257500
-0.21569397 0.11282378 0.02729377 -0.00007600 0.00107000 0.00257500
-0.21575312 0.11294483 -0.02740960 -0.00007600 0.00107000 -0.00257500
0.21562538 -0.11283264 -0.02736643 0.00007600 -0.00107000 -0.00257500
0.21570133 0.11292238 -0.02741547 0.00007600 0.00107000 -0.00257500
-0.21569385 -0.11277476 0.02725064 -0.00007600 -0.00107000 0.00257500
-0.00006930 0.22660556 -0.00050739 -0.00000000 0.00154400 -0.00167600
-0.00002776 -0.22663815 0.00055364 0.00000000 -0.00154400 0.00167600
-0.00002776 0.22680829 0.00043037 0.00000000 0.00154400 0.00167600
-0.00006930 -0.22653536 -0.00059590 0.00000000 -0.00154400 -0.00167600
-0.00006926 -0.05774484 0.28625108 0.00000000 -0.00221600 0.00182800
-0.00002786 0.05781320 -0.28626777 0.00000000 0.00221600 -0.00182800
-0.00002786 -0.05786378 -0.28628315 0.00000000 -0.00221600 -0.00182800
-0.00006926 0.05777932 0.28631374 -0.00000000 0.00221600 0.00182800
-0.00000218 -0.07219512 0.54204756 -0.00000000 0.00248400 -0.00167100
0.00000229 0.07238216 -0.54218291 -0.00000000 -0.00248400 0.00167100
0.00000229 -0.07216165 -0.54215913 -0.00000000 0.00248400 0.00167100
-0.00000218 0.07224768 0.54207001 0.00000000 -0.00248400 -0.00167100
-0.00007630 -0.36594392 0.09468905 0.00000000 -0.04671700 -0.06129500
0.00007599 0.36595455 -0.09467193 0.00000000 0.04671700 0.06129500
0.00007599 -0.36573932 -0.09470732 0.00000000 -0.04671700 0.06129500
-0.00007630 0.36597413 0.09471315 -0.00000000 0.04671700 -0.06129500
-0.00001485 -0.00002100 -0.00001649 0.00000000 0.00000000 0.00000000
-0.00001157 0.00005391 -0.00004313 -0.00000000 0.00000000 0.00000000
-0.00014748 -0.00002956 -0.00002085 0.00000000 -0.00000000 0.00000000
-0.00015077 0.00006246 -0.00004750 -0.00000000 0.00000000 0.00000000
-0.00002771 0.04765442 0.00281462 0.00000000 0.06895100 -0.05948900
0.00002810 -0.04752597 -0.00291543 -0.00000000 -0.06895100 0.05948900
0.00002810 0.04751004 -0.00292109 -0.00000000 0.06895100 0.05948900
-0.00002771 -0.04743531 0.00281387 -0.00000000 -0.06895100 -0.05948900
-0.11447819 -0.02568383 0.08642848 0.05024200 0.07921800 0.07428000
0.11449053 0.02569110 -0.08644455 -0.05024200 -0.07921800 -0.07428000
0.11454945 -0.02577460 -0.08640426 -0.05024200 0.07921800 -0.07428000
-0.11455390 0.02569218 -0.08648708 0.05024200 -0.07921800 -0.07428000
-0.11448169 0.02570245 0.08641653 0.05024200 -0.07921800 0.07428000
0.11455424 -0.02568658 0.08647387 -0.05024200 0.07921800 0.07428000
0.11455773 0.02570521 0.08646193 -0.05024200 -0.07921800 0.07428000
-0.11461283 -0.02577569 -0.08644680 0.05024200 0.07921800 -0.07428000
-0.00002278 0.06416965 0.08178457 0.00000000 -0.11334200 0.09160900
0.00009577 -0.06415960 -0.08179469 0.00000000 0.11334200 -0.09160900
0.00009576 0.06398445 -0.08169212 -0.00000000 -0.11334200 -0.09160900
-0.00002278 -0.06414018 0.08176953 0.00000000 0.11334200 0.09160900
-0.00001834 0.31518470 0.30563541 -0.00000000 0.26490000 0.08909400
0.00009480 -0.31527796 -0.30545574 -0.00000000 -0.26490000 -0.08909400
0.00009480 0.31531057 -0.30544201 0.00000000 0.26490000 -0.08909400
-0.00001834 -0.31525127 0.30554892 0.00000000 -0.26490000 0.08909400
-0.00000590 -0.09125245 -0.53920035 -0.00000000 0.01477100 -0.68020499
0.00000604 0.09127864 0.53918268 0.00000000 -0.01477100 0.68020499
0.00000604 -0.09133486 0.53914964 0.00000000 0.01477100 0.68020499
-0.00000590 0.09110365 -0.53917092 -0.00000000 -0.01477100 -0.68020499
-0.00006650 -0.32114415 0.06466615 -0.00000000 -0.00025800 -0.00044400
0.00006654 0.32115882 -0.06474465 -0.00000000 0.00025800 0.00044400
0.00006654 -0.32106065 -0.06463261 -0.00000000 -0.00025800 0.00044400
-0.00006650 0.32104680 0.06465399 0.00000000 0.00025800 -0.00044400
0.00002659 0.00002225 0.00000733 -0.00000000 -0.00000000 0.00000000
-0.00004218 0.00004497 -0.00001114 -0.00000000 -0.00000000 0.00000000
-0.00018543 0.00001338 0.00000732 0.00000000 -0.00000000 0.00000000
-0.00011665 0.00005384 -0.00001115 -0.00000000 -0.00000000 0.00000000
-0.00002520 -0.10145863 -0.02219738 0.00000000 -0.00313800 0.00236600
0.00002540 0.10159565 0.02218921 -0.00000000 0.00313800 -0.00236600
0.00002540 -0.10156188 0.02218936 -0.00000000 -0.00313800 -0.00236600
-0.00002520 0.10142915 -0.02229165 0.00000000 0.00313800 0.00236600
-0.20189532 -0.09168234 -0.00341413 -0.00033900 0.00249900 -0.00367000
0.20195060 0.09176255 0.00342050 0.00033900 -0.00249900 0.00367000
0.20197082 -0.09177584 0.00344373 0.00033900 0.00249900 0.00367000
-0.20200595 0.09176417 0.00338459 -0.00033900 -0.00249900 0.00367000
-0.20189873 0.09172763 -0.00344127 -0.00033900 -0.00249900 -0.00367000
0.20196296 -0.09168528 -0.00337463 0.00033900 0.00249900 -0.00367000
0.20196637 0.09173057 -0.00340177 0.00033900 -0.00249900 -0.00367000
-0.20202617 -0.09177745 0.00340782 -0.00033900 0.00249900 0.00367000
-0.00002313 0.19667938 -0.02164293 -0.00000000 0.00258300 -0.00344100
0.00009601 -0.19678178 0.02156279 0.00000000 -0.00258300 0.00344100
0.00009601 0.19672675 0.02160619 -0.00000000 0.00258300 0.00344100
-0.00002313 -0.19679690 -0.02157559 -0.00000000 -0.00258300 -0.00344100
-0.00001813 -0.06241790 0.27743971 -0.00000000 -0.00139900 0.00024500
0.00009168 0.06241094 -0.27748597 0.00000000 0.00139900 -0.00024500
0.00009168 -0.06238954 -0.27746122 0.00000000 -0.00139900 -0.00024500
-0.00001813 0.06247406 0.27762213 -0.00000000 0.00139900 0.00024500
-0.00000677 -0.08315083 0.48731746 0.00000000 -0.00103300 -0.00062900
0.00000664 0.08306060 -0.48721326 0.00000000 0.00103300 0.00062900
0.00000664 -0.08323684 -0.48734705 -0.00000000 -0.00103300 0.00062900
-0.00000677 0.08321849 0.48732813 -0.00000000 0.00103300 -0.00062900
0.00000034 -0.33913729 0.10229356 -0.00000000 -0.03413600 -0.04625200
-0.00000019 0.33905993 -0.10246934 -0.00000000 0.03413600 0.04625200
-0.00000019 -0.33916515 -0.10238840 -0.00000000 -0.03413600 0.04625200
0.00000034 0.33921609 0.10243834 -0.00000000 0.03413600 -0.04625200
0.00004335 0.00000091 -0.00002106 -0.00000000 -0.00000000 0.00000000
-0.00000265 0.00000977 -0.00010031 -0.00000000 -0.00000000 0.00000000
-0.00004009 0.00000109 -0.00002097 -0.00000000 0.00000000 0.00000000
0.00000591 0.00000959 -0.00010022 -0.00000000 0.00000000 0.00000000
0.00000209 0.01541252 0.01859664 -0.00000000 0.05266400 -0.04487600
-0.00000192 -0.01518962 -0.01858708 -0.00000000 -0.05266400 0.04487600
-0.00000192 0.01518647 -0.01845370 -0.00000000 0.05266400 0.04487600
0.00000209 -0.01524988 0.01847887 -0.00000000 -0.05266400 -0.04487600
-0.12042695 -0.02446731 0.09187197 0.03835400 0.06126600 0.05718000
0.12036799 0.02449945 -0.09179654 -0.03835400 -0.06126600 -0.05718000
0.12043448 -0.02458586 -0.09172649 -0.03835400 0.06126600 -0.05718000
-0.12037051 0.02450066 -0.09179666 0.03835400 -0.06126600 -0.05718000
-0.12038233 0.02451047 0.09178621 0.03835400 -0.06126600 0.05718000
0.12042880 -0.02446835 0.09187194 -0.03835400 0.06126600 0.05718000
0.12038418 0.02451151 0.09178618 -0.03835400 -0.06126600 0.05718000
-0.12043699 -0.02458707 -0.09172660 0.03835400 0.06126600 -0.05718000
0.00000040 0.06406590 0.03575951 -0.00000000 -0.08751200 0.06875700
-0.00000183 -0.06396002 -0.03577613 -0.00000000 0.08751200 -0.06875700
-0.00000183 0.06410515 -0.03581210 -0.00000000 -0.08751200 -0.06875700
0.00000040 -0.06415552 0.03586263 -0.00000000 0.08751200 0.06875700
0.00000042 0.22664837 0.29261958 -0.00000000 0.20218900 0.06724800
-0.00000191 -0.22670946 -0.29253779 -0.00000000 -0.20218900 -0.06724800
-0.00000191 0.22661944 -0.29270780 -0.00000000 0.20218900 -0.06724800
0.00000042 -0.22651623 0.29280212 -0.00000000 -0.20218900 0.06724800
0.00000010 -0.09398361 -0.35350545 -0.00000000 0.01089400 -0.51570302
-0.00000008 0.09381429 0.35350004 -0.00000000 -0.01089400 0.51570302
-0.00000008 -0.09379229 0.35340811 -0.00000000 0.01089400 0.51570302
0.00000010 0.09379604 -0.35354908 -0.00000000 -0.01089400 -0.51570302
0.00000057 -0.31573134 0.07491917 -0.00000000 -0.00121100 0.00087100
-0.00000016 0.31559492 -0.07486345 0.00000000 0.00121100 -0.00087100
-0.00000016 -0.31561750 -0.07475209 -0.00000000 -0.00121100 -0.00087100
0.00000057 0.31564385 0.07482320 -0.00000000 0.00121100 0.00087100
0.00000694 0.00000179 0.00003429 0.00000000 0.00000000 0.00000000
0.00000163 -0.00004031 -0.00015232 -0.00000000 0.00000000 -0.00000000
-0.00000368 0.00000197 0.00003432 0.00000000 0.00000000 -0.00000000
0.00000163 -0.00004049 -0.00015228 -0.00000000 0.00000000 0.00000000
0.00000198 -0.09077286 -0.00342527 0.00000000 0.00268300 -0.00112100
-0.00000146 0.09079948 0.00341107 -0.00000000 -0.00268300 0.00112100
-0.00000146 -0.09090726 0.00331241 -0.00000000 0.00268300 0.00112100
0.00000198 0.09078515 -0.00327682 -0.00000000 -0.00268300 -0.00112100
-0.18834328 -0.06941027 0.03009843 -0.00108900 0.00282600 0.00208300
0.18839952 0.06957533 -0.02996966 0.00108900 -0.00282600 -0.00208300
0.18843889 -0.06945950 -0.03012312 0.00108900 0.00282600 -0.00208300
-0.18840194 0.06957645 -0.02996986 -0.00108900 -0.00282600 -0.00208300
-0.18845309 0.06952692 0.03008607 -0.00108900 -0.00282600 0.00208300
0.18834422 -0.06941095 0.03009825 0.00108900 0.00282600 0.00208300
0.18845403 0.06952759 0.03008589 0.00108900 -0.00282600 0.00208300
-0.18844131 -0.06946063 -0.03012332 -0.00108900 0.00282600 -0.00208300
0.00000044 0.15587167 -0.04755608 0.00000000 -0.00201500 -0.00394800
-0.00000182 -0.15592728 0.04754160 -0.00000000 0.00201500 0.00394800
-0.00000182 0.15578641 0.04763289 -0.00000000 -0.00201500 0.00394800
0.00000044 -0.15585871 -0.04758690 0.00000000 0.00201500 -0.00394800
0.00000044 -0.06557916 0.27275186 0.00000000 0.00040600 0.00186400
-0.00000183 0.06550210 -0.27267992 0.00000000 -0.00040600 -0.00186400
-0.00000183 -0.06546803 -0.27255789 -0.00000000 0.00040600 -0.00186400
0.00000044 0.06540872 0.27255832 -0.00000000 -0.00040600 0.00186400
0.00000014 -0.08862524 0.42642128 -0.00000000 0.00134300 -0.00139100
-0.00000008 0.08874032 -0.42647395 0.00000000 -0.00134300 0.00139100
-0.00000008 -0.08876942 -0.42652830 0.00000000 0.00134300 0.00139100
0.00000014 0.08873627 0.42638221 -0.00000000 -0.00134300 -0.00139100
0.00001011 -0.31161648 0.11094495 -0.00000000 -0.02539400 -0.03049400
-0.00006977 0.31173765 -0.11085931 -0.00000000 0.02539400 0.03049400
-0.00006977 -0.31178276 -0.11087984 -0.00000000 -0.02539400 0.03049400
0.00001011 0.31167293 0.11087295 -0.00000000 0.02539400 -0.03049400
0.00003591 -0.00004705 0.00000127 -0.00000000 0.00000000 0.00000000
0.00004716 0.00008998 0.00003643 -0.00000000 0.00000000 0.00000000
0.00011854 -0.00003972 0.00000370 -0.00000000 0.00000000 0.00000000
0.00010729 0.00008265 0.00003886 -0.00000000 0.00000000 0.00000000
0.00003047 -0.01606509 0.03519764 -0.00000000 0.03916600 -0.02929200
-0.00010463 0.01620115 -0.03537989 -0.00000000 -0.03916600 0.02929200
-0.00010462 -0.01612949 -0.03538206 -0.00000000 0.03916600 0.02929200
0.00003047 0.01604806 0.03518932 -0.00000000 -0.03916600 -0.02929200
-0.12430248 -0.01791876 0.10173866 0.02730300 0.04377400 0.04018800
0.12452077 0.01791507 -0.10182803 -0.02730300 -0.04377400 -0.04018800
0.12452462 -0.01793991 -0.10181978 -0.02730300 0.04377400 -0.04018800
-0.12447103 0.01791466 -0.10179175 0.02730300 -0.04377400 -0.04018800
-0.12423695 0.01783699 0.10173233 0.02730300 -0.04377400 0.04018800
0.12441363 -0.01797711 0.10174239 -0.02730300 0.04377400 0.04018800
0.12434810 0.01789534 0.10173606 -0.02730300 -0.04377400 0.04018800
-0.12447489 -0.01793950 -0.10178350 0.02730300 0.04377400 -0.04018800
0.00001723 0.05417565 -0.01449849 -0.00000000 -0.06178900 0.04763100
-0.00010040 -0.05430070 0.01447005 -0.00000000 0.06178900 -0.04763100
-0.00010040 0.05429180 0.01446581 -0.00000000 -0.06178900 -0.04763100
0.00001723 -0.05421367 -0.01448142 -0.00000000 0.06178900 0.04763100
0.00001424 0.13640568 0.28667833 -0.00000000 0.14160800 0.04673300
-0.00010372 -0.13652027 -0.28651745 -0.00000000 -0.14160800 -0.04673300
-0.00010372 0.13651596 -0.28650322 -0.00000000 0.14160800 -0.04673300
0.00001424 -0.13639932 0.28667730 -0.00000000 -0.14160800 0.04673300
0.00000053 -0.09557892 -0.18024066 -0.00000000 0.00658900 -0.36201501
-0.00000939 0.09567138 0.18030081 -0.00000000 -0.00658900 0.36201501
-0.00000939 -0.09559838 0.18032012 -0.00000000 0.00658900 0.36201501
0.00000053 0.09561220 -0.18018156 -0.00000000 -0.00658900 -0.36201501
0.00006680 -0.29711183 0.09145876 -0.00000000 0.00254200 0.00132600
-0.00006619 0.29706106 -0.09147972 -0.00000000 -0.00254200 -0.00132600
-0.00006619 -0.29701524 -0.09144537 -0.00000000 0.00254200 -0.00132600
0.00006680 0.29703829 0.09151272 -0.00000000 -0.00254200 0.00132600
0.00001744 0.00003492 -0.00004848 -0.00000000 -0.00000000 -0.00000000
-0.00002852 0.00004032 -0.00001185 -0.00000000 -0.00000000 -0.00000000
0.00014760 0.00004387 -0.00004690 -0.00000000 0.00000000 -0.00000000
0.00019356 0.00003136 -0.00001027 -0.00000000 0.00000000 0.00000000
0.00002819 -0.08790138 0.01770784 -0.00000000 0.00293300 -0.00106300
-0.00002784 0.08807310 -0.01767045 -0.00000000 -0.00293300 0.00106300
-0.00002784 -0.08799222 -0.01771968 -0.00000000 0.00293300 0.00106300
0.00002819 0.08806588 0.01776020 -0.00000000 -0.00293300 -0.00106300
-0.17114533 -0.04992839 0.05613970 -0.00127900 0.00089600 -0.00114800
0.17114326 0.04995911 -0.05613264 0.00127900 -0.00089600 0.00114800
0.17119548 -0.05001556 -0.05611128 0.00127900 0.00089600 0.00114800
-0.17109270 0.04995826 -0.05609857 -0.00127900 -0.00089600 0.00114800
-0.17115497 0.04994758 0.05617105 -0.00127900 -0.00089600 -0.00114800
0.17107939 -0.04992571 0.05610196 0.00127900 0.00089600 -0.00114800
0.17108903 0.04994490 0.05613331 0.00127900 -0.00089600 -0.00114800
-0.17114492 -0.05001471 -0.05607721 -0.00127900 0.00089600 0.00114800
0.00002330 0.12186159 -0.07222283 -0.00000000 0.00250800 -0.00237300
-0.00009770 -0.12184353 0.07223846 -0.00000000 -0.00250800 0.00237300
-0.00009770 0.12183776 0.07222692 -0.00000000 0.00250800 0.00237300
0.00002330 -0.12195862 -0.07215081 -0.00000000 -0.00250800 -0.00237300
0.00001882 -0.07266610 0.27360840 -0.00000000 0.00098800 0.00116200
-0.00009519 0.07272722 -0.27366157 -0.00000000 -0.00098800 -0.00116200
-0.00009519 -0.07271780 -0.27367977 -0.00000000 0.00098800 -0.00116200
0.00001882 0.07265955 0.27363607 -0.00000000 -0.00098800 0.00116200
0.00000595 -0.09245725 0.36305578 -0.00000000 0.00016800 -0.00131200
-0.00000579 0.09237384 -0.36309581 -0.00000000 -0.00016800 0.00131200
-0.00000579 -0.09254134 -0.36307969 -0.00000000 0.00016800 0.00131200
0.00000595 0.09243105 0.36299176 -0.00000000 -0.00016800 -0.00131200
0.00006277 -0.28434033 0.12119249 0.00000000 -0.01284700 -0.01633500
0.00005587 0.28424564 -0.12122365 0.00000000 0.01284700 0.01633500
0.00005587 -0.28434836 -0.12122624 0.00000000 -0.01284700 0.01633500
0.00006277 0.28439609 0.12113093 0.00000000 0.01284700 -0.01633500
-0.00007042 0.00006305 -0.00003802 0.00000000 0.00000000 0.00000000
-0.00009186 -0.00004664 -0.00006859 0.00000000 0.00000000 0.00000000
-0.00011001 0.00005534 -0.00003926 0.00000000 0.00000000 0.00000000
-0.00008857 -0.00003893 -0.00006983 0.00000000 0.00000000 0.00000000
0.00010951 -0.04723621 0.05235308 0.00000000 0.02333800 -0.01609700
0.00003621 0.04748125 -0.05242346 0.00000000 -0.02333800 0.01609700
0.00003621 -0.04719997 -0.05231481 0.00000000 0.02333800 0.01609700
0.00010951 0.04734226 0.05230000 0.00000000 -0.02333800 -0.01609700
-0.12673817 -0.00699029 0.11515293 0.01649400 0.02694900 0.02402000
0.12658165 0.00699409 -0.11508742 -0.01649400 -0.02694900 -0.02402000
0.12658118 -0.00694065 -0.11511465 -0.01649400 0.02694900 -0.02402000
-0.12678976 0.00707273 -0.11513085 0.01649400 -0.02694900 -0.02402000
-0.12674519 0.00690164 0.11529061 0.01649400 -0.02694900 0.02402000
0.12661528 -0.00695211 0.11511425 -0.01649400 0.02694900 0.02402000
0.12662229 0.00686346 0.11525193 -0.01649400 -0.02694900 0.02402000
-0.12678929 -0.00701928 -0.11515808 0.01649400 0.02694900 -0.02402000
0.00007559 0.03599316 -0.06840749 0.00000000 -0.03778900 0.02694900
0.00003413 -0.03592382 0.06844993 0.00000000 0.03778900 -0.02694900
0.00003413 0.03589966 0.06848178 0.00000000 -0.03778900 -0.02694900
0.00007559 -0.03599532 -0.06838053 0.00000000 0.03778900 0.02694900
0.00008137 0.04533547 0.28610670 0.00000000 0.08353100 0.02708800
0.00003795 -0.04531616 -0.28599928 0.00000000 -0.08353100 -0.02708800
0.00003795 0.04522710 -0.28622616 0.00000000 0.08353100 -0.02708800
0.00008137 -0.04528449 0.28611068 0.00000000 -0.08353100 0.02708800
0.00001053 -0.09627021 -0.01801072 0.00000000 0.00243400 -0.21019700
0.00000750 0.09616533 0.01794052 0.00000000 -0.00243400 0.21019700
0.00000750 -0.09622820 0.01803298 0.00000000 0.00243400 0.21019700
0.00001053 0.09609469 -0.01798979 0.00000000 -0.00243400 -0.21019700
0.00006033 -0.27511082 0.10347339 0.00000000 0.00380600 -0.00059400
-0.00000359 0.27523413 -0.10346085 0.00000000 -0.00380600 0.00059400
-0.00000359 -0.27516511 -0.10343917 0.00000000 0.00380600 0.00059400
0.00006033 0.27503865 0.10353326 0.00000000 -0.00380600 -0.00059400
-0.00009656 -0.00001741 0.00003621 0.00000000 -0.00000000 0.00000000
-0.00002294 -0.00007975 -0.00003401 0.00000000 -0.00000000 -0.00000000
-0.00009564 -0.00002686 0.00003536 0.00000000 -0.00000000 0.00000000
-0.00016926 -0.00007031 -0.00003486 0.00000000 -0.00000000 0.00000000
0.00003609 -0.08933825 0.04085868 0.00000000 0.00207000 -0.00187800
0.00003486 0.08928769 -0.04069747 0.00000000 -0.00207000 0.00187800
0.00003486 -0.08937645 -0.04072109 0.00000000 0.00207000 0.00187800
0.00003609 0.08924248 0.04083863 0.00000000 -0.00207000 -0.00187800
-0.15513375 -0.02272842 0.09051118 -0.00373000 0.00233400 0.00108700
0.15524614 0.02283375 -0.09047231 0.00373000 -0.00233400 -0.00108700
0.15517603 -0.02275691 -0.09049860 0.00373000 0.00233400 -0.00108700
-0.15527711 0.02285298 -0.09047278 -0.00373000 -0.00233400 -0.00108700
-0.15521115 0.02286792 0.09043852 -0.00373000 -0.00233400 0.00108700
0.15501356 -0.02269238 0.09047327 0.00373000 0.00233400 0.00108700
0.15509097 0.02283188 0.09040060 0.00373000 -0.00233400 0.00108700
-0.15520701 -0.02277613 -0.09049906 -0.00373000 0.00233400 -0.00108700
0.00007268 0.07306210 -0.10422712 0.00000000 -0.00095200 -0.00416100
0.00002819 -0.07303217 0.10424217 0.00000000 0.00095200 0.00416100
0.00002819 0.07305347 0.10422565 0.00000000 -0.00095200 0.00416100
0.00007268 -0.07285326 -0.10435023 0.00000000 0.00095200 -0.00416100
0.00007369 -0.07965855 0.28534009 0.00000000 0.00148200 0.00354600
0.00003276 0.07961917 -0.28536058 0.00000000 -0.00148200 -0.00354600
0.00003276 -0.07964162 -0.28537245 0.00000000 0.00148200 -0.00354600
0.00007369 0.07955063 0.28526775 0.00000000 -0.00148200 0.00354600
0.00000631 -0.09003383 0.30338765 0.00000000 0.00161300 -0.00062600
0.00000204 0.08986134 -0.30337341 0.00000000 -0.00161300 0.00062600
0.00000204 -0.08994182 -0.30340412 0.00000000 0.00161300 0.00062600
0.00000631 0.08996387 0.30335570 0.00000000 -0.00161300 -0.00062600
0.00000144 -0.27047329 0.12654862 0.00000000 -0.00855500 -0.00913800
0.00000107 0.27048188 -0.12661015 0.00000000 0.00855500 0.00913800
0.00000107 -0.27034072 -0.12649363 -0.00000000 -0.00855500 0.00913800
0.00000144 0.27036340 0.12657856 -0.00000000 0.00855500 -0.00913800
0.00001878 -0.00003582 -0.00002564 -0.00000000 0.00000000 0.00000000
0.00002262 -0.00004371 0.00004462 0.00000000 0.00000000 0.00000000
-0.00001184 -0.00003538 -0.00002545 0.00000000 0.00000000 0.00000000
-0.00001569 -0.00004414 0.00004481 -0.00000000 0.00000000 0.00000000
0.00000549 -0.06257326 0.05989945 -0.00000000 0.01689500 -0.00906200
-0.00000247 0.06257465 -0.06005296 0.00000000 -0.01689500 0.00906200
-0.00000247 -0.06249718 -0.05999619 -0.00000000 0.01689500 0.00906200
0.00000549 0.06248212 0.06009050 0.00000000 -0.01689500 -0.00906200
-0.12721546 -0.00606995 0.11624717 0.01115500 0.01854800 0.01578500
0.12722881 0.00603416 -0.11631943 -0.01115500 -0.01854800 -0.01578500
0.12721147 -0.00606719 -0.11626820 -0.01115500 0.01854800 -0.01578500
-0.12723767 0.00603767 -0.11632075 0.01115500 -0.01854800 -0.01578500
-0.12722321 0.00606931 0.11628846 0.01115500 -0.01854800 0.01578500
0.12721643 -0.00607092 0.11624660 -0.01115500 0.01854800 0.01578500
0.12722417 0.00607028 0.11628790 -0.01115500 -0.01854800 0.01578500
-0.12722033 -0.00607070 -0.11626952 0.01115500 0.01854800 -0.01578500
0.00000094 0.02409875 -0.09656815 0.00000000 -0.02558600 0.01734300
-0.00000338 -0.02403095 0.09662579 -0.00000000 0.02558600 -0.01734300
-0.00000338 0.02421793 0.09648337 0.00000000 -0.02558600 -0.01734300
0.00000094 -0.02407365 -0.09657811 0.00000000 0.02558600 0.01734300
0.00000103 -0.00048709 0.28763583 -0.00000000 0.05563400 0.01747100
-0.00000352 0.00046709 -0.28752268 0.00000000 -0.05563400 -0.01747100
-0.00000352 -0.00050022 -0.28757021 -0.00000000 0.05563400 -0.01747100
0.00000103 0.00053654 0.28762572 -0.00000000 -0.05563400 0.01747100
0.00000034 -0.09587093 0.05945007 0.00000000 0.00041900 -0.13821000
0.00000003 0.09586224 -0.05933151 -0.00000000 -0.00041900 0.13821000
0.00000003 -0.09608290 -0.05947371 -0.00000000 0.00041900 0.13821000
0.00000034 0.09607200 0.05932883 0.00000000 -0.00041900 -0.13821000
0.00000123 -0.26536632 0.11420808 0.00000000 0.00118500 -0.00075000
0.00000242 0.26536331 -0.11410758 -0.00000000 -0.00118500 0.00075000
0.00000242 -0.26538106 -0.11425473 0.00000000 0.00118500 0.00075000
0.00000123 0.26550153 0.11422252 0.00000000 -0.00118500 -0.00075000
0.00002793 0.00001511 -0.00001518 0.00000000 0.00000000 0.00000000
0.00001597 -0.00016088 -0.00005996 -0.00000000 0.00000000 0.00000000
-0.00002073 0.00001555 -0.00001495 0.00000000 -0.00000000 0.00000000
-0.00000877 -0.00016132 -0.00005973 0.00000000 0.00000000 0.00000000
0.00000709 -0.08938484 0.05372785 0.00000000 0.00199600 0.00127700
-0.00000263 0.08940067 -0.05360485 0.00000000 -0.00199600 -0.00127700
-0.00000263 -0.08920700 -0.05377227 -0.00000000 0.00199600 -0.00127700
0.00000709 0.08926393 0.05363419 -0.00000000 -0.00199600 0.00127700
-0.14634838 -0.01130938 0.10574034 -0.00232500 0.00186600 0.00013800
0.14633872 0.01141216 -0.10561117 0.00232500 -0.00186600 -0.00013800
0.14625605 -0.01131075 -0.10562137 0.00232500 0.00186600 -0.00013800
-0.14635159 0.01141692 -0.10561357 -0.00232500 -0.00186600 -0.00013800
-0.14630951 0.01128523 0.10571981 -0.00232500 -0.00186600 0.00013800
0.14634989 -0.01131048 0.10573994 0.00232500 0.00186600 0.00013800
0.14631102 0.01128633 0.10571940 0.00232500 -0.00186600 0.00013800
-0.14626892 -0.01131551 -0.10562376 -0.00232500 0.00186600 -0.00013800
0.00000100 0.04973255 -0.11986285 0.00000000 0.00060000 -0.00231200
-0.00000326 -0.04981687 0.11976535 -0.00000000 -0.00060000 0.00231200
-0.00000326 0.04972750 0.11985761 -0.00000000 0.00060000 0.00231200
0.00000100 -0.04965298 -0.11992976 -0.00000000 -0.00060000 -0.00231200
0.00000118 -0.08144148 0.28425148 -0.00000000 0.00232700 -0.00042900
-0.00000341 0.08153623 -0.28439858 -0.00000000 -0.00232700 0.00042900
-0.00000341 -0.08142446 -0.28424018 0.00000000 0.00232700 0.00042900
0.00000118 0.08148861 0.28435953 0.00000000 -0.00232700 -0.00042900
0.00000041 -0.09340135 0.26814699 0.00000000 -0.00084400 -0.00129700
0.00000013 0.09341297 -0.26826387 -0.00000000 0.00084400 0.00129700
0.00000013 -0.09351304 -0.26812168 -0.00000000 -0.00084400 0.00129700
0.00000041 0.09329912 0.26808294 0.00000000 0.00084400 -0.00129700
-0.00006068 -0.25635752 0.13233962 0.00000000 -0.00429600 -0.00225500
-0.00005519 0.25625030 -0.13229335 -0.00000000 0.00429600 0.00225500
-0.00005519 -0.25631405 -0.13214814 0.00000000 -0.00429600 0.00225500
-0.00006068 0.25634651 0.13221565 -0.00000000 0.00429600 -0.00225500
0.00007416 0.00000633 0.00002145 0.00000000 0.00000000 -0.00000000
0.00001514 0.00007374 -0.00005754 -0.00000000 0.00000000 -0.00000000
0.00011900 0.00001471 0.00002262 0.00000000 0.00000000 -0.00000000
0.00017802 0.00006536 -0.00005638 0.00000000 0.00000000 -0.00000000
-0.00009626 -0.07739046 0.06735605 -0.00000000 0.01045600 -0.00203700
-0.00004499 0.07744339 -0.06728629 -0.00000000 -0.01045600 0.00203700
-0.00004498 -0.07738492 -0.06719203 -0.00000000 0.01045600 0.00203700
-0.00009626 0.07733174 0.06723566 0.00000000 -0.01045600 -0.00203700
-0.12723691 -0.03212020 0.08684064 0.00588100 0.01031000 0.00790100
0.12737472 0.03215714 -0.08686474 -0.00588100 -0.01031000 -0.00790100
0.12741805 -0.03215165 -0.08693458 -0.00588100 0.01031000 -0.00790100
-0.12718393 0.03208678 -0.08682297 0.00588100 -0.01031000 -0.00790100
-0.12720376 0.03205823 0.08690273 0.00588100 -0.01031000 0.00790100
0.12736854 -0.03216281 0.08687911 -0.00588100 0.01031000 0.00790100
0.12733539 0.03210084 0.08694121 -0.00588100 -0.01031000 0.00790100
-0.12722726 -0.03208128 -0.08689280 0.00588100 0.01031000 -0.00790100
-0.00007287 0.01058481 -0.12541325 -0.00000000 -0.01360200 0.00786000
-0.00004264 -0.01060033 0.12541443 0.00000000 0.01360200 -0.00786000
-0.00004264 0.01062615 0.12537881 -0.00000000 -0.01360200 -0.00786000
-0.00007287 -0.01078378 -0.12524833 0.00000000 0.01360200 0.00786000
-0.00007837 -0.04626421 0.28992337 -0.00000000 0.02808900 0.00833600
-0.00004676 0.04636925 -0.29009272 -0.00000000 -0.02808900 -0.00833600
-0.00004676 -0.04635595 -0.29006578 0.00000000 0.02808900 -0.00833600
-0.00007837 0.04631785 0.29006952 -0.00000000 -0.02808900 0.00833600
-0.00000998 -0.09559276 0.13451269 0.00000000 -0.00151400 -0.06812600
-0.00000785 0.09573046 -0.13454575 0.00000000 0.00151400 0.06812600
-0.00000785 -0.09566077 -0.13465695 -0.00000000 -0.00151400 0.06812600
-0.00000998 0.09565711 0.13451804 -0.00000000 0.00151400 -0.06812600
-0.00005946 -0.25083275 0.12342336 0.00000000 0.00341300 -0.00191100
0.00000562 0.25077048 -0.12332116 0.00000000 -0.00341300 0.00191100
0.00000562 -0.25076734 -0.12327147 0.00000000 0.00341300 0.00191100
-0.00005946 0.25061030 0.12338989 0.00000000 -0.00341300 -0.00191100
0.00007646 0.00000459 0.00002159 0.00000000 0.00000000 -0.00000000
0.00010537 0.00004612 -0.00004362 0.00000000 -0.00000000 -0.00000000
0.00013077 0.00001505 0.00002349 0.00000000 0.00000000 -0.00000000
0.00010186 0.00003566 -0.00004172 0.00000000 -0.00000000 -0.00000000
-0.00002279 -0.09188746 0.06192637 0.00000000 0.00159700 -0.00052800
-0.00004346 0.09214239 -0.06184087 0.00000000 -0.00159700 0.00052800
-0.00004346 -0.09197238 -0.06202866 0.00000000 0.00159700 0.00052800
-0.00002279 0.09193771 0.06201538 0.00000000 -0.00159700 -0.00052800
-0.13838533 -0.03481990 0.08539272 -0.00267700 0.00004000 0.00064700
0.13857179 0.03484293 -0.08542354 0.00267700 -0.00004000 -0.00064700
0.13855728 -0.03485369 -0.08539864 0.00267700 0.00004000 -0.00064700
-0.13856151 0.03483228 -0.08542571 -0.00267700 -0.00004000 -0.00064700
-0.13832853 0.03476361 0.08536891 -0.00267700 -0.00004000 0.00064700
0.13851527 -0.03486060 0.08543088 0.00267700 0.00004000 0.00064700
0.13845848 0.03480431 0.08540707 0.00267700 -0.00004000 0.00064700
-0.13854700 -0.03484304 -0.08540081 -0.00267700 0.00004000 -0.00064700
-0.00006978 0.02506190 -0.13663083 0.00000000 0.00028000 -0.00168700
-0.00003649 -0.02507294 0.13662522 0.00000000 -0.00028000 0.00168700
-0.00003649 0.02511298 0.13661082 0.00000000 0.00028000 0.00168700
-0.00006978 -0.02492239 -0.13672004 0.00000000 -0.00028000 -0.00168700
-0.00007106 -0.09323510 0.29369360 0.00000000 -0.00362500 0.00131800
-0.00004174 0.09319985 -0.29359821 0.00000000 0.00362500 -0.00131800
-0.00004174 -0.09317021 -0.29350728 0.00000000 -0.00362500 -0.00131800
-0.00007106 0.09314435 0.29349269 0.00000000 0.00362500 0.00131800
-0.00000584 -0.09169727 0.23265355 0.00000000 0.00043100 -0.00134400
-0.00000247 0.09162283 -0.23283688 0.00000000 -0.00043100 0.00134400
-0.00000247 -0.09181578 -0.23276545 0.00000000 0.00043100 0.00134400
-0.00000584 0.09180353 0.23277935 0.00000000 -0.00043100 -0.00134400
0.00006790 -0.24208104 0.13842887 0.00000000 0.00262500 0.00312600
-0.00006305 0.24216122 -0.13840952 0.00000000 -0.00262500 -0.00312600
-0.00006305 -0.24210972 -0.13848688 0.00000000 0.00262500 -0.00312600
0.00006790 0.24216509 0.13838999 0.00000000 -0.00262500 0.00312600
0.00004877 0.00002763 0.00001880 0.00000000 0.00000000 -0.00000000
-0.00001746 -0.00003525 0.00002969 0.00000000 0.00000000 0.00000000
0.00011850 0.00003705 0.00002212 0.00000000 0.00000000 0.00000000
0.00018472 -0.00004467 0.00003301 0.00000000 0.00000000 -0.00000000
0.00003225 -0.09218678 0.07459961 0.00000000 0.00158600 0.00363900
-0.00002713 0.09219898 -0.07461137 0.00000000 -0.00158600 -0.00363900
-0.00002713 -0.09215631 -0.07450919 0.00000000 0.00158600 -0.00363900
0.00003225 0.09219737 0.07445961 0.00000000 -0.00158600 0.00363900
-0.12717404 -0.05637673 0.05924640 0.00078000 0.00236500 0.00030600
0.12715431 0.05641195 -0.05921693 -0.00078000 -0.00236500 -0.00030600
0.12716821 -0.05639467 -0.05926168 -0.00078000 0.00236500 -0.00030600
-0.12711405 0.05641329 -0.05918597 0.00078000 -0.00236500 -0.00030600
-0.12715520 0.05639406 0.05925170 0.00078000 -0.00236500 0.00030600
0.12710561 -0.05637202 0.05920969 -0.00078000 0.00236500 0.00030600
0.12708678 0.05638934 0.05921500 -0.00078000 -0.00236500 0.00030600
-0.12712795 -0.05639601 -0.05923072 0.00078000 0.00236500 -0.00030600
0.00002319 -0.00448941 -0.15487400 0.00000000 -0.00239500 -0.00158800
-0.00009619 0.00431588 0.15478963 0.00000000 0.00239500 0.00158800
-0.00009619 -0.00444739 0.15481279 0.00000000 -0.00239500 0.00158800
0.00002319 0.00426629 -0.15473704 0.00000000 0.00239500 -0.00158800
0.00001916 -0.09206215 0.29325287 0.00000000 0.00122700 -0.00067200
-0.00009581 0.09215332 -0.29335580 0.00000000 -0.00122700 0.00067200
-0.00009581 -0.09216644 -0.29345409 0.00000000 0.00122700 0.00067200
0.00001916 0.09217597 0.29344400 0.00000000 -0.00122700 -0.00067200
0.00000538 -0.09515634 0.20764076 0.00000000 -0.00354300 0.00428100
-0.00000479 0.09516050 -0.20764055 0.00000000 0.00354300 -0.00428100
-0.00000479 -0.09511711 -0.20756725 0.00000000 -0.00354300 -0.00428100
0.00000538 0.09512412 0.20769645 0.00000000 0.00354300 0.00428100
0.00006769 -0.24766667 0.13731955 -0.00000000 -0.00333000 0.00129100
-0.00006308 0.24743566 -0.13742676 0.00000000 0.00333000 -0.00129100
-0.00006308 -0.24763731 -0.13747657 -0.00000000 -0.00333000 -0.00129100
0.00006769 0.24766094 0.13739555 -0.00000000 0.00333000 0.00129100
-0.00000519 -0.00003576 -0.00000555 0.00000000 -0.00000000 -0.00000000
0.00000728 -0.00006668 0.00006309 0.00000000 -0.00000000 -0.00000000
0.00017241 -0.00002635 -0.00000224 -0.00000000 -0.00000000 -0.00000000
0.00015993 -0.00007608 0.00006640 -0.00000000 -0.00000000 -0.00000000
0.00003224 -0.09236114 0.07213154 -0.00000000 0.00119600 0.00056500
-0.00002741 0.09235722 -0.07222622 0.00000000 -0.00119600 -0.00056500
-0.00002741 -0.09237678 -0.07214506 0.00000000 0.00119600 -0.00056500
0.00003224 0.09236268 0.07213619 0.00000000 -0.00119600 0.00056500
-0.12876027 -0.05730329 0.05980848 -0.00084100 0.00128100 0.00052500
0.12876976 0.05733894 -0.05979785 0.00084100 -0.00128100 -0.00052500
0.12870483 -0.05730909 -0.05975287 0.00084100 0.00128100 -0.00052500
-0.12872947 0.05734026 -0.05976687 -0.00084100 -0.00128100 -0.00052500
-0.12876423 0.05730208 0.05982237 -0.00084100 -0.00128100 0.00052500
0.12869250 -0.05729878 0.05977193 0.00084100 0.00128100 0.00052500
0.12869647 0.05729758 0.05978582 0.00084100 -0.00128100 0.00052500
-0.12866455 -0.05731041 -0.05972189 -0.00084100 0.00128100 -0.00052500
0.00002316 -0.00046703 -0.15220211 0.00000000 0.00102700 0.00036400
-0.00009621 0.00069893 0.15236184 -0.00000000 -0.00102700 -0.00036400
-0.00009621 -0.00054951 0.15226827 0.00000000 0.00102700 -0.00036400
0.00002316 0.00058318 -0.15230991 0.00000000 -0.00102700 0.00036400
0.00001913 -0.09227374 0.29466948 0.00000000 0.00117900 0.00058700
-0.00009582 0.09235008 -0.29479005 0.00000000 -0.00117900 -0.00058700
-0.00009582 -0.09230187 -0.29469684 -0.00000000 0.00117900 -0.00058700
0.00001913 0.09226422 0.29464463 -0.00000000 -0.00117900 0.00058700
0.00000536 -0.09042909 0.20624747 0.00000000 0.00058100 0.00334800
-0.00000480 0.09051445 -0.20615524 0.00000000 -0.00058100 -0.00334800
-0.00000480 -0.09039590 -0.20620233 0.00000000 0.00058100 -0.00334800
0.00000536 0.09037925 0.20618574 -0.00000000 -0.00058100 0.00334800
-0.00000990 -0.22822855 0.14504764 -0.00000000 0.00374900 0.01086700
0.00000933 0.22827302 -0.14511995 0.00000000 -0.00374900 -0.01086700
0.00000933 -0.22827704 -0.14506423 -0.00000000 0.00374900 -0.01086700
-0.00000990 0.22813623 0.14513272 0.00000000 -0.00374900 0.01086700
0.00002286 -0.00007832 -0.00004205 -0.00000000 0.00000000 0.00000000
0.00002093 -0.00009459 0.00009093 -0.00000000 0.00000000 0.00000000
-0.00017548 -0.00008687 -0.00004489 0.00000000 0.00000000 0.00000000
-0.00017355 -0.00008604 0.00008809 0.00000000 0.00000000 0.00000000
-0.00008662 -0.10668068 0.08191274 0.00000000 -0.00233800 0.01191400
0.00008659 0.10689090 -0.08194459 0.00000000 0.00233800 -0.01191400
0.00008659 -0.10667404 -0.08191574 0.00000000 -0.00233800 -0.01191400
-0.00008662 0.10679923 0.08190351 -0.00000000 0.00233800 0.01191400
-0.12658894 -0.07891336 0.03309356 -0.00432600 -0.00590800 -0.00779600
0.12661260 0.07892702 -0.03313455 0.00432600 0.00590800 0.00779600
0.12659833 -0.07892042 -0.03308976 0.00432600 -0.00590800 0.00779600
-0.12650524 0.07888013 -0.03312722 -0.00432600 0.00590800 0.00779600
-0.12654922 0.07885853 0.03312530 -0.00432600 0.00590800 -0.00779600
0.12649605 -0.07886817 0.03308870 0.00432600 -0.00590800 -0.00779600
0.12645633 0.07881334 0.03312044 0.00432600 0.00590800 -0.00779600
-0.12649098 -0.07887354 -0.03308243 -0.00432600 -0.00590800 0.00779600
-0.00001841 -0.02071353 -0.18464791 0.00000000 0.00993600 -0.01017300
0.00008600 0.02080906 0.18468880 0.00000000 -0.00993600 0.01017300
0.00008600 -0.02068467 0.18461416 -0.00000000 0.00993600 0.01017300
-0.00001841 0.02099101 -0.18483665 0.00000000 -0.00993600 -0.01017300
-0.00001906 -0.13788199 0.29739774 0.00000000 -0.02509400 -0.00948500
0.00009019 0.13786495 -0.29739825 0.00000000 0.02509400 0.00948500
0.00009019 -0.13782416 -0.29735203 -0.00000000 -0.02509400 0.00948500
-0.00001906 0.13794614 0.29742405 -0.00000000 0.02509400 -0.00948500
-0.00000352 -0.09453980 0.27869237 0.00000000 -0.00549300 0.06829200
0.00000356 0.09435113 -0.27868430 0.00000000 0.00549300 -0.06829200
0.00000356 -0.09449326 -0.27866197 0.00000000 -0.00549300 -0.06829200
-0.00000352 0.09437835 0.27872576 -0.00000000 0.00549300 0.06829200
-0.00000971 -0.23456858 0.14828284 -0.00000000 -0.00270100 0.00002900
0.00006695 0.23463684 -0.14829468 -0.00000000 0.00270100 -0.00002900
0.00006695 -0.23445932 -0.14838900 -0.00000000 -0.00270100 -0.00002900
-0.00000971 0.23444858 0.14829202 -0.00000000 0.00270100 0.00002900
0.00001961 -0.00000417 -0.00001034 -0.00000000 0.00000000 -0.00000000
0.00000777 -0.00006378 0.00004891 -0.00000000 0.00000000 -0.00000000
-0.00015851 -0.00001083 -0.00001208 -0.00000000 -0.00000000 0.00000000
-0.00014667 -0.00005713 0.00004717 -0.00000000 0.00000000 -0.00000000
-0.00001902 -0.09312015 0.07912142 -0.00000000 0.00155000 -0.00024500
0.00008795 0.09293448 -0.07908556 -0.00000000 -0.00155000 0.00024500
0.00008796 -0.09303933 -0.07912085 -0.00000000 0.00155000 0.00024500
-0.00001902 0.09318908 0.07909313 -0.00000000 -0.00155000 -0.00024500
-0.11775263 -0.07987202 0.03766067 0.00199400 -0.00037100 -0.00129400
0.11756659 0.07983549 -0.03763736 -0.00199400 0.00037100 0.00129400
0.11751129 -0.07982442 -0.03757213 -0.00199400 -0.00037100 0.00129400
-0.11762839 0.07984351 -0.03767183 0.00199400 0.00037100 0.00129400
-0.11780639 0.07994032 0.03766201 0.00199400 0.00037100 -0.00129400
0.11765951 -0.07982534 0.03765624 -0.00199400 -0.00037100 -0.00129400
0.11771327 0.07989364 0.03765758 -0.00199400 0.00037100 -0.00129400
-0.11757309 -0.07983245 -0.03760661 0.00199400 -0.00037100 0.00129400
-0.00001547 -0.03327671 -0.17242687 -0.00000000 -0.00298100 0.00007000
0.00009177 0.03318016 0.17239294 -0.00000000 0.00298100 -0.00007000
0.00009177 -0.03331667 0.17245983 -0.00000000 -0.00298100 -0.00007000
-0.00001547 0.03337324 -0.17252283 -0.00000000 0.00298100 0.00007000
-0.00001256 -0.09704477 0.29816536 -0.00000000 0.00047700 -0.00115200
0.00009495 0.09710056 -0.29819396 -0.00000000 -0.00047700 0.00115200
0.00009495 -0.09699056 -0.29810646 -0.00000000 0.00047700 0.00115200
-0.00001256 0.09703404 0.29811812 -0.00000000 -0.00047700 -0.00115200
0.00000036 -0.09034110 0.16960313 -0.00000000 0.00045400 0.00207700
0.00000859 0.09037515 -0.16962728 -0.00000000 -0.00045400 -0.00207700
0.00000859 -0.09046346 -0.16967408 -0.00000000 0.00045400 -0.00207700
0.00000036 0.09032571 0.16969053 -0.00000000 -0.00045400 0.00207700
0.00005948 -0.21435057 0.15210310 0.00000000 0.01190300 0.01549900
-0.00000124 0.21439562 -0.15204964 -0.00000000 -0.01190300 -0.01549900
-0.00000124 -0.21437961 -0.15204251 0.00000000 0.01190300 -0.01549900
0.00005948 0.21439508 0.15207837 -0.00000000 -0.01190300 0.01549900
-0.00000090 0.00002076 0.00000681 -0.00000000 0.00000000 0.00000000
-0.00007069 -0.00007810 0.00003938 0.00000000 0.00000000 0.00000000
-0.00007067 -0.00006013 -0.00005676 -0.00000000 -0.00000000 0.00000000
-0.00000087 0.00000279 -0.00002419 -0.00000000 -0.00000000 0.00000000
0.00003877 -0.12128629 0.08927355 0.00000000 -0.01192500 0.01658500
0.00003167 0.12113933 -0.08943169 -0.00000000 0.01192500 -0.01658500
0.00003167 -0.12114710 -0.08929774 0.00000000 -0.01192500 -0.01658500
0.00003877 0.12119596 0.08931722 -0.00000000 0.01192500 0.01658500
-0.12575205 -0.09965866 0.00844926 -0.00936800 -0.01351600 -0.01498600
0.12573289 0.09957478 -0.00847530 0.00936800 0.01351600 0.01498600
0.12573661 -0.09959969 -0.00847296 0.00936800 -0.01351600 0.01498600
-0.12577161 0.09959567 -0.00847816 -0.00936800 0.01351600 0.01498600
-0.12574363 0.09963166 0.00847954 -0.00936800 0.01351600 -0.01498600
0.12563602 -0.09962435 0.00841271 0.00936800 -0.01351600 -0.01498600
0.12562760 0.09959735 0.00844299 0.00936800 0.01351600 -0.01498600
-0.12577533 -0.09962057 -0.00847581 -0.00936800 -0.01351600 0.01498600
-0.00000228 -0.01539137 -0.19508730 0.00000000 0.02035400 -0.01934900
-0.00001251 0.01539766 0.19510415 0.00000000 -0.02035400 0.01934900
-0.00001251 -0.01541460 0.19511799 -0.00000000 0.02035400 0.01934900
-0.00000228 0.01542530 -0.19508932 0.00000000 -0.02035400 -0.01934900
0.00007287 -0.18372642 0.30199322 -0.00000000 -0.05072100 -0.01825500
0.00003050 0.18377923 -0.30196821 -0.00000000 0.05072100 0.01825500
0.00003050 -0.18368720 -0.30196271 -0.00000000 -0.05072100 0.01825500
0.00007287 0.18372822 0.30200015 0.00000000 0.05072100 -0.01825500
0.00000648 -0.09349712 0.34797244 -0.00000000 -0.00731300 0.13886100
0.00000257 0.09362651 -0.34788135 -0.00000000 0.00731300 -0.13886100
0.00000257 -0.09359585 -0.34793478 0.00000000 -0.00731300 -0.13886100
0.00000648 0.09361169 0.34793756 0.00000000 0.00731300 0.13886100
0.00006035 -0.21780753 0.16269232 0.00000000 -0.00476600 0.00034700
-0.00000270 0.21793505 -0.16265943 0.00000000 0.00476600 -0.00034700
-0.00000270 -0.21792953 -0.16266360 -0.00000000 -0.00476600 -0.00034700
0.00006035 0.21794411 0.16262277 0.00000000 0.00476600 0.00034700
-0.00004891 0.00003582 0.00002945 0.00000000 -0.00000000 0.00000000
-0.00008667 -0.00009062 0.00007556 -0.00000000 -0.00000000 0.00000000
-0.00002439 -0.00004542 -0.00003514 0.00000000 -0.00000000 0.00000000
0.00001337 -0.00000938 0.00001098 -0.00000000 -0.00000000 0.00000000
0.00003771 -0.10113545 0.09300037 0.00000000 -0.00132500 0.00076200
0.00003138 0.10107565 -0.09294144 0.00000000 0.00132500 -0.00076200
0.00003138 -0.10086312 -0.09292962 -0.00000000 -0.00132500 -0.00076200
0.00003771 0.10094777 0.09301478 0.00000000 0.00132500 0.00076200
-0.11052450 -0.10173371 0.01921995 0.00081300 -0.00126800 0.00061000
0.11032132 0.10169389 -0.01917323 -0.00081300 0.00126800 -0.00061000
0.11029093 -0.10162494 -0.01917043 -0.00081300 -0.00126800 -0.00061000
-0.11035652 0.10171392 -0.01917482 0.00081300 0.00126800 -0.00061000
-0.11047019 0.10166706 0.01923411 0.00081300 0.00126800 0.00061000
0.11040792 -0.10169927 0.01918310 -0.00081300 -0.00126800 0.00061000
0.11035360 0.10163263 0.01919725 -0.00081300 0.00126800 0.00061000
-0.11032613 -0.10164496 -0.01917202 0.00081300 -0.00126800 -0.00061000
-0.00000227 -0.03144791 -0.16787440 -0.00000000 0.00193200 0.00204200
-0.00001260 0.03129501 0.16777346 -0.00000000 -0.00193200 -0.00204200
-0.00001260 -0.03133618 0.16784099 -0.00000000 0.00193200 -0.00204200
-0.00000227 0.03130058 -0.16780347 0.00000000 -0.00193200 0.00204200
0.00007330 -0.10787296 0.30744674 0.00000000 -0.00242900 0.00009200
0.00003075 0.10801579 -0.30765816 0.00000000 0.00242900 -0.00009200
0.00003075 -0.10802845 -0.30767381 -0.00000000 -0.00242900 -0.00009200
0.00007330 0.10800949 0.30755360 0.00000000 0.00242900 0.00009200
0.00000658 -0.08909924 0.12765978 0.00000000 -0.00010900 -0.00238700
0.00000257 0.08910992 -0.12763998 0.00000000 0.00010900 0.00238700
0.00000257 -0.08921669 -0.12760748 0.00000000 -0.00010900 0.00238700
0.00000658 0.08920865 0.12762184 -0.00000000 0.00010900 -0.00238700
0.00000181 -0.20048403 0.15940157 -0.00000000 0.01582600 0.02165500
-0.00000375 0.20040673 -0.15943834 -0.00000000 -0.01582600 -0.02165500
-0.00000375 -0.20032796 -0.15942189 -0.00000000 0.01582600 -0.02165500
0.00000181 0.20051671 0.15942999 -0.00000000 -0.01582600 0.02165500
-0.00000953 0.00001322 -0.00000006 -0.00000000 0.00000000 0.00000000
0.00001024 0.00000914 -0.00000995 -0.00000000 0.00000000 0.00000000
0.00000630 0.00001391 0.00000014 -0.00000000 0.00000000 0.00000000
-0.00001347 0.00000846 -0.00000976 -0.00000000 0.00000000 0.00000000
0.00000913 -0.13552797 0.09688971 -0.00000000 -0.01793100 0.02311500
-0.00001153 0.13545398 -0.09672741 -0.00000000 0.01793100 -0.02311500
-0.00001153 -0.13557555 -0.09692441 -0.00000000 -0.01793100 -0.02311500
0.00000913 0.13552024 0.09688436 -0.00000000 0.01793100 0.02311500
-0.12456885 -0.11874080 -0.01476477 -0.01428500 -0.02136700 -0.02252100
0.12456955 0.11874397 0.01476839 0.01428500 0.02136700 0.02252100
0.12456559 -0.11874784 0.01477593 0.01428500 -0.02136700 0.02252100
-0.12457729 0.11874805 0.01476907 -0.01428500 0.02136700 0.02252100
-0.12462014 0.11880217 -0.01478560 -0.01428500 0.02136700 -0.02252100
0.12458048 -0.11874661 -0.01476435 0.01428500 -0.02136700 -0.02252100
0.12463177 0.11880797 -0.01478517 0.01428500 0.02136700 -0.02252100
-0.12457333 -0.11875193 0.01477662 -0.01428500 -0.02136700 0.02252100
0.00000252 0.01441241 -0.18394228 -0.00000000 0.03163600 -0.02774900
-0.00000050 -0.01430730 0.18398505 -0.00000000 -0.03163600 0.02774900
-0.00000050 0.01428443 0.18400201 -0.00000000 0.03163600 0.02774900
0.00000252 -0.01438551 -0.18395980 -0.00000000 -0.03163600 -0.02774900
0.00000244 -0.21992379 0.29912917 -0.00000000 -0.07593100 -0.02665200
-0.00000048 0.21993931 -0.29919772 -0.00000000 0.07593100 0.02665200
-0.00000048 -0.21988917 -0.29908596 -0.00000000 -0.07593100 0.02665200
0.00000244 0.21990509 0.29911510 -0.00000000 0.07593100 -0.02665200
0.00000035 -0.09269070 0.41549031 -0.00000000 -0.00921200 0.20373000
-0.00000066 0.09261375 -0.41554318 -0.00000000 0.00921200 -0.20373000
-0.00000066 -0.09274180 -0.41552393 -0.00000000 -0.00921200 -0.20373000
0.00000035 0.09264140 0.41546716 -0.00000000 0.00921200 0.20373000
0.00000199 -0.20256856 0.17313945 -0.00000000 -0.00285200 -0.00088500
-0.00001005 0.20277426 -0.17299186 -0.00000000 0.00285200 0.00088500
-0.00001005 -0.20273028 -0.17310482 -0.00000000 -0.00285200 0.00088500
0.00000199 0.20261165 0.17315637 -0.00000000 0.00285200 -0.00088500
-0.00001534 0.00000243 -0.00001109 -0.00000000 0.00000000 -0.00000000
0.00005423 0.00003792 -0.00005558 -0.00000000 -0.00000000 -0.00000000
0.00002320 0.00001101 -0.00000426 -0.00000000 -0.00000000 -0.00000000
-0.00004638 0.00002934 -0.00004876 -0.00000000 0.00000000 -0.00000000
0.00000213 -0.10131839 0.10324046 -0.00000000 0.00086600 0.00008400
-0.00001167 0.10141654 -0.10320406 -0.00000000 -0.00086600 -0.00008400
-0.00001167 -0.10132275 -0.10324329 -0.00000000 0.00086600 -0.00008400
0.00000213 0.10130693 0.10323044 -0.00000000 -0.00086600 0.00008400
-0.10205827 -0.12256635 -0.00023668 0.00064600 -0.00324600 -0.00008200
0.10212756 0.12255823 0.00020454 -0.00064600 0.00324600 0.00008200
0.10207880 -0.12255464 0.00023805 -0.00064600 -0.00324600 0.00008200
-0.10211728 0.12255658 0.00020980 0.00064600 0.00324600 0.00008200
-0.10206845 0.12258416 -0.00024366 0.00064600 0.00324600 -0.00008200
0.10206962 -0.12257230 -0.00023650 -0.00064600 -0.00324600 -0.00008200
0.10207980 0.12259011 -0.00024348 -0.00064600 0.00324600 -0.00008200
-0.10206851 -0.12255299 0.00024331 0.00064600 -0.00324600 0.00008200
0.00000221 -0.00974939 -0.14251317 -0.00000000 0.00126200 0.00322600
-0.00000115 0.00962050 0.14246203 -0.00000000 -0.00126200 -0.00322600
-0.00000115 -0.00964522 0.14247298 -0.00000000 0.00126200 -0.00322600
0.00000221 0.00977071 -0.14252351 -0.00000000 -0.00126200 0.00322600
0.00000175 -0.11439081 0.31404187 -0.00000000 -0.00227300 -0.00056100
-0.00001343 0.11428901 -0.31391948 -0.00000000 0.00227300 0.00056100
-0.00001343 -0.11437366 -0.31400114 -0.00000000 -0.00227300 0.00056100
0.00000175 0.11434287 0.31399933 -0.00000000 0.00227300 -0.00056100
-0.00000006 -0.09092629 0.09306258 -0.00000000 -0.00392200 -0.00204700
-0.00000122 0.09077910 -0.09311254 -0.00000000 0.00392200 0.00204700
-0.00000122 -0.09089229 -0.09304435 -0.00000000 -0.00392200 0.00204700
-0.00000006 0.09088257 0.09303705 -0.00000000 0.00392200 -0.00204700
0.00005084 -0.17289153 0.17545039 0.00000000 0.02725500 0.03240200
0.00005663 0.17270381 -0.17557035 -0.00000000 -0.02725500 -0.03240200
0.00005663 -0.17257844 -0.17551757 -0.00000000 0.02725500 -0.03240200
0.00005084 0.17275592 0.17553316 -0.00000000 -0.02725500 0.03240200
0.00001763 0.00001353 -0.00000592 -0.00000000 -0.00000000 0.00000000
0.00000993 0.00000092 0.00000543 0.00000000 -0.00000000 -0.00000000
0.00001696 0.00001459 -0.00000301 -0.00000000 -0.00000000 -0.00000000
0.00002466 -0.00000013 0.00000834 0.00000000 -0.00000000 0.00000000
0.00001773 -0.16363309 0.11197549 -0.00000000 -0.03280100 0.03405400
0.00010940 0.16345582 -0.11198214 0.00000000 0.03280100 -0.03405400
0.00010941 -0.16358689 -0.11209664 0.00000000 -0.03280100 -0.03405400
0.00001773 0.16370516 0.11208628 -0.00000000 0.03280100 0.03405400
-0.12181196 -0.15308217 -0.05748895 -0.02392800 -0.03632000 -0.03658500
0.12162304 0.15304054 0.05754376 0.02392800 0.03632000 0.03658500
0.12161542 -0.15303940 0.05759295 0.02392800 -0.03632000 0.03658500
-0.12172080 0.15306707 0.05751043 -0.02392800 0.03632000 0.03658500
-0.12182060 0.15313969 -0.05755962 -0.02392800 0.03632000 -0.03658500
0.12160071 -0.15300693 -0.05753233 0.02392800 -0.03632000 -0.03658500
0.12160934 0.15306445 -0.05760300 0.02392800 0.03632000 -0.03658500
-0.12171318 -0.15306593 0.05755961 -0.02392800 -0.03632000 0.03658500
-0.00000101 0.06713294 -0.16633031 -0.00000000 0.05250500 -0.04461300
0.00001112 -0.06701360 0.16639976 -0.00000000 -0.05250500 0.04461300
0.00001112 0.06700205 0.16643638 0.00000000 0.05250500 0.04461300
-0.00000101 -0.06710818 -0.16637210 -0.00000000 -0.05250500 -0.04461300
0.00000015 -0.21306311 0.22983074 0.00000000 -0.12476100 -0.04269600
0.00001330 0.21309709 -0.22985826 0.00000000 0.12476100 0.04269600
0.00001330 -0.21308736 -0.22975640 -0.00000000 -0.12476100 0.04269600
0.00000015 0.21303239 0.22971081 -0.00000000 0.12476100 -0.04269600
0.00000649 -0.09019818 0.54581570 0.00000000 -0.01282100 0.33368599
0.00000978 0.09032671 -0.54576991 0.00000000 0.01282100 -0.33368599
0.00000978 -0.09044245 -0.54587916 0.00000000 -0.01282100 -0.33368599
0.00000649 0.09024469 0.54586647 0.00000000 0.01282100 0.33368599
-0.00000467 -0.17114333 0.18900395 0.00000000 0.00040100 -0.00003100
0.00003976 0.17110591 -0.18916988 0.00000000 -0.00040100 0.00003100
0.00003976 -0.17121405 -0.18916191 0.00000000 0.00040100 0.00003100
-0.00000467 0.17110501 0.18909301 0.00000000 -0.00040100 -0.00003100
-0.00004907 0.00003190 0.00004023 0.00000000 0.00000000 0.00000000
-0.00002416 -0.00001222 0.00000485 0.00000000 0.00000000 -0.00000000
0.00001947 0.00000198 0.00001614 0.00000000 0.00000000 -0.00000000
-0.00000544 0.00001770 -0.00001924 0.00000000 0.00000000 0.00000000
-0.00000523 -0.10755084 0.12844654 0.00000000 0.00333200 -0.00073300
0.00004578 0.10772009 -0.12857167 0.00000000 -0.00333200 0.00073300
0.00004578 -0.10750541 -0.12857569 0.00000000 0.00333200 0.00073300
-0.00000523 0.10765546 0.12863713 0.00000000 -0.00333200 -0.00073300
-0.07951138 -0.15380851 -0.03716140 0.00006500 0.00092600 0.00045300
0.07930800 0.15371613 0.03720732 -0.00006500 -0.00092600 -0.00045300
0.07934888 -0.15378605 0.03722985 -0.00006500 0.00092600 -0.00045300
-0.07935292 0.15372455 0.03718619 0.00006500 -0.00092600 -0.00045300
-0.07941289 0.15377727 -0.03719991 0.00006500 -0.00092600 0.00045300
0.07946196 -0.15378450 -0.03716381 -0.00006500 0.00092600 0.00045300
0.07936346 0.15375326 -0.03720231 -0.00006500 -0.00092600 0.00045300
-0.07939379 -0.15379447 0.03720871 0.00006500 0.00092600 -0.00045300
-0.00000772 0.02598430 -0.10577806 0.00000000 -0.00134000 -0.00157700
0.00000640 -0.02595859 0.10580014 0.00000000 0.00134000 0.00157700
0.00000640 0.02597736 0.10577046 0.00000000 -0.00134000 0.00157700
-0.00000772 -0.02596459 -0.10577157 0.00000000 0.00134000 -0.00157700
-0.00000593 -0.12493425 0.33222817 0.00000000 0.00191500 -0.00115200
0.00005000 0.12488779 -0.33210472 0.00000000 -0.00191500 0.00115200
0.00005000 -0.12488516 -0.33211580 0.00000000 0.00191500 0.00115200
-0.00000593 0.12483104 0.33204844 0.00000000 -0.00191500 -0.00115200
0.00000069 -0.08138700 0.03251593 0.00000000 -0.00281000 0.00056900
0.00000487 0.08130555 -0.03248433 0.00000000 0.00281000 -0.00056900
0.00000487 -0.08133992 -0.03239997 0.00000000 -0.00281000 -0.00056900
0.00000069 0.08147358 0.03244321 0.00000000 0.00281000 0.00056900
0.00000321 -0.14530203 0.19337856 0.00000000 0.03768400 0.04351300
-0.00000635 0.14550256 -0.19330841 0.00000000 -0.03768400 -0.04351300
-0.00000635 -0.14527925 -0.19333393 -0.00000000 0.03768400 -0.04351300
0.00000321 0.14533224 0.19332351 0.00000000 -0.03768400 0.04351300
-0.00000104 0.00001409 -0.00000781 0.00000000 0.00000000 -0.00000000
0.00003171 0.00001053 -0.00000887 -0.00000000 0.00000000 -0.00000000
0.00000568 0.00000707 -0.00000999 0.00000000 0.00000000 -0.00000000
-0.00002707 0.00001755 -0.00001105 0.00000000 0.00000000 -0.00000000
0.00003920 -0.19087244 0.12760196 -0.00000000 -0.04655300 0.04479700
-0.00004220 0.19076549 -0.12742779 0.00000000 0.04655300 -0.04479700
-0.00004220 -0.19086360 -0.12754456 0.00000000 -0.04655300 -0.04479700
0.00003920 0.19085213 0.12745506 0.00000000 0.04655300 0.04479700
-0.11817018 -0.18281109 -0.09613959 -0.03326400 -0.05108400 -0.05038100
0.11817603 0.18281793 0.09618533 0.03326400 0.05108400 0.05038100
0.11817532 -0.18282609 0.09616244 0.03326400 -0.05108400 0.05038100
-0.11821122 0.18283654 0.09618409 -0.03326400 0.05108400 0.05038100
-0.11820995 0.18287545 -0.09617858 -0.03326400 0.05108400 -0.05038100
0.11823004 -0.18283416 -0.09613428 0.03326400 -0.05108400 -0.05038100
0.11826981 0.18289853 -0.09617326 0.03326400 0.05108400 -0.05038100
-0.11821051 -0.18284470 0.09616119 -0.03326400 -0.05108400 0.05038100
0.00000093 0.11135992 -0.15440865 -0.00000000 0.07306800 -0.06067400
-0.00001238 -0.11147942 0.15436009 0.00000000 -0.07306800 0.06067400
-0.00001238 0.11138540 0.15438355 0.00000000 0.07306800 0.06067400
0.00000093 -0.11139340 -0.15438995 -0.00000000 -0.07306800 -0.06067400
0.00000134 -0.21071121 0.16617612 0.00000000 -0.17158100 -0.05815800
-0.00001266 0.21074552 -0.16628218 -0.00000000 0.17158100 0.05815800
-0.00001266 -0.21073235 -0.16628094 0.00000000 -0.17158100 0.05815800
0.00000134 0.21070995 0.16626020 0.00000000 0.17158100 -0.05815800
0.00000135 -0.08744457 0.67036406 -0.00000000 -0.01604800 0.45723000
-0.00000174 0.08735209 -0.67043189 0.00000000 0.01604800 -0.45723000
-0.00000174 -0.08750427 -0.67037481 0.00000000 -0.01604800 -0.45723000
0.00000135 0.08741560 0.67045037 -0.00000000 0.01604800 0.45723000
0.00006053 -0.13490472 0.21484727 0.00000000 0.00206000 0.00140100
-0.00003905 0.13464600 -0.21490288 -0.00000000 -0.00206000 -0.00140100
-0.00003905 -0.13473829 -0.21488955 0.00000000 0.00206000 -0.00140100
0.00006053 0.13471534 0.21487837 -0.00000000 -0.00206000 0.00140100
0.00005440 -0.00000775 0.00001253 -0.00000000 0.00000000 -0.00000000
0.00001103 0.00000103 0.00000954 -0.00000000 -0.00000000 -0.00000000
-0.00003294 -0.00000599 0.00001590 0.00000000 0.00000000 -0.00000000
0.00001044 -0.00000072 0.00001291 0.00000000 -0.00000000 -0.00000000
0.00000550 -0.12394515 0.15680289 -0.00000000 -0.00001900 -0.00023700
0.00001972 0.12408786 -0.15680020 -0.00000000 0.00001900 0.00023700
0.00001972 -0.12402305 -0.15682568 0.00000000 -0.00001900 0.00023700
0.00000550 0.12419268 0.15676938 -0.00000000 0.00001900 -0.00023700
-0.05881338 -0.18457626 -0.06826748 -0.00090900 -0.00041600 -0.00182700
0.05875156 0.18458802 0.06827908 0.00090900 0.00041600 0.00182700
0.05877342 -0.18462528 0.06830047 0.00090900 -0.00041600 0.00182700
-0.05869497 0.18457976 0.06830195 -0.00090900 0.00041600 0.00182700
-0.05881676 0.18460093 -0.06827367 -0.00090900 0.00041600 -0.00182700
0.05871009 -0.18454875 -0.06830290 0.00090900 -0.00041600 -0.00182700
0.05871348 0.18457342 -0.06830908 0.00090900 0.00041600 -0.00182700
-0.05871682 -0.18461702 0.06832335 -0.00090900 -0.00041600 0.00182700
0.00000516 0.05415223 -0.07326797 0.00000000 -0.00172800 -0.00283300
-0.00001279 -0.05395132 0.07337780 0.00000000 0.00172800 0.00283300
-0.00001279 0.05401510 0.07332364 0.00000000 -0.00172800 0.00283300
0.00000516 -0.05402899 -0.07331389 -0.00000000 0.00172800 -0.00283300
-0.00000570 -0.14097305 0.35124372 0.00000000 0.00234500 -0.00287400
-0.00001186 0.14096841 -0.35121949 0.00000000 -0.00234500 0.00287400
-0.00001186 -0.14100206 -0.35128041 -0.00000000 0.00234500 0.00287400
-0.00000571 0.14094451 0.35115560 -0.00000000 -0.00234500 -0.00287400
0.00000467 -0.06792513 -0.04495590 0.00000000 0.00029900 -0.00350800
-0.00000095 0.06797414 0.04484594 -0.00000000 -0.00029900 0.00350800
-0.00000095 -0.06798958 0.04493323 -0.00000000 0.00029900 0.00350800
0.00000467 0.06782369 -0.04482447 0.00000000 -0.00029900 -0.00350800
-0.00005402 -0.11880287 0.21299813 0.00000000 0.04794200 0.05327100
-0.00005141 0.11869328 -0.21296855 -0.00000000 -0.04794200 -0.05327100
-0.00005141 -0.11876198 -0.21296952 -0.00000000 0.04794200 -0.05327100
-0.00005402 0.11875202 0.21291314 0.00000000 -0.04794200 0.05327100
-0.00001580 -0.00000070 -0.00000064 -0.00000000 -0.00000000 -0.00000000
-0.00002061 0.00000030 0.00001566 0.00000000 -0.00000000 -0.00000000
-0.00001165 0.00000367 -0.00000296 0.00000000 -0.00000000 -0.00000000
-0.00000684 -0.00000406 0.00001334 -0.00000000 -0.00000000 -0.00000000
-0.00007467 -0.21725212 0.14317195 0.00000000 -0.06056000 0.05458900
-0.00004869 0.21711513 -0.14322686 -0.00000000 0.06056000 -0.05458900
-0.00004869 -0.21715963 -0.14321020 0.00000000 -0.06056000 -0.05458900
-0.00007467 0.21708741 0.14319261 0.00000000 0.06056000 0.05458900
-0.11378483 -0.20990731 -0.13234063 -0.04220000 -0.06519800 -0.06359000
0.11397740 0.21002924 0.13231969 0.04220000 0.06519800 0.06359000
0.11393314 -0.20996964 0.13230180 0.04220000 -0.06519800 0.06359000
-0.11381719 0.20997458 0.13235763 -0.04220000 0.06519800 0.06359000
-0.11386948 0.20997453 -0.13228051 -0.04220000 0.06519800 -0.06359000
0.11391391 -0.20994871 -0.13230515 0.04220000 -0.06519800 -0.06359000
0.11399856 0.21001593 -0.13224503 0.04220000 0.06519800 -0.06359000
-0.11377294 -0.20991498 0.13233974 -0.04220000 -0.06519800 0.06359000
-0.00000594 0.14820779 -0.14700015 0.00000000 0.09261200 -0.07572900
-0.00000131 -0.14822854 0.14698483 -0.00000000 -0.09261200 0.07572900
-0.00000131 0.14819631 0.14698846 0.00000000 0.09261200 0.07572900
-0.00000594 -0.14820413 -0.14699941 -0.00000000 -0.09261200 -0.07572900
-0.00000765 -0.21231800 0.10762466 0.00000000 -0.21624200 -0.07280200
-0.00000273 0.21230615 -0.10764492 -0.00000000 0.21624200 0.07280200
-0.00000273 -0.21230042 -0.10764368 0.00000000 -0.21624200 0.07280200
-0.00000765 0.21228454 0.10762966 0.00000000 0.21624200 -0.07280200
-0.00000816 -0.08395520 0.78987419 -0.00000000 -0.01952300 0.57656199
-0.00000724 0.08411860 -0.78986214 -0.00000000 0.01952300 -0.57656199
-0.00000724 -0.08410573 -0.78985423 0.00000000 -0.01952300 -0.57656199
-0.00000816 0.08407455 0.78982910 -0.00000000 0.01952300 0.57656199
-0.00005928 -0.10240901 0.23092092 0.00000000 -0.00141300 0.00129400
-0.00004500 0.10239579 -0.23099861 0.00000000 0.00141300 -0.00129400
-0.00004500 -0.10243288 -0.23101399 0.00000000 -0.00141300 -0.00129400
-0.00005927 0.10244025 0.23108553 0.00000000 0.00141300 0.00129400
-0.00001338 0.00000683 0.00000312 0.00000000 0.00000000 -0.00000000
-0.00002207 0.00000651 0.00000487 0.00000000 0.00000000 -0.00000000
-0.00002649 0.00000102 -0.00000470 -0.00000000 0.00000000 -0.00000000
-0.00001779 0.00001232 -0.00000294 -0.00000000 0.00000000 -0.00000000
-0.00006529 -0.13450242 0.18646310 -0.00000000 -0.00028600 -0.00011600
-0.00005054 0.13449611 -0.18648619 0.00000000 0.00028600 0.00011600
-0.00005054 -0.13449457 -0.18648599 -0.00000000 -0.00028600 0.00011600
-0.00006529 0.13449193 0.18646542 -0.00000000 0.00028600 -0.00011600
-0.03875221 -0.21258851 -0.09065067 0.00065900 -0.00017300 -0.00006400
0.03882970 0.21264552 0.09070104 -0.00065900 0.00017300 0.00006400
0.03883019 -0.21265179 0.09069903 -0.00065900 -0.00017300 0.00006400
-0.03869239 0.21259730 0.09073216 0.00065900 0.00017300 0.00006400
-0.03871820 0.21260210 -0.09068845 0.00065900 0.00017300 -0.00006400
0.03889005 -0.21263271 -0.09061329 -0.00065900 -0.00017300 -0.00006400
0.03885604 0.21264631 -0.09065108 -0.00065900 0.00017300 -0.00006400
-0.03869288 -0.21260356 0.09073014 0.00065900 -0.00017300 0.00006400
-0.00000563 0.07873956 -0.04136495 -0.00000000 0.00090000 0.00045900
-0.00000039 -0.07875067 0.04133644 0.00000000 -0.00090000 -0.00045900
-0.00000039 0.07871964 0.04134661 -0.00000000 0.00090000 -0.00045900
-0.00000563 -0.07868194 -0.04140119 -0.00000000 -0.00090000 0.00045900
0.00000225 -0.11930626 0.33988793 0.00000000 0.00174600 0.00192600
0.00000492 0.11930734 -0.33991392 -0.00000000 -0.00174600 -0.00192600
0.00000492 -0.11929184 -0.33990159 0.00000000 0.00174600 -0.00192600
0.00000225 0.11928669 0.33987628 0.00000000 -0.00174600 0.00192600
-0.00000881 -0.06448047 -0.10998688 -0.00000000 -0.00074900 -0.00387800
-0.00000751 0.06448371 0.10997226 -0.00000000 0.00074900 0.00387800
-0.00000751 -0.06444422 0.10999545 -0.00000000 -0.00074900 0.00387800
-0.00000881 0.06439193 -0.11005584 -0.00000000 0.00074900 -0.00387800
-0.00005851 -0.09295821 0.23423234 0.00000000 0.05516200 0.06340300
0.00006122 0.09321437 -0.23413037 0.00000000 -0.05516200 -0.06340300
0.00006122 -0.09313277 -0.23419013 -0.00000000 0.05516200 -0.06340300
-0.00005851 0.09307178 0.23407293 0.00000000 -0.05516200 0.06340300
-0.00004105 -0.00001871 -0.00000563 -0.00000000 -0.00000000 0.00000000
-0.00001541 0.00001151 -0.00003784 0.00000000 -0.00000000 0.00000000
0.00004852 -0.00001381 -0.00000465 0.00000000 -0.00000000 0.00000000
0.00002287 0.00000661 -0.00003686 0.00000000 -0.00000000 0.00000000
-0.00000318 -0.24268223 0.15917267 -0.00000000 -0.07210700 0.06543700
0.00000585 0.24258753 -0.15913291 -0.00000000 0.07210700 -0.06543700
0.00000585 -0.24253196 -0.15911081 -0.00000000 -0.07210700 -0.06543700
-0.00000318 0.24270968 0.15910774 -0.00000000 0.07210700 0.06543700
-0.10861233 -0.23380610 -0.16511790 -0.05087100 -0.07915100 -0.07680100
0.10859849 0.23373707 0.16503380 0.05087100 0.07915100 0.07680100
0.10856660 -0.23373486 0.16508318 0.05087100 -0.07915100 0.07680100
-0.10868769 0.23375307 0.16499944 -0.05087100 0.07915100 0.07680100
-0.10863195 0.23379985 -0.16505702 -0.05087100 0.07915100 -0.07680100
0.10868225 -0.23381890 -0.16508692 0.05087100 -0.07915100 -0.07680100
0.10870188 0.23381265 -0.16502603 0.05087100 0.07915100 -0.07680100
-0.10865580 -0.23375087 0.16504883 -0.05087100 -0.07915100 0.07680100
-0.00001393 0.17875924 -0.14367143 -0.00000000 0.11227200 -0.08957600
0.00001712 -0.17891606 0.14356280 0.00000000 -0.11227200 0.08957600
0.00001712 0.17887142 0.14362430 -0.00000000 0.11227200 0.08957600
-0.00001393 -0.17888896 -0.14357651 -0.00000000 -0.11227200 -0.08957600
-0.00001015 -0.21756069 0.05301030 0.00000000 -0.25890899 -0.08677200
0.00001303 0.21755518 -0.05295717 0.00000000 0.25890899 0.08677200
0.00001303 -0.21751624 -0.05293452 0.00000000 -0.25890899 0.08677200
-0.00001015 0.21758853 0.05299055 0.00000000 0.25890899 -0.08677200
-0.00000296 -0.08060775 0.90430544 0.00000000 -0.02293300 0.68736202
0.00000333 0.08049738 -0.90425285 0.00000000 0.02293300 -0.68736202
0.00000333 -0.08060914 -0.90431539 -0.00000000 -0.02293300 -0.68736202
-0.00000296 0.08057138 0.90440063 0.00000000 0.02293300 0.68736202
-0.00006563 -0.06443552 0.24400424 0.00000000 0.00312900 -0.00355500
0.00006453 0.06462198 -0.24399130 -0.00000000 -0.00312900 0.00355500
0.00006453 -0.06458319 -0.24395943 -0.00000000 0.00312900 0.00355500
-0.00006563 0.06450558 0.24393195 -0.00000000 -0.00312900 -0.00355500
-0.00003087 0.00000526 -0.00000244 0.00000000 0.00000000 0.00000000
-0.00002107 0.00001248 -0.00002208 -0.00000000 0.00000000 0.00000000
0.00002668 0.00000298 -0.00000583 0.00000000 -0.00000000 0.00000000
0.00001688 0.00001476 -0.00002547 -0.00000000 0.00000000 0.00000000
-0.00000846 -0.14741253 0.21580270 0.00000000 -0.00010000 -0.00411400
0.00000633 0.14734628 -0.21573133 -0.00000000 0.00010000 0.00411400
0.00000633 -0.14726759 -0.21566217 -0.00000000 -0.00010000 0.00411400
-0.00000846 0.14738267 0.21565076 -0.00000000 0.00010000 -0.00411400
-0.02171259 -0.23760246 -0.11024803 0.00002500 -0.00049900 -0.00096100
0.02172509 0.23762573 0.11026134 -0.00002500 0.00049900 0.00096100
0.02172529 -0.23760698 0.11021817 -0.00002500 -0.00049900 0.00096100
-0.02181074 0.23763961 0.11022554 0.00002500 0.00049900 0.00096100
-0.02171926 0.23761507 -0.11026323 0.00002500 0.00049900 -0.00096100
0.02179071 -0.23761695 -0.11021259 -0.00002500 -0.00049900 -0.00096100
0.02179738 0.23762956 -0.11022779 -0.00002500 0.00049900 -0.00096100
-0.02181094 -0.23762085 0.11018237 0.00002500 -0.00049900 0.00096100
-0.00001462 0.09932336 -0.01518564 -0.00000000 0.00248700 0.00170300
0.00001711 -0.09943194 0.01514686 -0.00000000 -0.00248700 -0.00170300
0.00001711 0.09943620 0.01511384 -0.00000000 0.00248700 -0.00170300
-0.00001462 -0.09944619 -0.01514390 0.00000000 -0.00248700 0.00170300
0.00000047 -0.09680630 0.32130716 0.00000000 0.00198800 -0.00216500
0.00001256 0.09680511 -0.32130568 0.00000000 -0.00198800 0.00216500
0.00001256 -0.09684418 -0.32142474 -0.00000000 0.00198800 0.00216500
0.00000047 0.09682710 0.32141546 -0.00000000 -0.00198800 -0.00216500
-0.00000475 -0.05991494 -0.18133629 0.00000000 -0.00083100 -0.00388600
0.00000418 0.05983082 0.18138326 -0.00000000 0.00083100 0.00388600
0.00000418 -0.05994475 0.18136237 0.00000000 -0.00083100 0.00388600
-0.00000475 0.05990982 -0.18125808 0.00000000 0.00083100 -0.00388600
0.00000129 -0.06788406 0.25666701 0.00000000 0.06641000 0.07127900
-0.00000005 0.06772514 -0.25666962 0.00000000 -0.06641000 -0.07127900
-0.00000005 -0.06786746 -0.25663943 0.00000000 0.06641000 -0.07127900
0.00000129 0.06778280 0.25667854 0.00000000 -0.06641000 0.07127900
0.00002323 0.00000265 -0.00000148 0.00000000 -0.00000000 0.00000000
0.00000727 -0.00001886 0.00001483 0.00000000 0.00000000 0.00000000
-0.00002027 0.00000382 -0.00000127 0.00000000 -0.00000000 0.00000000
-0.00000430 -0.00002003 0.00001504 0.00000000 0.00000000 0.00000000
0.00001740 -0.26711463 0.17523686 0.00000000 -0.08665000 0.07383600
-0.00001607 0.26698159 -0.17527561 0.00000000 0.08665000 -0.07383600
-0.00001607 -0.26692745 -0.17531665 0.00000000 -0.08665000 -0.07383600
0.00001740 0.26697479 0.17526636 0.00000000 0.08665000 0.07383600
-0.10300352 -0.25509981 -0.19508398 -0.05925900 -0.09226100 -0.08881500
0.10299249 0.25508577 0.19506829 0.05925900 0.09226100 0.08881500
0.10295903 -0.25504648 0.19510077 0.05925900 -0.09226100 0.08881500
-0.10301719 0.25509510 0.19506554 -0.05925900 0.09226100 0.08881500
-0.10300485 0.25508661 -0.19506854 -0.05925900 0.09226100 -0.08881500
0.10302197 -0.25510787 -0.19508243 0.05925900 -0.09226100 -0.08881500
0.10302330 0.25509467 -0.19506699 0.05925900 0.09226100 -0.08881500
-0.10298373 -0.25505581 0.19509801 -0.05925900 -0.09226100 0.08881500
0.00000339 0.20497251 -0.14367092 0.00000000 0.13009401 -0.10321000
-0.00000307 -0.20485467 0.14371561 0.00000000 -0.13009401 0.10321000
-0.00000307 0.20496263 0.14370638 0.00000000 0.13009401 0.10321000
0.00000339 -0.20487392 -0.14369373 0.00000000 -0.13009401 -0.10321000
0.00000364 -0.22593812 0.00141358 0.00000000 -0.29966101 -0.09989100
-0.00000341 0.22599977 -0.00147668 0.00000000 0.29966101 0.09989100
-0.00000341 -0.22600460 -0.00149115 0.00000000 -0.29966101 0.09989100
0.00000364 0.22597502 0.00144369 0.00000000 0.29966101 -0.09989100
0.00000057 -0.07781496 1.01446322 0.00000000 -0.02612400 0.79874700
-0.00000040 0.07796244 -1.01447002 0.00000000 0.02612400 -0.79874700
-0.00000040 -0.07798815 -1.01439621 0.00000000 -0.02612400 -0.79874700
0.00000057 0.07791158 1.01445097 0.00000000 0.02612400 0.79874700
0.00000032 -0.02722993 0.26226686 0.00000000 0.00239800 -0.00214300
-0.00007442 0.02733009 -0.26238910 -0.00000000 -0.00239800 0.00214300
-0.00007442 -0.02726901 -0.26230389 0.00000000 0.00239800 0.00214300
0.00000032 0.02724634 0.26234713 -0.00000000 -0.00239800 -0.00214300
-0.00000083 0.00001518 -0.00000499 -0.00000000 -0.00000000 -0.00000000
0.00002242 -0.00000385 0.00001244 -0.00000000 -0.00000000 0.00000000
-0.00001815 0.00001241 -0.00000843 -0.00000000 0.00000000 0.00000000
-0.00004141 -0.00000108 0.00000899 0.00000000 0.00000000 -0.00000000
-0.00005953 -0.16765472 0.24757086 0.00000000 -0.00073200 0.00063600
-0.00001859 0.16778052 -0.24741862 -0.00000000 0.00073200 -0.00063600
-0.00001859 -0.16759325 -0.24754060 -0.00000000 -0.00073200 -0.00063600
-0.00005953 0.16773849 0.24740909 0.00000000 0.00073200 0.00063600
-0.00455763 -0.25372483 -0.12020379 -0.00017300 0.00144400 0.00226600
0.00454283 0.25377713 0.12025286 0.00017300 -0.00144400 -0.00226600
0.00457076 -0.25374159 0.12019315 0.00017300 0.00144400 -0.00226600
-0.00436189 0.25372425 0.12030044 -0.00017300 -0.00144400 -0.00226600
-0.00446789 0.25370759 -0.12026600 -0.00017300 -0.00144400 0.00226600
0.00457880 -0.25373505 -0.12020257 0.00017300 0.00144400 0.00226600
0.00448906 0.25371781 -0.12026477 0.00017300 -0.00144400 0.00226600
-0.00438983 -0.25368872 0.12024074 -0.00017300 0.00144400 -0.00226600
0.00000004 0.10858971 0.00092033 0.00000000 -0.00036000 -0.00164800
-0.00001039 -0.10864509 -0.00091634 -0.00000000 0.00036000 0.00164800
-0.00001039 0.10856405 -0.00090263 -0.00000000 -0.00036000 0.00164800
0.00000004 -0.10862957 0.00094190 -0.00000000 0.00036000 -0.00164800
-0.00000402 -0.07724807 0.30463102 -0.00000000 -0.00176000 -0.00100900
-0.00000558 0.07730717 -0.30476156 0.00000000 0.00176000 0.00100900
-0.00000558 -0.07730495 -0.30467441 -0.00000000 -0.00176000 0.00100900
-0.00000402 0.07728705 0.30472285 0.00000000 0.00176000 -0.00100900
-0.00000349 -0.05383650 -0.24176709 0.00000000 -0.00202700 -0.00362700
-0.00000746 0.05363954 0.24170776 -0.00000000 0.00202700 0.00362700
-0.00000746 -0.05380251 0.24178021 0.00000000 -0.00202700 0.00362700
-0.00000349 0.05367138 -0.24168183 -0.00000000 0.00202700 -0.00362700
-0.00000301 -0.04310176 0.28021045 0.00000000 0.07488900 0.07953600
0.00000529 0.04296722 -0.28028131 -0.00000000 -0.07488900 -0.07953600
0.00000529 -0.04303967 -0.28027331 -0.00000000 0.07488900 -0.07953600
-0.00000301 0.04294243 0.28022979 0.00000000 -0.07488900 0.07953600
-0.00000516 0.00000134 -0.00000744 0.00000000 0.00000000 -0.00000000
-0.00001786 0.00002020 -0.00000596 -0.00000000 0.00000000 -0.00000000
-0.00000208 -0.00000104 -0.00000754 -0.00000000 0.00000000 -0.00000000
0.00001061 0.00002258 -0.00000606 0.00000000 0.00000000 -0.00000000
-0.00003186 -0.29042772 0.19163703 -0.00000000 -0.09889300 0.08287600
0.00003465 0.29034793 -0.19161434 -0.00000000 0.09889300 -0.08287600
0.00003465 -0.29032911 -0.19159943 0.00000000 -0.09889300 -0.08287600
-0.00003186 0.29036061 0.19161705 -0.00000000 0.09889300 0.08287600
-0.09676099 -0.27385850 -0.22283581 -0.06737000 -0.10517100 -0.10073500
0.09676725 0.27387672 0.22283737 0.06737000 0.10517100 0.10073500
0.09671916 -0.27379990 0.22281764 0.06737000 -0.10517100 0.10073500
-0.09672881 0.27386113 0.22283951 -0.06737000 0.10517100 0.10073500
-0.09676759 0.27387992 -0.22285118 -0.06737000 0.10517100 -0.10073500
0.09672169 -0.27384126 -0.22283893 0.06737000 -0.10517100 -0.10073500
0.09672829 0.27386268 -0.22285430 0.06737000 0.10517100 -0.10073500
-0.09668072 -0.27378432 0.22281979 -0.06737000 -0.10517100 0.10073500
-0.00000699 0.22672690 -0.14662408 -0.00000000 0.14783300 -0.11578700
0.00000817 -0.22658026 0.14674103 0.00000000 -0.14783300 0.11578700
0.00000817 0.22657779 0.14673105 -0.00000000 0.14783300 0.11578700
-0.00000699 -0.22665434 -0.14666714 0.00000000 -0.14783300 -0.11578700
-0.00000729 -0.23516701 -0.04900299 -0.00000000 -0.33857000 -0.11236600
0.00000879 0.23515102 0.04899516 0.00000000 0.33857000 0.11236600
0.00000879 -0.23521315 0.04896940 -0.00000000 -0.33857000 0.11236600
-0.00000729 0.23513925 -0.04901480 -0.00000000 0.33857000 -0.11236600
-0.00000086 -0.07504916 1.12139214 -0.00000000 -0.02926600 0.90304500
0.00000120 0.07503245 -1.12138314 -0.00000000 0.02926600 -0.90304500
0.00000120 -0.07500322 -1.12138381 0.00000000 -0.02926600 -0.90304500
-0.00000086 0.07508027 1.12141416 -0.00000000 0.02926600 0.90304500
-0.00000350 0.00027045 0.27743128 -0.00000000 -0.00144700 -0.00196300
0.00003503 -0.00026486 -0.27751147 -0.00000000 0.00144700 0.00196300
0.00003503 0.00020897 -0.27752071 -0.00000000 -0.00144700 0.00196300
-0.00000350 -0.00030651 0.27739871 -0.00000000 0.00144700 -0.00196300
0.00000720 -0.00001710 -0.00000235 -0.00000000 0.00000000 0.00000000
-0.00000941 0.00002343 -0.00000650 -0.00000000 0.00000000 0.00000000
-0.00000057 -0.00001415 0.00000089 -0.00000000 0.00000000 0.00000000
0.00001605 0.00002049 -0.00000326 -0.00000000 0.00000000 0.00000000
-0.00000360 -0.18440243 0.27642397 -0.00000000 -0.00041000 0.00032900
0.00003665 0.18448212 -0.27647988 -0.00000000 0.00041000 -0.00032900
0.00003665 -0.18439187 -0.27644304 -0.00000000 -0.00041000 -0.00032900
-0.00000360 0.18449287 0.27645671 -0.00000000 0.00041000 0.00032900
0.01031484 -0.26594146 -0.12677310 -0.00163900 0.00111400 0.00291700
-0.01048486 0.26586943 0.12687088 0.00163900 -0.00111400 -0.00291700
-0.01044804 -0.26590785 0.12686953 0.00163900 0.00111400 -0.00291700
0.01044428 0.26587700 0.12685213 -0.00163900 -0.00111400 -0.00291700
0.01036472 0.26586266 -0.12676773 -0.00163900 -0.00111400 0.00291700
-0.01035517 -0.26592281 -0.12677456 0.00163900 0.00111400 0.00291700
-0.01040505 0.26584401 -0.12676919 0.00163900 -0.00111400 0.00291700
0.01040746 -0.26591542 0.12685078 -0.00163900 0.00111400 -0.00291700
-0.00000589 0.11988749 0.02003560 -0.00000000 0.00069600 0.00030300
0.00001128 -0.11983854 -0.02003749 -0.00000000 -0.00069600 -0.00030300
0.00001128 0.11985586 -0.02004735 -0.00000000 0.00069600 -0.00030300
-0.00000589 -0.11987428 0.02002048 -0.00000000 -0.00069600 0.00030300
-0.00000410 -0.05546056 0.29035514 -0.00000000 0.00085300 0.00123100
0.00000357 0.05544484 -0.29036452 -0.00000000 -0.00085300 -0.00123100
0.00000357 -0.05547602 -0.29038941 -0.00000000 0.00085300 -0.00123100
-0.00000410 0.05545099 0.29032299 -0.00000000 -0.00085300 0.00123100
0.00000045 -0.04866468 -0.30172004 -0.00000000 -0.00235300 -0.00310500
0.00000437 0.04870061 0.30169310 -0.00000000 0.00235300 0.00310500
0.00000437 -0.04864212 0.30170949 -0.00000000 -0.00235300 0.00310500
0.00000045 0.04874947 -0.30168107 -0.00000000 0.00235300 -0.00310500
