0.00000788 0.00000871 -0.00000248 0.00000000 0.00000000 -0.00000000
0.00001144 -0.00000645 -0.00002837 0.00000000 -0.00000000 -0.00000000
0.00000788 0.00000871 0.00004297 0.00000000 0.00000000 -0.00000000
0.00001229 0.00002577 0.00000250 -0.00000000 -0.00000000 -0.00000000
0.00000591 0.00000225 -0.00000353 0.00000000 0.00000000 -0.00000000
0.00001527 -0.00003802 -0.00002837 0.00000000 0.00000000 -0.00000000
0.00000591 0.00000225 0.00004403 0.00000000 0.00000000 -0.00000000
0.00009223 0.00000651 0.00000250 0.00000000 -0.00000000 -0.00000000
-0.00001213 -0.00000512 0.00000148 0.00000000 0.00000000 -0.00000000
-0.00009114 0.00002664 -0.00002837 0.00000000 0.00000000 -0.00000000
-0.00001213 -0.00000512 0.00003901 0.00000000 0.00000000 -0.00000000
-0.00009223 -0.00003014 0.00000250 -0.00000000 -0.00000000 -0.00000000
-0.00001409 -0.00001157 0.00000043 0.00000000 0.00000000 -0.00000000
-0.00008730 -0.00000493 -0.00002837 0.00000000 0.00000000 -0.00000000
-0.00001409 -0.00001157 0.00004007 0.00000000 0.00000000 -0.00000000
-0.00001228 -0.00004940 0.00000250 -0.00000000 -0.00000000 -0.00000000
0.00000876 0.00001083 0.11448900 -0.00000000 0.00000000 0.13569200
0.00008809 -0.00000168 0.00000986 -0.00000000 0.00000000 -0.00000000
0.00000876 0.00001083 -0.11454539 0.00000000 -0.00000000 -0.13569200
0.00001256 0.00000842 0.11452521 -0.00000000 -0.00000000 0.13569200
0.00000574 0.00004965 0.00001098 -0.00000000 -0.00000000 -0.00000000
0.00001256 0.00000842 -0.11450428 -0.00000000 -0.00000000 -0.13569200
0.00000904 0.00000523 0.11448244 0.00000000 0.00000000 0.13569200
0.00008508 -0.00003153 0.00000986 -0.00000000 0.00000000 -0.00000000
0.00000904 0.00000523 -0.11453883 -0.00000000 0.00000000 -0.13569200
0.00000831 0.00000218 0.11452503 -0.00000000 0.00000000 0.13569200
0.00009044 0.00003501 0.00001098 -0.00000000 -0.00000000 -0.00000000
0.00000831 0.00000218 -0.11450410 0.00000000 0.00000000 -0.13569200
-0.00000941 -0.00000457 0.11448833 0.00000000 0.00000000 0.13569200
-0.00000183 0.00004420 0.00000986 0.00000000 0.00000000 -0.00000000
-0.00000941 -0.00000457 -0.11454472 -0.00000000 -0.00000000 -0.13569200
-0.00000576 -0.00000184 0.11450058 0.00000000 0.00000000 0.13569200
-0.00008975 -0.00000895 0.00001098 0.00000000 -0.00000000 -0.00000000
-0.00000576 -0.00000183 -0.11447966 -0.00000000 0.00000000 -0.13569200
-0.00000913 -0.00001017 0.11448177 0.00000000 0.00000000 0.13569200
-0.00000484 0.00001436 0.00000986 -0.00000000 0.00000000 -0.00000000
-0.00000913 -0.00001017 -0.11453816 -0.00000000 -0.00000000 -0.13569200
-0.00001002 -0.00000808 0.11450040 0.00000000 0.00000000 0.13569200
-0.00000505 -0.00002358 0.00001098 0.00000000 -0.00000000 -0.00000000
-0.00001002 -0.00000808 -0.11447948 -0.00000000 -0.00000000 -0.13569200
-0.00000601 -0.00000297 0.00001429 0.00000000 0.00000000 -0.00000000
-0.00000789 0.00010039 -0.00000411 -0.00000000 -0.00000000 -0.00000000
-0.00000601 -0.00000297 -0.00000435 0.00000000 0.00000000 -0.00000000
-0.00000843 -0.00010388 -0.00000996 -0.00000000 -0.00000000 -0.00000000
-0.00000520 -0.00000921 0.00001219 0.00000000 0.00000000 -0.00000000
-0.00001057 0.00006534 -0.00000411 -0.00000000 -0.00000000 -0.00000000
-0.00000520 -0.00000921 -0.00000225 0.00000000 0.00000000 -0.00000000
-0.00006233 -0.00011449 -0.00000996 0.00000000 -0.00000000 -0.00000000
0.00000887 0.00000656 0.00001150 0.00000000 0.00000000 -0.00000000
0.00006171 0.00007834 -0.00000411 -0.00000000 0.00000000 -0.00000000
0.00000887 0.00000656 -0.00000156 0.00000000 0.00000000 -0.00000000
0.00006233 -0.00006612 -0.00000996 0.00000000 0.00000000 -0.00000000
0.00000968 0.00000032 0.00000939 0.00000000 0.00000000 -0.00000000
0.00005903 0.00004329 -0.00000411 -0.00000000 0.00000000 -0.00000000
0.00000968 0.00000032 0.00000054 0.00000000 0.00000000 -0.00000000
0.00000843 -0.00007673 -0.00000996 -0.00000000 -0.00000000 -0.00000000
-0.00000591 0.00000181 0.12877294 0.00000000 0.00000000 0.12526999
-0.00005927 -0.00004741 -0.00000113 0.00000000 -0.00000000 -0.00000000
-0.00000591 0.00000181 -0.12875574 0.00000000 -0.00000000 -0.12526999
-0.00000851 -0.00000473 0.12875168 -0.00000000 0.00000000 0.12526999
-0.00000366 0.00008721 0.00000023 -0.00000000 0.00000000 -0.00000000
-0.00000851 -0.00000473 -0.12876385 0.00000000 -0.00000000 -0.12526999
-0.00000611 -0.00000389 0.12876763 0.00000000 0.00000000 0.12526999
-0.00005726 -0.00007759 -0.00000113 0.00000000 -0.00000000 -0.00000000
-0.00000611 -0.00000389 -0.12875043 0.00000000 -0.00000000 -0.12526999
-0.00000605 -0.00000994 0.12875214 0.00000000 0.00000000 0.12526999
-0.00006080 0.00007056 0.00000023 -0.00000000 0.00000000 -0.00000000
-0.00000605 -0.00000994 -0.12876431 -0.00000000 -0.00000000 -0.12526999
0.00000691 0.00001204 0.12877299 0.00000000 0.00000000 0.12526999
0.00000111 -0.00007854 -0.00000113 0.00000000 -0.00000000 -0.00000000
0.00000691 0.00001204 -0.12875579 0.00000000 -0.00000000 -0.12526999
0.00000433 0.00000246 0.12876809 -0.00000000 0.00000000 0.12526999
0.00006032 0.00012647 0.00000023 -0.00000000 0.00000000 -0.00000000
0.00000433 0.00000246 -0.12878026 0.00000000 -0.00000000 -0.12526999
0.00000671 0.00000634 0.12876768 0.00000000 0.00000000 0.12526999
0.00000312 -0.00010871 -0.00000113 0.00000000 -0.00000000 -0.00000000
0.00000671 0.00000634 -0.12875047 0.00000000 -0.00000000 -0.12526999
0.00000678 -0.00000275 0.12876855 -0.00000000 0.00000000 0.12526999
0.00000317 0.00010982 0.00000023 -0.00000000 0.00000000 -0.00000000
0.00000678 -0.00000275 -0.12878072 -0.00000000 -0.00000000 -0.12526999
0.00001900 -0.00000252 0.00001330 -0.00000000 -0.00000000 0.00000000
0.00013504 -0.00007377 -0.00000348 -0.00000000 0.00000000 0.00000000
0.00001900 -0.00000252 -0.00001858 -0.00000000 -0.00000000 0.00000000
0.00001089 0.00001153 0.00007969 0.00000000 -0.00000000 0.00000000
-0.00002946 -0.00000087 -0.00000762 -0.00000000 -0.00000000 0.00000000
0.00000754 -0.00005828 -0.00000348 -0.00000000 0.00000000 0.00000000
-0.00002946 -0.00000087 0.00000235 -0.00000000 -0.00000000 0.00000000
-0.00008073 0.00007467 0.00007969 0.00000000 -0.00000000 0.00000000
-0.00000216 0.00001095 -0.00001950 -0.00000000 -0.00000000 0.00000000
0.00004054 -0.00004544 -0.00000348 -0.00000000 0.00000000 0.00000000
-0.00000216 0.00001095 0.00001423 -0.00000000 -0.00000000 0.00000000
-0.00008142 0.00013451 0.00007969 0.00000000 0.00000000 0.00000000
0.00001876 -0.00001353 -0.00000383 -0.00000000 -0.00000000 0.00000000
-0.00008345 -0.00016565 -0.00000348 -0.00000000 0.00000000 0.00000000
0.00001876 -0.00001353 -0.00000144 -0.00000000 -0.00000000 0.00000000
0.00015125 0.00002553 0.00007969 0.00000000 -0.00000000 0.00000000
0.00000730 0.00000672 0.14100041 0.00000000 -0.00000000 0.11538400
-0.00005386 0.00008812 0.00000409 0.00000000 -0.00000000 0.00000000
0.00000730 0.00000672 -0.14098667 0.00000000 -0.00000000 -0.11538400
0.00000242 0.00000857 0.14095109 -0.00000000 0.00000000 0.11538400
0.00000434 -0.00011752 0.00004459 0.00000000 0.00000000 0.00000000
0.00000242 0.00000857 -0.14108443 -0.00000000 -0.00000000 -0.11538400
0.00000487 -0.00001696 0.14099153 0.00000000 -0.00000000 0.11538400
-0.00006429 0.00004963 0.00000409 -0.00000000 -0.00000000 0.00000000
0.00000487 -0.00001696 -0.14097779 0.00000000 -0.00000000 -0.11538400
-0.00001063 0.00000487 0.14097009 -0.00000000 0.00000000 0.11538400
-0.00006766 -0.00005402 0.00004459 0.00000000 0.00000000 0.00000000
-0.00001063 0.00000487 -0.14110343 -0.00000000 0.00000000 -0.11538400
0.00000298 -0.00000636 0.14100086 -0.00000000 -0.00000000 0.11538400
-0.00013202 0.00014635 0.00000409 -0.00000000 -0.00000000 0.00000000
0.00000298 -0.00000636 -0.14098712 0.00000000 -0.00000000 -0.11538400
-0.00001486 0.00000985 0.14096716 -0.00000000 0.00000000 0.11538400
-0.00007828 0.00000923 0.00004459 0.00000000 0.00000000 0.00000000
-0.00001486 0.00000985 -0.14110050 -0.00000000 0.00000000 -0.11538400
-0.00001251 -0.00000117 0.14099147 0.00000000 -0.00000000 0.11538400
0.00014067 0.00009031 0.00000409 -0.00000000 -0.00000000 0.00000000
-0.00001251 -0.00000117 -0.14097774 0.00000000 -0.00000000 -0.11538400
0.00001968 -0.00000480 0.14094904 -0.00000000 0.00000000 0.11538400
0.00014063 -0.00010471 0.00004459 0.00000000 0.00000000 0.00000000
0.00001968 -0.00000480 -0.14108237 -0.00000000 0.00000000 -0.11538400
-0.00001754 0.00001220 -0.00000622 0.00000000 0.00000000 0.00000000
-0.00013141 0.00002831 0.00007740 0.00000000 0.00000000 0.00000000
-0.00001754 0.00001220 -0.00000561 0.00000000 0.00000000 0.00000000
-0.00000985 0.00005710 0.00006203 -0.00000000 0.00000000 0.00000000
0.00003104 -0.00001347 0.00000941 0.00000000 0.00000000 -0.00000000
-0.00000648 -0.00009102 0.00007740 0.00000000 -0.00000000 0.00000000
0.00003104 -0.00001347 -0.00002124 0.00000000 0.00000000 -0.00000000
0.00008575 -0.00005753 0.00006203 -0.00000000 0.00000000 0.00000000
0.00000300 -0.00000320 0.00002581 0.00000000 0.00000000 0.00000000
-0.00004274 0.00000328 0.00007740 0.00000000 -0.00000000 -0.00000000
0.00000300 -0.00000320 -0.00003764 0.00000000 0.00000000 -0.00000000
0.00007295 -0.00006696 0.00006203 -0.00000000 -0.00000000 0.00000000
-0.00002191 -0.00000192 0.00000587 0.00000000 0.00000000 0.00000000
0.00007535 0.00001624 0.00007740 0.00000000 0.00000000 -0.00000000
-0.00002191 -0.00000192 -0.00001770 0.00000000 0.00000000 0.00000000
-0.00014884 -0.00001355 0.00006203 -0.00000000 -0.00000000 0.00000000
-0.00000790 -0.00000045 0.15134847 0.00000000 0.00000000 0.10531100
0.00005740 0.00006251 0.00004229 -0.00000000 -0.00000000 -0.00000000
-0.00000789 -0.00000045 -0.15142743 0.00000000 -0.00000000 -0.10531100
-0.00000142 0.00000624 0.15133260 -0.00000000 0.00000000 0.10531100
-0.00000362 0.00009692 0.00004363 0.00000000 0.00000000 0.00000000
-0.00000142 0.00000624 -0.15146717 0.00000000 -0.00000000 -0.10531100
-0.00000413 0.00000290 0.15133760 0.00000000 0.00000000 0.10531100
0.00006830 0.00000711 0.00004229 -0.00000000 -0.00000000 -0.00000000
-0.00000413 0.00000290 -0.15141656 0.00000000 -0.00000000 -0.10531100
0.00001145 -0.00001004 0.15131632 0.00000000 0.00000000 0.10531100
0.00007178 -0.00001114 0.00004363 0.00000000 -0.00000000 -0.00000000
0.00001145 -0.00001004 -0.15145089 0.00000000 0.00000000 -0.10531100
-0.00000395 0.00001104 0.15134763 0.00000000 0.00000000 0.10531100
0.00012703 0.00000787 0.00004229 -0.00000000 -0.00000000 -0.00000000
-0.00000395 0.00001104 -0.15142658 0.00000000 -0.00000000 -0.10531100
0.00001453 0.00000392 0.15131674 0.00000000 0.00000000 0.10531100
0.00006978 -0.00003002 0.00004363 -0.00000000 0.00000000 -0.00000000
0.00001453 0.00000392 -0.15145132 0.00000000 0.00000000 -0.10531100
0.00001203 -0.00001287 0.15133896 0.00000000 0.00000000 0.10531100
-0.00013702 -0.00002944 0.00004229 -0.00000000 -0.00000000 -0.00000000
0.00001203 -0.00001287 -0.15141792 0.00000000 -0.00000000 -0.10531100
-0.00002096 -0.00000113 0.15133490 0.00000000 0.00000000 0.10531100
-0.00013689 0.00003389 0.00004363 0.00000000 0.00000000 -0.00000000
-0.00002095 -0.00000113 -0.15146947 0.00000000 -0.00000000 -0.10531100
0.00000762 0.00000955 0.00004445 0.00000000 0.00000000 -0.00000000
0.00000734 0.00008488 -0.00008595 -0.00000000 -0.00000000 0.00000000
0.00000762 0.00000955 0.00000733 0.00000000 0.00000000 0.00000000
0.00000818 -0.00011306 -0.00001885 0.00000000 -0.00000000 0.00000000
0.00000814 0.00000586 0.00001843 0.00000000 0.00000000 0.00000000
0.00001044 0.00001602 -0.00008595 -0.00000000 0.00000000 0.00000000
0.00000814 0.00000586 0.00003334 0.00000000 0.00000000 0.00000000
0.00005815 0.00017479 -0.00001885 -0.00000000 0.00000000 0.00000000
-0.00001007 0.00000032 0.00004763 0.00000000 0.00000000 -0.00000000
-0.00005468 0.00010463 -0.00008595 0.00000000 -0.00000000 0.00000000
-0.00001007 0.00000032 0.00000414 0.00000000 0.00000000 -0.00000000
-0.00005814 -0.00014821 -0.00001885 -0.00000000 -0.00000000 0.00000000
-0.00000949 -0.00000356 0.00002137 0.00000000 0.00000000 -0.00000000
-0.00005527 0.00003620 -0.00008595 0.00000000 -0.00000000 0.00000000
-0.00000949 -0.00000356 0.00003040 0.00000000 0.00000000 -0.00000000
-0.00000818 0.00013965 -0.00001885 -0.00000000 0.00000000 0.00000000
0.00000524 0.00000168 0.16010366 -0.00000000 -0.00000000 0.09571300
0.00005320 -0.00004861 -0.00003420 -0.00000000 -0.00000000 0.00000000
0.00000524 0.00000168 -0.15997608 -0.00000000 0.00000000 -0.09571300
0.00000782 -0.00002057 0.16008285 0.00000000 -0.00000000 0.09571300
0.00000281 0.00006548 0.00000388 0.00000000 0.00000000 -0.00000000
0.00000782 -0.00002057 -0.16012708 0.00000000 0.00000000 -0.09571300
0.00000562 0.00001279 0.16013160 -0.00000000 -0.00000000 0.09571300
0.00005296 -0.00011273 -0.00003420 0.00000000 -0.00000000 0.00000000
0.00000562 0.00001278 -0.16000402 -0.00000000 0.00000000 -0.09571300
0.00000681 0.00002423 0.16008288 0.00000000 -0.00000000 0.09571300
0.00005591 -0.00006054 0.00000388 0.00000000 0.00000000 0.00000000
0.00000681 0.00002423 -0.16012712 0.00000000 0.00000000 -0.09571300
-0.00000755 -0.00000731 0.16010467 -0.00000000 -0.00000000 0.09571300
-0.00000222 -0.00002110 -0.00003420 -0.00000000 -0.00000000 0.00000000
-0.00000755 -0.00000731 -0.15997709 -0.00000000 0.00000000 -0.09571300
-0.00000529 -0.00002763 0.16006863 0.00000000 -0.00000000 0.09571300
-0.00005543 0.00002977 0.00000388 0.00000000 -0.00000000 -0.00000000
-0.00000529 -0.00002763 -0.16011286 0.00000000 0.00000000 -0.09571300
-0.00000777 0.00000398 0.16013261 -0.00000000 -0.00000000 0.09571300
-0.00000256 -0.00008341 -0.00003420 0.00000000 -0.00000000 0.00000000
-0.00000777 0.00000398 -0.16000502 -0.00000000 -0.00000000 -0.09571300
-0.00000615 0.00001691 0.16006824 0.00000000 -0.00000000 0.09571300
-0.00000235 -0.00009625 0.00000388 0.00000000 0.00000000 0.00000000
-0.00000615 0.00001691 -0.16011248 0.00000000 0.00000000 -0.09571300
-0.00001056 0.00001178 -0.00001564 -0.00000000 -0.00000000 0.00000000
-0.00001078 -0.00009035 0.00000884 0.00000000 -0.00000000 0.00000000
-0.00001056 0.00001178 -0.00004217 -0.00000000 -0.00000000 0.00000000
-0.00001080 0.00004298 0.00003645 0.00000000 -0.00000000 0.00000000
-0.00001222 -0.00001995 0.00000278 -0.00000000 -0.00000000 0.00000000
-0.00001406 0.00016163 0.00000884 0.00000000 0.00000000 0.00000000
-0.00001222 -0.00001995 -0.00006059 -0.00000000 -0.00000000 0.00000000
-0.00007580 0.00000783 0.00003645 0.00000000 -0.00000000 0.00000000
0.00001414 0.00002447 -0.00001940 -0.00000000 -0.00000000 0.00000000
0.00007885 -0.00011576 0.00000884 0.00000000 0.00000000 0.00000000
0.00001414 0.00002447 -0.00003841 -0.00000000 -0.00000000 0.00000000
0.00007580 0.00008877 0.00003645 0.00000000 -0.00000000 0.00000000
0.00001254 -0.00000744 -0.00000120 -0.00000000 -0.00000000 0.00000000
0.00007197 0.00013664 0.00000884 -0.00000000 0.00000000 0.00000000
0.00001254 -0.00000744 -0.00005661 -0.00000000 -0.00000000 0.00000000
0.00001078 0.00005362 0.00003645 -0.00000000 0.00000000 0.00000000
-0.00000722 -0.00002910 0.16315004 -0.00000000 0.00000000 0.08600200
-0.00007253 -0.00002193 -0.00000490 0.00000000 -0.00000000 0.00000000
-0.00000722 -0.00002910 -0.16320042 0.00000000 0.00000000 -0.08600200
-0.00001040 -0.00000805 0.16323459 -0.00000000 -0.00000000 0.08600200
-0.00000343 -0.00006171 -0.00001600 -0.00000000 0.00000000 0.00000000
-0.00001040 -0.00000805 -0.16315078 -0.00000000 -0.00000000 -0.08600200
-0.00000737 0.00001654 0.16313932 -0.00000000 0.00000000 0.08600200
-0.00006869 0.00000927 -0.00000490 -0.00000000 -0.00000000 0.00000000
-0.00000737 0.00001654 -0.16318970 0.00000000 -0.00000000 -0.08600200
-0.00000940 0.00000263 0.16319615 -0.00000000 0.00000000 0.08600200
-0.00007260 -0.00009110 -0.00001600 -0.00000000 -0.00000000 0.00000000
-0.00000940 0.00000263 -0.16311235 -0.00000000 -0.00000000 -0.08600200
0.00001142 -0.00001764 0.16314830 -0.00000000 0.00000000 0.08600200
-0.00000058 -0.00006202 -0.00000490 0.00000000 0.00000000 0.00000000
0.00001142 -0.00001764 -0.16319868 0.00000000 0.00000000 -0.08600200
0.00000712 0.00000198 0.16325381 -0.00000000 -0.00000000 0.08600200
0.00007195 -0.00001551 -0.00001601 -0.00000000 -0.00000000 0.00000000
0.00000712 0.00000198 -0.16317000 0.00000000 -0.00000000 -0.08600200
0.00001067 0.00002819 0.16313757 -0.00000000 0.00000000 0.08600200
0.00000317 -0.00002906 -0.00000490 0.00000000 0.00000000 0.00000000
0.00001067 0.00002819 -0.16318796 0.00000000 0.00000000 -0.08600200
0.00000826 0.00001240 0.16321496 -0.00000000 -0.00000000 0.08600200
0.00000276 -0.00004491 -0.00001600 -0.00000000 0.00000000 0.00000000
0.00000825 0.00001240 -0.16313116 -0.00000000 -0.00000000 -0.08600200
0.00001208 0.00000015 0.00001771 -0.00000000 0.00000000 0.00000000
0.00011957 0.00001846 0.00000204 -0.00000000 0.00000000 0.00000000
0.00001208 0.00000015 -0.00001863 -0.00000000 0.00000000 0.00000000
0.00000594 -0.00006950 0.00000028 -0.00000000 -0.00000000 0.00000000
-0.00003790 -0.00000945 -0.00000237 -0.00000000 0.00000000 0.00000000
0.00000199 -0.00000349 0.00000204 -0.00000000 0.00000000 0.00000000
-0.00003790 -0.00000945 0.00000146 -0.00000000 0.00000000 0.00000000
-0.00010555 -0.00003633 0.00000028 -0.00000000 -0.00000000 0.00000000
-0.00000294 0.00002246 -0.00001214 -0.00000000 0.00000000 0.00000000
0.00006140 0.00003277 0.00000204 -0.00000000 0.00000000 0.00000000
-0.00000294 0.00002246 0.00001122 -0.00000000 0.00000000 0.00000000
-0.00004354 0.00006109 0.00000028 -0.00000000 -0.00000000 0.00000000
0.00003159 -0.00001672 -0.00000002 -0.00000000 0.00000000 0.00000000
-0.00004730 -0.00011134 0.00000204 0.00000000 0.00000000 0.00000000
0.00003159 -0.00001672 -0.00000090 -0.00000000 0.00000000 0.00000000
0.00014313 -0.00006244 0.00000028 -0.00000000 -0.00000000 0.00000000
0.00000861 0.00001171 0.11780066 -0.00000000 -0.00000000 0.07659300
-0.00007548 0.00003601 -0.00000139 -0.00000000 0.00000000 0.00000000
0.00000861 0.00001171 -0.11779921 -0.00000000 0.00000000 -0.07659300
-0.00000241 0.00000363 0.11778226 0.00000000 0.00000000 0.07659300
0.00000168 -0.00001668 -0.00000014 -0.00000000 -0.00000000 0.00000000
-0.00000241 0.00000363 -0.11778358 0.00000000 -0.00000000 -0.07659300
0.00000142 -0.00001670 0.11778918 -0.00000000 0.00000000 0.07659300
-0.00008474 -0.00003024 -0.00000139 -0.00000000 0.00000000 0.00000000
0.00000142 -0.00001670 -0.11778773 -0.00000000 -0.00000000 -0.07659300
-0.00001493 -0.00000722 0.11779806 0.00000000 -0.00000000 0.07659300
-0.00008880 0.00002339 -0.00000014 -0.00000000 -0.00000000 0.00000000
-0.00001493 -0.00000722 -0.11779938 0.00000000 0.00000000 -0.07659300
0.00000873 0.00000532 0.11780188 0.00000000 -0.00000000 0.07659300
-0.00011640 0.00007421 -0.00000139 -0.00000000 0.00000000 0.00000000
0.00000873 0.00000532 -0.11780043 -0.00000000 -0.00000000 -0.07659300
-0.00001264 0.00001013 0.11779970 0.00000000 0.00000000 0.07659300
-0.00004104 0.00011426 -0.00000014 -0.00000000 -0.00000000 0.00000000
-0.00001264 0.00001013 -0.11780102 0.00000000 -0.00000000 -0.07659300
-0.00000919 0.00000009 0.11778388 -0.00000000 0.00000000 0.07659300
0.00012730 -0.00000832 -0.00000139 -0.00000000 0.00000000 0.00000000
-0.00000919 0.00000009 -0.11778243 -0.00000000 0.00000000 -0.07659300
0.00002514 -0.00001291 0.11778749 0.00000000 -0.00000000 0.07659300
0.00012671 -0.00000278 -0.00000014 -0.00000000 -0.00000000 0.00000000
0.00002514 -0.00001291 -0.11778881 -0.00000000 0.00000000 -0.07659300
-0.00001826 0.00001467 -0.00000035 -0.00000000 -0.00000000 0.00000000
-0.00012284 0.00010959 -0.00006609 -0.00000000 0.00000000 0.00000000
-0.00001826 0.00001467 0.00005748 -0.00000000 -0.00000000 0.00000000
-0.00001201 -0.00007646 0.00002757 0.00000000 -0.00000000 0.00000000
0.00003059 -0.00001276 -0.00000749 -0.00000000 -0.00000000 0.00000000
-0.00001014 -0.00003613 -0.00006609 -0.00000000 0.00000000 0.00000000
0.00003059 -0.00001275 0.00006462 -0.00000000 -0.00000000 0.00000000
0.00006113 0.00010724 0.00002757 0.00000000 -0.00000000 0.00000000
0.00001292 -0.00000125 0.00002599 -0.00000000 -0.00000000 0.00000000
-0.00001765 0.00008193 -0.00006609 -0.00000000 0.00000000 0.00000000
0.00001292 -0.00000125 0.00003114 -0.00000000 -0.00000000 0.00000000
0.00008498 -0.00017862 0.00002757 0.00000000 -0.00000000 0.00000000
-0.00002595 0.00000174 -0.00001227 -0.00000000 -0.00000000 0.00000000
0.00008677 0.00005516 -0.00006609 -0.00000000 0.00000000 0.00000000
-0.00002595 0.00000174 0.00006940 -0.00000000 -0.00000000 0.00000000
-0.00013408 0.00015830 0.00002757 0.00000000 -0.00000000 0.00000000
-0.00001336 -0.00000428 0.07285714 0.00000000 -0.00000000 0.06730300
0.00003434 0.00000870 0.00004739 -0.00000000 0.00000000 0.00000000
-0.00001336 -0.00000428 -0.07291248 0.00000000 -0.00000000 -0.06730300
-0.00000317 -0.00002199 0.07288837 0.00000000 0.00000000 0.06730300
-0.00000317 0.00010927 -0.00003012 -0.00000000 -0.00000000 0.00000000
-0.00000317 -0.00002199 -0.07286890 -0.00000000 0.00000000 -0.06730300
-0.00000540 0.00001105 0.07287750 -0.00000000 -0.00000000 0.06730300
0.00004419 -0.00007422 0.00004739 -0.00000000 -0.00000000 0.00000000
-0.00000540 0.00001105 -0.07293285 -0.00000000 -0.00000000 -0.06730300
0.00000929 0.00001391 0.07287699 0.00000000 0.00000000 0.06730300
0.00004602 -0.00009052 -0.00003012 0.00000000 -0.00000000 0.00000000
0.00000929 0.00001391 -0.07285753 -0.00000000 0.00000000 -0.06730300
-0.00000242 0.00000790 0.07285433 -0.00000000 -0.00000000 0.06730300
0.00011419 -0.00004955 0.00004739 0.00000000 -0.00000000 0.00000000
-0.00000242 0.00000790 -0.07290968 0.00000000 -0.00000000 -0.06730300
0.00001725 -0.00002310 0.07288250 0.00000000 0.00000000 0.06730300
0.00007988 0.00000746 -0.00003012 -0.00000000 -0.00000000 0.00000000
0.00001725 -0.00002310 -0.07286303 -0.00000000 0.00000000 -0.06730300
0.00001597 0.00000125 0.07288240 0.00000000 -0.00000000 0.06730300
-0.00012239 -0.00011724 0.00004739 -0.00000000 0.00000000 0.00000000
0.00001597 0.00000125 -0.07293775 -0.00000000 -0.00000000 -0.06730300
-0.00002106 0.00002524 0.07289737 0.00000000 0.00000000 0.06730300
-0.00012205 -0.00003969 -0.00003012 -0.00000000 -0.00000000 0.00000000
-0.00002106 0.00002524 -0.07287790 0.00000000 0.00000000 -0.06730300
0.00000506 0.00002354 -0.00001096 -0.00000000 0.00000000 0.00000000
0.00000467 -0.00009403 -0.00004146 0.00000000 0.00000000 0.00000000
0.00000506 0.00002354 -0.00001102 -0.00000000 0.00000000 0.00000000
0.00000434 0.00007249 -0.00004211 -0.00000000 -0.00000000 0.00000000
0.00000647 -0.00001821 0.00000240 -0.00000000 0.00000000 0.00000000
0.00000583 0.00012268 -0.00004146 0.00000000 0.00000000 0.00000000
0.00000647 -0.00001821 -0.00002439 -0.00000000 0.00000000 0.00000000
0.00002961 0.00001427 -0.00004211 -0.00000000 -0.00000000 0.00000000
-0.00000646 0.00001824 -0.00000941 -0.00000000 0.00000000 0.00000000
-0.00003278 -0.00008447 -0.00004146 0.00000000 -0.00000000 0.00000000
-0.00000646 0.00001824 -0.00001257 -0.00000000 0.00000000 0.00000000
-0.00002961 0.00005465 -0.00004211 0.00000000 0.00000000 0.00000000
-0.00000512 -0.00002337 0.00000413 -0.00000000 0.00000000 0.00000000
-0.00002820 0.00013182 -0.00004146 0.00000000 -0.00000000 0.00000000
-0.00000512 -0.00002337 -0.00002612 -0.00000000 0.00000000 0.00000000
-0.00000433 -0.00000357 -0.00004211 -0.00000000 0.00000000 0.00000000
0.00000282 -0.00001841 0.02853128 0.00000000 0.00000000 0.05838800
0.00002894 -0.00003328 0.00003755 -0.00000000 0.00000000 0.00000000
0.00000282 -0.00001841 -0.02850178 0.00000000 0.00000000 -0.05838800
0.00000405 0.00000421 0.02853867 0.00000000 -0.00000000 0.05838800
0.00000107 -0.00001109 0.00003537 0.00000000 -0.00000000 0.00000000
0.00000405 0.00000421 -0.02853553 0.00000000 0.00000000 -0.05838800
0.00000283 0.00002306 0.02851576 -0.00000000 -0.00000000 0.05838800
0.00002667 -0.00002548 0.00003755 -0.00000000 0.00000000 0.00000000
0.00000283 0.00002306 -0.02848626 0.00000000 0.00000000 -0.05838800
0.00000420 0.00000543 0.02850252 0.00000000 -0.00000000 0.05838800
0.00002805 -0.00004737 0.00003537 -0.00000000 -0.00000000 0.00000000
0.00000420 0.00000543 -0.02849938 0.00000000 -0.00000000 -0.05838800
-0.00000548 -0.00002255 0.02853240 -0.00000000 0.00000000 0.05838800
0.00000109 -0.00001657 0.00003755 -0.00000000 0.00000000 0.00000000
-0.00000548 -0.00002255 -0.02850290 -0.00000000 -0.00000000 -0.05838800
-0.00000321 -0.00000006 0.02853125 0.00000000 -0.00000000 0.05838800
-0.00002779 -0.00002873 0.00003537 -0.00000000 -0.00000000 0.00000000
-0.00000321 -0.00000006 -0.02852811 -0.00000000 -0.00000000 -0.05838800
-0.00000484 0.00001876 0.02851688 0.00000000 0.00000000 0.05838800
-0.00000111 -0.00001040 0.00003755 -0.00000000 -0.00000000 0.00000000
-0.00000484 0.00001876 -0.02848738 -0.00000000 0.00000000 -0.05838800
-0.00000318 0.00000141 0.02849550 0.00000000 0.00000000 0.05838800
-0.00000078 -0.00006502 0.00003537 0.00000000 -0.00000000 0.00000000
-0.00000318 0.00000141 -0.02849236 -0.00000000 0.00000000 -0.05838800
-0.00002087 0.00001341 0.00003316 0.00000000 0.00000000 -0.00000000
0.00002205 0.00004552 -0.00002713 -0.00000000 -0.00000000 -0.00000000
-0.00002087 0.00001341 0.00004016 0.00000000 0.00000000 -0.00000000
-0.00001424 -0.00003553 -0.00001595 0.00000000 0.00000000 -0.00000000
-0.00001623 -0.00002439 0.00002101 0.00000000 0.00000000 -0.00000000
-0.00001339 -0.00003607 -0.00002713 -0.00000000 -0.00000000 -0.00000000
-0.00001623 -0.00002439 0.00005231 0.00000000 0.00000000 -0.00000000
-0.00009956 -0.00009026 -0.00001595 0.00000000 -0.00000000 -0.00000000
0.00001950 0.00001972 0.00001296 0.00000000 0.00000000 -0.00000000
-0.00014911 0.00001410 -0.00002713 0.00000000 -0.00000000 -0.00000000
0.00001950 0.00001972 0.00006036 0.00000000 0.00000000 -0.00000000
0.00009897 0.00002381 -0.00001595 0.00000000 0.00000000 -0.00000000
0.00001795 -0.00000690 0.00001506 0.00000000 0.00000000 -0.00000000
0.00010044 -0.00010240 -0.00002713 -0.00000000 -0.00000000 -0.00000000
0.00001795 -0.00000690 0.00005827 0.00000000 0.00000000 -0.00000000
0.00001484 -0.00003090 -0.00001595 0.00000000 0.00000000 -0.00000000
0.00000543 0.00000330 -0.01515166 -0.00000000 -0.00000000 0.04935500
0.00002082 0.00002165 0.00001104 -0.00000000 -0.00000000 -0.00000000
0.00000543 0.00000330 0.01509362 0.00000000 -0.00000000 -0.04935500
-0.00000461 0.00001097 -0.01513702 -0.00000000 0.00000000 0.04935500
-0.00000314 0.00002905 0.00000732 -0.00000000 -0.00000000 -0.00000000
-0.00000461 0.00001097 0.01514645 0.00000000 0.00000000 -0.04935500
-0.00000656 -0.00001129 -0.01516822 -0.00000000 0.00000000 0.04935500
-0.00009421 0.00000499 0.00001104 -0.00000000 0.00000000 -0.00000000
-0.00000656 -0.00001129 0.01511018 0.00000000 0.00000000 -0.04935500
-0.00001460 -0.00002000 -0.01515021 -0.00000000 -0.00000000 0.04935500
-0.00009317 -0.00001399 0.00000732 -0.00000000 -0.00000000 -0.00000000
-0.00001460 -0.00002000 0.01515963 0.00000000 0.00000000 -0.04935500
-0.00002261 0.00001670 -0.01515581 -0.00000000 0.00000000 0.04935500
0.00011343 0.00010736 0.00001104 -0.00000000 0.00000000 -0.00000000
-0.00002261 0.00001670 0.01509778 0.00000000 -0.00000000 -0.04935500
0.00001997 0.00000405 -0.01514745 -0.00000000 0.00000000 0.04935500
0.00009241 0.00008760 0.00000732 -0.00000000 0.00000000 -0.00000000
0.00001997 0.00000405 0.01515688 0.00000000 -0.00000000 -0.04935500
0.00001961 -0.00001111 -0.01517186 -0.00000000 -0.00000000 0.04935500
0.00000405 -0.00004530 0.00001104 -0.00000000 0.00000000 -0.00000000
0.00001961 -0.00001111 0.01511382 0.00000000 -0.00000000 -0.04935500
0.00000075 -0.00000645 -0.01512718 -0.00000000 -0.00000000 0.04935500
0.00000435 0.00004435 0.00000732 -0.00000000 -0.00000000 -0.00000000
0.00000075 -0.00000645 0.01513661 0.00000000 0.00000000 -0.04935500
0.00000634 0.00000120 0.00005271 -0.00000000 0.00000000 0.00000000
0.00010656 0.00009441 0.00000421 -0.00000000 0.00000000 0.00000000
0.00000634 0.00000120 -0.00005605 -0.00000000 0.00000000 0.00000000
0.00000305 0.00005857 0.00003903 0.00000000 -0.00000000 0.00000000
-0.00004603 -0.00001857 0.00003341 -0.00000000 0.00000000 0.00000000
-0.00000131 0.00004718 0.00000421 -0.00000000 0.00000000 0.00000000
-0.00004603 -0.00001857 -0.00003675 -0.00000000 0.00000000 0.00000000
-0.00011473 0.00007070 0.00003903 0.00000000 -0.00000000 0.00000000
-0.00000343 0.00002977 0.00002607 -0.00000000 0.00000000 0.00000000
0.00007696 0.00010157 0.00000421 -0.00000000 0.00000000 0.00000000
-0.00000343 0.00002977 -0.00002941 -0.00000000 0.00000000 0.00000000
-0.00002307 0.00018842 0.00003903 0.00000000 -0.00000000 0.00000000
0.00004030 -0.00002267 0.00003483 -0.00000000 0.00000000 0.00000000
-0.00002767 -0.00005539 0.00000421 -0.00000000 0.00000000 0.00000000
0.00004030 -0.00002267 -0.00003817 -0.00000000 0.00000000 0.00000000
0.00013467 0.00005703 0.00003903 0.00000000 -0.00000000 0.00000000
0.00001034 0.00001402 -0.05802346 0.00000000 -0.00000000 0.04078000
-0.00008657 -0.00001977 -0.00000157 0.00000000 -0.00000000 0.00000000
0.00001034 0.00001402 0.05800416 -0.00000000 -0.00000000 -0.04078000
-0.00000524 0.00001531 -0.05801145 0.00000000 0.00000000 0.04078000
0.00000056 -0.00014432 -0.00003626 -0.00000000 0.00000000 0.00000000
-0.00000524 0.00001531 0.05802867 -0.00000000 0.00000000 -0.04078000
-0.00000046 -0.00001761 -0.05803538 -0.00000000 -0.00000000 0.04078000
-0.00009177 -0.00010321 -0.00000157 0.00000000 -0.00000000 0.00000000
-0.00000046 -0.00001761 0.05801608 -0.00000000 0.00000000 -0.04078000
-0.00001783 -0.00000041 -0.05799684 0.00000000 -0.00000000 0.04078000
-0.00009551 -0.00011987 -0.00003626 -0.00000000 0.00000000 0.00000000
-0.00001783 -0.00000041 0.05801406 0.00000000 0.00000000 -0.04078000
0.00001432 0.00001102 -0.05802241 0.00000000 0.00000000 0.04078000
-0.00010790 0.00000278 -0.00000157 0.00000000 -0.00000000 0.00000000
0.00001432 0.00001102 0.05800311 -0.00000000 0.00000000 -0.04078000
-0.00001098 0.00002522 -0.05799470 0.00000000 -0.00000000 0.04078000
-0.00002135 -0.00001718 -0.00003626 -0.00000000 0.00000000 0.00000000
-0.00001098 0.00002522 0.05801193 -0.00000000 0.00000000 -0.04078000
-0.00000663 -0.00000177 -0.05804494 -0.00000000 0.00000000 0.04078000
0.00011593 -0.00009160 -0.00000157 0.00000000 -0.00000000 0.00000000
-0.00000663 -0.00000177 0.05802563 -0.00000000 -0.00000000 -0.04078000
0.00002807 -0.00000356 -0.05800207 -0.00000000 -0.00000000 0.04078000
0.00011460 -0.00013323 -0.00003626 -0.00000000 0.00000000 0.00000000
0.00002807 -0.00000356 0.05801929 -0.00000000 -0.00000000 -0.04078000
-0.00002266 0.00003215 0.00001189 0.00000000 -0.00000000 0.00000000
-0.00011636 -0.00006356 -0.00000642 -0.00000000 -0.00000000 0.00000000
-0.00002266 0.00003215 0.00001131 0.00000000 -0.00000000 0.00000000
-0.00001549 0.00009768 -0.00004855 -0.00000000 0.00000000 0.00000000
0.00002462 -0.00003669 0.00003375 0.00000000 -0.00000000 0.00000000
-0.00001573 0.00006276 -0.00000642 -0.00000000 0.00000000 0.00000000
0.00002462 -0.00003669 -0.00001055 0.00000000 -0.00000000 0.00000000
0.00002888 -0.00004504 -0.00004855 -0.00000000 0.00000000 0.00000000
0.00002487 0.00001819 0.00003214 0.00000000 -0.00000000 0.00000000
0.00000641 -0.00009650 -0.00000642 0.00000000 0.00000000 0.00000000
0.00002487 0.00001819 -0.00000895 0.00000000 -0.00000000 0.00000000
0.00010629 0.00002074 -0.00004855 -0.00000000 -0.00000000 0.00000000
-0.00002634 -0.00001726 0.00002694 0.00000000 -0.00000000 0.00000000
0.00010759 0.00013647 -0.00000642 0.00000000 0.00000000 0.00000000
-0.00002634 -0.00001726 -0.00000374 0.00000000 -0.00000000 0.00000000
-0.00011968 0.00001857 -0.00004855 -0.00000000 -0.00000000 0.00000000
-0.00001806 -0.00002437 -0.09998640 0.00000000 -0.00000000 0.03222100
0.00000845 0.00002854 0.00000255 -0.00000000 0.00000000 0.00000000
-0.00001806 -0.00002437 0.10002019 0.00000000 -0.00000000 -0.03222100
-0.00000544 0.00000482 -0.10002905 0.00000000 0.00000000 0.03222100
-0.00000281 0.00003423 0.00004277 0.00000000 -0.00000000 0.00000000
-0.00000544 0.00000482 0.09998171 0.00000000 0.00000000 -0.03222100
-0.00000714 0.00002074 -0.10001069 0.00000000 -0.00000000 0.03222100
0.00001417 0.00000796 0.00000255 -0.00000000 0.00000000 0.00000000
-0.00000714 0.00002074 0.10004447 0.00000000 -0.00000000 -0.03222100
0.00000467 -0.00000830 -0.10007194 -0.00000000 0.00000000 0.03222100
0.00001458 -0.00007863 0.00004277 0.00000000 0.00000000 0.00000000
0.00000467 -0.00000830 0.10002460 -0.00000000 0.00000000 -0.03222100
0.00000077 -0.00001088 -0.09999168 0.00000000 -0.00000000 0.03222100
0.00010775 -0.00003430 0.00000255 -0.00000000 0.00000000 0.00000000
0.00000077 -0.00001088 0.10002547 0.00000000 -0.00000000 -0.03222100
0.00002159 0.00000631 -0.10002606 -0.00000000 -0.00000000 0.03222100
0.00009868 -0.00004081 0.00004277 0.00000000 -0.00000000 0.00000000
0.00002159 0.00000631 0.09997871 -0.00000000 0.00000000 -0.03222100
0.00002219 0.00001627 -0.10000461 0.00000000 -0.00000000 0.03222100
-0.00011043 -0.00004621 0.00000255 -0.00000000 -0.00000000 0.00000000
0.00002219 0.00001627 0.10003840 0.00000000 0.00000000 -0.03222100
-0.00002010 0.00000648 -0.10004795 -0.00000000 0.00000000 0.03222100
-0.00011025 -0.00001683 0.00004277 0.00000000 -0.00000000 0.00000000
-0.00002010 0.00000648 0.10000061 -0.00000000 0.00000000 -0.03222100
0.00000232 0.00001594 0.00000834 0.00000000 -0.00000000 0.00000000
0.00000165 0.00003632 -0.00001723 0.00000000 -0.00000000 0.00000000
0.00000232 0.00001594 -0.00006899 0.00000000 -0.00000000 0.00000000
0.00000164 -0.00005130 0.00004661 -0.00000000 0.00000000 0.00000000
0.00000312 -0.00001616 -0.00001029 0.00000000 -0.00000000 0.00000000
0.00000226 -0.00007933 -0.00001723 0.00000000 -0.00000000 0.00000000
0.00000312 -0.00001616 -0.00005036 0.00000000 -0.00000000 0.00000000
0.00001095 0.00015963 0.00004661 -0.00000000 0.00000000 0.00000000
-0.00000279 0.00001390 0.00000907 0.00000000 -0.00000000 0.00000000
-0.00001114 0.00003968 -0.00001723 0.00000000 -0.00000000 0.00000000
-0.00000279 0.00001390 -0.00006972 0.00000000 -0.00000000 0.00000000
-0.00001094 -0.00005786 0.00004661 0.00000000 0.00000000 0.00000000
-0.00000200 -0.00001820 -0.00000956 0.00000000 -0.00000000 0.00000000
-0.00001053 -0.00007597 -0.00001723 0.00000000 -0.00000000 0.00000000
-0.00000200 -0.00001820 -0.00005109 0.00000000 -0.00000000 0.00000000
-0.00000164 0.00015307 0.00004661 -0.00000000 0.00000000 0.00000000
0.00000091 -0.00000060 -0.14104080 -0.00000000 0.00000000 0.02376100
0.00001016 0.00006868 0.00002901 0.00000000 -0.00000000 0.00000000
0.00000091 -0.00000060 0.14100609 -0.00000000 0.00000000 -0.02376100
0.00000140 -0.00000829 -0.14095535 0.00000000 -0.00000000 0.02376100
0.00000027 0.00001018 -0.00003972 -0.00000000 0.00000000 0.00000000
0.00000140 -0.00000829 0.14103203 0.00000000 -0.00000000 -0.02376100
0.00000099 -0.00000818 -0.14102413 -0.00000000 0.00000000 0.02376100
0.00000988 -0.00003206 0.00002901 0.00000000 -0.00000000 0.00000000
0.00000099 -0.00000818 0.14098942 -0.00000000 0.00000000 -0.02376100
0.00000178 0.00002576 -0.14095089 0.00000000 -0.00000000 0.02376100
0.00001025 -0.00011529 -0.00003972 -0.00000000 0.00000000 0.00000000
0.00000178 0.00002576 0.14102757 0.00000000 -0.00000000 -0.02376100
-0.00000218 -0.00000194 -0.14104022 -0.00000000 0.00000000 0.02376100
-0.00000009 0.00007428 0.00002901 0.00000000 -0.00000000 0.00000000
-0.00000218 -0.00000194 0.14100551 -0.00000000 0.00000000 -0.02376100
-0.00000142 -0.00000982 -0.14095779 0.00000000 -0.00000000 0.02376100
-0.00001015 0.00000384 -0.00003972 -0.00000000 0.00000000 0.00000000
-0.00000142 -0.00000982 0.14103447 0.00000000 -0.00000000 -0.02376100
-0.00000210 -0.00000953 -0.14102355 -0.00000000 0.00000000 0.02376100
-0.00000037 -0.00002646 0.00002901 -0.00000000 -0.00000000 0.00000000
-0.00000210 -0.00000953 0.14098884 -0.00000000 0.00000000 -0.02376100
-0.00000104 0.00002423 -0.14095333 0.00000000 0.00000000 0.02376100
-0.00000018 -0.00012162 -0.00003972 -0.00000000 0.00000000 0.00000000
-0.00000104 0.00002423 0.14103001 0.00000000 -0.00000000 -0.02376100
-0.00002356 0.00001294 -0.00000406 0.00000000 0.00000000 -0.00000000
0.00001799 0.00011534 -0.00002682 0.00000000 0.00000000 -0.00000000
-0.00002356 0.00001294 -0.00002661 0.00000000 0.00000000 -0.00000000
-0.00001582 0.00008658 -0.00002679 -0.00000000 -0.00000000 -0.00000000
-0.00002489 -0.00003927 -0.00001534 0.00000000 0.00000000 -0.00000000
-0.00001683 0.00000808 -0.00002682 0.00000000 0.00000000 -0.00000000
-0.00002489 -0.00003927 -0.00001532 0.00000000 0.00000000 -0.00000000
-0.00010827 -0.00000062 -0.00002679 -0.00000000 -0.00000000 -0.00000000
0.00002861 0.00002500 -0.00002155 0.00000000 0.00000000 -0.00000000
-0.00011913 0.00008274 -0.00002682 0.00000000 0.00000000 -0.00000000
0.00002861 0.00002500 -0.00000912 0.00000000 0.00000000 -0.00000000
0.00010773 0.00015075 -0.00002679 -0.00000000 -0.00000000 -0.00000000
0.00002023 -0.00001894 -0.00002265 0.00000000 0.00000000 -0.00000000
0.00010924 -0.00005768 -0.00002682 0.00000000 0.00000000 -0.00000000
0.00002023 -0.00001894 -0.00000801 0.00000000 0.00000000 -0.00000000
0.00001637 0.00006367 -0.00002679 -0.00000000 -0.00000000 -0.00000000
0.00000303 0.00001021 -0.18091739 0.00000000 -0.00000000 0.01550400
0.00000319 -0.00002374 0.00003401 -0.00000000 0.00000000 -0.00000000
0.00000303 0.00001021 0.18092713 0.00000000 -0.00000000 -0.01550400
-0.00000531 0.00002603 -0.18093163 0.00000000 0.00000000 0.01550400
-0.00000229 -0.00008934 0.00003342 0.00000000 -0.00000000 -0.00000000
-0.00000531 0.00002603 0.18093873 0.00000000 0.00000000 -0.01550400
-0.00000707 -0.00001297 -0.18093873 0.00000000 -0.00000000 0.01550400
-0.00010066 -0.00006626 0.00003401 -0.00000000 0.00000000 -0.00000000
-0.00000707 -0.00001297 0.18094847 0.00000000 -0.00000000 -0.01550400
-0.00001892 -0.00001349 -0.18094149 0.00000000 0.00000000 0.01550400
-0.00010049 -0.00013915 0.00003342 0.00000000 -0.00000000 -0.00000000
-0.00001892 -0.00001349 0.18094858 0.00000000 -0.00000000 -0.01550400
-0.00002092 0.00002294 -0.18092342 0.00000000 0.00000000 0.01550400
0.00010385 0.00004415 0.00003401 -0.00000000 -0.00000000 -0.00000000
-0.00002092 0.00002294 0.18093316 0.00000000 -0.00000000 -0.01550400
0.00002250 0.00002258 -0.18093904 0.00000000 0.00000000 0.01550400
0.00009954 -0.00002728 0.00003342 0.00000000 -0.00000000 -0.00000000
0.00002250 0.00002258 0.18094614 0.00000000 0.00000000 -0.01550400
0.00002371 -0.00001091 -0.18094466 0.00000000 -0.00000000 0.01550400
0.00000324 -0.00012127 0.00003401 -0.00000000 0.00000000 -0.00000000
0.00002371 -0.00001091 0.18095440 0.00000000 -0.00000000 -0.01550400
0.00000210 0.00000158 -0.18091788 0.00000000 0.00000000 0.01550400
0.00000334 -0.00007736 0.00003342 0.00000000 -0.00000000 -0.00000000
0.00000210 0.00000158 0.18092498 -0.00000000 0.00000000 -0.01550400
-0.00000033 0.00004727 -0.00000481 0.00000000 0.00000000 0.00000000
-0.00009576 -0.00006806 -0.00002583 -0.00000000 0.00000000 0.00000000
-0.00000034 0.00004727 0.00007416 0.00000000 0.00000000 0.00000000
-0.00000043 0.00012067 -0.00001031 0.00000000 -0.00000000 0.00000000
0.00005427 -0.00003342 0.00001139 0.00000000 0.00000000 0.00000000
0.00000435 0.00003386 -0.00002583 -0.00000000 0.00000000 0.00000000
0.00005427 -0.00003342 0.00005796 0.00000000 0.00000000 0.00000000
0.00012241 -0.00002464 -0.00001031 0.00000000 -0.00000000 0.00000000
0.00000232 0.00001353 0.00001977 0.00000000 0.00000000 0.00000000
-0.00008852 -0.00006965 -0.00002583 -0.00000000 0.00000000 0.00000000
0.00000232 0.00001353 0.00004958 0.00000000 0.00000000 0.00000000
0.00000564 -0.00000839 -0.00001031 0.00000000 -0.00000000 0.00000000
-0.00004721 -0.00003241 0.00001102 0.00000000 0.00000000 0.00000000
0.00001057 0.00013194 -0.00002583 -0.00000000 0.00000000 0.00000000
-0.00004721 -0.00003241 0.00005833 0.00000000 0.00000000 0.00000000
-0.00012745 -0.00002149 -0.00001031 -0.00000000 -0.00000000 0.00000000
-0.00001199 -0.00001601 -0.21966937 -0.00000000 -0.00000000 0.00732500
0.00009498 0.00001527 0.00001093 0.00000000 -0.00000000 0.00000000
-0.00001199 -0.00001601 0.21960018 0.00000000 -0.00000000 -0.00732500
0.00000745 0.00001421 -0.21963120 0.00000000 -0.00000000 0.00732500
-0.00000000 0.00007046 0.00000502 -0.00000000 0.00000000 0.00000000
0.00000745 0.00001421 0.21965122 0.00000000 0.00000000 -0.00732500
0.00000195 0.00002377 -0.21969615 -0.00000000 0.00000000 0.00732500
0.00009868 -0.00002429 0.00001093 0.00000000 0.00000000 0.00000000
0.00000195 0.00002377 0.21962696 0.00000000 -0.00000000 -0.00732500
0.00002045 -0.00000418 -0.21966923 0.00000000 0.00000000 0.00732500
0.00010147 -0.00004672 0.00000502 -0.00000000 -0.00000000 0.00000000
0.00002045 -0.00000418 0.21968925 0.00000000 0.00000000 -0.00732500
-0.00001942 -0.00001541 -0.21966968 -0.00000000 -0.00000000 0.00732500
0.00009993 0.00000432 0.00001093 -0.00000000 -0.00000000 0.00000000
-0.00001942 -0.00001541 0.21960049 0.00000000 -0.00000000 -0.00732500
0.00000882 0.00000221 -0.21964715 0.00000000 -0.00000000 0.00732500
0.00000498 -0.00005338 0.00000502 -0.00000000 0.00000000 0.00000000
0.00000882 0.00000221 0.21966717 0.00000000 -0.00000000 -0.00732500
0.00000348 0.00000931 -0.21968343 0.00000000 -0.00000000 0.00732500
-0.00010683 -0.00002699 0.00001093 0.00000000 0.00000000 0.00000000
0.00000348 0.00000931 0.21961424 -0.00000000 -0.00000000 -0.00732500
-0.00002948 -0.00000345 -0.21966809 0.00000000 0.00000000 0.00732500
-0.00010462 -0.00004371 0.00000502 -0.00000000 -0.00000000 0.00000000
-0.00002948 -0.00000345 0.21968811 0.00000000 -0.00000000 -0.00732500
0.00002331 0.00002800 0.00002033 0.00000000 -0.00000000 0.00000000
-0.00001781 -0.00002159 0.00000717 0.00000000 -0.00000000 0.00000000
0.00002331 0.00002800 -0.00004579 0.00000000 -0.00000000 0.00000000
0.00001530 -0.00002158 0.00003271 -0.00000000 0.00000000 0.00000000
0.00002648 -0.00002398 0.00001725 0.00000000 -0.00000000 0.00000000
0.00001672 0.00009990 0.00000717 0.00000000 -0.00000000 0.00000000
0.00002648 -0.00002398 -0.00004271 0.00000000 -0.00000000 0.00000000
0.00010445 0.00016218 0.00003271 -0.00000000 0.00000000 0.00000000
-0.00003062 0.00001508 0.00003644 0.00000000 -0.00000000 0.00000000
0.00011759 0.00000915 0.00000717 0.00000000 -0.00000000 0.00000000
-0.00003062 0.00001508 -0.00006190 0.00000000 -0.00000000 0.00000000
-0.00010394 -0.00008322 0.00003271 -0.00000000 0.00000000 0.00000000
-0.00001982 -0.00004418 0.00002469 0.00000000 -0.00000000 0.00000000
-0.00010597 0.00016348 0.00000717 0.00000000 -0.00000000 0.00000000
-0.00001982 -0.00004418 -0.00005014 0.00000000 -0.00000000 0.00000000
-0.00001582 0.00010037 0.00003271 -0.00000000 0.00000000 0.00000000
-0.00000280 -0.00000845 -0.25718542 -0.00000000 -0.00000000 -0.00063700
-0.00000422 -0.00001428 -0.00000364 -0.00000000 -0.00000000 0.00000000
-0.00000280 -0.00000845 0.25716106 0.00000000 0.00000000 0.00063700
0.00000435 -0.00002024 -0.25711019 0.00000000 -0.00000000 -0.00063700
0.00000170 0.00004759 -0.00003511 0.00000000 -0.00000000 0.00000000
0.00000435 -0.00002024 0.25715888 0.00000000 0.00000000 0.00063700
0.00000646 0.00003204 -0.25717270 -0.00000000 0.00000000 -0.00063700
0.00009679 -0.00011849 -0.00000364 -0.00000000 0.00000000 0.00000000
0.00000646 0.00003205 0.25714833 -0.00000000 -0.00000000 0.00063700
0.00001957 0.00003300 -0.25712288 0.00000000 -0.00000000 -0.00063700
0.00009663 -0.00007715 -0.00003511 0.00000000 -0.00000000 0.00000000
0.00001957 0.00003300 0.25717157 0.00000000 0.00000000 0.00063700
0.00002211 -0.00001978 -0.25717909 -0.00000000 -0.00000000 -0.00063700
-0.00010157 -0.00008040 -0.00000364 -0.00000000 0.00000000 0.00000000
0.00002211 -0.00001978 0.25715473 0.00000000 -0.00000000 0.00063700
-0.00002264 -0.00001686 -0.25710197 0.00000000 0.00000000 -0.00063700
-0.00009568 -0.00001152 -0.00003511 0.00000000 -0.00000000 0.00000000
-0.00002264 -0.00001686 0.25715066 -0.00000000 -0.00000000 0.00063700
-0.00002407 0.00003028 -0.25716625 -0.00000000 -0.00000000 -0.00063700
-0.00000262 -0.00006537 -0.00000364 -0.00000000 0.00000000 0.00000000
-0.00002407 0.00003028 0.25714189 -0.00000000 0.00000000 0.00063700
-0.00000174 0.00001854 -0.25714499 0.00000000 -0.00000000 -0.00063700
-0.00000277 -0.00013597 -0.00003511 0.00000000 0.00000000 0.00000000
-0.00000174 0.00001854 0.25719368 0.00000000 0.00000000 0.00063700
-0.00000374 0.00002155 0.00001780 -0.00000000 0.00000000 0.00000000
-0.00000161 0.00010387 -0.00004485 0.00000000 -0.00000000 0.00000000
-0.00000374 0.00002155 0.00003988 -0.00000000 0.00000000 0.00000000
-0.00000231 0.00010860 -0.00003587 0.00000000 -0.00000000 0.00000000
-0.00000508 -0.00003821 0.00000991 -0.00000000 0.00000000 0.00000000
-0.00000318 -0.00003273 -0.00004485 0.00000000 0.00000000 0.00000000
-0.00000508 -0.00003821 0.00004776 -0.00000000 0.00000000 0.00000000
-0.00001530 0.00001512 -0.00003587 -0.00000000 0.00000000 0.00000000
0.00000446 0.00002441 0.00001649 -0.00000000 0.00000000 0.00000000
0.00001058 0.00009938 -0.00004485 0.00000000 -0.00000000 0.00000000
0.00000446 0.00002441 0.00004119 -0.00000000 0.00000000 0.00000000
0.00001527 0.00011769 -0.00003587 -0.00000000 -0.00000000 0.00000000
0.00000293 -0.00003519 0.00000879 -0.00000000 0.00000000 0.00000000
0.00001498 -0.00003798 -0.00004485 0.00000000 0.00000000 0.00000000
0.00000293 -0.00003519 0.00004889 -0.00000000 0.00000000 0.00000000
0.00000230 0.00002422 -0.00003587 -0.00000000 0.00000000 0.00000000
-0.00000089 0.00001749 -0.29335087 0.00000000 0.00000000 -0.00841600
-0.00001189 0.00002303 0.00004256 0.00000000 0.00000000 0.00000000
-0.00000089 0.00001749 0.29329584 -0.00000000 -0.00000000 0.00841600
-0.00000163 0.00002546 -0.29335344 -0.00000000 0.00000000 -0.00841600
-0.00000023 -0.00004837 0.00003916 -0.00000000 -0.00000000 0.00000000
-0.00000163 0.00002546 0.29334979 -0.00000000 0.00000000 0.00841600
-0.00000123 -0.00001361 -0.29337313 -0.00000000 0.00000000 -0.00841600
-0.00001396 -0.00009123 0.00004256 0.00000000 0.00000000 0.00000000
-0.00000123 -0.00001361 0.29331810 0.00000000 0.00000000 0.00841600
-0.00000276 -0.00000760 -0.29334712 -0.00000000 0.00000000 -0.00841600
-0.00001421 -0.00010752 0.00003916 0.00000000 -0.00000000 0.00000000
-0.00000276 -0.00000760 0.29334346 -0.00000000 0.00000000 0.00841600
0.00000236 0.00001909 -0.29335183 -0.00000000 0.00000000 -0.00841600
0.00000249 0.00001795 0.00004256 -0.00000000 0.00000000 0.00000000
0.00000236 0.00001909 0.29329681 -0.00000000 -0.00000000 0.00841600
0.00000235 0.00002717 -0.29335093 -0.00000000 -0.00000000 -0.00841600
0.00001407 -0.00003975 0.00003916 0.00000000 -0.00000000 0.00000000
0.00000235 0.00002716 0.29334728 -0.00000000 -0.00000000 0.00841600
0.00000332 -0.00001222 -0.29337409 -0.00000000 -0.00000000 -0.00841600
0.00000046 -0.00009907 0.00004256 -0.00000000 0.00000000 0.00000000
0.00000332 -0.00001222 0.29331907 0.00000000 -0.00000000 0.00841600
0.00000110 -0.00000549 -0.29334390 -0.00000000 0.00000000 -0.00841600
0.00000014 -0.00009890 0.00003916 0.00000000 -0.00000000 0.00000000
0.00000110 -0.00000549 0.29334025 -0.00000000 -0.00000000 0.00841600
0.00002059 0.00002865 0.00003756 0.00000000 0.00000000 0.00000000
0.00010432 -0.00007241 -0.00001040 -0.00000000 0.00000000 0.00000000
0.00002059 0.00002865 -0.00007683 0.00000000 0.00000000 0.00000000
0.00001327 0.00001892 0.00000463 0.00000000 0.00000000 0.00000000
-0.00002555 -0.00002890 0.00002608 0.00000000 0.00000000 0.00000000
0.00001468 0.00009499 -0.00001040 -0.00000000 0.00000000 0.00000000
-0.00002555 -0.00002890 -0.00006534 0.00000000 0.00000000 0.00000000
-0.00003106 -0.00002357 0.00000463 0.00000000 -0.00000000 0.00000000
-0.00002921 0.00004629 0.00002116 0.00000000 0.00000000 0.00000000
-0.00000557 -0.00004625 -0.00001040 -0.00000000 0.00000000 0.00000000
-0.00002921 0.00004629 -0.00006042 0.00000000 0.00000000 0.00000000
-0.00009043 0.00009010 0.00000463 0.00000000 -0.00000000 0.00000000
0.00003261 -0.00004697 0.00003287 0.00000000 0.00000000 0.00000000
-0.00009299 0.00002761 -0.00001040 -0.00000000 -0.00000000 0.00000000
0.00003261 -0.00004697 -0.00007213 0.00000000 0.00000000 0.00000000
0.00010819 -0.00007713 0.00000463 0.00000000 -0.00000000 0.00000000
0.00002008 -0.00000839 -0.32816353 0.00000000 -0.00000000 -0.01634600
-0.00000989 -0.00000117 0.00002780 -0.00000000 0.00000000 0.00000000
0.00002008 -0.00000839 0.32815254 0.00000000 0.00000000 0.01634600
0.00000261 0.00001143 -0.32810612 -0.00000000 0.00000000 -0.01634600
0.00000105 -0.00000719 -0.00000032 0.00000000 -0.00000000 0.00000000
0.00000261 0.00001143 0.32813467 -0.00000000 -0.00000000 0.01634600
0.00000515 0.00001129 -0.32818051 0.00000000 0.00000000 -0.01634600
-0.00001599 -0.00005126 0.00002780 -0.00000000 0.00000000 0.00000000
0.00000515 0.00001129 0.32816952 0.00000000 -0.00000000 0.01634600
-0.00000472 -0.00000431 -0.32812505 -0.00000000 0.00000000 -0.01634600
-0.00001619 -0.00000601 -0.00000032 0.00000000 -0.00000000 0.00000000
-0.00000472 -0.00000431 0.32815360 -0.00000000 0.00000000 0.01634600
0.00000042 -0.00001741 -0.32815770 0.00000000 -0.00000000 -0.01634600
-0.00009494 0.00005305 0.00002780 -0.00000000 0.00000000 0.00000000
0.00000042 -0.00001741 0.32814671 0.00000000 -0.00000000 0.01634600
-0.00002081 0.00001082 -0.32811083 -0.00000000 0.00000000 -0.01634600
-0.00008300 0.00006046 -0.00000032 0.00000000 -0.00000000 0.00000000
-0.00002081 0.00001082 0.32813938 -0.00000000 0.00000000 0.01634600
-0.00002197 0.00001488 -0.32818863 0.00000000 -0.00000000 -0.01634600
0.00009826 -0.00000504 0.00002780 -0.00000000 0.00000000 0.00000000
-0.00002197 0.00001488 0.32817764 0.00000000 -0.00000000 0.01634600
0.00002196 -0.00001668 -0.32814374 -0.00000000 -0.00000000 -0.01634600
0.00009793 -0.00005651 -0.00000032 -0.00000000 -0.00000000 0.00000000
0.00002196 -0.00001668 0.32817229 -0.00000000 0.00000000 0.01634600
-0.00000204 0.00004208 0.00003933 -0.00000000 0.00000000 -0.00000000
-0.00009159 0.00000354 -0.00002900 0.00000000 0.00000000 0.00000000
-0.00000204 0.00004208 0.00007117 -0.00000000 0.00000000 -0.00000000
-0.00000259 0.00000526 -0.00002263 -0.00000000 -0.00000000 0.00000000
0.00005173 -0.00004396 0.00004179 -0.00000000 0.00000000 -0.00000000
0.00000058 0.00007209 -0.00002900 0.00000000 0.00000000 0.00000000
0.00005173 -0.00004396 0.00006871 -0.00000000 0.00000000 0.00000000
0.00009949 0.00010979 -0.00002263 -0.00000000 0.00000000 0.00000000
0.00000931 0.00001003 0.00006063 -0.00000000 0.00000000 0.00000000
-0.00006636 -0.00000212 -0.00002900 0.00000000 0.00000000 0.00000000
0.00000931 0.00001003 0.00004987 -0.00000000 0.00000000 -0.00000000
0.00002008 -0.00010547 -0.00002263 -0.00000000 0.00000000 -0.00000000
-0.00004733 -0.00003996 0.00004027 -0.00000000 0.00000000 0.00000000
0.00002423 0.00015797 -0.00002900 0.00000000 -0.00000000 -0.00000000
-0.00004733 -0.00003996 0.00007022 -0.00000000 0.00000000 0.00000000
-0.00011677 0.00012148 -0.00002263 -0.00000000 -0.00000000 0.00000000
-0.00001584 -0.00001117 -0.36166417 -0.00000000 0.00000000 -0.02366400
0.00007406 -0.00002483 0.00001384 -0.00000000 0.00000000 -0.00000000
-0.00001584 -0.00001117 0.36160845 -0.00000000 0.00000000 0.02366400
0.00000566 -0.00001118 -0.36163503 -0.00000000 0.00000000 -0.02366400
-0.00000014 0.00007932 0.00000789 0.00000000 -0.00000000 -0.00000000
0.00000566 -0.00001118 0.36161015 -0.00000000 -0.00000000 0.02366400
0.00000065 0.00003431 -0.36166140 -0.00000000 0.00000000 -0.02366400
0.00007873 -0.00008976 0.00001384 -0.00000000 0.00000000 -0.00000000
0.00000065 0.00003431 0.36160568 0.00000000 0.00000000 0.02366400
0.00001744 0.00002145 -0.36166657 -0.00000000 0.00000000 -0.02366400
0.00007964 -0.00010614 0.00000789 0.00000000 -0.00000000 0.00000000
0.00001744 0.00002145 0.36164169 -0.00000000 -0.00000000 0.02366400
-0.00001717 -0.00000930 -0.36166546 -0.00000000 0.00000000 -0.02366400
0.00009271 -0.00004244 0.00001384 -0.00000000 0.00000000 -0.00000000
-0.00001717 -0.00000930 0.36160974 -0.00000000 0.00000000 0.02366400
0.00001081 -0.00002001 -0.36164433 -0.00000000 -0.00000000 -0.02366400
0.00001818 -0.00002521 0.00000789 0.00000000 -0.00000000 -0.00000000
0.00001081 -0.00002001 0.36161945 -0.00000000 -0.00000000 0.02366400
0.00000673 0.00002436 -0.36164872 -0.00000000 0.00000000 -0.02366400
-0.00009866 -0.00009987 0.00001384 -0.00000000 0.00000000 -0.00000000
0.00000673 0.00002436 0.36159300 -0.00000000 0.00000000 0.02366400
-0.00002756 0.00002414 -0.36166253 -0.00000000 0.00000000 -0.02366400
-0.00009635 -0.00009517 0.00000789 0.00000000 -0.00000000 0.00000000
-0.00002756 0.00002413 0.36163765 -0.00000000 -0.00000000 0.02366400
0.00001632 0.00003116 -0.00000177 0.00000000 -0.00000000 -0.00000000
-0.00001972 0.00009117 0.00000448 -0.00000000 0.00000000 0.00000000
0.00001632 0.00003117 -0.00006280 0.00000000 -0.00000000 -0.00000000
0.00001059 0.00012865 0.00002475 0.00000000 0.00000000 0.00000000
0.00002019 -0.00003486 -0.00000760 0.00000000 -0.00000000 0.00000000
0.00001137 -0.00007185 0.00000448 -0.00000000 0.00000000 0.00000000
0.00002019 -0.00003486 -0.00005698 0.00000000 -0.00000000 -0.00000000
0.00007343 0.00002782 0.00002475 0.00000000 0.00000000 0.00000000
-0.00002669 0.00002161 0.00001003 0.00000000 -0.00000000 -0.00000000
0.00013043 0.00011184 0.00000448 -0.00000000 0.00000000 0.00000000
-0.00002669 0.00002161 -0.00007461 0.00000000 -0.00000000 -0.00000000
-0.00007303 0.00008591 0.00002475 0.00000000 -0.00000000 0.00000000
-0.00001414 -0.00004982 -0.00000189 0.00000000 -0.00000000 0.00000000
-0.00007629 -0.00002054 0.00000448 0.00000000 0.00000000 0.00000000
-0.00001414 -0.00004982 -0.00006269 0.00000000 -0.00000000 0.00000000
-0.00001106 -0.00001520 0.00002475 0.00000000 -0.00000000 0.00000000
-0.00000344 0.00002267 -0.39391334 0.00000000 0.00000000 -0.03113300
-0.00002418 0.00006469 -0.00000210 -0.00000000 0.00000000 -0.00000000
-0.00000344 0.00002267 0.39388010 0.00000000 0.00000000 0.03113300
0.00000010 0.00002481 -0.39385059 0.00000000 -0.00000000 -0.03113300
0.00000051 -0.00001095 -0.00000961 -0.00000000 -0.00000000 -0.00000000
0.00000010 0.00002482 0.39393088 0.00000000 -0.00000000 0.03113300
0.00000353 -0.00001419 -0.39393624 0.00000000 0.00000000 -0.03113300
0.00006780 -0.00011060 -0.00000210 -0.00000000 0.00000000 -0.00000000
0.00000353 -0.00001419 0.39390300 0.00000000 0.00000000 0.03113300
0.00001605 -0.00000264 -0.39382898 0.00000000 -0.00000000 -0.03113300
0.00006761 -0.00007452 -0.00000961 -0.00000000 -0.00000000 0.00000000
0.00001605 -0.00000264 0.39390927 0.00000000 -0.00000000 0.03113300
0.00002810 0.00001613 -0.39390851 0.00000000 0.00000000 -0.03113300
-0.00009324 -0.00000556 -0.00000210 0.00000000 0.00000000 -0.00000000
0.00002810 0.00001613 0.39387527 -0.00000000 0.00000000 0.03113300
-0.00001877 0.00003068 -0.39383774 0.00000000 -0.00000000 -0.03113300
-0.00006686 -0.00005149 -0.00000961 -0.00000000 -0.00000000 -0.00000000
-0.00001877 0.00003068 0.39391803 0.00000000 -0.00000000 0.03113300
-0.00001903 -0.00001379 -0.39393087 0.00000000 0.00000000 -0.03113300
-0.00000087 -0.00007332 -0.00000210 0.00000000 -0.00000000 0.00000000
-0.00001903 -0.00001379 0.39389763 -0.00000000 0.00000000 0.03113300
0.00000039 -0.00001242 -0.39384369 0.00000000 -0.00000000 -0.03113300
-0.00000171 -0.00011474 -0.00000961 -0.00000000 -0.00000000 -0.00000000
0.00000039 -0.00001242 0.39392398 0.00000000 -0.00000000 0.03113300
-0.00000806 -0.00004324 0.00000347 0.00000000 -0.00000000 0.00000000
-0.00000426 0.00005935 0.00000088 0.00000000 0.00000000 0.00000000
-0.00000806 -0.00004324 -0.00000206 0.00000000 -0.00000000 0.00000000
-0.00000432 -0.00006164 0.00000104 -0.00000000 -0.00000000 0.00000000
-0.00001152 0.00003809 0.00000569 0.00000000 -0.00000000 0.00000000
-0.00000640 -0.00005336 0.00000088 0.00000000 -0.00000000 0.00000000
-0.00001152 0.00003809 -0.00000427 0.00000000 -0.00000000 0.00000000
-0.00002865 0.00003913 0.00000104 -0.00000000 -0.00000000 0.00000000
0.00000931 -0.00003733 0.00000112 0.00000000 -0.00000000 0.00000000
0.00002760 0.00005130 0.00000088 0.00000000 0.00000000 0.00000000
0.00000931 -0.00003733 0.00000030 0.00000000 -0.00000000 0.00000000
0.00002860 -0.00004474 0.00000104 -0.00000000 0.00000000 0.00000000
0.00000573 0.00004406 0.00000340 0.00000000 -0.00000000 0.00000000
0.00002828 -0.00006178 0.00000088 0.00000000 0.00000000 0.00000000
0.00000573 0.00004406 -0.00000199 0.00000000 -0.00000000 0.00000000
0.00000428 0.00005603 0.00000104 -0.00000000 -0.00000000 0.00000000
-0.00000173 0.00001172 -0.42463661 -0.00000000 -0.00000000 -0.03842800
-0.00002577 -0.00002097 -0.00000073 -0.00000000 0.00000000 0.00000000
-0.00000173 0.00001172 0.42463751 -0.00000000 -0.00000000 0.03842800
-0.00000299 -0.00001371 -0.42463897 0.00000000 -0.00000000 -0.03842800
-0.00000016 -0.00003504 -0.00000407 0.00000000 -0.00000000 0.00000000
-0.00000299 -0.00001371 0.42463954 0.00000000 -0.00000000 0.03842800
-0.00000219 -0.00001445 -0.42461391 -0.00000000 -0.00000000 -0.03842800
-0.00002646 0.00003749 -0.00000073 -0.00000000 0.00000000 0.00000000
-0.00000219 -0.00001445 0.42461480 0.00000000 -0.00000000 0.03842800
-0.00000547 0.00000910 -0.42461496 0.00000000 -0.00000000 -0.03842800
-0.00002652 0.00002557 -0.00000407 0.00000000 -0.00000000 0.00000000
-0.00000547 0.00000910 0.42461553 -0.00000000 0.00000000 0.03842800
0.00000655 0.00001416 -0.42463854 -0.00000000 -0.00000000 -0.03842800
0.00000154 -0.00003438 -0.00000073 -0.00000000 -0.00000000 0.00000000
0.00000655 0.00001416 0.42463944 0.00000000 -0.00000000 0.03842800
0.00000437 -0.00001009 -0.42463359 -0.00000000 -0.00000000 -0.03842800
0.00002630 -0.00001930 -0.00000407 0.00000000 -0.00000000 0.00000000
0.00000437 -0.00001009 0.42463416 -0.00000000 0.00000000 0.03842800
0.00000674 -0.00001209 -0.42461584 -0.00000000 -0.00000000 -0.03842800
0.00000083 0.00002281 -0.00000073 -0.00000000 0.00000000 0.00000000
0.00000674 -0.00001209 0.42461674 0.00000000 -0.00000000 0.03842800
0.00000186 0.00001289 -0.42460925 -0.00000000 -0.00000000 -0.03842800
-0.00000004 0.00004131 -0.00000407 0.00000000 -0.00000000 0.00000000
0.00000186 0.00001289 0.42460982 0.00000000 -0.00000000 0.03842800
0.00001437 -0.00003675 0.00001977 0.00000000 0.00000000 -0.00000000
0.00009293 -0.00010735 -0.00002718 -0.00000000 0.00000000 -0.00000000
0.00001437 -0.00003675 0.00006129 0.00000000 0.00000000 -0.00000000
0.00000946 -0.00014571 -0.00000903 0.00000000 -0.00000000 -0.00000000
-0.00003350 0.00005135 0.00001812 0.00000000 0.00000000 -0.00000000
0.00001013 0.00007176 -0.00002718 -0.00000000 0.00000000 -0.00000000
-0.00003350 0.00005135 0.00006294 0.00000000 0.00000000 -0.00000000
-0.00004772 0.00000557 -0.00000903 0.00000000 -0.00000000 -0.00000000
-0.00002647 -0.00001367 0.00000403 0.00000000 0.00000000 -0.00000000
0.00002713 -0.00008902 -0.00002718 -0.00000000 -0.00000000 -0.00000000
-0.00002647 -0.00001367 0.00007703 0.00000000 0.00000000 -0.00000000
-0.00006616 -0.00006854 -0.00000903 0.00000000 -0.00000000 -0.00000000
0.00003920 0.00003748 0.00002347 0.00000000 0.00000000 -0.00000000
-0.00006996 0.00000589 -0.00002718 0.00000000 0.00000000 -0.00000000
0.00003920 0.00003748 0.00005759 0.00000000 0.00000000 -0.00000000
0.00010429 -0.00003318 -0.00000903 0.00000000 -0.00000000 -0.00000000
0.00001949 -0.00001582 -0.45377699 0.00000000 0.00000000 -0.04573000
-0.00003212 -0.00004128 0.00003879 -0.00000000 0.00000000 -0.00000000
0.00001949 -0.00001581 0.45369408 -0.00000000 0.00000000 0.04573000
-0.00000143 -0.00002880 -0.45372748 0.00000000 -0.00000000 -0.04573000
0.00000018 -0.00000085 -0.00002344 -0.00000000 -0.00000000 -0.00000000
-0.00000143 -0.00002880 0.45375019 0.00000000 -0.00000000 0.04573000
0.00000263 0.00000911 -0.45374931 -0.00000000 0.00000000 -0.04573000
-0.00003182 0.00007432 0.00003879 -0.00000000 -0.00000000 -0.00000000
0.00000263 0.00000911 0.45366641 -0.00000000 0.00000000 0.04573000
-0.00000745 0.00000911 -0.45372803 0.00000000 0.00000000 -0.04573000
-0.00003172 0.00011684 -0.00002344 -0.00000000 0.00000000 -0.00000000
-0.00000745 0.00000911 0.45375074 0.00000000 0.00000000 0.04573000
0.00000869 -0.00002109 -0.45377252 -0.00000000 -0.00000000 -0.04573000
-0.00009515 -0.00000763 0.00003879 -0.00000000 -0.00000000 -0.00000000
0.00000869 -0.00002109 0.45368961 -0.00000000 0.00000000 0.04573000
-0.00001815 -0.00002607 -0.45372748 0.00000000 -0.00000000 -0.04573000
-0.00006047 0.00007136 -0.00002344 0.00000000 -0.00000000 -0.00000000
-0.00001815 -0.00002607 0.45375019 0.00000000 0.00000000 0.04573000
-0.00001795 0.00001405 -0.45375895 -0.00000000 0.00000000 -0.04573000
0.00009268 0.00010804 0.00003879 -0.00000000 -0.00000000 -0.00000000
-0.00001794 0.00001405 0.45367604 -0.00000000 0.00000000 0.04573000
0.00002399 0.00000053 -0.45374097 0.00000000 0.00000000 -0.04573000
0.00009146 0.00008090 -0.00002344 0.00000000 -0.00000000 -0.00000000
0.00002399 0.00000053 0.45376368 0.00000000 0.00000000 0.04573000
-0.00000608 -0.00000712 -0.00000039 -0.00000000 -0.00000000 0.00000000
-0.00008805 0.00000990 0.00000102 0.00000000 -0.00000000 0.00000000
-0.00000608 -0.00000712 -0.00005330 -0.00000000 -0.00000000 0.00000000
-0.00000512 0.00009004 0.00001272 0.00000000 0.00000000 0.00000000
0.00004505 0.00003783 0.00001787 -0.00000000 -0.00000000 0.00000000
-0.00000396 -0.00015604 0.00000102 0.00000000 -0.00000000 0.00000000
0.00004505 0.00003783 -0.00007156 -0.00000000 -0.00000000 0.00000000
0.00007476 -0.00012046 0.00001272 -0.00000000 -0.00000000 0.00000000
0.00001740 -0.00003611 0.00001744 -0.00000000 -0.00000000 0.00000000
-0.00004924 -0.00000032 0.00000102 0.00000000 -0.00000000 0.00000000
0.00001740 -0.00003611 -0.00007112 -0.00000000 -0.00000000 0.00000000
0.00003744 -0.00000208 0.00001272 -0.00000000 0.00000000 0.00000000
-0.00004522 0.00004572 0.00001481 -0.00000000 -0.00000000 0.00000000
0.00004135 -0.00008269 0.00000102 0.00000000 -0.00000000 0.00000000
-0.00004522 0.00004572 -0.00006850 -0.00000000 -0.00000000 0.00000000
-0.00010685 -0.00009869 0.00001272 -0.00000000 0.00000000 0.00000000
-0.00001830 0.00000707 -0.48129661 -0.00000000 -0.00000000 -0.05282200
0.00005464 0.00005080 0.00002488 0.00000000 0.00000000 0.00000000
-0.00001830 0.00000707 0.48126890 -0.00000000 -0.00000000 0.05282200
0.00000425 0.00001621 -0.48124100 0.00000000 0.00000000 -0.05282200
-0.00000002 0.00002512 -0.00000896 -0.00000000 -0.00000000 0.00000000
0.00000425 0.00001621 0.48129274 -0.00000000 0.00000000 0.05282200
-0.00000049 -0.00002720 -0.48131370 -0.00000000 -0.00000000 -0.05282200
0.00005725 0.00009680 0.00002488 0.00000000 0.00000000 0.00000000
-0.00000049 -0.00002720 0.48128598 -0.00000000 -0.00000000 0.05282200
0.00001267 -0.00002414 -0.48122380 0.00000000 0.00000000 -0.05282200
0.00005679 0.00008144 -0.00000896 -0.00000000 -0.00000000 0.00000000
0.00001267 -0.00002414 0.48127554 0.00000000 0.00000000 0.05282200
-0.00001428 0.00000985 -0.48129914 -0.00000000 -0.00000000 -0.05282200
0.00009030 0.00002850 0.00002488 -0.00000000 0.00000000 0.00000000
-0.00001428 0.00000985 0.48127142 -0.00000000 -0.00000000 0.05282200
0.00001354 0.00001061 -0.48124524 0.00000000 0.00000000 -0.05282200
0.00003405 -0.00006069 -0.00000896 0.00000000 -0.00000000 0.00000000
0.00001354 0.00001061 0.48129698 0.00000000 0.00000000 0.05282200
0.00001112 -0.00003382 -0.48130215 -0.00000000 -0.00000000 -0.05282200
-0.00009206 0.00007783 0.00002488 0.00000000 0.00000000 0.00000000
0.00001112 -0.00003382 0.48127443 -0.00000000 -0.00000000 0.05282200
-0.00002531 -0.00001940 -0.48121661 0.00000000 0.00000000 -0.05282200
-0.00008994 0.00010155 -0.00000896 -0.00000000 -0.00000000 0.00000000
-0.00002531 -0.00001940 0.48126835 0.00000000 0.00000000 0.05282200
0.00001662 -0.00003034 0.00003430 -0.00000000 0.00000000 -0.00000000
0.00000903 0.00005077 -0.00002608 0.00000000 -0.00000000 -0.00000000
0.00001662 -0.00003034 0.00006746 -0.00000000 0.00000000 -0.00000000
0.00000819 -0.00003745 -0.00001867 -0.00000000 0.00000000 -0.00000000
0.00002412 0.00004545 0.00003705 -0.00000000 0.00000000 -0.00000000
0.00001267 -0.00007568 -0.00002607 0.00000000 -0.00000000 -0.00000000
0.00002411 0.00004545 0.00006471 -0.00000000 0.00000000 -0.00000000
0.00005480 0.00005105 -0.00001867 -0.00000000 0.00000000 -0.00000000
-0.00001880 -0.00004213 0.00003889 -0.00000000 0.00000000 -0.00000000
-0.00005830 0.00006573 -0.00002608 0.00000000 -0.00000000 -0.00000000
-0.00001880 -0.00004213 0.00006286 -0.00000000 0.00000000 -0.00000000
-0.00005469 -0.00006955 -0.00001867 -0.00000000 0.00000000 -0.00000000
-0.00001130 0.00003366 0.00004164 -0.00000000 0.00000000 -0.00000000
-0.00005465 -0.00006072 -0.00002607 0.00000000 -0.00000000 -0.00000000
-0.00001130 0.00003366 0.00006011 -0.00000000 0.00000000 -0.00000000
-0.00000807 0.00001896 -0.00001867 -0.00000000 0.00000000 -0.00000000
0.00000303 0.00001608 -0.50721563 -0.00000000 0.00000000 -0.05971900
0.00005187 -0.00003090 0.00001180 -0.00000000 0.00000000 -0.00000000
0.00000303 0.00001608 0.50715712 0.00000000 -0.00000000 0.05971900
0.00000533 -0.00000820 -0.50720129 -0.00000000 0.00000000 -0.05971900
-0.00000006 -0.00000145 0.00000854 0.00000000 -0.00000000 -0.00000000
0.00000533 -0.00000820 0.50718245 -0.00000000 0.00000000 0.05971900
0.00000386 -0.00001382 -0.50719640 0.00000000 0.00000000 -0.05971900
0.00005142 0.00001391 0.00001180 0.00000000 0.00000000 -0.00000000
0.00000386 -0.00001382 0.50713789 -0.00000000 -0.00000000 0.05971900
0.00001058 0.00001171 -0.50717760 -0.00000000 0.00000000 -0.05971900
0.00005072 0.00005162 0.00000854 -0.00000000 -0.00000000 -0.00000000
0.00001058 0.00001171 0.50715877 -0.00000000 -0.00000000 0.05971900
-0.00001415 0.00001222 -0.50721190 0.00000000 0.00000000 -0.05971900
-0.00000113 -0.00000287 0.00001180 0.00000000 0.00000000 -0.00000000
-0.00001415 0.00001222 0.50715339 -0.00000000 -0.00000000 0.05971900
-0.00000819 -0.00001505 -0.50721179 -0.00000000 0.00000000 -0.05971900
-0.00005033 -0.00003100 0.00000854 0.00000000 -0.00000000 -0.00000000
-0.00000819 -0.00001505 0.50719295 -0.00000000 -0.00000000 0.05971900
-0.00001331 -0.00001767 -0.50719266 0.00000000 0.00000000 -0.05971900
-0.00000158 0.00004195 0.00001180 -0.00000000 0.00000000 -0.00000000
-0.00001331 -0.00001767 0.50713415 -0.00000000 -0.00000000 0.05971900
-0.00000294 0.00000486 -0.50718810 -0.00000000 0.00000000 -0.05971900
0.00000044 0.00002208 0.00000854 -0.00000000 -0.00000000 -0.00000000
-0.00000294 0.00000486 0.50716926 -0.00000000 -0.00000000 0.05971900
-0.00001392 -0.00002129 -0.00002030 0.00000000 0.00000000 0.00000000
-0.00000746 -0.00008038 0.00002044 -0.00000000 -0.00000000 0.00000000
-0.00001392 -0.00002129 -0.00006105 0.00000000 0.00000000 0.00000000
-0.00000670 -0.00011654 0.00001390 0.00000000 0.00000000 0.00000000
-0.00002027 0.00003517 -0.00001323 0.00000000 0.00000000 0.00000000
-0.00001034 0.00002637 0.00002044 0.00000000 -0.00000000 0.00000000
-0.00002027 0.00003517 -0.00006812 0.00000000 0.00000000 0.00000000
-0.00004488 -0.00003899 0.00001390 0.00000000 0.00000000 0.00000000
0.00001571 -0.00001150 -0.00002413 0.00000000 0.00000000 0.00000000
0.00004799 -0.00009246 0.00002044 -0.00000000 -0.00000000 0.00000000
0.00001571 -0.00001150 -0.00005722 0.00000000 0.00000000 0.00000000
0.00004478 -0.00009015 0.00001390 0.00000000 -0.00000000 0.00000000
0.00000937 0.00004496 -0.00001706 0.00000000 0.00000000 0.00000000
0.00004510 0.00001428 0.00002044 0.00000000 0.00000000 0.00000000
0.00000937 0.00004496 -0.00006429 0.00000000 0.00000000 0.00000000
0.00000659 -0.00001260 0.00001390 0.00000000 -0.00000000 0.00000000
-0.00000236 -0.00001670 -0.53140468 -0.00000000 0.00000000 -0.06641900
-0.00004278 0.00000461 -0.00003617 -0.00000000 -0.00000000 0.00000000
-0.00000236 -0.00001670 0.53148926 -0.00000000 -0.00000000 0.06641900
-0.00000421 -0.00002875 -0.53143686 -0.00000000 0.00000000 -0.06641900
0.00000014 0.00003496 0.00002358 0.00000000 0.00000000 0.00000000
-0.00000421 -0.00002875 0.53141188 0.00000000 0.00000000 0.06641900
-0.00000299 0.00000575 -0.53138894 -0.00000000 0.00000000 -0.06641900
-0.00004251 0.00009288 -0.00003617 -0.00000000 0.00000000 0.00000000
-0.00000299 0.00000575 0.53147352 0.00000000 -0.00000000 0.06641900
-0.00000863 -0.00000355 -0.53144249 0.00000000 0.00000000 -0.06641900
-0.00004169 0.00008377 0.00002358 0.00000000 0.00000000 0.00000000
-0.00000863 -0.00000355 0.53141752 0.00000000 0.00000000 0.06641900
0.00001167 -0.00001370 -0.53140773 -0.00000000 0.00000000 -0.06641900
0.00000102 -0.00001841 -0.00003617 -0.00000000 0.00000000 0.00000000
0.00001167 -0.00001370 0.53149231 -0.00000000 0.00000000 0.06641900
0.00000663 -0.00002322 -0.53142834 0.00000000 0.00000000 -0.06641900
0.00004138 0.00005908 0.00002358 0.00000000 -0.00000000 0.00000000
0.00000663 -0.00002322 0.53140336 0.00000000 -0.00000000 0.06641900
0.00001104 0.00000875 -0.53139199 -0.00000000 0.00000000 -0.06641900
0.00000129 0.00006986 -0.00003617 -0.00000000 -0.00000000 0.00000000
0.00001104 0.00000875 0.53147657 -0.00000000 -0.00000000 0.06641900
0.00000221 0.00000198 -0.53143397 0.00000000 -0.00000000 -0.06641900
-0.00000045 0.00010789 0.00002358 0.00000000 -0.00000000 0.00000000
0.00000221 0.00000198 0.53140900 0.00000000 0.00000000 0.06641900
0.00000816 -0.00003262 -0.00000973 0.00000000 -0.00000000 -0.00000000
0.00008506 -0.00003830 -0.00000515 0.00000000 -0.00000000 -0.00000000
0.00000816 -0.00003262 0.00005033 0.00000000 -0.00000000 -0.00000000
0.00000609 0.00000060 -0.00001741 0.00000000 0.00000000 -0.00000000
-0.00004099 0.00002968 -0.00000810 0.00000000 -0.00000000 -0.00000000
0.00000641 0.00010358 -0.00000515 0.00000000 -0.00000000 -0.00000000
-0.00004099 0.00002968 0.00004870 0.00000000 -0.00000000 -0.00000000
-0.00006233 -0.00011326 -0.00001741 0.00000000 0.00000000 -0.00000000
-0.00002157 -0.00000535 -0.00002578 0.00000000 -0.00000000 -0.00000000
0.00004102 -0.00002649 -0.00000515 0.00000000 -0.00000000 -0.00000000
-0.00002157 -0.00000535 0.00006638 0.00000000 -0.00000000 -0.00000000
-0.00004465 0.00008318 -0.00001741 0.00000000 0.00000000 -0.00000000
0.00004392 0.00001994 -0.00000427 0.00000000 -0.00000000 -0.00000000
-0.00004856 0.00003692 -0.00000515 -0.00000000 -0.00000000 -0.00000000
0.00004392 0.00001994 0.00004487 0.00000000 -0.00000000 -0.00000000
0.00010064 -0.00013921 -0.00001741 0.00000000 0.00000000 -0.00000000
0.00001913 0.00000121 -0.55429170 0.00000000 -0.00000000 -0.07307000
-0.00004512 -0.00007660 0.00000140 0.00000000 -0.00000000 -0.00000000
0.00001913 0.00000121 0.55431895 -0.00000000 -0.00000000 0.07307000
-0.00000400 0.00000230 -0.55437789 0.00000000 0.00000000 -0.07307000
-0.00000022 -0.00004271 0.00003220 -0.00000000 -0.00000000 -0.00000000
-0.00000400 0.00000230 0.55429899 -0.00000000 0.00000000 0.07307000
0.00000083 0.00001063 -0.55429884 -0.00000000 -0.00000000 -0.07307000
-0.00004690 0.00001235 0.00000140 -0.00000000 -0.00000000 -0.00000000
0.00000083 0.00001063 0.55432609 0.00000000 -0.00000000 0.07307000
-0.00000988 -0.00002310 -0.55437911 0.00000000 0.00000000 -0.07307000
-0.00004571 0.00010921 0.00003220 -0.00000000 -0.00000000 -0.00000000
-0.00000988 -0.00002310 0.55430021 -0.00000000 0.00000000 0.07307000
0.00001278 -0.00000153 -0.55428872 0.00000000 0.00000000 -0.07307000
-0.00008859 -0.00005270 0.00000140 -0.00000000 0.00000000 -0.00000000
0.00001278 -0.00000153 0.55431597 -0.00000000 -0.00000000 0.07307000
-0.00001448 0.00000621 -0.55437578 0.00000000 0.00000000 -0.07307000
-0.00004084 0.00003331 0.00003220 0.00000000 -0.00000000 -0.00000000
-0.00001448 0.00000621 0.55429689 0.00000000 -0.00000000 0.07307000
-0.00001298 0.00001578 -0.55430943 -0.00000000 -0.00000000 -0.07307000
0.00008813 0.00003503 0.00000140 -0.00000000 0.00000000 -0.00000000
-0.00001298 0.00001578 0.55433668 0.00000000 -0.00000000 0.07307000
0.00002381 -0.00002840 -0.55438742 0.00000000 -0.00000000 -0.07307000
0.00008613 0.00008557 0.00003220 0.00000000 -0.00000000 -0.00000000
0.00002381 -0.00002840 0.55430852 -0.00000000 0.00000000 0.07307000
-0.00001093 -0.00001561 -0.00000952 -0.00000000 -0.00000000 -0.00000000
-0.00008604 0.00007091 -0.00000308 0.00000000 -0.00000000 -0.00000000
-0.00001093 -0.00001561 0.00007141 -0.00000000 -0.00000000 -0.00000000
-0.00000726 -0.00001330 -0.00002292 -0.00000000 0.00000000 -0.00000000
0.00003653 0.00002858 0.00000226 -0.00000000 -0.00000000 -0.00000000
-0.00000861 -0.00011405 -0.00000308 0.00000000 -0.00000000 -0.00000000
0.00003653 0.00002858 0.00005963 -0.00000000 -0.00000000 -0.00000000
0.00005267 0.00000625 -0.00002292 -0.00000000 0.00000000 -0.00000000
0.00002481 -0.00004085 0.00000559 -0.00000000 -0.00000000 -0.00000000
-0.00002687 0.00005705 -0.00000308 0.00000000 -0.00000000 -0.00000000
0.00002481 -0.00004085 0.00005630 -0.00000000 -0.00000000 -0.00000000
0.00005278 -0.00008938 -0.00002293 -0.00000000 0.00000000 -0.00000000
-0.00004210 0.00004023 -0.00000233 -0.00000000 -0.00000000 -0.00000000
0.00005681 -0.00005021 -0.00000308 0.00000000 -0.00000000 -0.00000000
-0.00004210 0.00004023 0.00006422 -0.00000000 -0.00000000 -0.00000000
-0.00009798 0.00003688 -0.00002292 -0.00000000 0.00000000 -0.00000000
-0.00001976 0.00001425 -0.57551325 -0.00000000 0.00000000 -0.07973500
0.00003413 0.00001326 0.00000060 0.00000000 -0.00000000 -0.00000000
-0.00001976 0.00001425 0.57554207 0.00000000 0.00000000 0.07973500
0.00000325 -0.00000992 -0.57559740 -0.00000000 -0.00000000 -0.07973500
0.00000035 0.00003182 0.00001049 -0.00000000 0.00000000 -0.00000000
0.00000325 -0.00000992 0.57552160 -0.00000000 -0.00000000 0.07973500
-0.00000129 -0.00001589 -0.57550481 -0.00000000 0.00000000 -0.07973500
0.00003798 0.00003567 0.00000060 0.00000000 0.00000000 -0.00000000
-0.00000129 -0.00001589 0.57553363 -0.00000000 -0.00000000 0.07973500
0.00000798 0.00000147 -0.57557878 -0.00000000 -0.00000000 -0.07973500
0.00003685 0.00002205 0.00001049 -0.00000000 -0.00000000 -0.00000000
0.00000798 0.00000147 0.57550299 -0.00000000 -0.00000000 0.07973500
-0.00000948 0.00001725 -0.57551673 -0.00000000 -0.00000000 -0.07973500
0.00008592 -0.00001681 0.00000060 0.00000000 0.00000000 -0.00000000
-0.00000948 0.00001725 0.57554555 -0.00000000 0.00000000 0.07973500
0.00001539 -0.00001219 -0.57559717 -0.00000000 0.00000000 -0.07973500
0.00004839 -0.00003810 0.00001049 0.00000000 0.00000000 -0.00000000
0.00001539 -0.00001219 0.57552138 -0.00000000 -0.00000000 0.07973500
0.00001502 -0.00002025 -0.57549495 -0.00000000 0.00000000 -0.07973500
-0.00008673 0.00000885 0.00000060 0.00000000 0.00000000 -0.00000000
0.00001502 -0.00002025 0.57552377 -0.00000000 0.00000000 0.07973500
-0.00002305 0.00000756 -0.57556905 -0.00000000 -0.00000000 -0.07973500
-0.00008513 0.00004987 0.00001049 0.00000000 -0.00000000 -0.00000000
-0.00002305 0.00000756 0.57549325 -0.00000000 0.00000000 0.07973500
0.00001138 -0.00000707 -0.00005257 0.00000000 0.00000000 -0.00000000
0.00000647 -0.00008280 0.00002581 0.00000000 0.00000000 -0.00000000
0.00001138 -0.00000707 -0.00005876 0.00000000 0.00000000 -0.00000000
0.00000507 -0.00009336 0.00002073 0.00000000 -0.00000000 -0.00000000
0.00001669 0.00004257 -0.00004648 0.00000000 0.00000000 -0.00000000
0.00000822 0.00000413 0.00002581 0.00000000 0.00000000 -0.00000000
0.00001669 0.00004257 -0.00006484 0.00000000 0.00000000 -0.00000000
0.00003450 -0.00002675 0.00002073 -0.00000000 -0.00000000 -0.00000000
-0.00001246 -0.00001489 -0.00004960 0.00000000 0.00000000 -0.00000000
-0.00004199 -0.00007377 0.00002581 0.00000000 0.00000000 -0.00000000
-0.00001246 -0.00001489 -0.00006173 0.00000000 0.00000000 -0.00000000
-0.00003441 -0.00011347 0.00002073 -0.00000000 -0.00000000 -0.00000000
-0.00000741 0.00003484 -0.00004343 0.00000000 0.00000000 -0.00000000
-0.00003506 0.00001248 0.00002581 0.00000000 0.00000000 -0.00000000
-0.00000741 0.00003484 -0.00006790 0.00000000 0.00000000 -0.00000000
-0.00000496 -0.00004685 0.00002073 0.00000000 -0.00000000 -0.00000000
0.00000160 -0.00001242 -0.59506055 0.00000000 0.00000000 -0.08611600
0.00003532 -0.00000730 -0.00001191 -0.00000000 -0.00000000 -0.00000000
0.00000160 -0.00001242 0.59511600 -0.00000000 -0.00000000 0.08611600
0.00000302 -0.00002305 -0.59505272 0.00000000 0.00000000 -0.08611600
-0.00000032 0.00006568 -0.00001075 0.00000000 0.00000000 -0.00000000
0.00000302 -0.00002305 0.59508472 0.00000000 -0.00000000 0.08611600
0.00000209 0.00000456 -0.59504770 -0.00000000 0.00000000 -0.08611600
0.00003340 0.00006690 -0.00001191 -0.00000000 -0.00000000 -0.00000000
0.00000209 0.00000456 0.59510315 -0.00000000 -0.00000000 0.08611600
0.00000651 -0.00000273 -0.59505721 0.00000000 0.00000000 -0.08611600
0.00003209 0.00010789 -0.00001075 -0.00000000 0.00000000 -0.00000000
0.00000651 -0.00000273 0.59508922 0.00000000 -0.00000000 0.08611600
-0.00001027 -0.00001423 -0.59505830 0.00000000 0.00000000 -0.08611600
0.00000100 0.00001258 -0.00001191 -0.00000000 -0.00000000 -0.00000000
-0.00001027 -0.00001423 0.59511375 -0.00000000 -0.00000000 0.08611600
-0.00000478 -0.00002722 -0.59505962 0.00000000 0.00000000 -0.08611600
-0.00003191 0.00004749 -0.00001075 -0.00000000 0.00000000 -0.00000000
-0.00000478 -0.00002722 0.59509163 0.00000000 -0.00000000 0.08611600
-0.00000860 0.00000269 -0.59504549 0.00000000 0.00000000 -0.08611600
-0.00000103 0.00008453 -0.00001191 -0.00000000 -0.00000000 -0.00000000
-0.00000860 0.00000269 0.59510094 -0.00000000 -0.00000000 0.08611600
-0.00000126 -0.00000660 -0.59506355 0.00000000 0.00000000 -0.08611600
0.00000055 0.00008970 -0.00001075 0.00000000 0.00000000 -0.00000000
-0.00000126 -0.00000660 0.59509556 -0.00000000 0.00000000 0.08611600
-0.00001953 -0.00001690 -0.00003648 -0.00000000 -0.00000000 0.00000000
-0.00000940 -0.00001580 -0.00000833 0.00000000 -0.00000000 0.00000000
-0.00001953 -0.00001690 0.00007006 -0.00000000 -0.00000000 0.00000000
-0.00000867 0.00002323 -0.00000478 -0.00000000 0.00000000 0.00000000
-0.00002864 0.00001226 -0.00002752 -0.00000000 -0.00000000 0.00000000
-0.00001445 0.00006102 -0.00000833 0.00000000 -0.00000000 0.00000000
-0.00002864 0.00001226 0.00006110 -0.00000000 -0.00000000 0.00000000
-0.00006055 -0.00015410 -0.00000478 0.00000000 -0.00000000 0.00000000
0.00002219 -0.00000353 -0.00004189 -0.00000000 -0.00000000 0.00000000
0.00006216 -0.00003135 -0.00000833 0.00000000 0.00000000 0.00000000
0.00002219 -0.00000353 0.00007547 -0.00000000 -0.00000000 0.00000000
0.00006037 0.00005791 -0.00000478 -0.00000000 0.00000000 0.00000000
0.00001281 0.00002573 -0.00003286 -0.00000000 -0.00000000 0.00000000
0.00006233 0.00004479 -0.00000833 0.00000000 -0.00000000 0.00000000
0.00001281 0.00002573 0.00006644 -0.00000000 -0.00000000 0.00000000
0.00000850 -0.00011940 -0.00000478 -0.00000000 -0.00000000 0.00000000
-0.00000233 0.00000030 -0.61284759 0.00000000 -0.00000000 -0.09233000
-0.00005702 -0.00003394 -0.00002338 0.00000000 -0.00000000 0.00000000
-0.00000233 0.00000030 0.61287254 0.00000000 -0.00000000 0.09233000
-0.00000447 0.00000083 -0.61293335 -0.00000000 0.00000000 -0.09233000
0.00000066 -0.00000514 0.00000185 -0.00000000 0.00000000 0.00000000
-0.00000447 0.00000083 0.61290945 0.00000000 0.00000000 0.09233000
-0.00000334 0.00000953 -0.61286370 -0.00000000 -0.00000000 -0.09233000
-0.00005951 0.00003220 -0.00002338 0.00000000 -0.00000000 0.00000000
-0.00000334 0.00000953 0.61288865 0.00000000 -0.00000000 0.09233000
-0.00001147 -0.00003223 -0.61293888 -0.00000000 0.00000000 -0.09233000
-0.00005643 0.00007907 0.00000185 -0.00000000 0.00000000 0.00000000
-0.00001147 -0.00003223 0.61291498 -0.00000000 0.00000000 0.09233000
0.00001489 0.00000316 -0.61285139 -0.00000000 -0.00000000 -0.09233000
0.00000429 -0.00006223 -0.00002338 0.00000000 -0.00000000 0.00000000
0.00001489 0.00000316 0.61287634 0.00000000 -0.00000000 0.09233000
0.00000865 0.00000699 -0.61292305 -0.00000000 -0.00000000 -0.09233000
0.00005610 0.00002621 0.00000185 -0.00000000 0.00000000 0.00000000
0.00000865 0.00000699 0.61289915 0.00000000 0.00000000 0.09233000
0.00001504 0.00001234 -0.61286753 0.00000000 -0.00000000 -0.09233000
0.00000163 0.00000169 -0.00002338 0.00000000 -0.00000000 0.00000000
0.00001504 0.00001234 0.61289248 0.00000000 0.00000000 0.09233000
0.00000169 -0.00002578 -0.61292803 0.00000000 0.00000000 -0.09233000
-0.00000094 0.00011042 0.00000185 -0.00000000 0.00000000 0.00000000
0.00000169 -0.00002578 0.61290412 0.00000000 0.00000000 0.09233000
0.00000184 -0.00003823 -0.00000605 0.00000000 -0.00000000 -0.00000000
0.00007872 0.00006412 0.00001689 -0.00000000 -0.00000000 -0.00000000
0.00000184 -0.00003823 -0.00005537 0.00000000 -0.00000000 -0.00000000
0.00000314 -0.00009464 0.00000661 0.00000000 -0.00000000 -0.00000000
-0.00004857 0.00003573 -0.00001378 0.00000000 -0.00000000 -0.00000000
0.00000273 -0.00005989 0.00001689 -0.00000000 0.00000000 -0.00000000
-0.00004857 0.00003573 -0.00004763 0.00000000 -0.00000000 -0.00000000
-0.00007653 0.00000857 0.00000661 0.00000000 -0.00000000 -0.00000000
-0.00001602 -0.00000730 -0.00002275 0.00000000 -0.00000000 -0.00000000
0.00006292 0.00007064 0.00001689 -0.00000000 -0.00000000 -0.00000000
-0.00001602 -0.00000730 -0.00003866 0.00000000 -0.00000000 -0.00000000
-0.00002605 -0.00000743 0.00000661 -0.00000000 -0.00000000 -0.00000000
0.00004749 0.00002998 -0.00001150 0.00000000 -0.00000000 -0.00000000
-0.00002991 -0.00012612 0.00001689 -0.00000000 0.00000000 -0.00000000
0.00004749 0.00002998 -0.00004992 0.00000000 -0.00000000 -0.00000000
0.00009902 -0.00000606 0.00000661 0.00000000 -0.00000000 -0.00000000
0.00001874 0.00001684 -0.62897369 -0.00000000 0.00000000 -0.09842900
-0.00006107 0.00000016 -0.00003356 0.00000000 0.00000000 -0.00000000
0.00001874 0.00001684 0.62904985 -0.00000000 -0.00000000 0.09842900
-0.00000607 -0.00001319 -0.62899310 0.00000000 0.00000000 -0.09842900
-0.00000024 -0.00003052 -0.00002838 -0.00000000 -0.00000000 -0.00000000
-0.00000607 -0.00001319 0.62901679 -0.00000000 0.00000000 0.09842900
-0.00000061 -0.00002213 -0.62895607 0.00000000 -0.00000000 -0.09842900
-0.00006344 0.00001610 -0.00003356 0.00000000 0.00000000 -0.00000000
-0.00000061 -0.00002213 0.62903223 -0.00000000 -0.00000000 0.09842900
-0.00001172 0.00000134 -0.62896532 0.00000000 0.00000000 -0.09842900
-0.00005959 0.00005226 -0.00002838 -0.00000000 -0.00000000 -0.00000000
-0.00001172 0.00000134 0.62898901 0.00000000 0.00000000 0.09842900
0.00001817 0.00001574 -0.62897212 0.00000000 0.00000000 -0.09842900
-0.00008719 0.00001227 -0.00003356 0.00000000 -0.00000000 -0.00000000
0.00001817 0.00001574 0.62904829 -0.00000000 -0.00000000 0.09842900
-0.00001147 -0.00000877 -0.62898802 0.00000000 0.00000000 -0.09842900
-0.00002370 0.00004892 -0.00002838 -0.00000000 -0.00000000 -0.00000000
-0.00001147 -0.00000877 0.62901171 -0.00000000 -0.00000000 0.09842900
-0.00000834 -0.00001695 -0.62896679 0.00000000 0.00000000 -0.09842900
0.00008590 0.00002898 -0.00003356 0.00000000 0.00000000 -0.00000000
-0.00000834 -0.00001695 0.62904295 -0.00000000 -0.00000000 0.09842900
0.00002277 -0.00000128 -0.62896988 0.00000000 0.00000000 -0.09842900
0.00008288 0.00003907 -0.00002838 -0.00000000 -0.00000000 -0.00000000
0.00002277 -0.00000128 0.62899357 0.00000000 -0.00000000 0.09842900
-0.00001583 0.00000618 -0.00003589 -0.00000000 0.00000000 -0.00000000
-0.00008508 -0.00006232 -0.00000403 -0.00000000 -0.00000000 -0.00000000
-0.00001583 0.00000618 0.00006248 -0.00000000 0.00000000 -0.00000000
-0.00000906 -0.00007256 -0.00000457 -0.00000000 0.00000000 -0.00000000
0.00002755 0.00002700 -0.00002171 -0.00000000 0.00000000 -0.00000000
-0.00001314 -0.00003013 -0.00000403 -0.00000000 -0.00000000 -0.00000000
0.00002755 0.00002700 0.00004829 -0.00000000 0.00000000 -0.00000000
0.00003332 -0.00006451 -0.00000457 0.00000000 -0.00000000 -0.00000000
0.00003168 -0.00001502 -0.00002308 -0.00000000 0.00000000 -0.00000000
-0.00001345 -0.00007930 -0.00000403 -0.00000000 0.00000000 -0.00000000
0.00003168 -0.00001502 0.00004967 -0.00000000 0.00000000 -0.00000000
0.00006776 -0.00013433 -0.00000457 -0.00000000 0.00000000 -0.00000000
-0.00003820 0.00004224 -0.00002778 -0.00000000 0.00000000 -0.00000000
0.00007325 0.00002462 -0.00000403 -0.00000000 -0.00000000 -0.00000000
-0.00003820 0.00004224 0.00005437 -0.00000000 0.00000000 -0.00000000
-0.00009187 -0.00002611 -0.00000457 0.00000000 -0.00000000 -0.00000000
-0.00002027 -0.00001255 -0.64337470 -0.00000000 -0.00000000 -0.10443100
0.00001793 0.00002995 0.00000112 0.00000000 -0.00000000 -0.00000000
-0.00002027 -0.00001255 0.64339180 -0.00000000 -0.00000000 0.10443100
0.00000316 -0.00002420 -0.64345392 -0.00000000 -0.00000000 -0.10443100
0.00000083 0.00009388 0.00002869 -0.00000000 0.00000000 -0.00000000
0.00000316 -0.00002420 0.64338902 0.00000000 0.00000000 0.10443100
-0.00000152 0.00000260 -0.64337059 -0.00000000 -0.00000000 -0.10443100
0.00002084 0.00008601 0.00000112 0.00000000 0.00000000 -0.00000000
-0.00000152 0.00000260 0.64338770 -0.00000000 -0.00000000 0.10443100
0.00000355 -0.00001125 -0.64346166 0.00000000 0.00000000 -0.10443100
0.00001943 0.00008155 0.00002869 0.00000000 0.00000000 -0.00000000
0.00000355 -0.00001125 0.64339676 0.00000000 0.00000000 0.10443100
-0.00000644 -0.00000994 -0.64337870 -0.00000000 -0.00000000 -0.10443100
0.00008719 -0.00000405 0.00000112 0.00000000 -0.00000000 -0.00000000
-0.00000644 -0.00000994 0.64339580 -0.00000000 -0.00000000 0.10443100
0.00001694 -0.00002388 -0.64345123 0.00000000 0.00000000 -0.10443100
0.00006263 0.00003746 0.00002869 0.00000000 0.00000000 -0.00000000
0.00001694 -0.00002388 0.64338633 0.00000000 0.00000000 0.10443100
0.00001872 -0.00000073 -0.64336269 -0.00000000 -0.00000000 -0.10443100
-0.00008373 0.00005217 0.00000112 0.00000000 -0.00000000 -0.00000000
0.00001872 -0.00000073 0.64337979 -0.00000000 -0.00000000 0.10443100
-0.00002144 -0.00000465 -0.64344976 0.00000000 0.00000000 -0.10443100
-0.00008269 0.00011607 0.00002869 0.00000000 -0.00000000 -0.00000000
-0.00002144 -0.00000465 0.64338486 0.00000000 0.00000000 0.10443100
