-0.00045553 -0.03526512 -0.03192491 -0.00660100 -0.00236200 -0.00433200
0.00033363 0.03525090 0.03193263 0.00660400 0.00236700 0.00434500
0.00021383 0.20036774 0.04821731 0.00356600 -0.00059800 -0.00146600
-0.00018056 -0.20044899 -0.04818888 -0.00357200 0.00059900 0.00146500
-0.00027528 -0.03520782 -0.03193208 -0.00660500 -0.00236000 -0.00434300
0.00029728 0.03519819 0.03190977 0.00660200 0.00236300 0.00433900
0.00020936 0.20036068 0.04821338 0.00356500 -0.00059900 -0.00146700
-0.00020326 -0.20044627 -0.04816669 -0.00356300 0.00059800 0.00146900
-0.00028483 -0.03529466 -0.03193509 -0.00660300 -0.00236600 -0.00434100
0.00030042 0.03525322 0.03194830 0.00660200 0.00236000 0.00434100
0.00021043 0.20040436 0.04815530 0.00356400 -0.00059400 -0.00147300
-0.00019448 -0.20046586 -0.04821605 -0.00357300 0.00059500 0.00146800
-0.00029312 -0.03524651 -0.03194874 -0.00659700 -0.00236100 -0.00433700
0.00029425 0.03526581 0.03203292 0.00659900 0.00236600 0.00434300
0.00020720 0.20035833 0.04821538 0.00356500 -0.00059800 -0.00147000
-0.00021362 -0.20046855 -0.04819544 -0.00357000 0.00059800 0.00147200
-0.00028906 -0.03527772 -0.03194756 -0.00660000 -0.00236200 -0.00433600
0.00027064 0.03521730 0.03193479 0.00659900 0.00236500 0.00434300
0.00019975 0.20044228 0.04816031 0.00357100 -0.00059700 -0.00147100
-0.00018283 -0.20034355 -0.04822124 -0.00356500 0.00059200 0.00146800
-0.00028244 -0.03522250 -0.03191178 -0.00660000 -0.00236400 -0.00434500
0.00026859 0.03523543 0.03192274 0.00660000 0.00236700 0.00433900
0.00019134 0.20029844 0.04818900 0.00356800 -0.00059500 -0.00147400
-0.00021546 -0.20028248 -0.04819494 -0.00356700 0.00059700 0.00147100
-0.00029196 -0.03528759 -0.03194957 -0.00660200 -0.00236100 -0.00434100
0.00029259 0.03525615 0.03195927 0.00660000 0.00236500 0.00434600
0.00004306 0.20049640 0.04808578 0.00356600 -0.00059300 -0.00146800
-0.00004823 -0.20038347 -0.04823839 -0.00357000 0.00059600 0.00146600
-0.00029918 -0.03524373 -0.03193597 -0.00660100 -0.00236700 -0.00434800
0.00029628 0.03525559 0.03204995 0.00660000 0.00236600 0.00434300
0.00004928 0.20045749 0.04816609 0.00357000 -0.00059800 -0.00147400
-0.00005766 -0.20038526 -0.04823613 -0.00356500 0.00060100 0.00146800
-0.00028345 -0.03518412 -0.03190200 -0.00660100 -0.00236400 -0.00434000
0.00028204 0.03520743 0.03191155 0.00660700 0.00236200 0.00434400
0.00019846 0.20035931 0.04821298 0.00356600 -0.00060300 -0.00146900
-0.00019980 -0.20037143 -0.04823041 -0.00356700 0.00058900 0.00146900
-0.00026700 -0.03519324 -0.03190387 -0.00660300 -0.00236600 -0.00434300
0.00025951 0.03511764 0.03189142 0.00660600 0.00236600 0.00434200
0.00018359 0.20036584 0.04822054 0.00356700 -0.00059600 -0.00147400
-0.00019505 -0.20037363 -0.04823598 -0.00356800 0.00059700 0.00146800
-0.00029719 -0.03523870 -0.03194643 -0.00660000 -0.00236100 -0.00434000
0.00032282 0.03529514 0.03204010 0.00660200 0.00236300 0.00434400
0.00012757 0.20036621 0.04825108 0.00357200 -0.00059500 -0.00146500
-0.00021537 -0.20046680 -0.04819618 -0.00356800 0.00059700 0.00146800
-0.00030052 -0.03522641 -0.03193953 -0.00659700 -0.00236200 -0.00434200
0.00025118 0.03515614 0.03200627 0.00660100 0.00236500 0.00433700
0.00011189 0.20037256 0.04818938 0.00356200 -0.00059100 -0.00147000
-0.00022030 -0.20046546 -0.04819111 -0.00357300 0.00059400 0.00146700
-0.00028438 -0.03520297 -0.03193147 -0.00660200 -0.00236700 -0.00433800
0.00045291 0.03521691 0.03190810 0.00659800 0.00236200 0.00435000
0.00019590 0.20030211 0.04818633 0.00356700 -0.00059600 -0.00147100
-0.00020076 -0.20043326 -0.04816873 -0.00356900 0.00059600 0.00147000
-0.00028221 -0.03520963 -0.03192972 -0.00660000 -0.00236100 -0.00434500
0.00045528 0.03528148 0.03195905 0.00660000 0.00236900 0.00434200
0.00018397 0.20032217 0.04820288 0.00356700 -0.00059400 -0.00147200
-0.00021092 -0.20042365 -0.04817047 -0.00356900 0.00059500 0.00147000
-0.00028903 -0.03524165 -0.03192648 -0.00660000 -0.00236400 -0.00434000
0.00030059 0.03525074 0.03204982 0.00659900 0.00236400 0.00434200
0.00004704 0.20045896 0.04816852 0.00356900 -0.00059000 -0.00147000
-0.00006168 -0.20038179 -0.04825313 -0.00356600 0.00059400 0.00146800
-0.00030871 -0.03524032 -0.03191477 -0.00660300 -0.00236600 -0.00433900
0.00030678 0.03532831 0.03206523 0.00660000 0.00236500 0.00434000
0.00023617 0.20031353 0.04819966 0.00356300 -0.00059700 -0.00146600
-0.00006596 -0.20030545 -0.04822163 -0.00356500 0.00059400 0.00147000
-0.00004581 0.04482315 -0.03779128 0.00247300 -0.00302200 0.00290500
0.00008265 -0.04485516 0.03776840 -0.00247400 0.00301300 -0.00289900
-0.00006306 -0.21032763 0.14554419 -0.00135300 -0.00591600 -0.00222000
0.00017879 0.21031473 -0.14555745 0.00136800 0.00591400 0.00222400
0.00498758 0.03360741 0.22077002 -0.00022900 -0.00256700 -0.00131600
-0.00501414 -0.03348650 -0.22078547 0.00024700 0.00256100 0.00129800
-0.00007870 0.04482723 -0.03776950 0.00248500 -0.00303000 0.00289500
0.00007240 -0.04484135 0.03777721 -0.00249000 0.00301500 -0.00289900
-0.00012447 -0.21021360 0.14559126 -0.00136700 -0.00592100 -0.00222300
0.00011433 0.21015518 -0.14560621 0.00135900 0.00591900 0.00220700
0.00497956 0.03364825 0.22074783 -0.00023000 -0.00257500 -0.00130100
-0.00497580 -0.03353427 -0.22081460 0.00023800 0.00258700 0.00132200
-0.00006883 0.04482138 -0.03779590 0.00247500 -0.00301500 0.00289000
0.00004654 -0.04481769 0.03776953 -0.00248600 0.00302400 -0.00289800
-0.00014861 -0.21029552 0.14553914 -0.00135900 -0.00592000 -0.00221000
0.00020156 0.21034165 -0.14551384 0.00135900 0.00591800 0.00222400
0.00499478 0.03354237 0.22088122 -0.00023900 -0.00258800 -0.00130400
-0.00498334 -0.03351727 -0.22080254 0.00023600 0.00257300 0.00129800
-0.00006423 0.04482750 -0.03778733 0.00248800 -0.00300900 0.00290700
0.00004501 -0.04486467 0.03776435 -0.00248400 0.00300800 -0.00289000
-0.00015612 -0.21029141 0.14553981 -0.00136500 -0.00592000 -0.00222600
0.00015292 0.21032062 -0.14551266 0.00136000 0.00590900 0.00220800
0.00499466 0.03359936 0.22065860 -0.00022600 -0.00257400 -0.00130900
-0.00498802 -0.03352692 -0.22084537 0.00023700 0.00257700 0.00130800
-0.00004852 0.04480038 -0.03778474 0.00248100 -0.00300500 0.00289900
0.00006030 -0.04482591 0.03775904 -0.00247900 0.00301500 -0.00289200
-0.00013564 -0.21029261 0.14556218 -0.00136300 -0.00591800 -0.00223100
0.00005946 0.21023235 -0.14555850 0.00136800 0.00591800 0.00221900
0.00497566 0.03354741 0.22080344 -0.00023800 -0.00256800 -0.00130700
-0.00497913 -0.03366503 -0.22075747 0.00023400 0.00254700 0.00130700
-0.00006663 0.04481334 -0.03777567 0.00248100 -0.00301900 0.00288600
0.00006795 -0.04479815 0.03779159 -0.00248200 0.00302300 -0.00288800
-0.00014310 -0.21028687 0.14556013 -0.00136500 -0.00590600 -0.00222200
0.00012487 0.21029565 -0.14554243 0.00136800 0.00592000 0.00220900
0.00497633 0.03358691 0.22076483 -0.00022800 -0.00257000 -0.00130700
-0.00498026 -0.03359388 -0.22076547 0.00024000 0.00257300 0.00130000
0.00004200 0.04484640 -0.03775659 0.00249100 -0.00301500 0.00289600
-0.00010044 -0.04483156 0.03776134 -0.00249200 0.00302200 -0.00290100
-0.00015611 -0.21028981 0.14555492 -0.00136500 -0.00593300 -0.00221900
0.00016476 0.21030428 -0.14551447 0.00136500 0.00592600 0.00221700
0.00499047 0.03346204 0.22094804 -0.00024000 -0.00257000 -0.00131900
-0.00498686 -0.03368929 -0.22076950 0.00024100 0.00257000 0.00130500
0.00010532 0.04485171 -0.03778245 0.00247100 -0.00301000 0.00288600
-0.00010786 -0.04483933 0.03776644 -0.00247800 0.00301300 -0.00290600
-0.00014701 -0.21029581 0.14555871 -0.00136800 -0.00591400 -0.00221200
0.00015954 0.21032599 -0.14550635 0.00136800 0.00592600 0.00222500
0.00499158 0.03353253 0.22069686 -0.00022600 -0.00257400 -0.00131400
-0.00498813 -0.03358300 -0.22080887 0.00024300 0.00257400 0.00131800
-0.00006425 0.04483376 -0.03777593 0.00247900 -0.00301800 0.00290300
0.00006373 -0.04484436 0.03777755 -0.00248400 0.00302300 -0.00288700
-0.00013038 -0.21021096 0.14558736 -0.00136400 -0.00592200 -0.00222300
0.00015704 0.21026818 -0.14556769 0.00136100 0.00592000 0.00220900
0.00498159 0.03365241 0.22074604 -0.00024600 -0.00256900 -0.00130600
-0.00498390 -0.03365263 -0.22073969 0.00023100 0.00256600 0.00131300
-0.00005255 0.04483698 -0.03778566 0.00248900 -0.00300200 0.00289900
0.00004464 -0.04481929 0.03777833 -0.00247700 0.00300500 -0.00289800
-0.00007292 -0.21016188 0.14560059 -0.00136900 -0.00591700 -0.00220300
0.00013275 0.21026102 -0.14555238 0.00136700 0.00591100 0.00221800
0.00498077 0.03367536 0.22077825 -0.00024300 -0.00258100 -0.00130700
-0.00497741 -0.03365424 -0.22073874 0.00024000 0.00256800 0.00131000
-0.00008182 0.04483235 -0.03776973 0.00247100 -0.00301900 0.00289700
0.00004448 -0.04486698 0.03776441 -0.00246600 0.00301800 -0.00290000
-0.00015084 -0.21028747 0.14554286 -0.00136200 -0.00591200 -0.00222300
0.00016510 0.21032475 -0.14550268 0.00135900 0.00592300 0.00221900
0.00499435 0.03359677 0.22066946 -0.00023200 -0.00257100 -0.00131700
-0.00498570 -0.03356864 -0.22081910 0.00023000 0.00256900 0.00130700
0.00011589 0.04483862 -0.03777396 0.00247300 -0.00299700 0.00289100
0.00002964 -0.04485021 0.03777404 -0.00248100 0.00300500 -0.00290100
-0.00016333 -0.21021491 0.14557734 -0.00137400 -0.00591700 -0.00221800
0.00013336 0.21019469 -0.14555081 0.00136500 0.00592300 0.00221000
0.00498500 0.03367043 0.22065721 -0.00023700 -0.00256900 -0.00130100
-0.00498290 -0.03356686 -0.22081902 0.00023300 0.00257700 0.00131600
-0.00006554 0.04482305 -0.03779249 0.00248600 -0.00302700 0.00289500
0.00006466 -0.04483553 0.03778036 -0.00248300 0.00302400 -0.00289000
-0.00014818 -0.21029051 0.14556001 -0.00136500 -0.00591500 -0.00221400
0.00005320 0.21035914 -0.14553333 0.00136400 0.00591900 0.00222500
0.00500419 0.03359377 0.22076574 -0.00024600 -0.00258300 -0.00130900
-0.00498356 -0.03354116 -0.22080571 0.00023400 0.00257200 0.00131400
-0.00008614 0.04482464 -0.03778664 0.00247800 -0.00301900 0.00289600
0.00004543 -0.04484463 0.03778769 -0.00247700 0.00302700 -0.00288900
-0.00014666 -0.21027152 0.14556757 -0.00136400 -0.00591500 -0.00222100
-0.00001542 0.21030987 -0.14554689 0.00136300 0.00591400 0.00221700
0.00500370 0.03365934 0.22075407 -0.00023000 -0.00257800 -0.00130700
-0.00498499 -0.03352755 -0.22080819 0.00024000 0.00256300 0.00133000
0.00010179 0.04479822 -0.03778183 0.00248400 -0.00301800 0.00289700
-0.00010227 -0.04483446 0.03777639 -0.00248500 0.00302500 -0.00289300
-0.00014471 -0.21028162 0.14555914 -0.00136000 -0.00593300 -0.00222400
0.00016800 0.21034158 -0.14548954 0.00136400 0.00592100 0.00220700
0.00498959 0.03353435 0.22070486 -0.00023700 -0.00257500 -0.00130700
-0.00498830 -0.03363498 -0.22077618 0.00024000 0.00257100 0.00130800
0.00000796 0.04481001 -0.03781518 0.00248400 -0.00300800 0.00289500
-0.00010796 -0.04482233 0.03776916 -0.00247800 0.00301700 -0.00290600
-0.00015161 -0.21028794 0.14554688 -0.00135300 -0.00592200 -0.00222900
0.00015153 0.21033592 -0.14549665 0.00136000 0.00592000 0.00221900
0.00497883 0.03364124 0.22065470 -0.00023500 -0.00257700 -0.00130600
-0.00498798 -0.03361454 -0.22077685 0.00023700 0.00256800 0.00131200
0.11944240 -0.01336679 -0.13412207 0.50218201 -0.43978000 0.07395500
-1.18550474 -1.39424595 0.01147139 -0.90978003 -1.56102896 -0.03418400
-0.62976723 -0.30124667 0.30104671 -1.00992298 -0.57655299 0.45273900
-0.36979768 1.44269303 0.63680470 -0.51739901 1.56422698 0.76138401
-0.47484275 0.22388669 0.65653765 -0.83242899 0.04725300 1.11826897
-0.51756642 1.55414342 0.79845760 -0.35233599 1.33150005 0.50481802
0.58633502 0.22601384 1.19461550 0.76628399 0.29221699 1.32061303
-0.49857743 0.24623461 -0.76863360 -0.63271803 0.58851701 -0.66871399
-0.00745364 -0.11300915 -0.12610106 -0.23556700 -0.19401100 -0.04927200
0.99354621 1.01057076 -0.12551270 0.77076602 1.15437400 -0.96335399
0.54172654 -0.19045533 0.85799388 0.76420999 -0.51186401 0.89803100
-0.26244952 -0.16191431 1.20696174 -0.29082701 0.14892399 1.44668198
0.87982272 0.03161501 -0.31754716 0.77460301 -0.02409600 -0.12860499
1.58082425 0.25663680 0.24874863 1.32698596 0.42385501 -0.00242200
1.03922396 1.19282132 -0.61587333 0.66980302 0.99286300 -0.70860898
-0.81316347 -0.12668725 -1.01099724 -1.03453004 0.19551399 -0.83163601
0.26607034 0.06154113 -0.67312853 0.33286601 0.35644799 -0.33029699
-0.68710250 -1.15146013 0.38567953 -0.74802500 -0.92488903 0.04487200
-0.31171724 0.41428354 1.06022316 -0.42729199 0.33602500 1.09551895
0.20278001 1.13982056 0.22898374 0.25537899 1.68327701 0.45323101
-0.64594677 0.10339689 -0.91531142 -0.43718201 0.72908598 -0.91109300
0.75306389 -0.03942339 0.96056642 1.06138301 0.02639000 0.82507098
0.30102196 0.01885131 0.05513086 0.12784700 -0.29344901 0.03147100
-0.14923948 0.63310457 -0.10654637 -0.19238400 0.70892900 0.07126400
-0.31530359 0.13388539 -0.42143338 -0.18523601 0.28530699 -0.39895201
-0.76869669 -1.38000045 0.07962734 -0.79431802 -1.81578600 -0.00516100
0.45086408 0.71496403 0.08406123 0.56913698 0.32692400 0.01513000
0.06590293 0.20353738 -0.54213544 0.35086000 0.50229400 -0.46726200
0.09965835 1.14858085 0.62040991 0.18556000 0.98201901 0.89268500
0.50380196 -1.24290440 -0.67109703 0.73928797 -1.13854098 -1.25565302
0.94976018 -0.58700671 -0.46642022 0.92272502 -0.91237402 -0.02830100
-0.38680421 -0.69246460 -0.22296887 -0.37099701 -0.22156499 -0.04858500
-0.18098090 -0.61870174 -0.65244948 -0.19461100 -0.65728700 -0.34789500
-0.49200717 -1.50460729 -0.19886806 -0.46692801 -1.98045099 0.07979400
0.45913570 0.04020083 -0.64614845 0.77586699 -0.11785300 -1.06190205
0.87945217 -0.67082852 -0.06279792 1.03163302 -0.61013401 0.14940600
0.47137404 -1.60616720 -0.06677413 0.48600101 -1.73914301 0.75743598
-0.87453802 -0.14824760 0.25602395 -0.72612202 -0.32595599 -0.10983600
-0.52747245 -0.81018701 -0.22882228 -0.57943302 -1.04292798 -0.42973799
-0.56545613 -0.32510763 0.06297946 -0.62993997 -0.16205600 -0.04325200
-0.76617990 0.30732569 0.39663113 -0.79945803 0.09289000 0.54416102
-0.49614683 -2.27568357 -1.05077715 -0.68319201 -2.17444491 -1.47467005
0.13347858 0.37569023 0.85505739 0.09737100 -0.27414700 0.66401303
0.41446253 0.00339865 0.86143296 0.39153400 0.29484901 0.75364900
-0.64844714 -1.27255764 -0.33575839 -0.53280902 -0.97375000 -0.15236799
0.68314338 0.08450939 -0.14350565 0.47505900 -0.01089400 -0.12691100
-0.79006639 -0.03926012 0.39932888 -1.03572404 -0.31696901 0.31692600
-0.43640320 -0.93204719 -0.00971427 -0.41669601 -0.83900100 -0.37338901
0.09507869 0.05073538 -0.06582556 -0.17150500 0.19626901 0.03556500
0.37449354 0.38770096 -0.09470023 0.23516300 0.38769001 -0.07779300
0.10382577 -0.32478470 0.31800911 0.17018700 -0.54944497 0.36709800
-0.12888291 -0.96891428 0.32436164 -0.27274701 -0.66552001 0.50357401
0.15191990 0.62238432 0.13453377 0.32938701 0.51299602 0.66355199
0.22333058 0.47056846 0.18082207 -0.18556900 0.43307301 -0.33866501
-1.04852537 0.09196765 -0.11620228 -0.81447202 -0.20637999 -0.05183900
0.77177761 0.60564605 0.30515117 0.81244999 1.14058602 0.34602600
-0.63272467 1.58797958 -0.37792700 -0.78262198 1.58256197 -0.15953200
-0.76090270 -0.31379923 -0.17721354 -0.49660000 -0.33349800 -0.52207500
0.32468606 -0.04158539 -0.32224730 0.27715400 -0.20961399 -0.19244000
-0.69978223 -0.73186534 1.28527034 -0.88704002 -0.64591402 1.14262497
0.66326135 0.80459811 0.07700929 0.65143102 0.90262902 0.05464900
-1.15479684 0.98775139 1.58166082 -1.12711704 0.51054502 1.09647906
0.22761357 0.40655757 0.60988075 0.08496400 0.23101500 0.49050200
1.32812675 -0.51712056 -0.49239295 1.41499305 -0.07621300 -0.28381899
0.25310021 0.09500083 -0.41014189 0.22104400 0.04593000 -0.64659703
0.11288966 -0.05300208 -0.56331568 0.10124500 0.22741900 -1.03246605
-0.31237914 -1.12842808 0.13070431 -0.32194301 -0.95240498 -0.15725200
-0.22393605 -1.53395320 -1.04630108 -0.53446299 -2.09540510 -0.98070198
0.10602072 -0.52368220 0.90100927 0.18533500 -0.24616800 0.55042797
-0.39519602 1.33913858 -0.32757073 -0.23477000 1.53329003 0.12694401
-0.03667263 0.38585162 -0.39193983 0.00676700 0.02901300 -0.15982901
0.15801403 -0.16888618 0.99937587 0.22094800 0.04959400 0.88279700
0.18788319 0.56946855 0.05800177 0.25580099 0.85867703 -0.15963700
1.28677756 -0.31098291 -0.83526877 1.25731504 -0.47382900 -0.71119797
0.66223507 0.72316582 -0.14024249 0.52058101 0.55164301 -0.39750001
-0.42474763 1.43984850 -0.78841961 -0.30509999 1.20760000 -0.26175800
0.16335026 -0.49335524 -1.39119090 0.14626300 -0.27765799 -1.35179996
0.43800522 0.21927733 -1.25499731 0.58345199 0.35755000 -1.81409299
-1.24148087 0.42366655 0.38292194 -1.06335700 0.73509502 0.32140100
-1.38538869 0.22718025 -0.55747724 -1.47899699 0.12785000 -0.23909600
-0.82378823 0.06247377 0.81020937 -0.70315897 -0.08608000 0.72575802
-0.50165150 0.44928981 -0.59721984 -0.36142001 0.41563699 -0.41265401
0.34661640 -0.28786379 -0.90100848 0.33889401 -0.17500401 -0.91452199
0.58806253 -0.76241984 -0.24148668 0.50796801 -0.57146400 -0.22537500
0.00788440 0.10613340 1.38931389 -0.00285100 0.38136801 1.01811099
-0.89613264 -0.62343748 -0.02656607 -0.62808102 -1.29641902 0.03159200
-0.05479386 -0.24855180 -0.46654889 0.04700500 -0.37797099 -0.57080501
-0.04281384 -0.41309669 0.20043144 0.14447699 -0.36686701 0.78585702
1.34938336 0.10253776 -1.65038768 1.61450601 0.23618400 -1.64224398
-0.59919700 0.87002661 0.59829326 -0.71498698 0.97703600 0.63084400
0.93792497 0.18439350 0.24640903 0.95985299 0.09913500 0.06596100
-0.55318656 -1.63685297 -1.06718597 -0.52502698 -2.12227511 -0.97419000
0.28077452 0.43666954 0.16840411 0.24521400 0.25307199 0.26429000
0.46514660 -0.53866817 0.53361003 0.50841302 -0.51376498 0.60225499
0.16298973 0.55686334 0.31257338 0.25817901 0.60804999 0.23417901
1.11171580 0.18634386 0.02952486 1.30996895 0.18556100 -0.31011099
-0.90857092 -1.35144138 -0.18210326 -1.14068496 -1.50684297 -0.40546101
-0.08403939 0.57812535 0.96205426 -0.00927000 0.27282000 0.94950700
0.46004376 -0.16902627 -1.11565388 0.30441201 -0.25554699 -1.21037900
0.12596268 0.70871571 0.91210779 0.12914500 0.48196301 0.91935199
0.58908746 -0.11902560 0.17973826 0.73801303 -0.23039500 0.62267601
0.83538454 -0.37781696 0.55655827 0.84903300 -0.36679399 0.64811897
-0.69603294 -0.04080850 0.53666783 -0.84634000 0.19654000 0.34284100
0.45714695 -0.20204125 0.19627348 0.43464801 -0.38411999 0.27831101
0.27071287 -0.12865635 -1.16904370 0.11837800 0.02831200 -1.28757501
-0.29090394 -0.75529631 0.11669319 -0.22224200 -0.54148197 0.19077200
-0.61596123 -0.93187255 -0.60289359 -0.77727401 -0.69825798 -0.64436197
0.73213587 0.40321407 -0.18458304 0.83753502 0.42582700 -0.07203900
0.86168301 -1.35597230 -0.28797221 1.15744495 -1.17588902 -0.44544101
0.45833914 0.64661750 0.06334264 0.63110298 0.49017999 0.24739200
-0.25364611 -0.52963360 0.82214447 -0.29558399 -0.30140901 1.06634796
0.08505706 0.41039017 -1.03904836 -0.02290400 0.54532897 -1.05899096
0.04051323 0.06751667 -0.61473846 0.16119801 -0.12194500 -0.63860703
0.22565905 0.47998018 -0.51192932 0.12049900 0.45002699 -0.33524901
-0.06891898 0.64232803 0.36039165 -0.18281400 0.87391698 0.17420501
1.03487000 -0.11829129 -0.31856304 1.15352702 -0.25785300 -0.23907000
-0.01995238 0.77603217 0.38869309 -0.15023699 0.81040001 0.12116500
0.65580543 -1.62748410 -0.87030969 0.46796900 -1.33193803 -0.99259800
0.55692594 -0.55226224 0.91860289 0.50404900 -0.43959901 1.21598995
0.55718281 -0.12253882 -0.04680708 0.67528403 -0.07964000 -0.07814100
-0.53310401 1.82653765 0.63780122 -0.43811300 2.11160803 0.49942601
-1.05710379 0.08931294 0.04842587 -1.45009899 0.16546100 0.22459000
0.01671794 -0.50729929 0.60350205 -0.02935500 -0.39528900 0.49228799
0.08431178 0.75817326 -0.00146482 0.08611500 0.92978197 -0.28276899
0.15502173 0.65408969 1.66396097 0.34920001 0.41447601 2.04203796
-0.34471198 0.22984327 -0.17110182 -0.44131199 0.32525501 -0.19203000
1.12161595 -0.48942846 0.90868363 0.84515202 -0.44031700 0.56606799
-1.32742526 0.56354798 -0.40486303 -1.05746305 0.55991900 -0.14703999
-0.58949228 1.14283312 -0.06280345 -0.52420902 1.35619104 -0.16775499
-0.69955665 0.20330222 0.35105423 -0.79429901 0.28018901 0.90668797
1.07462133 -0.05513124 -0.86579659 1.19116795 0.23142201 -0.87284303
1.21954422 -0.57948664 -0.40637340 1.24092102 -0.28806201 -0.73298103
0.23102412 0.65563563 0.52534711 0.21265800 0.71486998 0.38045701
1.28315476 1.67491369 -0.37458612 1.37120903 1.41042495 -0.14043900
-0.19927636 -0.08695970 0.83546982 -0.02964700 -0.01169600 0.80398399
-0.06013410 0.58765555 -0.95134354 0.10449700 0.20385499 -1.00889003
-0.73746986 -0.51459461 -0.88010155 -0.90785003 -0.37074900 -1.09524298
-0.66988743 -0.01387344 -0.25285635 -0.63992202 -0.20931000 -0.50734699
-0.04761107 1.25226820 0.98053793 -0.02868000 1.68731797 0.99245101
0.28264366 0.80506644 0.38925438 0.49762499 0.70933801 0.48021799
0.26715543 -0.42856211 -0.68297947 0.20933400 -0.40981501 -1.22487795
-0.28829025 0.67207423 -0.76240856 -0.22181900 0.77611798 -0.83244699
0.70216489 -0.21235714 0.72453651 0.59395599 -0.37530500 0.94293499
-1.58034398 -0.20028140 0.14302576 -1.83154702 -0.14213599 0.31581700
-0.23300872 -0.17872010 0.90401419 -0.27334699 0.08732300 0.57857198
-0.85613270 0.23191763 -0.12939397 -0.76460099 0.05638200 0.04490800
-0.47746380 -0.18875153 0.16446490 -0.46068400 -0.30085000 -0.18492900
-0.46023097 -0.79340638 -0.21269550 -0.44050801 -0.90118998 -0.26031899
-0.67588348 -0.10575824 0.01984373 -0.65577102 -0.21469200 -0.07335100
-0.59276773 0.59533038 0.19218173 -0.52454400 0.37885100 0.20423301
-0.02740277 -0.40975789 -0.13252119 0.03007000 -0.05736200 -0.08627300
-0.09635128 -0.08785956 -0.22610802 -0.09262500 -0.19771700 0.06682600
0.36348275 -0.41423886 0.18980379 0.26453999 -0.32544801 0.07671900
0.58525309 1.36418357 0.33769459 0.46712601 1.06490004 0.64139599
0.01377774 -0.09345808 -0.89502181 0.21105701 -0.10375600 -0.81014299
-1.51146376 0.37029394 0.04760316 -1.70898795 0.23794800 0.09650200
0.16418058 -0.46890572 0.15341519 0.31603301 -0.54855299 -0.05345900
0.69290251 1.27832918 0.85013907 0.36640900 1.47276294 1.06882203
-0.27768659 -0.56263328 -0.98271692 -0.05387500 -0.56335700 -0.78264803
0.53757401 -1.63669146 -0.32427895 0.23063800 -1.94818401 -0.04288200
-0.04077693 -0.28483399 -0.21408298 -0.20203400 -0.45083499 -0.57324600
-0.39380337 2.36247215 0.49068785 -0.41160101 2.44551396 0.34171900
0.61629863 0.75362716 -0.16593569 0.77830201 0.79699898 -0.19150101
0.15722999 -1.04101418 0.15367562 0.21714699 -0.94804198 0.32731101
-0.35598652 -0.39384282 -1.45157732 -0.33470899 -0.49227399 -1.52544498
-1.08660558 -0.70377330 0.44684873 -0.77010000 -0.37373900 0.38003501
-0.26832655 0.09809828 -0.33503142 -0.35674801 -0.11176400 -0.35287601
0.90594650 -1.13436068 0.65552563 0.58846200 -1.42682004 1.02536905
-0.38718075 0.31237453 -0.16110680 -0.27892900 0.00678000 -0.22898600
-1.32068811 1.10222475 0.30137969 -0.68031400 0.80192000 0.50657600
-0.07315744 1.42492704 -1.74626340 -0.44669801 1.32480395 -1.88370204
-1.04261891 -0.85711202 -1.77099187 -1.26099706 -1.26890695 -1.64261699
0.21558883 0.24700064 -0.43195433 0.35507500 -0.08104000 -0.33626300
-0.32794490 0.36431515 0.08216272 -0.65063798 0.26582199 -0.46638700
0.82952012 0.82460426 0.06017354 1.04684603 0.62965298 0.14775801
-0.28135101 -0.44590647 -1.12853191 -0.57224500 -0.58360398 -1.11758494
0.04255200 0.08087036 0.10710720 0.06449300 0.18054099 0.62219399
0.07895355 1.03714717 1.64249323 0.08207800 0.70412499 1.49059105
-0.76290254 1.04530118 -0.56567586 -0.58391702 0.84856498 -1.01622403
0.20870895 -0.14088215 -0.27392410 0.52922499 0.12608400 -0.34678701
-0.17021118 -0.42751926 -0.02255858 -0.21079700 -0.42430499 0.47617599
-0.60670594 0.46180085 -0.10426361 -0.97938597 0.01701200 0.15157899
-0.20241488 0.70721010 -0.26074150 -0.24991700 0.46842599 -0.65178698
-0.70170500 0.44841515 -0.44470192 -0.86487502 0.79216701 -0.32491601
0.52111761 0.02484001 0.33704937 0.54343998 0.05909200 1.02026403
0.06902540 -0.91434100 -0.25485561 -0.05458400 -0.41695601 0.00740000
-1.12136449 -0.02124970 0.60835755 -0.81534302 -0.35909101 0.50107199
0.25647139 1.25180799 0.78698659 0.24487101 1.87381601 0.46656400
-0.24517264 -1.10228869 -1.26932026 -0.36306599 -0.66914898 -1.05979300
0.64665700 0.88608300 0.45767825 0.48142701 0.99723899 0.24282300
0.74786040 1.07554432 -1.09432803 0.57019597 0.90056503 -1.02814198
-1.77571867 -1.18611374 -0.63518407 -2.00123692 -1.08008802 -0.67179900
0.30204980 -0.73114666 -0.11028749 0.21290600 -0.46433201 -0.06807500
-0.16481727 0.53198880 -0.14772958 -0.26636201 0.88709497 -0.83083802
0.75134448 0.54183032 0.44236971 0.85987097 0.05540100 0.53303999
-0.17934297 0.10119566 0.38557951 -0.20430300 0.35407299 0.53795999
0.24432205 0.50603021 -0.66617177 0.40926600 0.59537101 -0.84365302
-0.10530008 1.00727467 0.49276673 -0.21602300 0.90450299 0.62392002
-0.53118558 0.15927913 -0.10411443 -0.78329200 0.27811101 -0.14636700
-0.24880927 -1.25398141 0.72377751 -0.19399600 -1.32814097 0.83143598
0.04430907 -1.85597741 0.02122097 -0.24564400 -1.64233506 0.75128698
0.33165874 1.00688717 0.24277582 0.34832600 0.78786701 0.02846600
0.36308970 0.59118473 1.09570543 0.00277800 0.87189001 1.25123501
0.33177917 -0.52507956 -0.08062199 0.58683401 -0.28233799 -0.26077101
-1.01060730 -0.35705680 -0.06441093 -0.84394002 -0.16812401 0.21983799
-0.68480187 0.77352597 -0.08149940 -0.69831502 0.56578702 -0.04402000
1.00446731 0.23975865 -1.09185591 1.29647601 0.24952701 -1.23701501
0.16162941 0.30986072 0.33490343 0.07791600 0.24191201 0.51415199
-1.24335975 0.49186628 0.22174218 -1.04965496 0.52024502 0.69902098
0.25064748 0.32401072 -0.32967982 0.42792299 0.05482100 -0.99584001
0.49684062 -0.73159221 -0.56203334 0.75612301 -1.13762105 -1.04072201
-0.68254704 -0.61559021 -0.79305997 -0.82136703 -0.27190000 -0.56508398
0.34559963 -1.30504256 -1.06001570 0.34906399 -0.95200598 -0.75216502
-0.18727450 0.42796539 0.29675848 -0.00816500 0.22249199 0.01119800
0.58159191 0.98127628 -0.17090430 0.58069599 0.58116001 -0.41795200
-1.07140272 0.50810339 -0.32180978 -1.22904301 0.79096299 -0.46752599
0.46138410 0.52875696 0.09514748 0.68360603 0.19796200 -0.19947600
1.44418795 -0.79687346 0.40278417 1.55669200 -0.77890903 0.30489701
0.93635160 -0.28883154 -0.24274305 0.71892202 -0.55221599 -0.12012000
0.49949075 -0.15951171 0.84852152 0.79652900 0.17994100 0.77010399
0.99784471 -0.16239780 -1.04633830 0.48662701 -0.00951200 -0.66881198
-0.64832602 0.06937329 0.70181287 -0.21118900 0.00334200 0.31512499
-0.90019838 0.34555738 1.22698331 -0.87401098 0.01469900 1.27690697
0.07375599 0.02290733 -0.54628730 -0.07681800 0.41435799 -0.43347001
0.23986881 0.20993313 -0.35470166 0.33451301 0.08316900 -0.35828701
-0.09790786 -0.59562860 0.98822722 -0.05562000 -0.36987701 0.94470102
0.37272571 0.17958320 0.20903893 0.38924199 0.64554000 0.32030001
-0.60706451 -0.89461218 -0.02180324 -0.74710202 -0.93508899 -0.00521400
-0.19791395 -0.26529607 1.67118886 -0.14700601 -0.53523803 1.47742796
-0.42802247 1.45625956 -1.32224283 -0.14455600 1.74398303 -1.23993897
0.64141529 -0.14959265 0.38000608 0.69158000 -0.33639899 0.31391901
-0.13746572 -0.42046697 -0.09487958 -0.00347700 -0.23779701 -0.38632700
0.45245754 -0.72839206 0.33892646 0.56692803 -0.48998100 0.29005799
-0.05248656 -0.82046844 0.04759305 -0.13929400 -1.16876304 0.06026900
0.18702243 0.94047181 -0.94262657 0.06380500 0.82738298 -1.09763801
0.19869064 0.12714269 -0.78120285 0.26594499 0.57707399 -1.01131201
-0.16616587 0.09691300 0.33814451 -0.53685200 0.18822800 0.45688400
1.73982196 -0.07704988 1.15078509 1.98653400 0.03844700 1.14011002
-0.25860207 -0.73445566 -0.13048420 -0.42947099 -0.44329900 -0.27522799
0.72303066 -1.11248745 -0.42829053 0.33395600 -1.35915303 -0.28902900
0.03618561 -0.65774817 1.02069605 0.13292100 -0.64376497 0.93095201
0.03908098 0.49483519 -0.48681092 0.10179400 0.93801701 -0.46093300
-0.35611671 0.23723049 0.49844283 -0.18848300 -0.05273100 0.67876297
-0.06275444 0.24317708 -0.06815775 -0.20590401 0.47796300 -0.03214500
0.49381080 -0.10823453 -0.45536405 0.39989001 0.09088700 -0.59188598
0.62294164 0.51828730 -0.51393830 0.62844199 0.50840598 -0.38473001
-0.36820724 0.49866363 0.75538398 -0.40992200 0.46715900 0.56645697
-0.57106155 -0.98968924 0.91075013 -0.50927502 -0.67183000 0.92259300
0.58009679 -0.43394638 1.58570047 0.55378401 -0.42221099 2.19498491
0.04912369 -0.97013918 -0.61341083 -0.05210600 -0.82517600 -0.60079300
-0.16932958 -0.83949676 -0.26127217 -0.26799399 -0.80779499 -0.48733401
0.48717085 0.28535025 0.48672221 0.51525497 0.15321000 0.60375601
-0.14465041 -0.02242375 -0.25177091 -0.15113300 -0.06780200 -0.15778700
-0.12477239 -0.36242177 0.26056084 -0.17413799 -0.31738999 0.63695502
0.16708029 -0.50843038 -0.05170376 0.19616200 -0.64869702 0.06535700
0.78766519 -0.22981086 0.53693633 0.89800799 -0.16664200 0.44775701
1.06207793 0.37168114 0.38662923 1.14158201 0.51254702 0.21792901
-0.12606987 -0.06371972 -0.32681756 -0.04365000 0.03211900 -0.28145301
0.49375288 0.17768773 0.68356084 0.29348299 0.27358499 0.37977400
-0.27147182 -1.19357647 -1.01405605 -0.15808401 -1.02463102 -0.98937398
1.49940045 0.36125383 -0.51937385 1.44283402 0.28902599 -0.46514201
-0.55530108 0.33197089 -0.85620517 -0.57492602 0.52981699 -1.09993601
0.05456251 0.11694223 -0.31891187 0.12783299 0.10173200 -0.47072300
-0.53100294 0.92057499 -0.27510915 -0.63917202 0.85210598 -0.02021100
-0.07573844 1.38583377 0.74416509 -0.01402200 1.12668395 0.48870799
-0.12475133 -0.01415853 0.09518363 -0.04348200 -0.16753700 0.48992801
-0.30204387 0.61510779 0.07875877 -0.46278900 0.53316998 0.15606201
1.57198904 -0.72907943 0.92265483 1.78674603 -0.75800401 1.13342404
-0.48516231 -0.15297741 -0.11683601 -0.48803201 -0.03732200 -0.19118300
0.20846211 0.91504394 0.29566823 0.38642800 0.81748599 0.50634301
0.45931720 -1.78908545 0.71170668 0.32786101 -1.77713895 0.57216197
0.03551843 1.11514818 0.56269339 0.05950500 0.78738701 0.37243700
-0.74201663 0.28381787 0.48040328 -0.79567099 0.07108900 0.91072702
-0.11655061 -0.30166982 0.62712116 -0.25526199 -0.21122999 0.63640499
-0.38476049 0.42138822 0.39621886 -0.42529100 0.60350800 0.41912201
0.28991920 0.90371701 0.23721969 0.33392799 0.38916600 0.36098301
0.31498111 -0.69869302 0.47463663 0.18371600 -0.78517401 0.65913200
-0.25836663 0.50971019 -0.34338768 -0.25634101 0.35441199 -0.25469601
-0.01359041 0.55412408 -0.66265497 0.03172900 0.55874503 -0.71806699
0.05519218 0.22523673 0.59883776 -0.10884800 0.14684799 0.68327200
-0.64781868 -1.18680466 -0.23935059 -0.79703897 -0.90298498 -0.16226500
0.65282531 -0.62499068 -0.63979398 0.62864202 -0.96018201 -0.45114601
-0.01439694 0.07047364 1.38031439 0.14105000 0.05504700 1.31300402
-0.04454558 -0.00036092 -1.06069507 0.09779000 -0.09700100 -0.99774802
0.43510263 0.27942213 -1.55407175 0.61460102 0.17952301 -1.53067899
-0.46779003 0.01020036 0.71438856 -0.62288302 0.07130400 0.62617701
-0.39689944 0.96994797 -0.11437563 -0.46106401 0.92550898 -0.34371999
0.52873936 0.39235291 0.38448575 0.50777602 0.25050300 0.61695200
-0.20459909 0.20576140 -1.47270183 -0.02862900 -0.00592500 -1.79738295
0.20354260 -0.89551232 0.02985419 0.14639699 -0.77664798 0.17021200
-0.27661841 -0.52790097 0.39262307 -0.28229100 -0.51134998 0.63247597
0.12886204 0.17549817 0.93512332 0.27283901 0.16366699 0.99467301
0.10007688 -0.20531749 -0.06074758 -0.01930200 0.13030700 -0.13884699
0.30016305 -0.52144468 0.16252994 0.27976400 -0.57539999 0.25968301
-0.18552429 -1.27143365 1.09215654 -0.12173200 -1.21609294 0.76826698
-0.21266657 -0.81551152 -0.28483363 -0.06157800 -0.44623101 -0.28700900
-0.12550868 0.07740837 0.15971724 -0.14827199 0.11843500 0.49126601
0.47812316 0.25739196 0.42054879 0.58271700 0.12274500 0.18573800
0.26433510 -0.56284608 -1.01500312 0.08637100 -0.38519499 -1.12360704
0.09120101 0.48864049 -0.18367419 0.22990900 0.51037699 0.00795000
-0.07743919 1.29165350 0.35637347 -0.23351300 1.25253201 0.54022402
-0.00214701 -0.57280150 -0.07138393 0.03708900 -0.35627401 -0.32827201
-0.62423270 0.17289137 -1.01230350 -0.70570999 0.03160600 -0.84952301
0.24157832 -0.44679287 0.12318311 0.10254800 -0.12232300 -0.26498601
-0.38402897 -0.04553314 -0.15031716 -0.33978701 -0.10728400 -0.36078399
0.09766485 0.54821921 -0.07926220 0.00662300 0.48790300 0.11286500
-0.01094416 0.16084174 0.38860245 0.02768200 0.10726600 0.30510700
0.23433554 -0.72533461 1.14345100 0.24800301 -0.69269699 1.21059096
0.18223036 0.21629330 0.27349421 0.60565400 0.15118800 0.12372500
0.02711933 -0.56791187 0.23571913 0.11227700 -0.69799399 0.22882500
-0.10018704 -0.25411456 -0.17251958 0.18938901 -0.23097099 -0.44700500
-1.51638736 0.76298037 0.10367408 -1.57760596 0.68225902 0.23590299
0.18321537 0.03070231 -0.46234878 0.09196600 -0.02523400 -0.60939699
0.36503801 -0.24840158 -1.44165577 0.03872900 -0.24125101 -1.02368605
0.13729572 0.09778631 0.78263163 0.28687099 -0.00342600 0.88148099
-0.72108437 -0.96416112 -0.82157646 -0.82362902 -0.79427701 -1.11264205
-0.80892913 -0.11919886 -0.27372424 -0.52444202 -0.28657600 -0.53710800
-0.13302718 -1.18708037 -0.87109035 -0.27231500 -1.33195698 -0.76035100
-0.52718924 0.79934793 -0.09943759 -0.41725999 0.80425501 -0.47550201
0.60083458 -0.43867284 1.82706465 0.51786798 -0.48809001 1.88636696
-0.78552210 1.16447633 0.96391308 -1.02978098 1.30675495 1.44491398
0.49325264 -0.83615271 0.55729990 0.46879199 -1.09826303 0.60120797
-0.23053373 1.48216563 -1.09721066 -0.58900797 1.55995297 -1.36340499
0.63024638 -1.43946616 0.77301959 0.56056601 -1.30262399 0.93849301
1.00648394 0.99493584 0.82410668 1.08956099 1.19866598 1.79659796
0.68087043 -0.52136996 -0.24283522 0.34167600 -0.40443599 -0.74799401
0.84628151 0.13117693 0.19974662 1.11724102 -0.12444200 0.13138799
0.41354030 -0.15342521 0.64166768 0.44766700 0.14434700 0.71650100
-0.15903479 0.73393821 0.07238844 0.14487900 0.69244897 0.39282599
-0.77442981 -0.34872180 -0.35456611 -0.79950303 -0.06695000 -0.55440402
0.91970377 0.38443533 1.24606495 1.07872701 -0.08654000 1.24684405
-0.55187660 -0.50083088 1.17429108 -0.79057699 0.09013300 0.88055700
-1.56812600 1.04296237 -0.31548367 -1.46527100 1.43284202 -0.53181899
-0.77209941 0.51432261 0.10666844 -0.49819899 0.39613101 0.18997499
-0.86377038 -1.50553545 0.93998883 -1.09860003 -1.77030897 0.74811500
-0.03068874 -0.07063607 0.46260387 0.11148700 0.41010600 0.44959000
-0.45749514 -0.47430216 -0.25986233 -0.51027697 -0.67681301 -0.38286799
0.20612002 -1.23440194 -0.80653620 0.10981000 -0.91523701 -0.96458501
0.46515461 -1.37085288 0.97494322 0.50247103 -2.18996596 0.84818000
-1.50473283 -0.79903476 -0.03786847 -1.56453395 -0.26971400 0.05035600
-0.69016829 0.76151653 0.06873337 -0.87537098 0.88035297 0.23979400
0.81761729 0.66380143 0.09851697 0.57791603 0.74022001 0.03758700
-0.08752599 -0.24181002 -0.11279722 -0.02716300 -0.79257900 0.02084300
0.34504059 -1.59888697 0.85806462 0.35598499 -1.08888495 0.73387402
-0.34999985 0.78224150 0.12124894 -0.43888900 0.72906297 0.16371900
-0.74017836 1.04576631 0.08396852 -0.71825898 0.62271303 -0.02592200
-0.07884415 0.74458795 0.06676247 -0.10220700 0.78523803 -0.18715300
-1.03776868 -0.30962596 -0.05209627 -1.08828604 -0.30177099 0.03617900
0.60444746 -0.15788987 -0.82678323 0.27928701 -0.12968101 -0.67549002
-0.24886854 -1.19711548 -0.02576200 -0.08115100 -0.84156197 -0.14936200
-0.32951506 0.43747673 -1.10484401 -0.32668099 0.32089600 -1.49653995
1.31089490 0.87272125 -0.73894886 1.27191699 0.84526902 -0.39169499
0.64574749 0.24392748 0.57482061 0.65665501 0.46180600 0.96084899
0.67946546 -0.66212386 0.04467939 0.59171098 -0.64050102 0.21712700
-0.16797911 1.10008744 -0.50019065 -0.39917001 1.20963395 -0.54280299
-1.15908463 -0.02192809 -0.12758138 -1.54724205 0.05414900 -0.25982100
-0.97218383 1.23185066 0.00043040 -1.02947605 1.21204495 0.10927700
-0.42688008 -1.16272336 -0.50426928 -0.55147201 -1.05327904 -0.47184899
1.22774264 1.64377445 -0.78574363 1.54801095 1.66620696 -0.79764700
1.11368573 0.19158709 0.42691100 1.24782896 0.63237298 0.63000798
0.17635569 0.62243936 -0.32647036 0.15621001 0.99633503 -0.51524198
-0.40680734 -0.05092116 0.59148449 -0.20283900 0.17739600 0.41576299
1.33782818 -0.31227640 -0.54332649 1.60201299 -0.39157599 -0.68250602
0.61684131 -0.40710477 -0.69489900 0.69585299 0.21550301 -0.59786302
-0.49620305 -0.09686683 -0.61579624 -0.36052200 -0.03167700 -0.36752000
0.63388454 -0.76022446 0.74827149 0.69279301 -0.61684602 0.86657399
-1.05445189 0.50557915 0.30881809 -1.26775599 0.38944799 0.29529500
0.89136056 1.01959030 0.33412654 0.94404101 1.49876904 0.33561400
0.57817658 0.29587446 -1.05495256 0.88891602 0.15489499 -0.80599201
-0.46860819 0.80325694 1.06199156 -0.75556898 0.48981401 0.67042899
0.08275835 0.29985675 0.00426054 0.02063600 -0.15963100 0.28186899
-0.44049100 0.59648297 -0.40029743 -0.46278301 0.65682602 -0.25291100
0.05507190 0.29612097 0.40105741 -0.01811000 -0.06491200 0.52046800
0.86723594 -0.50348658 -0.11437114 1.13176596 -0.47497001 -0.06383600
-0.14157271 -0.54637274 0.61454140 0.02504700 -0.90392900 0.59910798
0.14453642 0.03529587 -0.21268170 0.19575100 0.18199900 -0.11850900
0.79144784 -1.12568906 -0.07319149 0.62937999 -1.21578395 -0.09266500
0.82302362 0.84474116 0.98073700 0.74834901 0.33892599 0.37799799
-0.56814906 -0.70754930 0.77435266 -0.56300098 -0.79331398 0.48944199
0.06888222 -0.43729851 0.23675653 -0.09309600 -0.47744399 0.56694698
0.54102280 -0.78567438 -0.45756211 0.76969498 -0.75988299 -0.27015701
0.66522794 -0.10769811 0.24491076 0.65468001 -0.62340701 -0.07973900
0.43507345 -0.70110499 0.09178342 0.43155599 -1.04563403 0.19970000
-1.26722171 -0.47478908 -0.85880100 -1.16515303 -0.45604599 -0.70484102
-0.22878985 0.08825018 0.78633030 -0.12471900 -0.07819800 0.70549798
-0.10770128 0.15338579 -0.46425644 -0.07654300 0.16102301 -0.41219100
0.33858653 0.98192991 0.59679834 0.36354700 1.42628205 0.52021903
0.98063690 1.71365368 0.59385359 1.02728701 1.51754797 0.69704199
-0.06151847 -1.03295264 0.13526010 0.02845500 -1.25110900 0.05712800
0.22313236 0.65154537 -1.29830478 0.31231999 0.56623697 -1.54368103
-0.49574257 0.17828581 -0.79867405 -0.51417398 -0.05543000 -0.95018297
0.07756838 0.40393656 -0.38370791 0.13722201 0.27574500 -0.25290000
-0.66903649 0.22789974 -0.19685096 -0.60298502 0.40408799 -0.42948401
-1.03526080 0.50225170 -0.28183019 -0.97257501 0.14526500 -0.00964300
-0.66100513 0.30858554 -0.51631461 -0.60458702 0.10373600 -0.81917000
-0.16686871 0.26817963 -0.59741015 -0.19710800 0.25603500 -0.92277497
0.94225290 0.12443111 -1.37764055 1.27845705 0.20445301 -1.54539299
0.54973999 -0.56231800 -0.05786253 0.72064298 -0.52228498 -0.15078001
1.16614946 -0.11204473 0.66476012 0.99371803 0.00539700 0.59158802
0.51669349 0.10340274 -0.17595568 0.62566102 0.06149500 -0.04672500
0.62587079 -0.06176850 -0.52901530 0.49317700 -0.11724000 -0.54136097
0.32958090 1.60340710 -1.69651667 0.35089201 1.31609094 -1.74641001
0.03850416 0.55371758 -0.14358260 0.08800000 0.58583802 -0.25930500
-0.91322329 -0.16799124 0.68033753 -1.15305197 -0.19981100 0.72052503
-0.41983920 -0.16571210 0.24054950 -0.60482901 -0.16016901 0.16019900
-0.00645755 -0.95751628 -0.46453511 -0.18637800 -1.08301198 -0.34638500
0.73816528 0.50507525 -0.45010852 0.67684299 0.42199299 -0.52117503
-0.08685501 -0.14423003 0.21296442 -0.03559200 -0.34096700 0.40500700
-1.28889936 -0.01264895 -0.99911614 -1.50761902 0.22244200 -0.89847898
0.12557374 -0.01757554 -0.24962805 0.06221600 -0.03331300 -0.18375300
-0.47624734 -0.66435277 0.15296518 -0.56335402 -0.35483199 0.13987800
-0.56754041 1.41109295 -0.03648420 -0.59069502 1.16121602 0.16097599
0.19143225 0.06083162 0.79363826 0.18721400 0.13840000 0.28015199
-0.33776173 0.13765227 0.15237829 -0.23133300 0.04356700 0.56226897
0.48933261 0.88803038 0.47436487 0.51759702 1.08410597 0.27662799
-0.44886088 0.00700983 -0.18193122 -0.49280399 0.00351400 0.07709700
1.35241921 0.50518454 0.37049461 1.35229099 0.80482501 0.27941999
0.44839130 0.37579982 -0.73578836 0.53498101 0.07144300 -0.51514602
-0.15715304 -0.57723589 0.70780096 -0.20956901 -0.38361999 0.43735299
-0.34631599 1.56321040 -0.57928750 -0.17486501 1.23013103 -0.38483500
-0.79370387 -0.37106869 0.31923319 -0.97377300 -0.35815701 0.36857301
-0.15967599 -0.31439607 0.60094875 -0.11641100 -0.18050399 0.53876102
0.47959270 -0.85966510 0.11522860 0.51873100 -0.56274098 0.01352000
0.79849177 -0.87078083 -0.49682215 0.87472397 -0.89285302 -0.16130100
-0.24528177 -0.42230188 0.63472663 -0.11265600 -0.61459601 0.66750598
0.10638995 -1.07356513 0.13253439 0.19730200 -0.85458302 0.35499901
-0.04614909 -0.05260398 0.72125032 0.03332200 -0.24141701 1.09960198
-0.92067244 0.21200189 -0.65766406 -0.93424898 0.41045600 -1.10040498
-0.70799069 0.88764199 1.13548058 -0.39998099 1.18669605 0.99647301
-0.07802054 -0.31697776 -0.36101420 -0.15327400 -0.44385800 -0.26625401
0.19785923 -0.43045279 1.31625470 0.03808200 -0.50565797 1.27610397
0.19259038 -1.91620364 0.17655418 0.23528101 -1.75066602 0.17247801
-0.29954503 0.11554796 0.18914141 -0.38440001 -0.05097700 0.02795800
0.03902306 -0.47325899 -0.21312123 -0.00476500 -0.35161000 -0.20929299
0.15495849 -0.56479624 -0.58148265 0.16694801 -0.46250400 -0.78065902
-1.75075896 -0.13865458 -0.53646417 -1.80587196 -0.37334800 -0.41487700
0.52187480 -2.00729470 0.78691460 0.46660900 -1.97886801 0.53752702
-0.43535960 0.19268818 0.49352693 -0.18712100 0.16325100 0.65556198
-0.47795235 -0.36877340 0.02452124 -0.63932103 -0.44991401 0.19634899
-0.80123450 0.02194812 -0.01745854 -0.92750001 -0.10201800 -0.29093799
1.20925654 -0.86417030 0.02096134 1.21278501 -0.75997400 -0.20580000
0.48280539 0.49592329 -0.16120023 0.70258498 0.26881900 -0.03784300
-0.22614479 -1.56688697 0.74168812 -0.18599100 -1.61841702 0.66196197
-0.95487603 0.72688970 -0.55264042 -0.84922099 0.61280102 -0.47001600
-0.19604684 -1.04843170 -0.27098036 -0.19244000 -0.94113302 0.24968299
-0.45254854 -0.32036511 -0.27596836 -0.50371200 -0.36389300 -0.26817101
-0.15016481 -0.59338758 0.24930000 -0.10826200 -0.54248399 0.10960200
0.50376241 0.53861217 -0.34287637 0.47747400 0.48655400 -0.20976400
-0.08332593 0.83474911 0.43306878 -0.15094700 0.66979700 0.23555000
0.54106209 -0.65851478 -0.40933000 0.37441501 -0.89888102 -0.23565200
-1.18822190 0.34245264 0.57594501 -1.26840794 0.29714200 0.44485900
-0.29454599 0.40829756 -0.95218492 -0.24508400 0.20179200 -0.94414699
0.14591855 -0.52963891 0.22335336 -0.04105400 -0.26576900 0.02687600
-1.01535954 -0.00317713 -0.42439366 -1.24823594 -0.21893901 -0.41062799
0.20267985 -0.88112849 0.18442830 0.02745500 -0.85523099 0.19512799
-0.32497804 0.53793086 1.39975656 -0.30626401 0.38821900 1.54471302
0.40739391 0.52400029 0.38463930 0.54512298 0.40613201 0.61698198
0.27257121 0.24836547 0.59159246 0.22416601 0.28220701 0.41818899
-1.02800986 -1.35246350 0.55146783 -0.87603700 -1.12358403 0.27710599
-0.79288127 -0.45115791 -0.50363574 -0.60151601 -0.72197300 -0.30414400
0.15800062 0.20851304 -1.19048645 0.17514800 0.45061100 -1.39339995
0.14701308 -0.42067047 0.35004080 0.05611800 -0.28605700 0.51142198
-0.54554552 0.03473357 0.22088877 -0.55069900 0.02207800 0.42896101
1.17686393 0.45749313 -0.23125221 1.24726903 0.40186700 -0.48097101
0.64649582 -1.30131392 -0.21077999 0.50699699 -0.97352397 -0.28416100
0.41645952 0.48328107 -0.09655763 0.61249602 0.25386399 0.04330000
0.38631649 0.75484325 0.22167633 0.22621500 0.80824202 -0.10623000
0.13063118 -0.81881657 0.17077008 0.12633000 -0.50800902 0.65271902
0.71433385 0.10599219 -0.18251938 0.85176003 0.01575000 -0.15297300
0.08012367 0.97081283 -1.31513034 0.09610200 1.04556596 -1.86578405
-0.30128253 0.55151295 0.99747434 -0.17592400 0.66289699 0.79428601
0.37134780 0.58873642 0.05642818 0.41689700 0.33508000 0.14954300
-0.08717106 1.90684696 -1.14317227 -0.23720400 1.88220799 -1.02838898
0.14448678 1.05033917 -1.03739259 0.09203400 0.94696498 -1.06819701
0.16075536 -0.13500012 -0.50201923 0.24182799 -0.01423300 -0.46260601
1.88748911 0.30875647 1.31465057 2.04274297 0.37794700 1.38942099
-0.01777684 -0.61357973 -0.14794397 0.07272800 -0.46559000 -0.26879099
-1.01774743 -0.85025866 -0.53909513 -0.96072000 -1.02611995 -0.32123700
0.32072347 1.13294242 -1.14819410 0.34289601 1.31556499 -1.07699895
-0.54746390 -0.75559993 0.39143826 -0.62150198 -0.45507100 0.48475701
0.09132798 -0.13890927 -0.07257437 0.08691900 -0.00488600 -0.14779100
-0.56690834 0.20302084 0.12782788 -0.46900201 0.65563703 -0.60654199
-0.72783551 0.16220812 1.06592337 -0.31999600 -0.24345700 0.93980700
-1.91878392 0.07914316 0.43423275 -1.87810194 -0.07730900 0.80791199
-0.83133904 0.17716745 -0.89142793 -0.33669201 0.49534601 -1.15599096
-0.43333843 -0.14117590 -0.26721013 -0.23667800 -0.05303300 -0.72114301
-0.74910430 -1.29048344 -0.36729793 -0.67767900 -1.54711497 -0.63728303
0.55890487 0.00509252 1.11996914 0.64509302 -0.22598501 1.53417206
1.26491629 0.42772313 -1.29877443 1.02164400 0.27481100 -1.41811800
1.22095939 0.20284581 2.06768816 1.22167397 -0.20685300 1.83076298
0.52373578 -0.56070301 0.80610267 0.32480699 -0.95960599 0.84771198
0.54691786 -0.68531094 0.92596735 0.90430599 -0.64486498 1.22722995
1.00970636 0.80415808 0.44490312 1.22891295 0.50647700 0.85241002
0.04843214 -0.26221720 1.01476350 -0.51468098 -0.39676201 1.10050905
-0.60892865 1.05237937 -0.44705329 -0.54725701 0.69013101 -0.48306900
-0.88427919 -0.54676375 -1.12489203 -0.98424298 -0.26085401 -1.24431300
-0.60844650 -0.99778753 -0.94557410 -0.39784801 -0.83561999 -0.75188398
0.07598659 2.04954247 0.60027772 0.08587600 1.84635699 0.16474900
0.63894543 0.69552746 -0.90968226 0.81794798 0.42295200 -0.99810100
2.18804268 -0.64941689 -0.62826248 2.30180597 -0.37259701 -0.78013599
1.17967479 0.38575124 0.04848055 0.86975801 0.15856300 0.22438100
-1.05788041 -0.57375104 0.32350386 -0.96455300 -0.62922698 -0.28652900
0.14927291 0.19408026 -0.17922707 -0.06255400 -0.27895001 -0.12030800
0.20155614 0.42740874 -0.03526120 0.41394100 0.69446301 0.11601300
-0.44752957 0.10515700 0.20223863 -0.29914600 0.24382100 1.01515698
0.74773962 0.21765224 0.08969789 0.79636300 0.13892300 -0.34689799
-0.34625340 0.20349850 -0.99525963 -0.40841100 -0.04351200 -0.74185699
0.16852844 0.03190280 -1.61383009 0.13913301 0.20389099 -1.27959895
0.96017265 0.10931937 1.08085315 0.88372302 0.40325001 1.63771605
-0.51041921 1.27215440 0.71774304 -0.50892699 1.35293901 0.27490500
-0.33476056 1.28699784 0.18107571 -0.33624601 1.25021994 0.08502600
0.29262468 -1.40953781 1.04327112 0.45825899 -1.44493604 1.12241995
-0.51346088 0.43904484 -1.06112200 -0.59091198 0.74929100 -0.80302298
-0.12515932 0.38029312 0.15859569 -0.09712200 0.35154799 -0.02172100
-0.08647160 0.81025298 -0.37827914 -0.27326801 0.76794100 -0.76222497
0.48804591 -0.65600626 -0.31418528 0.37321699 -0.41914999 -0.17195700
0.06311212 0.06094836 -0.12240102 -0.01772400 -0.02775100 0.26386601
1.35286426 1.22012802 0.50604799 1.30355203 1.18101096 0.46019000
-1.60283704 -0.11311882 -0.67557924 -1.59503305 -0.12489300 -0.81157500
-1.16822760 0.37077852 -0.63487029 -0.88195801 0.60171002 -0.56000203
-0.13045058 -0.97214061 -1.24746528 -0.34799001 -0.97941399 -0.83388197
0.00493479 0.85243280 1.09227766 0.22530200 0.89699203 0.74790800
-0.10885864 0.59581747 0.08958234 -0.14883800 0.62677199 0.37373000
-0.47345996 -0.32020165 -0.83605858 -0.81042999 0.13186400 -0.74689001
1.62003213 0.32050151 -0.71407273 1.31066000 0.08149200 -0.22184600
-1.16872342 0.65504980 0.30079200 -1.16830003 1.14519000 0.10785200
-0.46870779 0.92446357 0.06213981 -0.28631201 0.65678501 -0.19866499
-0.11854343 -0.71234112 0.33044454 -0.27348199 -0.46978301 0.37503499
-0.93516176 0.42481676 0.24247517 -0.94360602 0.50697303 0.04568200
-0.24750923 0.22103351 0.99452438 -0.27028599 0.00801400 1.03139305
-0.46476936 0.31949471 -0.69360992 -0.39888999 0.01714900 -0.99741101
-0.24611502 -0.44313679 0.01010852 -0.50679898 -0.11528000 -0.07284600
-0.32687603 -0.32514844 -0.84826409 -0.23913901 -0.29429799 -0.79457700
0.05656142 0.53497767 1.01613081 0.09761700 0.29504800 1.07303596
-0.87732040 0.47410154 0.85945022 -1.13323402 0.05370500 0.60423702
0.01045012 0.13835140 -0.65457885 0.05886000 0.41171500 -0.55815899
0.06194263 0.21824387 -1.68785629 0.20342800 0.17108400 -1.60293901
1.84438557 -0.62575049 0.48360643 1.57789695 -0.63816297 0.50356698
-0.60843803 1.12490413 0.03325012 -0.52487302 0.97111702 0.01950500
-0.63778852 -0.37427809 0.61628263 -0.81814498 -0.30231401 1.13036895
-1.70107667 -1.28793432 -0.76699760 -1.50161505 -1.17509699 -0.35481000
0.93536204 2.67718252 0.14700665 0.54813302 2.43652391 -0.42477399
-0.09598290 0.34324404 -0.07114499 0.20001900 -0.06966700 0.01792400
-0.76831188 0.30306089 0.46812338 -0.74702501 0.31251001 0.32155699
0.67569500 0.14884376 -1.25864939 0.55129200 0.11347800 -1.14639997
0.60672691 -0.54262794 0.54099080 0.61195701 -0.21975601 0.30101499
0.13465117 -0.17214362 0.16409935 -0.12183000 -0.08500800 0.09842400
-0.49943475 -0.89607050 0.11779204 -0.37963501 -1.08542502 0.28642699
0.00196883 -0.65580241 0.68785654 -0.20505100 -0.88773602 0.96073300
0.39834093 0.22929726 -1.77989646 0.20992599 0.46669799 -1.78052604
0.80889510 -0.53964041 0.10135877 0.63692999 -0.33127600 0.52279001
-0.14063578 -0.54749998 -0.61537090 -0.01897900 -0.23267600 -0.97139198
0.64882330 -0.80526048 -0.29898852 0.66418201 -0.76089400 -0.35182899
0.54978919 -0.54104052 -0.45833234 0.57408202 -0.95220298 -0.27544701
0.40343706 0.33261409 0.49392213 0.33850300 0.17750300 0.69166201
-0.07300499 1.67150954 -0.72978557 -0.20009799 1.68741798 -0.70024699
-0.52842687 0.87809835 -0.81812708 -0.74302500 0.74794501 -0.92852700
-0.68720631 -0.59384737 -0.07246051 -1.02306104 -0.50451601 0.01428100
-1.29554366 -0.52981830 -0.07513561 -1.34011197 -0.28178599 -0.29851601
-0.16852287 1.02063262 0.39062868 -0.41714600 0.50279498 0.45133200
-0.01813584 -0.36509685 -1.88311828 0.01303900 -0.14236200 -2.34370899
-0.51406791 0.81216327 0.03088601 -0.47907001 1.09819603 0.04896700
-0.03450821 0.20479872 0.23329566 -0.13889900 0.17162000 0.42451599
1.50768360 -0.73711229 0.67956768 1.89220202 -0.71754003 0.66676003
1.11292066 -0.37330618 0.06065768 1.12968504 -0.14229099 -0.11719400
-0.34702185 1.75035002 0.09280466 -0.23293500 1.82735503 0.24409901
-0.18810790 1.10560101 -0.40331249 0.07924500 0.99335599 -0.44196099
-0.09564733 0.26273646 -0.76017496 -0.25468200 0.50840300 -0.41916400
0.87115480 0.81233291 -0.08170979 1.09153295 0.75672698 -0.13819100
0.01917277 0.27381529 -1.35284134 0.18155500 0.19570699 -1.57470500
0.46408890 -0.58250990 -0.06337445 0.63919502 -0.16273101 -0.22286101
0.85415854 -0.78461053 -0.56788370 0.84383398 -0.72926098 -0.48044401
0.29613661 -1.26343003 1.22431969 0.18997800 -1.10666895 1.22311497
0.06286508 -0.68403461 0.94005767 -0.01941000 -0.50534302 0.87175298
-0.78013753 0.11988578 -0.58939400 -0.97567099 0.22279300 -0.67053097
-0.10418956 0.36953553 0.56471295 -0.13841000 0.40630299 0.43471500
-0.50979599 1.30232230 1.03394476 -0.58554101 1.38755500 0.90280497
-0.45528804 -1.16484033 -0.88667970 -0.46537900 -1.25110495 -0.72678602
0.03019285 -0.19915261 -0.60805960 0.12293500 -0.11075600 -0.78628701
0.07661027 -1.39604785 -0.93071048 -0.01609000 -1.25886703 -1.12808895
0.32859891 0.04692961 0.72388750 0.30822301 0.00918500 0.58508199
-0.21552686 0.05088251 0.03717837 -0.31196800 0.07493700 0.15949100
-0.43172246 -0.65421990 0.10053140 -0.27829200 -0.54413700 -0.16062699
-1.51006571 0.45529201 0.90003186 -1.44965601 0.59672898 1.04993606
0.55957371 0.44136306 0.06480731 0.53179997 0.44603801 0.21873900
0.23982074 -4.13596521 0.54554763 0.17550600 -4.15038395 0.37844801
-0.26665767 -0.09392564 0.41685317 -0.26968601 -0.23354501 0.60749900
0.25544814 -0.91667871 -0.22887727 0.35047099 -0.82181603 -0.14261000
-0.58638364 -1.05220180 -0.52025926 -0.64646399 -0.91591001 -0.59726399
0.30886494 0.08697052 0.87622128 0.31432199 -0.28769800 0.85602200
-0.05237644 -1.23313101 0.03247414 0.02194900 -1.38500702 -0.02970900
-0.13850364 0.31761793 -0.14088935 -0.10195500 0.37487099 -0.14289901
0.16511088 -0.06870387 -0.19697911 0.30110699 -0.13752900 -0.04662100
-0.32288555 0.56319176 -0.23969039 -0.28433901 0.51436198 -0.74300402
-0.00196506 0.47842331 0.55591412 -0.02585000 0.76869798 0.54365098
1.30549087 0.57858185 0.05062007 1.55501902 0.50077802 0.23130700
-0.03013502 -0.83517283 1.18848268 0.13647901 -0.86805600 1.21656704
0.34792080 0.67459716 0.71072730 0.10694600 0.59708101 0.79446101
0.15062565 -0.38578213 0.48353751 0.06109700 -0.71510601 0.76756698
0.97397667 0.15497979 0.84439609 0.92979801 0.34755999 0.83876902
-1.14156524 -0.65279731 -0.32439641 -1.08579695 -0.40309200 -0.35816801
-0.89123752 -0.13509319 -0.53910446 -1.13517404 -0.49637300 -0.48192599
0.02510250 -0.79625576 1.55206586 -0.09553700 -1.04782295 1.50478899
0.82941994 0.07050803 -0.30079301 0.80518800 0.29498100 -0.46280399
-0.25470113 0.10043739 -0.08243350 -0.36370200 -0.07008700 -0.31760901
1.32989129 0.24440885 0.42102795 1.60375702 0.22861201 0.52116603
-0.61803820 -0.54165901 -0.43330869 -0.27926499 -0.26740500 -0.57159799
-0.27083888 -0.93326168 -0.59621950 -0.24487600 -1.24296701 -0.72123998
-0.26753312 -0.60279378 -0.93999650 -0.44243500 -0.60645801 -1.06145406
-0.41001955 -1.18772611 1.56661784 -0.06523400 -0.95649397 1.32677603
0.57952424 0.15519056 -0.24632355 0.76550901 -0.05165400 -0.15056600
-0.43120562 -0.45642400 -1.23696050 -0.49276400 -0.33208099 -1.23307896
-1.25692635 -1.10802729 -0.28392279 -1.26864600 -0.83438897 -0.36212301
1.90049932 0.72687404 0.25182414 2.34750509 0.60483903 0.43667299
-0.30745973 -1.56676264 0.87542688 -0.19364300 -1.74880898 0.82426500
0.20872800 -0.66253521 0.51555611 0.15440001 -0.48212099 0.66451800
0.13024465 0.36257637 1.00970298 0.22282299 0.09811300 1.45650899
0.28415529 -0.08234211 0.54243800 0.41711700 0.01625900 0.62260503
1.22686740 -0.05254545 -0.08082140 1.13096905 0.01448300 -0.12267800
0.85450960 0.71391400 0.85885717 0.87576801 0.60458100 0.86722201
-0.01232390 -0.08141347 -1.40318564 0.02543400 -0.15290099 -1.26503003
-0.00255118 0.01921139 -0.48799285 0.01589400 0.01267600 -0.20010599
0.76757094 0.25737443 0.00450333 0.91231799 0.29184300 0.12684800
-1.03561733 -0.73689941 0.49746648 -1.30016899 -0.47495699 0.30806699
-0.13434243 1.99428026 0.97403815 -0.20204601 2.09659505 0.90128499
-0.21936504 -0.11202646 -0.40743219 -0.44838899 -0.24209499 -0.31690601
-0.39554193 1.51025190 -0.72130121 -0.29337901 1.38595402 -0.77335203
-0.00234837 -1.75670939 0.96326206 0.07190200 -1.60405505 0.86978501
0.40366055 -0.25422845 -0.27132259 0.32215500 -0.31038299 0.25153500
0.76208953 0.01147794 0.05557098 0.62570602 0.22267900 0.09815500
0.67540070 -0.44806289 -0.27182557 0.27617699 -0.51222497 -0.43751600
-1.68445172 1.33007904 -0.23278523 -1.80554903 0.93576598 -0.17188500
-0.15084051 1.01434122 -0.87641724 -0.02736100 0.66407102 -1.07942796
-0.03812499 0.35018728 -0.12330348 0.09898900 0.60005897 -0.28115699
0.06669426 0.54122943 0.48731535 -0.06556800 0.36507499 0.45886800
0.14690206 -0.43306426 -0.35422451 0.22967200 -0.24484999 -0.40595400
0.42061228 0.14885546 0.33117611 0.26746899 0.55562598 0.24124300
-0.62681424 -0.33959381 -0.32192619 -0.21946999 -0.34601101 -0.07650400
0.23212351 1.26015044 -0.53058722 -0.01597800 1.06688094 -0.53018397
-0.26007302 -0.68055841 1.60978417 -0.13198400 -0.52162099 1.67888796
-0.42424466 1.25828974 0.87014821 -0.86775202 1.33745897 0.95848697
0.62492634 -0.50355692 0.48525241 0.65103501 -0.87288898 0.62090302
-0.71995862 1.63073798 -0.91193096 -0.83463001 1.81708503 -0.95813698
0.86389813 -1.38151401 0.09222629 0.83998901 -1.15054500 0.28343299
-0.03869608 0.73849425 0.48618599 0.38439500 0.80373400 1.13845503
1.09460445 -0.47183094 0.18052763 0.76943302 -0.58436102 -0.02358300
1.63731621 -0.30238211 0.53196537 1.61329496 -0.37255600 0.57756400
0.15522631 0.75005289 -0.89387487 0.30284300 0.91116101 -0.86937600
0.91084681 -0.23657526 -0.07116922 0.83223999 -0.15352900 -0.22225501
-0.00324554 -0.54193063 -0.04298916 -0.10488400 -0.32675901 -0.22330201
0.95612183 -0.14419794 0.30780445 1.40098095 -0.19320101 0.42250001
-0.88607137 1.04336116 -1.44819335 -1.24105597 1.19973195 -1.63990104
-0.76356900 0.01361673 -0.01725793 -0.92480803 0.41883799 0.14690299
0.04788630 1.81539466 -0.18251943 0.25014901 1.84423101 -0.93619299
-0.63391937 -0.30072462 0.16840861 -0.97527403 -0.69746798 0.30310699
0.05236372 0.58304917 0.72471685 0.32563600 1.01119006 0.81583202
1.19889254 1.07112797 0.31185000 1.24356699 0.88505799 0.23938000
-0.03502712 -0.92716477 -0.23632498 -0.10159100 -0.66398901 -0.17313100
0.11344787 -1.43059344 -1.33972785 -0.16591001 -2.26967597 -1.35691094
0.08310946 -0.11278283 0.22782218 0.13505900 0.42611000 0.15651999
-0.63208296 -0.08080361 -0.42283119 -0.98171002 -0.14131901 -0.39134100
0.17516064 1.19273610 0.44171456 0.18095499 1.07819104 0.66980702
0.57717052 0.48429421 -0.20821630 0.84226900 0.24712300 -0.02256400
-0.40785331 0.66038063 0.64761349 -0.22680099 0.92153299 1.02361405
0.58752674 -0.33750926 -1.09772479 0.54017800 -0.20281100 -0.41676301
0.05006085 0.65162871 -0.60440692 -0.16577500 0.19627300 -1.06302702
-0.93225991 0.28526023 -0.57751553 -0.85334402 0.22403100 -0.60370100
0.49364931 -0.10779462 -1.28577005 0.46608600 0.02410100 -0.98336798
-0.37534805 0.20891523 -0.07964046 -0.42171499 -0.24333601 0.15583000
0.50398128 -1.37921466 -0.69790390 0.80353898 -1.60433900 -0.69999301
0.83027388 -0.57026157 -0.57558520 1.15941203 -1.23664904 -0.92816800
-0.27617057 0.17821571 -0.34449335 -0.61005503 0.44555300 -0.53681302
0.36398579 0.04073996 -0.12668844 0.53468102 -0.11309200 0.02691800
0.91436515 -1.24766171 -0.52784760 1.10869801 -1.26418400 -0.38923800
0.05280928 1.71656438 -1.23767080 -0.02516100 1.31694198 -1.20185900
-0.56439108 -0.24446948 -0.30996580 -0.73228103 -0.27269101 -0.27124700
-0.51133499 0.99373110 -0.28494754 -0.55163902 0.68848002 -0.42493400
-1.78223264 -1.42352993 -0.46343017 -1.82026601 -1.69413495 -0.92352903
1.09541322 0.63426384 1.15633166 1.46525395 0.87070298 0.98440599
1.51195400 -0.64998291 0.58022570 1.80391097 -0.43820199 0.48009199
0.40661666 1.47847576 0.34314018 0.60712600 1.83655095 0.22394900
0.81022034 -1.42321425 -0.68691401 0.41944399 -1.25739598 -1.24386597
0.33373202 -0.18740225 0.20322515 0.35477799 -0.52208102 0.24877100
0.26922402 -0.65069171 0.61338160 0.42650899 -0.36208400 0.65553999
-0.78732926 -0.41701902 -0.32070447 -0.82050800 -0.01847100 -0.00928800
0.91400363 -0.29253709 0.49224401 0.98500401 -0.45705900 0.59070998
-0.31024137 0.53252551 0.09070896 -0.59931201 0.52144301 -0.16326800
0.05128463 0.35346208 -0.01989632 -0.02462700 0.58766800 -0.02955500
0.25417695 -0.32004140 0.05918479 0.14205199 -0.37282699 0.53261298
0.02045015 0.36560461 0.01625093 0.02545700 0.18986399 -0.28184700
0.38874553 0.66479739 0.89989073 0.39559799 0.51335502 0.95140302
-0.44848670 0.86505983 0.78054029 -0.49043700 1.31126595 1.05001295
1.18881398 0.93307749 -0.56148266 1.42502403 1.02107000 -0.20941900
-0.27785474 -1.03834706 -0.41995045 -0.22144100 -0.99944800 -0.77108502
-0.39476005 0.64826664 -0.11922497 -0.56319898 -0.01311300 0.03257700
0.05200172 -0.30361393 0.54452333 0.09295100 0.10362700 0.67700201
-0.80849509 0.64557612 0.11938488 -0.92123997 0.71623498 0.15355100
-1.48517298 0.02375113 -0.07035320 -1.21028697 -0.08834700 -0.66233498
0.61192035 -0.37563724 0.06728340 0.47827899 -1.04813194 0.06130700
-1.38333164 -0.93424449 -0.11811581 -1.34039998 -1.01504600 -0.21884400
-0.29781695 1.36077692 0.41248398 -0.08576000 1.38975596 0.34674600
-0.20137050 0.20230847 0.86679924 -0.28119299 -0.00526300 0.30890700
-1.27338614 -0.61447058 1.52405832 -1.54867399 -1.14365399 1.41145396
1.22655733 1.23602940 0.39471728 1.33261395 1.60161805 0.47912300
-0.08090356 -0.28062131 -0.75952662 -0.20108099 -0.25696701 -0.82374102
-0.41080542 0.03109110 -0.17212098 -0.28964400 -0.06326500 -0.41235101
-0.09861563 0.16201030 -0.17117330 -0.05607400 0.45288000 -0.46988899
0.58978887 1.40275277 -0.31118739 0.60360903 1.03511298 -0.13739000
0.00411638 -1.71138437 1.12711440 -0.05076100 -1.84735298 1.06061399
0.13869859 2.03222924 -1.05801995 0.08275300 2.23959494 -0.79378200
-0.55406705 -0.47207353 -1.26628492 -0.53361899 -0.36401200 -1.32439005
0.30446302 0.15049815 0.56909378 0.31950101 0.04978500 0.57759303
0.45780762 -1.09051572 0.42382493 0.33466300 -0.91639698 0.12595201
-0.41618489 -0.24950918 -0.08640929 -0.41340601 -0.56947100 -0.11044400
0.14711279 -1.25705768 -0.05608018 0.15308300 -1.22213900 -0.29335600
0.43898326 -0.27875886 0.05552548 0.26487201 -0.26008901 -0.04522100
-1.13034180 -0.27068488 0.21457373 -1.27757001 -0.35122201 0.55999702
-0.24943888 -0.17548217 -0.21147577 -0.40157101 -0.18254600 -0.30430001
-0.13530883 -0.91307370 1.01214600 0.01411200 -1.02555799 0.65548801
-1.43597856 0.22486142 -0.02076636 -1.44605994 -0.00763300 0.02547000
-0.33381287 0.76042660 0.15880557 -0.31694201 0.66484201 -0.02572400
0.16447902 0.34018134 -0.60704575 0.12071600 0.25645900 -0.36587200
-0.35619028 -0.36288953 -0.56602427 -0.44519001 -0.13367400 -0.65925002
1.03745080 0.49373712 -0.24525292 0.98156500 0.41431499 -0.30833501
-0.19261427 -0.18127908 0.41388920 -0.34577000 0.00714700 0.40176100
0.91393525 -0.58280963 -0.28945880 0.88672900 -0.87421298 -0.07459100
-0.07987452 1.16693805 -1.35397282 0.01860000 1.16627395 -1.13154101
-0.27963260 0.34537580 -0.41563312 -0.21279000 0.02316600 0.04940200
0.26936139 -0.41887985 0.43953094 0.42883500 -0.27245301 0.52151400
0.87924336 0.43056222 -0.18357101 0.91132700 0.36794999 -0.39035100
0.06399457 -0.60470855 0.57135546 0.20828900 -0.46571401 0.28725699
-0.05200692 1.05244427 0.72734848 -0.05243500 0.65456897 0.78244197
-0.04957576 0.15127134 0.68653266 0.13109601 0.39605999 0.22898200
0.86074663 -0.09761525 0.53533215 0.71496499 -0.20809899 1.03892303
-0.03483510 -0.38708656 1.83318883 0.03551200 -0.17045400 2.17105508
1.12435836 -0.11589403 -0.87693386 1.15826595 -0.17382500 -0.88054699
0.84606216 0.38250223 0.28091689 0.94724798 0.63112801 0.15051000
-0.49319161 0.57257506 -0.68858461 -0.66632301 0.40922600 -0.50779003
-0.04355934 -0.17238970 0.40638382 -0.05254100 -0.16424400 0.16382700
-0.02157738 2.03569209 -0.08664095 -0.01372700 2.01521707 0.08618800
2.14162477 -0.30635616 -0.38899105 2.18261504 -0.23976301 -0.10831900
-0.96833568 0.30194967 0.16887006 -0.94815803 0.23854800 0.07143700
-0.71538978 -0.98907870 0.18114299 -0.77856803 -0.92528099 -0.09841000
0.19172139 0.33631688 -0.76750989 0.54629898 0.30258200 -0.49895900
-0.16806417 0.10260115 0.31777932 -0.09455400 0.44717601 0.05999000
0.10752449 -0.06381455 2.03614817 0.04476200 0.11343200 2.36417007
-0.47243053 -0.04267114 -0.51120148 -0.66440099 0.08789900 -0.45958301
1.95837442 0.21346293 0.51155370 2.12235498 0.28501099 0.43306899
0.19993996 0.03832428 0.89184794 0.03039100 0.33799800 0.61341602
-0.48780811 0.59086613 -0.25155591 -0.53057301 0.62220699 -0.03177500
-0.20676485 -0.08636694 0.78381572 -0.23040500 0.19966200 0.86276799
-0.17506464 -0.27526962 -0.74472490 -0.04084300 -0.05505400 -0.51059300
-0.43481210 -0.22838103 0.61844797 -0.47275800 -0.29303500 0.86061400
-1.02182521 -0.48725636 0.34014895 -1.26815605 -0.37601101 0.46848899
-0.24975218 0.27012227 -0.13315576 -0.25534701 0.56900299 -0.22186799
-1.45848385 -0.18293475 -0.17429661 -1.39521503 -0.46258199 -0.13476799
0.20642350 -1.17972378 0.90268921 0.21731199 -0.78646201 0.77460498
0.43145960 1.14599755 -0.79420856 0.42015600 1.26609302 -0.57183599
-1.17721641 0.54349732 -0.17923096 -1.20458198 0.34271100 -0.19590500
-0.70693012 -0.35467727 -0.25683634 -0.56613201 -0.26337701 0.04564300
0.08816562 -0.47581813 0.01376694 0.29440299 -0.09892300 -0.12145400
1.36289822 0.96654631 -0.36990713 1.67202497 0.81605399 -0.16437000
-0.48285140 -1.00303305 1.09230032 -0.38431299 -0.94286698 0.88319200
0.27074891 0.68701525 0.03344598 0.04544300 0.78037602 -0.00274700
0.31432171 -0.66898793 -0.32606224 0.51670498 -0.55785698 -0.29644299
-0.92598342 -0.51173646 -0.26663426 -0.90187001 -0.38867301 -0.20339800
0.65152744 0.73235036 0.57148898 0.60245299 0.99365902 0.45514500
-0.43548026 0.67618733 0.53842644 -0.20671700 0.87266201 0.83966601
0.01671915 1.32831741 -0.09660498 0.11081500 1.18400800 -0.04271900
0.01080945 -2.52367463 0.48928811 -0.14153400 -2.69030809 0.55110002
0.26344270 0.58408395 -0.01821612 0.25000200 0.51471603 -0.05947600
-0.06980254 -0.25938942 0.85088911 0.04706000 -0.26971099 1.17202401
0.85002917 0.45587418 0.50594133 1.10594201 0.71874201 0.36149600
-0.03837964 0.05422092 -0.97232882 0.04337100 -0.12258200 -0.63334697
-0.39570383 -0.23466481 1.11493963 -0.34486601 -0.22980000 0.94845998
0.10192938 0.09443205 0.94277611 0.05638200 -0.07270300 0.97408003
-0.57511760 0.10049439 0.02078837 -0.76266801 0.08044900 -0.19663800
0.92984213 -0.05738911 -0.55781299 1.01960802 -0.04324500 -0.68182498
-1.36595909 -1.35702784 -0.45553626 -1.45638800 -1.27398503 -0.60311002
-0.26026943 -0.32105790 -0.27746256 -0.25294000 -0.40876999 -0.12458400
-0.22038049 -0.42174765 -0.22978569 -0.13477400 -0.53647298 -0.18183599
-0.23831974 -1.25692625 -0.20021720 -0.18117800 -1.29570997 -0.16438900
0.52756507 -0.52977050 -0.25012150 0.50798702 -0.42809400 -0.03907100
-1.01438732 0.02738994 -0.62517137 -1.28943396 0.11457800 -1.22599006
-1.35010126 -1.03183939 -0.71857279 -1.45876098 -1.09868598 -0.90118402
-1.05521316 0.44911922 -0.14577041 -1.27472103 0.38190001 0.12150100
-0.64439657 0.34801455 -0.43857361 -0.49698901 0.59830701 -0.82522100
-0.12738554 -1.31192774 1.32967235 -0.16131900 -1.56659198 1.53282905
0.21348184 -0.34730660 0.17995807 0.22241400 -0.10420500 0.11949900
0.50265885 0.20464710 1.07731831 0.65519100 0.16032800 0.84583002
0.19842750 0.27798171 0.79515184 0.04984400 0.45737901 0.71231401
1.08003940 1.20654390 0.27216651 0.65493101 1.21537101 0.49496001
-0.32413439 -0.53375328 -0.22148186 -0.23200700 -0.36360401 -0.12720101
-0.01066578 -0.31806487 -1.24274963 0.07483100 -0.46647799 -1.31889904
0.23355916 -0.54568491 -0.71365733 0.42887801 -0.41629100 -0.70815003
-1.26213170 0.21171777 -0.48076254 -1.38272595 0.35257199 -0.79978198
-0.46503370 -1.12216794 -0.24660646 -0.50683701 -1.14576006 -0.41501200
0.20767474 -0.86881759 -0.95477002 0.03040700 -1.23717201 -0.82388401
0.25861910 1.20552010 -1.11238131 0.26312599 1.08308697 -1.15271902
-0.37512721 -1.67757960 0.17739383 -0.31858301 -1.86458695 0.36473399
0.44125395 -0.89491914 -0.44366911 0.38207799 -1.19096994 -0.79446900
0.92068903 1.43805211 -0.13198879 0.62831402 1.63117194 -0.72979498
0.96839885 -0.49234450 -1.40663808 0.95676798 -0.73968798 -1.62661099
1.78182682 -0.70845916 0.69133084 1.71607804 -0.63100600 0.77315301
0.46517316 -0.61560337 -0.35864157 -0.21826801 -0.55506003 -0.53917801
0.44207116 0.24571761 0.46659402 0.33617100 0.17972600 0.53744400
-0.69123301 2.05905750 -0.58377449 -0.89624000 2.07911706 -0.76674801
-1.15601659 -0.88074447 0.01434560 -1.15969503 -0.92640799 0.16718300
-1.80216337 -0.86926401 -0.11691659 -2.02503896 -0.97598398 1.02779806
-0.50011609 1.16341221 0.31792011 -0.32953799 1.01914799 -0.09773300
-1.14253128 1.45428140 -0.90092232 -1.49131095 1.65718198 -0.61093700
-0.72603144 -0.81831939 -0.30913113 -0.75021100 -0.55755699 -0.21425900
0.25821857 -1.56161501 -0.81766027 0.80607599 -1.65099001 -0.27401200
-0.62430210 0.73909253 -0.18922679 -0.05384000 0.58064598 -0.95263100
0.43686089 -0.30832681 0.26566038 0.92642099 -0.46518299 0.49802300
-0.27296463 0.22834142 -0.11981074 -0.41448501 0.24233700 -0.28118899
0.41512746 0.33106475 0.46833513 0.05094300 0.53979200 0.80212700
-0.90855620 -0.97372563 0.73865036 -0.78546399 -0.70609200 0.37542900
1.06632286 0.45812135 1.24082812 0.64160597 0.32086900 1.01344597
-1.43480347 -0.01608998 -0.48859398 -1.21838701 0.35229799 -0.41974100
-1.60318394 -0.55269401 -0.49116552 -1.53562605 -0.00180600 -0.23444299
0.51026967 0.67969752 0.39528712 0.51395798 0.73849100 0.36862299
0.51923884 -0.36746671 -0.09262620 0.38611501 -0.47531399 -0.51662999
-0.94820291 -1.13897172 0.12874704 -1.49231100 -1.14391005 0.03806500
-0.22386140 -1.08906140 -0.39496191 -0.12939100 -0.99104601 -0.17162301
-0.02307520 0.92927156 1.21638063 0.02796600 0.82462001 1.05779195
0.56621705 -0.68614873 0.43812985 0.51188898 -1.07414496 0.36298600
0.45458978 1.96649735 0.76681258 0.44446999 2.37960911 0.65354699
-1.18544246 -0.78582223 -0.95976103 -1.27112198 -0.72778702 -0.69590098
-0.57552706 -0.50567110 0.42936690 -0.64129800 -0.71921700 0.32259300
0.96101030 0.51893943 0.37603485 1.00832605 0.66306603 0.51244199
-1.42802601 1.23683844 -0.59692467 -1.61144698 1.82858801 -0.58620501
0.78989167 -1.73357078 -0.19465261 0.87547398 -1.86033297 0.61276901
-0.01735477 -0.47693433 -0.70016629 -0.21252900 -0.11437300 -1.14113903
0.80224343 -0.52082853 -0.56601097 1.19630694 -0.69534802 -0.64095002
0.40299817 -0.09194960 1.30649700 0.41657999 -0.12018100 1.37403798
0.78831229 0.58318758 -0.13658985 0.86941803 0.32871199 -0.00653700
0.82562157 0.50941480 0.62176214 0.88159800 0.66002399 0.71709502
0.39252957 1.37335483 -0.81953154 0.07769200 1.23228300 -1.24619401
-0.53442262 -2.99873491 2.43640558 -0.79533201 -3.06265092 2.31180906
-0.67997182 -1.10706209 -0.25938513 -0.54303700 -1.32858300 0.29065901
0.66770235 -0.36471693 0.32662628 0.60077101 -0.48664200 0.39809901
-0.72389500 0.55840824 0.17391940 -1.19010699 0.46283799 0.26910600
1.55366930 1.29189219 -0.82747558 1.73628294 1.59360301 -1.13496101
-1.16476974 -1.12474855 -0.07828935 -0.94262397 -1.28212595 0.10755000
0.39500249 -0.80846976 0.01617857 0.18191700 -0.99267697 -0.45260000
1.02847798 -0.02925371 1.41692498 1.44126296 -0.21704100 1.60164905
0.22326321 -0.50974642 -1.32916232 0.53245401 -0.51577902 -1.60173404
-0.55508022 -1.05512463 -0.99477326 -0.35090500 -0.82597399 -0.60415602
-0.33753373 0.34327152 0.17001940 -0.03161700 0.26566300 -0.79336900
0.73056863 -1.02420153 0.71940821 0.74563301 -1.60946500 0.81876498
0.15360266 -0.99136277 -0.20696454 0.45123899 -0.71197301 -0.05794500
-0.05319133 -0.32110076 -0.56660900 0.04763900 0.09273000 -0.09065400
-0.92432447 1.02351922 -0.06824667 -1.20278800 0.80805701 -0.88269699
0.52404850 0.47784560 -0.14987052 0.64800602 0.26203501 -0.18319300
0.41988404 0.44440354 -1.13131615 0.50989801 0.90652502 -1.09707999
-1.20941900 -0.08345432 1.22155957 -1.12142205 -0.46503001 2.04251790
-0.85810382 0.24462888 -0.03366234 -0.50408399 0.09812700 -0.62424803
0.86169008 0.60018146 -0.20459083 0.94398803 0.57287902 0.01305900
0.98510143 -0.57891412 0.20157107 1.11383402 -0.16302601 -0.02205800
0.97349235 0.07532716 -0.44666970 0.92367500 0.23989600 -0.11573400
-1.61240593 -1.19011846 0.35005682 -1.84315598 -1.14664400 0.25836700
1.20449091 0.06503451 0.91613224 0.77317601 -0.15677600 0.94127399
0.25527628 -0.38279374 -0.54445414 0.03928400 -0.15392999 -0.46137699
-0.99789418 -0.03907596 1.06344520 -0.84573901 -0.17284100 1.56222796
-0.31817446 0.41062532 0.12061825 -0.21587799 0.37950999 -0.25465399
-0.45067560 -0.28296754 0.89071280 -0.20167100 0.04804300 0.77077800
-0.22366737 0.58487677 0.26018273 -0.05631000 0.28114799 0.32155901
0.06805857 -0.94396648 0.63398832 0.16061801 -1.22482395 0.70761198
-0.17765455 0.38179229 -1.71934918 -0.22700800 0.45996299 -1.85726404
-0.29426709 0.89895385 0.05327705 -0.36047700 0.75842500 0.04400900
0.51874861 0.39675493 1.02861754 0.46761301 0.48920000 0.97812200
-1.37095809 0.19994404 -0.11606021 -1.18045795 0.45397699 -0.10357200
-0.81143478 0.14863574 0.33809125 -0.66427499 0.04071600 0.41690400
-0.12302216 0.71964933 1.79929431 0.07499400 0.63597900 1.91725194
0.09736313 -0.65808644 -0.91694153 0.12554900 -0.54868603 -0.68450397
-0.50057719 -0.31590290 0.11901497 -0.68891799 -0.35113600 -0.06473900
0.36964524 0.62938664 0.33435398 0.55275702 0.45898500 0.37093300
1.11911260 -0.48275360 -0.60722381 1.21149802 -0.54522198 -0.80713600
0.89466562 -1.37616047 -1.10758505 0.82088602 -1.61081398 -0.92615098
0.19743207 0.14224973 0.97769458 0.21224000 -0.10960700 1.20962405
0.43859296 0.02750720 -0.95035086 0.28885800 0.10817100 -0.97102797
0.26435348 -0.44869323 0.30958389 0.36983201 -0.56353801 0.54839402
-1.20091264 0.72465555 0.34136017 -1.35301900 0.60078400 0.22247300
-0.46954009 0.42418881 -0.53294080 -0.71673900 0.58088303 -0.63606602
-0.23947297 -2.72097119 -0.74076139 -0.47611099 -2.95773911 -0.64853799
-0.08028557 0.88555669 -0.77682563 -0.17970300 0.88855702 -1.09349704
0.51780470 -0.98269208 1.17710248 0.34349900 -0.79646999 1.28711104
-1.66601044 -0.58124790 -1.25548291 -1.75135601 -0.49183500 -0.97492999
-0.23342997 -0.61515262 0.57716804 -0.31350401 -0.59629798 0.53874201
-0.56580244 0.81765082 -0.07709153 -0.62408400 0.84010798 -0.25004601
-0.19655022 -0.52707327 -0.49156661 -0.32379800 -0.58368701 -0.29701900
-1.30917059 0.60813224 -1.23978125 -1.05831206 0.34164101 -1.14626896
-0.24738984 -1.92052212 0.33478940 -0.21813600 -1.77765405 0.27160600
0.61797366 0.20003478 -0.14171493 0.90327901 0.10783500 -0.05750800
1.00647523 -0.34390171 0.05684474 1.21817994 -0.02405600 -0.08225400
1.96651635 -2.00741071 -0.98555632 2.20921493 -1.97772205 -1.03384995
0.79186812 1.20591033 1.12709312 0.67462599 0.94709301 1.09683001
0.21542262 1.05503474 0.23037064 0.16786800 0.90635902 0.15953401
-0.02722800 2.40120990 -0.77260246 0.08392600 2.24038506 -0.71519500
-0.34691546 0.46243955 -0.16172467 -0.13503100 0.28449699 0.23061000
-0.51570703 -0.17164214 -0.12574486 -0.56041300 -0.16635300 -0.21187600
0.78971466 -0.41471132 -0.35066060 0.85887802 -0.38712999 -0.65247101
1.89336442 1.03065353 0.13530654 2.04875398 0.76569498 0.10919900
-0.58815059 0.16734863 -0.45954720 -0.44208199 0.13211600 -0.67529202
-0.28076472 0.44701962 -0.70947925 -0.31390199 0.39676699 -0.68788201
-0.61654012 0.52685300 -0.81347690 -0.84361798 0.42222899 -0.78968298
1.56478488 0.58934943 1.77450611 1.77566600 0.43371499 1.59273899
0.83164828 1.05561123 0.24333097 0.54395097 1.41610599 0.06929900
0.59171413 -0.12197937 -0.82606785 0.63046300 0.05535300 -0.37667799
0.05878792 -0.36086774 0.04665308 0.10055100 -0.50422603 -0.12404600
-0.16214330 0.35650193 -0.20174065 -0.05727700 0.51808602 -0.00194400
0.27919568 0.27776870 -0.63175798 0.17352800 0.09190200 -0.21170799
0.79663800 -0.29175615 -0.18686855 0.98776799 0.05444600 0.01055000
0.14986665 -0.23961816 0.32724495 0.14566100 0.04849300 0.00865300
-0.46124028 0.27839731 -0.17347398 -0.40890899 -0.04286600 -0.09859500
-0.28354364 0.26438425 0.23215334 -0.30900100 0.17747200 0.11571600
-0.11806458 0.20316486 -1.09459261 -0.05580000 0.27570000 -1.46766496
0.16346404 0.64242683 -0.05156795 0.27570599 0.56789500 -0.12752301
-0.20788168 -0.48964570 -0.81154688 -0.01437600 -0.08492200 -1.24415398
0.98568061 0.72121774 1.15647520 1.03388000 1.09764302 1.07554603
-0.70812811 0.71411312 0.82203874 -0.81774199 0.32830799 0.93486899
-0.04098583 -1.07716489 1.05482830 0.06656500 -1.22728097 1.38234603
-0.15527212 1.80646197 -1.52484907 0.03703800 1.76640499 -1.18608606
1.03028494 0.27306462 0.15241404 1.08573401 0.30816001 0.08261900
-2.51446778 -0.50168440 -0.37130547 -2.76553798 -0.35467899 -0.65197498
-0.17057628 0.53562621 0.60874547 -0.38318899 0.61684000 0.38496801
0.33715608 0.40686866 0.00087190 0.39585999 0.17088200 0.19952400
0.13931816 0.93519608 -0.84206790 0.27530301 0.81045002 -1.13414204
0.97885069 -0.37504577 1.51996716 0.82305902 -0.04668900 1.83765101
-0.35742153 -0.36287313 0.19156132 -0.37143299 -0.52846801 0.51109201
1.02464232 -0.06602985 0.48411594 1.32048094 0.07576300 0.86663300
1.28253045 0.36537268 0.33163413 1.45713997 0.58031601 0.14242400
-2.00620610 0.60783122 0.15921288 -2.14362693 0.38671300 0.30861700
0.22247276 2.12873431 0.11616306 0.14734700 2.14417195 -0.43940300
0.23319217 -0.17831102 -0.23793477 0.03317700 0.04931800 -0.25086999
-0.54406184 0.10542331 -0.00002450 -0.63356698 0.12441800 -0.02092000
-0.03729123 -0.30188102 -0.12225875 -0.09862500 -0.30746901 -0.29003400
0.07216294 0.32891515 0.38795007 -0.31395301 0.49236599 0.28801399
-0.58573875 -0.55785374 -1.09980362 -0.68330598 -0.60659403 -0.84015101
-0.32949564 1.22874606 0.34565477 -0.26806000 1.10634899 0.24503100
-0.08685585 -0.01790260 0.82822249 -0.19475000 0.02113000 0.82219797
-0.89899576 -0.38607280 -0.53058430 -1.00562000 -0.30640101 -0.41912201
1.38361472 0.10510452 0.12549410 1.25897706 0.14973301 0.25092700
0.57549500 -0.23816902 0.28605919 0.83910000 -0.09417500 0.11108500
0.76031268 0.23067545 0.22806110 0.77265298 0.16270700 0.44592100
-0.02979471 0.31066506 -0.31983342 0.11596800 0.24373600 -0.18860900
0.29602639 -0.44540937 0.77928866 0.12778699 -0.48634699 1.05260503
-0.56220711 0.18372054 -0.48535740 -0.65184498 -0.02290100 -0.80242097
-0.68807101 -0.70165068 -1.11320402 -0.76644999 -0.55917400 -1.47062898
-0.33468435 -0.39935770 -0.55330074 -0.26891899 -0.33451599 -0.81435800
0.42860061 -0.55085934 -0.03112565 0.20697100 -0.57945400 0.23652799
-0.08966468 -0.11652373 0.93023576 -0.01654400 -0.20853800 0.95850801
-0.02672906 0.10776196 0.45910479 -0.05097600 0.19040400 0.47431299
-0.06385690 -0.90685419 -0.67804039 0.04178400 -0.89482200 -0.21291000
-0.31060326 -0.30033166 0.24280435 -0.30618200 -0.27584401 0.38609499
0.03101975 -0.34085529 -0.24675455 0.01796500 -0.30298600 -0.51385200
0.07844309 0.79004871 0.61681276 -0.22482100 0.73991698 0.79427600
-0.80485823 0.89971378 -0.15667374 -0.57673502 0.97741598 -0.40823099
0.09939509 -0.16882211 0.81203726 0.06613900 -0.16046400 0.93719399
