0.00006709 0.00009793 0.00008659 -0.00000000 -0.00000000 0.00000000
0.00009793 0.00008659 0.00006709 -0.00000000 -0.00000000 0.00000000
0.00008659 0.00006709 0.00009793 -0.00000000 -0.00000000 0.00000000
0.00011042 0.00011042 0.00011042 -0.00000000 -0.00000000 0.00000000
0.00007410 0.00009092 0.00007958 -0.00000000 -0.00000000 0.00000000
0.00009092 0.00007958 0.00007410 -0.00000000 -0.00000000 0.00000000
0.00007958 0.00007410 0.00009092 -0.00000000 -0.00000000 0.00000000
0.00010341 0.00010341 0.00010341 -0.00000000 -0.00000000 0.00000000
-0.00006642 -0.18573893 1.21633266 -0.00000000 0.13068400 0.44602701
-0.00006633 -0.18576377 -1.21637754 -0.00000000 0.13068400 -0.44602701
-0.00006642 0.18574284 1.21633401 -0.00000000 -0.13068400 0.44602701
-0.00006633 0.18576762 -1.21637883 -0.00000000 -0.13068400 -0.44602701
1.21633266 -0.00006642 -0.18573893 0.44602701 -0.00000000 0.13068400
-1.21637754 -0.00006633 -0.18576377 -0.44602701 -0.00000000 0.13068400
1.21633401 -0.00006642 0.18574284 0.44602701 -0.00000000 -0.13068400
-1.21637883 -0.00006633 0.18576762 -0.44602701 -0.00000000 -0.13068400
-0.18573893 1.21633266 -0.00006642 0.13068400 0.44602701 0.00000000
-0.18576377 -1.21637754 -0.00006633 0.13068400 -0.44602701 0.00000000
0.18574284 1.21633401 -0.00006642 -0.13068400 0.44602701 0.00000000
0.18576762 -1.21637883 -0.00006633 -0.13068400 -0.44602701 0.00000000
-0.00006633 -0.18574268 1.21632914 -0.00000000 0.13068400 0.44602701
-0.00006642 -0.18576018 -1.21638152 -0.00000000 0.13068400 -0.44602701
-0.00006633 0.18574654 1.21633044 -0.00000000 -0.13068400 0.44602701
-0.00006642 0.18576409 -1.21638288 -0.00000000 -0.13068400 -0.44602701
1.21632914 -0.00006633 -0.18574268 0.44602701 -0.00000000 0.13068400
-1.21638152 -0.00006642 -0.18576018 -0.44602701 -0.00000000 0.13068400
1.21633044 -0.00006633 0.18574654 0.44602701 -0.00000000 -0.13068400
-1.21638288 -0.00006642 0.18576409 -0.44602701 -0.00000000 -0.13068400
-0.18574268 1.21632914 -0.00006633 0.13068400 0.44602701 0.00000000
-0.18576018 -1.21638152 -0.00006642 0.13068400 -0.44602701 0.00000000
0.18574654 1.21633044 -0.00006633 -0.13068400 0.44602701 0.00000000
0.18576409 -1.21638288 -0.00006642 -0.13068400 -0.44602701 0.00000000
0.00006937 0.00009839 0.00008438 0.00000000 0.00000000 0.00000000
0.00009839 0.00008438 0.00006937 -0.00000000 -0.00000000 0.00000000
0.00008438 0.00006937 0.00009839 -0.00000000 0.00000000 0.00000000
0.00010723 0.00010723 0.00010723 -0.00000000 -0.00000000 -0.00000000
0.00007555 0.00009221 0.00007820 -0.00000000 0.00000000 0.00000000
0.00009221 0.00007820 0.00007555 0.00000000 0.00000000 -0.00000000
0.00007820 0.00007555 0.00009221 0.00000000 -0.00000000 0.00000000
0.00010104 0.00010104 0.00010104 -0.00000000 0.00000000 0.00000000
-0.00006750 -0.27622113 0.96387810 0.00000000 0.00242300 -0.00219700
-0.00006720 -0.27624360 -0.96392632 -0.00000000 0.00242300 0.00219700
-0.00006750 0.27622543 0.96387921 0.00000000 -0.00242300 -0.00219700
-0.00006720 0.27624747 -0.96392706 -0.00000000 -0.00242300 0.00219700
0.96387810 -0.00006750 -0.27622113 -0.00219700 0.00000000 0.00242300
-0.96392632 -0.00006720 -0.27624360 0.00219700 0.00000000 0.00242300
0.96387921 -0.00006750 0.27622543 -0.00219700 -0.00000000 -0.00242300
-0.96392706 -0.00006720 0.27624747 0.00219700 -0.00000000 -0.00242300
-0.27622113 0.96387810 -0.00006750 0.00242300 -0.00219700 -0.00000000
-0.27624360 -0.96392632 -0.00006720 0.00242300 0.00219700 -0.00000000
0.27622543 0.96387921 -0.00006750 -0.00242300 -0.00219700 0.00000000
0.27624747 -0.96392706 -0.00006720 -0.00242300 0.00219700 -0.00000000
-0.00006720 -0.27622250 0.96388086 0.00000000 0.00242300 -0.00219700
-0.00006750 -0.27624266 -0.96392460 -0.00000000 0.00242300 0.00219700
-0.00006720 0.27622637 0.96388160 0.00000000 -0.00242300 -0.00219700
-0.00006750 0.27624696 -0.96392571 -0.00000000 -0.00242300 0.00219700
0.96388086 -0.00006720 -0.27622250 -0.00219700 0.00000000 0.00242300
-0.96392460 -0.00006750 -0.27624266 0.00219700 0.00000000 0.00242300
0.96388160 -0.00006720 0.27622637 -0.00219700 -0.00000000 -0.00242300
-0.96392571 -0.00006750 0.27624696 0.00219700 -0.00000000 -0.00242300
-0.27622250 0.96388086 -0.00006720 0.00242300 -0.00219700 0.00000000
-0.27624266 -0.96392460 -0.00006750 0.00242300 0.00219700 -0.00000000
0.27622637 0.96388160 -0.00006720 -0.00242300 -0.00219700 0.00000000
0.27624696 -0.96392571 -0.00006750 -0.00242300 0.00219700 -0.00000000
0.00005891 -0.00001395 0.00000803 -0.00000000 0.00000000 0.00000000
-0.00001395 0.00000803 0.00005891 0.00000000 0.00000000 -0.00000000
0.00000803 0.00005891 -0.00001395 0.00000000 0.00000000 -0.00000000
-0.00000081 -0.00000081 -0.00000081 -0.00000000 0.00000000 0.00000000
-0.00000510 0.00005007 0.00007204 0.00000000 0.00000000 0.00000000
0.00005007 0.00007204 -0.00000510 0.00000000 0.00000000 0.00000000
0.00007204 -0.00000510 0.00005007 0.00000000 0.00000000 0.00000000
0.00006320 0.00006320 0.00006320 -0.00000000 0.00000000 -0.00000000
-0.00002508 -0.24420261 1.25304459 -0.00000000 0.10885900 0.38252601
-0.00000170 -0.24420691 -1.25300644 0.00000000 0.10885900 -0.38252601
-0.00002508 0.24418441 1.25303419 -0.00000000 -0.10885900 0.38252601
-0.00000170 0.24421562 -1.25300603 0.00000000 -0.10885900 -0.38252601
1.25304459 -0.00002508 -0.24420261 0.38252601 0.00000000 0.10885900
-1.25300644 -0.00000170 -0.24420691 -0.38252601 0.00000000 0.10885900
1.25303419 -0.00002508 0.24418441 0.38252601 0.00000000 -0.10885900
-1.25300603 -0.00000170 0.24421562 -0.38252601 0.00000000 -0.10885900
-0.24420261 1.25304459 -0.00002508 0.10885900 0.38252601 -0.00000000
-0.24420691 -1.25300644 -0.00000170 0.10885900 -0.38252601 -0.00000000
0.24418441 1.25303419 -0.00002508 -0.10885900 0.38252601 -0.00000000
0.24421562 -1.25300603 -0.00000170 -0.10885900 -0.38252601 -0.00000000
-0.00000170 -0.24418221 1.25294563 -0.00000000 0.10885900 0.38252601
-0.00002508 -0.24419622 -1.25303693 0.00000000 0.10885900 -0.38252601
-0.00000170 0.24419092 1.25294523 -0.00000000 -0.10885900 0.38252601
-0.00002508 0.24417802 -1.25302653 0.00000000 -0.10885900 -0.38252601
1.25294563 -0.00000170 -0.24418221 0.38252601 0.00000000 0.10885900
-1.25303693 -0.00002508 -0.24419622 -0.38252601 0.00000000 0.10885900
1.25294523 -0.00000170 0.24419092 0.38252601 0.00000000 -0.10885900
-1.25302653 -0.00002508 0.24417802 -0.38252601 0.00000000 -0.10885900
-0.24418221 1.25294563 -0.00000170 0.10885900 0.38252601 0.00000000
-0.24419622 -1.25303693 -0.00002508 0.10885900 -0.38252601 0.00000000
0.24419092 1.25294523 -0.00000170 -0.10885900 0.38252601 0.00000000
0.24417802 -1.25302653 -0.00002508 -0.10885900 -0.38252601 -0.00000000
0.00007923 -0.00001111 -0.00002970 0.00000000 0.00000000 0.00000000
-0.00001111 -0.00002970 0.00007923 0.00000000 0.00000000 0.00000000
-0.00002970 0.00007923 -0.00001111 0.00000000 0.00000000 0.00000000
-0.00004451 -0.00004451 -0.00004451 0.00000000 0.00000000 0.00000000
0.00000370 0.00006443 0.00004583 0.00000000 0.00000000 0.00000000
0.00006443 0.00004583 0.00000370 0.00000000 0.00000000 0.00000000
0.00004583 0.00000370 0.00006443 0.00000000 0.00000000 0.00000000
0.00003103 0.00003103 0.00003103 0.00000000 0.00000000 0.00000000
-0.00003473 -0.31905314 1.03789532 0.00000000 0.00299600 -0.00200900
0.00001205 -0.31900747 -1.03793050 0.00000000 0.00299600 0.00200900
-0.00003473 0.31903766 1.03788789 0.00000000 -0.00299600 -0.00200900
0.00001205 0.31898245 -1.03790253 0.00000000 -0.00299600 0.00200900
1.03789532 -0.00003473 -0.31905314 -0.00200900 0.00000000 0.00299600
-1.03793050 0.00001205 -0.31900747 0.00200900 0.00000000 0.00299600
1.03788789 -0.00003473 0.31903766 -0.00200900 0.00000000 -0.00299600
-1.03790253 0.00001205 0.31898245 0.00200900 0.00000000 -0.00299600
-0.31905314 1.03789532 -0.00003473 0.00299600 -0.00200900 0.00000000
-0.31900747 -1.03793050 0.00001205 0.00299600 0.00200900 0.00000000
0.31903766 1.03788789 -0.00003473 -0.00299600 -0.00200900 0.00000000
0.31898245 -1.03790253 0.00001205 -0.00299600 0.00200900 0.00000000
0.00001205 -0.31902205 1.03794649 0.00000000 0.00299600 -0.00200900
-0.00003473 -0.31904369 -1.03789490 0.00000000 0.00299600 0.00200900
0.00001205 0.31899703 1.03791852 0.00000000 -0.00299600 -0.00200900
-0.00003473 0.31902821 -1.03788747 0.00000000 -0.00299600 0.00200900
1.03794649 0.00001205 -0.31902205 -0.00200900 0.00000000 0.00299600
-1.03789490 -0.00003473 -0.31904369 0.00200900 0.00000000 0.00299600
1.03791852 0.00001205 0.31899703 -0.00200900 0.00000000 -0.00299600
-1.03788747 -0.00003473 0.31902821 0.00200900 0.00000000 -0.00299600
-0.31902205 1.03794649 0.00001205 0.00299600 -0.00200900 0.00000000
-0.31904369 -1.03789490 -0.00003473 0.00299600 0.00200900 0.00000000
0.31899703 1.03791852 0.00001205 -0.00299600 -0.00200900 0.00000000
0.31902821 -1.03788747 -0.00003473 -0.00299600 0.00200900 0.00000000
0.00008742 -0.00000050 -0.00006028 0.00000000 0.00000000 -0.00000000
-0.00000050 -0.00006028 0.00008742 0.00000000 0.00000000 -0.00000000
-0.00006028 0.00008742 -0.00000050 0.00000000 0.00000000 -0.00000000
-0.00001831 -0.00001831 -0.00001831 0.00000000 0.00000000 -0.00000000
-0.00004247 0.00012939 0.00006960 0.00000000 0.00000000 0.00000000
0.00012939 0.00006960 -0.00004247 0.00000000 0.00000000 0.00000000
0.00006960 -0.00004247 0.00012939 0.00000000 0.00000000 -0.00000000
0.00011158 0.00011158 0.00011158 0.00000000 0.00000000 -0.00000000
-0.00000384 -0.30169310 1.28725130 0.00000000 0.08842300 0.32048199
-0.00008120 -0.30169792 -1.28711371 0.00000000 0.08842300 -0.32048199
-0.00000384 0.30169566 1.28724622 0.00000000 -0.08842300 0.32048199
-0.00008120 0.30171677 -1.28714432 0.00000000 -0.08842300 -0.32048199
1.28725130 -0.00000384 -0.30169310 0.32048199 0.00000000 0.08842300
-1.28711371 -0.00008120 -0.30169792 -0.32048199 0.00000000 0.08842300
1.28724622 -0.00000384 0.30169566 0.32048199 0.00000000 -0.08842300
-1.28714432 -0.00008120 0.30171677 -0.32048199 0.00000000 -0.08842300
-0.30169310 1.28725130 -0.00000384 0.08842300 0.32048199 0.00000000
-0.30169792 -1.28711371 -0.00008120 0.08842300 -0.32048199 0.00000000
0.30169566 1.28724622 -0.00000384 -0.08842300 0.32048199 -0.00000000
0.30171677 -1.28714432 -0.00008120 -0.08842300 -0.32048199 -0.00000000
-0.00008120 -0.30169078 1.28710713 0.00000000 0.08842300 0.32048199
-0.00000384 -0.30169184 -1.28723428 0.00000000 0.08842300 -0.32048199
-0.00008120 0.30170963 1.28713774 0.00000000 -0.08842300 0.32048199
-0.00000384 0.30169441 -1.28722920 0.00000000 -0.08842300 -0.32048199
1.28710713 -0.00008120 -0.30169078 0.32048199 0.00000000 0.08842300
-1.28723428 -0.00000384 -0.30169184 -0.32048199 0.00000000 0.08842300
1.28713774 -0.00008120 0.30170963 0.32048199 0.00000000 -0.08842300
-1.28722920 -0.00000384 0.30169441 -0.32048199 0.00000000 -0.08842300
-0.30169078 1.28710713 -0.00008120 0.08842300 0.32048199 0.00000000
-0.30169184 -1.28723428 -0.00000384 0.08842300 -0.32048199 0.00000000
0.30170963 1.28713774 -0.00008120 -0.08842300 0.32048199 -0.00000000
0.30169441 -1.28722920 -0.00000384 -0.08842300 -0.32048199 -0.00000000
0.00007788 -0.00000077 -0.00001882 0.00000000 0.00000000 0.00000000
-0.00000077 -0.00001882 0.00007788 -0.00000000 0.00000000 0.00000000
-0.00001882 0.00007788 -0.00000077 -0.00000000 0.00000000 0.00000000
0.00001312 0.00001312 0.00001312 0.00000000 0.00000000 0.00000000
-0.00003272 0.00010982 0.00009177 0.00000000 0.00000000 0.00000000
0.00010982 0.00009177 -0.00003272 0.00000000 0.00000000 0.00000000
0.00009177 -0.00003272 0.00010982 0.00000000 0.00000000 0.00000000
0.00012372 0.00012372 0.00012372 0.00000000 0.00000000 0.00000000
-0.00000849 -0.36200626 1.10818501 -0.00000000 0.00315900 -0.00179800
-0.00007267 -0.36204846 -1.10820788 -0.00000000 0.00315900 0.00179800
-0.00000849 0.36201680 1.10818656 0.00000000 -0.00315900 -0.00179800
-0.00007267 0.36206705 -1.10823440 0.00000000 -0.00315900 0.00179800
1.10818501 -0.00000849 -0.36200626 -0.00179800 0.00000000 0.00315900
-1.10820788 -0.00007267 -0.36204846 0.00179800 0.00000000 0.00315900
1.10818656 -0.00000849 0.36201680 -0.00179800 0.00000000 -0.00315900
-1.10823440 -0.00007267 0.36206705 0.00179800 0.00000000 -0.00315900
-0.36200626 1.10818501 -0.00000849 0.00315900 -0.00179800 0.00000000
-0.36204846 -1.10820788 -0.00007267 0.00315900 0.00179800 0.00000000
0.36201680 1.10818656 -0.00000849 -0.00315900 -0.00179800 0.00000000
0.36206705 -1.10823440 -0.00007267 -0.00315900 0.00179800 0.00000000
-0.00007267 -0.36203975 1.10820724 -0.00000000 0.00315900 -0.00179800
-0.00000849 -0.36203252 -1.10823321 -0.00000000 0.00315900 0.00179800
-0.00007267 0.36205834 1.10823376 0.00000000 -0.00315900 -0.00179800
-0.00000849 0.36204306 -1.10823476 0.00000000 -0.00315900 0.00179800
1.10820724 -0.00007267 -0.36203975 -0.00179800 0.00000000 0.00315900
-1.10823321 -0.00000849 -0.36203252 0.00179800 0.00000000 0.00315900
1.10823376 -0.00007267 0.36205834 -0.00179800 0.00000000 -0.00315900
-1.10823476 -0.00000849 0.36204306 0.00179800 0.00000000 -0.00315900
-0.36203975 1.10820724 -0.00007267 0.00315900 -0.00179800 0.00000000
-0.36203252 -1.10823321 -0.00000849 0.00315900 0.00179800 0.00000000
0.36205834 1.10823376 -0.00007267 -0.00315900 -0.00179800 0.00000000
0.36204306 -1.10823476 -0.00000849 -0.00315900 0.00179800 0.00000000
0.00003320 0.00011718 0.00008109 0.00000000 -0.00000000 -0.00000000
0.00011718 0.00008109 0.00003320 0.00000000 -0.00000000 0.00000000
0.00008109 0.00003320 0.00011718 0.00000000 -0.00000000 -0.00000000
0.00009886 0.00009886 0.00009886 0.00000000 -0.00000000 -0.00000000
0.00009941 0.00005097 0.00001488 0.00000000 0.00000000 0.00000000
0.00005097 0.00001488 0.00009941 0.00000000 0.00000000 0.00000000
0.00001488 0.00009941 0.00005097 0.00000000 -0.00000000 -0.00000000
0.00003265 0.00003265 0.00003265 0.00000000 0.00000000 0.00000000
-0.00004071 -0.35659310 1.31993700 0.00000000 0.06942100 0.26000601
-0.00006407 -0.35664378 -1.32003145 0.00000000 0.06942100 -0.26000601
-0.00004071 0.35658255 1.31993064 0.00000000 -0.06942100 0.26000601
-0.00006407 0.35663443 -1.32003221 0.00000000 -0.06942100 -0.26000601
1.31993700 -0.00004071 -0.35659310 0.26000601 -0.00000000 0.06942100
-1.32003145 -0.00006407 -0.35664378 -0.26000601 -0.00000000 0.06942100
1.31993064 -0.00004071 0.35658255 0.26000601 0.00000000 -0.06942100
-1.32003221 -0.00006407 0.35663443 -0.26000601 0.00000000 -0.06942100
-0.35659310 1.31993700 -0.00004071 0.06942100 0.26000601 -0.00000000
-0.35664378 -1.32003145 -0.00006407 0.06942100 -0.26000601 0.00000000
0.35658255 1.31993064 -0.00004071 -0.06942100 0.26000601 -0.00000000
0.35663443 -1.32003221 -0.00006407 -0.06942100 -0.26000601 0.00000000
-0.00006407 -0.35664791 1.32004272 0.00000000 0.06942100 0.26000601
-0.00004070 -0.35660949 -1.31998292 0.00000000 0.06942100 -0.26000601
-0.00006407 0.35663856 1.32004349 0.00000000 -0.06942100 0.26000601
-0.00004070 0.35659893 -1.31997657 0.00000000 -0.06942100 -0.26000601
1.32004272 -0.00006407 -0.35664791 0.26000601 -0.00000000 0.06942100
-1.31998292 -0.00004070 -0.35660949 -0.26000601 -0.00000000 0.06942100
1.32004349 -0.00006407 0.35663856 0.26000601 0.00000000 -0.06942100
-1.31997657 -0.00004070 0.35659893 -0.26000601 -0.00000000 -0.06942100
-0.35664791 1.32004272 -0.00006407 0.06942100 0.26000601 0.00000000
-0.35660949 -1.31998292 -0.00004070 0.06942100 -0.26000601 0.00000000
0.35663856 1.32004349 -0.00006407 -0.06942100 0.26000601 -0.00000000
0.35659893 -1.31997657 -0.00004070 -0.06942100 -0.26000601 0.00000000
0.00004131 0.00012031 0.00004000 -0.00000000 -0.00000000 0.00000000
0.00012031 0.00004000 0.00004131 -0.00000000 -0.00000000 0.00000000
0.00004000 0.00004131 0.00012031 -0.00000000 -0.00000000 0.00000000
0.00006855 0.00006855 0.00006855 -0.00000000 -0.00000000 0.00000000
0.00009176 0.00006986 -0.00001046 -0.00000000 -0.00000000 0.00000000
0.00006986 -0.00001046 0.00009176 -0.00000000 -0.00000000 0.00000000
-0.00001046 0.00009176 0.00006986 -0.00000000 -0.00000000 0.00000000
0.00001809 0.00001809 0.00001809 -0.00000000 -0.00000000 0.00000000
-0.00003786 -0.40362691 1.17586596 -0.00000000 0.00397300 -0.00169000
-0.00007326 -0.40364077 -1.17581446 -0.00000000 0.00397300 0.00169000
-0.00003786 0.40361037 1.17585409 -0.00000000 -0.00397300 -0.00169000
-0.00007326 0.40363074 -1.17581842 -0.00000000 -0.00397300 0.00169000
1.17586596 -0.00003786 -0.40362691 -0.00169000 -0.00000000 0.00397300
-1.17581446 -0.00007326 -0.40364077 0.00169000 -0.00000000 0.00397300
1.17585409 -0.00003786 0.40361037 -0.00169000 -0.00000000 -0.00397300
-1.17581842 -0.00007326 0.40363074 0.00169000 -0.00000000 -0.00397300
-0.40362691 1.17586596 -0.00003786 0.00397300 -0.00169000 0.00000000
-0.40364077 -1.17581446 -0.00007326 0.00397300 0.00169000 0.00000000
0.40361037 1.17585409 -0.00003786 -0.00397300 -0.00169000 0.00000000
0.40363074 -1.17581842 -0.00007326 -0.00397300 0.00169000 0.00000000
-0.00007326 -0.40364728 1.17582392 -0.00000000 0.00397300 -0.00169000
-0.00003786 -0.40361682 -1.17584630 -0.00000000 0.00397300 0.00169000
-0.00007326 0.40363725 1.17582787 -0.00000000 -0.00397300 -0.00169000
-0.00003786 0.40360028 -1.17583443 -0.00000000 -0.00397300 0.00169000
1.17582392 -0.00007326 -0.40364728 -0.00169000 -0.00000000 0.00397300
-1.17584630 -0.00003786 -0.40361682 0.00169000 -0.00000000 0.00397300
1.17582787 -0.00007326 0.40363725 -0.00169000 -0.00000000 -0.00397300
-1.17583443 -0.00003786 0.40360028 0.00169000 -0.00000000 -0.00397300
-0.40364728 1.17582392 -0.00007326 0.00397300 -0.00169000 0.00000000
-0.40361682 -1.17584630 -0.00003786 0.00397300 0.00169000 0.00000000
0.40363725 1.17582787 -0.00007326 -0.00397300 -0.00169000 0.00000000
0.40360028 -1.17583443 -0.00003786 -0.00397300 0.00169000 0.00000000
0.00001399 0.00000974 0.00000853 -0.00000000 -0.00000000 -0.00000000
0.00000974 0.00000853 0.00001399 -0.00000000 0.00000000 -0.00000000
0.00000853 0.00001399 0.00000974 0.00000000 -0.00000000 -0.00000000
-0.00000439 -0.00000439 -0.00000439 -0.00000000 -0.00000000 -0.00000000
0.00002267 0.00000107 -0.00000015 0.00000000 -0.00000000 -0.00000000
0.00000107 -0.00000015 0.00002267 0.00000000 0.00000000 -0.00000000
-0.00000015 0.00002267 0.00000107 -0.00000000 -0.00000000 -0.00000000
-0.00001307 -0.00001307 -0.00001307 -0.00000000 -0.00000000 -0.00000000
0.00000066 -0.40853540 1.34958966 0.00000000 0.05177300 0.20063999
0.00000041 -0.40856877 -1.34960592 -0.00000000 0.05177300 -0.20063999
0.00000066 0.40850627 1.34957157 0.00000000 -0.05177300 0.20063999
0.00000041 0.40856820 -1.34960346 0.00000000 -0.05177300 -0.20063999
1.34958966 0.00000066 -0.40853540 0.20063999 0.00000000 0.05177300
-1.34960592 0.00000041 -0.40856877 -0.20063999 -0.00000000 0.05177300
1.34957157 0.00000066 0.40850627 0.20063999 -0.00000000 -0.05177300
-1.34960346 0.00000041 0.40856820 -0.20063999 0.00000000 -0.05177300
-0.40853540 1.34958966 0.00000066 0.05177300 0.20063999 -0.00000000
-0.40856877 -1.34960592 0.00000041 0.05177300 -0.20063999 -0.00000000
0.40850627 1.34957157 0.00000066 -0.05177300 0.20063999 -0.00000000
0.40856820 -1.34960346 0.00000041 -0.05177300 -0.20063999 -0.00000000
0.00000041 -0.40857129 1.34960843 -0.00000000 0.05177300 0.20063999
0.00000066 -0.40852501 -1.34958381 -0.00000000 0.05177300 -0.20063999
0.00000041 0.40857072 1.34960597 0.00000000 -0.05177300 0.20063999
0.00000066 0.40849588 -1.34956573 -0.00000000 -0.05177300 -0.20063999
1.34960843 0.00000041 -0.40857129 0.20063999 -0.00000000 0.05177300
-1.34958381 0.00000066 -0.40852501 -0.20063999 0.00000000 0.05177300
1.34960597 0.00000041 0.40857072 0.20063999 0.00000000 -0.05177300
-1.34956573 0.00000066 0.40849588 -0.20063999 -0.00000000 -0.05177300
-0.40857129 1.34960843 0.00000041 0.05177300 0.20063999 -0.00000000
-0.40852501 -1.34958381 0.00000066 0.05177300 -0.20063999 -0.00000000
0.40857072 1.34960597 0.00000041 -0.05177300 0.20063999 -0.00000000
0.40849588 -1.34956573 0.00000066 -0.05177300 -0.20063999 -0.00000000
0.00001076 -0.00000126 -0.00000772 0.00000000 -0.00000000 0.00000000
-0.00000126 -0.00000772 0.00001076 0.00000000 -0.00000000 -0.00000000
-0.00000772 0.00001076 -0.00000126 0.00000000 -0.00000000 0.00000000
-0.00000320 -0.00000320 -0.00000320 0.00000000 -0.00000000 0.00000000
-0.00000577 0.00001527 0.00000882 0.00000000 -0.00000000 -0.00000000
0.00001527 0.00000882 -0.00000577 0.00000000 -0.00000000 0.00000000
0.00000882 -0.00000577 0.00001527 0.00000000 -0.00000000 -0.00000000
0.00001333 0.00001333 0.00001333 0.00000000 -0.00000000 -0.00000000
-0.00000827 -0.44459150 1.23989220 0.00000000 0.00215900 -0.00085300
-0.00000108 -0.44458462 -1.23990073 0.00000000 0.00215900 0.00085300
-0.00000827 0.44459302 1.23989508 0.00000000 -0.00215900 -0.00085300
-0.00000108 0.44458546 -1.23990072 0.00000000 -0.00215900 0.00085300
1.23989220 -0.00000827 -0.44459150 -0.00085300 -0.00000000 0.00215900
-1.23990073 -0.00000108 -0.44458462 0.00085300 -0.00000000 0.00215900
1.23989508 -0.00000827 0.44459302 -0.00085300 -0.00000000 -0.00215900
-1.23990072 -0.00000108 0.44458546 0.00085300 -0.00000000 -0.00215900
-0.44459150 1.23989220 -0.00000827 0.00215900 -0.00085300 0.00000000
-0.44458462 -1.23990073 -0.00000108 0.00215900 0.00085300 0.00000000
0.44459302 1.23989508 -0.00000827 -0.00215900 -0.00085300 -0.00000000
0.44458546 -1.23990072 -0.00000108 -0.00215900 0.00085300 -0.00000000
-0.00000108 -0.44458432 1.23990164 0.00000000 0.00215900 -0.00085300
-0.00000827 -0.44459189 -1.23989188 0.00000000 0.00215900 0.00085300
-0.00000108 0.44458516 1.23990163 0.00000000 -0.00215900 -0.00085300
-0.00000827 0.44459341 -1.23989476 0.00000000 -0.00215900 0.00085300
1.23990164 -0.00000108 -0.44458432 -0.00085300 -0.00000000 0.00215900
-1.23989188 -0.00000827 -0.44459189 0.00085300 -0.00000000 0.00215900
1.23990163 -0.00000108 0.44458516 -0.00085300 -0.00000000 -0.00215900
-1.23989476 -0.00000827 0.44459341 0.00085300 -0.00000000 -0.00215900
-0.44458432 1.23990164 -0.00000108 0.00215900 -0.00085300 0.00000000
-0.44459189 -1.23989188 -0.00000827 0.00215900 0.00085300 0.00000000
0.44458516 1.23990163 -0.00000108 -0.00215900 -0.00085300 -0.00000000
0.44459341 -1.23989476 -0.00000827 -0.00215900 0.00085300 -0.00000000
0.00000560 0.00004688 0.00005074 -0.00000000 -0.00000000 0.00000000
0.00004688 0.00005074 0.00000560 0.00000000 0.00000000 0.00000000
0.00005074 0.00000560 0.00004688 -0.00000000 -0.00000000 0.00000000
0.00005119 0.00005119 0.00005119 -0.00000000 -0.00000000 0.00000000
0.00004643 0.00000605 0.00000990 0.00000000 -0.00000000 0.00000000
0.00000605 0.00000990 0.00004643 0.00000000 0.00000000 0.00000000
0.00000990 0.00004643 0.00000605 -0.00000000 0.00000000 0.00000000
0.00001035 0.00001035 0.00001035 -0.00000000 -0.00000000 0.00000000
-0.00002402 -0.45657639 1.37249044 0.00000000 0.03537500 0.14252301
-0.00002140 -0.45656721 -1.37252400 -0.00000000 0.03537500 -0.14252301
-0.00002402 0.45658536 1.37248283 0.00000000 -0.03537500 0.14252301
-0.00002139 0.45656016 -1.37248324 0.00000000 -0.03537500 -0.14252301
1.37249044 -0.00002402 -0.45657639 0.14252301 -0.00000000 0.03537500
-1.37252400 -0.00002140 -0.45656721 -0.14252301 -0.00000000 0.03537500
1.37248283 -0.00002402 0.45658536 0.14252301 0.00000000 -0.03537500
-1.37248324 -0.00002139 0.45656016 -0.14252301 0.00000000 -0.03537500
-0.45657639 1.37249044 -0.00002402 0.03537500 0.14252301 0.00000000
-0.45656721 -1.37252400 -0.00002140 0.03537500 -0.14252301 0.00000000
0.45658536 1.37248283 -0.00002402 -0.03537500 0.14252301 0.00000000
0.45656016 -1.37248324 -0.00002139 -0.03537500 -0.14252301 0.00000000
-0.00002139 -0.45655926 1.37252213 -0.00000000 0.03537500 0.14252301
-0.00002402 -0.45658602 -1.37251324 -0.00000000 0.03537500 -0.14252301
-0.00002139 0.45655222 1.37248136 0.00000000 -0.03537500 0.14252301
-0.00002402 0.45659498 -1.37250562 0.00000000 -0.03537500 -0.14252301
1.37252213 -0.00002139 -0.45655926 0.14252301 -0.00000000 0.03537500
-1.37251324 -0.00002402 -0.45658602 -0.14252301 -0.00000000 0.03537500
1.37248136 -0.00002139 0.45655222 0.14252301 -0.00000000 -0.03537500
-1.37250562 -0.00002402 0.45659498 -0.14252301 0.00000000 -0.03537500
-0.45655926 1.37252213 -0.00002139 0.03537500 0.14252301 0.00000000
-0.45658602 -1.37251324 -0.00002402 0.03537500 -0.14252301 0.00000000
0.45655222 1.37248136 -0.00002139 -0.03537500 0.14252301 0.00000000
0.45659498 -1.37250562 -0.00002402 -0.03537500 -0.14252301 0.00000000
-0.00001163 -0.00010600 -0.00007821 -0.00000000 0.00000000 -0.00000000
-0.00010600 -0.00007821 -0.00001163 0.00000000 0.00000000 -0.00000000
-0.00007821 -0.00001163 -0.00010600 0.00000000 0.00000000 -0.00000000
-0.00010100 -0.00010100 -0.00010100 0.00000000 0.00000000 -0.00000000
-0.00008321 -0.00003442 -0.00000663 0.00000000 0.00000000 -0.00000000
-0.00003442 -0.00000663 -0.00008321 -0.00000000 0.00000000 -0.00000000
-0.00000663 -0.00008321 -0.00003442 -0.00000000 0.00000000 -0.00000000
-0.00002942 -0.00002942 -0.00002942 0.00000000 0.00000000 -0.00000000
0.00002012 -0.48278702 1.29895992 0.00000000 0.00182700 -0.00074200
0.00007244 -0.48276820 -1.29890909 -0.00000000 0.00182700 0.00074200
0.00002012 0.48278002 1.29896120 0.00000000 -0.00182700 -0.00074200
0.00007244 0.48277550 -1.29889609 -0.00000000 -0.00182700 0.00074200
1.29895992 0.00002012 -0.48278702 -0.00074200 0.00000000 0.00182700
-1.29890909 0.00007244 -0.48276820 0.00074200 0.00000000 0.00182700
1.29896120 0.00002012 0.48278002 -0.00074200 0.00000000 -0.00182700
-1.29889609 0.00007244 0.48277550 0.00074200 0.00000000 -0.00182700
-0.48278702 1.29895992 0.00002012 0.00182700 -0.00074200 -0.00000000
-0.48276820 -1.29890909 0.00007244 0.00182700 0.00074200 -0.00000000
0.48278002 1.29896120 0.00002012 -0.00182700 -0.00074200 -0.00000000
0.48277550 -1.29889609 0.00007244 -0.00182700 0.00074200 -0.00000000
0.00007244 -0.48279064 1.29896637 0.00000000 0.00182700 -0.00074200
0.00002012 -0.48278650 -1.29897736 -0.00000000 0.00182700 0.00074200
0.00007244 0.48279794 1.29895337 0.00000000 -0.00182700 -0.00074200
0.00002012 0.48277950 -1.29897865 -0.00000000 -0.00182700 0.00074200
1.29896637 0.00007244 -0.48279064 -0.00074200 0.00000000 0.00182700
-1.29897736 0.00002012 -0.48278650 0.00074200 0.00000000 0.00182700
1.29895337 0.00007244 0.48279794 -0.00074200 0.00000000 -0.00182700
-1.29897865 0.00002012 0.48277950 0.00074200 0.00000000 -0.00182700
-0.48279064 1.29896637 0.00007244 0.00182700 -0.00074200 -0.00000000
-0.48278650 -1.29897736 0.00002012 0.00182700 0.00074200 -0.00000000
0.48279794 1.29895337 0.00007244 -0.00182700 -0.00074200 -0.00000000
0.48277950 -1.29897865 0.00002012 -0.00182700 0.00074200 -0.00000000
-0.00003233 -0.00000697 0.00001763 -0.00000000 0.00000000 -0.00000000
-0.00000697 0.00001763 -0.00003233 -0.00000000 0.00000000 -0.00000000
0.00001763 -0.00003233 -0.00000697 -0.00000000 0.00000000 -0.00000000
0.00000245 0.00000245 0.00000245 -0.00000000 0.00000000 -0.00000000
0.00000821 -0.00004751 -0.00002291 -0.00000000 0.00000000 -0.00000000
-0.00004751 -0.00002291 0.00000821 -0.00000000 0.00000000 -0.00000000
-0.00002291 0.00000821 -0.00004751 -0.00000000 0.00000000 -0.00000000
-0.00003809 -0.00003809 -0.00003809 -0.00000000 0.00000000 -0.00000000
0.00000254 -0.45769208 1.29990811 -0.00000000 0.02024300 0.08561000
0.00001131 -0.45762193 -1.29977933 -0.00000000 0.02024300 -0.08561000
0.00000254 0.45769594 1.29990648 -0.00000000 -0.02024300 0.08561000
0.00001131 0.45763948 -1.29980906 -0.00000000 -0.02024300 -0.08561000
1.29990811 0.00000254 -0.45769208 0.08561000 0.00000000 0.02024300
-1.29977933 0.00001131 -0.45762193 -0.08561000 0.00000000 0.02024300
1.29990648 0.00000254 0.45769594 0.08561000 0.00000000 -0.02024300
-1.29980906 0.00001131 0.45763948 -0.08561000 0.00000000 -0.02024300
-0.45769208 1.29990811 0.00000254 0.02024300 0.08561000 -0.00000000
-0.45762193 -1.29977933 0.00001131 0.02024300 -0.08561000 -0.00000000
0.45769594 1.29990648 0.00000254 -0.02024300 0.08561000 -0.00000000
0.45763948 -1.29980906 0.00001131 -0.02024300 -0.08561000 -0.00000000
0.00001131 -0.45761474 1.29977509 -0.00000000 0.02024300 0.08561000
0.00000254 -0.45769139 -1.29989323 -0.00000000 0.02024300 -0.08561000
0.00001131 0.45763230 1.29980482 -0.00000000 -0.02024300 0.08561000
0.00000254 0.45769525 -1.29989160 -0.00000000 -0.02024300 -0.08561000
1.29977509 0.00001131 -0.45761474 0.08561000 0.00000000 0.02024300
-1.29989323 0.00000254 -0.45769139 -0.08561000 0.00000000 0.02024300
1.29980482 0.00001131 0.45763230 0.08561000 0.00000000 -0.02024300
-1.29989160 0.00000254 0.45769525 -0.08561000 0.00000000 -0.02024300
-0.45761474 1.29977509 0.00001131 0.02024300 0.08561000 -0.00000000
-0.45769139 -1.29989323 0.00000254 0.02024300 -0.08561000 -0.00000000
0.45763230 1.29980482 0.00001131 -0.02024300 0.08561000 -0.00000000
0.45769525 -1.29989160 0.00000254 -0.02024300 -0.08561000 -0.00000000
-0.00003256 -0.00000706 0.00001785 -0.00000000 0.00000000 -0.00000000
-0.00000706 0.00001785 -0.00003256 0.00000000 0.00000000 -0.00000000
0.00001785 -0.00003256 -0.00000706 0.00000000 0.00000000 -0.00000000
0.00000250 0.00000250 0.00000250 0.00000000 0.00000000 -0.00000000
0.00000830 -0.00004792 -0.00002300 -0.00000000 0.00000000 -0.00000000
-0.00004792 -0.00002300 0.00000830 -0.00000000 0.00000000 -0.00000000
-0.00002300 0.00000830 -0.00004792 0.00000000 0.00000000 -0.00000000
-0.00003836 -0.00003836 -0.00003836 0.00000000 0.00000000 -0.00000000
0.00000213 -0.47492607 1.26038565 0.00000000 0.00024000 -0.00008100
0.00001175 -0.47485654 -1.26025985 0.00000000 0.00024000 0.00008100
0.00000213 0.47493042 1.26038400 -0.00000000 -0.00024000 -0.00008100
0.00001175 0.47487371 -1.26028949 -0.00000000 -0.00024000 0.00008100
1.26038565 0.00000213 -0.47492607 -0.00008100 0.00000000 0.00024000
-1.26025985 0.00001175 -0.47485654 0.00008100 0.00000000 0.00024000
1.26038400 0.00000213 0.47493042 -0.00008100 0.00000000 -0.00024000
-1.26028949 0.00001175 0.47487371 0.00008100 0.00000000 -0.00024000
-0.47492607 1.26038565 0.00000213 0.00024000 -0.00008100 -0.00000000
-0.47485654 -1.26025985 0.00001175 0.00024000 0.00008100 -0.00000000
0.47493042 1.26038400 0.00000213 -0.00024000 -0.00008100 -0.00000000
0.47487371 -1.26028949 0.00001175 -0.00024000 0.00008100 -0.00000000
0.00001175 -0.47484935 1.26025590 0.00000000 0.00024000 -0.00008100
0.00000213 -0.47492551 -1.26037086 0.00000000 0.00024000 0.00008100
0.00001175 0.47486652 1.26028553 0.00000000 -0.00024000 -0.00008100
0.00000213 0.47492986 -1.26036921 -0.00000000 -0.00024000 0.00008100
1.26025590 0.00001175 -0.47484935 -0.00008100 0.00000000 0.00024000
-1.26037086 0.00000213 -0.47492551 0.00008100 0.00000000 0.00024000
1.26028553 0.00001175 0.47486652 -0.00008100 0.00000000 -0.00024000
-1.26036921 0.00000213 0.47492986 0.00008100 0.00000000 -0.00024000
-0.47484935 1.26025590 0.00001175 0.00024000 -0.00008100 -0.00000000
-0.47492551 -1.26037086 0.00000213 0.00024000 0.00008100 -0.00000000
0.47486652 1.26028553 0.00001175 -0.00024000 -0.00008100 -0.00000000
0.47492986 -1.26036921 0.00000213 -0.00024000 0.00008100 -0.00000000
0.00000167 -0.00001526 -0.00000620 -0.00000000 -0.00000000 0.00000000
-0.00001526 -0.00000620 0.00000167 -0.00000000 -0.00000000 -0.00000000
-0.00000620 0.00000167 -0.00001526 0.00000000 -0.00000000 0.00000000
-0.00001157 -0.00001157 -0.00001157 -0.00000000 -0.00000000 -0.00000000
-0.00000988 -0.00000371 0.00000535 -0.00000000 -0.00000000 0.00000000
-0.00000371 0.00000535 -0.00000988 0.00000000 -0.00000000 -0.00000000
0.00000535 -0.00000988 -0.00000371 0.00000000 -0.00000000 0.00000000
-0.00000002 -0.00000002 -0.00000002 -0.00000000 -0.00000000 -0.00000000
0.00000405 -0.45846186 1.26444598 -0.00000000 0.01312500 0.05758300
-0.00000001 -0.45845181 -1.26449805 0.00000000 0.01312500 -0.05758300
0.00000405 0.45846903 1.26445877 -0.00000000 -0.01312500 0.05758300
-0.00000001 0.45845258 -1.26449540 -0.00000000 -0.01312500 -0.05758300
1.26444598 0.00000405 -0.45846186 0.05758300 -0.00000000 0.01312500
-1.26449805 -0.00000001 -0.45845181 -0.05758300 -0.00000000 0.01312500
1.26445877 0.00000405 0.45846903 0.05758300 -0.00000000 -0.01312500
-1.26449540 -0.00000001 0.45845258 -0.05758300 -0.00000000 -0.01312500
-0.45846186 1.26444598 0.00000405 0.01312500 0.05758300 -0.00000000
-0.45845181 -1.26449805 -0.00000001 0.01312500 -0.05758300 -0.00000000
0.45846903 1.26445877 0.00000405 -0.01312500 0.05758300 0.00000000
0.45845258 -1.26449540 -0.00000001 -0.01312500 -0.05758300 0.00000000
-0.00000001 -0.45845242 1.26450448 0.00000000 0.01312500 0.05758300
0.00000405 -0.45846508 -1.26444863 0.00000000 0.01312500 -0.05758300
-0.00000001 0.45845318 1.26450183 -0.00000000 -0.01312500 0.05758300
0.00000405 0.45847225 -1.26446142 0.00000000 -0.01312500 -0.05758300
1.26450448 -0.00000001 -0.45845242 0.05758300 -0.00000000 0.01312500
-1.26444863 0.00000405 -0.45846508 -0.05758300 -0.00000000 0.01312500
1.26450183 -0.00000001 0.45845318 0.05758300 -0.00000000 -0.01312500
-1.26446142 0.00000405 0.45847225 -0.05758300 -0.00000000 -0.01312500
-0.45845242 1.26450448 -0.00000001 0.01312500 0.05758300 -0.00000000
-0.45846508 -1.26444863 0.00000405 0.01312500 -0.05758300 -0.00000000
0.45845318 1.26450183 -0.00000001 -0.01312500 0.05758300 0.00000000
0.45847225 -1.26446142 0.00000405 -0.01312500 -0.05758300 0.00000000
0.00001140 -0.00000100 -0.00004317 0.00000000 -0.00000000 0.00000000
-0.00000100 -0.00004317 0.00001140 -0.00000000 -0.00000000 0.00000000
-0.00004317 0.00001140 -0.00000100 0.00000000 -0.00000000 0.00000000
-0.00003549 -0.00003549 -0.00003549 -0.00000000 -0.00000000 0.00000000
-0.00000867 0.00001908 -0.00002309 -0.00000000 0.00000000 0.00000000
0.00001908 -0.00002309 -0.00000867 0.00000000 0.00000000 0.00000000
-0.00002309 -0.00000867 0.00001908 0.00000000 0.00000000 0.00000000
-0.00001542 -0.00001542 -0.00001542 0.00000000 0.00000000 0.00000000
0.00000923 -0.46959147 1.23810122 -0.00000000 0.00016300 -0.00017000
0.00001308 -0.46963387 -1.23815521 0.00000000 0.00016300 0.00017000
0.00000923 0.46960450 1.23811430 -0.00000000 -0.00016300 -0.00017000
0.00001308 0.46962134 -1.23816009 0.00000000 -0.00016300 0.00017000
1.23810122 0.00000923 -0.46959147 -0.00017000 0.00000000 0.00016300
-1.23815521 0.00001308 -0.46963387 0.00017000 -0.00000000 0.00016300
1.23811430 0.00000923 0.46960450 -0.00017000 0.00000000 -0.00016300
-1.23816009 0.00001308 0.46962134 0.00017000 -0.00000000 -0.00016300
-0.46959147 1.23810122 0.00000923 0.00016300 -0.00017000 0.00000000
-0.46963387 -1.23815521 0.00001308 0.00016300 0.00017000 0.00000000
0.46960450 1.23811430 0.00000923 -0.00016300 -0.00017000 0.00000000
0.46962134 -1.23816009 0.00001308 -0.00016300 0.00017000 0.00000000
0.00001308 -0.46964445 1.23816451 -0.00000000 0.00016300 -0.00017000
0.00000923 -0.46959411 -1.23810746 0.00000000 0.00016300 0.00017000
0.00001308 0.46963191 1.23816940 -0.00000000 -0.00016300 -0.00017000
0.00000923 0.46960714 -1.23812054 0.00000000 -0.00016300 0.00017000
1.23816451 0.00001308 -0.46964445 -0.00017000 0.00000000 0.00016300
-1.23810746 0.00000923 -0.46959411 0.00017000 -0.00000000 0.00016300
1.23816940 0.00001308 0.46963191 -0.00017000 0.00000000 -0.00016300
-1.23812054 0.00000923 0.46960714 0.00017000 0.00000000 -0.00016300
-0.46964445 1.23816451 0.00001308 0.00016300 -0.00017000 0.00000000
-0.46959411 -1.23810746 0.00000923 0.00016300 0.00017000 0.00000000
0.46963191 1.23816940 0.00001308 -0.00016300 -0.00017000 0.00000000
0.46960714 -1.23812054 0.00000923 -0.00016300 0.00017000 0.00000000
0.00002732 -0.00002345 0.00000010 -0.00000000 0.00000000 0.00000000
-0.00002345 0.00000010 0.00002732 -0.00000000 -0.00000000 0.00000000
0.00000010 0.00002732 -0.00002345 0.00000000 -0.00000000 0.00000000
-0.00001030 -0.00001030 -0.00001030 -0.00000000 -0.00000000 0.00000000
-0.00001305 0.00001692 0.00004048 -0.00000000 0.00000000 0.00000000
0.00001692 0.00004048 -0.00001305 0.00000000 0.00000000 0.00000000
0.00004048 -0.00001305 0.00001692 0.00000000 -0.00000000 0.00000000
0.00003007 0.00003007 0.00003007 0.00000000 -0.00000000 0.00000000
-0.00000889 -0.45932797 1.22978844 0.00000000 0.00629000 0.02982900
-0.00001646 -0.45935053 -1.22980624 0.00000000 0.00629000 -0.02982900
-0.00000889 0.45933614 1.22976883 0.00000000 -0.00629000 0.02982900
-0.00001646 0.45936981 -1.22980818 0.00000000 -0.00629000 -0.02982900
1.22978844 -0.00000889 -0.45932797 0.02982900 0.00000000 0.00629000
-1.22980624 -0.00001646 -0.45935053 -0.02982900 -0.00000000 0.00629000
1.22976883 -0.00000889 0.45933614 0.02982900 0.00000000 -0.00629000
-1.22980818 -0.00001646 0.45936981 -0.02982900 -0.00000000 -0.00629000
-0.45932797 1.22978844 -0.00000889 0.00629000 0.02982900 0.00000000
-0.45935053 -1.22980624 -0.00001646 0.00629000 -0.02982900 0.00000000
0.45933614 1.22976883 -0.00000889 -0.00629000 0.02982900 0.00000000
0.45936981 -1.22980818 -0.00001646 -0.00629000 -0.02982900 0.00000000
-0.00001646 -0.45933981 1.22979308 -0.00000000 0.00629000 0.02982900
-0.00000889 -0.45933694 -1.22978606 0.00000000 0.00629000 -0.02982900
-0.00001646 0.45935909 1.22979502 -0.00000000 -0.00629000 0.02982900
-0.00000889 0.45934511 -1.22976646 -0.00000000 -0.00629000 -0.02982900
1.22979308 -0.00001646 -0.45933981 0.02982900 0.00000000 0.00629000
-1.22978606 -0.00000889 -0.45933694 -0.02982900 0.00000000 0.00629000
1.22979502 -0.00001646 0.45935909 0.02982900 -0.00000000 -0.00629000
-1.22976646 -0.00000889 0.45934511 -0.02982900 -0.00000000 -0.00629000
-0.45933981 1.22979308 -0.00001646 0.00629000 0.02982900 0.00000000
-0.45933694 -1.22978606 -0.00000889 0.00629000 -0.02982900 0.00000000
0.45935909 1.22979502 -0.00001646 -0.00629000 0.02982900 0.00000000
0.45934511 -1.22976646 -0.00000889 -0.00629000 -0.02982900 0.00000000
0.00001807 -0.00002134 -0.00000638 0.00000000 -0.00000000 -0.00000000
-0.00002134 -0.00000638 0.00001807 -0.00000000 -0.00000000 0.00000000
-0.00000638 0.00001807 -0.00002134 -0.00000000 -0.00000000 -0.00000000
-0.00000527 -0.00000527 -0.00000527 0.00000000 0.00000000 0.00000000
-0.00002244 0.00001918 0.00003414 0.00000000 -0.00000000 -0.00000000
0.00001918 0.00003414 -0.00002244 -0.00000000 -0.00000000 0.00000000
0.00003414 -0.00002244 0.00001918 0.00000000 0.00000000 -0.00000000
0.00003525 0.00003525 0.00003525 -0.00000000 0.00000000 -0.00000000
0.00000025 -0.46253936 1.21634307 -0.00000000 0.00333000 -0.00041800
-0.00000734 -0.46255040 -1.21635406 -0.00000000 0.00333000 0.00041800
0.00000025 0.46252762 1.21632723 0.00000000 -0.00333000 -0.00041800
-0.00000734 0.46254977 -1.21635980 0.00000000 -0.00333000 0.00041800
1.21634307 0.00000025 -0.46253936 -0.00041800 0.00000000 0.00333000
-1.21635406 -0.00000734 -0.46255040 0.00041800 -0.00000000 0.00333000
1.21632723 0.00000025 0.46252762 -0.00041800 -0.00000000 -0.00333000
-1.21635980 -0.00000734 0.46254977 0.00041800 -0.00000000 -0.00333000
-0.46253936 1.21634307 0.00000025 0.00333000 -0.00041800 0.00000000
-0.46255040 -1.21635406 -0.00000734 0.00333000 0.00041800 -0.00000000
0.46252762 1.21632723 0.00000025 -0.00333000 -0.00041800 0.00000000
0.46254977 -1.21635980 -0.00000734 -0.00333000 0.00041800 -0.00000000
-0.00000734 -0.46255125 1.21634674 -0.00000000 0.00333000 -0.00041800
0.00000025 -0.46253680 -1.21633482 -0.00000000 0.00333000 0.00041800
-0.00000734 0.46255062 1.21635248 0.00000000 -0.00333000 -0.00041800
0.00000025 0.46252505 -1.21631897 0.00000000 -0.00333000 0.00041800
1.21634674 -0.00000734 -0.46255125 -0.00041800 0.00000000 0.00333000
-1.21633482 0.00000025 -0.46253680 0.00041800 0.00000000 0.00333000
1.21635248 -0.00000734 0.46255062 -0.00041800 0.00000000 -0.00333000
-1.21631897 0.00000025 0.46252505 0.00041800 -0.00000000 -0.00333000
-0.46255125 1.21634674 -0.00000734 0.00333000 -0.00041800 -0.00000000
-0.46253680 -1.21633482 0.00000025 0.00333000 0.00041800 -0.00000000
0.46255062 1.21635248 -0.00000734 -0.00333000 -0.00041800 0.00000000
0.46252505 -1.21631897 0.00000025 -0.00333000 0.00041800 -0.00000000
-0.00002568 0.00005423 0.00003581 0.00000000 -0.00000000 -0.00000000
0.00005423 0.00003581 -0.00002568 0.00000000 -0.00000000 -0.00000000
0.00003581 -0.00002568 0.00005423 0.00000000 -0.00000000 -0.00000000
0.00004711 0.00004711 0.00004711 0.00000000 -0.00000000 -0.00000000
0.00004292 -0.00001437 -0.00003279 0.00000000 -0.00000000 0.00000000
-0.00001437 -0.00003279 0.00004292 0.00000000 -0.00000000 -0.00000000
-0.00003279 0.00004292 -0.00001437 0.00000000 -0.00000000 0.00000000
-0.00002149 -0.00002149 -0.00002149 0.00000000 -0.00000000 0.00000000
-0.00000072 -0.46030954 1.19579383 0.00000000 -0.00027000 0.00236100
-0.00000658 -0.46026828 -1.19579349 0.00000000 -0.00027000 -0.00236100
-0.00000072 0.46030704 1.19579793 0.00000000 0.00027000 0.00236100
-0.00000658 0.46025167 -1.19576347 0.00000000 0.00027000 -0.00236100
1.19579383 -0.00000072 -0.46030954 0.00236100 -0.00000000 -0.00027000
-1.19579349 -0.00000658 -0.46026828 -0.00236100 -0.00000000 -0.00027000
1.19579793 -0.00000072 0.46030704 0.00236100 -0.00000000 0.00027000
-1.19576347 -0.00000658 0.46025167 -0.00236100 -0.00000000 0.00027000
-0.46030954 1.19579383 -0.00000072 -0.00027000 0.00236100 0.00000000
-0.46026828 -1.19579349 -0.00000658 -0.00027000 -0.00236100 0.00000000
0.46030704 1.19579793 -0.00000072 0.00027000 0.00236100 -0.00000000
0.46025167 -1.19576347 -0.00000658 0.00027000 -0.00236100 -0.00000000
-0.00000658 -0.46027553 1.19579867 0.00000000 -0.00027000 0.00236100
-0.00000072 -0.46031043 -1.19580817 0.00000000 -0.00027000 -0.00236100
-0.00000658 0.46025892 1.19576865 0.00000000 0.00027000 0.00236100
-0.00000072 0.46030793 -1.19581228 0.00000000 0.00027000 -0.00236100
1.19579867 -0.00000658 -0.46027553 0.00236100 -0.00000000 -0.00027000
-1.19580817 -0.00000072 -0.46031043 -0.00236100 -0.00000000 -0.00027000
1.19576865 -0.00000658 0.46025892 0.00236100 -0.00000000 0.00027000
-1.19581228 -0.00000072 0.46030793 -0.00236100 -0.00000000 0.00027000
-0.46027553 1.19579867 -0.00000658 -0.00027000 0.00236100 0.00000000
-0.46031043 -1.19580817 -0.00000072 -0.00027000 -0.00236100 0.00000000
0.46025892 1.19576865 -0.00000658 0.00027000 0.00236100 -0.00000000
0.46030793 -1.19581228 -0.00000072 0.00027000 -0.00236100 -0.00000000
-0.00002568 0.00005423 0.00003581 0.00000000 -0.00000000 -0.00000000
0.00005423 0.00003581 -0.00002568 0.00000000 -0.00000000 -0.00000000
0.00003581 -0.00002568 0.00005423 0.00000000 -0.00000000 -0.00000000
0.00004711 0.00004711 0.00004711 0.00000000 -0.00000000 -0.00000000
0.00004292 -0.00001437 -0.00003279 0.00000000 -0.00000000 0.00000000
-0.00001437 -0.00003279 0.00004292 0.00000000 -0.00000000 -0.00000000
-0.00003279 0.00004292 -0.00001437 0.00000000 -0.00000000 0.00000000
-0.00002149 -0.00002149 -0.00002149 0.00000000 -0.00000000 0.00000000
-0.00000072 -0.46030954 1.19579383 0.00000000 -0.00027000 0.00236100
-0.00000658 -0.46026828 -1.19579349 0.00000000 -0.00027000 -0.00236100
-0.00000072 0.46030704 1.19579793 0.00000000 0.00027000 0.00236100
-0.00000658 0.46025167 -1.19576347 0.00000000 0.00027000 -0.00236100
1.19579383 -0.00000072 -0.46030954 0.00236100 -0.00000000 -0.00027000
-1.19579349 -0.00000658 -0.46026828 -0.00236100 -0.00000000 -0.00027000
1.19579793 -0.00000072 0.46030704 0.00236100 -0.00000000 0.00027000
-1.19576347 -0.00000658 0.46025167 -0.00236100 -0.00000000 0.00027000
-0.46030954 1.19579383 -0.00000072 -0.00027000 0.00236100 0.00000000
-0.46026828 -1.19579349 -0.00000658 -0.00027000 -0.00236100 0.00000000
0.46030704 1.19579793 -0.00000072 0.00027000 0.00236100 -0.00000000
0.46025167 -1.19576347 -0.00000658 0.00027000 -0.00236100 -0.00000000
-0.00000658 -0.46027553 1.19579867 0.00000000 -0.00027000 0.00236100
-0.00000072 -0.46031043 -1.19580817 0.00000000 -0.00027000 -0.00236100
-0.00000658 0.46025892 1.19576865 0.00000000 0.00027000 0.00236100
-0.00000072 0.46030793 -1.19581228 0.00000000 0.00027000 -0.00236100
1.19579867 -0.00000658 -0.46027553 0.00236100 -0.00000000 -0.00027000
-1.19580817 -0.00000072 -0.46031043 -0.00236100 -0.00000000 -0.00027000
1.19576865 -0.00000658 0.46025892 0.00236100 -0.00000000 0.00027000
-1.19581228 -0.00000072 0.46030793 -0.00236100 -0.00000000 0.00027000
-0.46027553 1.19579867 -0.00000658 -0.00027000 0.00236100 0.00000000
-0.46031043 -1.19580817 -0.00000072 -0.00027000 -0.00236100 0.00000000
0.46025892 1.19576865 -0.00000658 0.00027000 0.00236100 -0.00000000
0.46030793 -1.19581228 -0.00000072 0.00027000 -0.00236100 -0.00000000
0.00001218 0.00001050 0.00002621 -0.00000000 -0.00000000 0.00000000
0.00001050 0.00002621 0.00001218 0.00000000 -0.00000000 -0.00000000
0.00002621 0.00001218 0.00001050 0.00000000 -0.00000000 0.00000000
0.00003011 0.00003011 0.00003011 -0.00000000 -0.00000000 0.00000000
0.00000660 0.00001608 0.00003179 0.00000000 -0.00000000 -0.00000000
0.00001608 0.00003179 0.00000660 -0.00000000 -0.00000000 0.00000000
0.00003179 0.00000660 0.00001608 -0.00000000 -0.00000000 0.00000000
0.00003569 0.00003569 0.00003569 -0.00000000 -0.00000000 -0.00000000
-0.00001589 -0.46135309 1.16247140 -0.00000000 -0.00656200 -0.02491600
-0.00001753 -0.46135122 -1.16250107 0.00000000 -0.00656200 0.02491600
-0.00001588 0.46135248 1.16244984 0.00000000 0.00656200 -0.02491600
-0.00001753 0.46134913 -1.16247274 0.00000000 0.00656200 0.02491600
1.16247140 -0.00001589 -0.46135309 -0.02491600 -0.00000000 -0.00656200
-1.16250107 -0.00001753 -0.46135122 0.02491600 -0.00000000 -0.00656200
1.16244984 -0.00001588 0.46135248 -0.02491600 -0.00000000 0.00656200
-1.16247274 -0.00001753 0.46134913 0.02491600 -0.00000000 0.00656200
-0.46135309 1.16247140 -0.00001589 -0.00656200 -0.02491600 0.00000000
-0.46135122 -1.16250107 -0.00001753 -0.00656200 0.02491600 0.00000000
0.46135248 1.16244984 -0.00001588 0.00656200 -0.02491600 -0.00000000
0.46134913 -1.16247274 -0.00001753 0.00656200 0.02491600 -0.00000000
-0.00001753 -0.46134882 1.16249516 -0.00000000 -0.00656200 -0.02491600
-0.00001589 -0.46135658 -1.16248053 0.00000000 -0.00656200 0.02491600
-0.00001753 0.46134672 1.16246683 0.00000000 0.00656200 -0.02491600
-0.00001589 0.46135596 -1.16245897 0.00000000 0.00656200 0.02491600
1.16249516 -0.00001753 -0.46134882 -0.02491600 -0.00000000 -0.00656200
-1.16248053 -0.00001589 -0.46135658 0.02491600 -0.00000000 -0.00656200
1.16246683 -0.00001753 0.46134672 -0.02491600 -0.00000000 0.00656200
-1.16245897 -0.00001589 0.46135596 0.02491600 -0.00000000 0.00656200
-0.46134882 1.16249516 -0.00001753 -0.00656200 -0.02491600 0.00000000
-0.46135658 -1.16248053 -0.00001589 -0.00656200 0.02491600 0.00000000
0.46134672 1.16246683 -0.00001753 0.00656200 -0.02491600 -0.00000000
0.46135596 -1.16245897 -0.00001589 0.00656200 0.02491600 -0.00000000
0.00001192 0.00001061 0.00002658 0.00000000 -0.00000000 -0.00000000
0.00001061 0.00002658 0.00001192 -0.00000000 -0.00000000 -0.00000000
0.00002658 0.00001192 0.00001061 -0.00000000 -0.00000000 -0.00000000
0.00003026 0.00003026 0.00003026 0.00000000 -0.00000000 -0.00000000
0.00000693 0.00001560 0.00003157 -0.00000000 -0.00000000 -0.00000000
0.00001560 0.00003157 0.00000693 -0.00000000 -0.00000000 -0.00000000
0.00003157 0.00000693 0.00001560 -0.00000000 -0.00000000 -0.00000000
0.00003525 0.00003525 0.00003525 0.00000000 -0.00000000 -0.00000000
-0.00001618 -0.45806485 1.17376201 0.00000000 -0.00320800 0.00084200
-0.00001754 -0.45806140 -1.17379115 -0.00000000 -0.00320800 -0.00084200
-0.00001618 0.45806517 1.17374025 0.00000000 0.00320800 0.00084200
-0.00001753 0.45805937 -1.17376291 -0.00000000 0.00320800 -0.00084200
1.17376201 -0.00001618 -0.45806485 0.00084200 -0.00000000 -0.00320800
-1.17379115 -0.00001754 -0.45806140 -0.00084200 -0.00000000 -0.00320800
1.17374025 -0.00001618 0.45806517 0.00084200 -0.00000000 0.00320800
-1.17376291 -0.00001753 0.45805937 -0.00084200 -0.00000000 0.00320800
-0.45806485 1.17376201 -0.00001618 -0.00320800 0.00084200 -0.00000000
-0.45806140 -1.17379115 -0.00001754 -0.00320800 -0.00084200 -0.00000000
0.45806517 1.17374025 -0.00001618 0.00320800 0.00084200 -0.00000000
0.45805937 -1.17376291 -0.00001753 0.00320800 -0.00084200 -0.00000000
-0.00001753 -0.45805898 1.17378524 0.00000000 -0.00320800 0.00084200
-0.00001618 -0.45806876 -1.17377133 -0.00000000 -0.00320800 -0.00084200
-0.00001753 0.45805695 1.17375701 0.00000000 0.00320800 0.00084200
-0.00001618 0.45806909 -1.17374957 -0.00000000 0.00320800 -0.00084200
1.17378524 -0.00001753 -0.45805898 0.00084200 -0.00000000 -0.00320800
-1.17377133 -0.00001618 -0.45806876 -0.00084200 -0.00000000 -0.00320800
1.17375701 -0.00001753 0.45805695 0.00084200 -0.00000000 0.00320800
-1.17374957 -0.00001618 0.45806909 -0.00084200 -0.00000000 0.00320800
-0.45805898 1.17378524 -0.00001753 -0.00320800 0.00084200 -0.00000000
-0.45806876 -1.17377133 -0.00001618 -0.00320800 -0.00084200 -0.00000000
0.45805695 1.17375701 -0.00001753 0.00320800 0.00084200 -0.00000000
0.45806909 -1.17374957 -0.00001618 0.00320800 -0.00084200 -0.00000000
-0.00002501 -0.00000905 0.00001020 0.00000000 0.00000000 0.00000000
-0.00000905 0.00001020 -0.00002501 0.00000000 -0.00000000 0.00000000
0.00001020 -0.00002501 -0.00000905 0.00000000 0.00000000 0.00000000
0.00000074 0.00000074 0.00000074 -0.00000000 -0.00000000 0.00000000
0.00000041 -0.00003447 -0.00001522 -0.00000000 0.00000000 0.00000000
-0.00003447 -0.00001522 0.00000041 0.00000000 0.00000000 -0.00000000
-0.00001522 0.00000041 -0.00003447 0.00000000 -0.00000000 0.00000000
-0.00002468 -0.00002468 -0.00002468 -0.00000000 -0.00000000 -0.00000000
0.00000216 -0.46259510 1.12964901 0.00000000 -0.01258800 -0.05183100
0.00001116 -0.46257074 -1.12957285 -0.00000000 -0.01258800 0.05183100
0.00000216 0.46260316 1.12965612 0.00000000 0.01258800 -0.05183100
0.00001116 0.46256724 -1.12960197 -0.00000000 0.01258800 0.05183100
1.12964901 0.00000216 -0.46259510 -0.05183100 -0.00000000 -0.01258800
-1.12957285 0.00001116 -0.46257074 0.05183100 -0.00000000 -0.01258800
1.12965612 0.00000216 0.46260316 -0.05183100 -0.00000000 0.01258800
-1.12960197 0.00001116 0.46256724 0.05183100 -0.00000000 0.01258800
-0.46259510 1.12964901 0.00000216 -0.01258800 -0.05183100 -0.00000000
-0.46257074 -1.12957285 0.00001116 -0.01258800 0.05183100 0.00000000
0.46260316 1.12965612 0.00000216 0.01258800 -0.05183100 0.00000000
0.46256724 -1.12960197 0.00001116 0.01258800 0.05183100 0.00000000
0.00001116 -0.46257368 1.12957923 0.00000000 -0.01258800 -0.05183100
0.00000216 -0.46259624 -1.12963802 -0.00000000 -0.01258800 0.05183100
0.00001116 0.46257018 1.12960835 0.00000000 0.01258800 -0.05183100
0.00000216 0.46260430 -1.12964514 -0.00000000 0.01258800 0.05183100
1.12957923 0.00001116 -0.46257368 -0.05183100 0.00000000 -0.01258800
-1.12963802 0.00000216 -0.46259624 0.05183100 0.00000000 -0.01258800
1.12960835 0.00001116 0.46257018 -0.05183100 -0.00000000 0.01258800
-1.12964514 0.00000216 0.46260430 0.05183100 -0.00000000 0.01258800
-0.46257368 1.12957923 0.00001116 -0.01258800 -0.05183100 -0.00000000
-0.46259624 -1.12963802 0.00000216 -0.01258800 0.05183100 -0.00000000
0.46257018 1.12960835 0.00001116 0.01258800 -0.05183100 -0.00000000
0.46260430 -1.12964514 0.00000216 0.01258800 0.05183100 -0.00000000
-0.00001005 0.00000314 -0.00001280 0.00000000 0.00000000 0.00000000
0.00000314 -0.00001280 -0.00001005 0.00000000 0.00000000 0.00000000
-0.00001280 -0.00001005 0.00000314 0.00000000 0.00000000 0.00000000
-0.00002070 -0.00002070 -0.00002070 0.00000000 0.00000000 0.00000000
0.00001104 -0.00001795 -0.00003389 0.00000000 0.00000000 0.00000000
-0.00001795 -0.00003389 0.00001104 0.00000000 0.00000000 0.00000000
-0.00003389 0.00001104 -0.00001795 0.00000000 0.00000000 0.00000000
-0.00004179 -0.00004179 -0.00004179 0.00000000 0.00000000 0.00000000
0.00000546 -0.45213935 1.15231895 0.00000000 -0.00014600 -0.00005200
0.00000743 -0.45216067 -1.15225804 0.00000000 -0.00014600 0.00005200
0.00000546 0.45215343 1.15232899 0.00000000 0.00014600 -0.00005200
0.00000743 0.45218279 -1.15228595 0.00000000 0.00014600 0.00005200
1.15231895 0.00000546 -0.45213935 -0.00005200 0.00000000 -0.00014600
-1.15225804 0.00000743 -0.45216067 0.00005200 0.00000000 -0.00014600
1.15232899 0.00000546 0.45215343 -0.00005200 0.00000000 0.00014600
-1.15228595 0.00000743 0.45218279 0.00005200 0.00000000 0.00014600
-0.45213935 1.15231895 0.00000546 -0.00014600 -0.00005200 0.00000000
-0.45216067 -1.15225804 0.00000743 -0.00014600 0.00005200 0.00000000
0.45215343 1.15232899 0.00000546 0.00014600 -0.00005200 0.00000000
0.45218279 -1.15228595 0.00000743 0.00014600 0.00005200 0.00000000
0.00000743 -0.45215099 1.15225281 0.00000000 -0.00014600 -0.00005200
0.00000546 -0.45214445 -1.15231420 0.00000000 -0.00014600 0.00005200
0.00000743 0.45217311 1.15228072 0.00000000 0.00014600 -0.00005200
0.00000546 0.45215853 -1.15232424 0.00000000 0.00014600 0.00005200
1.15225281 0.00000743 -0.45215099 -0.00005200 0.00000000 -0.00014600
-1.15231420 0.00000546 -0.45214445 0.00005200 0.00000000 -0.00014600
1.15228072 0.00000743 0.45217311 -0.00005200 0.00000000 0.00014600
-1.15232424 0.00000546 0.45215853 0.00005200 0.00000000 0.00014600
-0.45215099 1.15225281 0.00000743 -0.00014600 -0.00005200 0.00000000
-0.45214445 -1.15231420 0.00000546 -0.00014600 0.00005200 0.00000000
0.45217311 1.15228072 0.00000743 0.00014600 -0.00005200 0.00000000
0.45215853 -1.15232424 0.00000546 0.00014600 0.00005200 0.00000000
0.00002425 0.00000186 -0.00001675 0.00000000 -0.00000000 -0.00000000
0.00000186 -0.00001675 0.00002425 -0.00000000 -0.00000000 -0.00000000
-0.00001675 0.00002425 0.00000186 -0.00000000 0.00000000 -0.00000000
-0.00000600 -0.00000600 -0.00000600 -0.00000000 -0.00000000 -0.00000000
-0.00000889 0.00003500 0.00001639 -0.00000000 0.00000000 0.00000000
0.00003500 0.00001639 -0.00000889 0.00000000 0.00000000 -0.00000000
0.00001639 -0.00000889 0.00003500 0.00000000 -0.00000000 0.00000000
0.00002715 0.00002715 0.00002715 0.00000000 0.00000000 0.00000000
-0.00000011 -0.46384248 1.09737127 0.00000000 -0.01833700 -0.07855300
-0.00000166 -0.46381043 -1.09735635 -0.00000000 -0.01833700 0.07855300
-0.00000011 0.46383648 1.09736851 0.00000000 0.01833700 -0.07855300
-0.00000166 0.46379362 -1.09732896 -0.00000000 0.01833700 0.07855300
1.09737127 -0.00000011 -0.46384248 -0.07855300 -0.00000000 -0.01833700
-1.09735635 -0.00000166 -0.46381043 0.07855300 -0.00000000 -0.01833700
1.09736851 -0.00000011 0.46383648 -0.07855300 0.00000000 0.01833700
-1.09732896 -0.00000166 0.46379362 0.07855300 0.00000000 0.01833700
-0.46384248 1.09737127 -0.00000011 -0.01833700 -0.07855300 -0.00000000
-0.46381043 -1.09735635 -0.00000166 -0.01833700 0.07855300 -0.00000000
0.46383648 1.09736851 -0.00000011 0.01833700 -0.07855300 0.00000000
0.46379362 -1.09732896 -0.00000166 0.01833700 0.07855300 0.00000000
-0.00000166 -0.46381767 1.09735810 0.00000000 -0.01833700 -0.07855300
-0.00000011 -0.46384130 -1.09738317 -0.00000000 -0.01833700 0.07855300
-0.00000166 0.46380086 1.09733071 0.00000000 0.01833700 -0.07855300
-0.00000011 0.46383530 -1.09738041 -0.00000000 0.01833700 0.07855300
1.09735810 -0.00000166 -0.46381767 -0.07855300 0.00000000 -0.01833700
-1.09738317 -0.00000011 -0.46384130 0.07855300 -0.00000000 -0.01833700
1.09733071 -0.00000166 0.46380086 -0.07855300 0.00000000 0.01833700
-1.09738041 -0.00000011 0.46383530 0.07855300 0.00000000 0.01833700
-0.46381767 1.09735810 -0.00000166 -0.01833700 -0.07855300 -0.00000000
-0.46384130 -1.09738317 -0.00000011 -0.01833700 0.07855300 -0.00000000
0.46380086 1.09733071 -0.00000166 0.01833700 -0.07855300 0.00000000
0.46383530 -1.09738041 -0.00000011 0.01833700 0.07855300 0.00000000
-0.00000484 0.00001852 0.00001775 -0.00000000 -0.00000000 -0.00000000
0.00001852 0.00001775 -0.00000484 -0.00000000 -0.00000000 -0.00000000
0.00001775 -0.00000484 0.00001852 -0.00000000 0.00000000 -0.00000000
0.00002613 0.00002613 0.00002613 -0.00000000 0.00000000 -0.00000000
0.00001014 0.00000354 0.00000277 -0.00000000 -0.00000000 -0.00000000
0.00000354 0.00000277 0.00001014 -0.00000000 -0.00000000 -0.00000000
0.00000277 0.00001014 0.00000354 -0.00000000 0.00000000 -0.00000000
0.00001114 0.00001114 0.00001114 -0.00000000 -0.00000000 -0.00000000
0.00000259 -0.44879355 1.13153474 -0.00000000 -0.00057500 0.00038100
-0.00000806 -0.44874945 -1.13145979 -0.00000000 -0.00057500 -0.00038100
0.00000259 0.44878198 1.13152613 -0.00000000 0.00057500 0.00038100
-0.00000806 0.44873254 -1.13143645 -0.00000000 0.00057500 -0.00038100
1.13153474 0.00000259 -0.44879355 0.00038100 0.00000000 -0.00057500
-1.13145979 -0.00000806 -0.44874945 -0.00038100 0.00000000 -0.00057500
1.13152613 0.00000259 0.44878198 0.00038100 -0.00000000 0.00057500
-1.13143645 -0.00000806 0.44873254 -0.00038100 -0.00000000 0.00057500
-0.44879355 1.13153474 0.00000259 -0.00057500 0.00038100 -0.00000000
-0.44874945 -1.13145979 -0.00000806 -0.00057500 -0.00038100 -0.00000000
0.44878198 1.13152613 0.00000259 0.00057500 0.00038100 -0.00000000
0.44873254 -1.13143645 -0.00000806 0.00057500 -0.00038100 -0.00000000
-0.00000806 -0.44875794 1.13145993 -0.00000000 -0.00057500 0.00038100
0.00000259 -0.44879006 -1.13153805 -0.00000000 -0.00057500 -0.00038100
-0.00000806 0.44874102 1.13143658 -0.00000000 0.00057500 0.00038100
0.00000259 0.44877850 -1.13152943 -0.00000000 0.00057500 -0.00038100
1.13145993 -0.00000806 -0.44875794 0.00038100 0.00000000 -0.00057500
-1.13153805 0.00000259 -0.44879006 -0.00038100 0.00000000 -0.00057500
1.13143658 -0.00000806 0.44874102 0.00038100 -0.00000000 0.00057500
-1.13152943 0.00000259 0.44877850 -0.00038100 -0.00000000 0.00057500
-0.44875794 1.13145993 -0.00000806 -0.00057500 0.00038100 -0.00000000
-0.44879006 -1.13153805 0.00000259 -0.00057500 -0.00038100 -0.00000000
0.44874102 1.13143658 -0.00000806 0.00057500 0.00038100 -0.00000000
0.44877850 -1.13152943 0.00000259 0.00057500 -0.00038100 -0.00000000
0.00000425 -0.00001109 -0.00001475 0.00000000 -0.00000000 -0.00000000
-0.00001109 -0.00001475 0.00000425 0.00000000 -0.00000000 0.00000000
-0.00001475 0.00000425 -0.00001109 -0.00000000 -0.00000000 0.00000000
-0.00001879 -0.00001879 -0.00001879 0.00000000 -0.00000000 0.00000000
-0.00000704 0.00000020 -0.00000346 0.00000000 -0.00000000 0.00000000
0.00000020 -0.00000346 -0.00000704 -0.00000000 -0.00000000 0.00000000
-0.00000346 -0.00000704 0.00000020 0.00000000 -0.00000000 -0.00000000
-0.00000750 -0.00000750 -0.00000750 -0.00000000 -0.00000000 -0.00000000
-0.00000300 -0.46601095 1.03458271 0.00000000 -0.02912000 -0.13130900
0.00001293 -0.46601744 -1.03463253 -0.00000000 -0.02912000 0.13130900
-0.00000300 0.46602073 1.03458793 0.00000000 0.02912000 -0.13130900
0.00001293 0.46601089 -1.03465590 0.00000000 0.02912000 0.13130900
1.03458271 -0.00000300 -0.46601095 -0.13130900 -0.00000000 -0.02912000
-1.03463253 0.00001293 -0.46601744 0.13130900 -0.00000000 -0.02912000
1.03458793 -0.00000300 0.46602073 -0.13130900 -0.00000000 0.02912000
-1.03465590 0.00001293 0.46601089 0.13130900 -0.00000000 0.02912000
-0.46601095 1.03458271 -0.00000300 -0.02912000 -0.13130900 0.00000000
-0.46601744 -1.03463253 0.00001293 -0.02912000 0.13130900 -0.00000000
0.46602073 1.03458793 -0.00000300 0.02912000 -0.13130900 -0.00000000
0.46601089 -1.03465590 0.00001293 0.02912000 0.13130900 -0.00000000
0.00001293 -0.46601907 1.03463690 0.00000000 -0.02912000 -0.13130900
-0.00000300 -0.46601412 -1.03458107 -0.00000000 -0.02912000 0.13130900
0.00001293 0.46601253 1.03466027 0.00000000 0.02912000 -0.13130900
-0.00000300 0.46602390 -1.03458629 -0.00000000 0.02912000 0.13130900
1.03463690 0.00001293 -0.46601907 -0.13130900 -0.00000000 -0.02912000
-1.03458107 -0.00000300 -0.46601412 0.13130900 -0.00000000 -0.02912000
1.03466027 0.00001293 0.46601253 -0.13130900 -0.00000000 0.02912000
-1.03458629 -0.00000300 0.46602390 0.13130900 -0.00000000 0.02912000
-0.46601907 1.03463690 0.00001293 -0.02912000 -0.13130900 0.00000000
-0.46601412 -1.03458107 -0.00000300 -0.02912000 0.13130900 -0.00000000
0.46601253 1.03466027 0.00001293 0.02912000 -0.13130900 0.00000000
0.46602390 -1.03458629 -0.00000300 0.02912000 0.13130900 0.00000000
-0.00001994 0.00000163 0.00001577 0.00000000 0.00000000 -0.00000000
0.00000163 0.00001577 -0.00001994 0.00000000 0.00000000 -0.00000000
0.00001577 -0.00001994 0.00000163 0.00000000 0.00000000 -0.00000000
0.00000798 0.00000798 0.00000798 0.00000000 0.00000000 -0.00000000
0.00000942 -0.00002773 -0.00001358 0.00000000 0.00000000 -0.00000000
-0.00002773 -0.00001358 0.00000942 0.00000000 0.00000000 -0.00000000
-0.00001358 0.00000942 -0.00002773 0.00000000 0.00000000 -0.00000000
-0.00002138 -0.00002138 -0.00002138 0.00000000 0.00000000 -0.00000000
-0.00000124 -0.44164034 1.08990317 0.00000000 -0.00055300 0.00033100
-0.00000104 -0.44167105 -1.08990601 0.00000000 -0.00055300 -0.00033100
-0.00000124 0.44164522 1.08990380 0.00000000 0.00055300 0.00033100
-0.00000104 0.44168643 -1.08993190 0.00000000 0.00055300 -0.00033100
1.08990317 -0.00000124 -0.44164034 0.00033100 0.00000000 -0.00055300
-1.08990601 -0.00000104 -0.44167105 -0.00033100 0.00000000 -0.00055300
1.08990380 -0.00000124 0.44164522 0.00033100 0.00000000 0.00055300
-1.08993190 -0.00000104 0.44168643 -0.00033100 0.00000000 0.00055300
-0.44164034 1.08990317 -0.00000124 -0.00055300 0.00033100 -0.00000000
-0.44167105 -1.08990601 -0.00000104 -0.00055300 -0.00033100 -0.00000000
0.44164522 1.08990380 -0.00000124 0.00055300 0.00033100 -0.00000000
0.44168643 -1.08993190 -0.00000104 0.00055300 -0.00033100 -0.00000000
-0.00000104 -0.44166430 1.08990364 0.00000000 -0.00055300 0.00033100
-0.00000124 -0.44164133 -1.08989256 0.00000000 -0.00055300 -0.00033100
-0.00000104 0.44167968 1.08992952 0.00000000 0.00055300 0.00033100
-0.00000124 0.44164620 -1.08989319 0.00000000 0.00055300 -0.00033100
1.08990364 -0.00000104 -0.44166430 0.00033100 0.00000000 -0.00055300
-1.08989256 -0.00000124 -0.44164133 -0.00033100 0.00000000 -0.00055300
1.08992952 -0.00000104 0.44167968 0.00033100 0.00000000 0.00055300
-1.08989319 -0.00000124 0.44164620 -0.00033100 0.00000000 0.00055300
-0.44166430 1.08990364 -0.00000104 -0.00055300 0.00033100 -0.00000000
-0.44164133 -1.08989256 -0.00000124 -0.00055300 -0.00033100 -0.00000000
0.44167968 1.08992952 -0.00000104 0.00055300 0.00033100 -0.00000000
0.44164620 -1.08989319 -0.00000124 0.00055300 -0.00033100 -0.00000000
-0.00000135 0.00000528 -0.00000903 -0.00000000 -0.00000000 0.00000000
0.00000528 -0.00000903 -0.00000135 -0.00000000 -0.00000000 -0.00000000
-0.00000903 -0.00000135 0.00000528 -0.00000000 -0.00000000 -0.00000000
-0.00001363 -0.00001363 -0.00001363 -0.00000000 -0.00000000 -0.00000000
0.00000988 -0.00000595 -0.00002026 -0.00000000 0.00000000 0.00000000
-0.00000595 -0.00002026 0.00000988 0.00000000 0.00000000 -0.00000000
-0.00002026 0.00000988 -0.00000595 0.00000000 0.00000000 0.00000000
-0.00002486 -0.00002486 -0.00002486 0.00000000 0.00000000 -0.00000000
0.00000802 -0.46784243 0.97384672 0.00000000 -0.03887800 -0.18313199
0.00000761 -0.46784845 -0.97382418 -0.00000000 -0.03887800 0.18313199
0.00000802 0.46783844 0.97386439 -0.00000000 0.03887800 -0.18313199
0.00000761 0.46784704 -0.97384964 -0.00000000 0.03887800 0.18313199
0.97384672 0.00000802 -0.46784243 -0.18313199 0.00000000 -0.03887800
-0.97382418 0.00000761 -0.46784845 0.18313199 -0.00000000 -0.03887800
0.97386439 0.00000802 0.46783844 -0.18313199 -0.00000000 0.03887800
-0.97384964 0.00000761 0.46784704 0.18313199 0.00000000 0.03887800
-0.46784243 0.97384672 0.00000802 -0.03887800 -0.18313199 -0.00000000
-0.46784845 -0.97382418 0.00000761 -0.03887800 0.18313199 -0.00000000
0.46783844 0.97386439 0.00000802 0.03887800 -0.18313199 0.00000000
0.46784704 -0.97384964 0.00000761 0.03887800 0.18313199 0.00000000
0.00000761 -0.46784663 0.97382433 0.00000000 -0.03887800 -0.18313199
0.00000802 -0.46784274 -0.97384279 -0.00000000 -0.03887800 0.18313199
0.00000761 0.46784523 0.97384979 0.00000000 0.03887800 -0.18313199
0.00000802 0.46783876 -0.97386046 -0.00000000 0.03887800 0.18313199
0.97382433 0.00000761 -0.46784663 -0.18313199 -0.00000000 -0.03887800
-0.97384279 0.00000802 -0.46784274 0.18313199 0.00000000 -0.03887800
0.97384979 0.00000761 0.46784523 -0.18313199 -0.00000000 0.03887800
-0.97386046 0.00000802 0.46783876 0.18313199 -0.00000000 0.03887800
-0.46784663 0.97382433 0.00000761 -0.03887800 -0.18313199 0.00000000
-0.46784274 -0.97384279 0.00000802 -0.03887800 0.18313199 -0.00000000
0.46784523 0.97384979 0.00000761 0.03887800 -0.18313199 0.00000000
0.46783876 -0.97386046 0.00000802 0.03887800 0.18313199 -0.00000000
0.00001607 -0.00002614 -0.00002252 -0.00000000 0.00000000 -0.00000000
-0.00002614 -0.00002252 0.00001607 0.00000000 0.00000000 -0.00000000
-0.00002252 0.00001607 -0.00002614 0.00000000 -0.00000000 -0.00000000
-0.00003024 -0.00003024 -0.00003024 -0.00000000 -0.00000000 -0.00000000
-0.00001842 0.00000834 0.00001197 0.00000000 -0.00000000 -0.00000000
0.00000834 0.00001197 -0.00001842 -0.00000000 0.00000000 -0.00000000
0.00001197 -0.00001842 0.00000834 -0.00000000 0.00000000 -0.00000000
0.00000424 0.00000424 0.00000424 -0.00000000 -0.00000000 -0.00000000
-0.00000563 -0.43505397 1.04862513 -0.00000000 -0.00042700 0.00052200
0.00000137 -0.43508008 -1.04865763 0.00000000 -0.00042700 -0.00052200
-0.00000563 0.43507161 1.04864710 -0.00000000 0.00042700 0.00052200
0.00000137 0.43509615 -1.04867823 0.00000000 0.00042700 -0.00052200
1.04862513 -0.00000563 -0.43505397 0.00052200 -0.00000000 -0.00042700
-1.04865763 0.00000137 -0.43508008 -0.00052200 -0.00000000 -0.00042700
1.04864710 -0.00000563 0.43507161 0.00052200 -0.00000000 0.00042700
-1.04867823 0.00000137 0.43509615 -0.00052200 0.00000000 0.00042700
-0.43505397 1.04862513 -0.00000563 -0.00042700 0.00052200 -0.00000000
-0.43508008 -1.04865763 0.00000137 -0.00042700 -0.00052200 -0.00000000
0.43507161 1.04864710 -0.00000563 0.00042700 0.00052200 -0.00000000
0.43509615 -1.04867823 0.00000137 0.00042700 -0.00052200 -0.00000000
0.00000137 -0.43507227 1.04866336 -0.00000000 -0.00042700 0.00052200
-0.00000563 -0.43506297 -1.04862769 0.00000000 -0.00042700 -0.00052200
0.00000137 0.43508834 1.04868395 -0.00000000 0.00042700 0.00052200
-0.00000563 0.43508060 -1.04864966 0.00000000 0.00042700 -0.00052200
1.04866336 0.00000137 -0.43507227 0.00052200 -0.00000000 -0.00042700
-1.04862769 -0.00000563 -0.43506297 -0.00052200 0.00000000 -0.00042700
1.04868395 0.00000137 0.43508834 0.00052200 -0.00000000 0.00042700
-1.04864966 -0.00000563 0.43508060 -0.00052200 0.00000000 0.00042700
-0.43507227 1.04866336 0.00000137 -0.00042700 0.00052200 -0.00000000
-0.43506297 -1.04862769 -0.00000563 -0.00042700 -0.00052200 -0.00000000
0.43508834 1.04868395 0.00000137 0.00042700 0.00052200 -0.00000000
0.43508060 -1.04864966 -0.00000563 0.00042700 -0.00052200 -0.00000000
0.00000712 -0.00001011 -0.00000723 -0.00000000 0.00000000 -0.00000000
-0.00001011 -0.00000723 0.00000712 0.00000000 -0.00000000 -0.00000000
-0.00000723 0.00000712 -0.00001011 -0.00000000 -0.00000000 0.00000000
-0.00000844 -0.00000844 -0.00000844 -0.00000000 -0.00000000 -0.00000000
-0.00000890 0.00000591 0.00000879 -0.00000000 0.00000000 0.00000000
0.00000591 0.00000879 -0.00000890 0.00000000 0.00000000 -0.00000000
0.00000879 -0.00000890 0.00000591 0.00000000 -0.00000000 0.00000000
0.00000758 0.00000758 0.00000758 -0.00000000 -0.00000000 -0.00000000
-0.00000174 -0.46910014 0.91525113 0.00000000 -0.04766000 -0.23412900
-0.00000070 -0.46909300 -0.91527570 0.00000000 -0.04766000 0.23412900
-0.00000174 0.46910457 0.91525876 0.00000000 0.04766000 -0.23412900
-0.00000070 0.46909391 -0.91527439 0.00000000 0.04766000 0.23412900
0.91525113 -0.00000174 -0.46910014 -0.23412900 0.00000000 -0.04766000
-0.91527570 -0.00000070 -0.46909300 0.23412900 0.00000000 -0.04766000
0.91525876 -0.00000174 0.46910457 -0.23412900 -0.00000000 0.04766000
-0.91527439 -0.00000070 0.46909391 0.23412900 0.00000000 0.04766000
-0.46910014 0.91525113 -0.00000174 -0.04766000 -0.23412900 0.00000000
-0.46909300 -0.91527570 -0.00000070 -0.04766000 0.23412900 0.00000000
0.46910457 0.91525876 -0.00000174 0.04766000 -0.23412900 -0.00000000
0.46909391 -0.91527439 -0.00000070 0.04766000 0.23412900 -0.00000000
-0.00000070 -0.46909291 0.91527889 -0.00000000 -0.04766000 -0.23412900
-0.00000174 -0.46910209 -0.91525214 -0.00000000 -0.04766000 0.23412900
-0.00000070 0.46909381 0.91527758 0.00000000 0.04766000 -0.23412900
-0.00000174 0.46910652 -0.91525977 0.00000000 0.04766000 0.23412900
0.91527889 -0.00000070 -0.46909291 -0.23412900 -0.00000000 -0.04766000
-0.91525214 -0.00000174 -0.46910209 0.23412900 0.00000000 -0.04766000
0.91527758 -0.00000070 0.46909381 -0.23412900 0.00000000 0.04766000
-0.91525977 -0.00000174 0.46910652 0.23412900 0.00000000 0.04766000
-0.46909291 0.91527889 -0.00000070 -0.04766000 -0.23412900 0.00000000
-0.46910209 -0.91525214 -0.00000174 -0.04766000 0.23412900 0.00000000
0.46909381 0.91527758 -0.00000070 0.04766000 -0.23412900 -0.00000000
0.46910652 -0.91525977 -0.00000174 0.04766000 0.23412900 -0.00000000
0.00000950 -0.00000603 -0.00000617 -0.00000000 -0.00000000 -0.00000000
-0.00000603 -0.00000617 0.00000950 -0.00000000 -0.00000000 -0.00000000
-0.00000617 0.00000950 -0.00000603 -0.00000000 0.00000000 -0.00000000
-0.00000784 -0.00000784 -0.00000784 0.00000000 0.00000000 0.00000000
-0.00000436 0.00000783 0.00000769 0.00000000 -0.00000000 -0.00000000
0.00000783 0.00000769 -0.00000436 -0.00000000 -0.00000000 0.00000000
0.00000769 -0.00000436 0.00000783 -0.00000000 0.00000000 -0.00000000
0.00000602 0.00000602 0.00000602 0.00000000 -0.00000000 -0.00000000
0.00000602 -0.42909598 1.00758225 0.00000000 -0.00031600 -0.00067800
0.00000740 -0.42907856 -1.00760305 -0.00000000 -0.00031600 0.00067800
0.00000602 0.42907677 1.00758849 0.00000000 0.00031600 -0.00067800
0.00000740 0.42905565 -1.00760017 0.00000000 0.00031600 0.00067800
1.00758225 0.00000602 -0.42909598 -0.00067800 -0.00000000 -0.00031600
-1.00760305 0.00000740 -0.42907856 0.00067800 0.00000000 -0.00031600
1.00758849 0.00000602 0.42907677 -0.00067800 0.00000000 0.00031600
-1.00760017 0.00000740 0.42905565 0.00067800 0.00000000 0.00031600
-0.42909598 1.00758225 0.00000602 -0.00031600 -0.00067800 -0.00000000
-0.42907856 -1.00760305 0.00000740 -0.00031600 0.00067800 -0.00000000
0.42907677 1.00758849 0.00000602 0.00031600 -0.00067800 0.00000000
0.42905565 -1.00760017 0.00000740 0.00031600 0.00067800 0.00000000
0.00000740 -0.42908831 1.00761128 -0.00000000 -0.00031600 -0.00067800
0.00000602 -0.42908815 -1.00757851 -0.00000000 -0.00031600 0.00067800
0.00000740 0.42906540 1.00760839 0.00000000 0.00031600 -0.00067800
0.00000602 0.42906894 -1.00758476 -0.00000000 0.00031600 0.00067800
1.00761128 0.00000740 -0.42908831 -0.00067800 -0.00000000 -0.00031600
-1.00757851 0.00000602 -0.42908815 0.00067800 0.00000000 -0.00031600
1.00760839 0.00000740 0.42906540 -0.00067800 -0.00000000 0.00031600
-1.00758476 0.00000602 0.42906894 0.00067800 0.00000000 0.00031600
-0.42908831 1.00761128 0.00000740 -0.00031600 -0.00067800 -0.00000000
-0.42908815 -1.00757851 0.00000602 -0.00031600 0.00067800 0.00000000
0.42906540 1.00760839 0.00000740 0.00031600 -0.00067800 -0.00000000
0.42906894 -1.00758476 0.00000602 0.00031600 0.00067800 0.00000000
-0.00001936 0.00002528 0.00001810 0.00000000 0.00000000 -0.00000000
0.00002528 0.00001810 -0.00001936 0.00000000 0.00000000 0.00000000
0.00001810 -0.00001936 0.00002528 0.00000000 0.00000000 -0.00000000
0.00002142 0.00002142 0.00002142 0.00000000 0.00000000 0.00000000
0.00002196 -0.00001604 -0.00002323 0.00000000 0.00000000 -0.00000000
-0.00001604 -0.00002323 0.00002196 0.00000000 0.00000000 -0.00000000
-0.00002323 0.00002196 -0.00001604 0.00000000 0.00000000 0.00000000
-0.00001991 -0.00001991 -0.00001991 0.00000000 0.00000000 0.00000000
0.00000287 -0.46940106 0.85936914 0.00000000 -0.05549600 -0.28432000
0.00000745 -0.46935782 -0.85937506 0.00000000 -0.05549600 0.28432000
0.00000287 0.46939734 0.85936904 0.00000000 0.05549600 -0.28432000
0.00000745 0.46934434 -0.85935026 0.00000000 0.05549600 0.28432000
0.85936914 0.00000287 -0.46940106 -0.28432000 0.00000000 -0.05549600
-0.85937506 0.00000745 -0.46935782 0.28432000 0.00000000 -0.05549600
0.85936904 0.00000287 0.46939734 -0.28432000 0.00000000 0.05549600
-0.85935026 0.00000745 0.46934434 0.28432000 0.00000000 0.05549600
-0.46940106 0.85936914 0.00000287 -0.05549600 -0.28432000 0.00000000
-0.46935782 -0.85937506 0.00000745 -0.05549600 0.28432000 -0.00000000
0.46939734 0.85936904 0.00000287 0.05549600 -0.28432000 0.00000000
0.46934434 -0.85935026 0.00000745 0.05549600 0.28432000 0.00000000
0.00000745 -0.46936390 0.85937691 0.00000000 -0.05549600 -0.28432000
0.00000287 -0.46939984 -0.85937853 0.00000000 -0.05549600 0.28432000
0.00000745 0.46935042 0.85935210 0.00000000 0.05549600 -0.28432000
0.00000287 0.46939613 -0.85937843 0.00000000 0.05549600 0.28432000
0.85937691 0.00000745 -0.46936390 -0.28432000 0.00000000 -0.05549600
-0.85937853 0.00000287 -0.46939984 0.28432000 0.00000000 -0.05549600
0.85935210 0.00000745 0.46935042 -0.28432000 0.00000000 0.05549600
-0.85937843 0.00000287 0.46939613 0.28432000 0.00000000 0.05549600
-0.46936390 0.85937691 0.00000745 -0.05549600 -0.28432000 0.00000000
-0.46939984 -0.85937853 0.00000287 -0.05549600 0.28432000 -0.00000000
0.46935042 0.85935210 0.00000745 0.05549600 -0.28432000 0.00000000
0.46939613 -0.85937843 0.00000287 0.05549600 0.28432000 0.00000000
0.00002146 -0.00002007 -0.00002633 0.00000000 -0.00000000 0.00000000
-0.00002007 -0.00002633 0.00002146 -0.00000000 -0.00000000 0.00000000
-0.00002633 0.00002146 -0.00002007 0.00000000 0.00000000 0.00000000
-0.00002194 -0.00002194 -0.00002194 0.00000000 0.00000000 0.00000000
-0.00002446 0.00002585 0.00001959 -0.00000000 0.00000000 0.00000000
0.00002585 0.00001959 -0.00002446 -0.00000000 0.00000000 0.00000000
0.00001959 -0.00002446 0.00002585 0.00000000 -0.00000000 0.00000000
0.00002398 0.00002398 0.00002398 0.00000000 0.00000000 0.00000000
0.00000220 -0.42294548 0.96745069 0.00000000 -0.00026900 -0.00052300
0.00000066 -0.42295451 -0.96754196 -0.00000000 -0.00026900 0.00052300
0.00000220 0.42294180 0.96745076 0.00000000 0.00026900 -0.00052300
0.00000066 0.42296531 -0.96751938 -0.00000000 0.00026900 0.00052300
0.96745069 0.00000220 -0.42294548 -0.00052300 -0.00000000 -0.00026900
-0.96754196 0.00000066 -0.42295451 0.00052300 0.00000000 -0.00026900
0.96745076 0.00000220 0.42294180 -0.00052300 -0.00000000 0.00026900
-0.96751938 0.00000066 0.42296531 0.00052300 0.00000000 0.00026900
-0.42294548 0.96745069 0.00000220 -0.00026900 -0.00052300 0.00000000
-0.42295451 -0.96754196 0.00000066 -0.00026900 0.00052300 0.00000000
0.42294180 0.96745076 0.00000220 0.00026900 -0.00052300 0.00000000
0.42296531 -0.96751938 0.00000066 0.00026900 0.00052300 0.00000000
0.00000066 -0.42295149 0.96753869 -0.00000000 -0.00026900 -0.00052300
0.00000220 -0.42294486 -0.96745930 -0.00000000 -0.00026900 0.00052300
0.00000066 0.42296228 0.96751610 -0.00000000 0.00026900 -0.00052300
0.00000220 0.42294118 -0.96745937 -0.00000000 0.00026900 0.00052300
0.96753869 0.00000066 -0.42295149 -0.00052300 -0.00000000 -0.00026900
-0.96745930 0.00000220 -0.42294486 0.00052300 -0.00000000 -0.00026900
0.96751610 0.00000066 0.42296228 -0.00052300 -0.00000000 0.00026900
-0.96745937 0.00000220 0.42294118 0.00052300 0.00000000 0.00026900
-0.42295149 0.96753869 0.00000066 -0.00026900 -0.00052300 0.00000000
-0.42294486 -0.96745930 0.00000220 -0.00026900 0.00052300 0.00000000
0.42296228 0.96751610 0.00000066 0.00026900 -0.00052300 0.00000000
0.42294118 -0.96745937 0.00000220 0.00026900 0.00052300 0.00000000
-0.00001852 0.00001617 0.00002185 -0.00000000 0.00000000 0.00000000
0.00001617 0.00002185 -0.00001852 0.00000000 0.00000000 -0.00000000
0.00002185 -0.00001852 0.00001617 -0.00000000 -0.00000000 -0.00000000
0.00001949 0.00001949 0.00001949 -0.00000000 -0.00000000 -0.00000000
0.00001853 -0.00002089 -0.00001520 -0.00000000 0.00000000 -0.00000000
-0.00002089 -0.00001520 0.00001853 0.00000000 0.00000000 -0.00000000
-0.00001520 0.00001853 -0.00002089 -0.00000000 -0.00000000 0.00000000
-0.00001757 -0.00001757 -0.00001757 -0.00000000 -0.00000000 -0.00000000
-0.00000490 -0.46846495 0.80490143 -0.00000000 -0.06182800 -0.33379000
-0.00000990 -0.46848458 -0.80484903 0.00000000 -0.06182800 0.33379000
-0.00000490 0.46847146 0.80490575 -0.00000000 0.06182800 -0.33379000
-0.00000990 0.46849825 -0.80487326 0.00000000 0.06182800 0.33379000
0.80490143 -0.00000490 -0.46846495 -0.33379000 -0.00000000 -0.06182800
-0.80484903 -0.00000990 -0.46848458 0.33379000 -0.00000000 -0.06182800
0.80490575 -0.00000490 0.46847146 -0.33379000 0.00000000 0.06182800
-0.80487326 -0.00000990 0.46849825 0.33379000 0.00000000 0.06182800
-0.46846495 0.80490143 -0.00000490 -0.06182800 -0.33379000 -0.00000000
-0.46848458 -0.80484903 -0.00000990 -0.06182800 0.33379000 -0.00000000
0.46847146 0.80490575 -0.00000490 0.06182800 -0.33379000 0.00000000
0.46849825 -0.80487326 -0.00000990 0.06182800 0.33379000 0.00000000
-0.00000990 -0.46847832 0.80484831 -0.00000000 -0.06182800 -0.33379000
-0.00000490 -0.46846769 -0.80489320 0.00000000 -0.06182800 0.33379000
-0.00000990 0.46849199 0.80487253 -0.00000000 0.06182800 -0.33379000
-0.00000490 0.46847420 -0.80489753 -0.00000000 0.06182800 0.33379000
0.80484831 -0.00000990 -0.46847832 -0.33379000 0.00000000 -0.06182800
-0.80489320 -0.00000490 -0.46846769 0.33379000 -0.00000000 -0.06182800
0.80487253 -0.00000990 0.46849199 -0.33379000 0.00000000 0.06182800
-0.80489753 -0.00000490 0.46847420 0.33379000 -0.00000000 0.06182800
-0.46847832 0.80484831 -0.00000990 -0.06182800 -0.33379000 -0.00000000
-0.46846769 -0.80489320 -0.00000490 -0.06182800 0.33379000 -0.00000000
0.46849199 0.80487253 -0.00000990 0.06182800 -0.33379000 0.00000000
0.46847420 -0.80489753 -0.00000490 0.06182800 0.33379000 -0.00000000
0.00000532 0.00000165 -0.00000149 0.00000000 -0.00000000 -0.00000000
0.00000165 -0.00000149 0.00000532 0.00000000 -0.00000000 -0.00000000
-0.00000149 0.00000532 0.00000165 0.00000000 -0.00000000 -0.00000000
-0.00000279 -0.00000279 -0.00000279 0.00000000 0.00000000 -0.00000000
0.00000295 0.00000402 0.00000088 0.00000000 -0.00000000 -0.00000000
0.00000402 0.00000088 0.00000295 0.00000000 -0.00000000 -0.00000000
0.00000088 0.00000295 0.00000402 0.00000000 0.00000000 -0.00000000
-0.00000042 -0.00000042 -0.00000042 0.00000000 0.00000000 -0.00000000
-0.00000095 -0.41993510 0.92739964 0.00000000 -0.00401500 0.00024100
-0.00001166 -0.41996565 -0.92738266 0.00000000 -0.00401500 -0.00024100
-0.00000095 0.41994149 0.92740143 0.00000000 0.00401500 0.00024100
-0.00001166 0.41998475 -0.92741113 0.00000000 0.00401500 -0.00024100
0.92739964 -0.00000095 -0.41993510 0.00024100 -0.00000000 -0.00401500
-0.92738266 -0.00001166 -0.41996565 -0.00024100 0.00000000 -0.00401500
0.92740143 -0.00000095 0.41994149 0.00024100 -0.00000000 0.00401500
-0.92741113 -0.00001166 0.41998475 -0.00024100 0.00000000 0.00401500
-0.41993510 0.92739964 -0.00000095 -0.00401500 0.00024100 -0.00000000
-0.41996565 -0.92738266 -0.00001166 -0.00401500 -0.00024100 -0.00000000
0.41994149 0.92740143 -0.00000095 0.00401500 0.00024100 -0.00000000
0.41998475 -0.92741113 -0.00001166 0.00401500 -0.00024100 -0.00000000
-0.00001166 -0.41995332 0.92736970 0.00000000 -0.00401500 0.00024100
-0.00000095 -0.41993923 -0.92739201 0.00000000 -0.00401500 -0.00024100
-0.00001166 0.41997243 0.92739817 0.00000000 0.00401500 0.00024100
-0.00000095 0.41994562 -0.92739380 0.00000000 0.00401500 -0.00024100
0.92736970 -0.00001166 -0.41995332 0.00024100 -0.00000000 -0.00401500
-0.92739201 -0.00000095 -0.41993923 -0.00024100 0.00000000 -0.00401500
0.92739817 -0.00001166 0.41997243 0.00024100 -0.00000000 0.00401500
-0.92739380 -0.00000095 0.41994562 -0.00024100 0.00000000 0.00401500
-0.41995332 0.92736970 -0.00001166 -0.00401500 0.00024100 -0.00000000
-0.41993923 -0.92739201 -0.00000095 -0.00401500 -0.00024100 -0.00000000
0.41997243 0.92739817 -0.00001166 0.00401500 0.00024100 -0.00000000
0.41994562 -0.92739380 -0.00000095 0.00401500 -0.00024100 -0.00000000
-0.00001308 -0.00000478 0.00000993 0.00000000 -0.00000000 -0.00000000
-0.00000478 0.00000993 -0.00001308 -0.00000000 -0.00000000 0.00000000
0.00000993 -0.00001308 -0.00000478 -0.00000000 0.00000000 -0.00000000
0.00000914 0.00000914 0.00000914 -0.00000000 -0.00000000 0.00000000
-0.00000398 -0.00001387 0.00000084 0.00000000 0.00000000 0.00000000
-0.00001387 0.00000084 -0.00000398 0.00000000 0.00000000 0.00000000
0.00000084 -0.00000398 -0.00001387 0.00000000 0.00000000 0.00000000
0.00000004 0.00000004 0.00000004 -0.00000000 -0.00000000 -0.00000000
-0.00000102 -0.46692982 0.75238293 0.00000000 -0.06765200 -0.38257599
-0.00000220 -0.46692424 -0.75235822 0.00000000 -0.06765200 0.38257599
-0.00000102 0.46692311 0.75237740 -0.00000000 0.06765200 -0.38257599
-0.00000220 0.46691883 -0.75235667 -0.00000000 0.06765200 0.38257599
0.75238293 -0.00000102 -0.46692982 -0.38257599 -0.00000000 -0.06765200
-0.75235822 -0.00000220 -0.46692424 0.38257599 -0.00000000 -0.06765200
0.75237740 -0.00000102 0.46692311 -0.38257599 0.00000000 0.06765200
-0.75235667 -0.00000220 0.46691883 0.38257599 -0.00000000 0.06765200
-0.46692982 0.75238293 -0.00000102 -0.06765200 -0.38257599 -0.00000000
-0.46692424 -0.75235822 -0.00000220 -0.06765200 0.38257599 -0.00000000
0.46692311 0.75237740 -0.00000102 0.06765200 -0.38257599 0.00000000
0.46691883 -0.75235667 -0.00000220 0.06765200 0.38257599 0.00000000
-0.00000220 -0.46693223 0.75237068 0.00000000 -0.06765200 -0.38257599
-0.00000102 -0.46692126 -0.75236894 0.00000000 -0.06765200 0.38257599
-0.00000220 0.46692682 0.75236912 0.00000000 0.06765200 -0.38257599
-0.00000102 0.46691455 -0.75236340 -0.00000000 0.06765200 0.38257599
0.75237068 -0.00000220 -0.46693223 -0.38257599 -0.00000000 -0.06765200
-0.75236894 -0.00000102 -0.46692126 0.38257599 -0.00000000 -0.06765200
0.75236912 -0.00000220 0.46692682 -0.38257599 0.00000000 0.06765200
-0.75236340 -0.00000102 0.46691455 0.38257599 0.00000000 0.06765200
-0.46693223 0.75237068 -0.00000220 -0.06765200 -0.38257599 -0.00000000
-0.46692126 -0.75236894 -0.00000102 -0.06765200 0.38257599 -0.00000000
0.46692682 0.75236912 -0.00000220 0.06765200 -0.38257599 0.00000000
0.46691455 -0.75236340 -0.00000102 0.06765200 0.38257599 0.00000000
-0.00000507 0.00000413 0.00000387 0.00000000 -0.00000000 0.00000000
0.00000413 0.00000387 -0.00000507 0.00000000 -0.00000000 0.00000000
0.00000387 -0.00000507 0.00000413 0.00000000 -0.00000000 0.00000000
0.00000414 0.00000414 0.00000414 0.00000000 -0.00000000 0.00000000
0.00000386 -0.00000480 -0.00000506 0.00000000 -0.00000000 0.00000000
-0.00000480 -0.00000506 0.00000386 0.00000000 -0.00000000 0.00000000
-0.00000506 0.00000386 -0.00000480 0.00000000 -0.00000000 0.00000000
-0.00000479 -0.00000479 -0.00000479 -0.00000000 -0.00000000 0.00000000
0.00000150 -0.41415179 0.88678454 -0.00000000 -0.00460500 0.00034400
0.00000048 -0.41415538 -0.88677167 0.00000000 -0.00460500 -0.00034400
0.00000150 0.41415078 0.88678078 -0.00000000 0.00460500 0.00034400
0.00000048 0.41415499 -0.88677159 0.00000000 0.00460500 -0.00034400
0.88678454 0.00000150 -0.41415179 0.00034400 -0.00000000 -0.00460500
-0.88677167 0.00000048 -0.41415538 -0.00034400 -0.00000000 -0.00460500
0.88678078 0.00000150 0.41415078 0.00034400 -0.00000000 0.00460500
-0.88677159 0.00000048 0.41415499 -0.00034400 -0.00000000 0.00460500
-0.41415179 0.88678454 0.00000150 -0.00460500 0.00034400 0.00000000
-0.41415538 -0.88677167 0.00000048 -0.00460500 -0.00034400 0.00000000
0.41415078 0.88678078 0.00000150 0.00460500 0.00034400 0.00000000
0.41415499 -0.88677159 0.00000048 0.00460500 -0.00034400 0.00000000
0.00000048 -0.41415575 0.88677074 -0.00000000 -0.00460500 0.00034400
0.00000150 -0.41415113 -0.88678431 0.00000000 -0.00460500 -0.00034400
0.00000048 0.41415536 0.88677066 -0.00000000 0.00460500 0.00034400
0.00000150 0.41415012 -0.88678055 0.00000000 0.00460500 -0.00034400
0.88677074 0.00000048 -0.41415575 0.00034400 -0.00000000 -0.00460500
-0.88678431 0.00000150 -0.41415113 -0.00034400 -0.00000000 -0.00460500
0.88677066 0.00000048 0.41415536 0.00034400 -0.00000000 0.00460500
-0.88678055 0.00000150 0.41415012 -0.00034400 -0.00000000 0.00460500
-0.41415575 0.88677074 0.00000048 -0.00460500 0.00034400 0.00000000
-0.41415113 -0.88678431 0.00000150 -0.00460500 -0.00034400 0.00000000
0.41415536 0.88677066 0.00000048 0.00460500 0.00034400 0.00000000
0.41415012 -0.88678055 0.00000150 0.00460500 -0.00034400 0.00000000
-0.00002568 0.00005423 0.00003581 0.00000500 -0.00000700 0.00000700
0.00005423 0.00003581 -0.00002568 -0.00000600 -0.00000700 -0.00000200
0.00003581 -0.00002568 0.00005423 -0.00000400 0.00000300 0.00000200
0.00004711 0.00004711 0.00004711 -0.00000200 -0.00000000 -0.00000400
0.00004292 -0.00001437 -0.00003279 -0.00000900 0.00000900 -0.00000000
-0.00001437 -0.00003279 0.00004292 0.00000800 0.00000100 0.00000200
-0.00003279 0.00004292 -0.00001437 0.00000400 -0.00000500 -0.00000400
-0.00002149 -0.00002149 -0.00002149 0.00000900 0.00000200 -0.00000600
-0.00000072 -0.46030954 1.19579383 -0.00001200 0.00215900 0.00316200
-0.00000658 -0.46026828 -1.19579349 0.00000100 0.00213000 -0.00316800
-0.00000072 0.46030704 1.19579793 -0.00000600 -0.00213000 0.00316600
-0.00000658 0.46025167 -1.19576347 -0.00001600 -0.00215700 -0.00316300
1.19579383 -0.00000072 -0.46030954 0.00316200 0.00001500 0.00214500
-1.19579349 -0.00000658 -0.46026828 -0.00315500 0.00002600 0.00215100
1.19579793 -0.00000072 0.46030704 0.00316000 -0.00001600 -0.00215000
-1.19576347 -0.00000658 0.46025167 -0.00316200 -0.00001500 -0.00215000
-0.46030954 1.19579383 -0.00000072 0.00216000 0.00316200 -0.00001000
-0.46026828 -1.19579349 -0.00000658 0.00214600 -0.00315800 -0.00001200
0.46030704 1.19579793 -0.00000072 -0.00214900 0.00315200 0.00000100
0.46025167 -1.19576347 -0.00000658 -0.00213200 -0.00315600 0.00002100
-0.00000658 -0.46027553 1.19579867 0.00000600 0.00215600 0.00317300
-0.00000072 -0.46031043 -1.19580817 0.00000300 0.00214000 -0.00316000
-0.00000658 0.46025892 1.19576865 0.00000200 -0.00213000 0.00316200
-0.00000072 0.46030793 -1.19581228 -0.00000100 -0.00216700 -0.00316600
1.19579867 -0.00000658 -0.46027553 0.00315100 0.00000600 0.00213400
-1.19580817 -0.00000072 -0.46031043 -0.00315800 0.00000500 0.00214700
1.19576865 -0.00000658 0.46025892 0.00315400 0.00001400 -0.00215700
-1.19581228 -0.00000072 0.46030793 -0.00315500 -0.00000100 -0.00213700
-0.46027553 1.19579867 -0.00000658 0.00213500 0.00316700 -0.00001000
-0.46031043 -1.19580817 -0.00000072 0.00213600 -0.00316200 -0.00001800
0.46025892 1.19576865 -0.00000658 -0.00216100 0.00316300 -0.00000800
0.46030793 -1.19581228 -0.00000072 -0.00215200 -0.00316300 0.00001400
-0.10679802 0.38511886 -0.48669578 0.59100401 0.74974799 -0.71931702
-0.15882760 0.31182667 -0.36868287 -0.90708101 -0.18076199 -0.32736000
0.27304903 -0.06628990 0.21847751 -0.17222300 0.29082999 -0.11878100
-0.33213059 0.17353416 -0.10372601 -0.83932501 0.66898602 -0.70165402
-1.62448806 1.55426435 0.28308401 -2.10972810 1.87788999 0.34713700
-0.23675435 -0.03290055 -0.13853287 0.11017400 0.49256799 -0.25417200
-0.28339294 0.11019126 0.34706628 0.07046200 0.66507101 0.72959602
-0.52932248 0.11790028 0.28499577 -0.28212199 0.22593500 0.61296803
0.24876033 -0.40122440 0.87097572 0.26703599 -0.26693299 0.45944899
-0.04135493 -0.08771516 -0.78696780 0.17794099 0.40938601 1.09006405
-0.11264034 0.69357139 1.50813910 -0.22641800 0.33169100 0.83141297
0.34434425 0.44557410 -1.82854959 0.59515601 0.01700700 -0.74810499
1.08932109 -0.02237413 -0.73550326 -0.52353501 -0.12734900 -0.45788500
-0.98768336 -2.03959124 0.10902483 -0.12946600 -1.88282096 0.24540500
0.73132773 -0.68860261 0.28128525 -0.29696301 -0.67623299 -0.24957500
-0.72652183 -0.18551596 0.85469079 0.92181700 -0.60305500 0.81210899
-0.63829330 1.09751021 0.38544463 -0.46764800 -0.01973800 0.63192499
-1.13276335 -1.46284600 0.36956526 -1.03306603 -0.60083801 0.50997698
1.21259586 0.48645954 -0.06408504 1.06178904 -0.53529501 -0.52308500
0.60016236 -0.92489520 0.06373618 0.17628200 0.35099801 0.37713501
0.74773527 0.75932248 -0.40694988 0.61629301 1.25076902 -2.43003798
-0.41438896 -0.00357001 -0.87176293 -0.87837702 0.27678201 -0.73753703
0.03676701 0.43941774 2.06273121 0.00811700 -0.05340400 1.05162799
0.37669252 -0.07667220 -1.13216396 0.47896001 -0.46449599 -0.16629700
2.00479674 -0.51254391 -0.59979693 1.28201902 -0.85453200 -0.30732599
-0.75761288 -0.76012808 -0.26738486 0.72078800 -1.49514794 0.38147101
0.62351000 -0.16720684 1.04045726 -0.73860699 -0.47329199 0.67842102
0.32968873 0.30688476 -0.38329934 1.92176199 0.42080399 -0.86606503
-0.41937328 1.17073878 -0.21505522 -0.03996200 0.16583499 0.07013400
-0.61675681 -1.24984930 -0.09405274 -0.26501200 -0.56572503 0.07049400
-0.26734401 1.04934583 -0.44807534 -0.58357000 -0.02204000 -0.62856001
0.76769618 -0.41973493 0.25161063 0.49616200 0.64135402 0.32551000
1.07610016 0.42220812 -0.66110227 1.66094995 0.31992099 -0.94489402
-0.89636612 -0.46172924 -0.13067088 -1.87685502 -1.43515897 -0.32613900
-0.40026316 -0.14997642 -0.07094240 0.13086900 0.28036001 -0.10278900
-0.24388476 0.24120044 -0.29353561 -0.92116302 0.73190600 -0.38996100
-1.03255206 0.51567256 0.35824205 -1.04918897 1.29035497 -0.20922101
0.62903964 -0.48582356 0.25691346 -0.11350000 0.30396101 0.14917900
-0.48041051 0.74889733 0.32702077 0.05479200 0.36306599 0.69492197
-0.02951391 0.30424239 0.29318791 -0.19786200 0.90385199 0.31799901
-0.05436798 -0.68213714 0.06078137 -0.36550000 -0.59439099 -1.11856306
-0.07349525 -0.01318383 -2.80293553 0.25615200 0.34333700 -3.47390699
-0.27781993 0.48056702 1.13353949 0.00054800 -0.00151800 -0.52844203
-0.37023878 0.16083907 -0.55200481 -0.17800900 -0.43236300 1.27306497
1.55185287 -0.15908202 -0.58188357 0.81532800 -0.59936303 -0.49180999
0.17395325 0.69557307 0.73437839 1.88970602 1.09732103 0.77449501
1.69689091 -0.50996215 -0.09767236 2.61146402 -0.02499400 -0.50597399
-1.01659638 -0.05024392 0.92097715 -0.44293800 -0.22175799 1.22394300
-0.54257444 0.76344137 0.43634136 -0.24227600 -0.83850998 0.26323301
-1.21385812 -1.23656287 0.33660914 -1.16686702 0.14598700 0.24406400
1.31331005 0.56920613 -0.01216883 1.19929898 0.53052700 -0.27794400
0.00570387 -1.05044056 -0.73473831 -0.10775400 -0.07236400 -0.51434499
-0.05066376 -0.00246015 2.65076960 -0.33870500 0.24624801 2.71551490
-0.17388048 0.33461131 0.15249959 -0.09543600 0.64075702 0.91094100
0.20676884 0.16934968 1.09682777 0.22807001 -0.10169300 -0.83795798
0.29089946 -0.18877069 -0.80361031 0.05874600 -0.58039802 1.14451301
1.29568329 -0.31654034 -0.82589399 -0.75631797 -0.52972001 -0.50515503
-1.37161480 -0.17698525 -0.42049788 -0.99794501 -0.50252402 0.10485600
0.74777247 0.09643701 1.13178861 0.67935002 -0.04332400 0.84447700
-0.71435666 -0.51759385 -0.36837387 -0.76862699 -0.52959102 -0.73623598
-0.42654491 0.60756597 -0.37752791 0.10253400 -0.88495898 0.18975000
0.00494539 -1.01078481 -0.13389342 0.09062300 -0.04187700 0.19320400
-0.20010772 1.40261046 -0.50429079 -0.58168900 0.58315700 0.11895200
0.57618950 -0.50014513 -0.51813389 0.42553100 -0.35363901 -0.19497301
0.50002141 -0.11408323 -0.57501879 1.05228102 -0.46223700 -0.50195301
-0.13836952 -0.32983592 -0.00902149 -0.85164303 -0.94499803 -0.18216801
0.31575261 0.31083055 0.10633086 0.30535799 0.26724800 -0.23267800
-0.18393176 -0.07908401 0.24760882 -0.39575601 0.28766599 0.18499801
-0.12537273 0.71461915 -0.09631844 -0.39396101 0.70822799 -0.52909601
0.35869770 -0.65361261 0.79309394 0.41591299 -0.33366901 0.67416102
0.48528979 -1.39018831 -0.16005950 0.69745201 -1.72791898 0.20656000
-0.30896064 0.69397483 0.25713568 0.12431100 0.81359702 0.17270800
0.00149884 -0.08526359 1.20016385 -0.28003401 -0.04563500 0.99854100
-0.33247138 -0.33255599 -0.37775412 -0.14482599 0.14488000 1.23037601
-0.56658239 -0.10525928 1.24387881 0.17206199 -0.24924301 0.42062601
-0.02795636 0.39645112 -0.89794176 -0.12823200 0.06172400 -0.41408300
0.64853375 -0.16336667 -0.74186727 -0.62969202 -0.39767799 -0.62700099
-2.80368058 0.39568654 -0.12872995 -2.24542809 0.94810897 -0.33786300
0.45916616 -0.09079066 -0.02373499 -0.31182599 -0.02579200 -0.35358700
-1.02091519 0.01206055 0.43541385 -0.23617999 -0.31367400 0.71438497
0.10374151 1.43046210 -0.32754983 0.75941902 0.14714400 -0.24161699
-0.42609205 -1.39481279 0.26338303 -0.19046500 -0.71799701 0.11591600
0.56173074 0.25696395 0.23761904 0.21781801 0.08168100 -0.28270301
-0.31228453 -0.81429570 -0.07458862 -0.50265998 0.58280301 0.17080501
-0.39976174 -0.82166806 0.82793710 -0.33489999 -0.39656800 -1.02401304
0.32673429 -0.29584215 -1.12362275 0.59790099 -0.12449700 -1.52833402
-0.15793515 0.35641142 1.00757910 -0.17935900 0.42505401 0.40059099
-0.04464134 -0.18552475 -1.44062979 -0.44513500 -0.28077200 -0.36656901
1.95903441 1.35377914 0.53722773 0.76099402 1.45990801 1.01546001
-0.65781838 0.43979769 -0.50315474 0.35843199 0.40292600 0.08264800
0.73941624 -0.25261195 0.46202260 0.15186000 0.02738700 -0.05711800
0.45427084 -0.26410181 -0.02137299 1.60077095 -0.03988000 -0.42078501
-0.58279092 0.95153760 -0.05746113 -0.36905301 -0.08531000 0.50910503
0.82555622 -0.99597142 0.00354080 0.43241301 -0.46788901 0.40080699
0.24208125 0.99082112 0.28692914 -0.04488300 -0.13610899 0.91833299
0.10803889 0.06547312 -1.35103820 0.02257900 0.37823701 -1.08797395
0.15372791 -0.87712980 -0.47482007 -0.21786700 -1.09811294 -0.02934200
0.19738145 0.03705016 0.12109692 0.47916600 0.05642900 -0.12181600
0.84558932 -0.43299197 -0.02093496 0.57184702 -0.61457801 0.33524701
-0.22005355 0.09091943 0.27404459 0.05613900 -0.28323200 0.64757699
0.07760482 0.28591357 0.05788022 -0.33298200 0.41709399 -0.22844000
0.15395036 -0.28661696 0.10805921 0.13176900 -0.39278099 0.18733799
0.16844720 -1.06244433 -0.09261661 0.00097900 -1.22639704 -0.12005000
-0.55799999 0.64183363 0.52528902 -0.06843200 0.79381299 0.30545700
0.41059221 -0.16411503 0.85902659 0.67861098 -0.04810100 -0.77860200
-0.70749748 -0.54368001 -0.12884445 -0.47247899 -0.12379400 1.51328802
-1.22315028 -0.92016010 0.76140908 -0.23904900 -0.77092099 0.09463600
0.15983236 0.74590093 -0.89429008 -0.11723500 0.48293200 -0.70963103
0.07660988 0.72219987 -0.13076370 -0.81667101 1.03506398 -0.04866800
-1.37192766 -0.02269677 0.73350025 -0.26470801 -0.29986599 0.62737900
0.75493715 -0.11664927 -0.00397586 -0.46312499 -0.28371999 -0.33414099
-0.98819445 0.26151497 0.03472281 0.65888202 0.19462100 -0.10709300
0.07178399 1.22571921 -0.15620749 0.66565597 0.17898600 -0.11554700
0.18607544 -1.06347747 0.54131860 0.53094101 -0.21494000 0.20804100
-0.05433670 -0.24688875 0.07088295 -0.47987601 -0.73351401 -0.45744699
-0.41948333 -1.19893600 0.05311587 -0.60656399 -0.38478199 0.90778100
0.14069661 -0.65314592 0.57183082 0.37667900 -0.32293800 -1.24439895
0.59578484 -0.59049280 -0.82393329 0.64676601 -0.29407901 0.21060400
-0.09695765 0.54662895 0.83604388 -0.19599099 0.62995797 0.53951001
0.08059146 0.69099536 -0.97972905 -0.26974899 0.97492999 -0.29091400
0.52447523 1.18952366 0.07004800 -1.33635497 0.99684900 0.41033101
-0.69510791 0.44701169 -0.87148646 0.25602400 0.42317501 -0.41169500
0.35500806 0.05050352 0.01391879 -0.98976803 0.05867000 -0.54285300
-0.70027491 -0.11234769 0.67730433 0.40929800 0.15687101 0.39666501
-0.47076378 0.87491657 -0.24456044 -0.41769099 -0.27683800 0.06782600
1.51263728 -0.40149111 -0.45353604 0.94485301 0.33743900 -0.28985700
0.39402228 1.14837868 -0.17251987 0.27986300 0.34067601 -0.16798000
0.64599985 -0.26574623 -0.86127355 0.59169298 0.29273701 -0.44382000
-0.27689964 -0.73524340 -0.39562249 -0.93988502 -0.98615301 0.03186700
0.90420762 1.01344530 0.00764795 1.65761399 0.72449797 0.20436800
-0.02361480 -0.23992038 0.16352690 0.13787501 -0.53976500 0.49498600
0.10533066 0.03461894 0.21799730 0.64494801 -0.48245499 0.85645097
-0.32254671 -0.15222735 0.21399258 0.16121900 -0.08710100 0.09514200
-0.12685295 -0.16366814 0.22085229 -0.81423599 -0.37217399 -0.26038799
-0.51590217 0.98491611 -0.60888669 -0.43371001 0.74407703 -0.53816903
0.10059028 0.17943517 0.71600142 -0.30381799 0.56086701 0.49056101
0.41439986 -0.16590508 1.33060537 0.69004899 0.05424300 -0.92695898
0.11473558 -0.59616598 -2.29848743 0.35143399 -0.35057601 -2.14459491
-0.82231182 -0.69833253 0.60574678 0.18857600 -0.62048298 -0.08030600
-0.06890007 0.69932969 -0.24937543 -0.32738000 0.35260901 0.89277899
0.99734792 0.44690573 -0.21272308 0.87865800 0.76382703 -0.22222000
-0.04262580 0.24417008 1.34679276 1.05460203 0.05334400 1.27836394
1.61970983 -0.30137957 0.20933434 0.65941799 -0.00145300 -0.13061801
-2.06492117 0.43095197 -0.33232911 -1.14855695 0.72232699 -0.90073699
-0.43506222 0.90392056 0.05005348 -0.15501399 0.26952201 0.11430900
0.29405445 -0.90778308 0.49364187 0.59141099 0.36082500 -0.17186201
0.01342042 0.26285363 0.64476396 -0.02528900 0.52570403 0.31483999
-0.50262492 -1.01113834 -0.07844369 -0.64303601 -0.14733499 0.02596000
0.09244608 -0.22364595 1.89026997 0.09059600 -0.13326700 2.01511407
0.20377252 -0.64044518 -1.12553813 -0.23273100 -0.19554199 0.84936798
0.34352332 0.08620229 0.14544051 0.09170000 -0.08363900 -1.24070299
0.13290416 0.93996234 -0.92447280 -0.10433100 1.22411203 0.03579400
0.18490184 -0.23703244 -0.83038394 -1.48863804 -0.66651100 -0.65120202
-1.68194583 0.30623222 -0.93975753 -1.40904605 0.48865601 -0.55230802
1.64613697 -0.10464891 0.35305394 1.27188599 0.00315900 0.20565800
-1.96836420 -0.42975552 1.01618757 -1.82494903 -0.24214000 0.86087900
-0.44737847 1.02770539 -0.61049327 0.00718400 -0.27059200 -0.20983800
1.17491897 -0.45088928 -0.54771649 0.75012398 0.18690300 -0.38453999
0.35861087 0.98249342 -0.39971075 0.03789000 -0.18628000 -0.67446202
0.59893945 -1.48496174 -0.07196820 0.56968600 -1.69515800 0.33348000
-0.31641213 -0.43636855 -0.24975301 -0.62403202 -0.56220198 0.11887900
0.96467979 0.30421323 -0.27576204 1.89937305 1.00690997 0.52795500
0.10458113 -0.08640854 0.16505614 -0.60752302 0.10806100 -0.15748499
0.73266107 0.48612055 0.46901927 1.06074202 0.30840701 0.67006201
0.33823725 -0.11510596 0.00137618 0.63762999 -0.99547702 0.34120500
-0.44594870 -0.33432267 -0.30598098 -0.33826700 -0.78336900 -0.71032798
-0.50317510 1.04651879 -1.49355295 -0.30987799 1.38462698 -1.25737906
-0.71529788 0.05556228 0.26085328 -0.89546698 -0.65301901 0.50290602
-0.22224005 0.27704175 2.04262621 -0.46572101 0.37800801 1.58650506
0.02779927 -0.24723072 -0.89789803 0.47530299 0.12035600 0.75025702
-0.15619510 0.27668777 1.14771202 0.54602802 0.12314200 0.67150301
0.04023242 0.35096290 -0.50511366 0.01485400 0.09442600 -0.14324901
0.42377306 -0.38357425 -0.34435986 -0.95889401 -0.94681299 0.20813701
-1.27673416 -0.19221896 -0.21412815 -2.67722511 0.02389200 -0.55718899
0.54866164 0.19863972 0.47378765 -1.93090796 0.65707499 0.29278401
-1.31615704 0.03099190 0.29564766 0.75379199 -0.11442500 -0.27010900
-0.42443704 0.66563822 -0.30523650 -0.53342903 0.37947401 -0.03428400
-0.07977914 -0.89995308 0.39781593 0.32094800 -0.22705300 -0.44751999
-0.51493179 -0.20538279 1.19614818 -0.55247098 -0.97895199 0.74142301
0.27609895 -0.94841023 -0.26752235 -0.15042400 0.29760301 -1.12485504
0.04668877 -0.19892670 0.67928689 -0.26449201 0.43118101 -0.73029399
0.30739973 -0.04815748 -1.75750290 -0.34706599 -0.03395300 -1.30861294
0.26044607 0.07131227 0.64705059 -0.05693800 -0.30299601 -0.21687999
0.28266947 -0.04031751 -1.09518255 0.45564100 -0.11066100 -0.19173700
1.99988897 -0.40090849 -0.42259502 2.72177911 -0.64091599 0.15423900
-0.95318296 0.22450512 -0.50102370 0.71999699 0.72719902 -0.25622201
0.84422397 -0.50886822 -0.22707949 -0.39193401 -0.07926900 -0.30014601
-0.91473840 0.20670450 0.46863170 0.70636100 0.37421000 -0.18479800
-0.34119446 1.37737698 0.23298750 0.18708099 0.88307202 0.32519999
0.19226093 -0.61598525 0.09613653 0.21198900 -0.33195400 0.29797199
0.29666999 0.92361929 0.00206016 -0.04260100 -0.54091102 0.18107501
0.49345147 -0.83375586 0.28649530 0.44674999 0.00297600 0.55484802
