0.00000322 -0.35767400 -0.02613947 0.00000400 -0.00297900 -0.00027200
0.00000322 0.35760217 -0.02616297 0.00000300 0.00298000 -0.00027100
0.00000246 0.15555852 -0.04943965 -0.00000100 -0.00168900 0.00497800
0.00000246 -0.15569081 -0.04940640 -0.00000200 0.00168800 0.00498700
0.00000322 -0.35767252 -0.02613525 -0.00000100 -0.00298300 -0.00027100
0.00000322 0.35760443 -0.02616311 -0.00000100 0.00297900 -0.00027400
0.00000246 0.15555748 -0.04944396 -0.00000100 -0.00168900 0.00497700
0.00000246 -0.15568792 -0.04935432 0.00000100 0.00169000 0.00498600
0.00000322 -0.35767080 -0.02614218 -0.00000200 -0.00298400 -0.00027600
0.00000322 0.35761147 -0.02615978 -0.00000400 0.00298100 -0.00027900
0.00000246 0.15558639 -0.04942421 -0.00000100 -0.00169100 0.00497800
0.00000246 -0.15566277 -0.04942154 -0.00000600 0.00169500 0.00498300
0.00000322 -0.35766932 -0.02613796 0.00000200 -0.00298200 -0.00027400
0.00000322 0.35761373 -0.02615992 -0.00000100 0.00297500 -0.00027400
0.00000246 0.15558534 -0.04942852 -0.00000200 -0.00169100 0.00497900
0.00000246 -0.15565988 -0.04936946 -0.00000400 0.00168900 0.00498300
-0.00002259 -0.35766978 -0.02613846 0.00000200 -0.00297900 -0.00027500
-0.00002259 0.35759795 -0.02616197 -0.00000200 0.00297700 -0.00027600
-0.00014083 0.15556980 -0.04945493 0.00000200 -0.00168600 0.00497700
-0.00014083 -0.15570209 -0.04942168 0.00000200 0.00168800 0.00498200
-0.00002259 -0.35766830 -0.02613425 -0.00000300 -0.00298000 -0.00027900
-0.00002259 0.35760021 -0.02616211 0.00000000 0.00297700 -0.00027500
-0.00014083 0.15556875 -0.04945924 -0.00000200 -0.00168600 0.00497700
-0.00014083 -0.15569919 -0.04936959 -0.00000300 0.00168900 0.00498500
-0.00002259 -0.35766658 -0.02614117 -0.00000000 -0.00298000 -0.00027500
-0.00002259 0.35760725 -0.02615878 -0.00000100 0.00298100 -0.00027400
-0.00014083 0.15559766 -0.04943948 -0.00000100 -0.00169100 0.00497700
-0.00014083 -0.15567405 -0.04943682 -0.00000300 0.00169400 0.00498400
-0.00002259 -0.35766510 -0.02613696 -0.00000100 -0.00298100 -0.00027200
-0.00002259 0.35760951 -0.02615892 -0.00000500 0.00298100 -0.00027300
-0.00014083 0.15559661 -0.04944379 -0.00000200 -0.00169000 0.00497600
-0.00014083 -0.15567116 -0.04938473 0.00000100 0.00168900 0.00498400
0.00008696 -0.35771399 -0.02615450 0.00000000 -0.00297800 -0.00027400
0.00008696 0.35764216 -0.02617800 -0.00000100 0.00298200 -0.00027400
0.00002648 0.15555836 -0.04943789 0.00000200 -0.00168800 0.00497400
0.00002648 -0.15569065 -0.04940464 0.00000000 0.00168900 0.00498100
0.00008696 -0.35771251 -0.02615028 -0.00000400 -0.00297600 -0.00027400
0.00008696 0.35764442 -0.02617814 -0.00000300 0.00297900 -0.00027300
0.00002648 0.15555731 -0.04944220 0.00000100 -0.00169000 0.00497400
0.00002648 -0.15568775 -0.04935256 -0.00000100 0.00169000 0.00498400
0.00008696 -0.35771079 -0.02615721 0.00000400 -0.00297800 -0.00027600
0.00008696 0.35765146 -0.02617481 0.00000100 0.00297800 -0.00027700
0.00002648 0.15558622 -0.04942244 -0.00000400 -0.00168800 0.00497400
0.00002648 -0.15566261 -0.04941978 0.00000200 0.00169000 0.00498500
0.00008696 -0.35770931 -0.02615299 0.00000000 -0.00297800 -0.00027200
0.00008696 0.35765372 -0.02617495 -0.00000300 0.00297600 -0.00027600
0.00002648 0.15558517 -0.04942675 0.00000300 -0.00169000 0.00497800
0.00002648 -0.15565971 -0.04936770 -0.00000200 0.00168700 0.00498700
-0.00000592 -0.35767164 -0.02613851 -0.00000100 -0.00298000 -0.00027400
-0.00000592 0.35759981 -0.02616201 -0.00000000 0.00298300 -0.00027700
0.00000082 0.15556011 -0.04944167 0.00000400 -0.00168900 0.00497300
0.00000082 -0.15569240 -0.04940842 0.00000200 0.00169100 0.00498400
-0.00000592 -0.35767017 -0.02613429 0.00000000 -0.00298100 -0.00027500
-0.00000592 0.35760208 -0.02616215 -0.00000000 0.00297800 -0.00027500
0.00000082 0.15555907 -0.04944598 0.00000200 -0.00168800 0.00497700
0.00000082 -0.15568951 -0.04935634 0.00000300 0.00169000 0.00498500
-0.00000592 -0.35766845 -0.02614122 -0.00000100 -0.00297800 -0.00027600
-0.00000592 0.35760911 -0.02615882 -0.00000000 0.00298000 -0.00027600
0.00000082 0.15558797 -0.04942623 0.00000000 -0.00168700 0.00498000
0.00000082 -0.15566436 -0.04942356 0.00001100 0.00169100 0.00498100
-0.00000592 -0.35766697 -0.02613700 0.00000300 -0.00298100 -0.00027400
-0.00000592 0.35761138 -0.02615896 0.00000200 0.00298100 -0.00027400
0.00000082 0.15558693 -0.04943054 0.00000000 -0.00169400 0.00497700
0.00000082 -0.15566147 -0.04937148 0.00000100 0.00169000 0.00498800
0.00000333 -0.13060384 0.07113716 0.00000800 -0.00317400 -0.00180700
0.00000333 0.13073179 0.07120315 0.00000900 0.00316700 -0.00181300
0.00000338 -0.07611016 -0.21398402 0.00000600 -0.00307800 -0.00563600
0.00000338 0.07616075 -0.21406668 0.00000200 0.00308400 -0.00563500
0.00000251 0.10672113 0.21837916 -0.00000600 0.00167600 -0.00055900
0.00000251 -0.10677299 0.21839925 -0.00000300 -0.00168500 -0.00056400
0.00000333 -0.13065216 0.07117871 -0.00000600 -0.00315600 -0.00179600
0.00000333 0.13072754 0.07119986 0.00000300 0.00317800 -0.00179600
0.00000338 -0.07610918 -0.21398370 0.00000500 -0.00307300 -0.00562900
0.00000338 0.07614009 -0.21403267 -0.00000300 0.00307600 -0.00561100
0.00000251 0.10675224 0.21842173 -0.00000800 0.00168100 -0.00056800
0.00000251 -0.10677114 0.21839745 -0.00000300 -0.00168100 -0.00056400
0.00000333 -0.13055698 0.07111317 -0.00001100 -0.00318900 -0.00181000
0.00000333 0.13077368 0.07122422 0.00000000 0.00317300 -0.00179500
0.00000338 -0.07609922 -0.21396978 0.00001000 -0.00308000 -0.00561700
0.00000338 0.07617279 -0.21408228 -0.00001000 0.00307500 -0.00562800
0.00000251 0.10672723 0.21838293 0.00000600 0.00167600 -0.00056100
0.00000251 -0.10677065 0.21839725 -0.00000100 -0.00167600 -0.00056400
0.00000333 -0.13060530 0.07115472 -0.00000400 -0.00315800 -0.00179700
0.00000333 0.13076943 0.07122093 -0.00000300 0.00315500 -0.00179700
0.00000338 -0.07609823 -0.21396946 0.00000900 -0.00309600 -0.00562400
0.00000338 0.07615213 -0.21404827 0.00000400 0.00308300 -0.00562900
0.00000251 0.10675834 0.21842551 -0.00000600 0.00169200 -0.00055600
0.00000251 -0.10676880 0.21839545 -0.00000600 -0.00167700 -0.00057100
-0.00001420 -0.13060990 0.07114233 0.00000400 -0.00315600 -0.00180800
-0.00001420 0.13073785 0.07120833 -0.00000300 0.00317200 -0.00180500
-0.00001502 -0.07611436 -0.21398966 0.00001000 -0.00308900 -0.00562900
-0.00001502 0.07616495 -0.21407232 -0.00000900 0.00307400 -0.00562000
-0.00009184 0.10676524 0.21838496 0.00000100 0.00168400 -0.00056600
-0.00009184 -0.10681709 0.21840505 -0.00000100 -0.00167700 -0.00055800
-0.00001420 -0.13065821 0.07118388 0.00000400 -0.00317500 -0.00179100
-0.00001420 0.13073360 0.07120503 0.00000100 0.00317200 -0.00179100
-0.00001502 -0.07611338 -0.21398934 -0.00000300 -0.00307500 -0.00561800
-0.00001502 0.07614429 -0.21403831 -0.00001600 0.00308300 -0.00563400
-0.00009184 0.10679635 0.21842754 -0.00001000 0.00168100 -0.00056400
-0.00009184 -0.10681524 0.21840325 -0.00000700 -0.00168500 -0.00056300
-0.00001420 -0.13056304 0.07111834 0.00000200 -0.00316400 -0.00180600
-0.00001420 0.13077974 0.07122940 -0.00000100 0.00315200 -0.00180200
-0.00001502 -0.07610341 -0.21397542 0.00000600 -0.00308100 -0.00562900
-0.00001502 0.07617699 -0.21408792 0.00000300 0.00307900 -0.00563200
-0.00009184 0.10677134 0.21838874 -0.00000500 0.00167500 -0.00056300
-0.00009184 -0.10681476 0.21840305 0.00000500 -0.00168500 -0.00056200
-0.00001420 -0.13061135 0.07115989 0.00001200 -0.00317500 -0.00180200
-0.00001420 0.13077549 0.07122610 -0.00000900 0.00317000 -0.00179300
-0.00001502 -0.07610243 -0.21397510 0.00000400 -0.00308500 -0.00563100
-0.00001502 0.07615633 -0.21405391 -0.00001100 0.00308200 -0.00562600
-0.00009184 0.10680245 0.21843131 -0.00000100 0.00167800 -0.00056200
-0.00009184 -0.10681291 0.21840126 -0.00000400 -0.00168600 -0.00056600
0.00007882 -0.13056689 0.07111993 -0.00000400 -0.00316900 -0.00180000
0.00007881 0.13069484 0.07118593 -0.00000300 0.00316200 -0.00179200
0.00007971 -0.07609398 -0.21394443 0.00000300 -0.00308700 -0.00562600
0.00007971 0.07614457 -0.21402709 -0.00000500 0.00308500 -0.00562700
0.00001549 0.10671688 0.21837736 -0.00000400 0.00168100 -0.00056900
0.00001549 -0.10676873 0.21839745 -0.00000200 -0.00168100 -0.00057000
0.00007881 -0.13061520 0.07116148 -0.00001100 -0.00316200 -0.00180900
0.00007881 0.13069059 0.07118263 -0.00000500 0.00316800 -0.00181100
0.00007971 -0.07609300 -0.21394410 -0.00000900 -0.00306600 -0.00561900
0.00007971 0.07612392 -0.21399307 -0.00000700 0.00308800 -0.00562200
0.00001549 0.10674798 0.21841993 -0.00000100 0.00169300 -0.00055200
0.00001549 -0.10676688 0.21839565 0.00000400 -0.00169700 -0.00056000
0.00007882 -0.13052003 0.07109594 0.00000500 -0.00316200 -0.00179200
0.00007881 0.13073673 0.07120700 -0.00000500 0.00317900 -0.00180300
0.00007971 -0.07608304 -0.21393019 0.00001100 -0.00309300 -0.00562000
0.00007971 0.07615661 -0.21404269 0.00001400 0.00307200 -0.00562900
0.00001549 0.10672298 0.21838113 -0.00000700 0.00168800 -0.00057000
0.00001549 -0.10676639 0.21839545 0.00000100 -0.00168600 -0.00056400
0.00007882 -0.13056834 0.07113749 0.00000400 -0.00316900 -0.00180200
0.00007881 0.13073248 0.07120370 -0.00001000 0.00317000 -0.00179300
0.00007971 -0.07608206 -0.21392987 0.00000700 -0.00307200 -0.00562300
0.00007971 0.07613596 -0.21400868 0.00001000 0.00308900 -0.00561800
0.00001549 0.10675408 0.21842371 0.00000600 0.00168100 -0.00056800
0.00001549 -0.10676455 0.21839365 -0.00000100 -0.00168500 -0.00055800
-0.00000631 -0.13060439 0.07113744 0.00000400 -0.00315200 -0.00178300
-0.00000631 0.13073234 0.07120343 0.00000100 0.00317800 -0.00179800
-0.00000643 -0.07611065 -0.21398479 -0.00001200 -0.00308700 -0.00562000
-0.00000643 0.07616124 -0.21406745 -0.00000300 0.00307600 -0.00561000
-0.00000003 0.10672525 0.21837980 0.00000200 0.00168000 -0.00056600
-0.00000003 -0.10677710 0.21839989 -0.00000200 -0.00168500 -0.00056800
-0.00000631 -0.13065270 0.07117899 0.00000500 -0.00316100 -0.00181500
-0.00000631 0.13072809 0.07120014 0.00000500 0.00317000 -0.00179300
-0.00000643 -0.07610967 -0.21398447 -0.00000500 -0.00307800 -0.00562700
-0.00000643 0.07614059 -0.21403344 0.00001000 0.00309100 -0.00561700
-0.00000003 0.10675635 0.21842238 -0.00000100 0.00169400 -0.00056400
-0.00000003 -0.10677525 0.21839809 -0.00001400 -0.00168900 -0.00056200
-0.00000631 -0.13055753 0.07111345 -0.00001700 -0.00317300 -0.00180200
-0.00000631 0.13077423 0.07122450 -0.00001000 0.00316200 -0.00180300
-0.00000643 -0.07609971 -0.21397056 0.00002000 -0.00306800 -0.00562500
-0.00000643 0.07617328 -0.21408305 -0.00001200 0.00308600 -0.00561300
-0.00000003 0.10673135 0.21838358 -0.00000800 0.00168700 -0.00056400
-0.00000003 -0.10677477 0.21839789 0.00000800 -0.00169200 -0.00055900
-0.00000631 -0.13060584 0.07115500 -0.00000600 -0.00315700 -0.00180600
-0.00000631 0.13076998 0.07122121 -0.00000300 0.00316700 -0.00180100
-0.00000643 -0.07609872 -0.21397023 0.00000500 -0.00307700 -0.00563300
-0.00000643 0.07615262 -0.21404904 -0.00000400 0.00310200 -0.00563700
-0.00000003 0.10676246 0.21842615 0.00001000 0.00169300 -0.00055500
-0.00000003 -0.10677292 0.21839610 0.00000700 -0.00168000 -0.00057500
-1.12675261 -0.24878524 0.33907710 -1.70814800 0.00905300 0.28078601
-0.86513899 -0.31862774 -0.33353199 -0.82593900 -0.85300100 -0.55807197
-1.54167088 -0.35071310 -0.94401997 -1.38894403 -0.76983601 -0.92324299
-0.65807791 0.09737061 0.97455267 -0.44972500 0.16216899 1.41786897
-1.09898607 -1.23700091 0.14119436 -1.60573304 -1.19204700 0.40728399
-0.21548610 -1.24037922 -0.61459234 -0.36258999 -1.78727996 -0.73194200
-0.42652921 0.59193455 -0.54750642 -0.24731800 0.57617700 -0.35319901
0.36251482 0.48499920 -0.69604180 -0.07332800 0.89907402 -0.41586101
0.08966284 -0.38514634 1.33819772 0.02687600 -0.26552701 1.07146299
0.00990137 2.13591031 -0.31308327 0.08207100 2.31542897 -0.13804001
0.46272847 0.26633985 0.64966002 0.20692199 0.23397900 0.76031202
0.04834701 0.52285735 0.53272198 -0.16080301 0.75874901 0.64848000
0.62696828 0.03844996 -0.89313019 0.70918399 0.32547700 -0.92042500
-0.86783514 0.44296231 0.29578129 -1.24365497 0.08847500 0.40950400
0.07169272 -0.19980713 0.27307285 0.04904900 -0.56636500 0.65922201
-1.38813717 -0.70324551 -0.47132845 -1.25327694 -0.69011402 -0.80044502
1.68767911 -0.96605682 -1.31120351 1.70493495 -0.71673501 -1.59233701
1.15628565 -0.04056942 1.02496442 1.27962506 -0.47155201 1.07803297
0.05959956 -0.61544385 -0.90811238 0.13633101 -0.59296000 -0.98069400
-0.60789045 -0.59413453 -0.25512079 -0.36610600 -0.59048301 -0.37303400
-0.96515528 -0.67860674 -0.54345203 -0.95755398 -0.59526098 -0.57218897
-1.96846182 1.11387715 1.14876677 -2.36847305 0.79140002 1.37580299
0.76940004 0.62846826 -0.13887407 0.87627703 0.39204600 0.42047301
-0.26076159 0.37619905 -0.49009765 0.37884799 0.82063502 -0.66740000
1.09517859 -0.48240995 0.51839694 1.00207496 -0.23394300 0.32891801
-1.39104963 0.54539466 -0.02952263 -1.60265195 0.44576001 0.22735800
-0.15631346 -0.03729108 -0.74922004 -0.03001500 -0.26611999 -0.45492101
-0.81233772 -0.57868097 -0.49320150 -0.69525999 -0.49031100 -0.48797500
-0.92656189 -1.07341855 -0.05841533 -0.84865803 -0.61551899 0.02811200
0.55508408 -0.23459046 0.28740928 1.00428605 -0.55833399 0.55560797
1.62275903 0.70394264 0.28609755 1.88087201 0.26011300 0.32338300
0.20589216 -0.28740594 0.55695490 0.73488599 -0.22495000 0.32988101
0.64333919 -1.26219703 0.56830547 1.14766002 -1.05744398 0.47583100
0.20511849 -0.71155436 -0.35818723 -0.00531500 -1.11790597 -0.25993299
0.71687326 0.22275522 0.24308669 0.59864801 0.31433100 0.47473401
0.55726875 0.53699489 -0.47669248 0.14982800 0.85978597 -0.33238599
-0.99288468 -0.45790136 -0.99789422 -1.13960302 -0.05960300 -1.03590596
1.19719010 0.45107976 -0.42539541 1.82958305 0.41937599 -0.38872200
1.05648403 -0.52329417 -0.47102648 1.26770198 -0.43366101 -0.42046100
-1.02831938 -0.57476336 0.37301371 -0.35960701 -0.39521101 0.66730702
0.66933086 -1.19539026 -0.40370578 0.86738300 -0.96862900 -0.12460900
-0.44279683 0.55880121 0.81656080 -0.55127501 0.49783701 0.90286797
-0.93593072 -0.43349582 0.05986245 -0.73283899 -0.67328900 0.26680699
0.37423337 -0.02533497 -0.59764655 0.59156102 -0.11988700 -0.74187899
-0.78032791 -0.49177856 1.15158971 -0.62395900 -0.24409200 1.07102001
-0.05283945 0.20144950 0.14981880 0.18562099 -0.26067999 0.23551901
-0.31945833 0.08534699 0.02406245 -0.51847798 -0.01124100 0.13824700
1.20179254 -0.42937319 -0.38244160 1.00284696 -0.01109500 -0.59222800
-0.78602015 -0.79582124 0.02266569 -0.69652301 -0.51052803 0.04758500
-0.14076775 0.51444725 0.20569855 -0.19055000 -0.05515900 0.55119699
0.40800935 0.14535069 0.44946201 0.30962700 0.19520800 0.62301397
0.70933019 -0.35837379 -0.17881967 0.81494802 -0.37586799 -0.25908101
-0.23147467 -0.31712885 0.31861749 -0.18147101 -0.02757300 0.17141600
-1.63311622 1.28319070 -0.95347907 -1.83481503 1.21976602 -1.34252203
-1.14863493 0.22758554 -0.61580174 -1.27447498 0.07343900 -0.60061699
-1.18347915 -0.80073980 0.06285358 -1.33080494 -0.75918800 0.33846301
-0.09954454 -1.22026304 -0.27241579 0.07992200 -1.01472604 -0.13086601
-0.22725216 0.54671978 -0.39806074 -0.00878500 0.19620200 -0.61700797
0.50401020 1.90391588 1.02429969 0.43267101 1.79550803 1.45026302
0.12345475 -0.34925948 -0.23143174 0.21953499 -0.40216899 0.13352101
-0.43668968 0.80962052 -0.63900842 -0.47058699 1.02367997 -0.64811701
-0.92554387 0.08344676 0.83296617 -1.07616699 -0.13319400 1.14846098
-0.93205620 0.94812529 0.16264128 -1.04000103 0.66401798 0.28774500
-1.22186240 0.46006618 -1.87499997 -1.30814898 0.84355098 -2.22406197
-0.06919202 -0.50710487 0.43251805 0.10015600 -0.41316199 0.52961898
0.81240259 -0.82627506 -0.70942811 0.88903302 -0.87121999 -0.68635398
0.04951493 -0.69806146 -0.56526616 0.11293400 -0.54790801 -0.07834100
-0.30082235 0.40251611 -0.64719557 -0.47736201 0.41614199 -0.45431200
-1.04197382 1.08682723 0.35340407 -0.97250003 1.05786300 0.14864300
0.49923146 -1.00235838 0.66387344 0.43046999 -0.90562999 0.43869999
-0.18254199 -0.13933141 0.31727299 -0.16270900 0.10881000 0.08829400
1.65029854 -0.37072196 -0.60754416 1.61246097 -0.43125901 -0.58305198
0.48017904 -0.32847443 -0.51425666 0.31998301 -0.36675999 -0.50801301
-0.34770065 0.01355341 0.20093111 0.07341700 -0.03936200 0.34435099
2.00539108 0.33437845 0.63455390 2.34580708 0.36772001 0.35749099
0.11790788 0.40492705 0.61758758 0.24539500 0.61542499 0.28622600
0.27512998 0.15875547 0.06584528 0.26043499 0.19822399 0.05801500
-0.18417440 0.67683617 0.01116923 -0.21266299 0.66346598 -0.05491000
0.37879389 -0.30672391 -1.86953571 0.44445899 -0.42098501 -1.92197394
0.76917157 0.03820984 0.07301858 0.55077302 -0.06040900 0.14037700
-0.95293681 0.02564754 0.22110627 -0.88543302 0.00776300 0.21087700
1.37590205 -0.84588859 0.83345620 1.58962905 -0.94329399 0.51082999
0.49873002 -1.31145241 0.77312455 0.45031399 -1.18518305 0.77122802
0.53765341 -0.61346256 -0.06915737 0.62058300 -0.91591102 -0.10780700
0.62534517 1.11775794 0.41592170 0.78209400 1.21089399 0.12479600
0.64149746 0.12783491 0.19836953 0.37492400 0.14222100 0.58069003
-0.43417024 -1.07663311 -0.41218345 -0.49751699 -1.28228796 -0.64671600
-0.59358877 -0.96249939 0.63720799 -0.60063797 -0.93259299 0.36306199
0.46058619 0.56418389 0.48793368 0.43710300 0.57888001 0.72662699
-0.61234787 -0.25120685 -0.83206599 -0.54345202 -0.29056999 -0.89572102
0.13711253 0.31145035 0.81418743 0.03342700 0.34340900 0.93780899
0.41828605 0.68902447 -1.30854730 0.52756703 0.83113497 -1.35939598
0.21855411 0.36044617 -0.43162580 0.04980000 0.04356800 -0.73397303
-1.05769447 0.69745249 -0.58292002 -1.08515894 0.69705302 -0.68324101
0.31695961 0.14538048 0.73932487 0.22521900 0.57482803 0.48606700
-0.90297488 -0.11044760 -0.52813755 -0.99794400 0.17190400 -0.51376802
-0.03366623 0.70661923 0.59366229 -0.08069100 0.66485900 0.62460899
0.89099926 0.25353380 -0.06222485 0.76199400 0.12906900 0.01806200
1.40397097 0.10579740 0.51215150 1.48864198 0.04125300 0.29602200
-0.18724843 -1.21416847 0.72214809 -0.27271199 -1.23015404 0.38231400
0.37357282 -0.14275901 -0.41698726 0.57008201 -0.13783699 -0.37050599
0.08187192 1.22205419 1.29518767 0.11700400 1.02251303 1.12665999
0.00873545 0.01553584 -0.22553622 0.10739700 0.18009099 0.25737399
0.15300067 0.56297805 -1.35776659 0.20566200 0.42693600 -1.19271600
-0.37077404 -0.73226016 0.05420023 -0.57936102 -0.67886001 -0.01872700
0.17875380 -0.51238884 1.09146009 0.28840101 -0.39746001 0.74440199
0.12593082 -0.17171434 -0.29309927 0.05906400 0.02150900 -0.33889499
0.19644714 -0.04447404 0.24717561 0.19210000 -0.03718200 0.13697401
0.09695291 -0.74261769 -0.50384157 0.09891200 -0.67313701 -0.28201300
0.43311429 0.16672487 -1.03481579 0.08589100 0.20177600 -0.96287000
1.24190421 1.10750329 0.42309612 1.24421895 1.00617194 0.31404400
-0.18342069 0.51176449 -0.09246784 -0.37250701 0.81586099 -0.45722201
-0.31006546 0.92132509 0.09925437 -0.50928003 0.94976503 0.26112100
0.29345179 0.58257700 0.19886746 0.55787599 0.41697699 0.06701600
0.62490538 0.23247818 -0.29639832 0.26411101 0.40557301 -0.05413900
-0.83451634 -0.59562724 1.20683099 -0.70879698 -0.52636403 1.27787805
0.05412905 0.73209181 0.43747246 -0.23774301 0.56668103 0.16458599
0.27759772 1.23106103 0.52048309 0.41106400 1.55162299 0.25816700
-0.12056420 -0.37031069 0.01371876 -0.27409801 -0.36671400 0.03794600
-0.19064325 -0.19618858 -0.13219061 -0.48326600 -0.26615000 -0.12219400
-0.50598260 0.01540120 0.56962917 -0.55501997 -0.13011000 0.55583400
0.31510086 -0.29030234 0.75644076 -0.35642499 -0.48454601 1.03259206
0.50673630 0.15076886 -0.03467882 0.63765103 0.11996700 -0.15467300
-0.00298593 0.65048571 -0.01347943 -0.12477400 0.76717597 -0.18965100
-0.26656549 -0.45661569 -0.08680393 -0.68556899 -0.37434399 -0.26274899
-0.30111484 -0.36793457 -0.34054750 -0.21432100 -0.52540898 -0.37493399
0.15244965 0.60324524 0.84991180 -0.11386900 0.58762097 0.79432398
-0.07184381 -0.09645532 0.49904925 -0.02055300 -0.00272900 0.68141598
0.07610566 1.10023315 0.68946519 0.05180400 0.96478599 0.42932099
0.66932777 0.04262518 -0.24561193 0.68339401 0.09598600 -0.45726499
-0.60138448 1.07331365 -0.48198131 -0.73454601 0.92872798 -0.34987900
0.36026484 0.21958736 0.33613934 0.05633600 0.02949600 0.26807001
-0.07435986 -0.28862438 -1.15304709 -0.10105100 -0.24818900 -1.12746298
0.03406298 0.25914095 -0.43914076 0.10369300 0.29232800 -0.14343899
2.06067171 -0.03619005 0.30310857 2.06778312 0.07518300 0.20549600
0.79343858 0.15909207 -0.13524267 0.84522498 0.32615200 -0.39107800
-0.16928546 -0.12338086 0.23444989 -0.14526901 -0.30938801 0.45840400
-1.06308877 -0.96362743 -0.59307151 -1.04751205 -1.00887406 -0.79129499
0.04583572 -1.04521922 -1.39140674 0.10509700 -1.28921199 -1.45190704
0.31067367 -0.00002453 -0.26357288 0.24660701 0.07966900 -0.29597199
1.28060846 0.24847761 0.89475367 1.42786205 0.14740500 0.76021999
0.48532369 -0.18360875 -0.19232329 0.59405601 0.07726900 -0.44918200
-0.79389448 -0.40432518 -0.14401465 -0.99304497 -0.44685599 -0.12172500
-0.48777984 0.99183283 0.54754778 -0.26877201 0.99199599 0.47369000
-0.48838362 -0.47846307 -0.65592789 -0.59372598 -0.50792599 -0.46022201
-0.16693722 0.39160214 -0.98703040 -0.18135500 0.30693099 -0.92001498
0.43390274 0.80749747 0.70000085 0.55604202 0.69081998 0.51144999
1.81443396 -0.78419718 0.41346196 2.23142409 -0.73868603 0.27489299
0.33658032 -0.70798476 0.83764373 0.22346300 -0.44448000 0.69254500
-0.15211501 0.27087941 0.73604168 -0.03540200 -0.09723400 0.57669598
0.36764656 0.14989225 -0.75167393 0.16323601 0.35740000 -0.83319402
-0.48007186 0.79278377 -1.18085755 -0.47668800 0.89511198 -0.87993300
0.21840422 1.35472409 0.51156291 0.15259200 1.13518500 0.34843600
-1.17240190 -0.98185832 1.16779870 -1.39293206 -1.07234395 1.00250602
0.30809842 -0.22426777 0.10312523 0.55882800 -0.07235600 -0.02746000
-0.08828973 0.34897247 -0.14955482 -0.00206200 0.36251199 -0.24201100
0.16113658 -0.17578965 0.18968510 0.07693800 0.02456800 0.71272397
-0.33548062 -0.06352673 0.46399024 -0.12179200 -0.06520300 0.74399799
-1.42968034 -0.37223315 0.06975621 -1.56743896 -0.49731800 -0.23270801
-0.26610961 0.27137908 0.18819098 -0.07046600 0.46028700 -0.05130100
0.54281700 0.19362329 0.89521454 0.74687201 0.57113498 1.02419496
0.18706585 -0.02349720 1.48449630 0.41465399 -0.34158301 1.75799501
0.02270211 -0.32593031 0.35411521 0.45191199 -0.57092500 0.31754601
1.12494749 -0.64857047 -0.06226945 1.25614405 -0.20812900 -0.08645400
0.89783284 -0.89082603 0.41610119 1.15256703 -0.88968998 0.37818301
-1.72258692 1.39663912 -0.09131495 -2.17418098 1.53618503 0.10433000
-0.14575841 -0.36169713 0.47511535 -0.23869500 -0.87763500 1.11553895
0.81380079 -0.15186324 -0.52660838 0.85174799 -0.66591299 -0.63810903
-0.36039363 0.03692909 0.09846298 -0.64386702 0.44981501 -0.12393300
-0.18190908 -0.60265840 -0.76067162 -0.15517899 -1.10357594 -0.89320201
-1.23878774 0.36928543 -0.71574796 -0.94004101 0.49812999 -0.78517503
-0.29681122 -0.29325146 0.11170705 -0.48366600 -0.39151201 0.42587599
1.43889337 0.21138205 -0.61127489 1.83920097 0.88680601 -0.52696103
-0.02688067 0.59591798 0.30056334 0.24802500 0.25715801 0.27799401
0.73661210 0.63526576 -0.49625071 0.66223300 0.45793301 -0.64972699
0.57565442 -0.28279065 0.13795289 0.88854897 -0.21850599 0.43017200
0.45460251 0.14137664 -0.16343532 0.54148000 0.50757402 -0.22875400
-0.40860271 0.22059164 -0.14240528 -0.43020701 -0.19977100 -0.09310500
-0.06459320 0.65604318 0.35828007 -0.17869800 0.20308000 0.32561401
-0.28280855 -0.05817526 -0.27285320 -0.02646100 0.11490800 -0.08047000
-0.34846656 0.39314065 0.23237219 -0.53269500 0.68543398 0.12145800
1.10835221 1.24555198 -0.59881685 1.80720103 1.11097205 -0.44358501
-0.03619402 0.32476767 -0.50813418 0.27259400 -0.11746000 -0.67727000
-1.13443971 -1.22644962 0.03942372 -1.06858206 -1.78084004 -0.23495400
0.89553981 0.17250942 -0.35579460 0.86005998 0.55765200 -0.55342501
-0.18218201 0.31197003 0.84664953 -0.43392199 -0.04765500 0.95713502
0.30678247 0.17468942 0.23257385 0.33411601 0.26816201 0.14949900
-0.76802231 -0.56921371 0.62906788 -0.19795200 -0.49378499 0.89290500
0.21562390 0.73832269 -0.18573994 0.15559199 1.32801199 -0.07308500
0.00484423 -0.20325036 0.72656242 -0.02698000 -0.29220501 0.66251498
0.30022720 0.05772927 -0.67036886 0.11301000 0.41611099 -0.85642302
-0.78625519 -0.13675664 1.16533557 -0.84358901 0.30386600 1.76428699
0.65899708 0.33031058 -1.08389296 0.54639798 0.88434100 -0.96090198
0.24234340 1.72503493 -0.78644176 0.38219899 1.73900104 -0.93467599
1.40586024 -0.64078294 0.26983271 1.08147502 -0.83782101 0.57891101
0.12197743 -0.01570426 0.02271742 -0.17347300 -0.06229600 -0.12036300
1.18416466 -0.63449834 -0.21609323 1.51847994 -0.46138799 -0.03537300
-1.64894995 -0.67804540 0.01338995 -1.76094902 -1.12678003 -0.31505099
-0.41094435 0.79769427 -0.06181506 -0.71793902 0.53221101 0.08846300
0.14848681 -0.24041505 -0.63301095 0.28080601 -0.32931799 -0.58985901
1.08185392 -0.59980259 -0.60061871 1.23311102 -0.18966401 -0.62744898
-0.28658768 0.69152568 0.50782260 -0.21167400 0.31658301 0.45279700
1.00270179 1.17773122 -0.08980848 0.88674998 1.09482205 -0.22679400
-0.63219003 0.12032601 0.20489118 -1.07588696 0.50496399 0.25887400
-0.58933059 -0.27678752 0.26569600 -0.94442499 0.04864000 0.43875700
0.38383836 1.05607024 -0.44027740 0.26696700 1.06878805 -0.43918100
0.52899429 -0.29753284 -0.22912310 0.59944201 -0.36613500 -0.00892400
0.09767546 0.13912699 0.33163168 0.21132600 0.17158300 0.75082302
-0.15943713 0.18135014 0.12576605 -0.42769000 0.46112001 -0.04465300
0.01248227 1.54869244 0.12626347 -0.08197300 1.47913301 0.31402400
-1.12517391 -0.99169739 -0.09105398 -1.03829300 -1.50811994 0.33234000
0.18725857 -0.46877542 -0.28329238 0.01767400 -0.26254499 -0.38973701
-0.75529449 0.58245478 -0.74114941 -0.94762301 1.19730496 -0.73169500
0.12147337 1.10404627 0.41970270 0.21429400 1.00263405 0.36133099
1.09777170 0.92811112 0.24951182 1.06244302 0.66175401 0.18332300
-0.35891542 0.29757857 -0.30038760 -0.59134799 0.24440500 0.25389299
-0.32841148 -0.22359981 -0.41699919 -0.21222100 0.39876100 -0.53706598
-0.25227298 -0.65446559 0.43004134 -0.22908100 -1.22735703 0.76260602
0.75869747 0.37684435 -0.63995523 0.35493001 0.77463901 -0.77928501
0.05963296 -0.16195584 0.28408645 0.46447799 0.11093000 0.39128199
0.57784250 -0.37562625 0.05070850 0.62524903 -0.08987300 0.11928300
-0.34442009 0.24644155 -0.90394719 -0.65245903 -0.12041300 -1.32340395
0.22397791 -0.21324408 -0.52992639 0.09671900 -0.76911402 -0.97268301
-0.35096571 -0.06345881 0.11625831 -0.44938099 -0.03471900 0.12302700
-0.00402984 -0.71580507 0.09495681 0.17167400 -0.58889401 -0.00962000
-0.72318620 -0.02995598 0.02872150 -0.88653302 -0.50067002 0.03020900
0.58033034 -0.03454186 -0.50655689 0.34414399 0.11146300 -0.35926300
0.21838381 0.62370361 -1.51110756 0.16667800 0.71544200 -1.51586699
0.03258766 0.14440182 0.55614431 -0.12823699 0.26296300 0.65196002
-0.25737421 0.30968760 0.00210278 -0.40562299 0.49116901 -0.28247300
0.33918373 0.39982970 -0.22568684 0.12525600 0.65183699 -0.37306401
-1.05146608 -0.66748678 0.14124677 -1.16798306 -0.74732399 0.30938399
-0.46129183 -0.32279630 -1.09041697 -0.28611699 -0.13832700 -0.93968397
0.63214840 -0.48799073 0.58849223 0.68999600 -0.50027901 0.71395302
-0.08133094 0.15626031 0.77149306 -0.08683800 0.00508400 0.55753499
0.38337628 -0.89686845 0.02239546 0.38869101 -0.95685703 -0.38143101
-0.26208508 -0.89047343 0.31299717 -0.07279800 -0.82402301 0.28596401
0.42854789 1.48988666 0.90749106 0.39564699 1.67354500 0.94634801
0.25833908 -0.55060553 -0.30098955 0.23636700 -0.77193999 0.02422500
-0.69516259 -0.03149196 -0.16348298 -0.81577897 -0.05362500 -0.02503500
-0.02170639 0.30492215 0.25863170 0.04009200 0.10797800 0.04146500
-0.31753515 -0.18375114 0.93054045 -0.18991099 -0.13334200 0.82983500
-0.48782586 -0.78766485 0.25989812 -0.73258400 -1.17809606 0.38935700
-0.83267233 -0.58330678 -0.71932123 -1.16628897 -0.66433102 -0.79003698
-0.75336609 0.23839768 0.54083169 -0.70621300 0.27256799 0.73922598
-0.72557789 0.03058321 -0.28606974 -0.73735398 -0.10267900 0.04851100
0.33196109 -0.22846431 -0.06365453 0.27584100 -0.48225999 -0.33280900
-0.03025092 0.07377023 0.48985535 -0.13460600 0.14299400 0.41556701
-0.31689407 0.32041413 -0.03632183 -0.42027199 0.46915901 -0.16141801
1.03998300 -0.83357513 -0.17336239 1.14737904 -0.97079903 -0.12782200
-0.07662093 -0.26152696 -0.48614098 -0.04105700 -0.12363100 -0.24305999
-0.57347701 0.24250307 -0.30917475 -0.42675799 0.02790100 0.01577300
-0.49711903 -0.40526973 -0.18090332 -0.48860800 -0.31033400 -0.19330999
-0.72599918 -0.32660235 0.08841166 -0.93262702 -0.17865500 -0.14818101
0.23425747 -0.31512705 0.11395517 0.04804200 0.03248400 -0.10569400
1.29838897 -0.13718163 0.27895093 1.35675895 -0.35407999 0.22792900
0.66203236 0.22883468 0.34034233 0.41898301 0.42263299 0.62840301
-0.73764625 0.18136220 -0.22706230 -1.08509398 0.37259299 -0.23245600
-0.94657056 -0.13062116 -0.47178692 -1.02758801 -0.21386901 -0.73978800
0.47012749 0.37080346 0.81747156 0.26210001 0.65427399 0.60679501
-1.22823547 -0.66526786 0.34325199 -1.06473303 -0.29533100 0.31783700
-0.43024248 -0.11192548 -0.26641725 -0.37637299 -0.14052600 -0.36161000
0.26200711 -0.05354258 0.60915707 0.04370200 -0.25919101 0.98476303
0.56782160 0.67833581 -1.61143340 0.55306399 0.63696802 -1.55541003
-0.42694384 0.24232659 0.14886306 -0.46989501 0.11691500 -0.06937000
0.00898913 0.38336915 -0.13095870 -0.06146700 0.39216301 -0.27406001
-0.19711118 -1.63642249 1.23911761 -0.28344300 -1.67435706 1.19356799
0.28866084 -0.23099862 -0.10193923 0.40816200 -0.19284099 -0.09813600
-0.84790437 0.17404788 -0.18960722 -0.79618102 0.01026000 -0.10189300
-0.06482477 0.09852372 -1.19149980 -0.29485101 -0.02010400 -1.30668104
-0.37837600 -0.10798851 0.06426496 -0.36400199 -0.26889601 -0.15557900
-1.01657256 -0.11981220 0.50839574 -0.94862700 -0.35198900 0.53792500
0.52363699 -0.30205147 -0.16144859 0.46119100 -0.37471801 -0.25120500
-1.56187177 -0.69111604 -0.51542908 -1.49972498 -0.88123298 -0.56405997
-0.79076894 0.37760950 1.74530415 -0.52317101 0.30525500 1.77155495
0.76442504 -0.77028402 1.40645972 0.65227097 -0.69549602 1.60181403
-1.06669052 0.16098662 0.19430914 -1.03110600 0.01438300 -0.03976400
1.22484465 -0.17480097 -0.37222567 1.32852495 -0.15614100 -0.66243601
0.10225676 0.24150823 -0.41584017 0.18189500 0.17536999 -0.49899700
0.51362921 0.36230254 0.54403350 0.31843400 0.23553699 0.59798300
0.56052094 0.39574404 0.13376356 0.55562901 0.51060402 0.23800300
0.36528761 -0.51467003 0.52287953 0.40085199 -0.32077301 0.62877101
-0.29957232 0.04361451 0.30783352 -0.25986499 -0.03785300 0.12753899
-1.04937478 -0.52232086 0.27418169 -1.02626896 -0.36423299 0.11227900
1.23471412 0.98552864 -0.45242400 1.10754204 1.09156299 -0.33889800
0.30872846 -1.00032708 -0.58000664 0.35395101 -0.86236697 -0.53063399
-0.45623540 0.12780075 0.26541035 -0.21678001 0.09391500 0.44426200
0.16274525 0.19514305 -0.34219212 0.15344600 0.30318901 -0.20636700
-0.22583587 -0.17166690 0.43463420 -0.35748100 -0.33593300 0.20752600
0.22725452 0.00139598 -0.04394657 0.27781901 0.14813200 -0.21709301
0.83075960 0.99876104 -0.80790632 0.86750698 1.03305697 -0.90206599
-0.62840382 0.04491580 -0.34409112 -0.49917999 0.04416700 -0.33904901
-0.02739106 -0.20556921 -0.11118980 0.11478200 -0.26476401 -0.06663300
-0.22957131 -0.37068014 0.39456227 -0.07930700 -0.53883499 0.55435902
0.38840991 -0.10692868 0.16650010 0.39095101 -0.29769099 -0.25631699
0.15588811 -0.07727227 0.23565770 0.33320901 0.00649500 0.06873000
0.20082268 -0.99545820 0.57092847 0.11436400 -0.78831100 0.48937801
1.32146862 -0.71030725 -0.22528413 1.53971601 -0.94671702 -0.22032100
-0.39498793 -0.03893508 -0.84273206 -0.45908099 0.14689800 -0.64042097
-0.31261255 0.32062350 -0.50678679 -0.02022100 0.31193700 -0.25793099
0.65150269 0.35538260 -0.29830912 0.78272003 0.34591699 -0.44073701
0.09203139 0.07543873 0.44896622 0.11848900 0.29478601 0.10868800
0.62262431 -0.96639258 0.40545399 0.78126597 -1.16113198 0.45844901
0.25692256 1.09103258 0.16037891 0.43348300 1.02463603 0.09690400
0.67757612 -0.07966633 -0.13790663 0.82381803 -0.22871201 -0.22134501
0.11336783 0.51939669 -1.09479340 0.16199900 0.40513799 -0.92277402
-0.87381738 0.61585411 0.50058489 -1.04105794 0.61550701 0.28713399
0.76671942 -0.57040845 0.29135183 0.97654498 -0.34571800 -0.06673100
-0.29889525 -1.39500593 1.06103882 -0.41318899 -1.46535695 1.13703501
-0.15171769 1.23208285 0.58176346 -0.37792799 1.29359496 0.43009400
-0.24970399 -0.34997406 -0.37557718 -0.21883801 -0.57546902 -0.14360400
-0.45479950 0.09880879 -0.95622208 -0.54964298 0.16374600 -1.05267096
0.59284088 0.49632595 0.52881171 0.65330201 0.31902900 0.32594299
-0.21978382 -0.10582381 0.25021055 -0.13413300 0.09820100 -0.10785400
-0.59926394 -0.07236274 0.13899289 -0.43130499 0.06653000 0.14435899
0.44928030 -0.39054808 0.04182165 0.48175201 -0.28382400 0.21922199
-0.05922044 -0.12195542 -0.55539441 0.07490900 0.11129200 -0.18599001
0.24612287 0.14378592 -0.37203242 0.22689800 -0.01565000 -0.02245900
-0.83836451 -0.09580807 0.05984439 -1.02881598 -0.39182201 -0.35004300
0.27203206 0.10364063 -0.08086015 0.44560999 0.32085100 -0.28719601
0.04311547 -0.65670553 -0.37961933 0.19268800 -0.24256200 -0.41906601
0.51749927 0.43424993 1.42839642 0.54286599 0.22526801 1.93772995
-0.31992457 1.21692452 0.97676971 -0.13613400 1.23272896 1.07197297
-1.13220046 0.01058166 -1.00954699 -1.07159197 0.32651699 -1.08430696
0.10722802 -0.00824581 0.34712123 -0.12048100 0.28403699 0.31538799
2.17860221 0.32587396 0.80683675 2.72794795 0.01033700 0.77237302
1.47311408 0.37540878 -0.35669847 1.58578300 0.69376498 -0.84315002
-1.55910636 -0.28564243 0.83525580 -1.45619905 0.03211100 0.83267599
-0.22332268 -0.46136504 -0.74120383 -0.14632100 -0.32988399 -0.61484998
0.00601725 -1.30649525 -0.12264924 -0.19708800 -1.87680197 -0.04067800
0.71977819 -1.29453761 -0.14278709 0.49268699 -1.89894795 0.19915700
0.87343176 -1.04867272 0.03562760 1.00623798 -0.70942098 0.05652900
-1.29436048 -0.62254048 -0.33561493 -1.36584699 -0.44649899 -0.56679600
0.33165145 0.22838191 -0.13739561 0.14572500 -0.12790100 -0.34737700
-0.29452885 -0.09768471 0.42025470 -0.22933599 0.05249500 0.93988502
0.33411441 -0.36077986 -0.02370194 0.12819099 0.03487900 0.02946700
-0.59486118 -0.18023202 1.34041339 -0.62844098 -0.10979200 1.41527104
0.26591671 0.16657537 0.00807843 0.31586301 -0.12175100 0.43182299
-0.10724100 0.35840905 -0.11174516 0.15395600 0.22277901 0.07596500
1.00334239 0.41345100 -0.31401315 0.96092099 0.48295900 -0.30495599
2.70172981 -0.62838397 0.02766793 2.92601109 -0.45207801 -0.37482700
-0.46076364 -0.67598906 -0.41670207 -0.92636901 -1.03673398 -0.36324400
-1.45411787 -0.23846692 0.43460494 -1.63540399 -0.45779300 0.73661000
0.00376423 0.07773161 0.50395709 -0.04104200 0.37025300 0.46202201
-0.57927701 -0.14155524 -0.26364617 -0.53936899 0.24106801 -0.58197999
1.30906714 0.12224846 0.21830132 1.80258906 -0.21504299 0.19596501
-0.31105474 0.86697353 0.47775207 -0.49956501 0.51401401 0.51798099
-1.18284618 -0.09805563 0.76631682 -1.11651003 0.26266399 1.27613997
0.10135177 0.04121115 0.10532233 -0.17019500 -0.03418100 -0.35491899
-0.99572594 0.65014710 0.04223596 -1.06702399 0.38681901 0.48260501
-0.60077454 0.37499272 0.28278662 -0.91600400 0.11614800 0.79415101
0.50480568 -0.04912508 -0.63532035 0.21794100 0.18541500 -1.16498697
-0.66675295 -0.94981757 -0.66389326 -1.11711800 -0.92298400 -0.66323698
0.24810663 1.17407919 -0.19754422 0.43737301 0.78978997 -0.30930200
-1.50115833 0.37521709 -0.77815191 -1.76659596 0.57982498 -1.11452699
0.47745396 -0.53019353 0.22689198 0.03814300 -0.00197800 0.54321897
-0.01661375 -0.51688557 -0.16746387 -0.50535202 0.10122500 0.06914600
0.29783453 0.56237182 0.36646978 0.46923700 0.36887199 0.27733099
0.59165568 0.26494106 -0.29404398 0.77247697 0.51751900 -0.53891301
0.17624867 0.15455747 -0.00610500 -0.28828600 0.68158001 -0.02506800
-0.27765822 -0.26249271 0.83186855 -0.31552199 0.10106100 0.85145801
0.15408499 0.66857598 -0.04986058 0.17991500 0.23786099 -0.22556899
0.56326811 0.13828618 0.41436134 0.56307000 -0.22965200 0.08943400
0.87640806 -0.23141264 0.39367177 0.86182201 -0.25577700 0.41225699
0.75958230 -0.95120810 -0.55808772 1.07222903 -0.89632899 -0.21291099
-0.94582963 0.45658166 0.21801233 -1.06668305 0.20605201 0.14212500
1.07132662 0.31222324 -0.36424337 0.57516402 0.15077201 -0.21055400
-1.49736798 0.20176554 -0.32374067 -1.33188200 0.18761501 -0.08593300
1.08957700 0.77320001 -0.05410176 1.45021403 1.40446496 0.03926600
-0.47871368 -0.67579394 0.18408243 -0.56004900 -0.93579400 0.33464700
0.60584448 0.18780086 -0.31129010 1.00974703 0.39216200 -0.40443701
-0.08999697 -0.16744758 -0.27906919 -0.16858000 0.01600900 -0.46497399
1.43829472 -0.59735055 -0.80531317 1.70267999 -0.48744300 -0.80285197
-0.09654401 -1.43592347 0.75730195 -0.52265000 -2.20359397 1.01732504
0.24723264 0.74713959 -0.14622127 -0.13564000 0.16873500 0.18599001
0.81536807 0.34931619 -0.86766978 0.98214000 0.55970800 -0.93818498
-0.30392816 0.12886180 -0.29317124 -0.31993401 0.35862300 -0.26698899
-0.54971181 -0.64397164 0.05607148 -0.83580601 -1.18641305 -0.28114101
-0.80967026 -1.02350684 -0.05924515 -0.43971500 -1.46539903 0.14543700
-1.43546030 -0.27961822 -0.56799861 -1.55013597 -0.38738599 -0.60855299
0.16576934 -0.56814365 0.42931023 0.55179298 -0.20132400 0.69685203
0.43385436 0.76031926 -0.70510348 0.75926501 0.54997402 -0.74724299
0.46977445 0.99535464 0.32709632 0.83715498 0.99036998 0.41299501
0.52621963 -0.94322047 0.53358799 0.75654799 -0.73664403 0.81187397
0.20203341 0.46054475 -0.14137955 0.06950100 0.51507699 -0.16686000
0.44070259 0.24990037 -0.15403318 0.71548003 0.32924700 -0.38588801
-0.22871190 -0.41276093 -0.74725076 -0.50041503 -0.49972299 -0.63255697
-0.06070792 1.04364866 -1.69618317 -0.03067700 1.02343094 -1.51718199
0.65372306 -0.63725250 -0.81394863 0.61598700 -0.80442202 -1.03742898
-0.53405962 0.50260299 -0.02891884 -0.55456698 0.50996703 -0.24349800
-0.55466770 0.60492541 -0.58611466 -0.51661003 0.55686098 -0.52923501
0.71652033 -0.45185577 -0.82380512 0.58450699 -0.58904898 -1.00276899
-0.49985630 0.08437499 -0.08292074 -0.14030300 0.15294400 0.31684801
-0.79440939 0.42546729 -0.28456246 -1.23108697 0.37673101 -0.00133900
-2.05949981 1.25053460 0.27734465 -2.23568892 1.08984196 0.25090900
-1.04775741 0.51776164 0.88009352 -1.04897594 0.43864301 0.89898700
-0.26731553 -0.92355257 0.72318051 -0.06399800 -0.74416798 0.64906698
-1.07930608 0.96608433 1.36675204 -1.12072003 0.87856197 1.39399397
-0.28544359 0.47221741 1.36018512 -0.42715400 0.73012799 1.48196697
0.30633689 -0.35441224 -0.53069952 0.18960100 -0.24930400 -0.35782301
1.15177686 0.65476600 0.37880438 1.34073997 0.59561199 0.22186100
-1.44799533 0.04377399 -0.51196323 -1.59965396 0.24100000 -0.84076202
0.55479149 -0.69319847 0.40193526 0.70853299 -0.78553200 0.58811700
0.69461440 0.52623276 0.03479735 0.77153200 0.59630901 0.13261101
-0.01021455 -0.18758504 -0.13332447 -0.07626800 -0.23733500 0.05943100
0.18989626 0.03974751 -0.66139366 0.63985997 0.01095500 -0.68931901
0.95942543 1.30077755 0.58744501 1.03656805 1.31907201 0.53550100
-0.06691196 0.80884254 -0.67459512 0.00920200 1.08974099 -1.05861402
0.05125105 -1.36223454 0.62849690 0.09686600 -1.68217695 0.75880402
-0.97903953 -0.28613109 -0.18647681 -0.82032901 -0.40894201 -0.31892800
0.22339168 -0.22001993 -1.09467413 0.07987400 -0.22481900 -0.93738699
0.50890371 -0.31537006 -0.10041231 0.18960300 -0.28410399 -0.18434000
-0.18929864 -0.20139253 0.62740984 -0.17412800 -0.29830399 0.37892601
0.66859614 -0.10640886 0.82517968 0.59875703 0.08467500 0.44595799
0.10158671 -0.83272374 0.13550042 0.22115301 -0.85105503 0.12165900
-0.66924968 -0.27111666 -0.33424120 -0.68013197 -0.29033300 -0.39093000
-0.66246669 -0.63451439 0.19472183 -0.43087801 -0.91636997 0.41034800
0.77014462 0.15190855 -1.11914043 0.89272302 0.03471000 -0.91040999
-2.16720484 -0.16369692 0.13883456 -1.98713601 -0.41152999 -0.04229200
0.01814590 0.44570180 -1.36420063 0.18334000 0.63195598 -1.68061602
0.94590706 -0.44425569 0.58869177 0.85132301 -0.55634898 0.63681501
1.12550966 -0.38150388 -0.46789825 0.83447200 -0.47496101 -0.41933900
-0.03410543 0.63027888 0.35980250 -0.14179900 0.78811300 0.49364999
-0.25665232 0.33985388 -0.48638488 -0.52652103 0.22583200 -0.28530800
0.06185037 0.89185474 0.31664175 0.05474900 0.79809803 0.20558301
-0.14662546 -0.06011386 -0.02859736 -0.37719601 0.11956400 -0.19976000
0.35026748 -1.33071117 1.31329480 0.32385901 -1.05356896 1.25725496
-0.74130927 0.03592842 -0.36384253 -0.98318201 -0.13415800 -0.52454102
0.82971996 0.80429126 0.12351494 1.10164499 0.88795799 0.13102899
0.01638883 0.63842712 0.14014263 0.07266100 0.52711302 0.57797599
-0.63186232 -0.41504021 0.17896735 -0.65007102 -0.44505799 -0.05964800
0.82175668 -0.68238928 0.38544846 0.97408903 -0.56085700 0.07729600
-0.58327810 -0.16012364 0.01423153 -0.44687900 0.20388000 -0.06253700
1.31343614 -1.48518965 -1.09980260 1.29753494 -1.45340097 -1.02853596
0.21600640 0.72455660 1.06984409 0.36013001 0.84568799 1.40273499
-0.57997549 -0.71043786 0.90890666 -0.36657101 -0.81677800 1.02890694
0.04787510 -0.26685809 -0.10291911 0.13010401 -0.53042698 -0.40714401
0.56602788 -0.00862150 0.18745122 0.56567401 -0.05756400 0.20345300
0.40475519 0.81102883 -0.34690451 0.55291498 0.92975700 -0.39275399
-0.02520773 0.96446072 0.29175873 0.07493300 0.97061300 0.23466299
0.07307240 0.34708952 0.24442620 0.03887300 0.33460101 0.18147500
-0.28692555 -0.32567586 -0.67578060 -0.14308600 -0.43627599 -0.47457200
0.25406175 0.45771723 0.25786203 0.28001499 0.26968500 -0.13158400
0.36185743 -0.34268437 0.10802302 0.37879401 -0.26998201 0.12309700
-0.92504059 1.27846638 -1.08899053 -0.80105799 1.11948895 -0.99607098
-0.15137374 -0.96981665 -0.66719366 -0.00067200 -1.07502794 -0.60892498
0.54042151 0.09321935 -0.02998696 0.68561202 0.27200899 0.25250599
0.15284951 0.02081108 -0.69200873 0.00691900 0.20104000 -0.84809601
-0.46786409 -0.48530667 -0.29683542 -0.53973401 -0.59452099 -0.50695997
-0.68260419 0.15469347 0.18840716 -0.60176098 0.40791601 0.02835200
-0.66822152 1.18436328 -1.08841900 -0.47075301 1.36654198 -1.29841101
1.15809593 -0.09883191 -0.40845520 1.21508801 -0.12425200 -0.51736301
-0.19804191 0.16211126 0.36174350 0.07823800 0.29133001 0.52053899
-0.36860007 0.26245819 0.17690279 -0.48068401 0.30708599 0.57771200
-1.06456012 -0.03986687 0.38466761 -1.49134398 -0.06656400 0.05668700
-0.57409041 -0.49995415 0.71381389 -0.60511202 -0.44519001 0.51950997
0.09896009 -0.89414813 0.76262670 0.14505200 -0.84154701 0.69104201
-0.56425086 0.93399622 -0.02077956 -0.96339703 0.98179901 -0.04569600
0.93858805 0.26680390 0.02875132 0.72052199 0.13757600 0.23376200
0.24687713 0.15879774 -0.28701989 0.51095700 0.02152200 -0.11817800
-0.36200459 0.18153727 0.32908586 -0.54302400 -0.16631900 0.09274700
-0.76145369 -0.23981446 0.78479601 -0.83306098 -0.31951401 0.55182898
-0.39140355 -0.51646224 0.79768613 -0.59574902 -0.27578199 0.83171397
-0.51230538 0.17801835 0.38860370 -0.30898601 0.01814200 0.36098000
-0.41182563 0.65794302 -0.08734500 -0.42486000 0.85788000 -0.02320300
-0.05073172 0.36317040 -0.95240192 0.01193500 0.28432199 -0.77566999
-0.22845858 -0.19180435 0.39567433 -0.10389200 -0.41472700 0.05753400
-1.22198332 -0.06546005 0.61880545 -1.32445705 0.19314100 0.24487300
0.50422663 -1.37380085 0.81445306 0.67284203 -1.30562401 0.80884099
0.26382749 1.41873555 1.01586621 0.31521901 1.52246404 1.32468903
0.17691074 -0.05219093 -0.08276765 0.33684900 0.23975600 0.39407799
0.07012745 0.59604508 -1.51410293 0.43888199 0.67392600 -1.25244200
0.61623409 -0.19416453 0.59312366 0.52292001 -0.37696299 0.22751100
0.52766064 0.27744925 -0.58473872 0.70238203 0.55740398 -0.91220301
0.72298417 0.13895267 -0.33031327 0.66424602 0.07667900 -0.40988800
-0.28994473 -0.13959212 -0.04174100 -0.40294799 -0.36738300 -0.08420000
-0.14658293 -0.70249727 -0.96596203 -0.29845700 -0.72519100 -0.94088697
0.46190346 0.30446579 -0.48548151 0.07757000 0.21175499 -0.45367801
0.89251011 0.21916235 0.50822285 0.84586400 0.06244500 0.30989099
0.25596738 -0.89724698 0.04052993 0.25189200 -0.80212402 -0.19202600
0.58986255 -0.77570440 -0.56794913 0.83068597 -0.70687002 -0.34910801
1.16964642 2.04371428 -0.65216265 1.06893504 2.06314111 -0.71482003
0.58589593 -0.15979590 -0.55590570 0.48349899 -0.39646301 -0.58720398
0.07431515 -0.97932945 0.23916409 0.09250400 -0.89765400 0.59677899
-0.25200063 -0.15739019 -0.73828035 -0.14672600 0.17839700 -0.95867401
-0.42121318 0.43607729 0.63466543 -0.67904502 0.28233501 1.00928998
-1.76513635 -0.02477254 -0.17207027 -1.71996200 -0.16272999 -0.12895200
0.80521975 -0.16994860 0.21258371 0.61874199 0.08955500 0.33640200
1.08878694 -0.80799654 -0.96791020 1.33667004 -0.42078900 -1.19058800
0.39146732 -0.79172816 0.51965775 0.25081599 -1.60709298 0.53030699
0.92432245 1.20677068 -0.10368415 0.84403402 1.08743095 0.20110799
-1.18605031 0.08490115 -0.98918811 -1.28182995 -0.10506300 -0.86657202
-1.36906297 0.05944862 -0.56700494 -1.77497303 0.43302500 -0.53610802
0.67649687 0.14889258 -0.91720344 0.74801099 -0.28745201 -0.86169302
0.42087009 0.92990582 0.03664748 0.26706201 0.62364900 -0.29165700
-0.37510797 -0.36617756 0.08498149 -0.36658701 -0.18162000 -0.02714000
-2.11654812 -1.43950517 0.40756117 -2.55400300 -1.69358206 0.64362699
0.36046767 0.24185613 0.88664887 0.44912699 0.21924800 1.06206405
-1.22855691 -0.50098802 0.01685340 -0.85390198 -0.68136001 0.09514200
-1.58483849 -0.66850551 0.52956753 -1.48664904 -0.38030201 1.05160105
-0.36550060 -1.06261849 0.60529469 -0.51142597 -0.88225698 0.53568202
0.67941858 -0.13151503 0.42065795 0.83739501 -0.45188200 0.55450398
1.10521903 0.37411088 -0.58559465 1.22784305 0.74028099 -1.10325098
-0.40757419 0.05950511 0.19428727 -0.46000600 0.36359000 0.52504998
-1.02564341 -1.48357531 -0.48915998 -1.24023104 -1.40553701 -0.65017402
-0.75754608 -0.73445491 0.69172300 -1.01644802 -1.50325704 1.21799505
0.81788191 -0.41221953 -0.20442841 0.39671499 -0.82888103 -0.21633200
0.72567213 0.63874857 -1.20286420 0.97828299 0.92154801 -1.11795604
0.36586546 -1.35068911 0.08028920 0.37028000 -1.25725305 -0.12314000
-0.39606627 0.11883831 0.03651711 -0.84869897 -0.56799197 0.05154500
-0.81684615 -0.67873772 0.64848775 -0.85866100 -1.03093696 0.75327700
0.24190878 -0.60702668 -0.06109211 -0.16967000 -0.49734601 -0.32046801
-0.00822185 -0.96082949 0.14599507 0.26977900 -0.83132100 0.34412000
-0.16326843 0.24960352 0.16249019 -0.28163600 0.21135500 0.35073799
1.88980417 0.33398981 0.05092385 1.79446304 -0.10021600 0.11176000
2.44289106 -0.32457752 -0.65265578 2.41716290 -0.50841397 -0.66832602
-0.12142449 -0.07544579 -0.25624569 0.06525100 0.27198499 -0.16658700
-1.40702887 1.19617205 -0.72415646 -1.90566897 0.74805099 -0.78403598
-1.04288283 -0.40310449 -0.20340465 -0.82023901 -0.78137898 -0.28147101
0.25155273 -0.75121580 0.10984859 0.02045800 -0.96309602 0.38468301
-1.11013482 -0.71432585 -1.07132198 -1.40449595 -0.39504001 -1.30561697
-0.31375909 0.69695080 -0.29881301 -0.12756500 0.24005100 -0.07331200
-0.35507169 0.92480037 -0.09383633 -0.57415098 0.84632301 0.20932500
-0.12848262 -0.92058543 0.13058784 0.02158700 -0.63021100 0.05682300
0.66104137 -0.63607712 0.78243077 0.94378197 -0.29567999 0.88103801
-0.46837627 0.01834793 1.31777571 -0.38574201 -0.15320900 1.65937197
0.54060749 0.24253816 -0.73501814 0.55189002 0.05919400 -0.45503300
1.89756080 0.03758909 -0.83651497 1.65802896 0.43145600 -0.98723298
-0.59974500 -1.07177120 0.40060618 -0.62023401 -1.04703498 0.51997900
-0.24721081 -0.58630351 -0.95040465 -0.34074801 -0.77456999 -1.42081296
-0.72016254 0.40181343 -0.00726580 -0.95110101 0.22671500 -0.22215700
0.41287196 0.46466258 1.19342092 0.05691600 1.05366600 1.57979298
-1.93975053 -0.26199641 -0.14843883 -2.48741198 -0.02691800 0.01748300
0.17102548 -0.77577467 -0.47120410 0.50811702 -1.12475896 -0.71074098
0.24585164 -0.63686412 -0.50037176 0.27151799 -0.91225398 -0.52199501
0.39289170 -0.15024327 0.36575048 0.26612499 -0.05097800 0.84100902
0.61492291 0.06193504 0.34985958 0.80093598 0.51066297 -0.02607700
0.46302450 1.05872258 0.48929619 0.74417502 0.82485199 0.80681300
-1.15854090 0.62771898 -0.42397853 -0.51987898 0.59289998 -0.29056901
-0.53175775 -0.43045430 -0.09936668 -0.35623401 -0.54847997 -0.01108000
-0.71638241 -0.89457518 0.09258774 -0.63575500 -0.75186300 0.28571999
0.82736575 0.24694670 1.15259623 1.15426302 0.06044900 1.29807198
-0.11130061 0.13317381 -0.32322530 0.13851500 -0.06153300 -0.28115201
-0.33134237 0.03318874 -0.50672953 -0.24992400 0.15899301 -0.36093900
-0.26344636 -0.21699231 0.56808549 -0.28764400 0.05931200 0.41859999
-0.06193413 -1.22959558 -0.31342801 -0.10766700 -1.40764904 -0.31161699
0.08271735 -0.39199670 -1.05073279 0.16452500 -0.36663300 -1.13933003
0.05808738 0.64509149 -1.63856752 0.45004401 0.45740700 -1.57270896
0.42067472 0.00174643 0.56162814 0.36670500 -0.11700000 0.28115800
0.27559244 -0.60909342 0.96027694 0.35931799 -0.61676401 0.70762700
0.93167702 0.11080412 -0.25658278 1.01689398 0.29092500 -0.23468100
-0.44119521 0.62023470 -0.01913891 -0.52185303 0.65093303 -0.11405800
0.28753547 -0.22559743 0.76700336 0.31036100 -0.21842501 1.19180000
0.24937137 0.41047803 -1.02670378 0.49731699 0.42233199 -1.17506301
-0.28778272 0.31334070 0.24808912 -0.17878900 -0.12147300 -0.08503400
0.32560582 -0.02449120 -0.36196045 0.31345299 0.01921100 -0.60041702
-0.57215167 -0.12090280 0.42211829 -0.64084798 -0.18360899 0.55308199
0.61240349 0.06554579 0.10835269 0.62280899 0.12364800 0.18168800
0.60695239 0.84287892 1.41575863 0.42159799 0.92920202 1.50681102
0.35719051 -0.14240942 0.38956869 0.57439297 0.19950899 0.44670799
-0.05469247 -0.04070585 0.31693270 -0.08903700 -0.16513400 0.17230000
-0.59246263 0.71843496 -0.18799310 -0.50484198 1.09409904 -0.54758400
-0.45988039 -1.33311651 1.19764877 -0.31129900 -1.34198403 1.10352600
0.36566122 1.01458552 0.81506997 0.59477001 0.99703699 0.78733402
0.31736358 -0.06553725 -0.56571822 0.24205101 0.11290000 -0.13685200
0.41159057 -0.20133803 0.72574546 0.17699000 -0.22960199 0.73325801
-0.30207623 0.92361179 0.76803570 -0.19660400 0.97992599 0.57012302
0.17669580 -0.36662951 0.35200536 0.28656501 -0.09225700 0.08514400
0.02466263 0.75779234 -0.69341145 0.26470101 1.04447103 -1.07667398
0.40256877 -0.06102350 -0.23769422 0.41345900 -0.18068001 -0.27693900
0.06475451 -0.35150451 0.04806652 -0.03044200 -0.30859300 0.52062500
-0.10713920 0.57219468 -1.73146569 -0.26651201 0.58952802 -2.00379610
0.69469602 1.03774943 1.16857516 0.99440801 1.09073496 0.86420900
0.68186982 0.71463576 -0.25710401 0.76434702 0.69873202 -0.48371300
-0.79080026 -0.78917630 1.06699106 -1.14088297 -0.51175898 1.08391905
0.47319724 -0.10077635 0.07410661 0.39154100 -0.23710100 0.07742800
0.15149334 0.66760029 0.07354753 -0.02867600 0.61500001 0.13632600
-0.05116856 0.44423231 -1.44873087 -0.22931799 0.27840501 -1.24859297
1.19042131 0.64655324 0.44761775 1.38879395 0.61832398 0.26440299
0.38275745 0.17032901 0.53406996 0.43419701 0.16350199 0.55770600
0.06887702 -0.45993535 0.47094110 0.12904400 -0.30367601 0.39491999
-0.27285720 0.48292840 0.29043441 -0.50634497 0.49789199 0.31081599
0.03191012 0.46871994 0.27615258 0.30756500 0.57831401 0.33404100
0.21518295 -0.13575071 0.42328875 0.25320801 -0.00874900 0.35515699
0.14421859 -0.01277778 0.26988800 0.35564300 -0.11949500 0.13219599
0.19274322 -0.31971274 0.00527782 0.15788101 0.00695100 -0.43731600
0.39404930 0.83524300 -0.79521828 0.11423500 0.97295398 -0.92777598
0.59886069 -0.66440535 -0.27505371 0.73270398 -0.48482901 0.01485600
-0.15697680 -0.20723490 0.44576844 -0.14731400 -0.04629500 1.02162194
0.04710608 0.58654097 -1.06690419 0.34794399 0.61697501 -0.92824697
0.89571474 0.10702634 0.56470381 0.83012599 0.08991600 0.36143300
1.27487383 0.78934289 -0.46729465 1.41492295 0.96331900 -0.71909797
-0.01814205 0.75958264 -0.61418733 -0.04584900 0.60245103 -0.53070402
-0.56297944 -0.17534235 -0.32007452 -0.44520101 -0.22907400 -0.37748101
0.19595951 0.63022997 0.37586086 0.07192900 0.71375197 0.40425301
-0.67042263 -0.68591984 0.83868606 -0.46403399 -0.62812197 0.86767101
1.88241291 0.13427524 0.75240687 1.97736394 0.01545300 0.30247200
-1.03351905 0.03410785 -0.10254079 -1.14599895 0.17752101 -0.29998800
-0.91281941 0.24110565 -0.16144036 -0.96369302 0.19573800 -0.10654700
-0.44336417 0.00131597 -0.44629306 -0.19209599 -0.05312100 -0.48770800
-0.39150162 -0.17950652 0.22660571 -0.44171801 -0.15352000 0.44357899
-0.00726235 0.63103410 0.05138295 0.13584800 0.94625998 0.08984200
1.05863351 -0.73243910 0.14753591 1.01449394 -0.93071997 -0.13480300
1.96570895 0.81400269 -0.71745454 2.17791510 0.93032002 -0.80534703
0.13509117 -0.27559976 -0.04773671 0.33905900 -0.04509100 -0.04690400
-0.72717693 -0.87461616 -1.01160850 -0.73313802 -0.79978901 -1.07794499
-0.82410197 0.70685050 1.63199096 -0.58665299 0.78180897 1.96826196
0.54317072 -0.37362349 0.40406249 0.25764301 -0.44966501 0.62871599
0.07964333 0.68529349 0.62116396 0.06382100 0.58058602 0.51021099
-0.33684130 -0.84607839 0.68030564 -0.53248501 -0.66601598 0.29416400
0.29787739 1.75844267 -1.05795571 0.38337201 1.63169503 -0.93457103
-0.94519073 -0.80770136 0.34672685 -1.21793997 -1.07201195 0.30534199
-0.38681220 -0.05493709 -0.55728853 -0.29673100 0.06014800 -0.38092700
-0.39380741 -0.48890561 -0.22866142 -0.11493000 -0.41170600 -0.40455300
-0.98250250 0.47408255 0.51572116 -1.18286800 0.32373801 0.26074201
-0.49404681 -0.21801290 0.20293777 -0.71010399 -0.15864199 -0.08841600
-0.26684612 0.86139927 -0.73135421 -0.13792500 0.93226898 -0.76388001
-0.18523027 0.41318629 0.46093974 -0.22502001 0.37590700 0.64217001
-0.33954497 -0.39046984 -0.27710439 -0.29656199 -0.06795900 0.17446500
-0.44984695 -0.21843327 0.02958417 -0.66705298 -0.41853699 0.30756900
-1.47527824 0.44501700 0.51963429 -1.74970603 0.49854699 0.22460900
-0.36981685 -1.68973538 0.69941171 -0.31772399 -1.77210498 0.67281902
0.72847907 -0.04616332 -0.20437363 0.74387401 0.17953900 -0.32725200
-0.68847051 -0.08574514 0.42977368 -0.81321400 -0.34192601 0.36378300
0.21375557 0.13938754 0.49414135 0.13620600 0.31277099 0.71981698
-0.41314992 0.32154445 -0.41073261 -0.29591900 0.47587401 -0.25779599
1.87464934 -0.22798069 -0.16136759 2.23668694 -0.34569201 -0.53560901
-0.67332017 0.50465131 -0.02148712 -0.76515001 0.64637297 -0.17405300
-0.31826292 -0.01174688 -0.24958111 -0.26910299 0.15001100 -0.33851799
0.02823909 0.82066216 0.29085822 0.28940400 0.77669400 0.16818000
-0.31557546 0.06223771 0.03918211 -0.55858803 -0.02580900 0.35575601
-0.30256670 0.94216822 -1.47764892 -0.55262601 1.06134498 -1.38092196
-0.50598963 -0.27915875 -0.12782085 -0.58035302 -0.52646202 -0.36294901
1.18355221 0.08452302 0.46145010 1.26565504 0.29596600 0.24157000
-0.63143199 -0.25982686 0.25500254 -0.48527300 -0.14766300 0.12152600
0.09452976 0.23981617 -0.00710550 -0.08166300 0.20429200 -0.08234200
0.32072853 -0.40317207 -1.31335950 0.25875500 -0.53829402 -1.55270100
-0.70507370 0.49244841 -0.90701412 -0.78677201 0.31586000 -0.60133898
1.57532880 1.24223915 0.48809871 1.72604799 1.25992501 0.25235301
-0.69357088 -0.16552685 0.89637427 -0.82689399 -0.07935600 0.68425697
-0.82398951 -0.51036909 0.59975045 -0.96217400 -0.32874900 0.83372599
-0.36380795 0.84441900 0.87463118 -0.53848100 0.59964103 1.17412996
-0.52299627 -0.00376047 -0.56555407 -0.70113403 -0.15850000 -0.98755598
-0.53847349 0.10727842 -0.66978726 0.00622900 -0.29730499 -0.76831698
-0.45715151 0.69724842 -0.11103907 -0.27427000 1.16067100 -0.05929300
-1.16318298 0.74974357 -1.33407902 -0.94609302 0.30352300 -1.59636295
0.51445593 -0.08904909 -1.33837598 0.64389199 -0.51373100 -1.08670497
-0.28521390 -0.21171414 0.05812327 -0.60255003 -0.21216001 0.04586800
-0.43761018 -0.25857156 0.17122879 -0.57685298 -0.11578100 0.16081700
-0.11253434 1.29213731 0.93833897 0.10906200 1.15452194 1.01773596
-0.04858892 1.32358002 -0.00040676 -0.17323500 0.95622200 0.02793400
0.56848281 -0.66120255 0.67859362 0.87135601 -0.32690299 1.08694899
0.52289689 0.28365951 -0.54184301 0.47991699 0.72332698 -0.58605498
0.28421748 0.46213061 -0.01237115 0.58161002 0.40050501 -0.00478800
0.13706027 -0.06623576 -0.74155622 -0.00576600 -0.03370900 -0.66379601
-1.55983221 0.65805670 -0.14063287 -1.17898297 0.84967297 0.54789102
1.25032848 -0.46051284 -0.28795897 1.54429698 -0.15025400 -0.14088300
-0.85410450 1.89710687 -0.73666053 -1.07872903 1.66836500 -0.71241897
-0.12556544 0.82025597 0.13722207 0.05844400 0.63798898 0.24352200
0.60321978 -0.64527876 -0.48967228 0.70755601 -0.55412602 -0.45090199
-1.27857918 0.11843338 -1.20133473 -1.22218394 0.37086901 -1.27941799
-0.68826384 0.50233901 1.50902317 -1.06232095 0.16960099 1.70420802
-1.26156989 0.96740077 0.26604350 -1.30558097 0.64311302 0.72243398
0.00999110 -0.24228362 -0.72714295 0.04267300 -0.27628300 -0.62664801
-0.10436987 -0.54280316 -0.64404477 -0.03406300 -0.07073500 -0.78253198
-0.52965115 0.14842807 -0.57961773 -0.54734701 -0.15403400 -0.93907398
-1.14890923 -0.27755871 -1.30992304 -1.07688200 -0.51171899 -1.43260205
-0.26629577 -0.61572910 0.01951626 -0.50794798 -0.39230299 0.03284000
-0.10374621 -0.26909676 0.46966587 -0.07392400 0.18302800 0.61885101
1.18351227 1.21884042 -0.86904279 1.25433803 1.33223605 -0.82150400
0.20127470 0.33311237 -0.33216557 0.35355601 0.33539999 -0.63119298
0.25549152 -1.38856887 1.27215506 -0.16176701 -1.48092699 1.65905702
-0.62421231 0.19067059 -0.76953599 -0.93796498 0.61987299 -1.02045906
-0.71501294 0.69877190 -0.07668946 -0.75027198 0.56718701 -0.23596400
-0.60545566 -0.06055846 -0.16778376 -0.53837401 -0.43435699 -0.05590900
-1.80484337 -0.09504510 -0.90176321 -1.53812397 0.01376300 -0.90920401
-0.60335921 0.07301612 0.21940664 -0.77555901 0.57592303 0.05691300
1.02035962 0.77534931 0.62703754 1.16574395 0.55589497 1.19890106
-0.01817326 0.05410049 0.55662665 -0.14628001 0.10433100 0.74213201
-0.19973941 0.67959459 -0.17570744 -0.07271500 0.92507100 -0.07311300
-0.14229212 0.01165132 -0.53470744 -0.19851799 0.30756101 -0.39029399
-0.09772427 0.01412139 -0.02687824 -0.06274000 -0.28863800 -0.23598500
0.52214945 0.52395423 -0.10082469 0.60164303 0.15854000 -0.28454399
1.27083680 0.72462745 -0.92640998 0.91139799 0.90438199 -0.79359901
-0.10821606 -0.59016864 0.79816068 -0.30535400 -0.42931500 1.08566201
0.15541243 -0.68413698 -0.77487976 -0.13150100 -1.18983400 -1.07613397
-1.32609883 0.59152661 0.26479599 -1.21352696 0.40582699 0.28867701
0.80757496 -0.99344505 0.81659262 0.27061599 -1.09085405 1.22315598
-0.26788316 -1.34808748 -0.71073629 0.09784100 -0.91255897 -0.79932302
0.35528143 1.28340723 -0.30181014 0.70308900 1.23113799 -0.31064099
0.19109531 0.10204002 -0.52809222 0.30509800 0.13775600 -0.86190701
-0.11923672 -0.01596082 0.11985806 -0.39663199 -0.19096100 0.01692300
0.51311203 -0.20708863 -0.27922640 0.43311900 0.29439199 -0.34378001
-1.30304578 0.55003803 0.61895659 -1.48723996 0.31197399 0.92975903
-0.62225836 -0.67953372 -0.17444548 -0.30152100 -1.02529395 -0.11687900
0.39611208 -0.63568262 0.11616600 0.69511801 -0.30344999 -0.00650200
0.10522758 -0.50551255 -0.26332146 0.27238601 -0.25135601 -0.15407200
0.25424719 0.93456360 0.06409710 0.25793099 0.58876503 0.03537200
-0.56422499 0.19109072 -0.08156314 -0.30777600 -0.34303999 -0.19453000
0.79277616 0.17738496 0.57023685 0.60928601 0.52027100 0.80664098
0.02221571 0.10673793 -0.48056840 -0.09557900 0.39520201 -0.59503901
-0.07420075 1.15142703 1.07959445 -0.28636801 0.92204303 1.12644506
-0.17657957 -0.29574449 0.51972325 -0.38932100 -0.56834602 0.71679801
0.49945472 -0.53918883 0.16430406 0.68014401 -0.36096501 0.23618400
0.29428815 0.07358857 -0.61904614 0.31423101 0.27737999 -0.91718698
-1.27365061 -1.78256278 -1.36318062 -1.31328702 -1.68772304 -1.31138098
0.54238453 -0.28488724 -0.58987410 0.59557199 -0.20954899 -0.23212400
-0.05150645 0.51263863 -1.11650831 -0.21117800 0.51637399 -1.08530700
-0.08430281 1.04695242 0.87919282 -0.05394500 1.14116096 0.62856901
0.19442685 -1.21411765 0.81080404 0.30919400 -1.33161294 0.77122200
-1.02651957 -0.15711357 0.23328416 -1.13676596 -0.32988599 0.28331801
-0.23025963 1.48299067 1.28941339 -0.46909600 1.35101795 1.37159801
-1.11647134 0.60617418 0.68139232 -1.24429905 0.72072899 0.62409002
-0.17615618 0.10037453 -0.67757525 -0.35215399 0.00485400 -0.30780500
0.44039981 -0.88881908 0.28887852 0.30600700 -0.93697500 0.09925100
1.75829412 -1.25360479 0.74867164 1.89374006 -1.08809400 0.56289601
1.29382771 -0.74447926 -0.13145307 1.45090103 -0.36887699 -0.31878000
0.22299077 -0.29242230 -0.92821205 0.32052600 -0.11315500 -0.80792999
-0.61487243 0.83739955 0.72190848 -0.49874899 0.85420603 0.94554299
-0.54384531 0.28801101 -0.57587682 -0.61062998 0.14815401 -0.39838400
-1.16221560 -0.86203574 -0.57101139 -1.18250799 -1.07640100 -0.87435198
1.68156233 0.08024390 0.14678871 1.60569000 0.26697400 -0.16038100
0.30126277 -0.90120746 1.12076762 0.26201600 -0.60368502 1.04561806
-1.38668960 -0.21534401 -0.04116591 -1.52478695 -0.17334500 -0.01981600
-0.75651876 -0.22952712 -0.15234260 -0.47783899 -0.26314801 -0.01505500
-1.01569536 -0.00327119 -0.10914907 -1.14622903 -0.20314400 0.15202101
-0.85561354 -0.70590473 0.33283836 -0.91005099 -0.96327502 0.10920300
0.66449246 -0.99040083 0.71064478 0.56705201 -1.05905795 0.51744300
-0.62589521 1.56945891 -0.73254095 -0.53474301 1.58498299 -1.01348495
0.78987011 -0.51263769 -0.31655693 0.81164300 -0.43927300 -0.34612700
0.01631034 -0.13290983 0.35587202 -0.15832201 -0.25343701 0.59325898
0.73067511 -0.28457750 1.22777397 0.66245300 0.03066300 1.40823197
-0.00334251 0.15509235 0.32506163 0.09633100 0.03024500 0.12782200
0.24500833 -0.53474871 0.26463736 0.36102501 -0.56006002 0.12722000
0.71179419 -0.55322225 0.31054626 0.80382198 -0.64671701 0.27804399
-0.14064231 0.17135812 0.02816960 -0.20444401 0.01300800 0.00628100
1.11876960 0.71548945 0.90320404 0.80899101 0.94360000 1.05749798
-0.01050478 0.95836739 -1.10262754 0.21717000 1.12275398 -0.97113299
1.23907346 0.51931397 0.48326045 1.37324595 0.51729602 0.27302000
-0.18509792 -1.19350394 1.11758677 -0.19435300 -0.94731897 0.64803398
-0.77059275 -0.47748648 0.02277951 -0.91456503 -0.43453300 0.05830200
-0.46740076 -0.29675870 0.28300739 -0.30804801 -0.25752899 0.39357001
-0.07386761 -0.26110327 0.53536609 -0.05343200 -0.22284199 1.00880396
-0.20795548 -0.04608034 -0.34803337 -0.23210000 -0.17586400 -0.10825900
0.98192305 -1.00805944 -0.18859034 1.01055098 -1.24803805 -0.47677299
0.71675062 0.66043479 0.30860676 0.74871498 0.88714802 0.02417800
-0.52794839 0.84328898 -0.49313027 -0.64838600 1.01279402 -0.46921301
0.46050446 0.53309878 0.56268277 0.56776798 0.24658900 0.32094699
-0.51535129 -0.75379617 -0.44250467 -0.37700799 -0.86497903 -0.15013701
0.78469336 -0.69557406 0.92571574 0.62150902 -0.81455600 0.57288200
0.56014232 0.50883752 0.11102241 0.64878398 0.31794000 -0.22693500
0.64905836 0.50741618 0.10932275 0.78479898 0.59498799 -0.01747300
1.25610519 0.68039882 -0.70790940 1.41286194 0.76794499 -0.79215199
-0.59587982 -1.13722102 -0.66793694 -0.43775201 -1.28820300 -0.62762898
-0.13504738 -0.29955049 0.26271051 -0.20027401 -0.31733099 0.42159700
0.25324354 -0.19029021 1.17583356 0.22670300 -0.28871101 1.77677906
-0.08603333 0.25431333 0.66060245 -0.11454100 0.19982800 0.49181500
-0.60655746 -0.15769511 0.13601550 -0.86795300 -0.04236100 -0.07413300
0.34812521 -0.61923995 0.45339866 0.54566598 -0.78940600 0.46905801
0.72045209 -0.62052245 0.01130567 0.74690098 -0.73020601 0.08921100
0.11908925 0.37798323 -0.07085409 0.46779799 0.23391999 -0.15508001
0.72976405 0.45426665 -1.24490200 0.55944401 0.42958301 -1.24456000
-0.47634662 0.02719210 -0.21462127 -0.38873300 -0.18650900 -0.40736601
1.03752007 0.90904017 -0.74911732 1.06887102 0.99691403 -1.09062004
0.25858719 -1.44626071 0.65091552 0.19341201 -1.20523906 0.47716901
0.67130535 -0.42889231 -0.00912932 0.61551797 -0.52084500 0.03166200
0.85943194 0.71101530 0.97850562 0.62996799 0.76618397 1.11895704
-1.64383516 -0.40014437 0.88660621 -1.49179602 -0.47336000 1.15862298
0.47666214 0.46363393 0.03537606 0.67110598 0.31464499 -0.31885400
-0.27538514 0.30449451 0.51218950 -0.43363899 0.52249300 0.36577100
-0.32642872 0.14311441 -0.13012345 -0.46119401 0.25330901 -0.25544500
0.62597128 -1.18522287 -0.69878483 0.66808403 -1.14410996 -0.58887303
0.32444820 -0.35522826 -0.34603595 0.41079599 -0.41409600 -0.12568900
0.02871647 0.00449021 -0.00683302 0.43150100 0.09920500 -0.00746700
-0.14404057 0.27334061 0.03735259 0.09413300 0.29985100 -0.21524300
-0.35622518 0.00661406 -0.12978729 -0.36573499 0.11157500 -0.28824201
-0.29882334 0.66745455 -0.70043872 -0.47425199 0.77260798 -0.72152901
0.57608123 0.01158084 0.44670750 0.47556999 -0.06036400 0.48844999
0.21973039 0.03777519 0.34708017 0.25870401 0.12229400 0.52143198
1.18911158 -0.21791096 0.37082301 1.08322799 -0.21133500 0.42717701
-0.78465508 0.42863905 0.90678703 -1.00369799 0.32398000 0.71089602
1.26128242 -0.45902526 0.11759667 1.33739495 -0.45599800 -0.02265700
-0.49673988 -0.20643970 -0.48428354 -0.51215303 -0.18710200 -0.46725899
0.79442070 -0.26731451 -0.39602183 0.96187198 -0.27495801 -0.56526202
0.05677605 -0.50723700 0.42280455 0.07722800 -0.39734200 0.85940301
0.29303053 -0.49437098 0.06433782 0.12260700 -0.47707999 0.03540400
1.38175061 -0.79306241 -0.12992613 1.33730602 -0.83114398 -0.18865199
0.50112415 -0.58519310 0.11646976 0.50661099 -0.44573200 -0.16888499
-0.56421941 0.78588417 -0.60259613 -0.47576600 0.86336201 -0.60858798
0.47500767 0.10572598 0.00151061 0.24723700 0.05743800 -0.04830900
0.48995643 0.12779892 0.32665696 0.32627001 0.32093000 0.77447402
0.79147116 0.02012723 -0.46711650 1.04395998 0.05510300 -0.41786399
-1.18708753 0.65739491 -0.29095026 -1.40695500 0.41861400 -0.60923398
-0.15865559 -0.51276728 0.81413615 -0.31575000 -0.41310301 0.49682799
0.45754300 -0.41471135 0.72385864 0.45033899 -0.39707500 0.80450600
-0.08700906 0.30855727 -0.42234918 -0.17564000 0.08768600 -0.60277098
-0.46807324 -0.27399539 -1.24130898 -0.79123199 -0.23989201 -1.09008706
0.16517029 0.15498039 -0.53270833 0.40461299 0.07508200 -0.27116001
0.09089635 0.24320591 0.71875019 0.21797000 0.19197500 0.51756799
-0.72711223 0.15354412 0.10388621 -0.75689602 0.15073200 -0.15492600
-0.34594434 -0.26107783 0.19086609 -0.22291800 -0.16914700 0.03699800
-0.12966417 -1.11441370 0.87882823 -0.49220699 -1.40482998 1.14798605
0.21882643 0.66770036 0.75902089 0.15903300 0.17464501 1.27586806
0.76410088 1.33027698 -0.25794209 0.85192299 2.05755901 0.01002800
0.48468457 -1.59464102 0.01256515 0.28599301 -1.42662203 -0.10090100
0.68186819 -1.48236914 -0.15189002 0.36072499 -2.34962010 -0.01757600
-0.76288004 0.49795053 -0.19987177 -0.60885501 0.74311203 0.00624600
1.26734980 -0.38506421 -0.15346581 0.90542501 -0.26720300 -0.00835500
-0.46932732 1.45488026 -1.06865236 -0.24634200 2.26237512 -1.28814495
0.44502690 0.01577861 -0.20552134 0.65578502 -0.24749599 -0.35242501
-0.90239433 -0.73254249 -0.33762789 -1.19678199 -0.79509699 -0.46941000
0.31740981 0.51602811 1.08175641 0.45029500 0.32288399 1.31061494
1.59224976 -0.50601912 1.19980429 1.98076701 -0.26429799 1.60604894
-0.48064276 -0.02408895 1.26162638 -0.72028202 -0.16727100 1.35292900
-0.30601554 -0.67813813 0.30067089 -0.07827800 -0.76357502 0.80410200
1.57860614 -1.39534283 -0.28309828 1.87612498 -1.27223206 -0.58135003
0.33892405 0.63915582 -0.08071411 0.10615400 0.15471900 -0.17794900
-0.37014673 0.72461581 -1.11588837 -0.69123101 0.53214097 -1.25168896
0.47851628 -0.11719755 0.25907388 0.22421201 -0.45494801 0.73765701
0.83612917 1.17554653 -1.02722046 0.47198001 1.27904296 -1.16330695
1.65869200 -0.36324587 -0.56214767 2.08995390 -0.27633199 -0.56941801
0.01987478 -0.09630951 1.78946070 -0.30716199 -0.56537098 1.84194195
0.47975063 -0.00531381 0.38693528 0.52753699 -0.40969899 0.78583699
-0.31447420 0.45850823 0.96479514 0.05728700 0.53194600 1.36769605
-0.23977990 1.23241842 0.07349724 -0.32856700 2.20067000 0.22059600
-0.06286870 1.07619123 -0.55652525 -0.24002400 0.97554302 -1.01782095
-0.71139232 1.84814839 1.28157622 -0.54336601 1.99317205 1.59678495
0.13955513 -0.60722474 -0.21865309 -0.18824799 -1.12899303 -0.54617000
-0.41972442 -0.32922288 -0.09621232 -0.12249100 -0.12652101 0.37168700
0.37720571 1.73922201 -0.39139437 0.78566200 1.88129199 -0.74403697
0.36866842 0.58083652 0.51219065 0.56428403 0.45008999 0.87223297
-0.40880859 0.55748178 -0.89776921 -0.26396200 1.00980496 -1.15882397
0.71116984 -0.67900170 1.14765435 1.00359499 -0.82852101 1.53444898
0.54654903 0.34496861 -0.14491279 0.87538201 -0.01958400 -0.13382900
-0.32955799 0.14928086 -0.32764745 -0.24937101 0.19721900 -0.58147800
0.05681015 0.53830176 -0.12302135 -0.33645701 0.92767298 -0.04334800
1.31952582 -0.72280495 0.45883912 1.36238396 -0.54521799 0.15833400
1.79745460 -0.70564541 0.32972542 2.05973911 -1.16458404 0.39903700
-0.25073148 0.30450361 0.22767988 -0.46926501 0.37291801 0.06429000
0.28243270 -0.04262547 -0.37357548 0.40869299 -0.19340999 -0.10684300
-0.00799345 0.34447316 -0.54518515 -0.05945500 0.95689702 -0.83311403
0.72897930 0.26875202 0.67623670 0.81792301 0.16982099 0.77868402
-0.05882001 -0.63692165 0.60834830 0.19790301 -0.84828401 0.82383698
-0.10283541 -0.78606437 -0.29692415 -0.09756400 -0.75244701 -0.52494299
-1.02413889 0.38968691 -0.76164445 -1.31142402 0.65951800 -1.00596595
1.05182089 1.50866388 0.03195211 1.25705397 1.61697102 0.16784900
-0.32085951 -0.13533347 0.14752497 -0.48627201 -0.28696099 0.56509101
-1.15078876 0.41531058 0.27433490 -1.22155702 0.78580701 0.49784401
0.44519526 -0.26977970 -1.00672104 0.40136799 0.02546600 -0.99713999
0.28870109 0.93376307 0.49174555 0.37481499 0.51775903 0.74798298
0.97062633 0.43538770 -0.71083707 0.86738700 0.37729701 -0.66318703
0.67948924 0.02722575 -0.70343961 0.54694998 0.10653600 -0.75993103
1.77639244 -0.63717079 0.04759357 2.03230906 -0.62275302 -0.17059299
1.72727865 1.20743839 0.13194702 1.71061099 0.59998000 0.29187700
0.50368253 1.30586357 0.19105338 0.47296199 1.63134599 -0.08363200
0.04783975 0.27605728 -0.41425648 -0.27373299 0.02616500 -0.55955601
-0.56176560 -0.28377474 -0.77743789 -0.51155299 0.20389800 -0.93111002
0.49669703 -0.41353013 -0.79333482 0.70104599 -0.86972600 -0.84080201
0.54016910 -0.26242062 -0.39447191 0.28556800 -0.50492001 -0.22027799
-0.52170619 -0.30339502 -0.22429149 -0.39020899 -0.05309400 0.06452900
-0.17171230 0.38138889 0.14340682 -0.61170101 0.94193500 0.29990500
-0.18732431 -0.25048437 -0.93278847 -0.19309400 -0.64998603 -1.08871996
-0.02671346 0.98760930 0.16784917 -0.37993699 0.56284100 0.09524700
1.06497168 -0.02082597 -0.37984330 0.56744999 0.22149600 -0.18828300
-1.73652856 1.20014523 -0.84678667 -1.53699994 1.49941504 -0.95103699
0.51955974 -0.87244167 -0.85344840 0.88695502 -0.94552797 -0.95446700
-0.53802849 0.41117644 0.89904998 -0.65838999 0.60933900 1.30913103
-0.88014393 0.00285429 0.32339424 -0.86756402 -0.16005801 0.44520900
0.37674728 -0.45482527 0.02772167 0.36263800 -0.41344699 -0.16902401
-0.55141058 0.74187189 -0.72432809 -0.40844399 0.98518699 -1.03356802
0.78300359 -0.68161047 0.73501628 0.69863999 -0.43046901 0.60493898
0.70256153 0.63559225 0.45874467 0.63815302 0.73505098 0.54521900
0.53651569 -0.16956792 -0.87167284 0.77718699 -0.19887801 -0.72995698
-0.47210069 0.39452720 -0.35621439 -0.20021600 0.58700901 -0.36213899
-1.00016910 0.96506320 0.22507419 -1.27296901 1.05571699 -0.01812000
-0.40735535 -0.06511320 0.46592813 -0.18969600 0.18283901 0.19864000
-1.28872225 -0.93559077 0.58937333 -1.62681198 -1.24597001 0.79023498
-0.80178599 0.47703270 0.32377443 -0.77429599 0.55676001 0.32369700
-0.06802438 0.65130306 1.37233687 0.16787000 0.56501102 1.52729201
0.35630035 0.69211332 -1.29821319 0.09705600 0.73494101 -1.23040795
-0.81715375 -0.90019429 -0.28062479 -0.75883299 -1.33543897 -0.50635898
0.61984422 0.29550008 0.18986437 0.60918599 0.33930901 0.08302200
-0.17340980 -0.67110013 -0.15536836 -0.32411700 -0.70270902 -0.35711399
1.11582338 -0.70553861 -0.31291254 0.89639002 -1.07382202 -0.35532200
0.30289008 -0.37312551 -0.82794374 0.29521999 -0.42193699 -0.79259700
0.08350586 0.53644418 -1.41880810 0.22382399 0.45285800 -1.18818903
-0.37422853 -0.43526920 -0.85937288 -0.49745399 -0.40709001 -1.21405995
-0.73634978 -0.30547468 0.87382604 -1.00305104 -0.36947101 0.68570101
0.59236195 0.65171823 0.19953843 0.64029598 0.87291199 0.36665201
-1.91362628 -0.94771730 -0.54705353 -1.93475795 -1.00148702 -0.59581298
0.57284962 0.31758988 -1.09033978 0.80818200 0.62381399 -1.12658298
-0.74794002 -1.33456510 2.43735118 -0.61928499 -1.49226701 2.96208191
-0.81056276 -0.74067902 -1.09560278 -0.64176899 -0.68269199 -1.36102104
-0.34444539 -0.74296234 0.56299608 -0.20513400 -0.48718399 0.18557100
-0.15293003 0.10241761 -0.93460547 -0.14836501 0.32845199 -1.00496495
-0.30760567 1.16240026 0.36282911 -0.09472900 0.89708102 0.11616500
-0.15910829 -0.52943790 -0.57613313 -0.38657299 -0.43767700 -0.24925300
-0.04742575 0.68604259 -1.57849956 0.18011600 0.72653699 -1.37066102
-0.83365798 -0.93730124 -0.00238364 -0.80519700 -1.18371105 -0.20367800
-0.73984919 -0.86056665 0.30894432 -0.88014102 -0.76479697 0.03684300
1.09665598 -1.13444942 0.17463805 1.09913898 -1.07659304 0.15509100
1.07534225 -0.43719666 -0.77769600 1.11400902 -0.56007701 -0.91837001
-0.36194391 0.31798420 0.77177264 -0.49561900 0.10926400 0.76368201
-0.03843668 0.05928770 -0.34216713 0.22678900 0.23606700 -0.13389100
0.94703629 -0.54372255 0.00365580 0.90255803 -0.92722499 -0.20320600
0.29368595 0.43563026 -0.52373339 0.35082501 0.38953200 -0.59054601
0.33678756 -0.25471631 0.16701872 0.41601700 -0.21360999 -0.00972300
-0.50154214 0.42076400 -0.22686825 -0.78904301 0.14616901 -0.31602100
-0.21832522 -0.05560065 -1.61075952 -0.49763599 0.02745100 -1.58988297
-0.13400511 -1.09315432 2.11625211 -0.28037199 -1.22208500 2.45522809
-0.40603576 0.01829424 -0.02331285 -0.54408503 0.12137900 -0.00539700
-0.75253808 -1.48471930 0.70545974 -1.06372702 -1.56534398 0.35380399
-0.49838565 -0.61008776 0.17861938 -0.73338902 -0.42730901 -0.02036300
2.05119280 -1.45523867 -0.98441885 1.70742798 -1.87071002 -1.31095600
-0.20404470 -0.31759416 -1.08321323 -0.16027300 -0.16368000 -0.92481202
0.19851936 -0.64386737 1.19180871 0.08521000 -0.79244500 1.51884997
-2.03150250 1.11921452 -0.14151978 -2.37830210 1.16772199 -0.30175501
0.30478542 -0.15787778 0.71881058 0.20939600 -0.22631900 0.66586697
-0.38721401 0.35347165 -0.24853603 -0.41772601 0.56295103 -0.16092101
-0.52029043 -0.51055442 -0.20118931 -0.55029702 -0.67525297 -0.37000200
-0.51740700 -0.01445385 -0.40016662 -0.54605901 0.24809401 0.11437600
-0.74587935 0.39500545 -1.41586952 -0.97672200 0.53490400 -1.53614104
-1.99444949 0.95798597 0.48053796 -2.16253304 1.12769103 0.43207601
-1.90558210 -0.66534630 1.68896554 -2.07037997 -0.87223101 1.79752696
0.45129060 -0.82944328 0.63781243 0.29612499 -0.75443500 0.61690599
-0.61116979 1.26287256 0.54941257 -0.67887002 1.05216396 0.47290301
0.35946894 -0.09865348 -0.74517427 0.16928799 -0.08034300 -0.71747100
1.12192332 -0.05497762 0.09177943 1.52171600 0.01505400 0.32959801
0.32308356 -1.02969419 -0.04060895 0.43427500 -1.25352395 -0.20979100
0.29730783 0.40064774 -0.94699285 0.16705200 0.62297100 -1.35319304
0.18208807 -1.01566984 0.67512134 0.42838901 -1.13146901 0.78045398
0.39322720 0.49795330 -0.87644720 0.65371698 0.57962400 -1.16698003
-0.44930129 0.27996334 0.01223382 -0.32294700 0.21331599 -0.02408900
0.48421264 0.25710726 -0.23036729 0.45189101 0.06639000 -0.00994200
0.54864264 -0.04060876 0.62907254 0.98869801 -0.12006700 0.54703301
1.02119400 -0.02966156 0.10858039 1.23870301 -0.06620300 -0.15986200
0.27945675 -0.15753164 -0.03857588 0.42548200 -0.29785600 0.03844700
0.14595578 -0.50695280 -0.68724829 0.12418800 -0.69982499 -0.96323103
-0.54857196 0.76333787 0.59862160 -0.35757601 0.76185697 0.56315798
-0.48614002 0.34091585 -0.02316293 -0.38394001 0.39079300 0.07825500
0.95924106 -0.77071444 -0.81821826 1.07958400 -0.87398398 -1.04984295
0.21669436 1.48847345 0.18708433 0.25273901 1.81981897 -0.18714200
0.95701757 -0.18485158 0.67061915 1.04777205 -0.16489699 0.84546000
-1.05830819 -0.18764284 -0.33699708 -1.03399205 0.09371000 -0.34106299
-0.33117336 0.32356483 -0.32927003 -0.12104800 0.25435299 -0.31041500
-0.46122520 -0.07556030 0.59246828 -0.08843700 0.20389600 0.49092999
-2.09719206 1.25955755 0.41320113 -2.15275788 1.21853101 0.27526000
-0.28126555 -0.21198440 0.44972511 -0.14718200 -0.18747801 0.40790001
0.47066221 0.57801688 0.03379563 0.55260903 0.76133603 0.12465100
-0.23456591 -0.16446696 -0.16638889 -0.12772900 -0.19314501 -0.07319400
-0.66827367 0.20679073 0.40933451 -0.51627898 0.40064999 0.58288598
-0.55162600 -0.06901335 0.61957464 -0.72244900 -0.09068300 0.93004400
0.10365636 -0.12331550 0.85999186 -0.06165300 -0.31660399 0.68569201
-1.70077913 -0.19101357 0.01320567 -2.01096010 -0.04801100 -0.18391199
-0.05604405 -0.93225367 0.03150876 0.10036300 -0.77492398 -0.14521199
-0.33396786 -0.60855762 -0.09814639 -0.06236500 -0.70455003 0.01262200
1.01828913 0.30077664 0.86339793 1.28937602 0.52269500 1.29489601
-0.14046214 -1.04444779 1.02475448 -0.13396899 -1.17620695 0.94555199
-1.40730578 0.03532865 0.24577213 -1.52264202 -0.09454200 -0.04609600
-0.10607762 -0.11948589 0.16335895 -0.13446800 -0.05227700 -0.03046200
-0.45078454 -0.39578131 -0.43900548 -0.62778503 -0.15332600 -0.37731901
2.23165916 1.19207839 -1.16493401 2.68739390 1.28699696 -1.91657805
-0.44568510 -1.02724676 0.21816613 -0.57217401 -1.20068502 0.23003300
-1.05855199 -0.87903805 0.00049696 -1.00285006 -1.00362301 0.01588800
1.23624669 0.20171391 0.67585970 1.64146996 0.67752099 0.94451898
-0.32384883 -0.03965963 1.15340803 -0.46948501 -0.24252400 1.28952396
-0.91566758 -0.06315589 1.08683224 -1.06779301 -0.40247801 1.70415998
-0.20124533 0.55752829 -0.07585331 0.12816100 0.67654598 0.03925100
0.67713974 -0.52178724 -1.15392031 0.89742398 -0.18070500 -1.17610097
-0.42398378 0.15410131 -0.14849386 -0.52987200 -0.12044500 -0.04108500
1.38692365 1.12622802 0.42001768 1.47487497 1.07485199 0.53719699
-0.13611869 0.50019886 -1.36235756 -0.71797401 0.51941901 -2.10925508
-0.49423411 -0.16017659 0.89031341 -0.53315598 0.10711600 0.78935802
0.02810113 1.20764635 -0.33937222 -0.00116200 0.92758697 -0.06600700
-0.44347821 -0.16820544 0.54427377 -0.69499302 -0.22262900 0.83367699
0.33509378 -0.26577481 0.06495669 0.35197499 -0.16634201 0.20440300
-0.64987173 -0.26552016 -0.67310012 -0.32586399 0.18043201 -0.46890101
-0.34954678 -0.72737590 0.49118513 -0.18944199 -0.71089703 0.21500500
-0.08085597 0.42348205 -0.31837583 -0.21189500 0.46209201 -0.15655699
0.02063528 -0.80024384 0.96521573 -0.17780600 -0.59753501 1.09242702
-0.82156425 0.08843737 1.39049819 -1.54557800 0.64643198 1.76194894
1.47114565 -0.19780864 -0.55542604 2.35913396 -0.59600300 -1.04232895
-1.20977553 -0.29685237 -1.05851621 -1.07374704 0.13907200 -1.78728104
-0.13012871 -0.49622506 -0.24632821 -0.14580201 -0.59742898 -0.39748800
0.50908075 -0.22062144 -0.07164537 0.75080103 -0.12469900 -0.42922401
1.16307041 0.43210331 0.48987327 1.46348906 -0.06615100 0.83780998
-0.69130855 0.49888172 0.24349209 -0.50140202 0.51399797 0.67978698
2.31633385 -0.05586810 -0.93649957 2.13761210 0.26433700 -0.95665002
-0.08398509 -0.36623176 -0.58492601 -0.41205299 -0.03155100 -0.55311400
-0.64420608 -0.82975517 -0.39991015 -0.74721801 -1.28203201 -0.80530697
-0.92585394 -0.07685249 -0.31736902 -0.84940201 -0.01005100 -0.40185601
0.07994813 -0.17741068 -0.60467474 0.25785601 0.20665000 -0.51243299
0.85300535 0.44599896 1.53966063 1.16087699 1.02346301 1.84858596
-0.09326243 0.45281525 0.37243979 -0.14524101 0.37889501 0.48319799
0.90713123 -0.37232907 0.99741823 1.27924597 -0.39698100 1.51967394
0.19068929 0.01770753 -0.17275077 0.15762600 -0.05022900 0.46139699
0.03097030 -0.68786390 0.70964280 0.15965401 -0.61756200 0.87465799
-2.68291868 0.33291186 0.81303536 -3.37629104 0.15738100 0.77317703
1.66228746 0.21508107 0.06991383 1.80253100 0.12529200 0.31066301
-0.25606256 -1.06486683 -0.07392294 -0.11646700 -1.15110505 -0.12747200
-0.60772133 -0.27361532 -0.10111933 -0.47307101 0.17058900 -0.43915001
-0.32764503 -0.42234871 -0.82924602 -0.28464100 -1.26136506 -0.98018003
-1.65594704 -0.49012734 -1.46041093 -1.66426599 -0.69307703 -1.59130096
0.05192382 0.19866547 0.40532355 -0.05722600 0.53149098 0.84077698
-0.58239742 -0.43530806 -0.24978166 -1.06950200 -0.16067301 -0.26396099
0.91284451 1.62719352 -0.30814471 1.07077396 1.35736501 -0.40975001
0.61699212 -0.28007324 0.65298804 0.76926100 -0.90289301 0.74742299
-0.51937368 0.02105477 -0.70913194 -0.17201400 -0.03524000 -1.02685702
-0.90202439 0.47034277 0.93976414 -1.49564099 0.66873002 0.70132202
-0.69569743 0.87742786 -0.05985136 -0.98287600 0.66608697 0.04772200
-2.04060244 0.12743666 -0.23225433 -1.86872697 -0.47765601 0.21854401
-0.97331602 -0.15915167 -0.72133286 -0.14642100 -0.55683303 -0.94400799
-1.37553920 0.17951403 0.49780327 -1.12423801 0.69464499 0.39290699
0.82316682 1.31836697 -0.37351006 1.08424401 1.47057402 -0.36603600
-0.18044095 -0.17445632 1.02221199 -0.11041100 -0.29952499 1.28258395
-0.20046557 -0.33043174 0.09779585 -0.61913598 -0.08372700 0.10532800
-1.05001420 -1.21715684 -0.09934079 -1.61334598 -1.05237198 0.25849700
0.07941292 -0.49728198 1.13891251 0.16826600 -0.83575100 1.19207001
1.27403122 1.68580112 0.12055482 0.99195701 1.67170894 -0.04788500
1.55756923 -0.91162575 -0.25381805 1.55629504 -0.62367302 -0.11366300
0.64623618 -0.59312368 -0.14617634 1.04541898 -0.30821201 -0.02479300
-0.28554352 -0.09348033 -1.33960423 -0.41704199 -0.35209301 -1.54169095
1.13603608 -0.74998842 -0.58673276 0.75098097 -0.95976597 -0.51814598
-1.31606275 0.98993814 0.71857327 -1.63197803 1.42167699 1.13374805
0.76302585 -0.14250473 0.20167776 0.63781703 -0.02910300 0.13315301
-0.55827330 -1.59424638 -1.00198823 -0.48761800 -1.80484796 -1.03377104
0.85439997 0.87437172 1.60268142 0.75731403 1.27087498 1.80406106
1.05068349 -0.47862663 1.85810896 0.80015397 -0.46558100 2.60948610
-0.07687735 -0.30530596 -0.02148773 -0.25649500 -0.44844401 -0.34161499
0.64418605 2.77117063 -1.52298033 0.43823501 2.99813890 -1.66077197
-0.21980050 -0.65265628 0.47733669 -0.23560400 -0.69413000 0.58596700
-0.14680497 1.12174119 0.31060872 -0.02304600 0.89926302 0.06640300
0.16746542 -0.56765934 -0.94014642 0.14507000 -0.58134401 -0.93849999
0.67924741 0.63074933 -1.62153194 0.84073001 0.59105998 -1.53173804
-0.00418181 0.28041254 0.82016284 0.20342600 0.01840300 0.56171000
-0.46869050 0.43478301 -0.63432324 -0.70254898 0.48600900 -0.90106302
0.55178017 -1.05367724 0.75721594 0.67664301 -1.14537299 0.81121498
0.97099286 0.53965648 0.76647994 1.08472705 0.70816398 0.82704097
-0.28701005 0.17228115 0.45791997 -0.31961200 0.12283700 0.57005501
0.84550948 0.29990507 -1.46136745 1.03993905 0.19544999 -1.27667606
0.14010136 1.17232453 0.19193183 -0.03254000 1.18726802 0.00810700
-0.32066742 -1.00469778 0.87575735 -0.47959301 -0.93944103 0.64309901
0.35138154 0.70354464 -0.33669900 0.02017300 0.91685498 -0.25228500
0.02060555 -0.32282157 -0.51944179 -0.05586800 -0.50471699 -0.86164701
0.20900836 -0.50470471 -1.46340117 0.28949800 -0.59842002 -1.51506495
0.37038509 -0.10939408 0.94275020 0.25635499 -0.07564000 1.00010204
0.35029800 0.65247009 1.04243969 0.65031397 0.86571300 1.22904694
-0.37264166 0.48107581 0.00333199 -0.42783600 0.58816099 -0.21652500
-0.00401413 0.64363120 -1.33120776 -0.33793700 0.52886099 -1.38967705
1.31862816 -1.34920148 -1.40050574 1.24300301 -1.58876801 -1.44095504
-0.27656488 -0.02387925 0.90952208 -0.27021500 -0.01744900 1.00901496
-0.26818297 -0.99204456 1.20848404 -0.23230299 -1.07447600 1.65679395
0.57302990 0.63987978 1.30422710 0.47151399 0.74989200 1.35129797
0.14314466 1.03395390 -0.12501257 0.20196700 1.14880300 -0.31674501
-0.30595532 1.51265668 -0.71447527 0.34177300 1.40832102 -0.48282799
0.42031129 1.06147260 1.63301212 0.14976899 1.11470306 1.65327096
0.76782136 -0.74541501 -1.98208850 0.96546602 -0.80598801 -2.02567196
-0.25005391 0.07807518 -0.98100028 -0.62593001 0.14509600 -0.91952801
-0.48609781 -0.74947014 -0.55180094 -0.59363699 -0.77920502 -0.81592298
0.20911181 0.68176424 0.27286519 0.25841600 0.62971199 0.46128100
0.18547661 -1.46235864 1.38019043 0.28128001 -1.28761101 1.51670003
-0.30631462 0.92513210 0.37778594 -0.25980800 0.79402298 0.20315699
0.24936921 0.79141842 -0.79407457 0.44058001 0.90138602 -0.87593001
-1.17463382 -0.82332585 0.53073479 -1.10743201 -0.51539201 0.46465799
-0.21254022 1.44143252 0.09396544 -0.47750100 1.11668205 -0.02204600
-0.04271765 -0.46668898 0.65589441 -0.11937200 -0.12872200 0.24075300
-0.66877066 1.27752898 -0.80374160 -0.44650301 1.14857101 -0.78396797
0.83466478 0.19270049 -0.22863388 0.63157803 -0.13998000 -0.23859000
0.12950588 -0.38598362 -1.67839386 0.50284201 -0.39207801 -1.60887003
-0.27375140 -1.24381857 1.96414485 -0.08323200 -1.26427305 2.42523503
-0.71058849 -0.17241148 0.53870810 -0.41679099 -0.42603499 0.18147300
-1.78328249 -0.37229020 0.64801521 -1.99434698 -0.29937199 0.66009903
-0.18135804 0.17133072 0.50631738 -0.17237400 0.34229100 0.46686000
-0.56479284 -0.16750488 -0.57349904 -0.94735301 -0.47479999 -0.73148698
0.02850183 -0.85385203 -1.98504463 -0.08388600 -1.07032096 -2.16845703
0.33427099 0.11337184 -1.02029687 0.49509901 0.01899900 -1.04735303
-0.98096345 -1.04474029 0.10923604 -0.90462601 -1.20028901 0.05967500
-0.24216978 0.98089835 -1.13559434 -0.16495900 1.19829905 -1.60817397
0.21654645 0.35916439 -0.66451970 0.17825601 0.48840401 -0.87735200
-0.62165236 -0.28766230 -0.56008180 -0.79334301 -0.13856100 -0.45979401
0.10552345 -0.81461990 0.41900981 0.12771800 -1.03460705 0.61009002
0.66569504 0.35708742 -1.13224510 0.77006400 0.45647299 -1.13112199
1.55746482 0.51499520 1.36294639 1.53243601 0.54393703 1.21201396
-0.37163967 -1.15935992 0.25688016 -0.34795201 -1.45599902 0.12840401
-0.76544143 -0.56543223 0.66937818 -1.01734698 -0.54975301 0.90317500
1.08103366 0.84816767 0.57896528 1.06036699 0.99588400 0.67220801
-0.34772423 0.28687200 -0.52337183 -0.32501501 0.22682400 -0.48392901
-0.53719111 -0.08303668 0.27330361 -0.75875002 -0.15620600 0.50043201
-0.48313958 0.15393149 -0.20895464 -0.40939200 -0.07545100 -0.35337099
1.05694620 -0.28908359 0.22495883 1.10183203 -0.23026900 0.14095899
0.82019737 -0.49061950 0.58394441 0.59385002 -0.26886001 0.42524001
-1.29523179 -0.11672477 0.65690702 -1.42060602 -0.05738800 0.87256402
0.12791033 0.27469644 -0.58231711 -0.06787900 0.47251701 -0.33711201
-0.98812065 0.27093644 -0.33348193 -0.80043000 0.10164100 0.12924400
1.09841294 0.35713286 -0.08451200 1.41670096 0.20567501 -0.42520401
0.61302193 0.65508065 0.21831327 0.73085099 0.94479799 0.04755500
0.87494656 0.28625580 0.28768696 0.90842003 0.12928300 0.51405901
-1.34518355 -0.61427572 -0.46975379 -1.22473204 -0.60850298 -0.53567302
0.22826441 -0.11213912 -0.78547549 0.23667900 -0.17486501 -0.84689802
-0.13100182 0.16287139 -0.52432788 -0.26962101 0.11033800 -0.28630099
1.88348258 -0.55499746 -0.32631471 2.28329611 -0.51306999 -0.56863099
-2.13335217 -1.34656712 0.43699860 -2.58887911 -1.51103997 0.30535400
-1.37866448 0.19147898 -0.02859527 -1.31587195 0.16626300 -0.06096500
1.01688797 0.46456414 0.77055813 1.38950801 0.25389001 0.71941900
0.15737938 -0.03051486 -0.67742593 0.00849300 -0.17971601 -0.87168097
0.14463898 -0.04243028 -0.37871948 0.18875900 -0.23001000 -0.03941200
-0.44959252 0.58924309 0.59213790 -0.56557298 0.74740702 0.67138600
0.37396561 0.80215009 -0.59983801 0.38090399 1.07124400 -0.98189998
-0.37500254 -0.11537319 -0.29055079 -0.32196599 -0.00549000 -0.56319100
-0.47928513 -1.05661632 -0.61124546 -0.65607399 -1.26265800 -0.77534401
0.61895207 0.13071791 0.88675530 0.67320299 0.15674700 1.03502905
0.11919883 -0.38257704 0.10376494 0.37034100 -0.52443802 0.22513901
1.20466237 0.21945123 -0.50799952 1.53905904 0.11884600 -0.84451401
-0.79172150 -0.01879390 -0.25423782 -0.89087898 0.11040400 -0.49513301
-0.09913858 -0.46286717 0.16072184 -0.27772900 -0.02211100 -0.03197000
0.63932717 -0.88205016 -0.16946744 0.70075399 -1.11303902 -0.22016799
-0.96957388 0.46364122 1.71307028 -0.95659798 0.74846298 2.06424594
0.27903690 0.14482393 1.15914808 0.14137700 0.27933100 1.39217198
-0.45005760 -0.24971044 0.03811244 -0.70967299 -0.55021697 -0.22877400
1.18206716 -0.50609924 0.14431496 1.44884396 -0.52645600 -0.07469100
