0.00000818 0.00002373 0.00001454 -0.00000100 0.00000100 -0.00000100
-0.00001057 -0.00001476 0.00000717 -0.00000500 0.00000300 -0.00000100
0.00000818 0.00002373 -0.00004000 -0.00000100 0.00000100 -0.00000100
0.00000898 -0.00000759 0.00003271 0.00000500 -0.00000200 -0.00000100
0.00001411 -0.00003724 0.00001843 -0.00000000 0.00000000 0.00000000
0.00000959 0.00008765 0.00000717 -0.00000500 0.00000300 0.00000000
0.00001411 -0.00003724 -0.00004389 0.00000100 0.00000000 -0.00000000
0.00000504 0.00014223 0.00003271 0.00000600 -0.00000400 -0.00000100
0.00003731 0.00002568 0.00002700 -0.00000200 -0.00000000 0.00000000
0.00000978 -0.00003555 0.00000717 -0.00000500 0.00000300 -0.00000100
0.00003731 0.00002568 -0.00005246 0.00000100 0.00000000 -0.00000100
0.00015596 -0.00002204 0.00003271 0.00000400 -0.00000300 0.00000100
-0.00003758 0.00000611 0.00003396 0.00000000 0.00000000 0.00000100
0.00011166 0.00002482 0.00000717 -0.00000600 0.00000300 0.00000100
-0.00003758 0.00000611 -0.00005941 0.00000000 0.00000200 -0.00000100
-0.00010998 -0.00007349 0.00003271 0.00000600 -0.00000300 0.00000100
-0.00002012 -0.00004209 0.00002008 0.00000100 0.00000000 0.00000000
-0.00010765 0.00013332 0.00000717 -0.00000500 0.00000300 -0.00000100
-0.00002012 -0.00004209 -0.00004553 0.00000200 0.00000000 0.00000200
-0.00001389 0.00013892 0.00003271 0.00000500 -0.00000300 -0.00000000
0.00000120 0.00000985 0.00003248 -0.00000000 0.00000100 -0.00000100
-0.00001536 -0.00003250 0.00000717 -0.00000500 0.00000300 -0.00000000
0.00000120 0.00000985 -0.00005794 0.00000000 -0.00000100 -0.00000200
0.00004156 -0.00008225 0.00003271 0.00000600 -0.00000200 0.00000100
0.00001610 0.00000843 0.00002684 -0.00000000 0.00000000 0.00000100
-0.00005625 0.00000865 0.00000717 -0.00000500 0.00000300 0.00000000
0.00001610 0.00000843 -0.00005230 -0.00000100 -0.00000100 -0.00000000
-0.00003363 -0.00004115 0.00003271 0.00000500 -0.00000200 0.00000100
0.00001872 -0.00004497 0.00002212 -0.00000100 -0.00000100 0.00000100
-0.00003862 0.00009999 0.00000717 -0.00000500 0.00000300 -0.00000200
0.00001872 -0.00004497 -0.00004758 -0.00000200 -0.00000000 -0.00000200
0.00006292 0.00006314 0.00003271 0.00000500 -0.00000300 0.00000000
-0.00003599 0.00002683 0.00002665 0.00000200 -0.00000000 0.00000000
0.00006577 0.00004035 0.00000717 -0.00000600 0.00000300 0.00000000
-0.00003599 0.00002683 -0.00005211 0.00000100 0.00000100 -0.00000200
-0.00011693 -0.00004421 0.00003271 0.00000500 -0.00000300 0.00000100
-0.00000000 -0.00000269 -0.25718079 0.00000600 -0.00000600 0.00561600
0.00004947 0.00000448 -0.00000364 -0.00000700 0.00000800 0.00000400
-0.00000000 -0.00000269 0.25715642 0.00001100 -0.00000400 -0.00561700
0.00000563 -0.00000953 -0.25710325 -0.00000600 0.00000600 0.00562500
0.00000049 0.00010674 -0.00003511 0.00000400 -0.00000500 -0.00000300
0.00000563 -0.00000953 0.25715194 -0.00000600 0.00000100 -0.00561200
0.00000170 0.00003283 -0.25717495 0.00000700 0.00000000 0.00562400
0.00004299 -0.00009028 -0.00000364 -0.00000600 -0.00000200 0.00000300
0.00000170 0.00003283 0.25715058 0.00000000 -0.00000200 -0.00561700
0.00000655 0.00002187 -0.25712812 -0.00000600 0.00000600 0.00562500
0.00004416 -0.00011001 -0.00003511 0.00000500 -0.00000300 0.00000100
0.00000655 0.00002187 0.25717681 -0.00000500 -0.00000400 -0.00561600
0.00000663 -0.00000384 -0.25718189 0.00000200 -0.00000200 0.00562400
0.00004510 -0.00002012 -0.00000364 -0.00000700 0.00000100 0.00000100
0.00000663 -0.00000384 0.25715752 0.00000300 -0.00000300 -0.00562300
0.00002064 -0.00000554 -0.25711793 -0.00000500 0.00000100 0.00562100
0.00004287 0.00002803 -0.00003511 0.00000200 -0.00000300 0.00000300
0.00002064 -0.00000554 0.25716662 -0.00000300 0.00000400 -0.00562300
0.00002084 -0.00001127 -0.25717153 0.00000800 -0.00000300 0.00562200
-0.00010140 -0.00002957 -0.00000364 -0.00000500 0.00000600 -0.00000200
0.00002084 -0.00001127 0.25714717 0.00000100 -0.00000400 -0.00562300
-0.00002053 -0.00001211 -0.25710293 -0.00000300 0.00000100 0.00561800
-0.00014846 0.00001836 -0.00003511 0.00000100 -0.00000400 -0.00000100
-0.00002053 -0.00001211 0.25715162 -0.00000100 0.00000300 -0.00562200
-0.00002249 0.00002508 -0.25716740 0.00000300 -0.00000200 0.00561900
-0.00000020 -0.00006376 -0.00000364 -0.00000500 0.00000100 0.00000300
-0.00002249 0.00002508 0.25714303 0.00000400 -0.00000100 -0.00561700
-0.00000440 0.00001849 -0.25713501 -0.00000500 0.00000100 0.00561900
-0.00000156 -0.00013701 -0.00003511 0.00000300 -0.00000300 0.00000200
-0.00000440 0.00001849 0.25718370 -0.00000700 0.00000000 -0.00562700
-0.00000545 -0.00000403 -0.25718168 0.00000600 -0.00000200 0.00561900
0.00000011 0.00000257 -0.00000364 -0.00000100 0.00000000 0.00000100
-0.00000545 -0.00000403 0.25715732 0.00000400 -0.00000300 -0.00561600
0.00000473 -0.00001475 -0.25713340 -0.00000200 0.00000300 0.00561800
0.00000099 0.00000198 -0.00003511 0.00000500 -0.00000300 0.00000100
0.00000474 -0.00001475 0.25718209 -0.00000500 0.00000100 -0.00561800
-0.00001345 -0.00000403 -0.25717813 0.00000300 -0.00000400 0.00561800
-0.00000081 0.00003306 -0.00000364 -0.00000400 0.00000300 -0.00000000
-0.00001345 -0.00000403 0.25715376 0.00000200 -0.00000200 -0.00562100
-0.00000304 -0.00001739 -0.25711410 -0.00000500 0.00000500 0.00562200
0.00005924 0.00001799 -0.00003511 0.00000500 -0.00000200 0.00000100
-0.00000305 -0.00001739 0.25716279 -0.00000900 0.00000500 -0.00561900
-0.00000744 0.00002621 -0.25717176 0.00000400 -0.00000400 0.00562600
0.00010242 -0.00012546 -0.00000364 -0.00000900 0.00000500 0.00000200
-0.00000744 0.00002621 0.25714740 0.00000300 -0.00000300 -0.00561600
0.00001650 0.00002060 -0.25713292 -0.00000300 0.00000200 0.00561700
0.00010381 -0.00007418 -0.00003511 0.00000400 0.00000100 -0.00000300
0.00001650 0.00002060 0.25718161 -0.00000800 0.00000600 -0.00561300
0.00001452 -0.00001155 -0.25717435 0.00000500 -0.00000200 0.00561600
-0.00010280 -0.00005616 -0.00000364 -0.00001000 -0.00000100 -0.00000000
0.00001452 -0.00001155 0.25714998 0.00000200 -0.00000200 -0.00562500
-0.00002468 -0.00000258 -0.25711205 -0.00000700 0.00000300 0.00562000
-0.00010119 0.00006360 -0.00003511 0.00000600 -0.00000300 -0.00000100
-0.00002469 -0.00000258 0.25716074 -0.00000400 0.00000500 -0.00562400
0.35622024 0.33560095 -0.15619349 0.63147002 0.27728900 0.03386700
-0.52416235 -1.41178975 -0.38535954 -0.61802500 -1.63772595 -1.01143003
-0.21986552 -0.15132877 -0.46141117 -0.67049801 -0.34955099 -0.51393503
0.39418732 0.98280105 0.51270146 0.34760800 1.50765097 0.38826001
0.71409391 -0.03212436 0.03631859 1.27826703 -0.05218400 -0.08204000
-0.03467134 -0.50030234 -0.20880907 -0.07434400 -0.61404198 -0.50005901
-0.22693616 -0.36744986 0.39326548 -0.24735200 -0.25167599 0.22532301
0.26633742 0.28172326 0.13575452 0.42121801 0.06436200 0.90060699
0.71074452 0.26273239 -0.13372161 0.83329302 0.21554400 -0.22969601
-0.48567982 -0.12528184 -0.62677465 -0.54722703 -0.00446800 -0.25773200
0.04494832 -0.08398426 -0.28479117 -0.09394500 0.02663400 -0.57371098
-0.65084981 -0.43106993 -0.05715412 -0.39613500 -0.39255700 0.61646199
-0.97800519 -0.01795761 0.25941119 -1.31658101 -0.40703601 0.40789700
0.31585534 0.38518141 -0.47471247 0.62139302 0.26496601 0.24526601
0.39330666 0.45770359 0.25289372 0.25237501 0.89970201 0.16865499
0.30186728 0.41941760 -0.37324642 0.32484600 0.42639399 -0.33284399
-0.61662592 -0.17013662 0.06491541 -0.86046499 -0.19480200 0.13442101
0.06233854 0.55470647 0.27738501 0.14669600 0.50106603 -0.33573601
0.40577082 0.02613870 0.25746979 0.64803100 0.19185400 0.35848799
-0.09505201 -1.01113352 0.06769260 -0.08480700 -1.08070803 0.09683100
-1.07531655 -0.22452211 -0.32602800 -1.35023999 -0.48978800 -0.25634801
0.48309879 1.09941745 0.69831406 0.53413498 1.49344301 0.33337900
0.25849629 0.36676764 0.02628776 0.41522601 0.58256698 0.21209300
-0.99728173 0.93835639 0.16983608 -0.88135099 1.03770304 -0.04565700
-0.81322527 0.17973272 0.07138105 -0.96491200 -0.19377100 0.29675701
-0.95735513 -0.42223201 0.06769579 -1.16390502 -0.59467101 -0.02598300
0.49067039 -0.24124801 0.07374612 0.86080301 -0.59379798 0.27540401
-0.30258743 0.32971894 -0.84193713 -0.35321099 0.27166599 -0.96771997
0.63221533 0.92151548 0.96012894 0.57713503 1.21502995 0.58171099
-0.05965020 -0.40808399 -0.17591095 0.02201300 -0.58353001 -0.31854999
0.03876969 0.58334517 0.26292079 0.01850000 0.55757600 0.15661199
1.17935521 -0.55644399 -0.00369853 1.18304300 -0.75277799 -0.37614501
0.03890793 -0.36013351 -0.21062238 0.20757499 -0.39742699 -0.14427900
0.96485772 1.29572652 0.22764415 0.93753701 1.64412904 0.86394298
0.07063297 0.53302783 -0.14366005 0.37314501 0.84664601 -0.24957600
-0.27149980 -0.09606081 0.15264396 -0.68932700 -0.14632000 -0.14581300
0.20778568 0.19011059 -0.57700685 0.42448199 0.39648700 -0.23781399
0.17168236 0.09357432 0.03104218 0.00239600 0.39725000 0.05001200
0.03312952 0.05378301 0.98056973 -0.09445600 0.07323500 1.06439602
-0.19609703 -0.48151457 0.23380070 -0.06052400 -0.94341397 0.91452497
0.23540132 0.00196177 0.37694577 0.20041600 0.11131200 0.45068401
0.33687038 -0.41027186 0.42116225 0.35460901 -0.40285200 -0.02507900
0.34892881 0.03230436 0.16343092 0.50903201 -0.11140600 0.19233200
-0.05656900 -0.00683246 -0.69020919 -0.12060500 0.05345700 -0.79377198
0.45178731 0.39756516 0.41280275 0.38221201 0.12514199 0.45374399
-0.23539041 0.31283168 -0.52509994 -0.12381700 0.60128200 -0.64303398
0.38491691 -0.13144090 -0.47974218 0.50522202 -0.32168400 -0.65728301
-0.85620984 0.39171700 0.43229070 -1.05833900 0.59837902 -0.36861300
-0.22306579 0.18392446 -0.45326704 -0.12172500 0.31862000 -0.25214499
-0.02882116 -0.03907644 -0.20304889 -0.05589600 -0.35652500 -0.32400599
0.13693596 -0.44420757 0.13997149 0.18756400 -0.82480800 -0.40399200
0.31148672 0.16184358 0.36197511 0.51859200 -0.00948500 0.56726903
-0.06903581 -0.06678326 -0.25704695 -0.25893801 0.00496400 -0.50392002
0.10254805 0.29944090 0.02743527 -0.16425700 0.49682701 -0.56695998
-0.36209765 -0.37776658 0.29966339 -0.52250201 -0.71906799 0.32574099
0.60609988 0.65130653 -0.17741533 1.04464900 0.83560997 -0.16461600
0.02750467 0.34331457 0.85733762 -0.41284499 0.53558898 0.24558701
0.13517538 -0.34951316 -0.29959783 0.50633401 -0.17017201 -0.09459600
0.65181385 0.02685184 0.05326843 0.52499098 0.11740500 0.05135700
-0.69443548 0.14721140 0.07994334 -0.79207498 0.27574801 -0.14399201
-0.14543006 -0.95536204 -0.88927759 -0.11071700 -1.21177697 -0.38140300
0.08575765 0.19247553 0.09325110 0.13194899 -0.02858100 0.30879900
0.23337100 0.29789078 -0.02276958 0.52122802 0.32743701 0.15433100
-0.09908916 0.05499178 -0.05936163 -0.50943500 -0.04981600 0.12251300
-0.14239662 0.28501173 -0.19105909 0.04550400 0.16737700 -0.19676800
-0.20635414 -0.26917965 0.89214205 -0.47220400 -0.32874200 0.63158602
-0.15859923 0.27756678 -0.29895476 -0.10965800 0.52303803 0.15095501
-0.11956432 0.34958484 0.30490576 -0.17237000 0.47419500 0.42349800
-0.87091725 -0.66387840 0.49445102 -1.00874400 -0.87627101 0.42195001
0.31068787 -0.86884653 -0.40196155 0.48535001 -1.09452295 0.05629300
0.01169659 0.08834369 -0.11765533 0.22794400 0.15979201 -0.26359200
1.29642429 -1.26980491 0.69693693 1.42887902 -1.01397705 0.55102301
0.34476430 -0.20938231 -0.06123073 0.55287600 -0.41060701 0.42295301
-0.08357144 -0.06274053 -0.76187060 -0.41038001 -0.11038300 -0.84097701
1.23235970 -0.42817058 0.41584278 1.66537201 -0.24732500 -0.34656599
-1.20175362 0.11375791 -1.35378819 -1.49864995 0.07078200 -1.21666396
0.07126908 0.19215873 0.45966265 0.19677600 0.25216401 0.64796001
-0.58529109 0.00759241 0.86181589 -0.84189802 0.32990700 1.03123295
-0.02442065 0.07233948 -1.02595756 -0.36282700 0.26972401 -0.42079899
0.09926529 -0.15052784 -0.30293968 -0.09124700 0.00882600 -0.31643099
-0.59834265 0.27870424 0.34421173 -1.04439497 0.52726197 0.02856100
-0.75836658 -0.84352003 -0.35877088 -0.90165502 -1.06773102 0.17096700
-0.06609152 -0.20304080 -0.17754714 -0.26824200 -0.26120701 -0.18814400
0.49147467 -0.09259693 0.50017452 0.72059000 -0.17319199 0.60119498
-0.02190009 0.07018854 -0.08672072 0.02884400 0.09304800 -0.10594400
-0.27352023 -0.59691062 0.89296293 -0.02106500 -0.64483899 1.04469204
-0.90381787 -0.46559384 0.27016712 -0.75866503 -0.50966799 -0.33739999
0.20749133 0.20112120 -1.05089381 0.26982400 0.36114100 -0.66616702
-0.54150326 0.20008946 -0.02573829 -0.77347100 0.06264000 0.05610600
1.18211290 0.07507330 -0.35360853 1.42850602 0.04481400 -0.62844801
0.11895644 -0.45408681 -0.48568750 0.50781602 -0.49535400 -0.39559600
0.79803453 -0.59446995 -0.00297323 0.97283298 -0.57323098 -0.30394799
0.96870344 0.68790734 -0.75237438 1.09548497 0.53709602 -0.73170799
0.55470381 -0.32709933 0.16639718 0.95683801 -0.52953303 -0.32071000
0.66993300 -0.11122318 0.31450271 0.41949099 -0.28620201 0.35923499
0.46653973 0.37984111 0.02559640 0.79555899 0.59362203 0.63672501
0.07256915 0.09192352 0.31278545 0.12085200 0.39154199 0.36514199
0.06214244 0.50523168 -0.21642449 0.25888300 0.80314100 0.26227799
0.35086878 0.39165131 -0.20833072 0.57291698 0.63041598 -0.27146301
-0.22895994 0.42271738 -0.44604885 -0.12795100 0.55638701 0.15589300
-0.27456784 -0.46530252 -0.35598421 -0.34428900 -0.35204700 -0.20498000
-0.19241367 0.39659232 0.42541724 -0.15703499 0.62941998 1.27505696
-0.08503606 -0.10866447 0.05391780 -0.26630300 0.26967299 -0.10495600
-0.44522215 0.73191952 0.08862542 -0.64730901 0.66229999 0.42897600
0.18781973 0.03970899 0.27548757 0.71954203 0.30612800 0.19307899
-0.03401483 -0.03575152 -0.19732333 -0.05305400 -0.02490300 -0.26126099
-0.78346418 -0.91326818 -0.18025092 -0.44708300 -0.71490198 -0.36963600
-0.13741801 -0.19708569 0.50891382 -0.01939400 -0.39876401 0.10275300
0.52724325 -0.12149708 0.91872151 1.00334203 0.24273799 1.22951305
-0.70122463 -0.36016746 -0.35199623 -0.75216198 -0.38832000 -0.04073300
-0.40712862 0.69489810 -0.16566077 -0.96808302 1.04905999 -0.37455800
0.20512906 -0.24026258 0.43216531 0.04386100 -0.35649300 0.35236600
-0.31521533 0.13144483 0.20557995 0.02963100 0.48573899 0.52924001
0.91197332 -0.10339956 0.16897762 0.81582600 -0.12832400 0.28056699
0.05230333 -0.58547003 0.46656891 -0.02775200 -1.09069204 0.78368002
-0.31614339 0.11929069 -0.19024871 -0.26221800 0.03951400 -0.63584399
0.22918672 -0.68919665 -0.08059316 0.24162599 -0.99042600 0.04924400
-0.35768609 0.50202548 -0.09889575 -0.73201603 0.50149399 -0.51501101
-0.11811087 0.77166006 0.99837842 -0.33265701 0.41802201 1.12428999
-0.57034023 -0.03359779 -0.06220273 -0.86152798 0.09944800 -0.47858101
-0.83014009 1.82545246 0.47980016 -1.14527500 1.92013896 0.19215301
-0.45897128 -0.19162148 -0.29754959 -0.45171601 -0.31248501 -0.38458699
0.45943876 -0.01274864 -0.34211426 0.29264101 -0.06068600 -0.20511700
0.04025150 0.45930982 0.31189403 0.04571900 0.39741501 0.59761602
-0.07326284 -0.19129235 -0.47906769 -0.37824401 -0.55567700 -0.59547502
0.36900206 -0.05982156 0.50605441 0.54631001 -0.02730200 -0.02432200
-0.40207911 -0.24087560 -0.40005032 -0.53202301 -0.69700998 0.31486800
-0.01707422 -0.53647605 0.04290147 -0.15655400 -0.50494999 0.07459000
0.07808332 -0.02985790 -0.60994396 0.00151300 -0.52104098 -1.04334295
-0.39820295 0.32955145 -0.72211370 -0.50213897 0.70553702 -0.21611100
0.17341333 0.01185970 -0.01519805 0.05470900 0.04023100 0.07724800
-0.22741972 0.88543470 0.40964726 -0.51085800 1.22078204 -0.01721400
-0.67276669 0.46855148 -0.62489259 -1.06391001 0.29001799 -0.35310400
0.08318000 -0.19180990 -0.14640423 0.00654900 -0.28026700 -0.19006400
-0.28472014 -0.61127654 0.28699308 -0.71422702 -0.89457101 -0.37968099
-0.26094345 -0.57852009 0.61490026 -0.48835400 -0.78103602 0.71055597
-0.65246341 0.19543647 -0.39523887 -0.97733098 0.27747101 -0.42535901
0.25300094 -0.73178943 1.01813431 0.57788098 -0.60271102 0.34645700
-0.41717996 -0.02920761 -0.13797606 -0.38838401 -0.40395001 0.12220700
-0.03695021 0.43545559 -0.46689389 -0.08008000 0.51126200 -0.49943700
-0.39413914 0.78510167 0.67547799 -0.81579602 1.00197697 0.16170800
-0.03176449 -0.41894894 -0.99343436 -0.42624700 -0.68867701 -0.87401003
0.08592463 -0.21384082 -0.44361576 -0.03495900 -0.18751401 -0.64425999
0.46847589 -0.15631156 0.79855236 0.60878700 -0.26330400 0.32591099
-0.36191588 0.07211074 -0.86050384 -0.24420799 0.10305600 -0.91713601
-0.45326299 -0.26358669 0.33474005 -0.45196101 -0.41076601 0.31473699
0.30487969 -0.96725583 -0.20620282 0.59193498 -0.97458899 -0.73430300
-0.08379450 -0.00500814 0.12258322 -0.40334600 -0.18535601 0.49912199
-0.58984112 0.18415182 0.29889410 -0.81294000 -0.02236300 0.28684500
0.51662201 -0.14843649 0.09449230 0.71635997 -0.32265899 -0.34925699
0.29426462 0.58587205 0.31061124 0.17133600 0.97618097 1.06590998
-0.13769687 -0.09002749 0.49689958 -0.40481099 -0.29056299 0.62198400
-0.30547121 -0.31627939 -0.05698787 -0.33927801 -0.44407800 -0.26694900
0.38751295 -0.30945338 -0.28993226 0.45315301 -0.37596801 -0.08805800
0.13242485 -0.18396457 -0.07392189 0.22194000 -0.31561500 -0.08802700
0.18211838 0.41966921 0.22188397 0.04528600 0.08927400 -0.44559199
0.37293298 -0.75745339 -0.60626021 0.80694503 -0.70053202 0.05959100
-0.06298453 -0.77926827 -0.36114997 -0.05930700 -1.11810601 -0.55391002
0.41960674 0.75527042 -0.34281944 0.66541398 1.04864204 -0.86381799
0.04980121 0.26137203 -0.28265849 -0.05212800 0.30730101 -0.01009200
-0.26250099 -0.02717838 0.30887528 -0.29307500 -0.15991400 0.25343800
-1.06176236 -0.62680288 -0.10458160 -1.24725401 -0.58353102 -0.68977201
-0.05631735 0.07375283 -1.20160787 -0.11516400 0.15846300 -0.90944302
0.60195854 0.30284230 0.72346522 0.66997898 0.55662602 0.78127301
-0.42085516 0.17874953 0.28971348 -0.57154900 0.14208600 0.21413800
0.55652638 -0.51531347 0.07001146 0.96268803 -0.70069999 0.52003902
-0.22974698 0.34853237 -0.20884883 -0.09902800 0.71374601 -0.07262800
0.55618481 -0.33478297 -0.80873858 1.04182506 -0.19910900 -1.18328202
0.47627829 -0.12197665 -0.03331914 0.68402499 -0.29484299 0.66289699
0.20503993 -0.14776692 -0.45675141 0.13442799 0.06117300 -0.48301199
0.44353732 0.10172255 -0.38163005 0.87224197 -0.37331599 -0.71970302
0.05970370 0.31694865 -0.53887553 0.33679900 0.62192202 -0.05067900
0.46464839 0.25070148 0.29872947 0.73895699 0.21056300 0.36342001
-0.27965280 0.23324600 -0.79211249 -0.61378902 0.40876901 -1.18230498
-0.09002555 -0.11409811 0.38945944 0.17444900 -0.01791200 0.53934199
0.35875389 0.56610128 -0.15107026 0.61568499 0.96885997 -0.12973100
0.33940820 0.01237390 1.30618463 0.45413199 0.10948100 0.84290498
-0.85562306 -0.69650790 0.48346990 -1.05234599 -0.37490901 1.06991804
0.97587956 -0.15336428 0.29142190 0.99282199 -0.25842500 0.39826301
-0.50848469 0.16708362 1.07963493 -0.57945198 0.16681200 1.07099402
-0.53729746 -0.27190447 -0.31963430 -0.96610600 -0.44397801 -0.32883301
-0.12524210 0.21186367 0.03899015 -0.18282101 0.22303000 0.43172500
0.34435500 0.20208403 -0.15282767 0.64675099 0.21715400 -0.02267900
-1.64118288 -0.35742315 -0.37446591 -1.82624996 -0.42755699 -0.90520501
-0.11398899 -0.82858760 0.56003759 -0.15649000 -1.02433705 0.48161599
-0.41522239 -1.20832184 0.02161462 -0.61852902 -1.27705204 0.51719201
0.27865137 0.09063972 0.40762675 0.15048200 -0.25397801 0.24177800
-0.77279520 -0.11485460 -0.12690438 -0.87611401 -0.37673199 0.28588399
-0.09706637 -0.07335692 0.37014463 -0.07372600 -0.21052900 0.67298502
0.76566656 -0.73456057 -0.04439324 0.58871299 -0.86243498 0.63367403
0.31127910 -0.53156064 0.01319560 0.26122299 -0.37261099 0.16287901
-0.32914263 -0.09575845 -0.10157442 -0.35888201 -0.28862301 -0.10552400
0.75560121 0.12035719 -0.28479707 0.62582499 0.04125800 -0.40213901
-0.99711890 -0.90766112 -0.40955543 -1.21958399 -1.00960505 0.22777700
0.05318999 -0.39665977 -0.59325439 -0.27430600 -0.68845600 -0.65064901
1.03708235 -0.80822326 0.39709500 1.15844202 -0.85649198 0.58076799
-0.12901592 0.31312023 -0.48132612 -0.41041201 0.59623897 -0.64053702
-1.01562732 0.72668441 -0.26029085 -1.19503105 0.80254602 -0.59589303
-0.82109027 -0.47430853 0.10397733 -0.73451102 -0.89849502 -0.01569700
0.68261262 0.77552280 -0.15889558 0.72798300 1.03403997 0.61243898
0.29585137 1.01833033 -0.84350606 -0.06021300 1.09217596 -0.79207599
-0.43460709 -0.11483635 -0.40634190 -0.39246699 -0.33743700 -1.13457894
-0.63591874 -0.34854973 -0.01358892 -1.18542302 -0.61832201 -0.16099100
0.46673425 -0.62512449 0.11342599 0.53058398 -0.61363602 0.19683599
0.23771774 -0.57853313 -0.26036366 0.60569799 -0.57724500 -0.35493201
1.57652397 0.93220587 0.31235324 1.80692303 1.36677694 -0.40692800
0.11396607 -0.21462566 -0.42041284 0.11204800 -0.00815900 -0.39358601
0.61773999 0.15660047 0.38420887 0.80856401 0.19394800 -0.12799200
0.42828932 0.24787916 0.53688559 0.92339498 -0.01506900 0.21824700
0.69840173 0.77844415 -0.71378909 1.04800105 0.84132802 -1.46135795
0.32032566 0.06790369 -0.06068181 0.73107100 0.01624600 -0.02618600
-0.10097139 0.59099356 -0.76784052 -0.04278900 0.70170200 -0.78010303
0.65669301 -0.12369486 -0.00208769 0.65069097 0.29064500 -0.30390400
-0.52411043 -0.78347493 0.07895854 -0.54347497 -0.96607000 0.39890999
-0.35688847 -0.16242424 -0.07863906 -0.35033399 -0.07215000 -0.03664200
-0.47921529 -0.09098725 0.37991272 -0.52913100 -0.07292400 0.52970898
-0.50155948 0.26189708 -0.25524524 -0.27821201 0.29924399 -0.45250300
-0.11730259 0.64229603 0.06072064 0.09690900 0.71273798 0.11554200
0.20893908 0.37358237 0.79955045 0.29652500 0.47084099 0.88286400
0.77127564 0.13739901 -1.51032147 1.03074598 -0.11721400 -0.47102600
0.15090026 0.55451974 0.26988596 0.11994200 0.60345399 0.25055200
0.28069138 -0.54255872 -0.20445437 0.58341300 -0.56024897 -0.21737400
0.29809076 0.17198245 0.82516871 0.62507802 -0.14700900 0.65692002
0.11557329 0.33597748 0.12266878 0.04328500 0.39319599 0.30498099
0.34205292 0.76138841 1.09357038 0.20460901 1.20431697 0.49530399
0.59325110 0.00839910 -0.96405424 0.61870003 0.35147601 -0.65163302
1.46442941 -0.03137846 0.33105458 1.49278402 0.31482700 0.30853999
-0.22096945 0.20915653 -0.28873048 0.15541300 0.30435699 -0.75078201
0.28717336 0.25829990 0.07994564 0.24429899 0.06542600 0.11691500
0.24899076 -0.51602085 0.64734614 0.22135900 -0.39955401 0.71706402
0.61404232 -0.36826062 0.64680452 0.94859999 -0.36416399 0.13736100
-0.14574712 0.95589851 0.76924401 -0.20285600 1.33418202 1.42228699
-0.08525340 -0.02149245 0.46449404 -0.36001301 0.24917001 0.50834602
-0.49885484 -0.41085218 0.46520112 -0.59111798 -0.37362999 -0.08149200
0.35122096 -0.17481973 0.72223589 0.71632302 0.22472300 0.96184599
0.78962441 0.35178522 -0.61339886 0.86010498 0.39041099 -0.78355902
-0.46138275 0.58011360 1.50883072 -0.45970199 0.78514999 0.60190499
0.19038664 0.09708508 -0.77423416 0.08401800 0.15385900 -0.93661499
0.61037349 0.14309319 -0.30762490 0.75313902 0.12534200 -0.33029899
0.09072922 0.41899917 1.09937154 0.10331800 0.44418001 1.18677497
-0.38788523 0.24113689 -1.52482395 -0.57828301 0.19022401 -1.00683296
0.42411548 0.31815370 -0.48714768 0.55677301 0.36044499 -0.64007002
-0.01081454 -0.33923981 -0.01441263 -0.24586400 -0.24187399 0.08925200
0.16554330 0.36535186 -0.21342749 0.28672701 0.43622401 -0.37339699
-0.43162405 0.15401841 -0.04590849 -0.29630199 0.10340700 -0.14558400
0.19735054 0.18094039 0.69746430 0.48823699 -0.00575700 0.10610100
-0.69450293 -0.08415186 -0.52168377 -0.97677499 -0.00330000 0.06237300
-0.09982781 1.17359385 -0.04020373 0.14415100 1.22572899 -0.03502700
0.21913751 -0.47533119 1.35583116 0.34251699 -0.33247200 1.33757198
-0.36298195 0.50786242 -0.16749743 -0.47045401 0.58452898 0.29507801
0.26757405 0.21372047 -0.21199256 0.48676300 0.00181600 -0.43936700
-0.50668796 0.23148480 1.23451737 -0.48586401 0.38749099 0.97105700
-0.31893628 0.03746428 0.11423420 -0.42605701 -0.04241200 0.61821097
-0.96087487 -0.90087460 -0.45284597 -1.27927804 -1.05399096 -0.38579899
-0.63306129 -0.19601334 0.43545308 -0.87605202 -0.22594200 0.03559000
-0.35605244 0.56905739 -0.02393141 -0.23113200 0.84650499 0.53844100
0.11298906 -1.12003256 0.07095247 0.11649900 -1.30793500 0.15735900
-0.23936134 -0.25202949 0.56570553 -0.44891101 -0.31084400 0.61982203
-0.27558778 -0.32954042 -1.68502798 -0.55119002 -0.10966000 -0.83490902
-0.14124113 -0.03884594 0.02988969 -0.50883001 0.19466700 0.10105900
0.11553844 0.33345124 0.62436072 -0.02894800 -0.05139900 0.66405398
-0.05700584 -0.25169586 -0.51762425 0.09733100 -0.48807201 -0.52900398
-1.13475338 0.02208895 -0.48865868 -1.36461699 -0.05415500 -0.49457899
0.16459342 -0.03273693 1.64282155 0.03600600 -0.12890300 1.69918501
0.12910279 -0.17377559 -1.02552450 0.31469801 -0.18516700 -1.06775701
0.18785447 -0.80473874 0.27405712 0.26385200 -0.90977001 0.33423799
0.22414433 0.35008400 -0.02259494 0.18263300 0.44150299 -0.45521799
0.29722025 -0.21155564 -0.85805620 0.68882102 -0.55600703 -0.40696800
-0.83516962 0.20370997 -0.05448592 -1.13801599 0.23020899 -0.19301701
-0.54965005 -0.27524421 -0.52072472 -0.81705999 -0.58439398 -1.11202097
-0.73086445 -0.50162004 -0.33575403 -0.99384898 -0.36454299 -0.43975201
0.20647453 0.78735403 -0.01076498 0.34452999 1.13712502 0.36183801
0.12715945 -0.26373042 0.58888623 0.27230200 -0.30780900 0.43288001
0.26200535 0.54249136 0.16277623 0.29072201 0.54327297 -0.55972803
0.01525341 -0.34938280 -0.35736305 0.10370500 -0.25156301 -0.48321801
0.22801688 1.03272449 0.30355702 0.26683301 1.07484901 0.81838399
-0.23725643 0.15038461 0.06594867 -0.20896199 -0.11994200 -0.08911900
-0.51143738 0.60119527 -0.37282932 -0.41376901 0.45277500 0.14501700
-0.37976681 -0.01398374 -0.00398963 -0.31512499 -0.68050498 0.17907199
0.73425191 -0.42350795 -0.09240818 1.14933801 -0.56149298 0.54259503
0.30074685 0.34104749 0.47153070 0.66275299 0.40535700 0.79530501
0.28111413 0.82396982 -0.08129602 0.29867399 1.02123404 -0.18419001
0.11628990 0.25335847 0.12159830 0.45387599 0.72953999 0.28315800
1.12816877 0.32736345 0.16347415 1.54541004 0.34827599 0.66096300
-0.30385693 -0.40701404 0.41652600 0.10086700 0.03231100 0.72635502
-1.25026096 -0.49827651 -0.15366558 -1.57481599 -0.66913700 -0.01172500
-0.00865972 0.77451446 -0.21612599 0.23464601 1.45435798 -0.17828600
-0.38417980 0.32173217 -0.12066054 -0.39338100 0.23207600 -0.75045103
-0.45352979 -0.09544624 0.05215093 -0.76079601 -0.20634800 -0.06151200
0.57861740 -0.66748781 0.18193150 0.77010602 -0.66495800 0.35432899
0.65035832 -0.53936528 -0.04461990 1.01028800 -0.73932302 0.00450300
0.71074326 -0.20321086 0.18476488 0.58841801 -0.04820300 -0.08255500
-0.34276609 -0.38617328 0.30191112 -0.15449400 -0.31313601 0.30904600
-0.75624857 -0.93100771 -0.36149163 -0.62995303 -0.84627700 0.08224700
-0.00875904 0.04622987 -0.08285556 -0.25214401 0.05874900 0.07389600
-1.01448256 -0.67269554 0.71814863 -1.55508399 -0.59968799 0.04924200
0.00410550 0.65527238 -0.12217788 -0.19954200 0.91633099 -0.15214901
0.58460485 -0.65079523 0.25881623 0.69206798 -0.98730898 0.12933600
0.24412952 -0.41552736 0.10794149 0.28666499 -0.45736301 0.34497601
-0.43712390 -0.38763801 0.35584941 -0.55547303 -0.68620700 -0.31362101
0.89191130 -1.26668188 -0.38504719 0.87631500 -1.70903301 -0.45876300
-0.92999193 0.62812893 0.12672733 -1.16320896 0.82809699 0.45482701
-0.37436808 -0.48884414 -0.05017141 -0.37609401 -0.83161199 -0.22521099
-0.29375900 -0.35101435 0.02964064 -0.57542199 -0.62271601 -0.15620500
-0.25290821 0.06333709 -0.07195829 -0.58165598 0.07097600 -0.38203800
-0.19317384 -0.07770323 -0.49591842 -0.37826100 -0.08577700 -0.81142098
0.44234852 0.19482495 -0.09208376 0.58596897 0.15348101 0.31771201
-0.21191904 -0.38014930 0.01671372 0.01522800 -0.60492498 0.06227900
0.03662146 -0.28798327 -0.19376431 -0.22658800 -0.17228200 -1.00871801
-0.03264405 -0.03462795 -1.24670562 0.00895000 0.07391600 -0.47792599
-0.39011411 -0.59308710 0.12696319 -0.52688801 -0.68371898 0.21773300
-0.22893638 -0.62640327 0.28732659 -0.54444897 -1.07489598 0.14075400
0.12325138 0.22134522 -0.91765347 0.07461000 0.12791800 -0.80258101
-0.10567824 0.03590118 0.35916189 -0.16345300 -0.07504200 0.42037201
0.48736858 -0.01240406 -0.31105400 0.50919801 -0.00575000 -0.82555503
0.14081095 -0.02548653 0.67725494 0.07984500 0.47025201 0.82237500
-0.75854257 -0.54951147 0.21352821 -0.91946000 -0.33175001 0.25353199
-0.25582692 -0.03203098 1.18318226 -0.33405301 -0.08124000 0.56088001
-0.36001586 -0.16688627 -0.14783115 -0.40040499 -0.10336000 -0.09544000
-0.10886474 0.15825228 0.26676722 -0.06929600 0.37235299 0.43186900
-0.14497685 0.18280189 0.51735137 -0.15012500 -0.21035400 -0.13970700
0.38887739 -0.12111100 -1.46038538 0.24921601 -0.33807400 -1.14933705
0.16099600 -0.56182774 0.39577649 -0.14590099 -0.59593201 0.45425501
0.44622421 0.16675673 -0.03876176 0.00082600 0.48260701 -0.27762601
0.48860055 0.00025966 -0.45740206 0.29740801 0.01442500 -0.27635401
-1.04063643 -0.43289003 0.30790006 -1.59833598 -0.63218802 0.16207901
0.18004231 0.45071924 0.41037632 0.31909099 0.50467998 -0.18886900
0.07702283 0.42807396 0.62833989 0.27984899 0.29330599 1.22090805
-0.33191702 -0.29380250 0.54240905 -0.32631400 -0.39894101 0.60954100
-0.22733951 -0.01651049 -0.27208821 -0.27720001 -0.58983099 -1.01659906
0.20372602 -0.00023695 -0.18930501 0.27597100 -0.07195600 0.41323599
-0.80225712 -0.26429940 -0.49998252 -1.07410300 -0.32802299 -0.61595702
0.08735782 0.39338577 -0.19598883 0.21981999 0.65519798 -0.27634901
-0.23178880 -0.31952493 0.81453829 -0.58326602 -0.26507601 1.52084804
0.15983949 -0.08143949 0.06184429 0.30212599 -0.23777699 0.11114000
-0.77976910 0.36824001 0.42388460 -0.98592699 0.30120599 -0.37660599
0.41708072 0.21372854 -1.14123179 0.25729001 0.43418899 -0.71408600
-0.56249951 -1.14623573 0.72702419 -0.63608497 -1.24340403 0.76147300
-0.70080195 -0.07461829 -0.79330419 -0.67844301 -0.55290198 -0.86005199
0.20845150 -0.00993897 -1.00999775 0.10715700 -0.11839500 -0.86995000
-0.25640401 0.30013262 -0.19411352 -0.41311401 0.18661299 -0.29035199
0.49744503 0.85752142 -0.28827335 0.65566599 1.03370094 -0.86477298
0.20593880 -0.07496792 -0.39899612 0.50130302 -0.37167999 0.25992700
0.55972204 0.76771685 0.03662506 0.81561798 0.92131102 -0.04970300
0.29009712 0.15380458 0.27911379 0.41996801 0.16537701 0.18657100
-0.10049880 0.21524096 -0.30578616 -0.06011100 0.31717101 -0.04562100
0.47607398 1.18510650 0.09769905 0.48702499 1.26218605 0.09440900
-0.17342228 0.16189986 -0.14414915 -0.17962700 0.14206500 -0.28400001
0.31392708 0.05388366 -0.44024836 0.18802300 0.29333499 0.37266001
0.65655632 -0.16561739 0.13717429 0.69361597 -0.04235200 0.15993300
-0.21613015 0.22186887 -0.03139110 -0.30622101 0.08405800 -0.15813400
-0.22751722 0.57924885 0.03095496 0.12897600 0.76806200 0.57418001
1.23884708 0.30693993 0.34867829 1.67035794 0.52890402 0.27664101
0.25557762 -0.55129288 -0.58299518 0.46942300 -0.23505799 -1.42099202
-0.71272400 0.62791803 0.56755697 -0.77810597 0.68669897 1.30196095
-0.27245670 0.38083479 -0.25434538 -0.20351200 0.70345402 -0.28331199
0.31504580 -0.11301230 0.36000761 0.29137099 -0.03267000 -0.39129499
0.93492472 0.76552465 -0.46325625 0.91227502 1.02162695 -0.17055900
1.13560238 -0.17560986 -0.29995863 1.50632000 -0.16626300 -0.44336700
0.10474580 -0.03842239 1.29981863 0.42034101 -0.02705700 1.21939003
0.65341638 -0.08585312 0.44620852 0.82706100 -0.01477000 0.45495799
-0.98218195 -0.34990187 -0.18605793 -1.35425401 -0.59113002 -0.99067497
-0.23018289 -0.91062412 -0.04361060 -0.55193502 -1.23001897 -0.47388399
0.03601419 -0.04620679 0.49824930 0.15077700 -0.25207800 0.37015399
0.05310362 -0.12467851 -0.83768688 0.18257600 -0.21467300 -0.95186698
-0.68441865 0.46093675 -0.11499443 -0.52005202 0.66285598 -0.74219900
-0.49509766 0.45042175 -0.44149797 -0.91282898 0.46985099 -0.63084900
-0.12262598 0.17087359 0.26969381 -0.21190900 0.39987800 0.94196397
-0.67031833 0.29092364 -0.37242579 -0.62620300 0.26766601 -0.62932599
-0.35502804 -0.26768434 -0.69680872 -0.43382999 -0.35454899 -0.04572400
-0.02249080 0.35383615 0.02441220 -0.07279200 0.29610199 0.02050800
-0.46734004 -0.18007890 -0.70539681 -0.38420299 -0.33020899 -0.51508099
-0.55884628 0.70364381 0.35075541 -1.04969203 0.73138797 0.59520298
0.02550708 -0.44258001 0.45122406 0.27689901 -0.44701400 0.87940800
-0.06140154 0.34429371 0.51995434 -0.06745500 0.37105501 0.43690801
0.88177056 0.57862041 0.41380527 1.04935205 0.68609202 1.02925706
-0.07997947 -0.21040410 0.22116676 -0.25863701 -0.66855699 0.18523900
0.18753520 -0.01746104 0.05915397 0.11072900 -0.01857100 0.18303999
0.81948957 1.26623804 -0.34951611 0.94138199 1.29464805 -0.45489401
-0.24833589 -0.43411740 0.12481515 -0.36122000 -0.49416399 -0.08121000
0.12163392 -0.51255118 0.04840732 0.11853700 -0.66537601 0.32089299
-1.00544784 0.71302805 -0.09297473 -1.06176698 0.79083103 -0.39531499
0.43760447 -0.30278327 0.14619449 0.74313903 0.03081000 0.22822601
0.24664088 0.55009052 0.03157276 0.07993100 0.57447499 -0.42480001
-0.46742459 0.55919368 0.10232367 -0.25515100 0.97089100 -0.03098200
0.82741537 -0.52578261 0.23870059 0.98315102 -0.91379797 0.36190599
0.23584656 0.69287448 -0.30155682 0.38341001 0.77878302 -0.62968999
-0.69823585 -0.49143809 0.59905752 -1.12698996 -0.27565601 0.92373598
0.14080026 -0.78759917 -0.79562740 0.03255200 -1.18441498 -1.07987106
-0.18238225 0.16676723 -0.02949047 -0.33413401 0.25131801 0.80884099
0.23150965 -0.34667112 -0.38775667 0.50483900 -0.24233000 -0.36885700
1.61291383 -1.23026311 -0.19135875 1.96096098 -1.50564599 -0.11080100
-0.23995095 -0.34913361 0.27948973 -0.11143800 -0.33714300 0.38079500
0.42412513 0.30809793 -0.17662864 0.50209200 0.73490298 -0.36949301
-0.01759686 -0.11360277 0.12388405 0.06563700 -0.10207900 0.04447100
-0.46455615 0.17361912 -0.29418967 -0.43618900 0.26710099 -0.41592601
0.00462971 -0.07624201 -0.67801877 0.21551500 -0.01153600 -0.26032200
-0.16529764 0.49254196 0.17575550 -0.18418300 0.65431899 0.23606600
0.66929034 0.04288031 0.79461064 0.58362699 0.34598401 1.03703296
-1.18906901 -0.07916815 0.64376088 -1.37249398 0.11537600 1.11760497
0.76662214 0.15615503 -0.79924816 0.86084098 0.45760000 -0.87663400
-0.27682231 0.70507237 0.28266307 -0.43980199 1.11887205 -0.12647000
-0.19422377 -0.19680853 -0.27692256 -0.37727699 -0.13634300 0.14408100
0.08159917 0.10234898 -0.07595566 -0.04489400 -0.09151500 -0.11444900
-0.12727482 -0.81953085 1.96587971 -0.08652800 -1.23468804 1.65876102
-0.41346469 -0.99573286 -1.04368154 -0.64297003 -1.16258097 -0.89108598
1.22586877 0.25832605 0.04673977 1.60830903 0.31274700 -0.08248400
0.20488552 0.12692390 0.48354092 0.14377700 -0.07576900 0.06175600
0.60849028 0.06602245 0.02844296 0.92522198 0.17340299 0.00101700
-0.01848270 -0.24173031 -0.44219897 0.09146000 -0.49646601 -0.57875401
-0.23018947 0.31678301 0.47149645 -0.31856099 0.36296999 0.13220499
0.63533587 -0.33736539 -0.01906622 0.96490598 -0.28894699 0.23389199
0.56157593 0.95790868 -0.22241008 0.56976998 1.05466700 -0.29051799
0.25372013 0.04657414 1.24363802 0.20823400 -0.05552900 1.08517206
-0.68945007 0.17371968 -0.41545823 -1.13854301 0.34578100 0.07029800
1.84449271 0.54688636 0.18384790 2.31027699 0.65378898 0.33347401
-0.10078182 -0.46696665 -0.17893293 -0.11880100 -0.71199298 -0.63974500
-0.17089500 -0.13867913 -1.22801776 -0.23771299 -0.18146700 -1.14384103
-0.51560425 0.21289659 -0.41965497 -0.58345801 0.26499599 -0.45372799
0.00562191 0.29003804 0.35820400 0.01051200 0.71990198 -0.14680700
0.39816579 -0.00053517 -0.59904667 0.58812201 -0.01302600 -0.60156399
1.04999638 0.63236968 -0.18825593 1.22924197 0.97534299 -0.01379900
-0.24754578 -0.17763974 0.72758173 -0.40368399 -0.07194100 0.54998302
0.26607722 -0.16380289 -1.66635273 0.42303300 -0.11858800 -1.43607903
-0.26851951 0.08260176 0.75113447 -0.25562099 -0.10796700 0.78053099
0.31411241 -0.15283787 -0.06965195 0.54167402 -0.21874300 0.05856800
-0.21049677 -0.18016425 0.31326263 -0.20813400 -0.59625798 0.79477102
0.56691584 0.57608337 -0.67901985 0.55958003 0.74614203 -0.63178802
-0.00045165 0.54114488 0.70975983 -0.00728900 0.71350002 0.47860700
0.67190456 0.43811279 -0.00758369 0.89607501 0.31280500 0.61966300
0.13218373 -0.20571510 0.52033081 0.00220200 -0.16512799 0.64344198
0.37486418 -0.57235359 0.37080859 0.65216398 -0.62588799 0.33781701
-0.03111733 0.65165236 -0.82760749 -0.20072700 0.84967703 -0.65230298
-1.33153604 -0.63773823 0.46918205 -1.70273900 -0.83980799 0.48467001
0.19242512 0.09775290 0.08342976 0.50653797 0.44930401 -0.22983199
0.13456196 -0.63353954 -0.89135584 0.34243500 -0.74641103 -0.71677899
-0.09884663 -0.41381691 -0.66926921 -0.12324400 -0.91006303 -0.84581298
0.58662218 0.40760393 0.78521572 0.71324003 0.36911201 0.59273303
0.15462415 -0.18720095 0.41341901 0.29822800 0.00871500 0.52238399
-0.79657080 -0.12434284 0.09372738 -1.05150902 -0.09912000 -0.04974600
0.20686443 0.26600358 0.77453418 0.44163099 0.07829800 0.19740900
-0.28166067 0.10422015 -0.32818318 -0.26262999 0.09127100 -0.11029000
-1.05230285 -0.62233218 0.27275697 -1.16641998 -0.61396700 0.24691500
-0.35962430 0.01749386 1.17659810 -0.61770701 0.14323500 0.99117702
0.12284491 -0.53892715 -0.72919806 -0.11768300 -1.12899804 -0.37456501
0.29942645 -0.89820613 -0.53488723 0.22083101 -1.17610896 -0.60958803
-0.39859716 -0.48916511 0.80422146 -0.49605599 -0.49273601 0.71629697
-0.69776277 0.05069271 -0.64952158 -1.10152102 0.17115100 -0.29909500
-1.90772447 0.78787885 0.33402118 -2.18193889 0.89736003 0.33841899
0.55910580 0.14780944 -0.57055497 0.78366399 0.25402999 -1.05403996
0.40322813 -0.18880715 0.24654890 0.87982100 0.00815800 0.34700400
1.82753564 0.21716153 -0.11754150 2.01356411 0.27729201 -0.42835200
-0.62194459 0.23553518 0.22458162 -0.57305801 0.63289601 0.32409599
-0.20098380 -0.38685672 0.33492661 -0.28067100 -0.25844201 -0.40323499
-0.24911830 1.15836372 -0.45580116 -0.19930300 1.50227499 -0.58790702
0.00180837 -0.38950153 0.26525500 0.08079900 -0.51012999 -0.04059200
0.68206874 0.04954992 -0.30315528 0.54935497 0.23506600 -0.40285999
0.10393779 -0.48222295 0.27420089 0.26766500 -0.61874598 0.22433200
-0.03328324 0.21957081 0.46379796 0.34833899 0.05059400 0.31494901
-0.63675142 1.48569951 -0.62819816 -0.80178702 1.84560502 -0.74762797
-0.26306371 0.12833122 0.11974689 -0.20087001 0.10638100 0.19625100
0.41106863 0.49129580 -0.69502375 0.39988899 0.58288801 -0.41552401
-0.15757318 0.00992881 0.65735424 0.16648600 -0.02613300 0.66203898
0.00627375 1.13678424 0.30445591 -0.47687700 1.10028899 0.05158500
0.18986494 0.30922784 0.22795199 0.68255401 0.69047099 0.35161000
-0.21242509 0.00332304 -0.47262083 -0.33877599 0.11444100 -0.11320800
0.09192078 -0.37789356 0.14554653 0.23184800 -0.51030099 0.29003999
0.64854620 -0.14564982 0.49751885 0.77565902 -0.02530000 0.54726899
0.57519120 0.01636750 0.25060000 0.42151800 0.26345900 0.31959301
-1.71440806 -0.30557389 -0.62278900 -1.82632005 -0.47549799 -1.18595397
0.01944681 -0.29218698 0.62492980 -0.34732199 -0.47752199 0.89848298
0.74897805 -0.51964871 -0.67994061 0.91395098 -0.62898499 -0.07727000
0.64394842 0.00086794 0.26479694 0.92247403 -0.00070200 0.31678200
-0.41635960 0.74178708 0.04324858 -0.43634301 0.64577198 -0.56320000
-0.28693628 0.22794490 -0.32667760 -0.05485000 0.32102400 -0.04363600
-0.51359406 0.02285841 0.12016095 -0.39146000 0.17550300 0.54351699
0.59796601 0.50029202 -0.19481948 0.80988002 0.72255701 -0.22989300
0.11801143 0.25265634 0.14105652 0.28417000 0.35023299 0.21780799
-0.28843070 -0.23744834 -0.62748534 -0.37801701 -0.12441100 -0.63989002
-0.01087582 -0.90146692 0.54069798 -0.11218700 -0.81607199 1.27936697
-0.19047861 0.21465576 -0.24854050 -0.58403802 0.27866599 -0.49186200
0.11352743 0.33563145 -0.24710042 -0.00369200 0.34938800 0.29184100
-0.06638733 0.71502778 0.22560682 -0.38725299 0.46017200 0.32485500
-0.17093454 -0.23592311 -0.36583847 -0.09094900 -0.35253400 -0.36454600
0.41296758 -0.02853448 0.49663696 0.16456901 -0.04891500 0.28371200
0.97893857 0.35041892 -0.04419567 1.10468996 0.32817701 -0.60138899
-0.43145819 -0.04269331 -0.32330453 -0.86999702 0.12071200 0.40411299
0.19918876 -0.62667081 -0.26863464 0.45319101 -0.87751102 -0.34110501
-0.72862020 -0.09785888 -0.14636361 -1.07324898 -0.02991600 -0.50493401
0.43243656 -0.73454806 -0.45791801 1.05007601 -0.98680401 0.15700699
-0.42235205 -0.04250488 -0.21893328 -0.38097700 -0.12692900 -0.28912199
0.83380337 0.01287073 -0.12413124 1.01078796 -0.14369200 -0.20081601
0.14831329 -0.32408499 -0.25271319 0.30355999 -0.13135800 0.52926201
-0.17934132 0.37152980 -0.10363982 -0.30390400 0.25843701 -0.24480300
-0.95281097 0.48349208 -1.00560155 -1.20707798 0.80106902 -1.70907903
0.22988155 0.32853409 0.06692097 0.24187601 0.61324298 0.65224802
-1.20769989 0.15061559 0.15162260 -1.67828906 0.05302700 0.22396401
-0.09203607 0.41617945 -0.16126024 -0.22638500 0.50338602 -0.62452799
0.07015174 0.19147052 -0.36377692 -0.07269100 0.11227900 0.14337599
-0.33143064 0.52377878 -0.21098315 -0.19303100 0.62488902 -0.34512299
0.38083081 -0.05806738 0.36381636 0.58992898 -0.46761999 0.00708800
-0.77406326 -0.23465763 -0.27950363 -1.10313594 -0.22556300 0.32928801
-0.56101138 -1.22398343 0.01462841 -0.54233801 -1.60033298 -0.09006900
-0.12340333 -0.07935308 -0.07898339 -0.22679500 0.11940500 -0.93906200
0.08699786 0.00852718 -0.14042152 0.34214199 -0.20079000 0.07068000
-2.11145143 -0.69928019 0.08287450 -2.31943488 -0.79709101 0.16571400
0.13343875 -0.07321691 1.03024544 0.20885900 -0.14200900 1.10169399
0.04142799 -0.18520491 0.61865814 0.33953100 -0.40659299 0.81056702
0.53011574 0.11613651 0.01482208 0.61415303 0.21231601 -0.00550800
0.01710457 -0.44765393 1.24832587 -0.03370000 -0.47513199 0.80765700
-0.49525626 -0.96954376 -0.00970590 -0.69385099 -1.11999094 0.63002902
-0.91267729 -0.82329290 0.54618828 -1.10128701 -0.82973403 0.64236897
0.52419807 -0.07060444 -0.38603385 0.80769002 -0.19419500 -0.97865498
-0.17750753 0.35203704 -0.07688893 -0.36689201 0.25974900 0.38499799
0.37662441 0.37514686 -0.35241341 0.48032600 0.50619400 -0.22313800
0.20550372 -0.09262438 0.85801464 0.52384800 -0.20681800 0.74648100
0.61479146 0.39845333 -0.42104636 0.79246700 0.65418500 -0.39253601
-0.63224855 -1.10083901 0.28654667 -1.01806700 -1.39374804 0.31914601
0.50239370 -0.12195546 0.55155043 0.52533400 -0.20306200 -0.19791999
-0.80340818 -0.39747597 -0.21535839 -1.00715804 -0.55982500 0.39380401
0.49052864 -0.37847691 -0.10833926 0.25000799 -0.10124500 0.00323600
-0.41747960 -0.02779176 0.26921147 -0.73261100 -0.09939600 0.01482800
-0.27545805 -0.93122161 0.67522903 -0.42918801 -1.21730900 0.91633898
1.11162160 0.96360964 -0.21094845 1.41595602 1.18750894 -0.38726401
-0.20455467 -0.04448165 0.10279401 -0.24463700 -0.38758001 -0.71631300
-0.50894362 -0.28302740 -0.16016157 -0.74712801 -0.33516401 0.55387902
-0.10389538 0.89307333 0.15352240 -0.05091900 0.99995798 0.30995899
-0.25796412 -0.21070963 -0.18382606 -0.44798499 -0.36904299 -0.83221501
-0.52354990 -0.22887482 -0.84185972 -0.63706398 -0.40648499 -0.89159101
0.89310362 0.02344455 0.24083645 1.31325603 -0.03175100 0.23120500
-0.87350944 0.06913193 0.16448796 -0.86355400 -0.18360201 -0.40024599
0.16202968 -0.90171751 -0.23844534 0.36275399 -0.85842299 0.19623300
1.05938326 0.42020000 -0.21297237 1.46594095 0.57149100 -0.26258901
0.70287575 0.16453970 -0.05740015 0.91427201 -0.05367700 -0.79740000
0.78772763 0.47072601 -0.86731921 0.77536702 0.79529798 -0.41726500
0.27618854 1.04862620 0.59734929 0.17507499 1.30867004 0.51943898
-0.16328727 0.15119152 -0.24227357 -0.39617500 0.07659100 -0.46013099
-0.18019356 -0.90164263 -0.33419668 -0.33592999 -0.95253199 0.35782200
1.26224638 -0.20142637 0.00889838 1.50459599 -0.32336801 0.07968100
-0.16897546 0.29060423 0.56892231 -0.66847199 0.48046800 0.08102100
-0.42948341 0.18326429 -0.01244589 -0.30430901 0.34920299 0.11261700
-1.07528287 0.35258319 0.04523471 -1.28190994 0.40835899 0.57668400
-0.29643507 0.63574563 0.18676112 -0.19212100 0.65170401 0.28700000
-0.32668467 0.60004196 -0.03163620 -0.51251298 0.43648499 -0.19869199
-0.28697410 0.10485545 0.26134708 -0.69053501 0.23117000 0.52780402
-0.55886272 -1.54461067 -0.15149750 -0.79339600 -1.77691698 -0.65556902
0.91031772 -0.15430944 -0.00408076 0.58896101 0.06756800 -0.00748400
0.53062319 -0.56695528 -0.67017997 0.27528501 -0.63299400 -1.33989000
0.25765117 0.29072996 0.09299014 -0.08386700 0.44128799 0.31554100
0.16317711 0.31394665 -0.76518105 0.16086400 0.19593699 -0.27367499
-0.21943585 -0.19567406 0.49619291 -0.43605500 -0.05806100 0.37336701
0.46855913 -0.44720954 -0.39735059 0.33029801 -0.58655399 0.18178600
0.41875836 -1.26150794 0.46899616 0.33924100 -1.34470701 0.19262099
-1.03120475 -0.99744372 -0.02115532 -0.79635900 -1.05542803 -0.65117502
-0.16081427 -0.23196976 0.68164764 -0.47905400 -0.44819900 0.62403202
0.53435769 0.79297346 -0.59376669 0.78810197 0.76018798 0.02635400
0.12939369 -0.49947755 0.41104846 0.34310001 -0.72569299 0.52995998
0.21917169 -0.12033131 0.16017836 0.06725500 -0.04420800 0.08063400
-0.37066296 -0.87322027 -0.47188962 -0.30670699 -1.31519198 -0.73716700
0.80733330 1.37962995 -0.21394920 1.15163195 1.72624397 0.24664000
0.05662876 0.67800561 0.71597861 0.36518300 0.54394799 0.70220900
-0.73022029 0.20280487 -0.00149398 -0.65372998 0.25684300 0.40376201
-0.23523752 0.77488355 -0.30676140 -0.08398300 0.73244601 -0.20237900
0.33181163 -0.08782088 -0.10054620 0.63111800 0.10376000 0.15941601
0.35672443 -0.21417746 -0.32767030 0.35663399 -0.21059000 -0.50399202
1.48307581 0.55843022 -0.45488645 1.57405496 0.67430502 -0.47626600
-0.18753565 -0.77863050 0.96389946 -0.27720201 -1.11831701 0.79498303
-0.32483492 -0.22110571 0.27957181 -0.31203899 -0.36460000 -0.27871001
-0.35399120 0.24986553 -0.06512442 -0.52546698 0.65553200 -0.45004401
0.82547448 1.03441187 -0.17023041 1.14293206 1.00716698 -0.01184600
-0.85407721 0.27959539 0.83200117 -1.06653202 0.78687698 0.92014301
-0.41295351 0.07965799 -0.33173393 -0.47696400 0.18872599 0.26947001
0.06244841 0.43410475 -0.14031995 0.20977400 0.44159800 -0.21214300
-0.17141959 -0.76490611 0.00913721 -0.24925500 -0.57464099 -0.43689501
0.59032962 0.21446883 -0.17397950 1.19438803 0.48942700 -0.03809800
-0.87553205 -1.75511037 0.19268068 -1.09251904 -1.75569296 0.21755600
0.20412672 -0.39861990 -0.50560262 -0.06379800 -0.45887899 -0.53106803
-0.55173759 1.23509540 -0.36290940 -0.58692402 1.20409000 -0.42304799
0.09980805 -0.22799527 0.87509150 0.22601700 -0.45341101 0.40641800
0.03241258 1.18539385 -1.81937210 0.01797200 1.20458806 -1.56567204
0.80832541 -0.05730977 0.69239351 1.30782795 -0.08714300 0.69693202
-0.34840897 -0.18299517 0.60987132 -0.15924700 -0.21034300 0.50688899
-0.31641419 0.02137531 -1.16696386 -0.32730001 0.17888300 -0.64426100
0.41602328 -0.64802173 -0.33424578 0.57758301 -0.74843800 -0.29322201
0.26406981 0.10770522 1.24232153 0.39547899 0.23231900 1.43310297
0.12629822 0.15062851 -0.39826218 0.50930297 0.15749601 -0.01987800
1.60718522 0.24409722 -0.19970856 1.84832001 0.13803500 -0.12462400
0.26986994 0.04887755 1.51988743 0.58681798 -0.16189601 1.36430800
-0.85604502 -0.12070341 -0.52605047 -1.07584500 0.00799300 -0.02301700
0.04706537 -0.53762989 -0.02781797 0.11141200 -0.74906600 0.01324600
-0.13432394 -0.13015738 0.37677737 -0.65166003 0.13235299 -0.34729299
-0.46607801 0.02321473 -0.65580400 -0.67437297 0.03924200 -0.71508199
0.22458405 0.87136471 -0.09200357 0.61423802 0.91620100 -0.15026200
0.18491815 -0.10003796 0.01581307 0.57289499 -0.01356100 -0.57106501
0.40286028 -0.22430045 -0.43659961 0.48482400 -0.64211297 0.28913900
1.77953329 0.28819762 0.20789050 1.93095899 0.58506697 0.11895000
-0.49048040 0.13495069 -0.34249027 -0.51705098 0.06303700 -0.57429099
-0.34108386 0.42554437 -0.17821706 -0.40880600 0.72751999 -0.29956400
-0.36648290 -0.24197493 0.19292837 -0.64613003 -0.04966400 0.05745300
0.25015338 -0.12524027 -0.06337866 0.40336001 -0.15731999 -0.45980600
0.19854171 0.90868035 0.44529853 0.10546900 0.95489800 0.74597597
0.72558005 0.54983622 0.62918641 0.97229099 0.72790998 0.79713601
-0.39025901 -0.24513193 0.84910764 -0.52843100 -0.37483799 0.59324199
0.09583592 -0.30508706 -0.42266934 -0.19522400 -0.35239899 -0.12931700
-0.32994239 -0.72507194 -0.62945595 -0.47968999 -0.45662701 -0.87137997
-0.29988257 0.16728068 -0.20698634 -0.43086901 0.29864699 -0.77250302
-0.10602428 0.03015215 -0.30902871 -0.06040000 -0.17786901 -0.10810700
0.40723932 1.61120855 -0.32619285 0.32941899 1.90504706 -0.32284200
0.01723594 -0.37854043 0.49193754 -0.39184901 -0.43639800 -0.21067999
-0.07486693 -0.58275920 -1.22050337 -0.13154601 -0.73400199 -0.92261201
-0.39543793 0.35580959 0.01479702 -0.56036800 0.34913400 -0.00120900
-0.08270582 0.15360299 0.18543728 -0.37477401 0.07184900 -0.42634001
0.71383128 0.53110606 -1.24441049 0.90961599 0.74821198 -1.11518395
-1.03092580 -0.62460947 -0.02765480 -1.33646595 -0.56419599 -0.07689500
-0.09148117 -0.11720110 1.55215577 -0.10186900 -0.05208600 1.48352098
0.91466655 0.80424539 -1.28424667 1.15825105 1.04712403 -0.74854797
0.14802690 -0.91519131 0.56789610 0.28137401 -1.08840096 0.67082399
-0.23911660 -0.41356193 0.79452133 -0.41159800 -0.47211701 0.96006799
-0.20554779 -0.06873866 0.40407706 0.09172400 0.10061000 0.77333099
-1.16883758 -0.14398308 0.13871465 -1.21353996 -0.35310799 0.30104700
0.53246664 0.30881021 0.56357593 0.75061899 0.28900000 0.10841300
-0.18175284 -0.47518262 -0.67233851 -0.32967901 -0.49617699 -0.63860500
-1.28096850 -0.19616459 -0.02098581 -1.44418395 -0.42642599 -0.02748500
-0.52292331 -0.17682090 0.95319686 -0.85295200 -0.29904899 0.50431502
0.07121800 -0.04670030 -0.84603883 0.18799500 -0.22691301 -0.17842300
0.31568449 -0.86349469 -0.06495884 0.40138000 -1.28556097 -0.11009400
0.50627354 0.40760848 0.19404529 0.77819401 0.33975899 0.24608800
0.33398645 -0.03521469 -0.30514717 0.79142100 -0.17991801 -0.06319100
-0.75488591 0.66988466 -0.02508683 -1.09032094 0.46455699 -0.12043900
0.08459919 -0.37176906 0.80642244 -0.22330201 -0.31766301 0.40714300
-0.29367061 1.06245935 -0.85527175 -0.87431502 0.86732900 -1.20256603
-0.54947858 -0.14024921 0.35457724 -0.74589401 -0.07897300 1.33514798
-0.06817508 0.58019713 -0.38782989 0.16374999 1.04708302 -0.27283901
1.42842971 -0.59114727 -0.10740862 1.95417404 -0.86039197 -0.31960201
-0.20731104 -0.24500300 0.82057104 -0.22659200 -0.53519601 0.92729902
0.55843298 1.80549077 0.58944881 0.55484599 2.01749992 0.41597500
1.16397729 0.65831965 0.03545168 1.23315799 1.08739996 0.26414499
0.15785487 -0.52626034 0.09073787 0.48756501 -0.07829100 -0.75793302
-0.01807154 0.12275443 0.26269211 -0.00337400 0.37119800 0.41142800
0.25787444 -0.27716112 0.23973300 0.36156499 -0.58711201 0.87567198
0.20340583 -0.34302759 -0.54338271 0.55826002 -0.40381899 -0.61339402
0.01687068 0.10935623 0.23795836 -0.07981600 0.34670001 0.21733600
0.71414599 -1.67961979 -0.57096215 0.94237697 -2.18151498 -0.80579698
1.98156616 -0.12001707 -0.37097781 2.20987391 -0.12779200 -0.96174401
-0.70194899 -0.91260262 -0.39393960 -1.55402303 -0.80648398 -0.60742003
-1.52333717 0.02917680 -0.27986301 -1.96662796 -0.20353401 -0.41300899
0.14532097 0.04272181 -0.10679696 0.00959100 0.29147899 -0.23026299
-0.23410066 -0.58951269 0.16559218 -0.08840100 -0.51620698 0.86551702
-0.64674033 -0.65642149 -0.25517252 -0.72786897 -1.06096601 -0.44982901
-0.35178652 0.28098373 -0.07268299 -0.48599601 0.21532799 0.17961800
0.25561491 0.95737894 -0.12282995 0.43778700 1.17965198 -0.12969600
0.70856364 -0.38565251 0.10053663 0.62437201 -0.35451099 0.74695498
-0.59069929 -0.27649959 -0.62497773 -1.08893096 -0.34439099 -1.09201503
-0.58378641 -0.49581945 -0.03787895 -0.80050099 -0.81341600 0.66891801
0.24890380 -0.40385672 -0.43903921 0.26431701 -0.70741498 -0.38385201
-2.05820357 -1.59890607 -0.37518436 -1.97046304 -1.73753703 -0.52223903
-1.03644931 -1.29679016 0.50556197 -1.04722500 -1.55135000 0.27617601
0.30356735 -0.08394704 -0.03018729 0.29490301 -0.35782501 -0.49332699
-0.54890877 0.44123412 0.76662873 -0.66170102 0.45107201 0.89994502
0.14342051 -1.05111125 -0.08496274 -0.02426100 -0.86920899 -0.16008601
-0.25485185 0.80324207 0.43424668 -0.36435699 0.58545202 0.52969199
-0.59302059 0.29851805 -0.32034820 -0.65961301 0.52713299 -0.16233000
-0.29840355 0.24555403 -0.33997337 -0.18172400 0.25499901 -0.49624899
-0.00313754 0.52305540 0.48115482 0.08298600 0.28388000 0.22161400
0.08616485 -0.41579808 -0.38051810 0.36393401 -0.72510499 -0.52086598
0.52630236 -0.16281381 0.23007825 0.82298499 -0.22697400 1.05629301
1.18714978 -0.11327735 0.34184624 1.72515404 0.37507200 0.58965099
0.81165710 -1.09148486 0.23638535 0.90662599 -1.43691599 0.12529200
0.62262870 -0.30979917 0.34259131 0.91239798 -0.34288099 -0.41080800
-0.32696729 0.05018974 0.88660017 -0.88368797 -0.02638800 1.59060895
-0.80445744 0.20489573 0.10707945 -0.98454303 0.09893800 0.16765200
-0.68935831 0.22579857 0.17048033 -0.79447901 0.28033599 -0.34621400
0.62013156 -0.01149140 0.19189337 0.79166502 0.23493899 0.70392299
-0.58947162 0.86042061 0.13396439 -0.52018398 0.98856598 0.20172000
0.32732700 -0.01473221 -0.96853020 0.66763401 0.10482300 -1.55260706
-0.57681376 0.07357505 -0.94487338 -0.76446199 -0.10829000 -0.33401099
-1.03901399 0.26051974 0.25957840 -1.44298398 0.06352800 0.48245299
-0.84941524 -0.35894751 -1.06548141 -0.93633300 -1.05431998 -1.18257701
0.17815017 0.33410346 -0.32184341 0.23698600 0.30983201 -0.17589200
0.04140152 0.65702281 0.27963212 -0.08430700 0.75900197 0.27425501
-0.42302055 0.27452430 0.76260363 -0.48924601 0.30709901 0.06216100
1.11097928 0.16493114 0.79460266 1.23832595 0.29760900 1.41939700
-0.59940295 -0.55011925 0.03716902 -0.76225102 -1.03610599 0.17465501
-0.40801875 -0.33117033 1.34185159 -0.43156701 -0.27790201 1.13109004
-0.17503404 0.21450567 -0.83133746 -0.43828201 0.43546200 -0.41017601
-2.05633415 -0.95102390 -0.46949105 -2.31434011 -0.70615900 -0.70238400
0.41414552 0.31105193 0.31813845 0.71990502 0.32213601 0.41659501
-0.08926538 -0.41147828 -0.44581968 0.24206901 -0.60162997 -0.24469399
0.44810805 -0.16332092 -1.00406414 0.48760101 0.08899400 -1.14875901
-0.10755448 0.36391026 0.35902201 -0.33098200 0.46242300 0.25954899
0.03136501 0.47431106 -1.26991833 -0.10625700 0.39080399 -1.31227398
-0.35451854 -0.22682879 -0.33374531 -0.44269899 -0.34153301 -0.52879500
-0.20856229 0.48225103 1.04324509 -0.45829001 0.66225201 0.47694400
0.47872485 0.50417684 -0.18183462 0.88248903 0.69233900 0.23119500
0.26663088 0.04884689 0.00806797 0.45662701 0.48339900 0.04458900
-0.27271696 -0.46842512 0.30462288 -0.27265999 -0.46932399 0.02909500
-0.67830399 -0.19666302 -0.21244978 -0.89027101 -0.44973099 0.24151100
-0.79012460 -1.01150996 -0.49297839 -0.78639400 -1.10362005 -0.67993897
0.44695247 0.29799551 1.04737849 0.26623499 0.47647899 0.53814399
0.35332470 1.09582068 0.64742594 0.57623303 1.44533503 0.91203803
0.84814928 0.03106664 0.06957860 1.04138100 -0.11527200 0.09607900
0.46673109 -0.06874292 1.63790840 0.53882402 -0.03073100 1.11174095
0.03520003 0.30454563 -0.33103646 -0.03316200 0.41410801 0.22214900
1.33844287 1.16741385 0.28407475 1.42104197 1.29542506 0.32675701
0.62781581 -0.13718709 -1.28952219 0.39256001 -0.35413000 -1.84776294
-0.55950442 -0.15426406 0.85297131 -0.63829398 -0.51980603 1.31603503
-0.10068396 0.33999478 -0.74289327 -0.01744400 0.73730999 -0.82555997
0.10462182 0.42271676 -0.20887980 0.42797500 1.05992496 -0.80072099
-0.01690654 -0.02168019 -0.38343802 0.18961300 0.07284500 -0.25945699
0.53824861 0.47079831 -0.10412564 0.73698598 0.28987899 -0.07993700
0.30560282 -0.03764398 0.62568288 0.44174400 -0.14541100 0.47426799
-0.00586632 0.83244591 0.40003603 -0.05826900 1.34176803 1.14767504
0.93127216 0.46750273 -0.18863679 1.19943094 0.29755500 -0.05887400
-0.21788466 0.12742873 0.61688818 -0.23203500 0.16875100 -0.01924100
-0.51711227 -0.14069643 -0.40158335 -0.82573003 -0.25665900 0.39103800
-0.10103589 0.80562210 -0.04147644 -0.02189800 0.90777099 -0.17156500
-0.14450807 -0.01069187 -0.64314711 -0.25219399 -0.28849900 -0.73503500
0.08435365 0.59865387 -0.20465566 -0.17391600 0.97944999 -0.03791500
1.01306767 -0.53329153 -0.19922134 1.26309502 -0.73074502 -0.32233199
0.73133911 -0.86079587 0.56488276 0.79467601 -0.88230598 -0.27436301
0.01237182 0.78742667 -0.46140713 0.43403500 0.63082302 -0.51347798
-0.32998336 -0.39453085 -0.28764477 -0.23627800 -0.69871598 -0.09529500
-0.26165562 -0.33995211 -0.66234451 -0.23886199 -0.85358697 -0.36732101
-0.29122196 0.36595394 0.81904781 -0.46189001 0.43256301 1.89541101
0.27418672 0.28029142 0.13931390 0.16052200 0.56187397 0.24355800
0.87939516 1.03256810 -1.19835519 0.80397999 1.19949496 -2.10085201
-0.10401928 -0.63442601 0.47361094 -0.81516600 -0.62631500 0.88409603
-0.27120130 -0.17188766 0.04392951 -0.55396903 -0.55356002 -0.11336100
-0.15330564 -0.75668196 0.21665250 -0.45535699 -1.06112802 -0.14310400
-0.32535706 -0.46269534 0.58270508 -0.61538202 -0.54322797 0.55368698
-0.35018973 0.21849993 -0.72445307 -0.54202199 0.18041199 -0.69456398
-0.59530050 -0.32354499 0.98853072 -0.75563401 -0.49667099 1.72912204
0.71504259 0.19176358 -0.23433114 0.64509499 0.19959100 -0.56646103
0.88328295 -0.89489774 -0.09195311 0.69645900 -0.90894902 -0.65429097
0.53586568 -0.98513045 -0.19799920 0.50724697 -0.94475901 -0.24711899
0.50618722 -0.17336874 0.55701263 0.71208400 0.15166301 -0.03200600
0.08524465 0.32471556 -0.07373832 0.06122400 0.37537399 -0.25488701
-0.78215504 0.04936951 -0.62850089 -0.87374800 0.27186099 -0.72708398
-0.19472101 0.99792840 0.10945593 0.03397600 0.96494001 0.57733399
0.58397866 -0.50316374 0.09212301 0.68152499 -0.70791399 0.08946900
-0.15938001 -0.77297776 -0.15643750 -0.07839300 -1.22819197 -0.24277700
-0.60998195 0.23361963 0.45927300 -0.62420398 0.05592200 0.96900499
-0.02070204 0.46319430 -0.37995175 0.16742299 0.47383201 -0.17449000
0.44185939 0.16904508 0.23748333 0.46348101 0.15133600 0.56428802
-0.00998902 0.02395762 0.09608747 0.01913900 0.20895299 0.06920900
1.19094334 0.62138014 -0.33428087 1.22955298 0.55572402 -0.80989802
-0.26537868 0.27052761 0.40298700 -0.36045399 0.42605701 0.39259100
-0.11614200 -0.19398833 -0.67890449 0.04242000 0.13037600 -1.24344695
-0.35317935 0.36675051 0.58502648 -0.29997900 0.92453998 0.59731901
-0.38074457 0.10543296 -0.14643563 -0.24188501 0.47979200 -0.43496901
0.90036366 -0.33892040 1.07675502 0.95967603 -0.52099901 1.17272699
1.02590131 -1.15709364 -0.03179167 1.18184698 -1.32979202 0.86729801
-0.29421857 -0.43722560 -0.11092150 -0.36927000 -0.60543400 -0.30426300
-0.39347442 -0.94485551 0.39873152 -0.08973600 -1.09694302 -0.15874600
-0.34452964 -0.08495703 0.30565686 -0.39546701 0.24714001 0.50788599
-0.19021629 0.93114889 -0.30070608 -0.05621300 1.00026298 0.31690699
-0.88035487 0.52628719 -0.59706204 -1.05134499 0.69279301 -0.34788501
-0.46606407 1.07131571 -0.19184606 -0.63634098 1.46039200 -0.06566200
-1.15472907 0.74067235 0.80399432 -1.59885895 0.99436802 0.32910499
0.28414531 -0.54312615 -1.25937189 0.54766500 -0.74637800 -1.61527002
0.50395733 0.04157586 0.15344994 0.73532999 0.04797100 -0.03499200
0.56889180 -0.13154417 0.91761102 0.99311697 -0.41337600 0.27831200
-0.22270306 -0.59814624 -1.21930744 -0.46389201 -0.56042600 -0.34968001
0.32950763 -0.68243601 0.20567554 0.67803198 -0.80933797 0.47405499
0.03341245 0.00483183 1.78700178 0.10320900 -0.18037900 1.74027896
0.53424020 0.02022043 0.07371300 0.95854902 0.03704300 0.21358800
1.00517243 0.17563882 -0.66915611 1.22776103 0.27480200 -0.79939801
0.36134649 1.00233250 1.21556495 0.25735000 1.43189394 0.88065600
0.43333101 -1.10933809 -0.11615565 0.80366701 -1.18282497 0.16661300
0.30715383 -0.45200502 0.01947794 0.21040900 -0.67554802 0.16696601
1.16043675 0.24075465 1.17060915 1.36633301 0.23543499 0.69156998
-0.06002628 0.12580046 -1.48359604 -0.18518800 0.29320401 -1.67742503
0.73702958 0.63568288 0.51825262 1.05921197 0.84682602 0.38829499
-0.36875365 0.14341404 -0.26047321 -0.14559300 0.18415301 -0.60282600
0.13286584 0.62724038 -0.43363692 0.49173301 0.58392602 0.31861800
1.72828156 0.20747068 0.21993822 2.23167491 0.31509000 0.17369500
0.22775281 -0.04955894 -0.49721499 -0.04741100 -0.02488500 -0.76604700
-0.11595702 0.25997491 -0.41708900 -0.17018101 0.48376599 -0.03171500
-0.59358646 0.30565192 1.15568792 -0.75531697 0.02009100 1.12220395
0.04043117 -0.54146561 -0.40558263 -0.32598299 -0.87852001 -0.42718899
0.23056334 -0.24760323 0.75685634 0.22367901 -0.67681599 1.71336699
0.25942774 0.78455363 -0.59837621 0.18058300 0.67625701 -0.54913002
0.57367298 0.15731682 -0.06314517 0.95193398 0.13526800 -1.11123097
-0.61651716 0.06660975 -0.19436288 -0.82798499 0.02121000 -0.21746500
-0.43297816 -0.05094155 0.33379495 -0.61592501 -0.18856700 0.25498000
0.18780001 0.20523152 0.39586769 0.12036800 0.41199100 0.27126101
0.00434358 0.38653332 -0.39483890 0.16731100 0.80377001 -0.25013399
0.38569745 0.56253142 0.66917230 0.61322498 1.15530896 0.70954603
-0.12871413 -0.01230677 -0.25138291 -0.44409201 0.13121600 -0.72946203
0.04168018 -0.27262838 -1.65281321 0.25588000 -0.41431800 -1.15224099
-1.05268221 -0.07947526 -0.03885960 -1.33196402 0.09155300 -0.20007400
0.13397333 0.24694731 -0.84317596 -0.01613800 0.44027600 -1.36923897
-0.51260309 -0.83746890 -0.35178763 -0.82649797 -1.14081800 0.45644400
-2.23431018 -0.84982456 -0.41766035 -2.46553302 -1.13207495 -0.43714899
0.00677043 0.57492620 1.67904177 0.04695200 0.66756898 1.36197901
-0.14365899 -0.21226534 -1.66100022 -0.07788700 -0.45683199 -1.15978301
0.11308953 -0.56195420 0.40907337 0.11416700 -0.78574097 0.47061399
-0.23520029 -0.48518231 0.34865763 -0.04660400 -0.91089100 0.35392299
-0.22618200 0.30172333 -0.54339874 -0.19428401 0.18153401 -0.15587100
-0.21056938 0.05171486 -0.13732102 -0.38109201 -0.03858300 0.01418200
-1.00840693 -0.19218560 0.33704006 -1.29179096 -0.10780700 0.00353300
0.49561711 0.18655355 -1.25987750 0.56050903 0.37565699 -1.45907199
-0.67935246 -0.43015278 -0.13437376 -0.92213303 -0.76659900 -0.21769200
0.70039725 0.22323276 0.23803846 0.80055702 0.36429700 -0.40834099
0.03857639 0.33359787 -0.57729685 -0.08001800 0.90154898 0.07947600
0.15776041 -0.55883874 0.37220668 0.21315700 -0.76558000 0.41800401
-0.00607222 -0.20084854 0.93699451 -0.08992400 -0.21947600 1.12243199
0.02443338 0.16311198 -0.01215909 0.35916501 0.14907099 -0.01640400
-1.28501574 0.46926459 0.28120994 -1.23398900 0.79568100 0.14149800
-0.34489803 0.39330682 0.79916601 -0.82827502 0.42132199 0.28863099
