0.00006455 -0.24208315 0.13843158 -0.00004800 0.00127300 -0.00686500
-0.00006430 0.24216204 -0.13841109 0.00055200 -0.00082300 0.00599000
-0.00006430 -0.24212231 -0.13849248 -0.00026200 0.00136600 0.00358300
0.00006455 0.24217472 0.13838032 0.00049400 0.00111300 -0.00250700
-0.00002028 0.00002518 0.00000954 0.00092100 0.00068300 0.00000100
-0.00009128 -0.00003663 0.00002955 -0.00026300 -0.00050400 -0.00010200
0.00012247 0.00003156 0.00001405 0.00026600 0.00055900 -0.00026100
0.00019347 -0.00004301 0.00003406 -0.00069200 -0.00097100 0.00007300
0.00004686 -0.09219793 0.07460612 -0.00016900 0.00724700 0.00109300
-0.00007901 0.09223074 -0.07461852 -0.00011400 -0.00934800 -0.00199500
-0.00007901 -0.09216690 -0.07451200 -0.00093500 0.00999300 -0.00420500
0.00004686 0.09220579 0.07446450 -0.00018200 -0.01083200 0.00361000
0.00006455 -0.24230731 0.13842150 -0.00091900 -0.00033000 -0.00433200
-0.00006430 0.24218591 -0.13841164 0.00035200 0.00251200 0.00542600
-0.00006430 -0.24233044 -0.13847271 0.00038400 -0.00042100 0.00284400
0.00006455 0.24217496 0.13840479 -0.00065300 -0.00045800 -0.00294200
-0.00003018 0.00004855 0.00002145 -0.00089000 -0.00001000 0.00007400
-0.00009225 -0.00001743 0.00002843 -0.00171700 0.00030400 -0.00047800
0.00013238 0.00005494 0.00002596 0.00122100 -0.00062000 0.00030200
0.00019444 -0.00002382 0.00003294 0.00092200 0.00082500 -0.00020500
0.00004686 -0.09217588 0.07460589 0.00031100 0.01103700 0.00353700
-0.00007901 0.09202893 -0.07461493 0.00098500 -0.01061200 -0.00338000
-0.00007901 -0.09218367 -0.07452249 0.00000000 0.00865400 -0.00361600
0.00004686 0.09200539 0.07446355 -0.00023200 -0.01055900 0.00424600
-0.00000504 -0.24207383 0.13846351 0.00036400 -0.00468700 -0.00346100
0.00006670 0.24216043 -0.13840767 -0.00074300 -0.00066600 0.00481500
0.00006670 -0.24212069 -0.13848906 0.00051200 0.00353000 0.00629700
-0.00000504 0.24216540 0.13841226 -0.00056600 0.00186700 -0.00218000
-0.00000097 0.00002641 0.00001299 -0.00043800 -0.00017200 -0.00001100
-0.00007197 -0.00003786 0.00003301 0.00077700 0.00028200 0.00080200
-0.00002036 0.00002579 0.00001152 -0.00073100 0.00008200 0.00013300
0.00005064 -0.00003724 0.00003154 0.00020000 0.00067300 0.00056000
-0.00000105 -0.09217835 0.07459526 -0.00011100 0.01285700 0.00585700
0.00010753 0.09221501 -0.07461309 0.00022000 -0.00923600 -0.00301000
0.00010753 -0.09215117 -0.07450656 0.00062500 0.01205600 -0.00456300
-0.00000105 0.09218621 0.07445363 0.00033200 -0.00560400 -0.00049600
-0.00000504 -0.24229799 0.13845343 0.00128500 0.00019100 -0.00379700
0.00006670 0.24218430 -0.13840822 -0.00016900 -0.00116000 0.00583600
0.00006670 -0.24232883 -0.13846929 -0.00014800 -0.00238300 0.00278800
-0.00000504 0.24216563 0.13843672 -0.00003100 -0.00554000 -0.00665000
-0.00001088 0.00004978 0.00002491 -0.00121600 -0.00015600 -0.00063000
-0.00007294 -0.00001867 0.00003189 -0.00006700 0.00049200 0.00028300
-0.00001046 0.00004916 0.00002344 0.00090500 0.00025300 -0.00053200
0.00005161 -0.00001805 0.00003042 0.00083300 -0.00045200 -0.00040800
-0.00000105 -0.09215629 0.07459503 -0.00057700 0.01111000 0.00343100
0.00010753 0.09201320 -0.07460949 -0.00022000 -0.00850200 -0.00257200
0.00010753 -0.09216794 -0.07451705 -0.00039300 0.00697300 -0.00113000
-0.00000105 0.09198581 0.07445268 0.00004700 -0.01188500 0.00490000
-0.12723141 -0.05640794 0.05925001 0.00056700 0.00158500 -0.00193900
0.12718971 0.05642458 -0.05921998 -0.00079700 -0.00201700 0.00184600
0.12720296 -0.05641086 -0.05926566 -0.00028300 0.00192900 0.00211300
-0.12710844 0.05641160 -0.05918593 0.00098100 -0.00206200 0.00175400
-0.12721270 0.05642179 0.05925460 0.00062300 -0.00166700 -0.00245900
0.12709526 -0.05637244 0.05921022 -0.00050600 0.00168800 -0.00193200
0.12707654 0.05638628 0.05921482 -0.00067200 -0.00116500 -0.00287100
-0.12712169 -0.05639788 -0.05923161 0.00048900 0.00210500 0.00198700
0.00001406 -0.00449109 -0.15487436 -0.00011100 -0.00181700 0.00153700
-0.00007824 0.00430757 0.15479228 -0.00002600 0.00211600 -0.00113600
-0.00007824 -0.00444926 0.15481994 0.00010400 -0.00352400 -0.00056700
0.00001406 0.00425617 -0.15473405 0.00000100 0.00271100 0.00081000
0.00001283 -0.09206121 0.29324773 0.00000600 0.00426900 -0.00188100
-0.00008018 0.09216499 -0.29335889 0.00006100 -0.00421500 0.00193800
-0.00008018 -0.09218971 -0.29345698 0.00008000 0.00423400 0.00251900
0.00001283 0.09215795 0.29343063 0.00004200 -0.00402700 -0.00178700
0.00000648 -0.09515829 0.20763974 -0.00001100 -0.00048400 0.01263700
-0.00000603 0.09516359 -0.20763977 0.00037000 0.00105600 -0.01039300
-0.00000603 -0.09504117 -0.20752268 0.00003800 -0.00049400 -0.00452400
0.00000648 0.09511363 0.20768858 0.00048600 0.00033600 0.00542100
-0.12723325 -0.05639776 0.05925577 0.00104000 0.00229800 -0.00215500
0.12723666 0.05646435 -0.05921152 -0.00034600 -0.00214700 0.00185500
0.12720483 -0.05639393 -0.05927049 -0.00027800 0.00146200 0.00266200
-0.12715539 0.05645137 -0.05917747 0.00048700 -0.00230200 0.00160400
-0.12725770 0.05646441 0.05924669 0.00058700 -0.00168400 -0.00185900
0.12709709 -0.05636226 0.05921599 -0.00126700 0.00252800 -0.00150600
0.12712155 0.05642891 0.05920691 -0.00091400 -0.00222000 -0.00145200
-0.12712356 -0.05638096 -0.05923644 0.00062200 0.00175300 0.00252300
0.00001406 -0.00438542 -0.15482275 0.00011500 -0.00305500 0.00063700
-0.00007824 0.00432883 0.15480540 0.00002100 0.00160500 -0.00135900
-0.00007824 -0.00436247 0.15477944 -0.00000500 -0.00318400 -0.00085500
0.00001406 0.00426399 -0.15473637 0.00006600 0.00372400 0.00042500
0.00001283 -0.09206969 0.29324587 -0.00012000 0.00406700 -0.00200700
-0.00008018 0.09217419 -0.29338729 0.00015500 -0.00450600 0.00176700
-0.00008018 -0.09217730 -0.29345203 -0.00004000 0.00400300 0.00200800
0.00001283 0.09219975 0.29347814 -0.00013100 -0.00420500 -0.00204200
0.00000648 -0.09506976 0.20759194 0.00031300 -0.00067500 0.00555600
-0.00000603 0.09524255 -0.20758842 0.00004300 0.00039200 -0.00531200
-0.00000603 -0.09511181 -0.20756048 -0.00038600 -0.00041300 -0.00658000
0.00000648 0.09522451 0.20765349 -0.00020900 0.00057400 0.00404900
-0.12699375 -0.05633000 0.05920552 0.00088100 0.00237200 -0.00168800
0.12704622 0.05638533 -0.05917901 -0.00082100 -0.00197900 0.00207200
0.12705948 -0.05637161 -0.05922468 -0.00036500 0.00186700 0.00162200
-0.12719200 0.05642585 -0.05922047 0.00060600 -0.00179400 0.00228400
-0.12697504 0.05634384 0.05921012 0.00083400 -0.00137400 -0.00254900
0.12700672 -0.05633160 0.05920725 -0.00087900 0.00205000 -0.00188700
0.12698801 0.05634544 0.05921185 -0.00081500 -0.00193000 -0.00210600
-0.12720526 -0.05641214 -0.05926615 0.00024900 0.00192600 0.00154500
-0.00000018 -0.00449756 -0.15488384 0.00017200 -0.00202200 0.00118400
0.00004455 0.00429564 0.15477738 -0.00017200 0.00234300 -0.00081800
0.00004455 -0.00443733 0.15480505 -0.00005400 -0.00308100 -0.00092600
-0.00000018 0.00426264 -0.15474353 -0.00006300 0.00266200 0.00054000
0.00000036 -0.09207405 0.29325576 0.00000000 0.00399600 -0.00230700
0.00004801 0.09214342 -0.29334745 -0.00005600 -0.00438500 0.00206600
0.00004801 -0.09216815 -0.29344554 -0.00010400 0.00419100 0.00215500
0.00000036 0.09217079 0.29343867 0.00002300 -0.00420900 -0.00176400
0.00000029 -0.09516001 0.20764927 -0.00002300 -0.00046900 0.00218800
0.00000865 0.09516057 -0.20764094 -0.00033400 0.00083600 -0.00901900
0.00000865 -0.09503815 -0.20752386 -0.00004800 -0.00066300 -0.00220200
0.00000029 0.09511536 0.20769812 -0.00035600 0.00063800 0.01478600
-0.12699559 -0.05631982 0.05921128 0.00128500 0.00253500 -0.00155100
0.12709318 0.05642510 -0.05917054 -0.00077000 -0.00226500 0.00168400
0.12706135 -0.05635468 -0.05922951 -0.00094700 0.00185600 0.00231300
-0.12723896 0.05646562 -0.05921200 0.00066700 -0.00222100 0.00182300
-0.12702004 0.05638647 0.05920220 0.00082800 -0.00152500 -0.00171100
0.12700856 -0.05632142 0.05921301 -0.00091200 0.00202300 -0.00248400
0.12703301 0.05638807 0.05920393 -0.00070600 -0.00147300 -0.00165700
-0.12720713 -0.05639521 -0.05927098 0.00067800 0.00174200 0.00226100
-0.00000018 -0.00439189 -0.15483223 0.00009700 -0.00320200 0.00064800
0.00004455 0.00431690 0.15479051 -0.00008700 0.00241400 -0.00093300
0.00004455 -0.00435054 0.15476454 0.00002300 -0.00239500 -0.00067600
-0.00000018 0.00427046 -0.15474585 -0.00010300 0.00312700 0.00073900
0.00000036 -0.09208253 0.29325391 0.00012500 0.00394600 -0.00214900
0.00004801 0.09215263 -0.29337586 -0.00013700 -0.00369600 0.00267900
0.00004801 -0.09215574 -0.29344059 -0.00004000 0.00404000 0.00185100
0.00000036 0.09221259 0.29348618 0.00013900 -0.00416000 -0.00206300
0.00000029 -0.09507149 0.20760147 -0.00045100 -0.00062900 0.00573500
0.00000865 0.09523953 -0.20758960 -0.00009500 0.00082300 -0.00910100
0.00000865 -0.09510879 -0.20756165 0.00039000 -0.00087800 -0.01244900
0.00000029 0.09522623 0.20766303 0.00023800 0.00068300 0.00234300
1.18043454 -3.13877824 -0.56660101 1.32287395 -2.63106704 -0.85227400
0.45813048 -1.22431366 -0.59088467 0.38346401 -1.22869205 -0.41685799
0.11012737 -1.15345670 -2.17156126 0.13262300 -0.99691200 -1.76687396
-0.25684994 -0.11974500 0.22880300 -0.34213200 -0.17873099 0.10429200
1.76057843 0.39239048 0.11595383 1.35954595 0.33120701 0.35165700
-0.34803985 -0.27722407 0.54155304 -0.38405800 -0.31146801 0.19157800
-0.62077114 -0.51873505 -0.74606074 -0.51586002 -0.26715899 -0.73819900
-0.11511190 -0.52591304 -0.64304102 -0.07421700 -0.54345298 -0.57948798
1.08644510 0.46256130 -0.05054013 0.90869898 0.32759699 -0.08381100
-0.15713842 -0.37001935 1.71990685 -0.08482400 -0.51281297 1.63292694
-1.35325679 -2.08075291 -0.27874642 -1.31435096 -1.81234205 -0.28905600
1.04070259 -0.32845611 0.44469509 1.06552505 -0.45641899 0.45467401
0.95782570 -0.33325069 -0.33770341 1.07862997 -0.08134200 -0.42177001
0.11231274 -0.07380689 -1.28263345 -0.01923000 -0.20886400 -1.10378098
0.73126320 -0.61533800 -0.61464604 0.72722602 -0.11523000 -0.53622198
0.06802049 0.02726649 -1.45133682 0.18045300 -0.06405800 -1.62995195
-0.29380528 -1.03804777 0.62612198 -0.15024100 -0.92666698 0.74991202
1.51810156 1.11869552 -0.65176469 1.13736606 1.04686403 -0.31294301
0.30446270 -0.24043337 0.79222649 0.31656599 0.01087700 0.63670301
-0.04988900 0.05278607 -1.00727581 -0.07101400 -0.18086401 -0.88530499
-1.10417075 -1.49412491 -0.00386548 -1.08478606 -1.21080005 0.09889900
-1.94615727 1.51355786 -0.68319548 -2.01276898 1.43526602 -0.70354098
1.00557640 2.39529898 -1.74707472 0.87716401 2.13147306 -1.33831894
0.40854373 1.15861655 -0.31153635 0.53457397 1.01947105 -0.45270699
0.40717854 1.67853044 -0.33139687 0.58714002 1.68691504 -0.25933999
0.46656441 3.98014993 -1.16555144 0.31948900 3.27099109 -1.06663895
0.18247895 1.70424947 -0.02624722 0.16615701 1.76634800 0.24553600
-0.33685397 2.23480940 1.80204382 -0.21290100 1.76282799 1.34387898
0.59215355 -1.04315492 0.98108913 0.49778700 -0.87511599 1.25200498
0.29068929 0.12365775 -0.15162107 0.21133700 0.08875600 -0.22743700
-1.21324307 0.48433268 -0.67601655 -0.97813398 0.59761500 -0.64584500
0.13317759 -0.99994465 0.35533647 0.28857800 -0.71543503 0.25054801
-0.74764266 -1.14577960 -1.17851603 -0.84462398 -0.82922500 -1.13670504
1.49892663 0.65131977 1.65543161 1.64714897 0.63681602 1.52207005
-0.81918930 1.00442530 0.65642805 -0.78569603 1.10874605 0.86767203
0.41038062 -1.55227547 1.03563307 0.49495700 -1.33858001 0.91427100
0.29374038 -2.21524629 0.81306350 0.24673100 -1.76794899 0.62650901
-0.67203197 0.89395683 -0.97677742 -0.57263702 0.56209803 -0.85486698
-0.63693271 -0.66367696 -0.30870481 -0.43208900 -0.30805400 0.00076200
-0.39803477 0.46046218 0.17553775 -0.31819999 0.10416600 -0.06872300
-0.20164872 0.45443036 -0.82802086 -0.23807600 0.49436599 -0.79526800
0.58420867 0.05024761 -1.61255619 0.31147900 -0.29953799 -1.25341296
-0.91205435 -0.25519240 -0.43252111 -0.54417402 -0.23737600 -0.11146000
1.85114161 0.94097585 -0.50392989 1.65359902 0.93218100 -0.25435200
2.15107369 -0.55708105 0.07939869 2.11429310 -0.78341800 0.10452000
0.18725153 -0.93671130 -1.07851956 0.07507600 -0.81068802 -0.93841702
-1.16919300 -0.88314364 -0.42855670 -1.03817499 -0.67307699 -0.22869600
0.48216446 -1.55341798 1.68936303 0.45595700 -1.49373901 1.38181698
-1.23114522 0.69046759 0.94952306 -1.27845299 0.88667601 1.31767595
-0.70595028 0.18641300 0.78079986 -0.68250000 -0.09558300 0.62593901
-0.61103236 -1.29517488 1.30395518 -0.61973298 -1.15297794 1.18634796
-0.71165104 0.58716987 0.94622921 -0.46449399 0.38096300 0.87636900
0.45898724 0.94164596 -0.51920217 0.51902097 0.83342099 -0.46115699
0.43245835 0.01075455 0.40371436 0.18638401 0.08748300 0.32163399
-0.05177851 0.25220975 0.11168794 -0.13706100 -0.04389200 0.22037899
-0.21877417 -1.87970739 1.84474400 -0.06792300 -1.51441801 1.53020203
0.71649249 1.47388406 0.95935639 0.58996099 1.25160897 0.87395799
0.66754541 0.29630286 0.78351522 0.72797501 0.25028700 0.59317201
-0.76403491 -1.21309727 0.32548143 -0.74072099 -1.44885194 0.36785099
1.04940657 0.00467925 0.15522970 1.10817599 0.15071601 0.12726299
-0.16727040 -0.58896395 0.04429208 -0.27933601 -0.67115998 -0.18343800
-0.07577810 0.91575575 -1.24334342 -0.09594400 1.02051699 -1.21474600
0.21150654 1.11576383 1.89553525 0.22372600 0.96855199 2.05126905
-2.33918726 -0.53435478 -0.60767151 -2.27913308 -0.36965501 -0.68437701
-0.08040708 1.83803727 -1.64268249 -0.02152400 1.93623400 -1.37679803
0.13997371 0.18390700 -1.50312293 0.22982800 0.10580600 -0.97898400
0.51766133 2.23226997 -0.62806676 0.30831701 1.97059298 -0.28245699
0.05679379 2.63512080 0.68760521 -0.06236600 2.53741097 0.32771501
-1.04267656 -0.17631611 0.42290465 -1.00952196 -0.03057100 0.46143699
0.96469827 1.02978444 1.74199502 0.70029998 0.88563299 1.55894697
-2.45419411 1.50755579 0.12659884 -2.54628491 1.71236503 -0.00836600
0.54672833 0.60688242 0.13164178 0.68215698 0.46801299 0.13630500
-0.67360304 1.60183362 -1.46236017 -0.52457100 1.32925701 -1.37302303
-0.84091197 0.09062989 0.48622656 -0.90279597 0.48435599 0.53374100
0.35348183 1.60131961 -0.86370178 0.18826000 1.42665803 -0.94218802
-0.30878616 0.64674542 -0.72295188 -0.15905100 0.71342897 -0.80877203
0.11718913 -0.19779377 0.13022292 0.13668300 -0.38483801 0.13747400
0.18059701 0.81516484 -0.02033200 0.11364000 0.88189203 -0.10434700
-0.22275847 -1.13180437 0.40126566 -0.23400100 -1.32652700 0.45291001
0.73633955 -1.45378167 0.27062184 0.90810698 -1.42792499 0.37319601
-0.56502609 -0.59584469 0.13686003 -0.55156398 -0.60477501 -0.08169400
0.33414505 -1.02270511 1.64973959 0.43830800 -0.94306201 1.96044600
0.28951352 0.26385442 0.18310347 0.16762300 0.28228801 0.42020199
0.63803991 0.30168941 1.36301335 0.86121398 0.25375801 1.07344103
-0.05477255 1.81567468 0.90692237 -0.04643200 1.61810398 0.43848899
0.47209720 -1.95917642 0.02017303 0.28287101 -1.93176305 0.15848500
0.02833339 0.42341364 2.37438104 -0.05128300 0.53384900 2.15505409
0.13233657 0.31280131 0.27785933 0.14783300 0.17141800 0.11882300
-0.06090783 0.31096677 0.05311087 0.09830100 0.47983301 0.15498801
-1.15895982 -0.69433052 0.38316963 -1.09295702 -0.70221102 0.41772500
1.50779175 0.04321334 -0.93428899 1.32776701 0.21337400 -1.03460896
-1.14017292 0.73052444 -1.19844883 -0.96536797 0.58748299 -0.96091098
-0.07389680 1.75183929 -1.86396150 -0.01715100 1.64491403 -1.72939801
1.23719112 -0.19751317 -0.24390277 0.84147203 -0.15530901 -0.22201400
-1.94407061 -0.62298499 -0.71247513 -2.17047811 -0.75647098 -0.54061699
0.03631255 0.16435021 -0.57345959 0.16158600 0.27206600 -0.52291697
-0.14465864 -0.40370272 -0.68346825 -0.13047700 -0.82326198 -0.84915000
0.87897000 -2.56101394 -1.05702295 0.84458101 -2.02696991 -0.88617700
-0.39897752 -2.11088411 1.28687481 -0.31421101 -2.23243594 1.15644002
1.46310018 -0.30613194 0.44970194 1.39166796 -0.25551701 0.42550901
-0.24598437 0.25249690 0.81163098 -0.20879900 0.18758100 0.81537801
-0.28325313 1.38737802 -1.73176153 -0.28996500 1.49929702 -1.68477404
-0.07175696 -0.02457046 -1.32510790 -0.06793900 -0.21565001 -1.11473596
0.21202938 0.16717788 -0.64449548 0.11782500 0.13968500 -0.87633902
0.24743609 -0.62932365 1.95935118 0.07261400 -0.38864899 1.13805997
0.31568748 -3.15920666 0.65976572 0.19123399 -2.94030404 0.99326098
-0.28931721 -0.75039351 0.74682544 -0.16017701 -0.64503002 0.65378702
0.16587776 0.99443521 0.13817259 0.15775000 0.87585402 0.00054800
-1.33631743 -1.08810310 0.04320934 -0.81403798 -0.85748303 -0.17244899
-1.60440430 -1.45237755 -0.59404606 -1.67053199 -1.65293598 -0.78894597
0.57720039 -0.59519832 -0.52483787 0.52166200 -0.34377101 -0.64457297
-0.43535370 -0.05263571 0.02851382 -0.28006801 -0.31596199 -0.19563000
2.10390996 -0.58823877 -0.48014124 2.23050904 -0.80128300 -0.48265401
0.53167895 -0.77476585 -0.81682825 0.48059100 -0.70488697 -0.83721602
0.30350572 0.96208101 -0.26615152 0.21706700 0.79072398 -0.34264100
0.28905787 -1.70508878 1.94391801 0.29990199 -1.47763705 1.82977104
0.30033581 1.74968192 0.66614855 0.27067199 1.51076806 0.72613502
-1.53618509 -0.30373101 -0.23079016 -1.45174301 -0.07669800 -0.15362200
-0.55322184 0.43049348 -0.38288787 -0.61339402 0.23322600 -0.39627901
-1.45545900 -1.33092628 1.41549714 -1.54145396 -1.19392300 1.36830199
0.15470105 0.39486431 0.45065269 0.39494601 0.44101101 0.16883600
-1.10553890 -0.94191493 1.64147200 -0.95680302 -0.71971500 1.73993099
0.42086257 1.83414299 2.11382551 0.23359300 1.59199798 1.93216705
-0.13682935 -0.58522120 -1.06044982 -0.19188599 -0.65657699 -1.21612704
0.17993115 0.69315216 -0.86734749 0.11587600 0.78207302 -0.85476601
0.02865301 -0.42584056 0.63660687 0.01254500 -0.55912799 0.59590900
0.06577014 0.64718022 -0.65942357 0.06405200 0.65361100 -0.46204701
0.10903551 0.01240819 -2.05409572 0.07731200 -0.03130800 -1.86381102
0.69194875 -0.48243835 -0.81892750 0.64268702 -0.34398901 -1.24389005
0.31629410 -0.64779784 -0.51957692 0.28926101 -0.49789199 -0.27083701
-0.05351524 -1.02712075 0.69636412 -0.04135000 -0.87183100 0.86875498
0.31306872 0.18739010 -0.10836869 0.04199100 0.09162900 -0.11803900
2.72446259 0.26402191 -0.04713122 2.08181691 0.40781799 0.05186300
0.59596211 -1.30249740 1.36545064 0.62205499 -0.95239300 1.15396798
0.41918669 0.90514755 -0.38043193 0.16087700 0.88048398 -0.46417901
-0.38909653 -0.53127955 -0.82797770 -0.24260700 -0.30685401 -0.61318398
1.73536567 0.19971828 0.69979423 1.81865597 0.31623799 0.66953897
-1.19525322 0.22062380 0.37516899 -0.98610097 0.13545600 0.15814500
-1.11880369 -0.52108525 -0.19522624 -0.97954100 -0.56773299 0.01534900
-0.54300066 0.95258589 -1.07276188 -0.57226002 0.51956999 -1.24516702
0.09332626 0.52706026 -0.67184707 0.04287600 0.62389302 -0.71653199
0.59570716 -0.59293292 0.34665381 0.65929598 -0.84514201 0.58458400
-1.23732409 -0.36059549 1.50464629 -1.34035003 -0.07905300 1.71888995
0.23122178 0.00360570 -1.77489383 0.41409701 0.15591800 -1.96478796
-0.82392689 0.00364512 -0.47731112 -0.90214503 0.10350900 -0.41387299
0.96003607 0.06760447 -0.05057709 0.79027802 0.15916599 0.17069399
-0.75342689 -1.16639568 0.51159564 -0.44395101 -0.86510801 0.46885201
1.04814409 -0.97854072 -0.59265623 0.59194499 -1.07050395 -0.53442699
-0.92947308 -0.53463697 0.58733273 -0.93340403 -0.60268903 0.56402701
0.41740876 -1.11740480 -1.95750868 0.33645800 -1.13374496 -1.79344702
-0.00216058 1.93461767 -1.40547423 0.04499600 1.82807899 -0.90530199
-1.41469787 0.71705436 -0.18752484 -1.42835999 0.58547699 -0.30579200
1.00748682 0.42190095 -0.09245231 1.15090501 0.35339200 -0.32723600
-1.19823282 -0.58953045 0.38003099 -1.32663703 -0.82903302 0.32250199
1.54992496 0.22566548 0.65217651 1.72288501 0.31071201 1.07103300
-1.05905513 0.97727185 -0.33643109 -1.06830895 0.40719101 -0.62055099
0.81808212 0.53260694 0.13157765 0.62827098 0.65244401 0.25860399
1.68269968 -0.24117649 0.30985806 1.14789295 -0.11348100 0.23510200
-2.99158647 -0.83273783 0.03075394 -2.42801189 -0.74731803 -0.07529200
-0.63176972 -1.83549012 0.62105428 -0.38924000 -1.30257595 0.38884401
-0.60853445 -1.88258919 -0.64680974 -0.84757799 -1.67027295 -0.61422402
0.50406378 -0.86971847 0.54318007 0.56808901 -0.65477997 0.22488800
-0.86013943 -0.26642417 0.67619945 -0.89010203 -0.16525599 0.67854500
-0.49175434 -1.45768704 0.04714663 -0.23906900 -1.18741095 0.07279100
0.14557077 -0.45002963 0.76342637 0.12121500 0.02785600 0.66752702
-1.83379296 -0.21255020 -0.50372375 -1.86457098 -0.51046997 -0.31206200
0.31626127 -0.92394336 -0.16980912 0.37591100 -0.44949600 -0.17443000
0.46729310 -0.28740551 0.46404010 0.71816099 -0.62225801 0.28863600
0.80896653 0.69485406 -0.01494161 0.67505598 0.64163899 -0.16790900
0.19548940 0.12803423 -0.71253969 0.26508299 -0.38854200 -0.71031302
0.02582424 0.64431781 -0.59305163 0.33104101 0.55228001 -0.89372897
1.09967145 0.04391127 0.28904531 0.95747298 -0.13298900 0.19985899
-0.22426688 0.87090622 -0.08836155 -0.09151800 0.74119699 -0.10691500
-0.23235365 -0.55018571 -1.15747174 -0.25153100 -0.60397500 -1.01496398
-1.56823902 -0.69259455 -0.21979679 -1.63249600 -0.56861001 0.03486900
1.68634834 -0.12315026 1.24640542 1.53160298 -0.14209600 0.89627397
1.07039466 0.91595274 -0.85730522 1.11333597 0.94907802 -0.59774500
0.04145940 0.34940443 0.29872729 -0.07675300 0.01882700 0.19554800
-0.07640325 -0.17279947 -0.29143040 -0.05151600 -0.17205900 -0.22481300
-0.73596611 0.26154490 0.49241068 -0.54422998 0.05702100 0.45567101
0.04690851 0.69018347 -0.19275810 0.21605600 0.47427601 -0.02517500
-0.44696385 0.23060213 -0.14034281 -0.62082303 0.27305999 -0.26463699
0.17495492 0.40595319 0.32504042 0.04854300 0.07695800 0.41130501
0.24358622 -0.51365483 0.46903913 0.17867801 -0.32061201 0.22656000
0.39874224 0.20905918 0.13000317 0.26991901 0.25239801 0.25881100
-0.16277983 -0.36502298 0.75634117 -0.03580600 -0.53029197 0.62786502
-1.34770285 0.37960676 -0.67196952 -1.23301804 0.21466100 -0.60651201
1.06930093 0.19407164 0.23702056 1.07314897 0.17101599 0.28046501
-0.64154931 -0.58157777 0.07073385 -0.67444301 -0.72337300 -0.08755000
0.06847186 0.06982243 1.13830773 0.08682200 0.16967200 1.16998506
-0.28814438 0.11081666 -0.56262376 0.01833900 0.07994100 -0.16955601
-0.90642129 1.12862736 0.71194326 -1.03926504 1.23945796 0.63634902
-0.32436791 -1.65027558 -0.57484895 -0.17297800 -1.54012799 -0.31433901
0.07365395 -0.08549718 -0.97151331 0.18242000 -0.14997999 -0.64812100
0.71778389 -0.57571558 -0.51953314 0.43589801 -0.48622599 -0.33171299
0.15181866 0.35548281 1.49487812 0.02309600 0.22173899 1.01906800
0.20088649 0.33089689 0.19201051 0.42298901 0.41727600 0.04387700
0.46259669 -0.58643669 0.80617803 0.18653201 -0.49345899 0.74752402
2.43605149 -1.03772270 0.16987021 2.29694104 -0.89311397 0.07631800
-0.26468363 0.71467529 -0.46305392 -0.25397700 0.57413101 -0.35672700
-0.28956926 -0.07664651 0.33967700 -0.30485299 -0.20277900 0.31960800
-0.03618123 -0.60413608 0.94404072 0.03829700 -0.25402600 0.90456003
-0.15272223 0.02149748 0.77140697 -0.18018100 -0.15811600 0.66665399
-0.68691753 -0.08215468 0.67020991 -0.21665999 0.10531700 0.48127401
0.69115270 0.26208441 -0.02594285 0.49853501 0.00950700 0.13153601
0.14538842 0.44325839 -0.91163636 0.14016500 0.47887301 -0.76749301
-0.24551160 0.06821972 -0.17500873 -0.30551401 0.08917200 -0.30001101
0.19512889 0.28429891 -0.95057513 0.43820900 0.31079501 -0.90367198
-0.83490608 -0.55479253 0.32390275 -0.62519300 -0.58575302 0.13736901
0.22882293 0.54467002 0.48651334 0.42914799 0.46026400 0.87099802
0.01391436 -0.35049757 -0.02456458 -0.11135100 -0.22516900 0.19522700
-0.15833127 -0.03644957 0.18014355 0.02934000 -0.25432500 -0.21943501
-0.17128248 0.06127301 1.01970025 -0.17720000 0.07896600 0.64718199
0.61943340 1.11206187 0.33700413 0.45634899 1.12743604 0.36488101
-0.08967502 -0.22546396 0.17326410 -0.19283301 -0.23017600 0.32636300
0.01865450 -0.04363536 0.34626541 0.10012500 -0.05837200 0.18648399
-0.17837733 -0.17623745 -0.14003368 -0.05792600 0.00125700 -0.09430600
0.86546473 -0.19515463 -0.38361279 0.90376401 -0.25294399 -0.27282399
-0.52472248 0.10436895 0.45265789 -0.81574500 0.15342800 0.48083001
0.45750299 0.61386196 -0.20458738 0.41049701 0.54373598 -0.18433499
-0.42571985 -0.30811769 0.20925864 -0.39721701 -0.22735800 0.20930099
-0.03323456 -0.16583419 -1.12832743 -0.26230201 -0.01578300 -0.85972500
1.38893331 0.62990412 -0.80139678 1.17647600 0.64681101 -0.54625100
-0.07868511 -0.28949011 -0.49097545 -0.08612200 -0.21621700 -0.36490899
-0.06703591 0.75545898 -0.17661252 -0.11265300 0.59467602 -0.46164000
0.06711607 0.63783542 1.04511073 0.12111600 1.02606499 1.16223800
-0.89014341 2.64903146 -1.76369925 -0.90753400 2.45193195 -1.96876001
0.90162954 1.02803604 -0.28866836 0.91816700 0.71136200 -0.25408500
-0.37955191 0.79363403 0.35908733 -0.20328900 0.86868900 0.22423901
-0.49989912 -0.05982092 1.67113018 -0.37319800 -0.09928000 1.86408305
0.06707601 0.84695190 0.20586303 0.05405000 0.53077501 0.36346000
0.07901635 0.82965007 0.69292204 0.13952400 0.82190001 0.41679099
0.46301833 -0.18318123 1.45724745 0.27432099 -0.23533000 0.88234699
0.59488059 1.32720218 -1.65070556 0.44381699 0.93498701 -1.08814704
-0.26188241 0.11214838 0.03937108 -0.11508500 0.28937900 0.22263201
0.40015402 -0.50667138 0.25283167 0.32316199 -0.76113600 0.03844200
-0.11027822 -0.16086898 0.04505027 0.21577699 0.01295800 -0.10045900
1.36701977 -0.16793098 -0.32159579 1.44540596 -0.23361801 -0.50952703
-0.59942785 -0.25494162 -0.27374303 -0.63712901 -0.00966100 -0.40953699
-0.58537504 -0.43180219 -0.10855055 -0.21664600 -0.60779500 -0.26350299
-1.63341944 0.70091845 0.89694980 -1.50995398 0.43522900 1.02205396
-0.51558637 0.32326630 0.08778747 -0.40912101 0.45348901 0.22649100
0.29572826 0.25918770 0.39827079 0.07281400 -0.09824600 0.56241697
-0.03207401 0.06742686 -0.12075375 -0.06282100 0.03633500 0.04514800
0.24989801 -0.71061764 -0.57673785 0.03648900 -0.76469302 -0.54282600
-0.74491556 0.10378269 -0.17528901 -0.64660299 0.38987899 -0.03072900
-0.18496093 -0.82042424 -0.06849249 -0.30919799 -0.97065800 0.04972200
-0.21074680 1.69083835 -0.74761861 -0.32995999 1.99778903 -0.73704398
-0.17130036 -0.15686230 0.62311649 -0.20031901 -0.12889500 0.49737799
-0.20050445 0.65109500 -0.19812620 -0.27528101 0.82591897 -0.02625200
0.09684201 -0.44152927 -0.99313778 0.10786300 -0.47073701 -0.86610901
-0.63122635 -0.28438203 -0.27761652 -0.48177499 -0.18645801 -0.21533100
0.08117586 -0.63702029 0.21026316 -0.01598300 -0.51365501 0.01935000
0.06019682 0.53475086 0.57692268 0.04522100 0.54093999 0.48692301
0.16363194 -0.38116868 -0.07347237 0.09478100 -0.36961299 -0.12129000
-0.13865478 0.02651628 -0.42993007 -0.04793700 0.02786600 -0.60317701
0.29563788 1.53688507 -0.18856518 0.01921000 1.42999005 -0.72287202
-0.23237104 0.20612869 -0.60247874 -0.27457801 0.29925600 -0.21150500
0.02532170 -0.46031983 3.23915363 0.06715800 -0.45623600 2.93221092
1.43543376 0.61488354 -0.38698227 1.01380801 0.41988799 -0.38264999
1.11205476 -0.04032137 -0.17726643 0.96455902 0.36616600 -0.02242600
-1.27738839 -0.87279349 1.34754127 -0.74569499 -0.43136600 1.00716603
1.41271676 1.51515591 -0.14457451 0.96996200 1.47450495 -0.17079000
-0.37604051 0.27840754 -0.15923711 -0.45897600 0.18791600 -0.02772200
0.62491183 -1.46463870 0.28550390 0.62557101 -1.16425300 0.21148700
-2.04304847 0.16456338 -0.37137652 -1.93596995 0.25258201 -0.48413801
-0.55566950 1.94999134 0.11981055 -0.34440300 1.86620295 0.61862803
-2.22931671 2.36909022 0.08254997 -2.21501708 1.85674500 -0.32340899
-0.29716065 0.89270951 -0.20864754 -0.29401299 0.90521997 -0.31888300
0.34877347 -0.00832085 1.41409867 0.51510000 -0.31611800 1.59505296
-0.80728036 -0.62837009 1.00631289 -0.83260602 -0.29670501 1.22154403
-0.03490128 1.85359818 0.04803083 0.22388899 1.80526102 -0.15637000
-0.75149013 0.93385101 -0.86059343 -0.55687797 0.91187799 -0.91916603
0.46954847 -0.59867856 -0.57091856 0.57537401 -0.64688998 -0.26900399
-1.08876383 -1.05011666 0.84414377 -0.66415298 -0.93912899 0.45624501
1.14992351 -0.89921722 0.05580290 0.72051197 -1.19032097 -0.06430200
-0.78708173 1.75560795 1.94963387 -0.76762199 1.42164302 1.67450202
0.93824758 -0.38080579 -1.17462629 0.83298802 -0.48685601 -0.91239703
-1.03731690 -0.31873971 -0.05021122 -0.86462098 -0.12532100 0.02819300
-1.73970288 0.42029042 0.00287012 -1.62108696 0.48867401 -0.21083900
0.70818049 -1.32513417 0.56322819 0.87340403 -1.19151103 0.13199000
-0.94390169 -1.18879763 0.23316436 -1.13584805 -1.26932204 0.11781100
0.69638166 1.62781470 -1.09407010 0.63974798 1.57611203 -0.60886800
-1.23605437 0.09457857 -2.48570234 -1.27807295 -0.45911601 -2.43337202
0.61949579 1.00905810 -0.17899960 0.58677399 1.10050201 -0.29031301
1.06675620 0.44427639 -0.13526718 0.82200003 0.35900101 0.20617700
-3.36676572 0.14535204 0.05848944 -2.61617994 -0.11768400 0.35430700
-1.33082537 -1.14830358 0.06814981 -0.86089897 -0.84069699 -0.20945400
0.13775042 -1.37483076 0.20974324 0.18114300 -1.29077005 0.00983400
0.40185212 -1.50301471 0.24727378 0.44409600 -1.29491198 -0.09103500
0.81568581 -0.53177027 0.71469735 0.72951603 -0.33222401 0.65764999
-1.26530527 -1.02257656 -0.09258976 -1.00260901 -0.75458300 -0.01073300
-0.01682329 -0.01615491 0.22015332 -0.03433600 0.50574702 0.32158899
-1.27151579 -0.32568377 -0.81618562 -1.53770494 -0.51561397 -0.78943801
0.79483314 -1.08603088 0.66745833 0.80872899 -0.68146503 0.49939001
-0.06112231 0.86352961 0.38509026 0.07688000 0.68306601 0.27462500
1.26605547 1.10513540 0.55876580 1.00660205 0.74649602 0.73117203
-0.11146154 0.41098204 -0.27758608 -0.07295500 0.07304200 -0.35520601
0.39164426 1.00191286 -0.67825034 0.66333097 0.77456999 -0.90294802
0.07935124 -0.10151324 0.68650607 0.04670300 -0.38477200 0.40935999
-0.49237998 -0.25444107 0.32111044 -0.23636000 -0.25567099 0.37165001
-0.59805159 1.12168780 0.03496157 -0.61562198 1.04907405 0.10532200
-0.93825282 0.20363149 -0.32800816 -1.11237705 0.36902100 0.14762500
2.32167040 0.88708724 -0.28821347 2.04385304 0.65433502 -0.40914199
-0.20718849 -0.49572545 -1.39004641 -0.15731500 -0.54994202 -1.21008503
0.85980321 0.55282397 -0.46470264 0.71814603 0.05270100 -0.64504898
0.29307219 0.48301989 -1.01804332 0.39179701 0.67778701 -1.18991196
0.24663730 -0.51332441 -0.53041248 0.43362600 -0.67522597 -0.41489300
-0.00401013 -0.17662912 0.54321535 0.11772600 -0.35357401 0.65610701
0.53844648 -0.56551757 -0.31164539 0.34507999 -0.24099199 -0.21013300
-0.19644595 0.45871411 0.16962262 -0.18555400 0.07000300 0.32919300
0.15387881 0.74876513 -1.02631761 -0.03639000 0.82504499 -1.06407797
0.00021147 -1.88901870 -1.18738550 -0.03627000 -2.09273005 -1.22132599
-1.19163719 -0.78065544 0.44631498 -1.08706498 -0.96501499 0.41069400
-0.24362727 -0.04885990 0.03529516 -0.14572300 0.07841600 -0.16172200
0.23691893 -0.25306739 0.43163818 0.27077100 -0.09104900 0.28163901
-0.17359929 0.36416834 -0.21525783 -0.24712600 0.00791900 -0.20606101
0.44812329 -0.31087795 1.24683307 0.40221199 -0.13777800 1.17531705
-0.16213053 -0.83786302 -2.62229746 -0.04715700 -0.95009398 -2.31746697
0.36229667 0.70544963 -0.05101707 0.16388600 0.90734100 -0.09448000
-0.57693958 -0.74897325 0.20642453 -0.32118800 -0.56141400 0.44384700
-0.03817209 -0.18816505 0.84571571 0.01119600 -0.22457901 0.63862598
0.44223852 -2.25265071 0.84520184 0.24563800 -2.11398196 0.57580698
0.28613832 -3.01777615 -0.88605845 0.18840200 -2.90724707 -0.64772201
-0.28544095 -0.57080315 -0.35732215 0.05733900 -0.47913000 -0.49414599
0.20042353 -1.15877357 -0.54025859 0.06715500 -1.11202395 -0.67752397
0.90420830 -1.07731520 0.82219462 0.79423898 -0.98776197 0.88485599
-0.05864077 0.24566218 -0.89196111 -0.12343600 0.09563800 -0.67730200
1.03135436 -0.66608623 0.77288531 1.08842003 -0.84125298 0.67671800
0.12455090 -1.07319111 0.62646672 0.19233400 -0.72358102 0.70201898
-0.67221057 -1.05322681 1.71522386 -0.68160599 -1.01939595 1.40694904
-0.58565145 -0.65190252 1.37674552 -0.10706500 -0.35195699 1.12152600
0.42030408 0.53736821 -0.08427362 0.10633400 0.46398699 0.34268901
0.15367079 -0.06491714 -0.73885478 -0.01555500 0.03443800 -0.54100400
0.11455854 0.49575692 -0.02696946 0.00077400 0.53852999 -0.25255600
0.06061015 0.74374960 -0.91100950 -0.01150500 0.95106000 -1.06768405
-0.29681618 0.18125932 -0.16519508 -0.18843900 0.01315900 -0.15138200
0.26277328 1.41222266 -1.44361002 0.26609799 1.53384399 -1.18867803
-0.40261815 -0.74470488 -0.23771020 -0.37349099 -0.67624301 0.10228100
-1.16573967 -0.09848685 -0.49079939 -0.98852998 -0.29579899 -0.80216902
-0.22092405 -2.12246107 -0.28943217 -0.24688600 -1.98848999 -0.52777600
0.58980817 0.87846109 0.01660276 0.42196101 0.96218699 0.24720199
0.09580105 0.36376039 -2.84977850 -0.03593500 0.40192699 -1.84621000
-0.11155113 0.19272919 -0.03708785 0.00560500 0.21319400 -0.03192000
-0.47779700 -0.79251783 -0.10585861 -0.35289499 -0.52790397 -0.13131499
0.53483370 0.08667595 -0.39184916 0.50492001 0.04639700 -0.14419800
0.37597520 -0.64778671 1.26216250 0.07377400 -0.50563902 1.27531695
1.40084724 0.30266483 0.26399010 1.40208304 0.23564801 0.37102401
0.25060621 -1.38128226 0.80076101 0.30414101 -1.44869304 0.99597698
-0.11695500 0.44613789 -0.40982789 -0.49131700 0.64153600 -0.17014700
1.82743771 -0.21809194 -0.09403495 1.65831399 0.02308900 0.16009299
0.04169955 -0.79901724 0.21076006 0.07376200 -0.66611600 0.26880300
0.19235084 1.18305710 -0.06984468 0.05542400 1.01187003 -0.36921901
-0.35742412 0.78895318 0.84578908 -0.48691499 1.01563501 0.84146202
0.63843655 -0.62584662 0.63929321 0.50345600 -0.75517702 0.42865300
0.51107847 1.05735248 -0.45238293 0.39288199 0.84859103 -0.51797098
-0.40113641 0.65249393 0.53974282 -0.16340600 0.78067899 0.26113299
0.57967103 0.09341526 0.59534576 0.42353299 -0.08679600 0.90787703
0.10549019 0.39074372 0.36661144 0.00795200 0.15267999 0.54556203
-0.02776931 0.40331495 0.45750456 -0.03558300 0.31636399 0.11497400
0.39618339 0.61858311 -0.86605959 0.21643400 0.53782099 -0.51463801
0.56485955 3.08788920 -1.07821581 0.47290400 2.58147597 -0.43397799
-0.14084541 0.29980752 -0.93996529 -0.04697400 0.34083799 -0.36020899
0.48111935 -0.35412187 0.71599984 0.29066500 -0.52393502 0.35812601
0.78033597 0.73022276 0.23709024 1.01894403 0.85364997 0.18833300
0.59626528 0.87104246 1.74016628 0.42249301 0.86400199 1.80810106
-0.87001284 -0.19370114 -0.04063361 -0.85459602 -0.01380200 -0.05069900
-0.39955329 -0.15495124 0.11260103 0.25459301 -0.30977100 0.02419100
-1.03199669 0.67093117 0.25516329 -0.79954100 0.58722597 0.33367899
-0.55177594 0.39906689 0.62569156 -0.52171499 0.54195899 0.78097898
-0.55779042 -0.13192056 0.21783046 -0.78825200 -0.40533200 0.34816200
-0.08545870 1.07914878 -1.20546957 -0.14719300 1.13200998 -1.22267795
0.15274195 -0.98258998 -0.34327463 -0.09420900 -0.98634601 -0.44663700
1.13517072 0.13035634 -0.57553526 1.10231698 0.14121300 -0.57803297
0.60229723 -0.20724394 -0.44499927 0.53584403 -0.18341599 -0.35121700
0.95324662 -0.45714678 0.05419961 0.98656201 -0.32218999 0.25011000
-0.34997295 -0.03187213 -0.33235499 -0.53999501 -0.01919100 -0.40048599
0.20746436 0.93829056 -1.36456191 0.30546001 1.23232603 -1.26308501
0.01138568 -0.72290904 -1.69141552 0.03134000 -0.89575797 -1.60904205
-0.08342658 0.76312095 0.94507406 -0.19516601 0.77379000 0.98720801
0.19474666 -0.81614555 1.27014456 0.04015600 -0.69442201 0.80982703
0.12766102 -0.05370320 -0.41391995 0.09209000 0.04705500 -0.38393399
0.12968713 -0.26507134 0.96137951 0.08636400 -0.04605900 0.47367099
-0.79439647 0.03407718 2.27607507 -0.36971301 0.02489400 1.28780997
0.19726029 -0.18725540 -1.07994042 -0.17109101 -0.29446301 -1.73944795
-0.24695302 -0.68926206 -1.05375551 -0.17417000 -0.51414001 -0.59902799
0.23085309 0.47093381 1.81678059 0.64809197 0.50686300 1.61622405
1.80928448 0.78013607 -0.12763451 1.26579404 0.55508900 -0.10114400
-0.82526942 0.35352303 0.27183929 -0.78402400 0.42808199 -0.05612200
-1.69060242 -1.72899054 0.95125482 -1.41891801 -1.01661003 0.48875901
1.74158458 -0.34386300 -0.94706920 1.29191804 -0.37522399 -0.62067801
-0.51786631 -0.36671955 0.84707820 -0.48506799 -0.04737100 0.52376002
-0.24924281 -2.34204657 -0.20215553 -0.28751299 -1.92275405 -0.24211900
-0.85303964 -1.51150039 1.20220599 -0.80900103 -1.53512704 1.37319803
-0.74034433 -0.98980576 -0.80236607 -0.48813501 -0.96715403 -0.38884899
-1.19557251 1.10970191 1.30033083 -1.07450902 0.71041900 0.79794902
0.06765037 -0.05455236 1.35849700 0.05121200 0.11166900 1.18065596
-0.12068162 0.78621374 0.51975129 -0.20328400 0.46114901 0.48962301
0.81405613 -2.28359705 -0.67657204 0.93247598 -1.73501897 -0.31513900
0.07827009 0.36397983 -0.57723768 0.41894501 0.36176601 -0.99457902
-0.89659566 0.87682794 0.93971652 -0.35635400 0.87698400 0.66573101
0.65365988 -0.12444510 -0.69892580 0.25726399 0.00013900 -0.34878200
-1.41950190 -1.92561399 2.15221773 -0.80750799 -1.71247303 1.70523298
0.89963957 -0.11340130 -0.32455878 0.78433597 -0.09874900 -0.04390300
-1.49836855 0.48437503 1.00872109 -1.33372903 0.19889800 0.68090200
-0.92026276 1.60311394 0.02627818 -0.93366599 1.26921594 0.09001300
-0.08874245 -0.28996964 -0.22720731 0.06524600 -0.27354899 -0.22148199
-0.68832062 0.24454099 0.09629280 -0.58836699 0.17018799 -0.16382299
-0.60590695 -1.07494345 0.33170792 -0.61533999 -0.92364299 -0.17222001
0.68602948 3.20402514 -1.24621121 0.36348099 2.49572611 -0.79416502
-0.34021378 0.57237511 -0.91027786 -0.52826399 0.67961699 -0.48600501
0.22491295 0.99321668 -1.49095009 0.31740600 0.37584499 -1.24799395
-0.34270918 0.08121580 0.48356187 -0.27193901 0.13984500 0.59771198
0.48724684 0.03429385 -0.04829662 0.36071101 0.17073900 -0.04812600
-1.12623514 0.65623383 0.09164117 -0.78789300 0.31475601 0.21630900
-1.00784805 -0.18149811 -0.11454208 -0.64768702 -0.13931300 -0.39355999
0.33243807 0.48319684 0.90045941 0.43058601 0.58054203 0.63968599
1.35442564 -0.44946768 2.10292026 1.50349700 -0.11832900 1.98184395
0.94488519 0.00798772 0.24929690 0.68949097 0.14949401 0.20485300
-0.47806531 -1.08594975 0.52094116 -0.37876201 -0.91307002 0.45650801
0.23950921 -1.65895809 -0.13771743 0.15905400 -1.14834595 -0.14201500
-1.03155650 0.17099568 -0.63234242 -1.12792397 0.01842300 -0.55624098
-0.32008494 -0.80283743 0.79841808 -0.16914700 -0.48626700 0.59305900
-0.98989543 0.96825173 0.46514090 -1.01407194 0.64756900 0.37779000
-0.53495426 0.34824680 0.91455047 -0.42325401 0.17226200 0.74945998
0.67180029 1.37797396 -0.65251477 0.39360899 0.99910903 -0.28437799
1.16864032 0.25399218 -0.14005477 0.85928202 -0.04146700 0.04846900
-1.17356254 0.31492824 0.50468634 -0.97969198 0.15084100 0.05622000
1.21915477 -1.74811929 0.62843553 1.53365505 -1.80915499 0.72918600
-0.11786380 0.75044625 0.08720612 -0.14041500 0.72871101 0.20274800
-0.85001150 0.40313705 -1.55071975 -0.94683897 0.44361600 -1.06763399
1.32017906 0.43270115 -0.27162608 0.94841200 0.22777100 -0.39400199
-1.03740491 -0.59101788 -0.01039674 -0.98657203 -0.69327599 0.05145100
-0.15075205 0.36454321 -0.08602473 -0.12173000 0.02635400 -0.03378200
-0.29660293 -0.11929149 0.01308614 -0.41325000 -0.09635300 0.09390500
-0.52289306 0.25365237 -0.44102370 -0.32802001 -0.01090100 -0.25581601
0.36930597 -0.27106855 0.50326510 0.45887700 -0.37894401 0.57136202
0.90229231 -1.14030422 -0.02461483 0.60744601 -0.77302402 0.04115600
-0.52347698 0.59159324 -0.24515261 -0.26839399 0.21960901 -0.28007400
0.63659772 0.34652581 -0.65507086 0.27630201 0.57034701 -0.79631299
-0.75394850 0.14619592 0.62995018 -0.49342200 0.20096099 0.67213500
-0.16969241 0.52723100 0.72569859 -0.23533700 0.28278899 0.56573600
1.11406058 -0.04347380 0.25489697 1.06139803 -0.27633500 0.25813600
-0.67416291 -0.32464492 -0.06315492 -0.76209199 -0.23140800 -0.09189200
0.74610910 0.80791610 -0.30599488 0.88130498 0.42337200 -0.23596300
0.36060905 0.37592505 -1.52775129 0.35762700 0.49162599 -1.58945000
-0.02885477 0.17196203 0.62621585 0.18694900 0.09960700 0.70848602
1.66282166 -1.13179804 -0.95821444 1.54620397 -0.87119901 -1.05199695
-0.43369806 1.20326751 -0.23165279 -0.20131800 1.02690899 0.13602300
0.14972765 0.36014446 1.76625297 0.11997200 0.35714099 1.24164104
0.45917893 2.06091505 0.85852538 0.27947900 1.94268501 0.66722500
0.20506092 0.59360719 -1.44205584 0.04400200 0.59309000 -0.51459301
-1.12670382 -1.09255344 -0.42618435 -0.63606900 -0.92603999 -0.46362799
0.98185487 -0.48055260 -0.46688480 0.91738898 -0.49471501 -0.65679401
-2.89117889 1.61879764 -0.11574712 -2.99137592 1.67589295 -0.12163800
0.77485939 0.31866739 -0.33265573 0.76615298 0.21165100 -0.22223000
-0.00043865 1.32873294 -0.76495135 -0.01084600 1.13872302 -0.87905997
-0.64845660 -0.69779471 -0.26073646 -0.42438200 -0.52800500 -0.30678701
0.07843933 1.04265656 -0.44273695 0.08606500 1.04931605 -0.58767402
-0.62330681 -0.03038388 -0.09979820 -0.49505201 0.14031599 -0.35681701
-0.12785686 0.26355803 0.18859279 -0.54013598 -0.16229700 0.37024200
0.29928501 -0.79913169 0.05991443 -0.10695700 -0.55443102 0.17081100
0.35263238 -0.15881342 0.25915885 0.15526401 -0.10164500 0.12705600
-0.36373686 -1.00476952 0.53184300 -0.37700200 -1.07044101 0.55048501
0.37573008 0.57932238 -0.23124543 0.52374101 0.49241999 -0.42156401
-0.72972874 0.34501795 -0.72899112 -0.62489700 0.43604001 -0.76339900
0.07087270 -0.32436731 -0.03067048 -0.02668600 -0.18984300 0.16037001
0.36139294 0.19666683 0.56294394 0.22695801 0.15885700 0.27519000
0.16612823 1.12153227 -0.14509142 0.13450500 1.19298899 -0.39093700
0.37779421 -1.75522443 -0.86674262 0.24141000 -1.43387902 -0.19236700
0.36802298 0.09357288 -2.19478294 0.16806500 0.20387700 -1.50617504
-0.18610003 0.37206451 -0.60592237 -0.02281800 0.45275301 -0.46888301
0.17065433 -0.22021334 0.22334590 0.32579499 -0.08369600 0.03175200
-1.10341957 0.36031884 0.70435795 -0.82173300 0.31021899 0.66320598
1.86619398 0.09746975 -0.35044528 1.55320799 0.20889799 -0.25079101
0.20555155 0.47918126 -0.44651550 0.25638700 0.43263000 -0.24098100
-0.11082692 0.45691750 -0.63721655 -0.20615900 0.53848201 -0.57713199
1.48553003 0.31657613 0.88083907 1.20750594 0.53464103 1.15661800
-1.54959652 -1.35430957 -0.76830521 -1.84654903 -1.23196101 -0.63725400
0.27907520 -0.29516285 0.10196081 0.37274101 -0.17034701 0.05693100
0.13335305 0.46048338 0.03102666 0.06852200 0.35146800 -0.10537500
-1.03167728 -2.19824940 -1.18376899 -0.82987100 -1.78257298 -1.10471702
0.40360070 -1.38757185 1.42313916 0.46803400 -1.58390105 1.39160597
-0.23443210 -0.33440861 0.33019477 -0.31844500 -0.32264900 0.29816899
-0.05727006 0.18998557 0.55731366 -0.05254500 0.22519401 0.20342501
1.14815049 0.77161908 -2.27454967 0.95903200 0.49736500 -1.95508003
-0.05094877 -0.70894007 -0.73018192 -0.18462300 -0.67000699 -0.33316699
-0.16862459 -1.05092597 -0.82527796 -0.32556799 -0.81782401 -1.01862502
0.14391377 -0.53232917 -2.08550179 0.02243800 -0.49879700 -1.44576705
0.11887569 -0.97358810 0.49318981 0.16222499 -1.08972204 0.55882800
-0.12930101 -0.44074526 -0.87540257 -0.05598000 -0.33925200 -0.37254199
0.27165149 0.87682270 0.70297317 0.11768300 0.91501802 0.42521799
-0.91768667 -0.11616493 0.53276982 -0.67498702 -0.18230300 0.36465901
-1.16553329 -0.32988844 0.64138812 -1.25296795 -0.32498699 0.73783100
0.41731176 -0.56396012 -0.26546057 0.17553701 -0.51475900 -0.02841900
-0.36228736 0.64636035 0.37149053 0.20969000 0.52242899 0.44700599
1.07193972 -0.12315570 -1.24652977 1.24776995 -0.26799500 -1.02908099
0.37957559 -0.73740518 0.29861244 0.24517700 -0.55963999 0.31866899
0.58352313 1.01067486 -0.59315695 0.26525500 0.87218702 -0.69255197
0.07343019 0.83799692 -0.78129488 0.06155600 0.85219800 -0.78030598
0.05502445 1.30472179 1.48494508 0.08459400 1.21941102 1.28659499
0.41426931 0.37649054 -0.48229756 0.52163303 0.42121199 -0.41149700
1.32055690 1.24856662 -0.75420921 1.03437901 1.10078800 -0.68117499
1.20453721 -1.81615045 0.49920479 1.18986201 -1.74287796 0.69283497
0.30322337 -0.00898088 -0.26667549 0.34893000 0.00776500 -0.33292100
1.09132909 -0.71636626 0.43745375 1.25020897 -0.62646699 0.58239800
-0.40532637 0.87882978 1.16936416 -0.41811201 0.66737401 1.07421601
0.84933435 0.24293232 0.37903286 0.73895800 0.25061899 0.39956999
0.38005014 0.25839966 0.74721366 0.19639800 0.30355000 0.32414800
0.02639967 -0.70671885 -0.82598475 -0.01792300 -0.66643602 -0.71264303
-0.02794698 0.62596341 1.06793940 0.04201100 0.82649302 0.73101598
-0.87716879 -0.11772169 2.38166932 -0.42001399 -0.04200600 1.43422997
-0.17904464 -0.46585309 -0.44767887 -0.39376199 -0.51248503 -1.00926602
-0.80672385 -0.98370854 -0.70307754 -0.58355802 -0.68074697 -0.29868999
-0.24111813 0.66152246 -0.91863749 0.21873300 0.62314099 -0.49106899
1.20704973 0.47475931 0.28460776 0.85137099 0.32531801 0.36793399
-2.48922415 -0.41835876 -0.02607306 -1.95944297 -0.25459799 -0.23261400
-0.25422243 -1.56206982 0.59332664 -0.44447601 -1.09315097 0.36543399
0.91801918 -1.32575684 -1.18538889 0.72718000 -1.39905000 -0.78735000
-0.34199255 -0.59503575 0.29129027 -0.20168400 -0.44143400 0.24800600
1.28336498 -1.25655593 -0.37268554 1.28983700 -1.14000201 -0.60133201
0.06524423 -0.16934790 0.95849563 -0.23240900 -0.30111000 0.94983602
0.88406081 -1.70576378 -0.81638818 1.21930206 -1.76563203 -0.72454298
0.05850752 -1.10017988 1.29792400 0.08470200 -1.53098798 0.83217198
-0.28590215 -0.27208008 1.38343530 -0.30458400 0.20194900 1.38680899
0.77464441 0.06067608 -0.57871609 0.48935699 -0.13989100 -0.59608799
-0.72494571 -0.52711045 0.15470848 -0.60031700 -0.17545900 0.44318300
0.30924888 -1.49434829 -0.40262539 0.53059500 -1.10525095 -0.75937098
-0.24301414 0.33980631 -0.04180204 -0.15817501 0.35861599 0.18802001
0.62745832 0.14969485 -0.86762530 0.22264500 0.15220501 -0.50242800
-1.95831819 -1.05341457 1.83755118 -1.11167502 -0.77579403 1.06428301
0.38553965 0.80117140 -0.16806521 0.19841300 0.74662501 -0.14431600
-1.33698891 0.11809909 -0.20570486 -1.23865604 0.01564700 -0.29270500
-0.86723310 1.25240187 -0.27564874 -0.67330003 1.00989902 -0.16535300
0.42111967 0.75543265 -1.19839450 0.53699601 0.55224502 -1.02365994
0.27515869 0.02042022 -0.41724638 0.30331701 -0.11019900 -0.53947097
-0.42303435 0.84749154 1.05455601 -0.37219700 0.93058199 0.71933299
1.35241697 2.23643321 -0.98353797 1.14843500 1.67736304 -0.44645301
0.53273441 -1.61883311 0.82427303 0.45019600 -1.13917005 0.90979201
-0.09120288 2.09532453 0.05078205 -0.10811400 1.48465705 -0.19005699
-1.21004540 0.20205742 0.70594744 -0.88365501 -0.08325800 0.65302002
0.52600657 0.17868415 -0.35957979 0.36068100 -0.00901300 -0.40489200
0.48783663 1.42719130 -1.28698330 0.61968702 1.04406595 -1.33576405
0.13742113 0.26407993 -0.21248981 0.05209000 0.52342600 -0.18874300
0.18660480 0.56933163 0.41695745 0.18791400 0.63501698 0.34254000
0.97418151 0.11154818 1.18247672 0.96438700 0.39826399 0.99462497
0.68167086 -0.43812476 -0.65326202 0.41036499 -0.30063501 -0.55127400
0.33651689 -0.29361800 -0.40247689 0.51373202 -0.20088100 -0.57428002
0.19713736 -1.42076816 0.86440528 0.16524300 -0.94268698 0.74932700
-1.65114128 0.49500962 0.50536179 -1.52978396 0.24825400 0.81668699
-0.96154490 0.63997502 -0.50441509 -0.64972198 0.87983698 -0.33921799
-0.72688088 -0.47609367 1.15956273 -0.68710601 -0.83099300 0.88934898
-0.89235700 0.23242567 0.60490214 -0.68891001 0.21346501 0.34996700
1.95504697 1.94855448 -0.33155038 1.65941501 1.34638500 -0.01452500
-0.46268536 0.04627093 -0.24722367 -0.19856900 -0.20891801 0.02464900
0.33660135 0.13328863 0.59638250 0.11057600 0.34106201 0.18253300
-0.53370882 0.64613029 -0.07788550 -0.54848701 0.61598098 -0.11802600
0.62068248 0.07562528 -0.50173045 0.49383801 0.16527399 -0.32010400
-0.94084204 0.16782127 -1.32684985 -1.10438895 0.22200400 -1.16943204
0.15509654 -0.41430273 1.14186630 0.03123100 -0.36670300 0.68679202
1.22604758 0.04322920 0.14716204 1.10665202 0.16595601 0.24033500
-1.21978351 0.10124720 0.62319990 -1.15684497 -0.09448400 0.68863600
0.60935641 -1.20399185 0.93521522 0.23385599 -1.08804095 0.89582402
-0.63487456 0.93159553 0.10141694 -0.44712999 0.63909602 0.21761300
0.01223182 0.44302002 -0.16264146 0.18812700 0.15333100 -0.06607100
-1.18080408 0.10855795 0.08672007 -1.52470696 0.39807400 -0.02384500
-0.20943999 0.56550850 -0.09780604 0.03266500 0.35551801 -0.36399201
0.50779519 -1.55206586 1.06041059 0.03325700 -1.19544196 0.81762302
0.22951721 1.43552412 1.39696390 0.27475399 1.38684106 1.43248999
1.15326365 0.15778388 -0.50670104 0.89995402 0.11103600 -0.47523999
1.14745700 0.23294606 0.21617092 0.97451699 0.12813500 0.07178000
-1.31550076 0.33020865 -0.73462886 -1.11325097 0.28495201 -0.64276302
0.09771141 -0.28429290 1.04034901 0.38549501 -0.47645101 1.06968498
-0.26249076 -0.55308793 0.17855021 -0.31689599 -0.42256600 0.17853700
0.30278784 0.59786299 1.31291340 0.09487900 0.71077102 1.51685703
0.29591987 -0.43078902 0.50190966 0.39147401 -0.14668000 0.31343901
-0.08126361 0.35455166 -0.89938463 0.04830300 0.53820997 -0.29886699
-0.05739899 -0.14868229 0.24898919 -0.04334200 -0.17013399 0.13201500
0.47678215 0.77937063 -0.18013461 0.32499200 0.69287401 -0.11624500
0.08384799 3.49826645 -2.14691139 -0.05674300 3.01725698 -1.06148505
-0.18559810 0.00762989 -0.15546637 0.26307201 0.39374000 0.08712600
0.36713755 0.51932220 1.19922196 0.22127900 0.20682400 0.83057100
1.32001957 -0.05715952 -0.79977479 1.36515200 -0.07471700 -0.81018001
-0.24877982 0.72468424 0.10157647 -0.13437501 0.68363798 0.10695400
-0.92469663 0.61878237 0.00084042 -0.72954601 0.45667201 -0.14210500
-0.78144993 -0.13713271 -1.01944966 -0.59750098 0.02991200 -0.92947900
0.61822982 0.80330634 -0.46548521 0.56592703 0.72656900 -0.53808302
-0.00347659 0.37470380 -0.09139912 0.02136900 0.53518599 -0.37797099
-0.54128966 -0.14571322 -0.33146165 -0.66880101 -0.75665301 -0.32846701
0.37040257 -0.77935934 0.39827442 0.22474000 -0.45352399 0.65645403
0.31300168 -0.45642063 -0.01763377 0.15947500 -0.43945700 0.11580000
-0.22814666 0.11393958 0.29997906 -0.15346301 -0.05072600 0.32807699
0.46109929 -0.21750607 1.10652120 0.63688999 -0.12589400 0.75075197
-0.97293037 -1.46649571 1.04667878 -0.75280797 -1.45844102 1.02814806
0.70887134 0.63258694 -0.73465709 0.48486099 0.59086299 -0.52658999
1.07394960 0.22468036 0.70087899 1.10083199 0.41119501 0.45710400
0.41606643 1.55272111 0.62609352 0.36017001 1.35865700 0.20813701
-0.05600829 -1.02398828 -1.39282669 -0.06758900 -0.86122203 -0.75246102
0.37610895 -0.74483846 1.15771890 0.11011700 -0.64092702 0.95332199
-0.49736888 -0.63436047 -0.36590184 -0.20490800 -0.50796998 -0.35491699
0.64852616 -0.08546830 0.04338728 0.70600402 0.18535800 -0.00741400
-0.68646542 0.23844173 0.00034844 -0.45136899 0.28264999 0.04629200
-0.73977758 1.26780003 -0.64579665 -0.89046901 1.31563497 -0.66833103
-1.65797915 0.30694016 -1.14694483 -1.45680594 -0.03381300 -1.44587195
-0.28654509 1.17392711 -1.30218103 -0.37289599 1.18575799 -1.14831996
-0.01411567 -0.17954616 -0.09651794 -0.28426400 0.09114300 -0.04848200
0.02514766 -0.07292894 -0.93022746 -0.19297700 0.05051200 -0.82269001
0.18821852 0.13277356 -0.18230214 0.17137501 0.21258999 -0.30390799
-0.04265421 -0.80256489 0.25502879 -0.00906000 -0.89150202 0.05024200
0.65904138 0.18551001 0.06731926 0.59729499 0.25755700 -0.09057200
0.38185341 3.20327940 -1.35564632 0.23816900 2.65515399 -1.06906998
-1.23318873 -1.01638334 0.70684832 -1.20163095 -0.97265702 0.79337102
0.23725858 -0.39142811 -0.54380208 0.34906000 -0.41257399 -0.57897699
0.59891119 -1.30555668 0.85044173 0.71612400 -1.26107705 0.82317698
-0.14582744 -0.30610092 -0.60460336 -0.40165100 -0.30257401 -0.27374500
0.15560212 0.23536017 1.24512795 -0.20577700 0.16306500 0.92318898
0.36058206 -0.38251456 -0.56663206 0.18474500 -0.33652800 -0.46603099
-0.18679124 -2.14014552 0.30418550 -0.11398700 -2.20868802 0.44070700
-0.14439110 -0.72282815 -0.19619953 -0.00263900 -0.48871300 -0.08873400
0.04708118 0.21078418 0.14626612 -0.02551400 0.17053300 -0.03756200
-1.11030831 -0.66981884 0.02917717 -0.88327599 -0.53994900 0.06433600
0.26636888 -0.58243326 -1.23111030 0.30855200 -0.76925200 -1.54032099
0.65243293 -0.19389942 -0.32280794 0.40909699 -0.14909400 -0.33857599
-0.24154407 0.75026538 -0.01539295 -0.03917300 0.60303801 0.01522500
0.05105979 -0.48472201 -0.65427057 0.02233700 -0.51369900 -0.52576900
0.22680688 -0.71945280 0.02291227 0.12647600 -0.66048902 -0.11922500
1.13479367 0.45489164 0.16629794 0.79473901 0.30551299 0.10804100
-0.35669420 -1.18911989 1.23159828 -0.43507701 -1.18842804 1.16016901
0.30650703 -0.40601086 0.35261775 0.25157499 -0.39560500 0.34923100
-0.54506246 0.02176231 -0.25519232 -0.52718198 0.16590901 -0.09480200
0.00545171 -0.43694269 0.55676674 -0.32858101 -0.66454297 0.54748303
-0.08035240 0.89113560 -1.36336356 -0.18641900 1.16182303 -1.16078901
0.61650265 -0.45230980 0.50415980 0.98718798 -0.24554200 0.47084999
0.33630093 -0.48217192 0.08072699 0.60563099 -0.60074198 0.36654499
-0.48109059 0.36013157 0.93268958 -0.48587301 0.35076299 1.09738505
0.63225440 -1.12531111 -0.43846708 0.64406002 -0.84569699 -0.18175299
0.35746325 0.70062352 0.03122175 0.18649000 0.84525400 -0.27309501
-0.16117770 0.38196584 0.10356799 -0.14382100 0.26989800 0.07338900
-0.36224709 -0.59683853 -0.14407709 -0.28539601 -0.51567698 -0.00616900
-0.24545533 -0.44714411 -0.41571491 -0.06235300 -0.44166699 -0.67396897
-0.54936242 1.90761964 0.52946693 -0.76046997 1.81310999 -0.12258300
-2.52504824 -0.83440103 1.12450537 -2.18323493 -0.50125003 1.42264497
-0.15667959 -0.81572563 -2.19595693 0.24712700 -0.90030003 -1.54226005
0.41463855 -0.26823636 -0.10320497 0.24731600 -0.35679200 -0.12749700
-1.46894836 -0.29321928 -0.14818522 -1.01331103 -0.28913501 -0.06049300
0.96340088 -0.61835028 0.34712129 0.64874297 -0.57098299 -0.11417800
-0.28618079 -0.76544061 -0.05567714 -0.13422200 -0.89030600 0.03729600
0.63638944 -0.57886630 0.09675603 0.71296602 -0.59611398 -0.02994700
-0.17248091 0.49303331 0.54493393 -0.23117401 0.50699902 0.51908398
0.71790832 2.10425824 -0.01699082 0.28337699 1.60374701 -0.25818601
0.99818824 0.93267863 -1.08993567 1.11746395 0.95767099 -0.89653701
-0.05664710 1.72154549 -0.72036949 -0.10537700 0.79580098 -1.31485295
-1.35436006 -0.35456382 -1.11121437 -1.27103698 -0.00560500 -0.84934300
0.89927102 -0.90705136 -0.56348602 0.68571198 -1.06868804 -0.78758597
-0.89023226 1.37779219 -0.03522019 -0.77782398 1.27843106 0.09390800
0.19502054 -0.97604616 0.98813752 0.36152700 -0.91162699 0.63400900
0.40055313 0.47128144 0.29322045 0.36658800 0.73252898 -0.00330300
1.08420761 0.01041120 -0.77409428 0.50975800 0.00174500 -0.40429300
-1.06901993 0.12150464 0.35388944 -0.37575999 0.59232002 -0.21246700
-0.70341258 0.69392698 -0.49065516 -0.48028100 0.77330399 -0.03146400
0.04654915 1.11255754 -0.08958839 0.06372100 0.93165499 -0.11600500
0.32590107 -1.05706660 -0.59375989 0.45687199 -1.03077495 -0.35165101
-0.91806912 -0.22215313 -1.10931748 -0.92237002 -0.23583600 -0.86045700
0.25480509 -0.13023346 -0.22078676 0.20610601 -0.28826299 -0.19012500
0.20442768 1.13289097 0.52833564 0.23927100 1.09537399 0.38878700
0.17446433 -2.08656157 -0.15386198 -0.12875600 -2.42208600 -0.17784999
0.93437871 -1.19425462 0.91282980 0.64823103 -0.74793702 0.80070698
-0.79326003 1.73631085 -0.03704452 -1.14864004 1.38189495 -0.47746301
-0.45423882 0.36453773 -0.62555299 -0.59026599 0.34123001 -0.61538899
-0.15686181 0.10008257 -0.15817377 -0.29391700 -0.15509300 -0.24631800
1.92940072 0.61999118 -1.40050989 1.67844903 0.49793300 -1.16406202
1.47562062 0.77388672 0.42295882 1.17527103 0.87206000 0.38541400
0.94752982 -0.54304202 -0.74125209 0.95233601 -0.35235700 -0.50422502
0.15147176 -1.33445638 0.11256963 0.12623499 -1.04786301 -0.17657600
0.57382519 -0.55026179 -1.22076805 0.47240099 -0.35335699 -0.81401497
-0.81656858 0.94542868 -0.48100841 -0.75260800 0.98874801 -0.54235202
-0.36262340 0.41878562 1.00875595 -0.24024700 0.82119298 0.81920701
0.17979093 1.14228776 0.69299226 0.21119800 0.79802400 0.89049900
-0.66678568 0.03327847 -1.32626167 -0.62205201 0.41109300 -1.27084506
0.25902976 0.48686933 0.97674194 0.17275199 0.14991000 0.82868701
-0.93780229 0.15352358 0.49960391 -0.59346700 -0.04479700 0.38877299
0.83673874 1.03106577 1.43492940 0.62595600 0.74431598 1.18657506
-1.09269731 0.05016410 0.13433061 -0.92497700 -0.09547400 0.15785800
2.08428880 -0.06577208 0.03423206 1.75177598 0.23071900 0.11408900
-0.90572447 1.55219931 0.31828777 -0.94575202 1.66083896 0.10979600
1.56432674 0.54008849 -0.87575446 1.28052104 0.56215501 -0.79173499
0.20848917 -0.62914910 0.11699980 -0.03020100 -0.38262799 0.14227000
-0.86046402 -0.98698177 1.91117865 -0.88126600 -0.92979902 1.50678396
0.37130756 0.05669483 0.25993105 0.35762200 0.37969801 0.47326800
0.70483732 0.06044672 -0.66634753 0.76180601 0.06269200 -0.57677501
0.56042441 -0.43390855 0.57276514 0.05571100 -0.02133500 0.18944500
0.27967063 0.41348052 -0.11509648 0.33378801 0.27894199 0.07078600
0.02182938 0.38150298 -0.41584202 0.13660701 0.14954101 -0.36748999
0.85543081 -0.02773566 0.60265044 0.60614699 0.25492501 0.60101402
-0.04567745 -0.33834830 0.89549267 0.05815800 -0.22251201 0.64933002
0.62816692 -1.76846686 1.73808580 0.25906900 -1.35499704 1.41275799
0.51971678 -1.90612795 -1.43296074 0.47877800 -2.00214005 -1.25912404
0.90388805 0.30302419 -1.01431393 0.78895301 0.21009099 -0.78921503
-0.19402135 -0.07830735 0.62325937 -0.09567400 -0.08733500 0.40292400
-0.87359883 0.19392570 -0.41900049 -0.82448500 0.15643001 -0.35875601
-0.85229602 0.35753896 0.12903040 -0.53742802 0.27419299 0.09198300
-1.02699790 -0.72284716 1.12410637 -1.14063096 -0.60158998 1.13740098
-0.29525407 0.07374125 -0.40079503 -0.38503000 0.13521200 -0.25736499
-0.58532618 0.20138409 0.51798459 -0.86407799 0.44931599 0.78446698
-0.03798596 -1.57247348 -1.40445311 0.05670400 -1.33474505 -0.83932501
-0.62923416 -0.31462707 -1.24858743 -0.36068901 -0.21136899 -0.61079597
0.33675459 -2.36825736 -0.35993345 0.21287800 -2.14620996 0.00984900
0.32968960 -1.38811301 -0.37560693 0.18170901 -1.37256002 0.24651200
-0.33043120 0.68312298 0.26503075 0.08225200 0.85088301 0.38828900
-0.35037037 0.62566796 1.03798506 -0.55861598 0.36500400 1.06644499
1.25910100 -1.21781106 0.28465171 1.29373395 -1.07512105 0.31179199
-0.31830181 0.39454308 0.43258865 -0.15437999 0.14115401 0.24533001
0.07671764 -0.69203311 0.81311571 0.36926600 -1.03976703 0.94203597
0.83562086 0.52359636 -0.01395522 0.86202401 0.33276299 -0.18543500
-0.36524078 -1.12662502 0.66819178 -0.38893101 -1.24469900 0.62404001
0.62409740 -0.09143854 0.94808089 0.52304798 0.15617900 0.57645398
-0.12594190 1.15942151 -0.20270710 -0.15146600 0.68804699 -0.24198399
0.69738430 0.30358400 0.99879453 0.65306699 0.48381001 1.17537200
0.50992801 -0.31370653 -0.18100047 0.49810800 -0.19802800 -0.16981600
0.52708057 1.55034195 -0.30063439 0.43818000 1.56128895 -0.44301000
0.45295072 -0.25271450 0.95767177 0.34221601 -0.06376400 0.53454798
0.97464756 -0.79491561 -0.76272204 0.84557498 -0.76097798 -0.62862301
0.42860500 0.50302451 -1.27862949 0.19310400 0.50021702 -0.81229901
0.29868118 0.57548546 -0.16853759 0.42175299 0.59937501 -0.39605799
0.43075574 -1.15506027 1.26995048 0.38771901 -1.17765498 0.71381301
-0.34282880 1.61199588 -0.51376940 -0.23683099 1.54021597 -0.03202200
0.31917565 0.73714549 2.69196465 0.10246000 0.83356500 2.12455606
-0.84656298 -0.28057877 0.34775097 -0.58048397 -0.25663999 0.18561800
-0.55095278 -0.27751872 0.38727455 -0.46268800 0.08509300 0.42256600
0.03800589 0.37714023 -0.81210753 0.24226101 0.41414401 -0.54953998
0.08331107 0.53662995 -0.17151301 0.00968900 0.45767701 -0.03565600
0.06295929 -0.99008557 0.41139539 0.57007802 -1.32410598 0.27820000
0.31572443 -0.77173528 0.34168372 0.39870900 -0.92936099 0.62639099
-0.32577953 -1.04508046 -0.91771203 -0.47524601 -0.88754499 -1.00900197
2.15623265 1.02124580 0.00106460 1.97207701 0.76553601 0.20051000
-0.20789584 0.07141570 -0.02284605 -0.20418499 0.14644100 -0.20165700
-0.53068231 0.00976338 0.79180386 -0.15302700 -0.22639200 0.52495599
0.81025117 1.88634815 0.81281773 0.81497502 2.12835407 0.77450401
-0.04856890 1.14450931 -0.31705056 -0.01610000 0.87098402 -0.12739500
-0.33897745 0.62660404 -0.49942597 -0.26910499 0.65357500 -0.41924199
0.24292396 -1.03153488 -0.37091795 0.44787201 -1.23080695 -0.39258400
-1.12812029 -0.60541698 0.25920643 -1.21913004 -0.74326599 0.44436401
-0.16483852 0.32891147 0.10555019 -0.34410501 0.33808100 0.11448900
0.56815232 0.32411229 0.95411009 0.45325801 0.19740599 0.68414903
0.58435462 0.73264044 1.35409627 0.31250599 0.64459300 0.68446100
-0.41293475 2.64516557 -0.91605552 -0.38819200 2.23979306 -0.52071398
-0.11578236 0.27108547 0.43889025 -0.03820000 0.47149500 0.37006599
-0.16090236 -1.10551357 -0.32660271 -0.06253500 -1.03050005 -0.50083500
0.78736961 0.40476927 -0.44747845 0.93375200 0.47375301 -0.29718399
0.61186467 0.33822709 -0.58835879 0.66286600 0.26597300 -0.74798203
-0.52739390 0.61268530 0.15653136 -0.72256899 0.65759498 0.05361200
-0.24483283 0.02060618 -0.76679424 0.04093800 -0.25225300 -0.76923198
-1.62707793 -0.13829350 0.65510808 -1.51585495 -0.08579100 0.50463402
-0.60525538 0.24233848 0.09627644 -0.64056998 0.20160100 -0.08518200
-0.59730386 -0.93334159 0.60595473 -0.80797702 -1.11699104 0.65598702
0.00389185 -0.81651414 0.80874117 0.24135400 -0.77362198 0.88642597
-0.27936995 -1.51626735 -0.90272389 -0.27857399 -1.56879902 -0.70873302
-0.72372402 -0.73444227 -0.18493918 -0.62667501 -0.46286401 0.00607300
-0.77890666 -0.49604960 0.58338514 -0.85765201 -0.80588800 0.58783603
-1.31205297 -0.03486536 -0.71793791 -1.06221402 0.29550701 -0.53386700
0.12925525 -0.09236947 -0.01594757 0.34835500 0.05120200 0.11987300
-1.32555035 -0.09743542 -0.78955505 -1.09612894 -0.08284900 -0.52341402
0.09722908 -0.67767296 -0.93484495 -0.01831800 -0.70465797 -0.76525497
-0.91002329 -0.85336948 0.06859423 -0.77981001 -0.72873503 -0.21526800
0.26805962 -1.29987797 0.08470792 0.12609500 -1.20254695 -0.21193300
-0.31488391 1.25575084 1.20322190 -0.13801700 1.08138204 0.94112200
-0.50407099 -0.35141688 -1.25651068 -0.37740001 -0.23621000 -0.71963799
-0.01324452 0.33711322 -2.10942852 0.09982200 0.33012199 -1.89116502
