2.46811700 8.36795712 4.03733253 -0.62934810 7.99850464 -1.24529171 2.46811676 8.36795712 4.03733301 -0.62934810 7.99850512 -1.24529183
-15.90396786 -15.90416527 -15.90392590 0.00007677 0.00004835 0.00010996 -15.90396786 -15.90416527 -15.90392494 0.00007677 0.00004835 0.00010996
-11.51777935 -11.51801968 -11.51806355 2.15947938 2.15938520 -2.15938830 -11.51777935 -11.51801968 -11.51806355 2.15947938 2.15938497 -2.15938807
-7.14975691 -8.99358749 -7.14977312 -3.54145360 3.54153252 -2.78128099 -7.14975691 -8.99358749 -7.14977360 -3.54145360 3.54153252 -2.78128099
-11.51799202 -11.51812935 -11.51804352 -2.15936446 2.15941954 2.15948725 -11.51799107 -11.51812935 -11.51804352 -2.15936422 2.15941954 2.15948749
-7.14994907 -7.14989281 -8.99369431 2.78106093 3.54152799 3.54152727 -7.14994907 -7.14989233 -8.99369431 2.78106070 3.54152799 3.54152727
-11.51796913 -11.51808929 -11.51802349 -2.15945387 -2.15944338 -2.15952563 -11.51796913 -11.51808929 -11.51802349 -2.15945411 -2.15944338 -2.15952563
-8.99362183 -7.15014315 -7.14999723 3.54145956 2.78112435 3.54157066 -8.99362183 -7.15014315 -7.14999723 3.54145932 2.78112435 3.54157066
5.98459482 1.95167148 4.33566809 0.42628604 0.90942460 2.02889156 5.98459482 1.95167148 4.33566761 0.42628607 0.90942460 2.02889156
-6.98380327 -5.37550497 -2.15117407 4.00319290 2.06821561 -3.22254062 -6.98380327 -5.37550497 -2.15117407 4.00319290 2.06821561 -3.22254062
-11.51800346 -11.51806927 -11.51801682 2.15934324 2.15937304 -2.15944195 -11.51800346 -11.51806927 -11.51801682 2.15934324 2.15937281 -2.15944219
-7.54794216 -4.94539356 -4.94538116 0.75536901 -4.00337267 -0.75546551 -7.54794216 -4.94539404 -4.94538164 0.75536901 -4.00337267 -0.75546551
-7.14983988 -7.14977980 -8.99353600 -2.78111267 3.54159975 -3.54152226 -7.14983988 -7.14978027 -8.99353600 -2.78111267 3.54159951 -3.54152226
-11.51812840 -11.51798439 -11.51805973 2.15949845 2.15944839 -2.15942454 -11.51812840 -11.51798439 -11.51806068 2.15949845 2.15944839 -2.15942430
-7.14990425 -7.14987135 -8.99366093 -2.78116655 3.54161501 -3.54151583 -7.14990377 -7.14987135 -8.99366093 -2.78116655 3.54161501 -3.54151583
-5.08132887 0.58774078 -1.20267820 -3.42987704 0.84960461 -2.40161896 -5.08132935 0.58774072 -1.20267820 -3.42987704 0.84960461 -2.40161896
-11.51808071 -11.51795197 -11.51816273 2.15948844 -2.15946054 2.15942693 -11.51808167 -11.51795197 -11.51816273 2.15948844 -2.15946078 2.15942717
-3.26504946 -5.97530746 -5.84608173 -3.37975264 1.52923417 2.20289207 -3.26504946 -5.97530746 -5.84608173 -3.37975264 1.52923417 2.20289230
2.81366992 6.51943731 1.94560254 0.84495026 2.91081905 -0.64195722 2.81366968 6.51943731 1.94560254 0.84495026 2.91081905 -0.64195722
-15.90395069 -15.90411377 -15.90424633 0.00005270 -0.00000047 -0.00005092 -15.90394974 -15.90411472 -15.90424728 0.00005270 -0.00000047 -0.00005092
-11.51803017 -11.51813602 -11.51804256 2.15940189 2.15937352 -2.15939999 -11.51803017 -11.51813602 -11.51804256 2.15940189 2.15937352 -2.15939999
-0.21818110 1.50270879 3.55239439 0.21338734 -1.77460277 -0.02904311 -0.21818110 1.50270879 3.55239463 0.21338734 -1.77460277 -0.02904311
-8.99357605 -7.14978504 -7.14978933 3.54156256 -2.78113127 -3.54155993 -8.99357700 -7.14978504 -7.14978886 3.54156256 -2.78113127 -3.54155970
-7.14990330 -8.99361324 -7.15002728 3.54156542 -3.54150629 -2.78115058 -7.14990330 -8.99361324 -7.15002728 3.54156542 -3.54150629 -2.78115058
-6.98377323 -5.37558603 -2.15104723 4.00327444 2.06829715 -3.22259068 -6.98377323 -5.37558603 -2.15104723 4.00327444 2.06829739 -3.22259068
-11.51795673 -11.51798058 -11.51778221 2.15941501 2.15952206 -2.15939736 -11.51795673 -11.51798058 -11.51778126 2.15941501 2.15952182 -2.15939736
-11.51790619 -11.51782894 -11.51794434 2.15935683 -2.15941763 2.15944481 -11.51790619 -11.51782894 -11.51794434 2.15935683 -2.15941763 2.15944505
-15.90386772 -15.90386486 -15.90386581 -0.00009445 0.00009632 -0.00009481 -15.90386677 -15.90386486 -15.90386486 -0.00009445 0.00009632 -0.00009481
8.05804348 -3.32043099 -2.84100962 0.11702581 -2.45643878 3.97310948 8.05804443 -3.32043099 -2.84100986 0.11702581 -2.45643878 3.97310972
-7.14994431 -8.99363613 -7.14982414 3.54147649 3.54156137 2.78118563 -7.14994431 -8.99363613 -7.14982414 3.54147649 3.54156137 2.78118539
1.24554956 3.64487982 2.02143288 1.02756441 -2.20779371 1.13421512 1.24554956 3.64487982 2.02143288 1.02756429 -2.20779371 1.13421512
5.13608074 0.89376980 -10.82518673 -3.61251259 -3.98806953 -3.50364137 5.13608074 0.89376974 -10.82518673 -3.61251235 -3.98806953 -3.50364137
0.83814174 0.70898861 -2.12217212 -2.12663126 -1.17706394 -0.30493173 0.83814174 0.70898855 -2.12217212 -2.12663126 -1.17706394 -0.30493173
0.16661271 0.03996843 4.06993675 -0.01146381 3.35705447 -3.94173145 0.16661270 0.03996843 4.06993675 -0.01146381 3.35705471 -3.94173145
-11.51807213 -11.51816845 -11.51800537 -2.15940547 2.15945959 2.15951276 -11.51807213 -11.51816940 -11.51800537 -2.15940547 2.15945959 2.15951276
-7.14978170 -7.14987183 -8.99354649 -2.78109765 -3.54148102 3.54160523 -7.14978170 -7.14987183 -8.99354649 -2.78109765 -3.54148102 3.54160500
-11.51804447 -11.51799774 -11.51795673 -2.15942955 -2.15947747 -2.15948701 -11.51804447 -11.51799774 -11.51795673 -2.15942955 -2.15947747 -2.15948701
-11.51804924 -11.51821423 -11.51803303 -2.15950394 -2.15946674 -2.15953135 -11.51804829 -11.51821423 -11.51803303 -2.15950394 -2.15946674 -2.15953112
-8.99363708 -7.14999342 -7.14996576 3.54145217 -2.78111529 -3.54159927 -8.99363708 -7.14999390 -7.14996576 3.54145217 -2.78111529 -3.54159904
-15.90392876 -15.90390301 -15.90408230 -0.00004852 0.00004945 0.00009251 -15.90392876 -15.90390205 -15.90408230 -0.00004852 0.00004945 0.00009251
-11.51804733 -11.51798534 -11.51800156 -2.15944958 2.15954566 2.15944171 -11.51804733 -11.51798534 -11.51800156 -2.15944958 2.15954566 2.15944171
2.68985295 0.54943508 -3.62946081 2.82770348 -1.24853504 -1.03557467 2.68985295 0.54943514 -3.62946105 2.82770348 -1.24853504 -1.03557467
-7.14998245 -7.14986753 -8.99358273 -2.78113103 -3.54155755 3.54149342 -7.14998245 -7.14986753 -8.99358177 -2.78113103 -3.54155755 3.54149342
3.64472294 2.02191973 1.24565864 -2.20780349 -1.13424659 -1.02751017 3.64472294 2.02191973 1.24565864 -2.20780349 -1.13424659 -1.02751017
-15.90391731 -15.90394402 -15.90418911 -0.00000023 0.00009602 0.00004991 -15.90391827 -15.90394497 -15.90418816 -0.00000023 0.00009602 0.00004991
-11.51811314 -11.51801395 -11.51805496 2.15939307 -2.15940070 2.15937519 -11.51811314 -11.51801300 -11.51805496 2.15939331 -2.15940046 2.15937519
0.15838549 2.45372319 -0.16849314 0.84784055 -0.00003570 0.00002946 0.15838549 2.45372295 -0.16849314 0.84784049 -0.00003570 0.00002946
10.78035545 9.75618076 3.02259517 6.63691378 1.97313833 1.03789806 10.78035545 9.75617981 3.02259517 6.63691378 1.97313821 1.03789806
-11.51804733 -11.51798630 -11.51807594 -2.15944171 -2.15945339 -2.15941477 -11.51804829 -11.51798725 -11.51807594 -2.15944171 -2.15945339 -2.15941477
-8.99345779 -7.14998770 -7.15007019 3.54154444 2.78103518 3.54149890 -8.99345779 -7.14998770 -7.15007019 3.54154444 2.78103518 3.54149890
