6.90977144 2.11410117 8.71540928 0.00001006 -0.00000175 -0.00000312 6.90977097 2.11410117 8.71540928 0.00001006 -0.00000175 -0.00000312
5.13732338 0.27445391 7.88305521 0.00000279 -0.00000419 -0.00000345 5.13732338 0.27445391 7.88305521 0.00000279 -0.00000419 -0.00000345
5.05493355 0.99463683 6.52163267 0.00000027 0.00000962 -0.00000949 5.05493402 0.99463683 6.52163267 0.00000027 0.00000962 -0.00000949
3.47823882 -0.72530568 5.83652020 -0.00000148 0.00000526 0.00003577 3.47823882 -0.72530562 5.83652020 -0.00000148 0.00000526 0.00003577
3.24682331 -0.14474337 4.40678549 0.00004499 0.00003201 0.00001059 3.24682331 -0.14474338 4.40678549 0.00004499 0.00003201 0.00001059
1.90201569 -1.65558732 3.86440086 -0.00002747 0.00002553 0.00001397 1.90201557 -1.65558732 3.86440110 -0.00002747 0.00002553 0.00001397
1.51620543 -1.28762591 2.38308048 0.00000387 0.00005049 -0.00001258 1.51620543 -1.28762591 2.38308024 0.00000387 0.00005049 -0.00001258
0.40166739 -2.58627510 1.93052721 0.00000305 0.00004601 -0.00003297 0.40166739 -2.58627534 1.93052721 0.00000305 0.00004601 -0.00003297
-0.14217529 -2.44588304 0.43146539 -0.00000659 -0.00000747 -0.00003491 -0.14217530 -2.44588280 0.43146539 -0.00000659 -0.00000747 -0.00003491
-1.02209568 -3.48028898 0.07940032 -0.00000474 -0.00000665 -0.00005174 -1.02209568 -3.48028874 0.07940032 -0.00000474 -0.00000665 -0.00005174
-1.76633763 -3.61623049 -1.49116874 0.00002297 -0.00000204 0.00000241 -1.76633775 -3.61623025 -1.49116862 0.00002297 -0.00000204 0.00000241
-2.41900873 -4.35399675 -1.71922839 -0.00003119 -0.00000007 0.00000238 -2.41900873 -4.35399675 -1.71922839 -0.00003119 -0.00000007 0.00000238
-3.34832430 -4.79327393 -3.36191058 -0.00002888 0.00000376 0.00002054 -3.34832454 -4.79327393 -3.36191058 -0.00002888 0.00000376 0.00002054
-3.76912904 -5.26545906 -3.50944734 -0.00003101 0.00004042 0.00003656 -3.76912904 -5.26545906 -3.50944710 -0.00003101 0.00004042 0.00003656
-4.12200785 -5.38631725 -4.27226257 -0.00000044 0.00002945 -0.00001341 -4.12200785 -5.38631678 -4.27226305 -0.00000044 0.00002945 -0.00001341
-4.38880873 -5.69317150 -4.39479208 0.00000031 0.00002807 -0.00001266 -4.38880873 -5.69317150 -4.39479208 0.00000031 0.00002807 -0.00001266
-4.88256073 -5.97381449 -5.16473103 0.00000460 -0.00004559 -0.00000553 -4.88256121 -5.97381449 -5.16473103 0.00000460 -0.00004559 -0.00000553
-5.03515100 -6.15145016 -5.25178242 0.00000158 -0.00003175 -0.00000385 -5.03515100 -6.15145016 -5.25178289 0.00000158 -0.00003175 -0.00000385
-5.62995577 -6.56023645 -6.04134321 0.00000045 -0.00003225 -0.00003111 -5.62995625 -6.56023645 -6.04134321 0.00000045 -0.00003225 -0.00003111
-5.62995577 -6.56023645 -6.04134321 0.00000045 -0.00003225 -0.00003111 -5.62995625 -6.56023645 -6.04134321 0.00000045 -0.00003225 -0.00003111
-6.36500406 -7.14592743 -6.89021206 -0.00000374 0.00004053 0.00001588 -6.36500406 -7.14592695 -6.89021206 -0.00000374 0.00004053 0.00001588
-6.18423223 -6.98605680 -6.84689760 -0.00000003 -0.00002157 0.00001523 -6.18423223 -6.98605633 -6.84689760 -0.00000003 -0.00002157 0.00001523
-7.08756590 -7.73050261 -7.72267962 -0.00000363 0.00000037 0.00000387 -7.08756542 -7.73050308 -7.72267962 -0.00000363 0.00000037 0.00000387
-6.78530836 -7.42829943 -7.61914682 -0.00002560 0.00000227 0.00000348 -6.78530836 -7.42829943 -7.61914635 -0.00002560 0.00000227 0.00000348
-7.79491711 -8.31316757 -8.53864574 0.00004359 0.00000254 0.00001201 -7.79491711 -8.31316662 -8.53864479 0.00004359 0.00000254 0.00001201
-7.40619612 -7.90798616 -8.41379356 -0.00003135 -0.00000122 0.00001235 -7.40619612 -7.90798664 -8.41379356 -0.00003135 -0.00000122 0.00001235
-9.17193604 -9.47178078 -10.12243557 0.00003709 -0.00000041 -0.00000146 -9.17193604 -9.47178078 -10.12243557 0.00003709 -0.00000041 -0.00000146
-8.43467712 -8.78142643 -9.96278763 -0.00002624 -0.00000007 -0.00002454 -8.43467712 -8.78142548 -9.96278667 -0.00002624 -0.00000007 -0.00002454
-10.50184727 -10.62245464 -11.64748383 0.00001355 0.00002389 -0.00000824 -10.50184727 -10.62245464 -11.64748383 0.00001355 0.00002389 -0.00000824
-9.44035816 -9.68772984 -11.41480732 -0.00001820 0.00000419 -0.00002800 -9.44035721 -9.68772984 -11.41480732 -0.00001820 0.00000419 -0.00002800
-11.36092091 -11.75699139 -13.05683231 -0.00000025 0.00001661 0.00000190 -11.36092091 -11.75699139 -13.05683231 -0.00000025 0.00001661 0.00000190
-10.45171261 -10.59447384 -12.78334618 0.00000103 0.00000143 0.00000140 -10.45171165 -10.59447384 -12.78334713 0.00000103 0.00000143 0.00000140
-11.68490028 -12.85049343 -14.33866596 0.00001126 -0.00003187 0.00002318 -11.68490028 -12.85049343 -14.33866692 0.00001126 -0.00003187 0.00002318
-11.32357407 -11.44393921 -14.09716797 0.00001691 0.00002360 0.00002149 -11.32357407 -11.44393921 -14.09716797 0.00001691 0.00002360 0.00002149
-12.02825260 -13.91389370 -15.55145073 0.00000072 0.00000188 0.00000359 -12.02825260 -13.91389370 -15.55145073 0.00000072 0.00000188 0.00000359
-12.24732971 -12.30647945 -15.31011105 0.00001022 -0.00002182 -0.00001544 -12.24732971 -12.30647945 -15.31011105 0.00001022 -0.00002182 -0.00001544
-12.37290573 -14.92124271 -16.35455704 -0.00000340 0.00000035 0.00000809 -12.37290478 -14.92124271 -16.35455704 -0.00000340 0.00000035 0.00000809
-13.07793903 -13.11124229 -16.44414520 0.00004533 0.00000079 0.00002534 -13.07793903 -13.11124229 -16.44414520 0.00004533 0.00000079 0.00002534
-5.62995577 -6.56023645 -6.04134321 0.00000045 -0.00003225 -0.00003111 -5.62995625 -6.56023645 -6.04134321 0.00000045 -0.00003225 -0.00003111
-2.84238911 -7.44612265 -3.02378440 -1.03129900 -0.83878678 -0.48032194 -2.84238911 -7.44612265 -3.02378416 -1.03129900 -0.83878678 -0.48032191
-2.20109749 -6.36618423 -3.25412989 -0.93939185 -1.32611179 -0.80733138 -2.20109749 -6.36618423 -3.25412989 -0.93939185 -1.32611179 -0.80733138
-0.12912115 -3.69739127 -0.87849391 -0.45801434 -0.28280801 -0.10050074 -0.12912115 -3.69739127 -0.87849391 -0.45801437 -0.28280801 -0.10050074
4.56958723 -0.02415660 -0.41161102 -1.17805552 1.45455170 1.16035914 4.56958723 -0.02415660 -0.41161105 -1.17805552 1.45455182 1.16035914
3.22958612 -0.35923350 -3.45648980 0.48972660 -0.66694611 0.89076334 3.22958612 -0.35923347 -3.45648980 0.48972660 -0.66694611 0.89076334
-0.14814292 -2.91172957 -4.25301838 -0.74331379 1.20056534 0.70548964 -0.14814292 -2.91172957 -4.25301838 -0.74331379 1.20056534 0.70548964
