0.00000000 0.01099132 0.00722692 0.00000000 0.00348382 0.00000000 0.00000000 0.01099132 0.00722692 0.00000000 0.00348382 0.00000000
0.00001991 0.00004821 0.33829904 -0.00003098 -0.00120841 0.00077660 0.00001991 0.00004821 0.33829907 -0.00003098 -0.00120841 0.00077660
0.00000247 0.00000697 0.49843225 0.00000415 -0.00048046 -0.00028622 0.00000247 0.00000697 0.49843222 0.00000415 -0.00048046 -0.00028622
0.00000014 0.00001597 0.03556651 0.00000150 -0.00028949 -0.00002726 0.00000014 0.00001597 0.03556651 0.00000150 -0.00028949 -0.00002726
0.00002930 0.00004713 0.46357089 -0.00003716 0.00127191 -0.00100293 0.00002930 0.00004713 0.46357089 -0.00003716 0.00127191 -0.00100293
0.00000959 0.00000000 0.22106871 0.00000022 -0.00002491 -0.00109293 0.00000959 0.00000000 0.22106871 0.00000022 -0.00002491 -0.00109293
0.00000897 0.00000013 0.52508312 -0.00000109 0.00005414 -0.00044416 0.00000897 0.00000013 0.52508312 -0.00000109 0.00005414 -0.00044416
-0.00001275 -0.00001160 -0.08124355 -0.00001217 -0.00065161 -0.00068308 -0.00001275 -0.00001160 -0.08124355 -0.00001217 -0.00065161 -0.00068308
0.00005923 0.00006130 0.11960197 -0.00006026 -0.00202421 0.00198969 0.00005923 0.00006130 0.11960196 -0.00006026 -0.00202421 0.00198969
0.00000035 0.00000054 -0.03634230 0.00000044 0.00017695 0.00014263 0.00000035 0.00000054 -0.03634230 0.00000044 0.00017695 0.00014263
0.00000008 0.00001225 0.71040547 0.00000097 0.00030457 0.00002418 0.00000008 0.00001225 0.71040547 0.00000097 0.00030457 0.00002418
0.00020388 0.00005074 0.68764246 -0.00010171 -0.00442152 0.00886325 0.00020388 0.00005074 0.68764246 -0.00010171 -0.00442152 0.00886325
-0.02814227 -0.00889782 -0.06280777 -0.01582419 0.01290574 0.02295200 -0.02814227 -0.00889782 -0.06280776 -0.01582419 0.01290574 0.02295200
0.01828447 0.04410023 0.23414400 0.02839629 0.05568187 0.03585375 0.01828447 0.04410023 0.23414400 0.02839629 0.05568187 0.03585375
0.00368219 0.00429763 0.45594099 0.00397803 0.00216920 0.00200788 0.00368219 0.00429763 0.45594099 0.00397803 0.00216920 0.00200788
0.00000503 0.00268936 0.05304889 -0.00011626 0.00535344 -0.00023144 0.00000503 0.00268936 0.05304889 -0.00011626 0.00535344 -0.00023144
0.03098735 0.00165637 0.45426720 -0.00716424 0.01022524 -0.04422702 0.03098735 0.00165637 0.45426720 -0.00716424 0.01022524 -0.04422702
0.00001922 0.01700710 0.00764056 -0.00057179 0.00679111 -0.00022832 0.00001922 0.01700709 0.00764056 -0.00057179 0.00679111 -0.00022832
0.00072830 0.00691884 -0.03167096 -0.00224476 0.00408750 -0.00132616 0.00072830 0.00691884 -0.03167096 -0.00224476 0.00408750 -0.00132616
0.00226287 0.02872380 0.75880617 -0.00806215 0.00298438 -0.00083765 0.00226287 0.02872380 0.75880617 -0.00806214 0.00298438 -0.00083765
0.04019559 0.26245111 0.42600834 0.10271016 0.30728638 0.12025642 0.04019559 0.26245111 0.42600834 0.10271016 0.30728638 0.12025642
0.03948701 0.07047375 0.91120684 0.05275223 -0.21155433 -0.15835629 0.03948701 0.07047375 0.91120684 0.05275223 -0.21155433 -0.15835629
0.04657958 0.00672394 0.39343208 0.01769741 -0.02344426 -0.06170530 0.04657958 0.00672394 0.39343205 0.01769741 -0.02344426 -0.06170531
0.09659356 0.06106491 0.26729840 -0.07680155 -0.07162287 0.09008033 0.09659356 0.06106491 0.26729840 -0.07680155 -0.07162287 0.09008033
0.00312984 0.01130635 0.06720434 -0.00594870 0.00288505 -0.00151794 0.00312984 0.01130635 0.06720433 -0.00594870 0.00288505 -0.00151794
0.00214325 0.00007129 0.11037714 -0.00039088 -0.00017831 0.00097767 0.00214325 0.00007129 0.11037714 -0.00039088 -0.00017831 0.00097767
0.00058109 0.00120763 -0.00482120 -0.00083770 -0.00121805 0.00084493 0.00058109 0.00120763 -0.00482120 -0.00083770 -0.00121805 0.00084493
0.01873704 0.19333015 0.88487661 -0.06018667 0.10043907 -0.03126824 0.01873704 0.19333015 0.88487661 -0.06018667 0.10043907 -0.03126824
0.00247524 0.00595810 -0.03453792 -0.00384028 -0.00463740 0.00298902 0.00247524 0.00595810 -0.03453792 -0.00384028 -0.00463740 0.00298902
-0.01362878 -0.03327964 -0.08613415 -0.02129697 0.02231920 0.01428295 -0.01362878 -0.03327964 -0.08613415 -0.02129697 0.02231920 0.01428295
-0.01358847 -0.00183063 0.25044903 -0.00498753 0.00410066 0.01117221 -0.01358847 -0.00183063 0.25044903 -0.00498753 0.00410066 0.01117221
-0.02360803 -0.00594267 0.00203980 -0.01184461 0.00796622 0.01587784 -0.02360803 -0.00594267 0.00203980 -0.01184461 0.00796622 0.01587784
0.10683034 0.09642851 0.02746052 -0.10149626 0.04479026 -0.04714419 0.10683034 0.09642851 0.02746052 -0.10149626 0.04479026 -0.04714419
0.00771335 0.01002241 0.10423920 -0.00879240 0.00890553 -0.00781259 0.00771335 0.01002241 0.10423920 -0.00879240 0.00890553 -0.00781259
-0.01542672 -0.01313137 -0.01230052 0.01423285 0.00974775 -0.01056540 -0.01542672 -0.01313137 -0.01230052 0.01423285 0.00974775 -0.01056540
-0.00721452 -0.01844784 -0.10449363 0.01153656 0.02888181 -0.01806157 -0.00721452 -0.01844784 -0.10449363 0.01153656 0.02888181 -0.01806157
0.04923202 0.01452689 0.01710202 -0.02674300 0.01983690 -0.03651837 0.04923202 0.01452689 0.01710202 -0.02674300 0.01983690 -0.03651837
-0.00090107 -0.01720177 0.14714344 -0.00393701 -0.01089038 -0.00249251 -0.00090107 -0.01720177 0.14714345 -0.00393701 -0.01089038 -0.00249251
-0.00021044 -0.00262450 0.38397640 -0.00074316 0.00852083 0.00241278 -0.00021044 -0.00262450 0.38397640 -0.00074316 0.00852083 0.00241278
0.01173334 0.00845912 -0.03054695 0.00996262 -0.00120734 -0.00142193 0.01173334 0.00845912 -0.03054695 0.00996262 -0.00120734 -0.00142193
0.01850255 0.10149343 0.24610616 -0.04333459 -0.10594624 0.04523581 0.01850255 0.10149344 0.24610615 -0.04333460 -0.10594624 0.04523581
0.00303783 0.00311670 0.01567041 0.00307701 0.00035773 0.00035318 0.00303783 0.00311670 0.01567041 0.00307701 0.00035773 0.00035318
-0.00535277 -0.04281056 -0.06086583 0.01513786 0.01553153 -0.00549197 -0.00535277 -0.04281056 -0.06086582 0.01513787 0.01553153 -0.00549197
-0.00806571 -0.03283826 -0.04941295 -0.01627463 -0.01704463 -0.00844732 -0.00806571 -0.03283826 -0.04941295 -0.01627463 -0.01704463 -0.00844732
0.00000730 0.00051988 -0.03043480 0.00006159 0.00034139 0.00004044 0.00000730 0.00051988 -0.03043480 0.00006159 0.00034139 0.00004044
0.04895256 0.00374942 0.22058459 0.01354784 0.02388436 0.08630162 0.04895256 0.00374942 0.22058459 0.01354784 0.02388436 0.08630162
0.00309820 0.24481438 0.33058274 0.02754060 0.25800526 0.02902452 0.00309820 0.24481438 0.33058274 0.02754061 0.25800526 0.02902452
0.01374878 0.00051794 -0.03624980 0.00266854 0.00012555 0.00064687 0.01374878 0.00051794 -0.03624980 0.00266854 0.00012555 0.00064687
0.00090605 0.01904959 0.31615743 0.00415449 -0.00823618 -0.00179621 0.00090605 0.01904959 0.31615743 0.00415449 -0.00823618 -0.00179621
-0.00004788 -0.00459003 -0.02971574 0.00046880 0.02353894 -0.00240416 -0.00004788 -0.00459003 -0.02971574 0.00046880 0.02353894 -0.00240416
0.03115967 0.02872603 -0.00650247 0.02991811 0.02052556 0.02137734 0.03115967 0.02872603 -0.00650247 0.02991811 0.02052556 0.02137734
0.00197299 0.00770374 0.00091807 -0.00389864 -0.00199329 0.00100875 0.00197299 0.00770374 0.00091807 -0.00389864 -0.00199329 0.00100875
0.31121695 0.06878819 0.19191632 -0.14631490 -0.10850836 0.23080109 0.31121692 0.06878819 0.19191633 -0.14631489 -0.10850836 0.23080109
0.00002211 0.23440491 0.15818618 -0.00227681 0.18089701 -0.00175708 0.00002211 0.23440491 0.15818618 -0.00227681 0.18089700 -0.00175708
0.01522705 0.00005733 0.07203013 0.00093435 0.00093722 0.01527391 0.01522705 0.00005733 0.07203013 0.00093435 0.00093722 0.01527391
0.00050339 0.05572161 0.05323105 0.00529622 0.03757140 0.00357108 0.00050339 0.05572161 0.05323105 0.00529622 0.03757140 0.00357108
0.00075778 0.00201181 0.33796692 0.00123471 -0.00713151 -0.00437683 0.00075778 0.00201181 0.33796692 0.00123471 -0.00713151 -0.00437683
0.01038013 0.00147510 0.22223370 -0.00391303 -0.00298480 0.00791781 0.01038013 0.00147510 0.22223370 -0.00391303 -0.00298480 0.00791781
0.04461034 0.00127434 0.47824934 -0.00753980 0.00301633 -0.01784656 0.04461034 0.00127434 0.47824934 -0.00753981 0.00301633 -0.01784656
0.00068532 0.02428673 -0.02585537 -0.00407974 0.00403140 -0.00067720 0.00068532 0.02428673 -0.02585537 -0.00407974 0.00403140 -0.00067720
0.15679075 0.39974833 0.55290490 -0.25035343 -0.22291079 0.13960403 0.15679075 0.39974833 0.55290484 -0.25035340 -0.22291078 0.13960403
0.00014117 0.09796399 0.04547274 -0.00371882 0.06132097 -0.00232781 0.00014117 0.09796399 0.04547274 -0.00371882 0.06132097 -0.00232781
-0.02619708 -0.00000070 -0.02838564 -0.00013543 0.00010388 0.02009473 -0.02619708 -0.00000070 -0.02838564 -0.00013543 0.00010388 0.02009473
-0.00038373 -0.01378240 0.10964191 0.00229971 0.00489663 -0.00081705 -0.00038373 -0.01378240 0.10964191 0.00229971 0.00489663 -0.00081705
0.00374166 0.05454851 0.06939849 0.01428643 0.03033125 0.00794385 0.00374166 0.05454851 0.06939849 0.01428643 0.03033125 0.00794385
0.17683412 0.05762235 0.12701055 0.10094354 0.07876091 0.13797431 0.17683412 0.05762235 0.12701055 0.10094354 0.07876091 0.13797432
-0.00527877 -0.01064156 -0.05045623 -0.00749495 -0.01080323 -0.00760882 -0.00527877 -0.01064156 -0.05045623 -0.00749495 -0.01080323 -0.00760882
0.00191637 0.02670979 0.02244970 -0.00715443 0.01826495 -0.00489241 0.00191637 0.02670979 0.02244970 -0.00715443 0.01826495 -0.00489241
0.01150548 0.02024657 0.10285442 -0.01526259 0.04148136 -0.03127012 0.01150548 0.02024657 0.10285442 -0.01526259 0.04148136 -0.03127012
-0.00898289 -0.00477463 -0.05291867 0.00654904 -0.01266871 0.01737684 -0.00898289 -0.00477463 -0.05291867 0.00654904 -0.01266871 0.01737684
-0.00004041 -0.00221509 -0.05280259 0.00029919 0.01156757 -0.00156241 -0.00004041 -0.00221509 -0.05280258 0.00029919 0.01156757 -0.00156241
-0.00581469 -0.03775418 -0.07877838 0.01481651 -0.03409192 0.01337927 -0.00581469 -0.03775418 -0.07877839 0.01481651 -0.03409191 0.01337927
0.19988829 0.02141352 0.24398939 -0.06542409 -0.05943815 0.18159963 0.19988830 0.02141352 0.24398939 -0.06542409 -0.05943815 0.18159965
0.00214367 0.00391921 0.05700753 0.00289854 -0.00493695 -0.00365122 0.00214367 0.00391921 0.05700753 0.00289854 -0.00493695 -0.00365122
-0.03272674 -0.01711782 -0.06077667 -0.02366877 0.00817078 0.01129772 -0.03272674 -0.01711782 -0.06077667 -0.02366877 0.00817078 0.01129772
-0.01613720 -0.02293676 -0.03152576 0.01923890 0.00067982 -0.00057022 -0.01613720 -0.02293676 -0.03152576 0.01923890 0.00067982 -0.00057022
-0.00009855 -0.00372657 -0.06237573 0.00060602 -0.01329936 0.00216277 -0.00009855 -0.00372657 -0.06237573 0.00060602 -0.01329936 0.00216277
-0.00801433 -0.03656210 -0.06177414 -0.01711785 -0.02037110 -0.00953746 -0.00801433 -0.03656210 -0.06177414 -0.01711785 -0.02037110 -0.00953746
-0.00009296 -0.00946826 0.29436892 0.00093819 -0.00846261 0.00083854 -0.00009296 -0.00946826 0.29436892 0.00093819 -0.00846261 0.00083854
-0.01451561 -0.02084914 -0.09955425 0.01739649 -0.02612379 0.02179765 -0.01451561 -0.02084914 -0.09955424 0.01739649 -0.02612379 0.02179765
0.19978237 0.09235258 0.13538820 -0.13583231 0.10951863 -0.16108017 0.19978237 0.09235258 0.13538820 -0.13583232 0.10951863 -0.16108018
0.40368462 0.01133521 0.25391909 -0.06764504 0.04529503 -0.27030674 0.40368462 0.01133521 0.25391909 -0.06764504 0.04529503 -0.27030674
0.00068986 0.00803354 0.27242139 -0.00235416 0.00345357 -0.00101204 0.00068986 0.00803354 0.27242139 -0.00235416 0.00345357 -0.00101204
0.70258975 0.91037953 1.61295605 -0.79976451 -0.00000047 0.00000041 0.70258975 0.91037953 1.61295605 -0.79976451 -0.00000047 0.00000041
0.02268673 1.14557040 1.18036878 0.16121180 0.03410505 0.00479947 0.02268673 1.14557040 1.18036866 0.16121179 0.03410505 0.00479947
0.02605036 1.00607765 1.12350810 0.16189095 -0.25588840 -0.04117576 0.02605036 1.00607765 1.12350821 0.16189095 -0.25588840 -0.04117576
0.08000745 0.70540380 1.31894410 -0.23756590 -0.43790033 0.14747609 0.08000745 0.70540380 1.31894410 -0.23756590 -0.43790033 0.14747609
0.28315836 0.14946310 1.60973537 -0.20572245 -0.29028594 0.39955238 0.28315836 0.14946312 1.60973537 -0.20572245 -0.29028594 0.39955238
0.00090157 0.11851309 1.92575586 -0.01033675 -0.32748541 0.02856337 0.00090157 0.11851309 1.92575574 -0.01033675 -0.32748541 0.02856337
0.00000000 0.00000000 2.03499579 0.00000000 0.00000000 0.00000000 0.00000000 0.00000000 2.03499579 0.00000000 0.00000000 0.00000000
0.66132838 0.16334049 0.82466424 -0.32866654 0.00000023 -0.00000047 0.66132838 0.16334049 0.82466424 -0.32866654 0.00000023 -0.00000047
0.45907030 0.08618983 0.54591829 -0.19891503 0.00076032 -0.00175473 0.45907030 0.08618983 0.54591829 -0.19891503 0.00076032 -0.00175473
0.13304174 0.39025831 0.58069992 -0.22786102 -0.14062884 0.08210929 0.13304172 0.39025831 0.58069992 -0.22786103 -0.14062884 0.08210929
0.23705728 0.16637963 0.65888160 -0.19859885 -0.14206921 0.16958074 0.23705728 0.16637963 0.65888160 -0.19859885 -0.14206922 0.16958073
0.00683931 0.21349917 0.79405320 0.03821239 -0.23695244 -0.04241008 0.00683931 0.21349919 0.79405320 0.03821238 -0.23695244 -0.04241008
0.00127982 0.05961076 0.99174601 -0.00873448 -0.16761282 0.02455950 0.00127982 0.05961077 0.99174595 -0.00873448 -0.16761282 0.02455950
0.00000000 0.00000000 1.04996967 0.00000000 0.00000000 0.00000000 0.00000000 0.00000000 1.04996967 0.00000000 0.00000000 0.00000000
0.00012423 0.34577367 0.34589088 0.00655393 0.00000000 0.00000000 0.00012423 0.34577364 0.34589088 0.00655394 0.00000000 0.00000000
0.00066312 0.26582271 0.24992774 -0.01327675 -0.04688310 0.00234162 0.00066312 0.26582271 0.24992773 -0.01327675 -0.04688310 0.00234162
0.00313199 0.22553782 0.26672235 0.02657786 -0.10719025 -0.01263153 0.00313199 0.22553782 0.26672235 0.02657786 -0.10719024 -0.01263153
0.11732338 0.07693236 0.30453566 0.09500507 -0.06010288 -0.07422207 0.11732339 0.07693236 0.30453566 0.09500507 -0.06010288 -0.07422207
0.06429283 0.05466440 0.38224170 0.05928346 -0.07488091 -0.08120824 0.06429283 0.05466440 0.38224170 0.05928346 -0.07488091 -0.08120824
0.01329483 0.01077514 0.40944302 -0.01196887 -0.04692326 0.05212165 0.01329483 0.01077514 0.40944302 -0.01196887 -0.04692326 0.05212165
0.00000000 0.00000000 0.42528254 0.00000000 0.00000000 0.00000000 0.00000000 0.00000000 0.42528254 0.00000000 0.00000000 0.00000000
0.54193670 0.87124324 0.37074053 0.68713802 -0.34341636 -0.27084795 0.54193670 0.87124324 0.37074053 0.68713802 -0.34341636 -0.27084795
0.08451874 0.07175025 0.15626831 0.07787323 -0.00000000 -0.00000000 0.08451874 0.07175024 0.15626830 0.07787323 -0.00000000 -0.00000000
0.12491937 0.01863408 0.12071254 0.04824684 -0.02332869 -0.06040199 0.12491936 0.01863408 0.12071255 0.04824684 -0.02332869 -0.06040199
0.07788439 0.00610940 0.10892176 0.02181346 -0.01906314 -0.06806441 0.07788439 0.00610940 0.10892176 0.02181347 -0.01906313 -0.06806441
0.00226103 0.06385659 0.10062666 -0.01201589 -0.02937324 0.00552716 0.00226103 0.06385659 0.10062666 -0.01201589 -0.02937324 0.00552716
0.00071095 0.05837431 0.12892604 -0.00644212 -0.02912718 0.00321444 0.00071095 0.05837432 0.12892604 -0.00644212 -0.02912718 0.00321444
0.00777973 0.00432163 0.09772340 -0.00579837 -0.00931152 0.01249335 0.00777973 0.00432163 0.09772340 -0.00579837 -0.00931152 0.01249335
0.00000000 0.00000000 0.06004674 0.00000000 0.00000000 0.00000000 0.00000000 0.00000000 0.06004674 0.00000000 0.00000000 0.00000000
0.01597784 0.93691009 0.23023963 -0.12235112 -0.30063868 0.03926041 0.01597784 0.93691009 0.23023964 -0.12235112 -0.30063868 0.03926041
0.04376219 0.05020106 0.09396480 0.04687119 -0.00000000 -0.00000000 0.04376219 0.05020106 0.09396480 0.04687119 -0.00000000 -0.00000000
0.08634266 0.00014431 0.06344968 0.00352987 -0.00266821 -0.06526604 0.08634266 0.00014431 0.06344968 0.00352987 -0.00266821 -0.06526604
0.00519373 0.01714011 0.03572900 0.00943510 -0.03327862 -0.01831886 0.00519373 0.01714011 0.03572900 0.00943510 -0.03327863 -0.01831886
0.00069776 0.00572286 0.00085036 0.00199830 0.00455307 0.00158983 0.00069776 0.00572287 0.00085036 0.00199830 0.00455307 0.00158983
0.00628193 0.01750581 0.00610173 -0.01048667 0.00636535 -0.00381310 0.00628193 0.01750581 0.00610173 -0.01048667 0.00636535 -0.00381310
0.01157407 0.00121892 0.05303893 -0.00375604 -0.00226086 0.00696676 0.01157407 0.00121892 0.05303893 -0.00375604 -0.00226086 0.00696676
0.00000000 0.00000000 0.06783773 0.00000000 0.00000000 0.00000000 0.00000000 0.00000000 0.06783772 0.00000000 0.00000000 0.00000000
0.25648066 0.33966577 0.17829722 -0.29515707 -0.13233264 0.11499220 0.25648063 0.33966577 0.17829722 -0.29515707 -0.13233262 0.11499221
0.04082057 0.02184254 0.06266287 0.02986009 0.00000005 0.00000007 0.04082057 0.02184254 0.06266287 0.02986009 0.00000005 0.00000007
0.02013769 0.01152315 0.01123521 0.01523318 -0.03494268 -0.04619292 0.02013769 0.01152315 0.01123521 0.01523318 -0.03494269 -0.04619292
-0.01459584 -0.00446786 -0.01308643 0.00807540 -0.00820628 0.01483238 -0.01459584 -0.00446786 -0.01308643 0.00807540 -0.00820628 0.01483238
-0.01470018 -0.00478433 -0.04546154 0.00838633 0.01114784 -0.01954075 -0.01470018 -0.00478433 -0.04546154 0.00838633 0.01114783 -0.01954075
0.00391924 0.00102557 -0.03481877 -0.00200485 0.00759749 -0.01485215 0.00391924 0.00102557 -0.03481877 -0.00200485 0.00759749 -0.01485215
0.00797727 0.00038887 0.02534798 0.00176128 -0.00066628 -0.00301775 0.00797727 0.00038887 0.02534798 0.00176128 -0.00066628 -0.00301775
0.00000000 0.00000000 0.06035403 0.00000000 0.00000000 0.00000000 0.00000000 0.00000000 0.06035403 0.00000000 0.00000000 0.00000000
0.11210676 0.22967051 0.15398885 0.16046064 -0.06458714 -0.04512418 0.11210676 0.22967049 0.15398885 0.16046064 -0.06458714 -0.04512418
0.00440114 0.02305252 0.02745303 0.01007260 -0.00000008 -0.00000004 0.00440114 0.02305252 0.02745303 0.01007260 -0.00000008 -0.00000004
-0.00084651 -0.01723570 -0.03438336 -0.00381971 -0.04513118 -0.01000181 -0.00084651 -0.01723570 -0.03438336 -0.00381971 -0.04513118 -0.01000181
-0.00355459 -0.04908815 -0.05164294 0.01320940 -0.00273738 0.00073662 -0.00355459 -0.04908815 -0.05164294 0.01320940 -0.00273738 0.00073662
-0.00189014 -0.03533998 -0.07264312 -0.00817298 0.02987993 0.00691025 -0.00189014 -0.03533998 -0.07264312 -0.00817298 0.02987993 0.00691025
-0.00074889 -0.00903945 -0.06461605 -0.00260183 0.02210543 0.00636262 -0.00074889 -0.00903945 -0.06461605 -0.00260183 0.02210543 0.00636262
0.00072221 0.00091170 -0.02534746 0.00081144 0.00366796 0.00326462 0.00072221 0.00091170 -0.02534746 0.00081144 0.00366796 0.00326462
0.00000000 0.00000000 0.00417143 0.00000000 0.00000000 0.00000000 0.00000000 0.00000000 0.00417143 0.00000000 0.00000000 0.00000000
0.07177933 0.12106043 0.12318542 0.09321822 -0.02315694 -0.01783117 0.07177933 0.12106044 0.12318542 0.09321822 -0.02315694 -0.01783117
-0.00195832 -0.00619010 -0.00814733 0.00348170 -0.00000000 0.00000000 -0.00195832 -0.00619010 -0.00814733 0.00348170 -0.00000000 0.00000000
-0.01637796 -0.03240462 -0.06206059 0.02303740 -0.03068970 0.02181821 -0.01637796 -0.03240462 -0.06206059 0.02303740 -0.03068969 0.02181821
-0.01680353 -0.05325067 -0.07158641 -0.02991319 0.00378997 0.00212899 -0.01680353 -0.05325067 -0.07158640 -0.02991319 0.00378997 0.00212899
-0.00127076 -0.04645334 -0.08540400 -0.00768318 0.03219450 0.00532483 -0.00127076 -0.04645334 -0.08540401 -0.00768318 0.03219450 0.00532483
-0.00484626 -0.01564742 -0.09023030 0.00870812 0.02556581 -0.01422793 -0.00484626 -0.01564742 -0.09023031 0.00870812 0.02556582 -0.01422793
-0.00223760 -0.00202566 -0.08052909 0.00212899 0.00956719 -0.01005524 -0.00223760 -0.00202566 -0.08052909 0.00212899 0.00956719 -0.01005524
0.00000000 0.00000000 -0.06794892 0.00000000 0.00000000 0.00000000 0.00000000 0.00000000 -0.06794892 0.00000000 0.00000000 0.00000000
