7.51885080 8.69373226 7.00281048 -0.00011623 0.00644939 0.00000301 7.51885080 8.69373226 7.00281000 -0.00011623 0.00644939 0.00000301
6.96179390 9.64016724 5.94802999 0.48308563 0.33397818 0.16264242 6.96179390 9.64016628 5.94802999 0.48308563 0.33397818 0.16264242
7.62183809 9.34364510 8.99718952 -0.02432489 -0.40013018 0.26044309 7.62183809 9.34364605 8.99718952 -0.02432489 -0.40013015 0.26044309
7.84688807 10.27029324 6.77877569 0.50914782 -0.32429567 0.79363704 7.84688854 10.27029324 6.77877569 0.50914782 -0.32429567 0.79363704
9.35812759 10.50376606 8.35035229 1.45401251 0.04085136 -0.02718970 9.35812759 10.50376606 8.35035229 1.45401251 0.04085137 -0.02718970
11.65625095 14.04368591 8.33127975 -0.29898745 0.45853987 0.64553398 11.65625095 14.04368687 8.33127880 -0.29898748 0.45853987 0.64553398
12.35667229 13.86448479 10.09109592 -1.55235171 2.74594522 0.39559576 12.35667229 13.86448479 10.09109688 -1.55235183 2.74594522 0.39559576
9.10527134 14.11078072 9.47968769 -0.18363984 0.72834605 0.47138497 9.10527134 14.11078167 9.47968769 -0.18363984 0.72834605 0.47138497
8.96406841 10.19672775 7.35061169 -0.07750021 -0.95814914 -0.96319890 8.96406937 10.19672775 7.35061169 -0.07750021 -0.95814914 -0.96319890
7.10977602 7.87857151 8.58296108 0.90462011 0.02737792 0.98145700 7.10977602 7.87857199 8.58296204 0.90462011 0.02737792 0.98145694
-5.56623697 -4.42078257 -4.94608641 0.00002476 0.01084087 0.00002025 -5.56623745 -4.42078257 -4.94608641 0.00002476 0.01084087 0.00002025
-3.79465222 -3.40981770 -3.54949188 0.04583602 -0.46517843 0.71526277 -3.79465246 -3.40981770 -3.54949188 0.04583602 -0.46517843 0.71526277
-4.19814301 -2.99196315 -4.78051424 -0.84565675 0.16101360 0.01118222 -4.19814253 -2.99196315 -4.78051424 -0.84565675 0.16101360 0.01118222
-3.73058224 -3.52749276 -2.97095466 1.12436080 0.98255885 1.84118164 -3.73058248 -3.52749276 -2.97095466 1.12436080 0.98255891 1.84118164
-2.72998691 -2.48688745 -1.58393753 0.45590049 -0.22535115 -0.57984167 -2.72998691 -2.48688745 -1.58393741 0.45590046 -0.22535117 -0.57984167
-1.68110132 -0.12436012 -2.76236892 -1.96957982 0.53153348 -0.16614920 -1.68110132 -0.12436012 -2.76236892 -1.96957982 0.53153348 -0.16614918
-1.25671101 -0.36428124 -1.15064740 -0.93711114 1.09601986 0.62417305 -1.25671101 -0.36428124 -1.15064728 -0.93711114 1.09601986 0.62417299
-2.27654743 -1.97574794 -1.14926839 0.20946594 -1.20650125 -0.90694577 -2.27654743 -1.97574806 -1.14926839 0.20946594 -1.20650125 -0.90694577
-3.94456577 -2.47659731 -2.27270198 0.48477873 0.12283814 0.19750069 -3.94456577 -2.47659731 -2.27270198 0.48477870 0.12283814 0.19750069
-3.18879795 -2.71304655 -2.96558928 -0.32927179 0.88800377 0.02108982 -3.18879795 -2.71304655 -2.96558928 -0.32927176 0.88800377 0.02108982
-14.86620522 -14.36315346 -13.95637035 -0.00000671 0.01214056 0.00010568 -14.86620522 -14.36315441 -13.95637035 -0.00000671 0.01214056 0.00010568
-12.21631241 -11.47570801 -11.70767021 -0.12022109 0.15424606 -0.37061879 -12.21631241 -11.47570801 -11.70767021 -0.12022109 0.15424606 -0.37061879
-13.74832535 -12.32798576 -12.19685650 -0.02477502 0.26819375 0.24599874 -13.74832630 -12.32798576 -12.19685745 -0.02477502 0.26819372 0.24599874
-10.49454021 -11.58969021 -10.20592690 0.59791362 0.81718642 0.39916313 -10.49454117 -11.58969021 -10.20592690 0.59791362 0.81718642 0.39916313
-10.27055454 -9.57500172 -10.41034985 -0.40849057 -0.82212538 -0.38283050 -10.27055550 -9.57500172 -10.41034985 -0.40849057 -0.82212538 -0.38283050
-9.57913971 -9.30215168 -10.16383934 0.04570265 0.02097159 -0.12355138 -9.57913971 -9.30215168 -10.16383934 0.04570265 0.02097159 -0.12355137
-9.93587112 -10.87036800 -10.06477070 0.64122427 0.57820708 0.94937122 -9.93587112 -10.87036800 -10.06476974 0.64122427 0.57820714 0.94937122
-8.26327419 -8.66124058 -8.93561840 -0.64488059 -0.36195642 -0.61135662 -8.26327419 -8.66124058 -8.93561840 -0.64488059 -0.36195642 -0.61135662
-11.23775768 -9.72464848 -10.65354443 0.31427160 -0.95808977 -0.07098711 -11.23775768 -9.72464848 -10.65354443 0.31427160 -0.95808983 -0.07098711
-13.48258972 -11.74125004 -11.89289379 0.77406418 0.19374049 0.50609607 -13.48259068 -11.74125004 -11.89289379 0.77406418 0.19374049 0.50609607
