18.51951218 18.51951218 18.51951218 -0.00000000 -0.00000000 -0.00000000 18.51951218 18.51951218 18.51951218 -0.00000000 -0.00000000 -0.00000000
18.35218620 18.35218620 18.35218620 -0.00000000 -0.00000000 -0.00000000 18.35218620 18.35218620 18.35218620 -0.00000000 -0.00000000 -0.00000000
14.67368984 14.67368984 14.67368984 -0.00000000 -0.00000000 -0.00000000 14.67368984 14.67368984 14.67368984 -0.00000000 -0.00000000 -0.00000000
14.52320576 14.52320576 14.52320576 -0.00000000 -0.00000000 -0.00000000 14.52320576 14.52320576 14.52320576 -0.00000000 -0.00000000 -0.00000000
11.05516052 11.05516052 11.05516052 0.00000000 0.00000000 0.00000000 11.05516052 11.05516052 11.05516052 0.00000000 0.00000000 0.00000000
10.92801189 10.92801189 10.92801189 0.00000000 0.00000000 0.00000000 10.92801189 10.92801189 10.92801189 0.00000000 0.00000000 0.00000000
7.65921497 7.65921497 7.65921497 -0.00000000 -0.00000000 -0.00000000 7.65921497 7.65921497 7.65921497 -0.00000000 -0.00000000 -0.00000000
7.57802343 7.57802343 7.57802343 -0.00000000 -0.00000000 -0.00000000 7.57802343 7.57802343 7.57802343 -0.00000000 -0.00000000 -0.00000000
4.49661064 4.49661064 4.49661064 -0.00000000 -0.00000000 -0.00000000 4.49661064 4.49661064 4.49661064 -0.00000000 -0.00000000 -0.00000000
4.42625904 4.42625904 4.42625904 -0.00000000 -0.00000000 -0.00000000 4.42625904 4.42625904 4.42625904 -0.00000000 -0.00000000 -0.00000000
1.59527385 1.59527385 1.59527385 -0.00000000 -0.00000000 -0.00000000 1.59527397 1.59527397 1.59527397 -0.00000000 -0.00000000 -0.00000000
1.48108006 1.48108006 1.48108006 -0.00000000 -0.00000000 -0.00000000 1.48108006 1.48108006 1.48108006 -0.00000000 -0.00000000 -0.00000000
0.44191948 0.44191948 0.44191948 -0.00000000 -0.00000000 -0.00000000 0.44191945 0.44191945 0.44191945 -0.00000000 -0.00000000 -0.00000000
0.30504721 0.30504721 0.30504721 -0.00000000 -0.00000000 -0.00000000 0.30504724 0.30504724 0.30504724 -0.00000000 -0.00000000 -0.00000000
-0.12131508 -0.12131508 -0.12131508 0.00000000 0.00000000 0.00000000 -0.12131508 -0.12131508 -0.12131508 0.00000000 0.00000000 0.00000000
-0.21349137 -0.21349137 -0.21349137 -0.00000000 -0.00000000 -0.00000000 -0.21349135 -0.21349135 -0.21349135 -0.00000000 -0.00000000 -0.00000000
-0.67369092 -0.67369092 -0.67369092 -0.00000000 -0.00000000 -0.00000000 -0.67369086 -0.67369086 -0.67369086 -0.00000000 -0.00000000 -0.00000000
-0.72028607 -0.72028607 -0.72028607 -0.00000000 -0.00000000 -0.00000000 -0.72028607 -0.72028607 -0.72028607 -0.00000000 -0.00000000 -0.00000000
-1.21544945 -1.21544945 -1.21544945 -0.00000000 -0.00000000 -0.00000000 -1.21544945 -1.21544945 -1.21544945 -0.00000000 -0.00000000 -0.00000000
-1.21544945 -1.21544945 -1.21544945 -0.00000000 -0.00000000 -0.00000000 -1.21544945 -1.21544945 -1.21544945 -0.00000000 -0.00000000 -0.00000000
-1.74176717 -1.74176717 -1.74176717 -0.00000000 -0.00000000 -0.00000000 -1.74176717 -1.74176717 -1.74176717 -0.00000000 -0.00000000 -0.00000000
-1.70111346 -1.70111346 -1.70111346 -0.00000001 -0.00000001 -0.00000001 -1.70111346 -1.70111346 -1.70111346 -0.00000001 -0.00000001 -0.00000001
-2.24905849 -2.24905849 -2.24905849 -0.00000000 -0.00000000 -0.00000000 -2.24905849 -2.24905849 -2.24905849 -0.00000000 -0.00000000 -0.00000000
-2.16411757 -2.16411757 -2.16411757 -0.00000000 -0.00000000 -0.00000000 -2.16411757 -2.16411757 -2.16411757 -0.00000000 -0.00000000 -0.00000000
-2.74739695 -2.74739695 -2.74739695 -0.00000000 -0.00000000 -0.00000000 -2.74739695 -2.74739695 -2.74739695 -0.00000000 -0.00000000 -0.00000000
-2.61803341 -2.61803341 -2.61803341 -0.00000000 -0.00000000 -0.00000000 -2.61803341 -2.61803341 -2.61803341 -0.00000000 -0.00000000 -0.00000000
-3.71824026 -3.71824026 -3.71824026 -0.00000000 -0.00000000 -0.00000000 -3.71824026 -3.71824026 -3.71824026 -0.00000000 -0.00000000 -0.00000000
-3.50194621 -3.50194621 -3.50194621 0.00000000 0.00000000 0.00000000 -3.50194645 -3.50194645 -3.50194645 0.00000000 0.00000000 0.00000000
-4.66583443 -4.66583443 -4.66583443 -0.00000000 -0.00000000 -0.00000000 -4.66583443 -4.66583443 -4.66583443 -0.00000000 -0.00000000 -0.00000000
-4.36249828 -4.36249828 -4.36249828 -0.00000000 -0.00000000 -0.00000000 -4.36249828 -4.36249828 -4.36249828 -0.00000000 -0.00000000 -0.00000000
-5.61696005 -5.61696005 -5.61696005 0.00000000 0.00000000 0.00000000 -5.61696005 -5.61696005 -5.61696005 0.00000000 0.00000000 0.00000000
-5.23651409 -5.23651409 -5.23651409 -0.00000000 -0.00000000 -0.00000000 -5.23651409 -5.23651409 -5.23651409 -0.00000000 -0.00000000 -0.00000000
-6.53043079 -6.53043079 -6.53043079 0.00000000 0.00000000 0.00000000 -6.53043079 -6.53043079 -6.53043079 0.00000000 0.00000000 0.00000000
-6.07201719 -6.07201719 -6.07201719 -0.00000000 -0.00000000 -0.00000000 -6.07201719 -6.07201719 -6.07201719 -0.00000000 -0.00000000 -0.00000000
-7.42819977 -7.42819977 -7.42819977 -0.00000000 -0.00000000 -0.00000000 -7.42819977 -7.42819977 -7.42819977 -0.00000000 -0.00000000 -0.00000000
-6.88345480 -6.88345480 -6.88345480 -0.00000000 -0.00000000 -0.00000000 -6.88345528 -6.88345528 -6.88345528 -0.00000000 -0.00000000 -0.00000000
-8.29872322 -8.29872322 -8.29872322 -0.00000000 -0.00000000 -0.00000000 -8.29872322 -8.29872322 -8.29872322 -0.00000000 -0.00000000 -0.00000000
-7.67181540 -7.67181540 -7.67181540 -0.00000000 -0.00000000 -0.00000000 -7.67181492 -7.67181492 -7.67181492 -0.00000000 -0.00000000 -0.00000000
-1.21544945 -1.21544945 -1.21544945 -0.00000000 -0.00000000 -0.00000000 -1.21544945 -1.21544945 -1.21544945 -0.00000000 -0.00000000 -0.00000000
1.65279555 0.47597793 0.70641047 -0.81266677 -0.70407975 0.64808810 1.65279555 0.47597793 0.70641047 -0.81266677 -0.70407975 0.64808810
1.72550559 1.54609287 0.59091681 -0.42911381 -0.02095938 1.32183409 1.72550559 1.54609299 0.59091675 -0.42911381 -0.02095938 1.32183421
0.30004886 1.00912881 0.32978722 -0.40413827 0.71644723 1.14632761 0.30004889 1.00912881 0.32978725 -0.40413827 0.71644717 1.14632761
-1.79232621 0.13789162 0.59767836 0.41312125 0.94410187 0.56559616 -1.79232633 0.13789162 0.59767836 0.41312122 0.94410187 0.56559622
-2.45440221 -0.43237534 0.52716368 1.05305159 0.62192094 0.05688304 -2.45440221 -0.43237534 0.52716368 1.05305159 0.62192088 0.05688304
-1.20514584 -1.09923506 0.62756878 1.15632153 -0.55755365 0.27101922 -1.20514584 -1.09923518 0.62756878 1.15632153 -0.55755365 0.27101922
