119.29754639 123.84958649 109.66780853 -0.08014791 -0.97995031 -0.04281627 119.29753876 123.84958649 109.66780853 -0.08014791 -0.97995031 -0.04281627
51.71916199 56.26037598 65.71315765 0.49916273 7.54159164 -16.46732140 51.71916199 56.26037598 65.71315765 0.49916273 7.54159117 -16.46732330
97.56027222 101.97829437 89.65157318 -0.06730153 -0.98047960 -0.03982941 97.56027222 101.97829437 89.65157318 -0.06730153 -0.98047960 -0.03982941
40.46766281 45.32088852 53.21649551 -0.25370631 7.05375862 -14.02175045 40.46766281 45.32088852 53.21649551 -0.25370631 7.05375862 -14.02175045
77.49851227 81.82159424 71.11195374 -0.05672485 -0.54917800 -0.03343613 77.49851990 81.82159424 71.11196136 -0.05672485 -0.54917800 -0.03343613
30.85199356 35.59540558 42.13854218 -0.75774598 6.59586859 -11.72132301 30.85199165 35.59540558 42.13854218 -0.75774592 6.59586859 -11.72132301
59.68701935 63.78083801 54.46938324 -0.05040505 0.00897758 -0.02539733 59.68702316 63.78084183 54.46938324 -0.05040505 0.00897758 -0.02539732
22.71591187 27.05906868 32.50125504 -1.11462235 6.04672909 -9.56623745 22.71591187 27.05906868 32.50125504 -1.11462247 6.04672909 -9.56623650
44.56476212 48.21307755 40.04414749 -0.04428044 0.54573631 -0.01870796 44.56476212 48.21307755 40.04414749 -0.04428043 0.54573625 -0.01870796
15.92712402 19.74007225 24.12509155 -1.56661057 5.28460836 -7.63108921 15.92712402 19.74007225 24.12509155 -1.56661057 5.28460836 -7.63108921
32.03260040 35.22102356 27.86614227 -0.03801669 1.00442243 -0.01271537 32.03260040 35.22102737 27.86614227 -0.03801669 1.00442243 -0.01271537
10.41168213 13.72042656 16.97992897 -2.06891155 4.49342537 -5.94348145 10.41168213 13.72042561 16.97992897 -2.06891155 4.49342537 -5.94348097
21.80705070 24.45583725 17.68039703 -0.03048632 1.34574151 -0.00763575 21.80705070 24.45583725 17.68039513 -0.03048632 1.34574151 -0.00763575
6.35574293 9.29516602 11.03573799 -2.40653586 3.70299006 -4.38039303 6.35574293 9.29516602 11.03573799 -2.40653610 3.70299006 -4.38039303
13.48117352 15.51515865 9.28808594 -0.02314292 1.48368514 -0.00480548 13.48117352 15.51515961 9.28808498 -0.02314292 1.48368514 -0.00480548
4.42856264 7.01226330 6.33306694 -2.32465291 3.01483297 -2.83027196 4.42856264 7.01226330 6.33306694 -2.32465291 3.01483297 -2.83027172
12.00779152 13.92342949 8.01332951 -0.02258788 1.43738794 -0.00444046 12.00779152 13.92342949 8.01333046 -0.02258788 1.43738782 -0.00444046
4.19211197 6.60143185 5.57173204 -2.19033122 2.79539847 -2.50678945 4.19211197 6.60143185 5.57173204 -2.19033122 2.79539847 -2.50678968
10.59040642 12.38535309 6.77896070 -0.02148799 1.38830841 -0.00414181 10.59040642 12.38535309 6.77896070 -0.02148799 1.38830841 -0.00414181
4.02087402 6.20404673 4.84299707 -2.01539946 2.57539296 -2.17230010 4.02087402 6.20404673 4.84299707 -2.01539946 2.57539272 -2.17229986
9.22412968 10.89717484 5.58234692 -0.01992819 1.33648527 -0.00365475 9.22412872 10.89717484 5.58234739 -0.01992819 1.33648527 -0.00365475
7.39995670 8.73711586 5.52662230 -0.04003355 2.00859928 -0.04305267 7.39995670 8.73711586 5.52662230 -0.04003355 2.00859904 -0.04305267
7.90536690 9.46434593 4.42417812 -0.01863149 1.28277874 -0.00353470 7.90536737 9.46434498 4.42417812 -0.01863149 1.28277874 -0.00353470
6.28011084 7.54537010 4.36539698 -0.02240660 1.83386683 -0.02570404 6.28011084 7.54537010 4.36539745 -0.02240660 1.83386683 -0.02570404
6.63198709 8.08032513 3.30133200 -0.01715014 1.22723711 -0.00311848 6.63198757 8.08032513 3.30133200 -0.01715014 1.22723711 -0.00311848
5.19392776 6.37370634 3.28015447 -0.01690562 1.69484985 -0.01884677 5.19392776 6.37370634 3.28015471 -0.01690562 1.69484985 -0.01884677
5.40076685 6.73834658 2.21011329 -0.01584675 1.16899085 -0.00258260 5.40076685 6.73834610 2.21011329 -0.01584675 1.16899085 -0.00258260
4.15257740 5.24087429 2.21177912 -0.01217976 1.55825818 -0.01403611 4.15257740 5.24087429 2.21177912 -0.01217976 1.55825818 -0.01403611
4.21102333 5.43793964 1.14877784 -0.01423175 1.10797584 -0.00275998 4.21102333 5.43793964 1.14877784 -0.01423175 1.10797584 -0.00275998
3.13048220 4.13262558 1.15369296 -0.00602431 1.42594361 -0.00958423 3.13048220 4.13262558 1.15369308 -0.00602431 1.42594349 -0.00958423
3.06717467 4.18284988 0.12129363 -0.01299330 1.03865683 -0.00259944 3.06717467 4.18284988 0.12129363 -0.01299330 1.03865683 -0.00259944
2.15541196 3.05127501 0.10806877 -0.00224226 1.30944526 -0.00618892 2.15541196 3.05127501 0.10806878 -0.00224226 1.30944526 -0.00618892
1.95787084 2.96428227 -0.88177729 -0.01158551 0.96685439 -0.00236530 1.95787096 2.96428227 -0.88177729 -0.01158551 0.96685439 -0.00236530
1.16456020 1.97497714 -0.87824202 -0.00079342 1.18868554 -0.00461804 1.16456020 1.97497714 -0.87824202 -0.00079342 1.18868554 -0.00461804
0.87855285 1.74807918 -1.86233509 -0.00774871 0.88410598 -0.00131770 0.87855285 1.74807906 -1.86233509 -0.00774871 0.88410598 -0.00131770
0.21452592 0.93562353 -1.85560811 0.00178520 1.06677842 -0.00191534 0.21452592 0.93562359 -1.85560822 0.00178520 1.06677842 -0.00191534
-0.17089185 0.55922765 -2.81911659 -0.00674016 0.79790759 -0.00118367 -0.17089185 0.55922759 -2.81911635 -0.00674016 0.79790759 -0.00118367
-0.65257406 -0.07590210 -2.79814219 0.00228710 0.93352145 -0.00166120 -0.65257406 -0.07590210 -2.79814219 0.00228710 0.93352145 -0.00166120
-1.18412185 -0.57086766 -3.75193000 -0.00703525 0.71087790 -0.00164161 -1.18412185 -0.57086766 -3.75193024 -0.00703525 0.71087790 -0.00164161
-1.54091060 -1.02778006 -3.73239064 0.00268799 0.81256878 -0.00038466 -1.54091048 -1.02778006 -3.73239040 0.00268799 0.81256878 -0.00038466
-2.16609907 -1.66212916 -4.65968180 -0.00589376 0.62377083 -0.00164596 -2.16609907 -1.66212916 -4.65968180 -0.00589376 0.62377083 -0.00164596
-2.40430355 -1.97396874 -4.61668062 0.00401328 0.69630969 0.00069534 -2.40430355 -1.97396874 -4.61668062 0.00401328 0.69630969 0.00069534
-3.11954308 -2.72381401 -5.54290152 -0.00480518 0.53724933 -0.00165194 -3.11954308 -2.72381401 -5.54290152 -0.00480518 0.53724927 -0.00165194
-3.23521495 -2.86064553 -5.53111553 0.00366599 0.58024395 -0.00032204 -3.23521471 -2.86064553 -5.53111553 0.00366599 0.58024395 -0.00032204
-4.04913092 -3.75707030 -6.40667248 -0.00360677 0.45056912 -0.00158410 -4.04913092 -3.75707006 -6.40667248 -0.00360677 0.45056909 -0.00158410
-4.04913092 -3.75707030 -6.40667248 -0.00360677 0.45056912 -0.00158410 -4.04913092 -3.75707006 -6.40667248 -0.00360677 0.45056909 -0.00158410
-4.95616245 -4.76262712 -7.25116825 -0.00263171 0.36427081 -0.00157004 -4.95616245 -4.76262712 -7.25116825 -0.00263171 0.36427081 -0.00157004
-4.87616587 -4.68108416 -7.21327496 0.00097904 0.34567302 0.00007105 -4.87616587 -4.68108463 -7.21327448 0.00097904 0.34567302 0.00007105
-5.84183979 -5.74258947 -8.07718182 -0.00151030 0.27852687 -0.00153860 -5.84183979 -5.74258947 -8.07718182 -0.00151030 0.27852687 -0.00153860
-5.63923502 -5.47960806 -8.09532928 0.00798626 0.24776585 0.00574752 -5.63923502 -5.47960758 -8.09532928 0.00798626 0.24776587 0.00574752
-6.70791388 -6.69716311 -8.88610077 -0.00060552 0.19290072 -0.00155532 -6.70791340 -6.69716263 -8.88610077 -0.00060552 0.19290072 -0.00155532
-6.41401386 -6.32548571 -8.90824127 0.00775347 0.14631155 0.00583898 -6.41401386 -6.32548571 -8.90824127 0.00775347 0.14631155 0.00583898
-7.55497408 -7.62556553 -9.67786980 0.00052339 0.10821266 -0.00178184 -7.55497360 -7.62556601 -9.67786980 0.00052339 0.10821266 -0.00178184
-7.15335035 -7.12655973 -9.47579861 0.00851900 0.03168190 0.00707979 -7.15335083 -7.12656021 -9.47579861 0.00851900 0.03168190 0.00707979
-8.38428593 -8.53084660 -10.43551064 0.00133909 0.02421041 -0.00201293 -8.38428593 -8.53084660 -10.43551064 0.00133909 0.02421041 -0.00201293
-7.86096096 -7.89956903 -9.87217808 0.01037724 -0.05577571 0.00852421 -7.86096096 -7.89956903 -9.87217712 0.01037724 -0.05577571 0.00852421
-9.22629929 -9.41569614 -10.93301964 0.00233478 -0.05867802 -0.00151685 -9.22630024 -9.41569519 -10.93301964 0.00233478 -0.05867802 -0.00151685
-8.60877705 -8.67589188 -10.28295040 0.01071201 -0.15798964 0.00915493 -8.60877705 -8.67589188 -10.28295135 0.01071201 -0.15798964 0.00915493
-10.08470440 -10.27872276 -11.42689419 0.00310426 -0.14042325 -0.00125723 -10.08470440 -10.27872276 -11.42689419 0.00310426 -0.14042325 -0.00125723
-9.36781693 -9.42818165 -10.71468067 0.01516606 -0.23452954 0.00940328 -9.36781693 -9.42818165 -10.71468067 0.01516606 -0.23452953 0.00940328
-10.93181038 -11.11212921 -11.91217422 0.00367725 -0.21464650 -0.00134666 -10.93181038 -11.11212921 -11.91217422 0.00367725 -0.21464652 -0.00134666
-10.11891460 -10.14402199 -11.12740135 0.01597383 -0.31833592 0.01023586 -10.11891460 -10.14402199 -11.12740135 0.01597383 -0.31833592 0.01023586
-11.76090336 -11.92190552 -12.39510536 0.00441559 -0.28472891 -0.00013950 -11.76090336 -11.92190647 -12.39510536 0.00441559 -0.28472891 -0.00013950
-10.86095333 -10.86783123 -11.55952454 0.02020736 -0.40405628 0.01139516 -10.86095333 -10.86783218 -11.55952454 0.02020736 -0.40405628 0.01139516
-12.57655907 -12.71432781 -12.88668060 0.00509037 -0.34866300 0.00024581 -12.57655907 -12.71432686 -12.88668060 0.00509037 -0.34866300 0.00024581
-11.57882309 -11.56673908 -11.98351479 0.01728684 -0.46647662 0.01096381 -11.57882214 -11.56674004 -11.98351479 0.01728684 -0.46647665 0.01096381
-13.37708282 -13.48881531 -13.37408829 0.00565040 -0.41195005 0.00044291 -13.37708187 -13.48881435 -13.37408733 0.00565040 -0.41195005 0.00044291
-12.27732754 -12.24623585 -12.42877197 0.01888003 -0.52617335 0.01147490 -12.27732754 -12.24623489 -12.42877102 0.01888003 -0.52617335 0.01147490
-14.16302776 -14.24503136 -13.86020279 0.00592973 -0.47657198 0.00024452 -14.16302872 -14.24503231 -13.86020374 0.00592973 -0.47657198 0.00024452
-12.96851444 -12.93150139 -12.86258221 0.01564944 -0.58640897 0.01151165 -12.96851349 -12.93150139 -12.86258125 0.01564944 -0.58640903 0.01151165
-14.93138409 -14.98363113 -14.34531879 0.00592332 -0.54038632 0.00008758 -14.93138409 -14.98363209 -14.34531784 0.00592332 -0.54038638 0.00008758
-13.64525414 -13.56042385 -13.29286480 0.01614512 -0.63209480 0.01107045 -13.64525414 -13.56042385 -13.29286480 0.01614512 -0.63209480 0.01107045
-15.68579006 -15.71076202 -14.82727623 0.00638773 -0.59904522 0.00045107 -15.68579102 -15.71076202 -14.82727623 0.00638773 -0.59904522 0.00045107
-14.31361198 -14.18685913 -13.73581409 0.01749223 -0.67032963 0.01150805 -14.31361198 -14.18685913 -13.73581409 0.01749223 -0.67032963 0.01150805
-16.42676926 -16.42442894 -15.30550671 0.00684492 -0.65466046 0.00058725 -16.42676926 -16.42442894 -15.30550671 0.00684492 -0.65466052 0.00058725
-14.96250820 -14.80173874 -14.16713810 0.01767351 -0.70857561 0.01104511 -14.96250725 -14.80173874 -14.16713905 0.01767351 -0.70857561 0.01104511
-19.94086647 -19.79601288 -17.61823273 0.00943664 -0.91056341 0.00168592 -19.94086647 -19.79601288 -17.61823273 0.00943664 -0.91056341 0.00168592
-18.04606628 -17.56920815 -16.23903275 0.01985496 -0.83050364 0.01177513 -18.04606628 -17.56920624 -16.23903275 0.01985496 -0.83050364 0.01177513
-23.01873398 -22.54320908 -19.74792671 0.00958337 -1.01300144 0.00154162 -23.01873398 -22.54321098 -19.74792671 0.00958337 -1.01300144 0.00154162
-20.86805725 -19.75713921 -18.05036926 0.02306524 -0.76103890 0.01269100 -20.86805725 -19.75713921 -18.05036926 0.02306524 -0.76103890 0.01269100
-24.44269180 -23.01711464 -21.42114258 0.00873853 -0.51623869 0.00152119 -24.44269180 -23.01711464 -21.42114449 0.00873853 -0.51623869 0.00152119
-23.35685730 -20.67035103 -19.35575867 0.02533079 -0.31522152 0.01205891 -23.35685539 -20.67035103 -19.35575867 0.02533079 -0.31522155 0.01205891
-25.08750343 -23.34538460 -22.66401863 0.00674098 -0.05116803 0.00123554 -25.08750343 -23.34538269 -22.66401863 0.00674098 -0.05116803 0.00123554
-24.76207161 -20.25674629 -17.02879906 0.02505016 0.16606368 0.01113441 -24.76206970 -20.25674629 -17.02879906 0.02505016 0.16606368 0.01113441
-25.02500534 -23.72347260 -23.50313568 0.00514256 0.35957271 0.00190536 -25.02500534 -23.72347450 -23.50313377 0.00514256 0.35957271 0.00190536
-24.45275497 -18.62694740 -13.61810589 0.01851641 0.38453162 0.00538645 -24.45275497 -18.62694550 -13.61810684 0.01851641 0.38453162 0.00538645
-25.09643364 -23.91952133 -23.99537468 0.00448510 0.48022932 0.00159235 -25.09643364 -23.91952133 -23.99537468 0.00448510 0.48022932 0.00159235
-23.67532730 -17.75161362 -11.30390549 0.01512237 0.69551110 0.00210475 -23.67532730 -17.75161362 -11.30390549 0.01512237 0.69551116 0.00210475
-25.22912216 -23.92650604 -24.15738106 0.00365404 0.34487617 0.00104960 -25.22912025 -23.92650604 -24.15738106 0.00365404 0.34487614 0.00104960
-22.85009956 -17.28934860 -9.49506569 0.01609378 0.98867065 0.00631221 -22.85009956 -17.28934860 -9.49506569 0.01609378 0.98867065 0.00631221
