9061.44531250 9061.43066406 8032.20898438 -0.00134648 0.00498586 0.00519357 9061.44531250 9061.43066406 8032.20898438 -0.00134648 0.00498586 0.00519357
8078.49853516 8078.50927734 7157.61474609 0.00000001 -0.00850221 0.00000001 8078.49853516 8078.50927734 7157.61474609 0.00000001 -0.00850221 0.00000001
7192.21777344 7192.24755859 6375.77587891 -0.00000020 0.00371228 0.00000003 7192.21777344 7192.24707031 6375.77636719 -0.00000020 0.00371228 0.00000003
6399.86865234 6399.82080078 5677.25390625 -0.00198670 0.00306188 0.00757470 6399.86865234 6399.82080078 5677.25390625 -0.00198670 0.00306188 0.00757470
5696.43798828 5696.42138672 5051.15771484 -0.00000008 -0.01008599 -0.00000003 5696.43798828 5696.42089844 5051.15771484 -0.00000008 -0.01008599 -0.00000003
5068.75537109 5068.75048828 4495.44921875 0.00000007 -0.00847805 -0.00000001 5068.75537109 5068.75048828 4495.44921875 0.00000007 -0.00847805 -0.00000001
4517.94970703 4517.95312500 3996.56640625 0.00000002 0.00897648 0.00000006 4517.94970703 4517.95312500 3996.56640625 0.00000002 0.00897648 0.00000006
4026.67309570 4026.68139648 3545.57177734 0.00000005 -0.00046312 0.00000006 4026.67333984 4026.68139648 3545.57177734 0.00000005 -0.00046312 0.00000006
3601.28784180 3601.29101562 3141.19287109 -0.00000007 0.00670854 -0.00000001 3601.28784180 3601.29101562 3141.19287109 -0.00000007 0.00670854 -0.00000001
3209.36474609 3209.36328125 2774.01171875 -0.00050146 -0.00238029 0.00214800 3209.36450195 3209.36328125 2774.01196289 -0.00050146 -0.00238029 0.00214800
2846.59106445 2846.57763672 2456.63354492 0.00000002 -0.00045770 0.00000001 2846.59130859 2846.57763672 2456.63354492 0.00000002 -0.00045770 0.00000001
2507.02832031 2507.02905273 2173.94238281 0.00000001 0.00144649 -0.00000001 2507.02832031 2507.02905273 2173.94213867 0.00000001 0.00144649 -0.00000001
2188.17138672 2188.18164062 1916.98950195 -0.00000000 0.00836342 -0.00000001 2188.17138672 2188.18164062 1916.98950195 -0.00000000 0.00836342 -0.00000001
1894.66589355 1894.67211914 1692.94165039 0.00000003 0.00234095 -0.00000000 1894.66589355 1894.67211914 1692.94165039 0.00000003 0.00234095 -0.00000000
1641.09020996 1641.09338379 1510.39624023 -0.00000003 -0.00099078 0.00000008 1641.09020996 1641.09338379 1510.39624023 -0.00000003 -0.00099078 0.00000008
1446.09582520 1446.09826660 1375.25427246 -0.00051803 0.00317999 0.00127025 1446.09594727 1446.09826660 1375.25427246 -0.00051803 0.00317999 0.00127025
1312.18530273 1312.18237305 1281.02343750 -0.00052316 0.00002139 0.00112380 1312.18530273 1312.18237305 1281.02355957 -0.00052316 0.00002139 0.00112380
1216.27111816 1216.27148438 1205.06542969 0.00000002 0.00046227 0.00000001 1216.27111816 1216.27148438 1205.06530762 0.00000002 0.00046227 0.00000001
1130.53918457 1130.54199219 1125.35449219 0.00000002 0.00328226 -0.00000001 1130.53918457 1130.54199219 1125.35449219 0.00000002 0.00328226 -0.00000001
1035.05639648 1035.06237793 1027.91320801 0.00031360 0.00024841 -0.00075665 1035.05639648 1035.06237793 1027.91320801 0.00031360 0.00024841 -0.00075665
927.32836914 927.32934570 915.05065918 0.00000005 -0.00080855 -0.00000003 927.32836914 927.32934570 915.05065918 0.00000005 -0.00080855 -0.00000003
812.05657959 812.05548096 795.74218750 -0.00019684 0.00068835 0.00055453 812.05657959 812.05548096 795.74218750 -0.00019684 0.00068835 0.00055453
697.97668457 697.97906494 678.09814453 0.00000000 -0.00030936 0.00000002 697.97668457 697.97906494 678.09814453 0.00000000 -0.00030936 0.00000002
591.54412842 591.54400635 568.71423340 0.00000000 -0.00000734 0.00000000 591.54418945 591.54400635 568.71423340 0.00000000 -0.00000734 0.00000000
495.88528442 495.88644409 471.24276733 -0.00000000 0.00069905 -0.00000000 495.88525391 495.88641357 471.24276733 -0.00000000 0.00069905 -0.00000000
412.39877319 412.40267944 387.43524170 0.00005577 0.00027333 -0.00028011 412.39874268 412.40267944 387.43524170 0.00005577 0.00027333 -0.00028011
340.74267578 340.74136353 316.72531128 0.00000001 0.00012142 0.00000000 340.74267578 340.74136353 316.72531128 0.00000001 0.00012142 0.00000000
280.18890381 280.18783569 257.38098145 0.00000000 0.00007852 -0.00000001 280.18890381 280.18783569 257.38098145 0.00000000 0.00007852 -0.00000001
229.47175598 229.47213745 208.04096985 0.00001651 0.00005925 -0.00015666 229.47177124 229.47213745 208.04096985 0.00001651 0.00005925 -0.00015666
187.26446533 187.26435852 167.50286865 -0.00000000 -0.00005025 -0.00000000 187.26446533 187.26435852 167.50286865 -0.00000000 -0.00005025 -0.00000000
152.20581055 152.20602417 133.84199524 0.00000504 0.00000862 -0.00010364 152.20581055 152.20602417 133.84199524 0.00000504 0.00000862 -0.00010364
122.70211029 122.70277405 105.65512085 0.00000353 0.00012786 -0.00016983 122.70211029 122.70277405 105.65512085 0.00000353 0.00012786 -0.00016983
97.70539093 97.70479584 81.94582367 0.00000152 -0.00004021 0.00006847 97.70539093 97.70478821 81.94582367 0.00000152 -0.00004021 0.00006847
76.31744385 76.31693268 61.72667694 0.00000391 -0.00004996 0.00005515 76.31744385 76.31693268 61.72667694 0.00000391 -0.00004996 0.00005515
57.79165649 57.79143906 44.28091431 -0.00000000 0.00001812 -0.00000000 57.79165649 57.79143906 44.28091431 -0.00000000 0.00001812 -0.00000000
41.59724045 41.59724426 29.27532387 -0.00000000 0.00008556 -0.00000001 41.59724045 41.59724426 29.27532578 -0.00000000 0.00008556 -0.00000001
30.02743530 30.02737045 20.92010498 0.00000000 -0.00002474 -0.00000000 30.02743340 30.02737045 20.92010307 0.00000000 -0.00002474 -0.00000000
19.53762436 19.53769875 13.24404240 0.00001338 0.00005396 -0.00002723 19.53762436 19.53769875 13.24404240 0.00001338 0.00005396 -0.00002723
17.54720688 17.54714012 11.77081680 0.00001299 0.00000297 -0.00002647 17.54720497 17.54714203 11.77081680 0.00001299 0.00000297 -0.00002647
15.59120369 15.59135532 10.31690598 0.00000000 0.00009076 0.00000000 15.59120369 15.59135532 10.31690598 0.00000000 0.00009076 0.00000000
13.67474651 13.67474270 8.88280678 -0.00001245 0.00002219 0.00002510 13.67474747 13.67474270 8.88280773 -0.00001245 0.00002219 0.00002510
11.80091095 11.80092716 7.46887302 0.00000000 -0.00000683 0.00000000 11.80091000 11.80092716 7.46887255 0.00000000 -0.00000683 0.00000000
9.96193314 9.96192837 6.07501841 0.00000000 0.00002181 -0.00000000 9.96193314 9.96192837 6.07501841 0.00000000 0.00002181 -0.00000000
8.15570068 8.15564251 4.69982529 0.00001138 -0.00002379 -0.00002338 8.15570068 8.15564251 4.69982529 0.00001138 -0.00002379 -0.00002338
6.38508463 6.38510180 3.34355187 -0.00000007 -0.00002550 0.00000014 6.38508463 6.38510132 3.34355187 -0.00000007 -0.00002550 0.00000014
4.65018988 4.65007305 2.00639892 -0.00001087 -0.00002503 0.00002236 4.65018940 4.65007305 2.00639892 -0.00001087 -0.00002503 0.00002236
2.95124006 2.95124125 0.68896735 -0.00000006 0.00001978 0.00000013 2.95124006 2.95124125 0.68896735 -0.00000006 0.00001978 0.00000013
1.29253662 1.29238188 -0.60823196 -0.00001040 -0.00004371 0.00002143 1.29253650 1.29238176 -0.60823196 -0.00001040 -0.00004371 0.00002143
-0.33468661 -0.33475760 -1.88602269 -0.00000000 -0.00000277 0.00000000 -0.33468664 -0.33475760 -1.88602269 -0.00000000 -0.00000277 0.00000000
-1.93007934 -1.93013942 -3.14405417 -0.00000000 -0.00000648 0.00000000 -1.93007946 -1.93013942 -3.14405417 -0.00000000 -0.00000648 0.00000000
-3.49377179 -3.49380708 -4.38190651 -0.00000000 -0.00002370 -0.00000000 -3.49377179 -3.49380708 -4.38190603 -0.00000000 -0.00002370 -0.00000000
-5.02569723 -5.02570820 -5.59920073 -0.00000000 0.00001418 0.00000000 -5.02569723 -5.02570820 -5.59920073 -0.00000000 0.00001418 0.00000000
-6.52557898 -6.52563286 -6.79542923 0.00000000 -0.00001828 0.00000000 -6.52557898 -6.52563286 -6.79542923 0.00000000 -0.00001828 0.00000000
-7.99366903 -7.99367857 -7.97039795 0.00000937 0.00001229 -0.00001918 -7.99366903 -7.99367857 -7.97039747 0.00000937 0.00001229 -0.00001918
-9.42962074 -9.42965698 -9.12351608 -0.00000000 -0.00000739 0.00000000 -9.42962074 -9.42965698 -9.12351608 -0.00000000 -0.00000739 0.00000000
-10.83347034 -10.83336353 -10.25427246 0.00000000 0.00008566 -0.00000000 -10.83347034 -10.83336258 -10.25427246 0.00000000 0.00008566 -0.00000000
-12.19989204 -12.19990540 -11.34939957 -0.00000906 0.00001521 0.00001809 -12.19989204 -12.19990540 -11.34939957 -0.00000906 0.00001521 0.00001809
-13.53462315 -13.53459072 -12.42267990 0.00000000 0.00002887 0.00000000 -13.53462315 -13.53459072 -12.42267895 0.00000000 0.00002887 0.00000000
-14.83742905 -14.83740711 -13.47343636 -0.00000000 0.00001279 0.00000000 -14.83742905 -14.83740711 -13.47343636 -0.00000000 0.00001279 0.00000000
-16.10607338 -16.10607529 -14.48774910 0.00000878 0.00002972 -0.00001724 -16.10607338 -16.10607529 -14.48774910 0.00000878 0.00002972 -0.00001724
-17.34299088 -17.34296608 -15.47953415 0.00000870 0.00001440 -0.00001697 -17.34298897 -17.34296608 -15.47953510 0.00000870 0.00001440 -0.00001697
-18.54811478 -18.54823875 -16.44844818 -0.00000863 -0.00005642 0.00001670 -18.54811478 -18.54823875 -16.44844818 -0.00000863 -0.00005642 0.00001670
-19.72204781 -19.72206116 -17.39474869 -0.00000857 0.00000843 0.00001644 -19.72204971 -19.72206116 -17.39474869 -0.00000857 0.00000843 0.00001644
-20.85854340 -20.85866928 -18.31816292 -0.00000851 -0.00005922 0.00001619 -20.85854530 -20.85866928 -18.31816483 -0.00000851 -0.00005922 0.00001619
-21.75849533 -21.75852966 -19.12923622 -0.00001427 -0.00001004 0.00001914 -21.75849724 -21.75852966 -19.12923622 -0.00001427 -0.00001004 0.00001914
-22.12702179 -22.12691116 -19.69772339 0.00000000 0.00002947 0.00000000 -22.12702179 -22.12690926 -19.69772339 0.00000000 0.00002947 0.00000000
-22.49180222 -22.49177361 -20.25463676 -0.00000000 0.00002291 0.00000000 -22.49180222 -22.49177170 -20.25463676 -0.00000000 0.00002291 0.00000000
-22.84883690 -22.84888840 -20.79722023 -0.00001259 0.00002271 0.00001614 -22.84883690 -22.84888840 -20.79722023 -0.00001259 0.00002271 0.00001614
-24.51311493 -24.51316643 -23.28730202 0.00000000 -0.00002806 0.00000000 -24.51311493 -24.51316643 -23.28730202 0.00000000 -0.00002806 0.00000000
-26.02947617 -26.02938461 -25.43426514 0.00001524 -0.00000304 -0.00001604 -26.02947426 -26.02938461 -25.43426514 0.00001524 -0.00000304 -0.00001604
-27.34495163 -27.34494781 -27.22757339 -0.00000000 0.00000810 0.00000000 -27.34495354 -27.34494591 -27.22757149 -0.00000000 0.00000810 0.00000000
-28.54487610 -28.54493141 -28.67996597 0.00000000 0.00000486 0.00000000 -28.54487801 -28.54493332 -28.67996788 0.00000000 0.00000486 0.00000000
-29.56861305 -29.56866264 -29.83565521 -0.00000000 0.00000223 0.00000000 -29.56861305 -29.56866455 -29.83565521 -0.00000000 0.00000223 0.00000000
-30.42551231 -30.42554665 -30.70446968 -0.00000069 0.00000595 0.00000021 -30.42551041 -30.42554855 -30.70447159 -0.00000069 0.00000595 0.00000021
-31.11575127 -31.11576080 -31.29695511 -0.00000000 0.00000142 -0.00000000 -31.11575127 -31.11575890 -31.29695511 -0.00000000 0.00000142 -0.00000000
