11.74740982 10.28636456 8.14221001 0.00000000 -0.00018031 -0.00014074 11.74740982 10.28636456 8.14221001 0.00000000 -0.00018031 -0.00014074
6.34392262 4.00042868 -0.71748418 0.00000000 -0.00011671 -0.00002670 6.34392214 4.00042868 -0.71748418 0.00000000 -0.00011671 -0.00002670
8.74872303 7.20402765 5.50383043 -0.00000000 0.00003428 -0.00000997 8.74872208 7.20402765 5.50383043 -0.00000000 0.00003428 -0.00000997
4.40755558 2.09014273 -1.78441966 -0.00000000 0.00001358 -0.00005082 4.40755510 2.09014273 -1.78441954 -0.00000000 0.00001358 -0.00005082
5.95249462 4.33230543 3.04619241 0.00000000 0.00004294 0.00006181 5.95249414 4.33230543 3.04619241 0.00000000 0.00004294 0.00006181
2.51531053 0.25995272 -2.81041479 -0.00000000 0.00007674 0.00001080 2.51531053 0.25995272 -2.81041479 -0.00000000 0.00007674 0.00001080
3.33966994 1.65803897 0.74808449 -0.00000000 0.00000113 0.00012569 3.33967018 1.65803909 0.74808449 -0.00000000 0.00000113 0.00012569
0.72016621 -1.45862806 -3.83312798 -0.00000000 -0.00011953 0.00010810 0.72016621 -1.45862794 -3.83312798 -0.00000000 -0.00011953 0.00010810
0.89129710 -0.83252329 -1.39940631 0.00000000 0.00009108 -0.00000070 0.89129710 -0.83252329 -1.39940631 0.00000000 0.00009108 -0.00000070
-1.01075566 -3.08448172 -4.80125380 0.00000000 -0.00003396 -0.00000090 -1.01075554 -3.08448172 -4.80125332 0.00000000 -0.00003396 -0.00000090
-1.38783252 -3.15144181 -3.40378094 -0.00000000 0.00001628 -0.00007353 -1.38783252 -3.15144181 -3.40378118 -0.00000000 0.00001628 -0.00007353
-2.64525700 -4.64226103 -5.70269156 0.00000000 -0.00007183 -0.00010745 -2.64525700 -4.64226103 -5.70269156 0.00000000 -0.00007183 -0.00010745
-3.50764942 -5.31819153 -5.28080559 0.00000000 0.00009255 -0.00001168 -3.50764942 -5.31819153 -5.28080606 0.00000000 0.00009255 -0.00001168
-4.20237684 -6.15937757 -6.59419775 -0.00000000 -0.00003213 -0.00004918 -4.20237732 -6.15937757 -6.59419775 -0.00000000 -0.00003213 -0.00004918
-4.51845694 -6.32436180 -6.13758087 0.00000000 -0.00019420 -0.00000097 -4.51845694 -6.32436180 -6.13758087 0.00000000 -0.00019420 -0.00000097
-4.95895243 -6.88675308 -7.01217890 -0.00000000 0.00001585 -0.00000001 -4.95895243 -6.88675308 -7.01217890 -0.00000000 0.00001585 -0.00000001
-5.49931765 -7.18411970 -6.82180738 -0.00000000 -0.00004056 0.00000874 -5.49931812 -7.18412018 -6.82180786 -0.00000000 -0.00004056 0.00000874
-5.70338821 -7.48085308 -7.23945475 -0.00000000 -0.00015584 0.00004774 -5.70338821 -7.48085260 -7.23945427 -0.00000000 -0.00015584 0.00004774
-6.45244026 -8.01855946 -7.48705864 -0.00000000 0.00000830 -0.00010523 -6.45244026 -8.01856041 -7.48705864 -0.00000000 0.00000830 -0.00010523
-6.44904137 -8.02136993 -7.47973967 -0.00000000 0.00011405 -0.00010510 -6.44904137 -8.02136993 -7.47974014 -0.00000000 0.00011405 -0.00010510
-7.37921667 -8.82695580 -8.13496780 0.00000000 -0.00000882 0.00003042 -7.37921619 -8.82695580 -8.13496780 0.00000000 -0.00000882 0.00003042
-7.15902615 -8.56229591 -7.67817831 -0.00000000 -0.00000955 0.00006756 -7.15902615 -8.56229591 -7.67817831 -0.00000000 -0.00000955 0.00006756
-8.19852734 -9.57474709 -8.74159718 -0.00000000 -0.00001335 -0.00006868 -8.19852734 -9.57474709 -8.74159718 -0.00000000 -0.00001335 -0.00006868
-7.76356173 -9.05229664 -7.84652710 -0.00000000 -0.00013942 -0.00007032 -7.76356220 -9.05229664 -7.84652758 -0.00000000 -0.00013942 -0.00007032
-8.87022305 -10.24780273 -9.29476833 0.00000000 -0.00003958 -0.00000603 -8.87022305 -10.24780273 -9.29476929 0.00000000 -0.00003958 -0.00000603
-8.27339077 -9.49151897 -7.99334908 -0.00000000 -0.00002645 -0.00001763 -8.27339077 -9.49151993 -7.99334908 -0.00000000 -0.00002645 -0.00001763
-9.89492702 -11.42712498 -10.28337669 -0.00000000 -0.00007515 0.00001273 -9.89492702 -11.42712498 -10.28337765 -0.00000000 -0.00007515 0.00001273
-9.29616165 -10.31713963 -8.29387188 0.00000000 0.00000766 0.00006281 -9.29616165 -10.31713963 -8.29387283 0.00000000 0.00000766 0.00006281
-10.88808155 -12.55483723 -11.23346806 0.00000000 -0.00002544 -0.00001417 -10.88808155 -12.55483818 -11.23346806 0.00000000 -0.00002544 -0.00001417
-10.28250790 -11.10894012 -8.56454277 0.00000000 0.00004923 -0.00006936 -10.28250790 -11.10893917 -8.56454277 0.00000000 0.00004923 -0.00006936
-11.86375523 -13.63826084 -12.15625095 -0.00000000 -0.00005023 0.00000411 -11.86375523 -13.63826084 -12.15625000 -0.00000000 -0.00005023 0.00000411
-11.11880779 -11.81295109 -8.80926132 -0.00000000 0.00004798 0.00000981 -11.11880779 -11.81295109 -8.80926132 -0.00000000 0.00004798 0.00000981
-12.80994415 -14.66384125 -13.04106617 -0.00000000 0.00000622 0.00008727 -12.80994320 -14.66384220 -13.04106712 -0.00000000 0.00000622 0.00008727
-11.92999363 -12.49752140 -9.02801800 -0.00000000 0.00001321 0.00008642 -11.92999458 -12.49752235 -9.02801895 -0.00000000 0.00001321 0.00008642
-13.72864532 -15.63466454 -13.89062881 0.00000000 -0.00005999 -0.00000370 -13.72864532 -15.63466549 -13.89062881 0.00000000 -0.00005999 -0.00000370
-12.73339558 -13.19039631 -9.31592274 0.00000000 -0.00001029 -0.00004975 -12.73339558 -13.19039536 -9.31592274 0.00000000 -0.00001029 -0.00004975
-14.62762833 -16.57343483 -14.72154999 0.00000000 -0.00002570 0.00001158 -14.62762928 -16.57343483 -14.72155094 0.00000000 -0.00002570 0.00001158
-13.53050041 -13.86062527 -9.59857655 0.00000000 -0.00001755 0.00002273 -13.53050041 -13.86062527 -9.59857655 0.00000000 -0.00001755 0.00002273
-6.45249271 -8.01849651 -7.48702002 -0.00000000 0.00000556 -0.00002256 -6.45249271 -8.01849651 -7.48702002 -0.00000000 0.00000556 -0.00002256
-4.12409353 -5.10191679 -5.03583241 0.45717961 -1.43632281 0.05420294 -4.12409353 -5.10191679 -5.03583241 0.45717961 -1.43632281 0.05420294
-4.56181002 -7.70088625 -6.54160500 0.28490847 0.48547676 0.25997180 -4.56181002 -7.70088625 -6.54160500 0.28490847 0.48547676 0.25997180
-3.89219999 -7.47036171 -6.15310669 0.03727464 0.90990514 0.56916457 -3.89219999 -7.47036171 -6.15310669 0.03727464 0.90990520 0.56916457
-4.25030613 -6.89930105 -5.93549299 -0.12770322 -0.92928213 0.15620805 -4.25030613 -6.89930105 -5.93549299 -0.12770322 -0.92928219 0.15620805
-4.73388386 -5.83275652 -5.23079681 0.03550228 -0.88921744 -0.44449911 -4.73388386 -5.83275652 -5.23079681 0.03550229 -0.88921738 -0.44449911
-4.74294567 -5.71344185 -5.61639690 -0.14845674 0.73999661 -0.29885972 -4.74294567 -5.71344185 -5.61639690 -0.14845674 0.73999661 -0.29885972
