19.63634109 19.63632774 13.31223011 0.00000349 0.00000265 -0.00000713 19.63634109 19.63632774 13.31223011 0.00000349 0.00000265 -0.00000713
20.30097198 20.73772812 14.28316307 -0.10069269 0.02918542 -0.17835434 20.30097198 20.73772812 14.28316307 -0.10069269 0.02918542 -0.17835434
20.55418396 21.18284035 15.22730637 0.60014617 0.16527654 0.11878677 20.55418205 21.18283844 15.22730732 0.60014623 0.16527656 0.11878677
20.04854965 21.29684258 14.55929089 -0.05850284 -0.10427408 0.02284346 20.04854965 21.29684258 14.55929089 -0.05850284 -0.10427408 0.02284346
20.89691162 20.66683388 15.53941631 0.10246757 -0.17598811 -0.32553619 20.89691162 20.66683197 15.53941631 0.10246757 -0.17598811 -0.32553619
21.40454292 22.55481339 16.19528770 0.38763902 0.15226728 1.57106149 21.40454102 22.55481529 16.19528580 0.38763905 0.15226726 1.57106149
22.18976974 23.45468903 18.70094490 -0.25512788 -0.02813615 0.67205596 22.18976974 23.45468903 18.70094490 -0.25512788 -0.02813615 0.67205596
24.53043938 21.64574432 17.79021454 -0.99786019 -0.34283444 -0.16296038 24.53043938 21.64574432 17.79021454 -0.99786019 -0.34283444 -0.16296038
-6.52562523 -6.52566719 -6.79547787 -0.00000006 -0.00000560 0.00000012 -6.52562523 -6.52566719 -6.79547787 -0.00000006 -0.00000560 0.00000012
-5.27702141 -4.22888899 -5.87517214 -0.23703387 0.32230973 1.07290339 -5.27702141 -4.22888899 -5.87517214 -0.23703386 0.32230973 1.07290339
-4.31696320 -5.44216585 -5.50181913 0.03327283 -0.36301410 -0.30414316 -4.31696320 -5.44216585 -5.50181913 0.03327283 -0.36301410 -0.30414316
-3.60793853 -3.54937673 -4.49308443 -0.80797958 -0.65626192 1.23796976 -3.60793829 -3.54937673 -4.49308395 -0.80797958 -0.65626192 1.23796976
-2.81742859 -3.91520000 -3.54042244 0.65871394 0.33678821 -0.54284447 -2.81742859 -3.91520000 -3.54042244 0.65871394 0.33678821 -0.54284447
-2.20890665 -1.98514330 -3.45045686 -0.54108959 0.12747788 1.50119960 -2.20890665 -1.98514330 -3.45045662 -0.54108959 0.12747787 1.50119948
-0.68411583 -1.69583428 -2.72634840 -1.62971699 -0.67905813 0.44039518 -0.68411577 -1.69583428 -2.72634840 -1.62971699 -0.67905813 0.44039518
-22.71828651 -22.71827316 -20.75967216 -0.00000622 -0.00000647 0.00000790 -22.71828651 -22.71827316 -20.75967216 -0.00000622 -0.00000647 0.00000790
-19.29858208 -19.26230240 -17.91907692 -0.59502113 -0.03541507 -0.13326024 -19.29858208 -19.26230240 -17.91907692 -0.59502113 -0.03541507 -0.13326024
-19.79092216 -18.94442177 -18.31485748 -0.08568878 0.50117844 -0.16311300 -19.79092407 -18.94442177 -18.31485748 -0.08568878 0.50117844 -0.16311300
-19.36576271 -19.72793007 -18.00476646 0.21416900 -0.43386886 -0.74007463 -19.36576271 -19.72793007 -18.00476646 0.21416900 -0.43386886 -0.74007463
-18.65464020 -18.09098053 -17.75463104 -0.48138458 0.32107443 -0.26631987 -18.65464020 -18.09098053 -17.75463104 -0.48138455 0.32107443 -0.26631987
-17.90514374 -17.45063210 -17.28544426 0.28341666 0.39550689 0.07535360 -17.90514374 -17.45063210 -17.28544617 0.28341666 0.39550689 0.07535360
-17.93169022 -17.04222298 -16.11264420 0.24082777 0.28189069 -0.46831572 -17.93169022 -17.04222298 -16.11264420 0.24082777 0.28189069 -0.46831569
-15.59473515 -16.74651718 -15.60727882 -0.56953347 -0.31330714 0.24261872 -15.59473419 -16.74651718 -15.60727882 -0.56953347 -0.31330714 0.24261872
-14.89081383 -15.26518917 -13.98686123 -0.14129005 0.62681252 0.12859452 -14.89081478 -15.26518822 -13.98686123 -0.14129005 0.62681258 0.12859452
