-0.64235634 -0.33241317 -1.41132689 1.44906712 -0.09887981 -1.02312076 -0.64235634 -0.33241317 -1.41132689 1.44906723 -0.09887980 -1.02312076
1.12672234 -1.57712448 -0.61761028 -0.92257673 1.00756347 0.20483294 1.12672234 -1.57712448 -0.61761028 -0.92257679 1.00756347 0.20483294
-0.94821310 0.81122702 2.47623897 -0.32984272 -0.41640130 0.69772917 -0.94821316 0.81122702 2.47623897 -0.32984272 -0.41640130 0.69772917
-0.63333815 -1.60665476 0.66169745 -0.79482806 0.62713057 1.12879825 -0.63333815 -1.60665488 0.66169745 -0.79482800 0.62713057 1.12879825
0.55629170 -0.99257857 0.44790643 -0.15571682 -0.57738388 -1.09764504 0.55629170 -0.99257857 0.44790643 -0.15571682 -0.57738382 -1.09764504
-1.06443715 -1.80170417 -0.14616141 0.43128109 0.23259503 -0.23434024 -1.06443715 -1.80170417 -0.14616141 0.43128109 0.23259504 -0.23434024
-0.61915749 0.52645415 0.71709985 0.07679477 0.56711096 -0.67419022 -0.61915749 0.52645409 0.71709985 0.07679477 0.56711096 -0.67419028
-1.34885693 0.34817493 -0.28486851 -0.06864888 -0.36462697 -0.85885143 -1.34885681 0.34817493 -0.28486851 -0.06864888 -0.36462697 -0.85885143
-0.03089003 0.53679371 1.19007730 1.23046172 -0.62073141 -0.35690847 -0.03089003 0.53679365 1.19007730 1.23046172 -0.62073141 -0.35690847
0.29476312 -0.84543073 -0.94613880 -0.77703595 -0.48500457 0.22171398 0.29476312 -0.84543073 -0.94613886 -0.77703589 -0.48500457 0.22171399
0.39805120 -1.08441508 0.81832176 0.11063645 -0.85720938 0.12779665 0.39805120 -1.08441496 0.81832176 0.11063645 -0.85720938 0.12779665
-0.71901697 -1.56549048 -1.24324143 0.09617601 0.22603922 0.95136297 -0.71901697 -1.56549048 -1.24324155 0.09617601 0.22603922 0.95136303
1.30425918 0.33812732 2.45866752 0.70647788 0.15686920 -0.46492600 1.30425918 0.33812732 2.45866776 0.70647788 0.15686922 -0.46492603
0.85250950 0.12037637 1.62999547 -0.06818313 -1.31277752 -0.67333859 0.85250950 0.12037636 1.62999547 -0.06818313 -1.31277752 -0.67333859
-0.27848595 -0.45885348 -0.13907105 0.20846017 1.08079278 0.89818084 -0.27848595 -0.45885348 -0.13907103 0.20846017 1.08079290 0.89818084
-1.25939202 -0.45664886 -1.19989860 -0.10923555 -0.72100544 1.09055066 -1.25939214 -0.45664886 -1.19989860 -0.10923556 -0.72100544 1.09055066
-0.35435814 -0.69246572 0.29395840 0.49682212 0.00941014 -0.90755391 -0.35435817 -0.69246572 0.29395840 0.49682215 0.00941014 -0.90755391
0.78389877 0.75809467 1.16160810 -1.27306712 0.15358631 0.43247744 0.78389871 0.75809467 1.16160810 -1.27306712 0.15358631 0.43247744
-0.83543617 0.16375156 -0.33629832 -0.64596045 -1.10141873 -1.20177805 -0.83543617 0.16375156 -0.33629832 -0.64596045 -1.10141885 -1.20177817
-1.36662757 1.64531791 2.09756494 -0.00118504 -0.07779122 -1.05540514 -1.36662745 1.64531791 2.09756470 -0.00118504 -0.07779122 -1.05540514
0.80867112 -0.91916865 -1.83530331 -0.21778500 0.31982240 1.36441708 0.80867106 -0.91916865 -1.83530343 -0.21778502 0.31982240 1.36441708
0.06386237 -0.28845963 2.69547629 -0.39023429 -0.73160744 0.34573814 0.06386237 -0.28845963 2.69547629 -0.39023429 -0.73160738 0.34573817
-0.63334376 -0.63071597 1.35883284 0.36587113 0.62006992 0.45108116 -0.63334376 -0.63071597 1.35883284 0.36587116 0.62006992 0.45108116
1.02706933 0.27922037 1.37445045 -0.48986450 0.21386281 -0.10814329 1.02706945 0.27922037 1.37445045 -0.48986450 0.21386281 -0.10814329
0.07849900 -0.35467380 -0.96024728 2.01165724 -1.24924111 0.14441857 0.07849900 -0.35467380 -0.96024722 2.01165724 -1.24924111 0.14441858
1.30701554 2.63418436 -0.28748894 0.07570555 -0.04415865 0.75232887 1.30701554 2.63418436 -0.28748891 0.07570555 -0.04415865 0.75232887
0.33440802 0.39419606 1.12409568 -0.70772773 -0.49756396 -0.71215856 0.33440802 0.39419606 1.12409568 -0.70772767 -0.49756396 -0.71215850
-1.15398788 -3.27846527 -1.98323524 0.13281119 0.10663431 1.17032290 -1.15398788 -3.27846527 -1.98323524 0.13281119 0.10663431 1.17032290
-0.83448642 -1.22602940 0.41001123 0.48234519 1.43137395 -1.05577862 -0.83448642 -1.22602940 0.41001123 0.48234519 1.43137395 -1.05577862
1.11168277 0.21107510 1.22240794 0.31134397 -0.27820560 -0.30684346 1.11168277 0.21107510 1.22240794 0.31134394 -0.27820560 -0.30684346
0.25073051 -1.38549185 0.51253510 -0.04418486 0.89580435 0.50446814 0.25073048 -1.38549185 0.51253510 -0.04418486 0.89580435 0.50446808
-0.86296016 -1.68755209 -0.62177813 -0.00039284 0.30272540 0.71059054 -0.86296016 -1.68755209 -0.62177813 -0.00039284 0.30272540 0.71059054
-1.23222148 -0.71959078 -1.12938178 -1.38387358 -0.67652476 1.07406187 -1.23222148 -0.71959078 -1.12938178 -1.38387358 -0.67652476 1.07406187
0.76339376 1.73108256 0.22698177 -0.05400603 -0.52937728 0.09138851 0.76339376 1.73108256 0.22698177 -0.05400603 -0.52937728 0.09138851
-0.36535263 -0.19475748 -2.05952644 0.13500223 -0.94856966 -0.26559693 -0.36535263 -0.19475748 -2.05952644 0.13500223 -0.94856972 -0.26559693
-0.48861325 -0.27829060 0.05436111 0.68424797 -0.17666663 0.24472488 -0.48861325 -0.27829057 0.05436111 0.68424791 -0.17666663 0.24472487
0.71645361 0.78474224 0.24931052 -0.43604329 -0.53067559 0.16157259 0.71645355 0.78474224 0.24931052 -0.43604326 -0.53067559 0.16157261
1.97220623 1.39714468 2.80354619 -0.32078221 -0.18295249 -0.92880231 1.97220623 1.39714468 2.80354619 -0.32078221 -0.18295248 -0.92880237
0.23253874 -0.00037105 0.53746235 0.36398667 -0.14126588 -0.10079549 0.23253876 -0.00037105 0.53746229 0.36398664 -0.14126588 -0.10079549
-1.24472940 -0.24853697 -0.57110518 1.03681850 0.45538107 0.96996164 -1.24472940 -0.24853699 -0.57110518 1.03681850 0.45538104 0.96996164
-0.97978008 0.34982985 -1.28144956 0.43191171 -0.02787404 -0.14093395 -0.97978008 0.34982985 -1.28144956 0.43191171 -0.02787404 -0.14093395
0.00597362 -0.00915716 -0.58114171 -1.30354583 -0.48340297 -0.32589212 0.00597362 -0.00915716 -0.58114171 -1.30354583 -0.48340297 -0.32589212
-1.56672692 0.31313324 -1.79847598 0.48072806 0.36118001 0.46686539 -1.56672704 0.31313324 -1.79847598 0.48072806 0.36118001 0.46686536
0.37064785 -0.29356730 -0.18966864 -0.79362220 -0.59409434 -0.03928794 0.37064785 -0.29356730 -0.18966864 -0.79362220 -0.59409434 -0.03928794
2.45830631 2.11470866 2.86703968 -0.26318869 -1.30993259 -0.56767231 2.45830631 2.11470842 2.86703968 -0.26318869 -1.30993259 -0.56767231
0.29854223 0.96078038 -0.95121211 -0.18348314 -0.54128450 -0.11078450 0.29854223 0.96078032 -0.95121217 -0.18348314 -0.54128450 -0.11078450
-0.97068888 -0.21767524 -0.48107770 -0.29988101 0.17345053 0.46077979 -0.97068882 -0.21767524 -0.48107770 -0.29988101 0.17345053 0.46077979
-1.74249864 -0.48444062 0.22805157 0.11533595 0.25588253 0.10001484 -1.74249864 -0.48444062 0.22805157 0.11533595 0.25588253 0.10001484
0.79142672 1.69165885 1.48898506 -0.73120362 -0.36402017 0.25813639 0.79142672 1.69165897 1.48898494 -0.73120356 -0.36402017 0.25813639
0.09524795 1.35428572 1.39571321 -1.21776974 0.29320279 -0.15332536 0.09524795 1.35428572 1.39571321 -1.21776974 0.29320279 -0.15332536
