121.39237213 121.39237213 121.39237213 0.00000000 0.00000000 0.00000000 121.39237213 121.39237213 121.39237213 0.00000000 0.00000000 0.00000000
116.08692169 116.08692169 116.08692169 -0.00000000 -0.00000000 -0.00000000 116.08692169 116.08692169 116.08692169 -0.00000000 -0.00000000 -0.00000000
96.82580566 96.82580566 96.82580566 0.00000000 0.00000000 0.00000000 96.82581329 96.82581329 96.82581329 0.00000000 0.00000000 0.00000000
92.78910065 92.78910065 92.78910065 0.00000000 0.00000000 0.00000000 92.78910065 92.78910065 92.78910065 0.00000000 0.00000000 0.00000000
76.59692383 76.59692383 76.59692383 0.00000000 0.00000000 0.00000000 76.59692383 76.59692383 76.59692383 0.00000000 0.00000000 0.00000000
73.38054657 73.38054657 73.38054657 -0.00000000 -0.00000000 -0.00000000 73.38055420 73.38055420 73.38055420 -0.00000000 -0.00000000 -0.00000000
59.60530853 59.60530853 59.60530853 0.00000000 0.00000000 0.00000000 59.60530853 59.60530853 59.60530853 0.00000000 0.00000000 0.00000000
56.92699432 56.92699432 56.92699432 -0.00000000 -0.00000000 -0.00000000 56.92699432 56.92699432 56.92699432 -0.00000000 -0.00000000 -0.00000000
45.13615799 45.13615799 45.13615799 0.00000000 0.00000000 0.00000000 45.13615799 45.13615799 45.13615799 0.00000000 0.00000000 0.00000000
42.87678909 42.87678909 42.87678909 -0.00000000 -0.00000000 -0.00000000 42.87678909 42.87678909 42.87678909 -0.00000000 -0.00000000 -0.00000000
32.48904419 32.48904419 32.48904419 -0.00000000 -0.00000000 -0.00000000 32.48904419 32.48904419 32.48904419 -0.00000000 -0.00000000 -0.00000000
30.59342766 30.59342766 30.59342766 -0.00000000 -0.00000000 -0.00000000 30.59342575 30.59342575 30.59342575 -0.00000000 -0.00000000 -0.00000000
21.25822258 21.25822258 21.25822258 -0.00000000 -0.00000000 -0.00000000 21.25822258 21.25822258 21.25822258 -0.00000000 -0.00000000 -0.00000000
20.09674835 20.09674835 20.09674835 0.00000000 0.00000000 0.00000000 20.09674835 20.09674835 20.09674835 0.00000000 0.00000000 0.00000000
12.64920044 12.64920044 12.64920044 -0.00000000 -0.00000000 -0.00000000 12.64920044 12.64920044 12.64920044 -0.00000000 -0.00000000 -0.00000000
11.45111370 11.45111370 11.45111370 0.00000000 0.00000000 0.00000000 11.45111275 11.45111275 11.45111275 0.00000000 0.00000000 0.00000000
11.05938816 11.05938816 11.05938816 -0.00000000 -0.00000000 -0.00000000 11.05938911 11.05938911 11.05938911 -0.00000000 -0.00000000 -0.00000000
9.80871677 9.80871677 9.80871677 0.00000000 0.00000000 0.00000000 9.80871677 9.80871677 9.80871677 0.00000000 0.00000000 0.00000000
9.50309753 9.50309753 9.50309753 -0.00000000 -0.00000000 -0.00000000 9.50309753 9.50309753 9.50309753 -0.00000000 -0.00000000 -0.00000000
8.45979309 8.45979309 8.45979309 -0.00000000 -0.00000000 -0.00000000 8.45979309 8.45979309 8.45979309 -0.00000000 -0.00000000 -0.00000000
7.96201181 7.96201181 7.96201181 0.00000000 0.00000000 0.00000000 7.96201181 7.96201181 7.96201181 0.00000000 0.00000000 0.00000000
7.32871628 7.32871628 7.32871628 -0.00000000 -0.00000000 -0.00000000 7.32871675 7.32871675 7.32871675 -0.00000000 -0.00000000 -0.00000000
6.72982788 6.72982788 6.72982788 0.00000000 0.00000000 0.00000000 6.72982740 6.72982740 6.72982740 0.00000000 0.00000000 0.00000000
6.19111872 6.19111872 6.19111872 -0.00000000 -0.00000000 -0.00000000 6.19111872 6.19111872 6.19111872 -0.00000000 -0.00000000 -0.00000000
5.54159451 5.54159451 5.54159451 0.00000000 0.00000000 0.00000000 5.54159451 5.54159451 5.54159451 0.00000000 0.00000000 0.00000000
5.05494308 5.05494308 5.05494308 -0.00000000 -0.00000000 -0.00000000 5.05494308 5.05494308 5.05494308 -0.00000000 -0.00000000 -0.00000000
4.35174608 4.35174608 4.35174608 -0.00000000 -0.00000000 -0.00000000 4.35174608 4.35174608 4.35174608 -0.00000000 -0.00000000 -0.00000000
3.91911983 3.91911983 3.91911983 0.00000000 0.00000000 0.00000000 3.91911983 3.91911983 3.91911983 0.00000000 0.00000000 0.00000000
3.16717052 3.16717052 3.16717052 -0.00000000 -0.00000000 -0.00000000 3.16717076 3.16717076 3.16717076 -0.00000000 -0.00000000 -0.00000000
2.78778195 2.78778195 2.78778195 -0.00000000 -0.00000000 -0.00000000 2.78778219 2.78778219 2.78778219 -0.00000000 -0.00000000 -0.00000000
1.98659647 1.98659647 1.98659647 0.00000000 0.00000000 0.00000000 1.98659647 1.98659647 1.98659647 0.00000000 0.00000000 0.00000000
1.65212011 1.65212011 1.65212011 0.00000000 0.00000000 0.00000000 1.65212011 1.65212011 1.65212011 0.00000000 0.00000000 0.00000000
0.80665928 0.80665928 0.80665928 0.00000000 0.00000000 0.00000000 0.80665928 0.80665928 0.80665928 0.00000000 0.00000000 0.00000000
0.52704811 0.52704811 0.52704811 0.00000000 0.00000000 0.00000000 0.52704811 0.52704811 0.52704811 0.00000000 0.00000000 0.00000000
-0.37304905 -0.37304905 -0.37304905 0.00000000 0.00000000 0.00000000 -0.37304902 -0.37304902 -0.37304902 0.00000000 0.00000000 0.00000000
-0.51504630 -0.51504630 -0.51504630 -0.00000000 -0.00000000 -0.00000000 -0.51504630 -0.51504630 -0.51504630 -0.00000000 -0.00000000 -0.00000000
-1.30119812 -1.30119812 -1.30119812 -0.00000000 -0.00000000 -0.00000000 -1.30119824 -1.30119824 -1.30119824 -0.00000000 -0.00000000 -0.00000000
-1.35131276 -1.35131276 -1.35131276 -0.00000000 -0.00000000 -0.00000000 -1.35131276 -1.35131276 -1.35131276 -0.00000000 -0.00000000 -0.00000000
-2.16890502 -2.16890502 -2.16890502 0.00000000 0.00000000 0.00000000 -2.16890502 -2.16890502 -2.16890502 0.00000000 0.00000000 0.00000000
-2.20146894 -2.20146894 -2.20146894 -0.00000000 -0.00000000 -0.00000000 -2.20146918 -2.20146918 -2.20146918 -0.00000000 -0.00000000 -0.00000000
-3.04703569 -3.04703569 -3.04703569 -0.00000000 -0.00000000 -0.00000000 -3.04703593 -3.04703593 -3.04703593 -0.00000000 -0.00000000 -0.00000000
-3.06783152 -3.06783152 -3.06783152 -0.00000000 -0.00000000 -0.00000000 -3.06783152 -3.06783152 -3.06783152 -0.00000000 -0.00000000 -0.00000000
-3.93393517 -3.93393517 -3.93393517 0.00000000 0.00000000 0.00000000 -3.93393493 -3.93393493 -3.93393493 0.00000000 0.00000000 0.00000000
-3.94239783 -3.94239783 -3.94239783 0.00000000 0.00000000 0.00000000 -3.94239783 -3.94239783 -3.94239783 0.00000000 0.00000000 0.00000000
-4.82980299 -4.82980299 -4.82980299 -0.00000000 -0.00000000 -0.00000000 -4.82980299 -4.82980299 -4.82980299 -0.00000000 -0.00000000 -0.00000000
-4.82918024 -4.82918024 -4.82918024 -0.00000000 -0.00000000 -0.00000000 -4.82918024 -4.82918024 -4.82918024 -0.00000000 -0.00000000 -0.00000000
-5.73636961 -5.73636961 -5.73636961 0.00000000 0.00000000 0.00000000 -5.73636961 -5.73636961 -5.73636961 0.00000000 0.00000000 0.00000000
-5.71354675 -5.71354675 -5.71354675 -0.00000000 -0.00000000 -0.00000000 -5.71354675 -5.71354675 -5.71354675 -0.00000000 -0.00000000 -0.00000000
-6.65016460 -6.65016460 -6.65016460 -0.00000000 -0.00000000 -0.00000000 -6.65016460 -6.65016460 -6.65016460 -0.00000000 -0.00000000 -0.00000000
-6.61466312 -6.61466312 -6.61466312 0.00000000 0.00000000 0.00000000 -6.61466312 -6.61466312 -6.61466312 0.00000000 0.00000000 0.00000000
-7.56867170 -7.56867170 -7.56867170 0.00000000 0.00000000 0.00000000 -7.56867218 -7.56867218 -7.56867218 0.00000000 0.00000000 0.00000000
-7.50938082 -7.50938082 -7.50938082 -0.00000000 -0.00000000 -0.00000000 -7.50938082 -7.50938082 -7.50938082 -0.00000000 -0.00000000 -0.00000000
-8.49117470 -8.49117470 -8.49117470 0.00000000 0.00000000 0.00000000 -8.49117470 -8.49117470 -8.49117470 0.00000000 0.00000000 0.00000000
-8.42402077 -8.42402077 -8.42402077 -0.00000000 -0.00000000 -0.00000000 -8.42402172 -8.42402172 -8.42402172 -0.00000000 -0.00000000 -0.00000000
-9.41597939 -9.41597939 -9.41597939 -0.00000000 -0.00000000 -0.00000000 -9.41597939 -9.41597939 -9.41597939 -0.00000000 -0.00000000 -0.00000000
-9.33811283 -9.33811283 -9.33811283 -0.00000000 -0.00000000 -0.00000000 -9.33811283 -9.33811283 -9.33811283 -0.00000000 -0.00000000 -0.00000000
-10.34107685 -10.34107685 -10.34107685 -0.00000000 -0.00000000 -0.00000000 -10.34107685 -10.34107685 -10.34107685 -0.00000000 -0.00000000 -0.00000000
-10.24768543 -10.24768543 -10.24768543 -0.00000000 -0.00000000 -0.00000000 -10.24768448 -10.24768448 -10.24768448 -0.00000000 -0.00000000 -0.00000000
-11.26413155 -11.26413155 -11.26413155 0.00000000 0.00000000 0.00000000 -11.26413155 -11.26413155 -11.26413155 0.00000000 0.00000000 0.00000000
-11.15623856 -11.15623856 -11.15623856 0.00000000 0.00000000 0.00000000 -11.15623856 -11.15623856 -11.15623856 0.00000000 0.00000000 0.00000000
-12.17504025 -12.17504025 -12.17504025 0.00000000 0.00000000 0.00000000 -12.17504025 -12.17504025 -12.17504025 0.00000000 0.00000000 0.00000000
-12.05428600 -12.05428600 -12.05428600 0.00000000 0.00000000 0.00000000 -12.05428696 -12.05428696 -12.05428696 0.00000000 0.00000000 0.00000000
-13.07571125 -13.07571125 -13.07571125 -0.00000000 -0.00000000 -0.00000000 -13.07571125 -13.07571125 -13.07571125 -0.00000000 -0.00000000 -0.00000000
-12.93645573 -12.93645573 -12.93645573 -0.00000000 -0.00000000 -0.00000000 -12.93645477 -12.93645477 -12.93645477 -0.00000000 -0.00000000 -0.00000000
-13.80338001 -13.80338001 -13.80338001 -0.00000000 -0.00000000 -0.00000000 -13.80338001 -13.80338001 -13.80338001 -0.00000000 -0.00000000 -0.00000000
-13.67342186 -13.67342186 -13.67342186 0.00000000 0.00000000 0.00000000 -13.67342186 -13.67342186 -13.67342186 0.00000000 0.00000000 0.00000000
-14.42361450 -14.42361450 -14.42361450 -0.00000000 -0.00000000 -0.00000000 -14.42361546 -14.42361546 -14.42361546 -0.00000000 -0.00000000 -0.00000000
-14.27834988 -14.27834988 -14.27834988 -0.00000000 -0.00000000 -0.00000000 -14.27834988 -14.27834988 -14.27834988 -0.00000000 -0.00000000 -0.00000000
-15.04547119 -15.04547119 -15.04547119 0.00000000 0.00000000 0.00000000 -15.04547215 -15.04547215 -15.04547215 0.00000000 0.00000000 0.00000000
-14.87176704 -14.87176704 -14.87176704 0.00000000 0.00000000 0.00000000 -14.87176800 -14.87176800 -14.87176800 0.00000000 0.00000000 0.00000000
-15.66627693 -15.66627693 -15.66627693 -0.00000000 -0.00000000 -0.00000000 -15.66627693 -15.66627693 -15.66627693 -0.00000000 -0.00000000 -0.00000000
-15.47298336 -15.47298336 -15.47298336 0.00000000 0.00000000 0.00000000 -15.47298336 -15.47298336 -15.47298336 0.00000000 0.00000000 0.00000000
-16.28746796 -16.28746796 -16.28746796 -0.00000000 -0.00000000 -0.00000000 -16.28746796 -16.28746796 -16.28746796 -0.00000000 -0.00000000 -0.00000000
-16.07583618 -16.07583618 -16.07583618 -0.00000000 -0.00000000 -0.00000000 -16.07583427 -16.07583427 -16.07583427 -0.00000000 -0.00000000 -0.00000000
-16.90710449 -16.90710449 -16.90710449 0.00000000 0.00000000 0.00000000 -16.90710449 -16.90710449 -16.90710449 0.00000000 0.00000000 0.00000000
-16.65666771 -16.65666771 -16.65666771 0.00000000 0.00000000 0.00000000 -16.65666771 -16.65666771 -16.65666771 0.00000000 0.00000000 0.00000000
-19.93597412 -19.93597412 -19.93597412 -0.00000000 -0.00000000 -0.00000000 -19.93597412 -19.93597412 -19.93597412 -0.00000000 -0.00000000 -0.00000000
-19.43787193 -19.43787193 -19.43787193 -0.00000000 -0.00000000 -0.00000000 -19.43787003 -19.43787003 -19.43787003 -0.00000000 -0.00000000 -0.00000000
-22.79270172 -22.79270172 -22.79270172 -0.00000000 -0.00000000 -0.00000000 -22.79270172 -22.79270172 -22.79270172 -0.00000000 -0.00000000 -0.00000000
-21.85180092 -21.85180092 -21.85180092 -0.00000000 -0.00000000 -0.00000000 -21.85180092 -21.85180092 -21.85180092 -0.00000000 -0.00000000 -0.00000000
-25.33706093 -25.33706093 -25.33706093 -0.00000000 -0.00000000 -0.00000000 -25.33706093 -25.33706093 -25.33706093 -0.00000000 -0.00000000 -0.00000000
-23.78829384 -23.78829384 -23.78829384 0.00000000 0.00000000 0.00000000 -23.78829384 -23.78829384 -23.78829384 0.00000000 0.00000000 0.00000000
-27.41636467 -27.41636467 -27.41636467 -0.00000000 -0.00000000 -0.00000000 -27.41636467 -27.41636467 -27.41636467 -0.00000000 -0.00000000 -0.00000000
-25.21083450 -25.21083450 -25.21083450 -0.00000000 -0.00000000 -0.00000000 -25.21083450 -25.21083450 -25.21083450 -0.00000000 -0.00000000 -0.00000000
-29.00707245 -29.00707245 -29.00707245 0.00000000 0.00000000 0.00000000 -29.00707245 -29.00707245 -29.00707245 0.00000000 0.00000000 0.00000000
-26.15444946 -26.15444946 -26.15444946 -0.00000000 -0.00000000 -0.00000000 -26.15444946 -26.15444946 -26.15444946 -0.00000000 -0.00000000 -0.00000000
-30.13170815 -30.13170815 -30.13170815 -0.00000000 -0.00000000 -0.00000000 -30.13170815 -30.13170815 -30.13170815 -0.00000000 -0.00000000 -0.00000000
-26.80760384 -26.80760384 -26.80760384 0.00000000 0.00000000 0.00000000 -26.80760193 -26.80760193 -26.80760193 0.00000000 0.00000000 0.00000000
-30.87033081 -30.87033081 -30.87033081 0.00000000 0.00000000 0.00000000 -30.87033081 -30.87033081 -30.87033081 0.00000000 0.00000000 0.00000000
-27.29811668 -27.29811668 -27.29811668 0.00000000 0.00000000 0.00000000 -27.29811668 -27.29811668 -27.29811668 0.00000000 0.00000000 0.00000000
-4.82980299 -4.82980299 -4.82980299 -0.00000000 -0.00000000 -0.00000000 -4.82980299 -4.82980299 -4.82980299 -0.00000000 -0.00000000 -0.00000000
-3.59970093 -3.68413043 -2.68832946 -0.09933500 -0.16397394 -0.36012948 -3.59970117 -3.68413043 -2.68832946 -0.09933500 -0.16397394 -0.36012948
-2.50799608 -2.93171000 -4.19495153 -0.40601468 0.41106558 -0.13795400 -2.50799608 -2.93171000 -4.19495201 -0.40601468 0.41106558 -0.13795398
-2.88613343 -3.05695605 -2.60791373 -0.16997412 -0.43777576 -0.45479736 -2.88613319 -3.05695605 -2.60791397 -0.16997412 -0.43777576 -0.45479736
-3.73611116 -3.66657686 -4.20479584 0.23934303 -0.66322082 0.50247526 -3.73611116 -3.66657686 -4.20479584 0.23934303 -0.66322082 0.50247526
-2.94903755 -3.65967870 -3.44718361 0.32564029 0.46366856 -0.63151032 -2.94903755 -3.65967870 -3.44718361 0.32564029 0.46366856 -0.63151038
-2.21794796 -3.14335704 -2.77966452 0.30935928 -0.02506863 0.22801755 -2.21794796 -3.14335704 -2.77966452 0.30935928 -0.02506863 0.22801757
-2.05931568 -2.66538191 -1.84719753 0.10146473 0.04059884 0.62861449 -2.05931568 -2.66538191 -1.84719753 0.10146473 0.04059884 0.62861449
-1.55844414 -2.22671533 -2.05141592 0.71235579 -0.24840876 -0.47637916 -1.55844414 -2.22671509 -2.05141568 0.71235579 -0.24840876 -0.47637916
0.35110158 -0.86713529 0.20476308 -0.24655116 -0.40558255 -0.48241767 0.35110158 -0.86713529 0.20476308 -0.24655116 -0.40558255 -0.48241764
