14.23748016 18.83553696 11.56351471 -0.00000000 0.00007541 0.00003710 14.23748112 18.83553696 11.56351471 -0.00000000 0.00007541 0.00003710
9.19027233 13.14270401 9.71738434 -0.00000000 -0.00005200 -0.00010667 9.19027233 13.14270401 9.71738434 -0.00000000 -0.00005200 -0.00010667
9.77450943 15.31528378 7.15266991 -0.00000000 -0.00010278 0.00005416 9.77450943 15.31528378 7.15266991 -0.00000000 -0.00010278 0.00005416
6.36977768 11.04422951 5.75704002 -0.00000000 -0.00006411 -0.00014963 6.36977768 11.04422951 5.75704002 -0.00000000 -0.00006411 -0.00014963
5.53525209 11.99529362 2.98064351 -0.00000000 -0.00013942 0.00007427 5.53525162 11.99529362 2.98064327 -0.00000000 -0.00013942 0.00007427
3.67336965 9.06779099 2.01440072 -0.00000000 0.00007683 -0.00019540 3.67336965 9.06779099 2.01440072 -0.00000000 0.00007683 -0.00019540
2.27989030 9.34799862 -0.80274338 0.00000000 -0.00009930 0.00010492 2.27989054 9.34799862 -0.80274338 0.00000000 -0.00009930 0.00010492
1.13307536 7.20920658 -1.53657854 -0.00000000 0.00010416 0.00008873 1.13307536 7.20920610 -1.53657854 -0.00000000 0.00010416 0.00008873
-0.42519331 7.07760668 -4.31791639 -0.00000000 -0.00006177 0.00003904 -0.42519331 7.07760668 -4.31791592 -0.00000000 -0.00006177 0.00003904
-1.33870769 5.43777800 -4.94062662 -0.00000000 0.00003030 0.00003415 -1.33870769 5.43777800 -4.94062662 -0.00000000 0.00003030 0.00003415
-3.03131366 4.94104528 -7.00497818 -0.00000000 -0.00003225 -0.00001513 -3.03131366 4.94104528 -7.00497818 -0.00000000 -0.00003225 -0.00001513
-3.68950415 3.79781699 -7.41252947 0.00000000 -0.00006573 -0.00001375 -3.68950391 3.79781723 -7.41252947 0.00000000 -0.00006573 -0.00001375
-5.53143454 2.90507293 -9.21639252 -0.00000000 -0.00018274 -0.00005750 -5.53143454 2.90507293 -9.21639252 -0.00000000 -0.00018274 -0.00005750
-5.92775059 2.22913218 -9.48093796 -0.00000000 0.00015200 -0.00005419 -5.92775059 2.22913241 -9.48093796 -0.00000000 0.00015200 -0.00005419
-6.72737789 1.91733932 -10.28909397 0.00000000 0.00003072 -0.00007862 -6.72737789 1.91733932 -10.28909397 0.00000000 0.00003072 -0.00007862
-6.96749020 1.46958005 -10.46111012 0.00000000 0.00009632 -0.00007555 -6.96749020 1.46958017 -10.46111012 0.00000000 0.00009632 -0.00007555
-7.90043640 0.94835722 -11.33990669 0.00000000 0.00001023 0.00017351 -7.90043592 0.94835722 -11.33990765 0.00000000 0.00001023 0.00017351
-8.01260567 0.73663121 -11.42496204 -0.00000000 0.00011605 0.00017003 -8.01260567 0.73663116 -11.42496204 -0.00000000 0.00011605 0.00017003
-9.05000782 -0.00162509 -12.36847115 0.00000000 -0.00010402 0.00014507 -9.05000687 -0.00162509 -12.36847115 0.00000000 -0.00010402 0.00014507
-9.05000782 -0.00162509 -12.36847115 0.00000000 -0.00010402 0.00014507 -9.05000687 -0.00162509 -12.36847115 0.00000000 -0.00010402 0.00014507
-10.17690563 -0.93356365 -13.37198257 -0.00000000 0.00008698 0.00012013 -10.17690659 -0.93356365 -13.37198257 -0.00000000 0.00008698 0.00012013
-10.05387497 -0.70219487 -13.30377483 -0.00000000 -0.00003008 0.00012286 -10.05387497 -0.70219487 -13.30377483 -0.00000000 -0.00003008 0.00012286
-11.28114414 -1.84355521 -14.35187721 0.00000000 0.00006255 0.00010122 -11.28114414 -1.84355521 -14.35187721 0.00000000 0.00006255 0.00010122
-11.03050137 -1.38147724 -14.18509007 0.00000000 0.00007100 0.00010446 -11.03050232 -1.38147724 -14.18508911 0.00000000 0.00007100 0.00010446
-12.35409832 -2.72033906 -15.29888821 0.00000000 -0.00008537 0.00007718 -12.35409832 -2.72033906 -15.29888821 0.00000000 -0.00008537 0.00007718
-11.96598625 -2.03671122 -15.04172707 -0.00000000 0.00008126 0.00008233 -11.96598625 -2.03671122 -15.04172707 -0.00000000 0.00008126 0.00008233
-14.02872467 -4.18534756 -17.07043076 -0.00000000 -0.00006960 -0.00003148 -14.02872467 -4.18534756 -17.07043076 -0.00000000 -0.00006960 -0.00003148
-13.73959160 -3.28183413 -16.64729500 -0.00000000 -0.00006139 0.00004177 -13.73959160 -3.28183413 -16.64729500 -0.00000000 -0.00006139 0.00004177
-14.91443348 -5.02002764 -18.13409805 -0.00000000 0.00008438 -0.00000694 -14.91443348 -5.02002716 -18.13409805 -0.00000000 0.00008438 -0.00000694
-14.84886169 -4.06864214 -18.00234222 -0.00000000 -0.00006987 -0.00000650 -14.84886169 -4.06864214 -18.00234032 -0.00000000 -0.00006987 -0.00000650
-15.79043865 -5.79652452 -18.92880630 0.00000000 0.00002502 0.00001868 -15.79043865 -5.79652500 -18.92880821 0.00000000 0.00002502 0.00001868
-15.66144848 -4.67318344 -19.10064697 -0.00000000 0.00003082 0.00001739 -15.66144943 -4.67318344 -19.10064697 -0.00000000 0.00003082 0.00001739
-16.66059494 -6.58269453 -19.69941521 0.00000000 0.00005212 0.00004110 -16.66059685 -6.58269453 -19.69941521 0.00000000 0.00005212 0.00004110
-16.46141624 -5.09151602 -19.79288673 0.00000000 0.00007712 0.00003695 -16.46141624 -5.09151602 -19.79288673 0.00000000 0.00007712 0.00003695
-17.52537346 -7.36835003 -20.44544220 0.00000001 0.00001422 0.00005694 -17.52537155 -7.36835003 -20.44544220 0.00000001 0.00001422 0.00005694
-17.24083710 -5.52680016 -20.48696327 -0.00000000 -0.00007185 0.00005050 -17.24083710 -5.52680063 -20.48696518 -0.00000000 -0.00007185 0.00005050
-18.37296677 -8.14079285 -21.14996529 0.00000000 -0.00000600 0.00007244 -18.37296677 -8.14079285 -21.14996529 0.00000000 -0.00000600 0.00007244
-18.00102043 -5.91191244 -21.10578346 0.00000000 -0.00005209 0.00006317 -18.00102043 -5.91191244 -21.10578537 0.00000000 -0.00005209 0.00006317
