22.92240906 36.03578568 28.90814400 0.00000000 -0.00005273 -0.00000000 22.92240906 36.03578568 28.90814400 0.00000000 -0.00005273 -0.00000000
23.55429268 36.49786758 28.73024940 -0.00000000 -0.00028047 0.00000000 23.55429268 36.49786758 28.73024750 -0.00000000 -0.00028047 0.00000000
17.82631111 29.35570908 22.76988029 0.00000000 -0.00008034 0.00000000 17.82631111 29.35570908 22.76987839 0.00000000 -0.00008034 0.00000000
18.34084702 29.78150940 22.62118340 -0.00000000 0.00012303 -0.00000000 18.34084702 29.78150749 22.62118149 -0.00000000 0.00012303 -0.00000000
13.50605869 23.46840668 17.51836967 0.00000000 -0.00009283 0.00000000 13.50605965 23.46840668 17.51837158 0.00000000 -0.00009283 0.00000000
13.89493942 23.83558464 17.35792923 0.00000000 0.00006954 0.00000000 13.89493847 23.83558464 17.35792923 0.00000000 0.00006954 0.00000000
10.24276829 18.58592415 13.03796101 0.00000000 0.00003150 -0.00000000 10.24276733 18.58592415 13.03796101 0.00000000 0.00003150 -0.00000000
10.24022770 18.59534264 13.03424549 -0.00000000 -0.00009950 0.00000000 10.24022865 18.59534264 13.03424644 -0.00000000 -0.00009950 0.00000000
7.09499168 13.93642426 9.73915958 0.00000000 0.00000494 0.00000000 7.09499168 13.93642330 9.73916054 0.00000000 0.00000494 0.00000000
7.30928564 14.17637157 9.60441971 -0.00000000 0.00000517 -0.00000000 7.30928564 14.17637157 9.60441875 -0.00000000 0.00000517 -0.00000000
4.71743298 10.23541355 6.88833952 -0.00000000 -0.00001249 0.00000000 4.71743298 10.23541355 6.88833952 -0.00000000 -0.00001249 0.00000000
4.86989117 10.43864632 6.77908611 -0.00000000 0.00007639 -0.00000000 4.86989069 10.43864632 6.77908659 -0.00000000 0.00007639 -0.00000000
2.67168403 7.10156631 4.46811676 -0.00000000 0.00005333 -0.00000000 2.67168427 7.10156584 4.46811676 -0.00000000 0.00005333 -0.00000000
2.76410580 7.26207256 4.38755322 0.00000000 -0.00002520 -0.00000000 2.76410580 7.26207256 4.38755322 0.00000000 -0.00002520 -0.00000000
0.97170621 4.56622839 2.44640660 0.00000000 0.00003113 -0.00000000 0.97170621 4.56622839 2.44640660 0.00000000 0.00003113 -0.00000000
1.02811050 4.68374729 2.39411855 0.00000000 0.00002991 -0.00000000 1.02811050 4.68374729 2.39411831 0.00000000 0.00002991 -0.00000000
0.67826307 4.12302113 2.08433819 -0.00000000 0.00001558 -0.00000000 0.67826307 4.12302160 2.08433819 -0.00000000 0.00001558 -0.00000000
0.73164827 4.22707701 2.03768778 0.00000000 0.00001623 -0.00000000 0.73164827 4.22707701 2.03768754 0.00000000 0.00001623 -0.00000000
0.39480230 3.69556808 1.73454356 -0.00000000 -0.00005768 0.00000000 0.39480227 3.69556808 1.73454356 -0.00000000 -0.00005768 0.00000000
0.43818894 3.79618025 1.69078481 -0.00000000 -0.00005512 0.00000000 0.43818894 3.79618025 1.69078481 -0.00000000 -0.00005512 0.00000000
0.12104079 3.28314042 1.39678371 -0.00000000 0.00004285 -0.00000000 0.12104080 3.28314042 1.39678371 -0.00000000 0.00004285 -0.00000000
0.15727289 3.37595868 1.35711348 0.00000000 0.00004111 0.00000000 0.15727289 3.37595868 1.35711348 0.00000000 0.00004111 0.00000000
-0.14343634 2.88564515 1.07057965 -0.00000000 -0.00002589 0.00000000 -0.14343634 2.88564515 1.07057965 -0.00000000 -0.00002589 0.00000000
-0.11488827 2.97256708 1.03437448 -0.00000000 -0.00002463 0.00000000 -0.11488827 2.97256708 1.03437448 -0.00000000 -0.00002463 0.00000000
-0.39869776 2.50191426 0.75584209 0.00000000 -0.00003818 -0.00000000 -0.39869776 2.50191450 0.75584209 0.00000000 -0.00003818 -0.00000000
-0.37733731 2.58550000 0.72210342 0.00000000 0.00001365 0.00000000 -0.37733731 2.58550024 0.72210342 0.00000000 0.00001365 0.00000000
-0.64521945 2.13225222 0.45199797 -0.00000000 0.00000193 -0.00000000 -0.64521939 2.13225222 0.45199797 -0.00000000 0.00000193 -0.00000000
-0.62497747 2.20222855 0.42359033 0.00000000 0.00000043 -0.00000000 -0.62497747 2.20222855 0.42359033 0.00000000 0.00000043 -0.00000000
-0.88326889 1.77596080 0.15881933 0.00000000 -0.00000984 0.00000000 -0.88326889 1.77596080 0.15881933 0.00000000 -0.00000984 0.00000000
-0.86839235 1.84132910 0.13303953 0.00000000 -0.00000972 -0.00000000 -0.86839235 1.84132910 0.13303953 0.00000000 -0.00000972 -0.00000000
-1.11298096 1.43220937 -0.12385413 -0.00000000 -0.00001901 0.00000000 -1.11298096 1.43220937 -0.12385413 -0.00000000 -0.00001901 0.00000000
-1.10411394 1.49420178 -0.14740685 -0.00000000 -0.00001749 -0.00000000 -1.10411394 1.49420190 -0.14740685 -0.00000000 -0.00001749 -0.00000000
-1.33478475 1.10122001 -0.39654416 0.00000000 -0.00002844 -0.00000000 -1.33478475 1.10122001 -0.39654416 0.00000000 -0.00002844 -0.00000000
-1.33593476 1.16560805 -0.41945085 0.00000000 0.00001426 0.00000000 -1.33593476 1.16560805 -0.41945085 0.00000000 0.00001426 0.00000000
-1.54885674 0.78224277 -0.65942717 0.00000000 0.00004584 -0.00000000 -1.54885674 0.78224277 -0.65942711 0.00000000 0.00004584 -0.00000000
-1.55114949 0.83611262 -0.67828786 0.00000000 0.00004547 0.00000000 -1.55114961 0.83611268 -0.67828792 0.00000000 0.00004547 0.00000000
-1.75538337 0.47471514 -0.91271502 0.00000000 0.00003453 0.00000000 -1.75538337 0.47471511 -0.91271502 0.00000000 0.00003453 0.00000000
-1.75794375 0.51819950 -0.92773896 0.00000000 -0.00000558 -0.00000000 -1.75794375 0.51819950 -0.92773890 0.00000000 -0.00000558 -0.00000000
-1.95460331 0.17832917 -1.15670466 -0.00000000 -0.00001452 0.00000000 -1.95460331 0.17832917 -1.15670466 -0.00000000 -0.00001452 0.00000000
-1.95579886 0.20981801 -1.16757691 0.00000000 0.00002293 0.00000000 -1.95579886 0.20981801 -1.16757691 0.00000000 0.00002293 0.00000000
-2.14685035 -0.10704637 -1.39173841 -0.00000000 -0.00002384 0.00000000 -2.14685035 -0.10704637 -1.39173853 -0.00000000 -0.00002384 0.00000000
-2.14793205 -0.08479071 -1.39932811 0.00000000 0.00001402 0.00000000 -2.14793205 -0.08479071 -1.39932811 0.00000000 0.00001402 0.00000000
-2.33218980 -0.38219577 -1.61792898 0.00000000 0.00000444 0.00000000 -2.33218980 -0.38219577 -1.61792898 0.00000000 0.00000444 0.00000000
-2.33607602 -0.36559173 -1.62321639 0.00000000 -0.00003168 0.00000000 -2.33607602 -0.36559173 -1.62321639 0.00000000 -0.00003168 0.00000000
-2.51099086 -0.64707619 -1.83564770 0.00000000 -0.00003832 -0.00000000 -2.51099086 -0.64707613 -1.83564758 0.00000000 -0.00003832 -0.00000000
-2.51099086 -0.64707619 -1.83564770 0.00000000 -0.00003832 -0.00000000 -2.51099086 -0.64707613 -1.83564758 0.00000000 -0.00003832 -0.00000000
-2.68326783 -0.90251058 -2.04497910 -0.00000000 -0.00001209 0.00000000 -2.68326783 -0.90251058 -2.04497910 -0.00000000 -0.00001209 0.00000000
-2.68036485 -0.91273093 -2.04180813 0.00000000 -0.00001202 -0.00000000 -2.68036461 -0.91273093 -2.04180789 0.00000000 -0.00001202 -0.00000000
-2.84878874 -1.14837837 -2.24312878 -0.00000000 -0.00001711 0.00000000 -2.84878874 -1.14837837 -2.24312878 -0.00000000 -0.00001711 0.00000000
-2.84107304 -1.17627490 -2.23456812 -0.00000000 0.00001372 -0.00000000 -2.84107304 -1.17627501 -2.23456812 -0.00000000 0.00001372 -0.00000000
-3.00840735 -1.38540542 -2.43373847 -0.00000000 0.00003494 -0.00000000 -3.00840735 -1.38540542 -2.43373823 -0.00000000 0.00003494 -0.00000000
-2.99839354 -1.42556071 -2.42152071 0.00000000 0.00003521 0.00000000 -2.99839354 -1.42556083 -2.42152071 0.00000000 0.00003521 0.00000000
-3.16241264 -1.61378002 -2.61741161 0.00000000 -0.00000126 -0.00000000 -3.16241264 -1.61377990 -2.61741138 0.00000000 -0.00000126 -0.00000000
-3.15265584 -1.66372848 -2.60238528 -0.00000000 -0.00000128 -0.00000000 -3.15265584 -1.66372836 -2.60238528 -0.00000000 -0.00000128 -0.00000000
-3.31083798 -1.83417892 -2.79424381 0.00000000 0.00001851 0.00000000 -3.31083798 -1.83417892 -2.79424357 0.00000000 0.00001851 0.00000000
-3.29829884 -1.89819503 -2.77504230 -0.00000000 -0.00000793 0.00000000 -3.29829884 -1.89819503 -2.77504230 -0.00000000 -0.00000793 0.00000000
-3.45393157 -2.04670691 -2.96450233 0.00000000 -0.00001395 0.00000000 -3.45393157 -2.04670715 -2.96450233 0.00000000 -0.00001395 0.00000000
-3.44357872 -2.11884761 -2.94300747 0.00000000 -0.00001369 -0.00000000 -3.44357872 -2.11884761 -2.94300747 0.00000000 -0.00001369 -0.00000000
-3.59187746 -2.25154734 -3.12840915 -0.00000000 0.00000557 -0.00000000 -3.59187770 -2.25154710 -3.12840915 -0.00000000 0.00000557 -0.00000000
-3.57958055 -2.33665323 -3.10302854 -0.00000000 -0.00001990 -0.00000000 -3.57958055 -2.33665299 -3.10302877 -0.00000000 -0.00001990 -0.00000000
-3.72477603 -2.45289230 -3.28834486 -0.00000000 -0.00002450 0.00000000 -3.72477603 -2.45289230 -3.28834510 -0.00000000 -0.00002450 0.00000000
-3.70996428 -2.54724503 -3.25772429 0.00000000 -0.00002516 0.00000000 -3.70996428 -2.54724526 -3.25772429 0.00000000 -0.00002516 0.00000000
-3.85271072 -2.64836860 -3.44274092 -0.00000000 -0.00000608 0.00000000 -3.85271049 -2.64836860 -3.44274092 -0.00000000 -0.00000608 0.00000000
-3.83409452 -2.75476289 -3.40826583 0.00000000 -0.00000635 0.00000000 -3.83409452 -2.75476265 -3.40826583 0.00000000 -0.00000635 0.00000000
-3.97589564 -2.83703804 -3.59120250 -0.00000000 -0.00001027 0.00000000 -3.97589564 -2.83703780 -3.59120274 -0.00000000 -0.00001027 0.00000000
-3.95365691 -2.95413780 -3.55328584 -0.00000000 -0.00001038 0.00000000 -3.95365667 -2.95413780 -3.55328584 -0.00000000 -0.00001038 0.00000000
-4.09443998 -3.01921821 -3.73384547 -0.00000000 0.00000566 -0.00000000 -4.09443998 -3.01921821 -3.73384571 -0.00000000 0.00000566 -0.00000000
-4.06850576 -3.14659190 -3.69261837 -0.00000000 0.00000655 -0.00000000 -4.06850576 -3.14659190 -3.69261837 -0.00000000 0.00000655 -0.00000000
-4.20838785 -3.19531202 -3.87066245 -0.00000000 0.00000087 -0.00000000 -4.20838785 -3.19531202 -3.87066245 -0.00000000 0.00000087 -0.00000000
-4.17799568 -3.33382106 -3.82606840 0.00000000 -0.00001984 -0.00000000 -4.17799568 -3.33382082 -3.82606840 0.00000000 -0.00001984 -0.00000000
-4.31800938 -3.36514091 -4.00183296 0.00000000 0.00001472 0.00000000 -4.31800938 -3.36514091 -4.00183344 0.00000000 0.00001472 0.00000000
-4.28367662 -3.51296830 -3.95435953 -0.00000000 0.00001569 -0.00000000 -4.28367662 -3.51296830 -3.95435953 -0.00000000 0.00001569 -0.00000000
-4.42341805 -3.52911663 -4.12788963 -0.00000000 0.00000973 -0.00000000 -4.42341805 -3.52911663 -4.12788963 -0.00000000 0.00000973 -0.00000000
-4.38390064 -3.68859220 -4.07688904 0.00000000 0.00001010 0.00000000 -4.38390017 -3.68859220 -4.07688904 0.00000000 0.00001010 0.00000000
-4.52465153 -3.68761945 -4.24890900 -0.00000000 -0.00001198 -0.00000000 -4.52465200 -3.68761921 -4.24890900 -0.00000000 -0.00001198 -0.00000000
-4.48060036 -3.85739350 -4.19462013 -0.00000000 0.00000581 -0.00000000 -4.48060036 -3.85739350 -4.19462061 -0.00000000 0.00000581 -0.00000000
-4.97318935 -4.39972353 -4.78387594 -0.00000000 0.00000160 0.00000000 -4.97318935 -4.39972353 -4.78387547 -0.00000000 0.00000160 0.00000000
-4.90917778 -4.61065865 -4.71501398 -0.00000000 0.00000249 -0.00000000 -4.90917778 -4.61065865 -4.71501398 -0.00000000 0.00000249 -0.00000000
-5.25060320 -5.23568583 -5.13044691 -0.00000000 -0.00000074 -0.00000000 -5.25060320 -5.23568583 -5.13044691 -0.00000000 -0.00000074 -0.00000000
-5.25087690 -5.23496580 -5.13064957 0.00000000 -0.00000077 -0.00000000 -5.25087690 -5.23496580 -5.13064957 0.00000000 -0.00000077 -0.00000000
-5.61835194 -5.47774982 -5.55012941 -0.00000000 -0.00000172 -0.00000000 -5.61835146 -5.47774982 -5.55012989 -0.00000000 -0.00000172 -0.00000000
-5.51236391 -5.74956322 -5.43703270 -0.00000000 -0.00000242 -0.00000000 -5.51236391 -5.74956322 -5.43703318 -0.00000000 -0.00000242 -0.00000000
-5.84077740 -5.87178659 -5.82609844 0.00000000 -0.00000267 -0.00000000 -5.84077740 -5.87178659 -5.82609844 0.00000000 -0.00000267 -0.00000000
-5.70558882 -6.18745708 -5.69284725 -0.00000000 -0.00000366 0.00000000 -5.70558834 -6.18745708 -5.69284725 -0.00000000 -0.00000366 0.00000000
-6.00743771 -6.18125153 -6.04774618 -0.00000000 0.00000179 -0.00000000 -6.00743771 -6.18125153 -6.04774618 -0.00000000 0.00000179 -0.00000000
-5.84701395 -6.52141953 -5.89080191 -0.00000000 0.00000249 -0.00000000 -5.84701395 -6.52141953 -5.89080143 -0.00000000 0.00000249 -0.00000000
-6.11860943 -6.41239119 -6.20943546 0.00000000 -0.00000294 -0.00000000 -6.11860895 -6.41239071 -6.20943546 0.00000000 -0.00000294 -0.00000000
-5.93766975 -6.76493073 -6.02387333 -0.00000000 0.00000104 0.00000000 -5.93766975 -6.76493073 -6.02387333 -0.00000000 0.00000104 0.00000000
-6.19008780 -6.57174015 -6.32371855 -0.00000000 0.00000235 0.00000000 -6.19008780 -6.57174015 -6.32371855 -0.00000000 0.00000235 0.00000000
-5.98570871 -6.93622971 -6.10369205 -0.00000000 0.00000527 -0.00000000 -5.98570919 -6.93622923 -6.10369205 -0.00000000 0.00000527 -0.00000000
