7605.16308594 8397.65820312 7029.28369141 0.00297418 0.53184509 0.00957391 7605.16308594 8397.65820312 7029.28369141 0.00297418 0.53184509 0.00957391
6845.43750000 7538.08007812 6344.45507812 -0.00825690 0.49356964 -0.00792051 6845.43750000 7538.08007812 6344.45507812 -0.00825690 0.49356964 -0.00792051
6188.48876953 6783.75878906 5741.03417969 0.01027078 0.53148687 -0.00073688 6188.48876953 6783.75878906 5741.03417969 0.01027078 0.53148687 -0.00073688
5579.27050781 6089.32958984 5183.27490234 -0.00737733 0.50338978 0.00618616 5579.27050781 6089.32910156 5183.27490234 -0.00737733 0.50338978 0.00618616
4982.10498047 5412.20263672 4633.16552734 -0.01151054 0.48291308 0.01349705 4982.10449219 5412.20263672 4633.16503906 -0.01151054 0.48291305 0.01349705
4437.43066406 4799.55468750 4128.42285156 0.00026860 0.49690428 0.00144813 4437.43066406 4799.55468750 4128.42285156 0.00026860 0.49690428 0.00144813
3958.47216797 4267.27636719 3686.02563477 0.00427458 0.48666283 -0.00490075 3958.47192383 4267.27636719 3686.02587891 0.00427458 0.48666283 -0.00490075
3540.35449219 3804.27050781 3300.94628906 -0.00111775 0.47562781 -0.00534238 3540.35473633 3804.27075195 3300.94628906 -0.00111775 0.47562784 -0.00534238
3171.44458008 3398.12060547 2961.93750000 0.00516198 0.43321100 0.00596854 3171.44458008 3398.12084961 2961.93725586 0.00516198 0.43321100 0.00596854
2843.60400391 3036.92871094 2660.85864258 0.00156025 0.40223262 -0.00273319 2843.60400391 3036.92871094 2660.85864258 0.00156025 0.40223262 -0.00273319
2551.97827148 2714.87744141 2391.89160156 -0.00064912 0.35353881 -0.00290776 2551.97827148 2714.87744141 2391.89184570 -0.00064912 0.35353881 -0.00290776
2290.36352539 2424.88525391 2149.38940430 -0.00058170 0.31067500 0.00487301 2290.36352539 2424.88525391 2149.38964844 -0.00058170 0.31067500 0.00487301
2054.85400391 2162.78393555 1929.60534668 0.00074470 0.25922227 -0.00060899 2054.85400391 2162.78393555 1929.60534668 0.00074470 0.25922227 -0.00060899
1843.76037598 1926.17163086 1731.52038574 -0.00019878 0.22751163 0.00247175 1843.76025391 1926.17163086 1731.52050781 -0.00019878 0.22751163 0.00247175
1656.79821777 1717.28063965 1556.66284180 0.00345882 0.17649285 -0.00084225 1656.79821777 1717.28063965 1556.66284180 0.00345882 0.17649285 -0.00084225
1492.85327148 1538.57897949 1405.81408691 -0.00090992 0.14717409 -0.00080606 1492.85327148 1538.57910156 1405.81408691 -0.00090992 0.14717409 -0.00080606
1348.71301270 1386.27478027 1276.65441895 -0.00072155 0.12647298 -0.00021730 1348.71301270 1386.27490234 1276.65441895 -0.00072155 0.12647298 -0.00021730
1217.42712402 1252.18371582 1160.90393066 0.00119707 0.11405776 0.00153951 1217.42700195 1252.18359375 1160.90393066 0.00119707 0.11405776 0.00153951
1089.96911621 1125.04479980 1047.09497070 0.00106905 0.10849214 -0.00229534 1089.96899414 1125.04479980 1047.09497070 0.00106905 0.10849214 -0.00229534
961.42175293 997.58886719 929.87719727 0.00028026 0.10251095 0.00142030 961.42175293 997.58886719 929.87719727 0.00028026 0.10251096 0.00142030
833.00006104 869.25457764 810.29803467 -0.00144939 0.09292161 -0.00113738 833.00000000 869.25451660 810.29803467 -0.00144939 0.09292161 -0.00113738
708.60852051 743.40435791 692.51318359 -0.00097512 0.08355045 -0.00151504 708.60852051 743.40435791 692.51318359 -0.00097512 0.08355045 -0.00151504
593.30194092 625.53833008 582.44732666 0.00077607 0.07460873 -0.00089867 593.30194092 625.53833008 582.44732666 0.00077607 0.07460873 -0.00089867
492.42825317 521.31860352 485.31658936 -0.00006598 0.08996427 -0.00071318 492.42828369 521.31860352 485.31658936 -0.00006598 0.08996427 -0.00071318
408.16290283 433.55422974 403.37255859 -0.00017796 0.07803322 -0.00017418 408.16293335 433.55419922 403.37255859 -0.00017796 0.07803322 -0.00017418
339.50146484 361.75866699 335.87036133 -0.00054674 0.06750286 0.00009684 339.50149536 361.75866699 335.87036133 -0.00054674 0.06750286 0.00009684
284.19061279 303.39688110 280.72204590 -0.00099729 0.04711111 -0.00048285 284.19064331 303.39688110 280.72201538 -0.00099729 0.04711111 -0.00048285
239.00987244 255.32382202 235.07621765 -0.00034024 0.04182177 -0.00034234 239.00987244 255.32382202 235.07623291 -0.00034024 0.04182177 -0.00034234
200.82476807 214.73748779 196.38098145 -0.00031550 0.03727794 -0.00047865 200.82476807 214.73748779 196.38096619 -0.00031550 0.03727794 -0.00047865
167.85404968 179.76394653 163.09155273 -0.00011151 0.03370001 -0.00007466 167.85404968 179.76394653 163.09155273 -0.00011151 0.03370002 -0.00007466
139.07067871 149.33020020 134.19560242 -0.00003692 0.03007849 0.00007341 139.07067871 149.33020020 134.19560242 -0.00003692 0.03007849 0.00007341
113.64974213 122.58608246 109.00936127 -0.00014819 0.02766727 0.00010379 113.64974213 122.58608246 109.00936127 -0.00014819 0.02766727 0.00010379
91.10341644 98.82343292 86.87923431 -0.00028143 0.02498184 0.00005496 91.10341644 98.82342529 86.87923431 -0.00028143 0.02498184 0.00005496
71.23654938 77.72559357 67.52442169 0.00018172 0.02235980 -0.00014485 71.23654938 77.72560120 67.52442169 0.00018172 0.02235980 -0.00014485
53.79553604 59.06467819 50.70011520 0.00019103 0.02072532 -0.00002519 53.79553986 59.06467819 50.70011520 0.00019103 0.02072532 -0.00002519
38.58712387 42.72274399 36.18638229 -0.00017315 0.01936382 -0.00000637 38.58712769 42.72274399 36.18638611 -0.00017315 0.01936382 -0.00000637
25.93094635 29.03290367 24.27421951 -0.00008497 0.02334576 0.00006722 25.93094635 29.03290367 24.27421951 -0.00008497 0.02334576 0.00006722
15.70236492 17.83822632 14.77789593 0.00007611 0.01177463 -0.00010627 15.70236492 17.83822823 14.77789593 0.00007611 0.01177463 -0.00010627
13.96651840 15.88998413 13.12923908 0.00014524 0.01178361 -0.00005695 13.96651840 15.88998413 13.12923908 0.00014524 0.01178361 -0.00005695
12.28398132 13.99807930 11.52733994 -0.00012851 0.01200041 0.00014751 12.28398132 13.99807835 11.52733994 -0.00012851 0.01200041 0.00014751
10.64744663 12.16323280 9.96999454 -0.00000911 0.01200583 0.00009151 10.64744663 12.16323280 9.96999550 -0.00000911 0.01200583 0.00009151
9.05838394 10.38679790 8.45532131 -0.00000500 0.01202139 0.00011660 9.05838394 10.38679790 8.45532036 -0.00000500 0.01202139 0.00011660
7.51885366 8.69374657 7.00281191 -0.00011504 0.00650043 0.00002203 7.51885366 8.69374752 7.00281191 -0.00011504 0.00650043 0.00002203
6.03061962 7.12323952 5.64007568 0.00001485 0.00962300 0.00000374 6.03062010 7.12323952 5.64007568 0.00001485 0.00962300 0.00000374
4.58669090 5.70582151 4.35232210 0.00000958 0.00995076 -0.00017350 4.58669090 5.70582151 4.35232258 0.00000958 0.00995076 -0.00017350
3.18465495 4.32610464 3.09040666 0.00004365 0.01005510 -0.00014186 3.18465495 4.32610464 3.09040666 0.00004365 0.01005510 -0.00014186
1.82381999 2.98075938 1.85924613 0.00000938 0.01020391 0.00006242 1.82381999 2.98075962 1.85924613 0.00000938 0.01020391 0.00006242
0.50356436 1.66829908 0.65811568 -0.00008001 0.01028307 0.00004826 0.50356436 1.66829908 0.65811568 -0.00008001 0.01028307 0.00004826
-0.78142643 0.38832441 -0.51350665 0.00004718 0.01057661 0.00006118 -0.78142643 0.38832444 -0.51350665 0.00004718 0.01057661 0.00006118
-2.03066707 -0.85853261 -1.65757489 -0.00006581 0.01070187 0.00000210 -2.03066707 -0.85853261 -1.65757489 -0.00006581 0.01070187 0.00000210
-3.24338222 -2.07380557 -2.77460647 0.00002591 0.01060925 0.00001502 -3.24338245 -2.07380533 -2.77460647 0.00002591 0.01060925 0.00001502
-4.42166376 -3.26185203 -3.87157583 -0.00003897 0.01083995 -0.00000069 -4.42166376 -3.26185179 -3.87157559 -0.00003897 0.01083995 -0.00000069
-5.56620789 -4.42079401 -4.94607639 0.00002111 0.01084577 0.00003031 -5.56620836 -4.42079449 -4.94607639 0.00002111 0.01084577 0.00003031
-6.68026066 -5.55204105 -5.99638987 -0.00006982 0.01107393 0.00000624 -6.68026066 -5.55204105 -5.99638987 -0.00006982 0.01107393 0.00000624
-7.76200104 -6.65615082 -7.02163315 -0.00003940 0.01096549 -0.00005867 -7.76200104 -6.65615082 -7.02163315 -0.00003940 0.01096549 -0.00005867
-8.81340981 -7.73394060 -8.02195358 0.00004564 0.01099608 -0.00001365 -8.81340981 -7.73394012 -8.02195358 0.00004564 0.01099608 -0.00001365
-9.83456993 -8.78526402 -8.99792862 0.00005900 0.01105652 -0.00000173 -9.83456993 -8.78526497 -8.99792862 0.00005900 0.01105652 -0.00000173
-10.82267857 -9.80811405 -9.94793987 -0.00004767 0.01208111 0.00006172 -10.82267761 -9.80811501 -9.94793987 -0.00004767 0.01208111 0.00006172
-11.71189404 -10.78219509 -10.83199501 0.00005270 0.01211975 0.00005184 -11.71189404 -10.78219509 -10.83199501 0.00005270 0.01211975 0.00005184
-12.57180500 -11.72956276 -11.68920803 -0.00003395 0.01242384 -0.00003611 -12.57180500 -11.72956276 -11.68920803 -0.00003395 0.01242384 -0.00003611
-13.35914421 -12.63109493 -12.46338940 0.00003427 0.01234975 0.00004588 -13.35914421 -12.63109493 -12.46338940 0.00003427 0.01234975 0.00004588
-14.12310219 -13.50841045 -13.21860313 0.00004159 0.01226225 -0.00003583 -14.12310219 -13.50841045 -13.21860313 0.00004159 0.01226225 -0.00003583
-14.86618996 -14.36320114 -13.95637321 -0.00001008 0.01214736 0.00011586 -14.86618996 -14.36320210 -13.95637321 -0.00001008 0.01214736 0.00011586
-15.58907795 -15.19588852 -14.67811298 0.00002871 0.01207318 0.00006317 -15.58907700 -15.19588757 -14.67811394 0.00002871 0.01207318 0.00006317
-16.29209328 -16.00876999 -15.38256168 0.00002321 0.01192990 -0.00000046 -16.29209328 -16.00877190 -15.38256264 0.00002321 0.01192990 -0.00000046
-16.97310448 -16.80187416 -16.07015038 0.00007681 0.01189483 -0.00000551 -16.97310257 -16.80187416 -16.07015038 0.00007681 0.01189483 -0.00000551
-17.63417816 -17.57375526 -16.73958588 0.00008135 0.01168882 -0.00002610 -17.63417816 -17.57375526 -16.73958588 0.00008135 0.01168883 -0.00002610
-18.27618790 -18.32476807 -17.39062691 -0.00000599 0.01157346 -0.00003152 -18.27618790 -18.32476807 -17.39062691 -0.00000599 0.01157346 -0.00003152
-21.04545021 -21.46400833 -20.31023026 0.00004526 0.00959598 -0.00002505 -21.04545212 -21.46400833 -20.31023026 0.00004526 0.00959598 -0.00002505
-23.00782204 -23.51115417 -22.49141312 0.00000645 0.00420330 -0.00004406 -23.00782204 -23.51115417 -22.49141502 0.00000645 0.00420330 -0.00004406
-24.20417595 -24.99595261 -24.00059128 0.00004723 0.00414764 -0.00002814 -24.20417595 -24.99595261 -24.00059128 0.00004723 0.00414764 -0.00002814
-25.29387474 -26.33645058 -24.87419891 -0.00002920 0.00347097 -0.00002744 -25.29387665 -26.33645058 -24.87419891 -0.00002920 0.00347097 -0.00002744
-25.69828224 -27.36435509 -25.49138641 0.00003354 0.00368309 0.00000887 -25.69828415 -27.36435509 -25.49138451 0.00003354 0.00368309 0.00000887
-26.07186127 -28.06972122 -26.00029373 -0.00002853 0.00337526 -0.00000920 -26.07186127 -28.06972122 -26.00029373 -0.00002853 0.00337526 -0.00000920
-26.43591881 -28.50054550 -26.39758110 -0.00000172 0.00323601 0.00000484 -26.43592072 -28.50054550 -26.39758110 -0.00000172 0.00323601 0.00000484
