4.80667543 4.99944592 5.37574530 -0.02608509 -0.25056973 -1.90609002 4.80667591 4.99944592 5.37574530 -0.02608509 -0.25056973 -1.90609002
4.08885241 3.41876817 3.82153559 0.22234002 -0.29175276 -1.49236798 4.08885241 3.41876817 3.82153559 0.22234002 -0.29175276 -1.49236798
4.24422312 3.07001662 4.67124271 -0.83143002 -0.31608576 -1.68577540 4.24422312 3.07001662 4.67124271 -0.83143002 -0.31608576 -1.68577540
4.28396940 4.60870743 4.23647451 0.45222068 -0.44310996 -1.16209137 4.28396940 4.60870790 4.23647451 0.45222068 -0.44310996 -1.16209137
5.58955622 6.90814638 5.84089804 -0.75142753 -0.18918434 -1.77331841 5.58955622 6.90814638 5.84089756 -0.75142753 -0.18918434 -1.77331841
4.34269857 4.74825430 4.06669331 0.05307684 0.07887027 1.24472058 4.34269857 4.74825382 4.06669331 0.05307684 0.07887027 1.24472058
4.20700073 4.46291685 2.97420526 0.20288411 0.49221563 0.51519638 4.20700073 4.46291685 2.97420526 0.20288411 0.49221566 0.51519638
5.95793867 4.91372585 4.84159565 0.69706851 -0.23012155 0.32014498 5.95793819 4.91372585 4.84159565 0.69706851 -0.23012155 0.32014498
4.10864735 3.96265435 4.11162949 -0.57876980 -0.28959772 1.36393893 4.10864735 3.96265459 4.11162996 -0.57876980 -0.28959772 1.36393893
4.92964554 5.64847040 3.59194636 0.84644186 0.00380396 0.65680116 4.92964554 5.64847040 3.59194636 0.84644186 0.00380396 0.65680122
5.84927797 5.32597923 6.39582539 1.96949339 1.22984302 -0.54776031 5.84927797 5.32597923 6.39582539 1.96949339 1.22984302 -0.54776031
4.60225534 4.20651102 4.19600725 1.57350111 1.60034204 0.00928650 4.60225487 4.20651102 4.19600725 1.57350111 1.60034204 0.00928650
4.07421923 4.13862228 5.65951014 2.60510898 0.57476318 -0.49379772 4.07421923 4.13862228 5.65951014 2.60510921 0.57476318 -0.49379775
5.31934452 6.36094713 4.79273367 1.68422377 1.43190324 -0.60138726 5.31934404 6.36094713 4.79273319 1.68422377 1.43190336 -0.60138732
6.17810535 6.39499426 5.31054640 2.78070974 1.28868496 -1.52457595 6.17810535 6.39499426 5.31054640 2.78070951 1.28868496 -1.52457607
32.38465118 32.39006424 34.71415329 -0.00216223 -0.29924107 -2.57472682 32.38465118 32.39006424 34.71415329 -0.00216223 -0.29924107 -2.57472658
13.65735149 13.79876614 14.89064884 -0.01976421 -0.27577412 -2.13036203 13.65735245 13.79876614 14.89064884 -0.01976421 -0.27577412 -2.13036203
24.85748672 24.92070961 26.79678726 -0.00899023 -0.29046592 -2.39354038 24.85748672 24.92070961 26.79678726 -0.00899023 -0.29046592 -2.39354038
9.60918331 9.77832413 10.51484489 -0.02527196 -0.26584846 -2.02902317 9.60918331 9.77832413 10.51484489 -0.02527196 -0.26584846 -2.02902317
-15.60397720 -15.60017872 -15.51299667 -0.02118932 -0.20498268 -1.44481218 -15.60397625 -15.60017776 -15.51299667 -0.02118932 -0.20498267 -1.44481218
34.42210770 34.40117264 36.84664154 0.00060904 -0.30260468 -2.62239242 34.42210770 34.40117264 36.84664154 0.00060904 -0.30260468 -2.62239242
43.18848038 43.10628891 46.11038208 0.00458054 -0.31429905 -2.82537818 43.18848038 43.10628891 46.11038208 0.00458054 -0.31429905 -2.82537818
58.43193054 58.36644363 62.09906769 0.00419981 -0.33036578 -3.17629290 58.43192673 58.36644363 62.09906769 0.00419981 -0.33036575 -3.17629313
7.11990118 7.32088995 7.84023809 -0.02673051 -0.25782785 -1.96698368 7.11990118 7.32088995 7.84023809 -0.02673051 -0.25782782 -1.96698368
-14.12474155 -14.09953976 -13.97199249 -0.02319616 -0.21348119 -1.47537303 -14.12474155 -14.09953976 -13.97199345 -0.02319616 -0.21348119 -1.47537303
-3.95972633 -3.84013987 -3.85254478 -0.02561611 -0.23001152 -1.67609596 -3.95972633 -3.84013963 -3.85254478 -0.02561611 -0.23001152 -1.67609596
-15.12646580 -15.11460304 -15.01893520 -0.02237060 -0.20790151 -1.45525980 -15.12646675 -15.11460304 -15.01893616 -0.02237060 -0.20790152 -1.45525992
8.34414387 8.52769375 9.15136814 -0.02639940 -0.26202390 -1.99730432 8.34414387 8.52769375 9.15136719 -0.02639940 -0.26202393 -1.99730432
18.15081596 18.25514412 19.71669769 -0.01386777 -0.28288308 -2.23585463 18.15081596 18.25514221 19.71669769 -0.01386776 -0.28288308 -2.23585486
-9.95718479 -9.93981075 -9.77147388 -0.02827040 -0.22435603 -1.55575395 -9.95718479 -9.93981075 -9.77147388 -0.02827040 -0.22435603 -1.55575395
-0.35498014 -0.17650676 -0.14725715 -0.02398561 -0.23690760 -1.76799643 -0.35498014 -0.17650676 -0.14725715 -0.02398561 -0.23690760 -1.76799643
-3.09403515 -2.96199942 -2.98146081 -0.02510308 -0.23074128 -1.69678402 -3.09403515 -2.96199942 -2.98146081 -0.02510308 -0.23074129 -1.69678402
-4.80109644 -4.69575167 -4.68064690 -0.02596078 -0.22996625 -1.65831232 -4.80109644 -4.69575214 -4.68064690 -0.02596078 -0.22996624 -1.65831232
10.91498184 11.06447983 11.91837692 -0.02417998 -0.26928246 -2.06234503 10.91498184 11.06448078 11.91837692 -0.02417998 -0.26928246 -2.06234527
-5.60771656 -5.52693605 -5.47721243 -0.02649368 -0.22995859 -1.64278471 -5.60771656 -5.52693653 -5.47721291 -0.02649368 -0.22995859 -1.64278471
-11.25059700 -11.22118759 -11.05326080 -0.02626539 -0.22146218 -1.53036928 -11.25059700 -11.22118759 -11.05326080 -0.02626539 -0.22146218 -1.53036928
-16.51760674 -16.52896118 -16.44813728 -0.01221760 -0.19285631 -1.41845119 -16.51760674 -16.52896118 -16.44813728 -0.01221760 -0.19285631 -1.41845119
5.94171667 6.14396381 6.58468866 -0.02656245 -0.25367644 -1.93654823 5.94171667 6.14396429 6.58468819 -0.02656245 -0.25367647 -1.93654835
23.10933876 23.18239212 24.95526505 -0.01024738 -0.28899798 -2.35184026 23.10933876 23.18239212 24.95526505 -0.01024738 -0.28899798 -2.35184050
-13.03700924 -13.00978851 -12.84822178 -0.02310586 -0.21798676 -1.49588788 -13.03700924 -13.00978851 -12.84822273 -0.02310586 -0.21798676 -1.49588788
12.26006317 12.39988518 13.37432098 -0.02259894 -0.27276033 -2.09656096 12.26006317 12.39988518 13.37432098 -0.02259894 -0.27276033 -2.09656096
45.54500580 45.46490860 48.59453964 0.00468205 -0.31643048 -2.87977695 45.54500580 45.46490479 48.59453964 0.00468205 -0.31643048 -2.87977695
26.65340042 26.70704269 28.68937111 -0.00731439 -0.29201809 -2.43700480 26.65340042 26.70704079 28.68937111 -0.00731439 -0.29201809 -2.43700480
38.67503357 38.61282349 41.34142303 0.00401191 -0.30857545 -2.72058034 38.67503357 38.61282349 41.34141922 0.00401191 -0.30857545 -2.72058058
1.59378791 1.79894352 1.94823062 -0.02428974 -0.24265280 -1.82022011 1.59378791 1.79894352 1.94823062 -0.02428974 -0.24265280 -1.82022011
-11.86818218 -11.83477592 -11.66802406 -0.02498559 -0.22033468 -1.51855016 -11.86818218 -11.83477592 -11.66802311 -0.02498559 -0.22033469 -1.51855016
-9.28403854 -9.25828266 -9.10706711 -0.02730842 -0.22703038 -1.56901324 -9.28403950 -9.25828266 -9.10706711 -0.02730842 -0.22703037 -1.56901324
-16.95535088 -16.97355652 -16.88883018 -0.00660141 -0.18573304 -1.40369272 -16.95535088 -16.97355652 -16.88883018 -0.00660141 -0.18573304 -1.40369260
36.51553345 36.47358322 39.05380630 0.00293727 -0.30539379 -2.67106843 36.51553345 36.47358322 39.05380630 0.00293727 -0.30539376 -2.67106843
2.62684846 2.82933664 3.05447936 -0.02454646 -0.24514769 -1.84793973 2.62684846 2.82933688 3.05447960 -0.02454646 -0.24514769 -1.84793973
61.24242020 61.18812943 65.03794098 0.00397452 -0.33297640 -3.24041772 61.24242020 61.18812561 65.03794098 0.00397452 -0.33297640 -3.24041796
-8.59378624 -8.55338573 -8.42630482 -0.02711339 -0.22916792 -1.58280635 -8.59378624 -8.55338669 -8.42630482 -0.02711339 -0.22916794 -1.58280635
0.60613269 0.79786223 0.88187605 -0.02413781 -0.23992662 -1.79340124 0.60613269 0.79786223 0.88187605 -0.02413781 -0.23992661 -1.79340124
21.40797997 21.49024773 23.16217422 -0.01175865 -0.28720391 -2.31152391 21.40797997 21.49024773 23.16217613 -0.01175865 -0.28720388 -2.31152391
55.70141220 55.63529587 59.24996185 0.00613109 -0.32718945 -3.11403346 55.70141602 55.63529205 59.24996185 0.00613109 -0.32718945 -3.11403346
-1.29372466 -1.12778616 -1.13012385 -0.02394821 -0.23469755 -1.74326491 -1.29372466 -1.12778628 -1.13012385 -0.02394821 -0.23469755 -1.74326491
16.60243225 16.72650909 18.06220818 -0.01529993 -0.28075296 -2.19989371 16.60243034 16.72650719 18.06221008 -0.01529993 -0.28075296 -2.19989371
-13.59008312 -13.56268120 -13.41694641 -0.02262576 -0.21603128 -1.48518491 -13.59008312 -13.56268120 -13.41694641 -0.02262576 -0.21603128 -1.48518491
-14.63598442 -14.61598873 -14.50424099 -0.02295720 -0.21061780 -1.46523309 -14.63598537 -14.61598873 -14.50424099 -0.02295720 -0.21061780 -1.46523309
-12.46333313 -12.43356895 -12.26521397 -0.02386987 -0.21912755 -1.50703704 -12.46333218 -12.43356895 -12.26521397 -0.02386987 -0.21912755 -1.50703704
47.97043991 47.89979935 51.15079117 0.00523581 -0.31785288 -2.93600249 47.97043610 47.89979935 51.15079117 0.00523581 -0.31785288 -2.93600249
-2.20731974 -2.05608034 -2.07159352 -0.02433022 -0.23227055 -1.71959281 -2.20731950 -2.05608034 -2.07159352 -0.02433022 -0.23227055 -1.71959269
-7.14296436 -7.08437252 -7.00012112 -0.02739091 -0.23138432 -1.61191607 -7.14296436 -7.08437252 -7.00012112 -0.02739091 -0.23138434 -1.61191607
3.69996953 3.89334464 4.19709635 -0.02556309 -0.24781878 -1.87653160 3.69996953 3.89334464 4.19709635 -0.02556309 -0.24781880 -1.87653160
-10.61328793 -10.59220600 -10.42009354 -0.02762828 -0.22260046 -1.54292750 -10.61328793 -10.59220600 -10.42009354 -0.02762828 -0.22260045 -1.54292738
15.10748005 15.23971081 16.45168304 -0.01734117 -0.27848905 -2.16488242 15.10748005 15.23971081 16.45168304 -0.01734117 -0.27848905 -2.16488242
-7.88029146 -7.83048391 -7.72484064 -0.02748338 -0.23079924 -1.59683371 -7.88029194 -7.83048391 -7.72484016 -0.02748338 -0.23079924 -1.59683371
30.41480637 30.44071960 32.64524460 -0.00418680 -0.29658335 -2.52821350 30.41480637 30.44071960 32.64524460 -0.00418680 -0.29658335 -2.52821350
19.75248528 19.84389687 21.41617966 -0.01291906 -0.28493845 -2.27283692 19.75248528 19.84389687 21.41617966 -0.01291906 -0.28493845 -2.27283692
50.46231079 50.40316010 53.77376175 0.00587021 -0.32008812 -2.99277425 50.46231079 50.40316391 53.77376175 0.00587021 -0.32008812 -2.99277425
40.90129471 40.82328033 43.69374847 0.00464615 -0.31153169 -2.77205038 40.90129471 40.82327652 43.69375229 0.00464615 -0.31153169 -2.77205038
28.50351524 28.54398537 30.63738823 -0.00611057 -0.29371771 -2.48216105 28.50351334 28.54398537 30.63738823 -0.00611057 -0.29371771 -2.48216128
-6.38483858 -6.31677580 -6.24764442 -0.02705682 -0.23062952 -1.62703490 -6.38483906 -6.31677580 -6.24764442 -0.02705682 -0.23062950 -1.62703490
53.03914642 52.97729874 56.47224045 0.00697545 -0.32342181 -3.05266237 53.03914642 52.97729874 56.47224045 0.00697545 -0.32342181 -3.05266237
-16.06756783 -16.07165718 -15.99043274 -0.01792672 -0.19998689 -1.43240190 -16.06756783 -16.07165527 -15.99043179 -0.01792672 -0.19998689 -1.43240190
