4.27556849 0.00000000 0.00000000 0.00000000 0.00000000 0.00000000 4.27556849 0.00000000 0.00000000 0.00000000 0.00000000 0.00000000
2.88830495 0.00000000 0.00000000 0.00000000 0.00000000 0.00000000 2.88830471 0.00000000 0.00000000 0.00000000 0.00000000 0.00000000
1.87939310 0.00000000 0.00000000 0.00000000 0.00000000 0.00000000 1.87939310 0.00000000 0.00000000 0.00000000 0.00000000 0.00000000
1.21015513 0.00000000 0.00000000 0.00000000 0.00000000 0.00000000 1.21015501 0.00000000 0.00000000 0.00000000 0.00000000 0.00000000
0.79182017 0.00000000 0.00000000 0.00000000 0.00000000 0.00000000 0.79182017 0.00000000 0.00000000 0.00000000 0.00000000 0.00000000
0.52432621 0.00000000 0.00000000 0.00000000 0.00000000 0.00000000 0.52432621 0.00000000 0.00000000 0.00000000 0.00000000 0.00000000
0.33549923 0.00000000 0.00000000 0.00000000 0.00000000 0.00000000 0.33549923 0.00000000 0.00000000 0.00000000 0.00000000 0.00000000
0.19341578 0.00000000 0.00000000 0.00000000 0.00000000 0.00000000 0.19341576 0.00000000 0.00000000 0.00000000 0.00000000 0.00000000
0.15424202 0.00000000 0.00000000 0.00000000 0.00000000 0.00000000 0.15424201 0.00000000 0.00000000 0.00000000 0.00000000 0.00000000
0.10891140 0.00000000 0.00000000 0.00000000 0.00000000 0.00000000 0.10891140 0.00000000 0.00000000 0.00000000 0.00000000 0.00000000
0.06929597 0.00000000 0.00000000 0.00000000 0.00000000 0.00000000 0.06929598 0.00000000 0.00000000 0.00000000 0.00000000 0.00000000
0.03943538 0.00000000 0.00000000 0.00000000 0.00000000 0.00000000 0.03943538 0.00000000 0.00000000 0.00000000 0.00000000 0.00000000
0.01893788 0.00000000 0.00000000 0.00000000 0.00000000 0.00000000 0.01893788 0.00000000 0.00000000 0.00000000 0.00000000 0.00000000
0.00568163 0.00000000 0.00000000 0.00000000 0.00000000 0.00000000 0.00568163 0.00000000 0.00000000 0.00000000 0.00000000 0.00000000
-0.00258781 0.00000000 0.00000000 0.00000000 0.00000000 0.00000000 -0.00258781 0.00000000 0.00000000 0.00000000 0.00000000 0.00000000
-0.00758418 0.00000000 0.00000000 0.00000000 0.00000000 0.00000000 -0.00758418 0.00000000 0.00000000 0.00000000 0.00000000 0.00000000
-0.01042460 0.00000000 0.00000000 0.00000000 0.00000000 0.00000000 -0.01042460 0.00000000 0.00000000 0.00000000 0.00000000 0.00000000
-0.01183140 0.00000000 0.00000000 0.00000000 0.00000000 0.00000000 -0.01183140 0.00000000 0.00000000 0.00000000 0.00000000 0.00000000
-0.01231622 0.00000000 0.00000000 0.00000000 0.00000000 0.00000000 -0.01231622 0.00000000 0.00000000 0.00000000 0.00000000 0.00000000
-0.01225122 0.00000000 0.00000000 0.00000000 0.00000000 0.00000000 -0.01225122 0.00000000 0.00000000 0.00000000 0.00000000 0.00000000
-0.01187085 0.00000000 0.00000000 0.00000000 0.00000000 0.00000000 -0.01187085 0.00000000 0.00000000 0.00000000 0.00000000 0.00000000
-0.01128297 0.00000000 0.00000000 0.00000000 0.00000000 0.00000000 -0.01128297 0.00000000 0.00000000 0.00000000 0.00000000 0.00000000
-0.01052188 0.00000000 0.00000000 0.00000000 0.00000000 0.00000000 -0.01052188 0.00000000 0.00000000 0.00000000 0.00000000 0.00000000
-0.00961867 0.00000000 0.00000000 0.00000000 0.00000000 0.00000000 -0.00961867 0.00000000 0.00000000 0.00000000 0.00000000 0.00000000
-0.00864434 0.00000000 0.00000000 0.00000000 0.00000000 0.00000000 -0.00864434 0.00000000 0.00000000 0.00000000 0.00000000 0.00000000
-0.00770417 0.00000000 0.00000000 0.00000000 0.00000000 0.00000000 -0.00770417 0.00000000 0.00000000 0.00000000 0.00000000 0.00000000
-0.00689856 0.00000000 0.00000000 0.00000000 0.00000000 0.00000000 -0.00689856 0.00000000 0.00000000 0.00000000 0.00000000 0.00000000
-0.00628499 0.00000000 0.00000000 0.00000000 0.00000000 0.00000000 -0.00628499 0.00000000 0.00000000 0.00000000 0.00000000 0.00000000
-0.00586780 0.00000000 0.00000000 0.00000000 0.00000000 0.00000000 -0.00586780 0.00000000 0.00000000 0.00000000 0.00000000 0.00000000
-0.00561632 0.00000000 0.00000000 0.00000000 0.00000000 0.00000000 -0.00561632 0.00000000 0.00000000 0.00000000 0.00000000 0.00000000
-0.00549229 0.00000000 0.00000000 0.00000000 0.00000000 0.00000000 -0.00549229 0.00000000 0.00000000 0.00000000 0.00000000 0.00000000
-0.00546484 0.00000000 0.00000000 0.00000000 0.00000000 0.00000000 -0.00546484 0.00000000 0.00000000 0.00000000 0.00000000 0.00000000
-0.00550620 0.00000000 0.00000000 0.00000000 0.00000000 0.00000000 -0.00550620 0.00000000 0.00000000 0.00000000 0.00000000 0.00000000
-0.00557861 0.00000000 0.00000000 0.00000000 0.00000000 0.00000000 -0.00557861 0.00000000 0.00000000 0.00000000 0.00000000 0.00000000
-0.00562959 0.00000000 0.00000000 0.00000000 0.00000000 0.00000000 -0.00562959 0.00000000 0.00000000 0.00000000 0.00000000 0.00000000
-0.00560410 0.00000000 0.00000000 0.00000000 0.00000000 0.00000000 -0.00560410 0.00000000 0.00000000 0.00000000 0.00000000 0.00000000
-0.00546675 0.00000000 0.00000000 0.00000000 0.00000000 0.00000000 -0.00546675 0.00000000 0.00000000 0.00000000 0.00000000 0.00000000
-0.00521751 0.00000000 0.00000000 0.00000000 0.00000000 0.00000000 -0.00521751 0.00000000 0.00000000 0.00000000 0.00000000 0.00000000
2.55306554 0.00000000 0.00000000 0.00000000 0.00000000 0.00000000 2.55306554 0.00000000 0.00000000 0.00000000 0.00000000 0.00000000
1.54890633 0.00000000 0.00000000 0.00000000 0.00000000 0.00000000 1.54890633 0.00000000 0.00000000 0.00000000 0.00000000 0.00000000
0.81125176 0.00000000 0.00000000 0.00000000 0.00000000 0.00000000 0.81125176 0.00000000 0.00000000 0.00000000 0.00000000 0.00000000
0.39315242 0.00000000 0.00000000 0.00000000 0.00000000 0.00000000 0.39315245 0.00000000 0.00000000 0.00000000 0.00000000 0.00000000
0.15693203 0.00000000 0.00000000 0.00000000 0.00000000 0.00000000 0.15693203 0.00000000 0.00000000 0.00000000 0.00000000 0.00000000
0.03483498 0.00000000 0.00000000 0.00000000 0.00000000 0.00000000 0.03483498 0.00000000 0.00000000 0.00000000 0.00000000 0.00000000
-0.02114496 0.00000000 0.00000000 0.00000000 0.00000000 0.00000000 -0.02114496 0.00000000 0.00000000 0.00000000 0.00000000 0.00000000
-0.05420416 0.00000000 0.00000000 0.00000000 0.00000000 0.00000000 -0.05420415 0.00000000 0.00000000 0.00000000 0.00000000 0.00000000
-0.08315825 0.00000000 0.00000000 0.00000000 0.00000000 0.00000000 -0.08315824 0.00000000 0.00000000 0.00000000 0.00000000 0.00000000
3.57157969 0.00000000 0.00000000 0.00000000 0.00000000 0.00000000 3.57157969 0.00000000 0.00000000 0.00000000 0.00000000 0.00000000
2.82987738 0.00000000 0.00000000 0.00000000 0.00000000 0.00000000 2.82987738 0.00000000 0.00000000 0.00000000 0.00000000 0.00000000
1.56295395 0.00000000 0.00000000 0.00000000 0.00000000 0.00000000 1.56295383 0.00000000 0.00000000 0.00000000 0.00000000 0.00000000
0.63867158 0.00000000 0.00000000 0.00000000 0.00000000 0.00000000 0.63867158 0.00000000 0.00000000 0.00000000 0.00000000 0.00000000
0.23678847 0.00000000 0.00000000 0.00000000 0.00000000 0.00000000 0.23678848 0.00000000 0.00000000 0.00000000 0.00000000 0.00000000
0.04192419 0.00000000 0.00000000 0.00000000 0.00000000 0.00000000 0.04192419 0.00000000 0.00000000 0.00000000 0.00000000 0.00000000
-0.05784302 0.00000000 0.00000000 0.00000000 0.00000000 0.00000000 -0.05784302 0.00000000 0.00000000 0.00000000 0.00000000 0.00000000
-0.12055623 0.00000000 0.00000000 0.00000000 0.00000000 0.00000000 -0.12055623 0.00000000 0.00000000 0.00000000 0.00000000 0.00000000
-0.15706934 0.00000000 0.00000000 0.00000000 0.00000000 0.00000000 -0.15706933 0.00000000 0.00000000 0.00000000 0.00000000 0.00000000
-0.17467776 0.00000000 0.00000000 0.00000000 0.00000000 0.00000000 -0.17467776 0.00000000 0.00000000 0.00000000 0.00000000 0.00000000
-0.17986840 0.00000000 0.00000000 0.00000000 0.00000000 0.00000000 -0.17986840 0.00000000 0.00000000 0.00000000 0.00000000 0.00000000
-0.17080687 0.00000000 0.00000000 0.00000000 0.00000000 0.00000000 -0.17080687 0.00000000 0.00000000 0.00000000 0.00000000 0.00000000
-0.14479910 0.00000000 0.00000000 0.00000000 0.00000000 0.00000000 -0.14479908 0.00000000 0.00000000 0.00000000 0.00000000 0.00000000
-0.10796335 0.00000000 0.00000000 0.00000000 0.00000000 0.00000000 -0.10796335 0.00000000 0.00000000 0.00000000 0.00000000 0.00000000
