-7.45370054 -6.12945938 -4.48108816 -0.00000000 0.00000000 0.06871958 -7.45370007 -6.12945938 -4.48108768 -0.00000000 0.00000000 0.06871958
-7.69114923 -6.36276197 -4.48345137 0.15947641 -0.21021388 -0.13969149 -7.69114923 -6.36276197 -4.48345089 0.15947641 -0.21021388 -0.13969149
-7.57231951 -6.11398411 -4.46024227 0.08119875 -0.13054252 0.13746406 -7.57231951 -6.11398411 -4.46024227 0.08119875 -0.13054252 0.13746406
-7.62496471 -6.47500992 -4.63549614 -0.14876057 0.09314553 0.06495689 -7.62496519 -6.47500992 -4.63549566 -0.14876056 0.09314553 0.06495689
3.65994835 8.33413982 8.50924778 -0.00000000 0.00000000 0.07730104 3.65994835 8.33413982 8.50924778 -0.00000000 0.00000000 0.07730104
0.69363248 3.60855174 6.29209566 -0.16964069 0.02413573 0.55998361 0.69363248 3.60855174 6.29209566 -0.16964069 0.02413573 0.55998361
2.06368566 4.06451130 7.28699827 -0.21537519 0.17624028 -0.16259082 2.06368589 4.06451130 7.28699827 -0.21537519 0.17624027 -0.16259082
4.23046541 6.00602913 8.13506985 0.00839866 0.13480701 -0.69678336 4.23046541 6.00602913 8.13506985 0.00839866 0.13480701 -0.69678342
22.52806854 28.34546280 26.96790504 0.00000000 0.00000000 0.59570807 22.52807045 28.34546280 26.96790504 0.00000000 0.00000000 0.59570813
11.84713745 19.36443138 23.92871094 0.08884362 -0.13835874 0.67793506 11.84713650 19.36443329 23.92871094 0.08884362 -0.13835874 0.67793512
17.17923164 18.81528854 22.95342827 0.10950190 0.02516103 -0.72653812 17.17923164 18.81528854 22.95342827 0.10950190 0.02516103 -0.72653812
20.29463005 23.55811119 23.65802002 -0.05166805 -0.01230200 0.25332159 20.29463005 23.55811119 23.65802002 -0.05166806 -0.01230200 0.25332159
-7.45370054 -6.12945938 -4.48108816 -0.00000000 0.00000000 0.06871958 -7.45370007 -6.12945938 -4.48108768 -0.00000000 0.00000000 0.06871958
-7.35214615 -6.24294615 -3.87476873 -0.28834838 0.16122352 0.21174394 -7.35214663 -6.24294615 -3.87476897 -0.28834838 0.16122352 0.21174395
-7.18864727 -6.15472078 -4.08764601 -0.57365978 0.08052312 -0.04652327 -7.18864727 -6.15472078 -4.08764601 -0.57365984 0.08052312 -0.04652327
-6.81039858 -5.69255972 -4.35010052 -0.64283633 -0.32820129 -0.04961092 -6.81039858 -5.69255972 -4.35010099 -0.64283633 -0.32820132 -0.04961092
-15.00634670 -16.26982689 -13.65696621 -0.00000000 0.00000000 0.08612601 -15.00634766 -16.26982689 -13.65696621 -0.00000000 0.00000000 0.08612601
-13.53183079 -13.55082226 -12.07310104 -0.07591669 0.13142852 -0.12353193 -13.53183079 -13.55082226 -12.07310104 -0.07591669 0.13142851 -0.12353193
-12.70467567 -13.36627579 -12.58818436 -0.07929623 0.02305168 -0.10043985 -12.70467472 -13.36627579 -12.58818436 -0.07929623 0.02305168 -0.10043985
-14.02901173 -14.33832359 -12.27083302 0.10063763 -0.05504904 0.56292731 -14.02901077 -14.33832455 -12.27083302 0.10063763 -0.05504904 0.56292737
-19.05146027 -21.37910271 -19.02515984 -0.00000000 -0.00000000 -0.03197046 -19.05146027 -21.37910271 -19.02516174 -0.00000000 -0.00000000 -0.03197046
-17.30779457 -17.84671402 -17.32794762 0.07656071 -0.03748779 -0.30489406 -17.30779457 -17.84671402 -17.32794571 0.07656071 -0.03748779 -0.30489403
-16.52667809 -18.14557838 -18.65500450 0.07257611 0.21543251 -0.49711964 -16.52667809 -18.14557838 -18.65500450 0.07257611 0.21543252 -0.49711964
-18.25696945 -19.65347481 -17.54015350 -0.21195871 0.09141000 0.02628045 -18.25697136 -19.65347481 -17.54015350 -0.21195871 0.09141000 0.02628045
-7.45370054 -6.12945938 -4.48108816 -0.00000000 0.00000000 0.06871958 -7.45370007 -6.12945938 -4.48108768 -0.00000000 0.00000000 0.06871958
-7.52774000 -6.52447128 -3.89030957 0.14601061 -0.05859897 0.39212149 -7.52773952 -6.52447128 -3.89030957 0.14601059 -0.05859897 0.39212149
-5.65255594 -5.35143423 -3.86076593 0.11169091 -0.14667700 -0.42485663 -5.65255594 -5.35143423 -3.86076570 0.11169091 -0.14667700 -0.42485663
-6.43124485 -4.61409569 -3.37114620 0.21367988 0.19963773 0.04564464 -6.43124533 -4.61409616 -3.37114620 0.21367988 0.19963774 0.04564464
-15.00634670 -16.26982689 -13.65696621 -0.00000000 0.00000000 0.08612601 -15.00634766 -16.26982689 -13.65696621 -0.00000000 0.00000000 0.08612601
-13.13522720 -12.49572277 -11.26221275 0.02405532 0.37306052 -0.01755465 -13.13522625 -12.49572277 -11.26221275 0.02405532 0.37306052 -0.01755465
-12.34023285 -12.90186214 -12.03021240 -0.19192442 -0.02072262 -0.31422445 -12.34023285 -12.90186214 -12.03021336 -0.19192442 -0.02072262 -0.31422445
-14.23145103 -13.61682129 -11.35905838 0.13911888 -0.50090516 0.28893754 -14.23145103 -13.61682129 -11.35905838 0.13911888 -0.50090510 0.28893757
-19.05146027 -21.37910271 -19.02515984 -0.00000000 -0.00000000 -0.03197046 -19.05146027 -21.37910271 -19.02516174 -0.00000000 -0.00000000 -0.03197046
-16.95400238 -17.36841774 -15.88241482 -0.03723555 -0.04481341 -0.35445219 -16.95400429 -17.36841774 -15.88241482 -0.03723556 -0.04481341 -0.35445219
-16.34947968 -17.93926048 -16.88357925 0.12799041 0.10721967 -0.65279335 -16.34948158 -17.93926048 -16.88357925 0.12799041 0.10721966 -0.65279335
-17.88523674 -18.94883537 -16.12911224 0.11633987 -0.33272511 0.30242288 -17.88523674 -18.94883347 -16.12911224 0.11633987 -0.33272511 0.30242285
-15.00634670 -16.26982689 -13.65696621 -0.00000000 0.00000000 0.08612601 -15.00634766 -16.26982689 -13.65696621 -0.00000000 0.00000000 0.08612601
-12.38419437 -11.51039982 -10.22003651 0.07442360 0.21118371 0.20721905 -12.38419437 -11.51040077 -10.22003651 0.07442360 0.21118371 0.20721905
-11.95458794 -11.97740555 -11.41155910 -0.08673253 -0.15161631 -0.25876796 -11.95458794 -11.97740459 -11.41155910 -0.08673253 -0.15161631 -0.25876796
-12.13836670 -11.95560360 -9.60558701 0.09213109 0.14085038 -0.45554835 -12.13836670 -11.95560360 -9.60558701 0.09213109 0.14085038 -0.45554835
-19.05146027 -21.37910271 -19.02515984 -0.00000000 -0.00000000 -0.03197046 -19.05146027 -21.37910271 -19.02516174 -0.00000000 -0.00000000 -0.03197046
-15.97789192 -16.65123940 -15.28049564 -0.11516828 -0.15646277 -0.85628247 -15.97789288 -16.65123940 -15.28049469 -0.11516827 -0.15646277 -0.85628253
-15.80036354 -15.46419525 -16.60665894 0.02674002 0.09701285 -0.43886986 -15.80036354 -15.46419525 -16.60665894 0.02674002 0.09701285 -0.43886986
-16.42768478 -17.11611176 -15.89016438 -0.18823808 -0.08847029 0.34686902 -16.42768478 -17.11611176 -15.89016438 -0.18823807 -0.08847030 0.34686902
