15.63744259 13.15569496 16.18931770 -0.03933161 -1.05303657 -3.64640808 15.63744354 13.15569401 16.18931770 -0.03933161 -1.05303657 -3.64640784
18.28359032 19.49797440 15.79551506 1.27874863 0.91431898 -4.20404577 18.28359032 19.49797440 15.79551506 1.27874851 0.91431904 -4.20404577
15.48904896 12.86854458 13.63576698 1.54663837 1.33978713 -1.30598736 15.48904800 12.86854362 13.63576698 1.54663837 1.33978713 -1.30598736
14.81704998 14.91502666 13.96157455 2.80966902 -0.16471915 0.74064934 14.81705093 14.91502762 13.96157455 2.80966878 -0.16471916 0.74064934
11.92639065 11.97614479 15.57991028 0.46026126 -0.89087224 0.95360029 11.92639065 11.97614479 15.57991028 0.46026126 -0.89087218 0.95360023
14.77675152 14.85982704 14.82800007 2.02874637 1.37757576 1.55821991 14.77675152 14.85982609 14.82800007 2.02874637 1.37757576 1.55821991
12.03564644 13.09931564 14.22644997 -5.17266464 -0.42672846 -3.82808304 12.03564644 13.09931564 14.22644997 -5.17266464 -0.42672846 -3.82808304
14.00021267 11.21031666 17.28821564 -0.28409970 -1.63650739 -0.43723938 14.00021172 11.21031666 17.28821754 -0.28409970 -1.63650751 -0.43723938
11.05879402 11.65107155 14.59805393 1.68511164 -0.05889025 0.09628948 11.05879402 11.65107059 14.59805393 1.68511164 -0.05889025 0.09628949
14.78035355 11.01172352 13.69610214 0.59035683 -2.01927948 -2.57285595 14.78035355 11.01172352 13.69610214 0.59035683 -2.01927948 -2.57285595
15.71644497 14.84222889 17.44106674 -0.01425561 -0.31234410 -1.67813528 15.71644497 14.84222794 17.44106674 -0.01425561 -0.31234410 -1.67813528
13.51247025 15.09924221 17.95008087 -1.23305178 0.14093567 -4.00911999 13.51247025 15.09924126 17.95008087 -1.23305178 0.14093566 -4.00911999
16.05559349 12.61414719 13.10620785 3.14565969 -0.01180448 1.93283296 16.05559158 12.61414623 13.10620785 3.14565945 -0.01180448 1.93283284
4.49911451 2.56527710 6.21651173 -3.59216261 -1.00641775 -1.11439753 4.49911404 2.56527710 6.21651125 -3.59216285 -1.00641763 -1.11439753
5.78918314 4.93173027 2.37063789 -0.94758773 -1.90104270 -0.62905383 5.78918314 4.93173027 2.37063789 -0.94758773 -1.90104282 -0.62905383
9.28378105 8.70431423 10.41347980 -1.81224430 -1.04761386 -1.06463122 9.28378105 8.70431423 10.41347980 -1.81224430 -1.04761386 -1.06463122
8.56296730 9.19139290 7.13709450 0.25234309 1.11090779 0.00914842 8.56296635 9.19139290 7.13709450 0.25234309 1.11090791 0.00914842
4.61613464 6.30740690 5.34514856 -1.09561551 1.57416499 1.13518822 4.61613464 6.30740690 5.34514856 -1.09561551 1.57416499 1.13518810
8.49823856 7.18540382 5.76019096 0.09400306 2.93143058 2.04881859 8.49823856 7.18540382 5.76019096 0.09400306 2.93143034 2.04881883
6.94399309 5.02622700 5.47258043 0.91661465 1.50326943 0.81591165 6.94399357 5.02622747 5.47258043 0.91661465 1.50326931 0.81591165
6.40187359 3.49245262 5.73728514 -0.41879213 -1.86080277 -0.02837043 6.40187359 3.49245238 5.73728466 -0.41879213 -1.86080277 -0.02837043
7.36922932 5.46107626 8.00181007 0.83882910 -0.19749798 1.98919082 7.36922932 5.46107626 8.00181007 0.83882910 -0.19749798 1.98919082
4.69583941 9.30885410 6.69755983 0.23526800 2.13273001 -0.76299959 4.69583893 9.30885410 6.69755983 0.23526800 2.13273001 -0.76299959
9.86063385 8.95311546 8.59903240 -0.68637520 0.81498444 -1.12074614 9.86063385 8.95311546 8.59903240 -0.68637520 0.81498444 -1.12074614
3.93111086 7.32033110 4.35552502 -1.45648229 1.57978106 -0.99193519 3.93111086 7.32033157 4.35552454 -1.45648229 1.57978106 -0.99193513
7.29797554 10.84737492 8.79720592 1.75686145 -3.17225289 0.33713391 7.29797554 10.84737492 8.79720592 1.75686145 -3.17225266 0.33713391
13.90915585 3.54028487 8.31912231 1.73105955 -0.34166899 0.89286178 13.90915680 3.54028511 8.31912231 1.73105943 -0.34166899 0.89286184
4.49045420 7.13081503 11.29302311 -0.02548789 0.54710865 0.57011962 4.49045420 7.13081551 11.29302311 -0.02548790 0.54710871 0.57011962
1.32830024 3.08762932 1.23243928 -1.69860470 1.33689511 2.01195455 1.32830024 3.08762932 1.23243916 -1.69860470 1.33689511 2.01195455
0.35902011 0.59007174 0.88279647 -0.45609012 -1.01574779 2.06167316 0.35902011 0.59007174 0.88279647 -0.45609015 -1.01574779 2.06167340
8.67242336 -1.38311672 2.32613444 3.71406937 0.93619496 1.23558772 8.67242336 -1.38311672 2.32613444 3.71406937 0.93619490 1.23558772
6.50616455 5.24379539 3.67834234 -0.91964316 -1.35704017 -0.79034388 6.50616503 5.24379539 3.67834210 -0.91964310 -1.35704017 -0.79034388
3.72698712 3.57342386 4.80297947 3.27084422 2.04478693 1.06091630 3.72698736 3.57342386 4.80297899 3.27084422 2.04478693 1.06091630
1.16674578 -1.79435170 1.31913626 -3.23700237 0.81204653 0.39973316 1.16674578 -1.79435158 1.31913638 -3.23700213 0.81204653 0.39973316
1.74915814 1.43309891 1.44430804 -0.23193952 -0.14808179 1.68556952 1.74915802 1.43309891 1.44430804 -0.23193952 -0.14808179 1.68556952
4.00570679 4.40084887 1.42596567 2.37179565 1.77689135 1.25192761 4.00570679 4.40084887 1.42596567 2.37179565 1.77689135 1.25192761
3.80130076 2.08466458 4.03113508 -0.90035355 0.93248260 -0.66059637 3.80130076 2.08466458 4.03113461 -0.90035355 0.93248260 -0.66059637
6.15324020 7.70607948 6.57648706 1.85177100 -1.14688349 -0.95669937 6.15324020 7.70607948 6.57648706 1.85177088 -1.14688349 -0.95669937
0.46700892 0.87142247 2.15808177 -2.16216016 -0.06042251 -0.82159609 0.46700889 0.87142247 2.15808201 -2.16216016 -0.06042251 -0.82159609
-1.51917815 1.40025640 1.73985636 1.21027231 0.63962966 0.66405261 -1.51917815 1.40025640 1.73985648 1.21027231 0.63962966 0.66405267
3.13410115 1.37108266 0.03780693 -1.57811666 -0.10292241 -0.34514835 3.13410115 1.37108266 0.03780693 -1.57811666 -0.10292241 -0.34514832
3.53980422 3.18554878 2.67365932 0.91449100 -2.26990008 0.46962911 3.53980422 3.18554878 2.67365932 0.91449100 -2.26989985 0.46962908
1.52049112 3.18286896 5.95555496 -1.24576271 1.06251347 -0.31152776 1.52049112 3.18286896 5.95555496 -1.24576271 1.06251347 -0.31152776
-4.33831263 -2.64159155 0.28652534 0.00279190 -1.09967983 -1.78190589 -4.33831263 -2.64159155 0.28652534 0.00279190 -1.09967971 -1.78190601
-0.25742668 1.13810861 0.96371627 -2.17053270 -2.55313015 -1.28625464 -0.25742671 1.13810861 0.96371627 -2.17053270 -2.55313015 -1.28625464
-0.42981267 -1.16976023 0.18142518 1.11120999 0.11782204 -0.22394255 -0.42981264 -1.16976035 0.18142518 1.11120999 0.11782204 -0.22394255
-1.21608984 -1.50943565 -3.08176136 1.62128949 -1.29780471 1.87406194 -1.21608984 -1.50943565 -3.08176136 1.62128949 -1.29780471 1.87406194
4.31333447 1.88977075 2.71018004 -0.77969754 1.37072206 2.05071235 4.31333447 1.88977075 2.71018004 -0.77969760 1.37072206 2.05071235
1.98525548 -1.69416869 1.49092019 -0.44784990 0.19631648 1.50616646 1.98525560 -1.69416881 1.49092019 -0.44784990 0.19631648 1.50616646
4.04761791 1.94950998 3.58099008 -2.11959314 -1.84287643 0.44965425 4.04761791 1.94950998 3.58098984 -2.11959314 -1.84287643 0.44965425
-0.98892498 -0.62397200 -2.05020356 0.95551652 -1.76407242 -0.15042368 -0.98892498 -0.62397200 -2.05020356 0.95551652 -1.76407254 -0.15042368
-1.80169570 -3.20275521 1.13842416 -1.01389432 0.67271042 1.51360488 -1.80169582 -3.20275521 1.13842416 -1.01389432 0.67271042 1.51360488
0.22358401 0.04228920 0.98288864 -0.97620261 -2.02249122 0.88745075 0.22358401 0.04228920 0.98288858 -0.97620255 -2.02249122 0.88745070
-1.72610974 -1.69760358 -0.03581852 0.96212399 -0.34734738 -0.79092842 -1.72610974 -1.69760358 -0.03581852 0.96212399 -0.34734738 -0.79092848
-1.75918269 1.23872066 1.68989062 0.74572909 -1.63958943 -1.24092162 -1.75918269 1.23872066 1.68989074 0.74572909 -1.63958955 -1.24092162
2.18028569 -0.30384517 0.00264091 2.25205517 1.93409085 1.04992712 2.18028569 -0.30384517 0.00264091 2.25205517 1.93409085 1.04992723
0.41099462 1.44794309 0.43419093 1.09692967 -0.48818770 0.82089406 0.41099462 1.44794297 0.43419093 1.09692967 -0.48818773 0.82089412
3.07927752 0.82269329 2.60426855 2.04122686 -1.07928109 -1.19232893 3.07927775 0.82269329 2.60426855 2.04122686 -1.07928109 -1.19232893
-3.77957940 -2.67744684 -5.24259901 -0.10924818 -0.26411888 0.51857913 -3.77957940 -2.67744684 -5.24259901 -0.10924818 -0.26411888 0.51857907
-4.48425913 -0.38713515 -1.85401654 -0.83155578 -1.19582272 -1.03197551 -4.48425913 -0.38713518 -1.85401666 -0.83155572 -1.19582283 -1.03197551
-3.48571014 -1.62196338 -3.76564002 0.44080529 -1.94144535 1.67381740 -3.48571038 -1.62196338 -3.76564002 0.44080529 -1.94144535 1.67381740
-4.01525497 -4.91044044 -1.59280157 -0.78347671 -0.80336046 -2.00915480 -4.01525497 -4.91044044 -1.59280169 -0.78347671 -0.80336040 -2.00915480
-3.79014230 -3.74717164 -4.15021086 0.49389875 -0.20181945 0.45695996 -3.79014230 -3.74717164 -4.15021086 0.49389875 -0.20181946 0.45695996
-2.94951344 -1.63521707 -4.04272079 0.84664702 -0.81861365 -0.75550723 -2.94951344 -1.63521707 -4.04272079 0.84664696 -0.81861359 -0.75550723
-2.96338606 -3.43084025 -3.41956782 1.15528178 1.17786121 0.47912851 -2.96338606 -3.43084002 -3.41956758 1.15528178 1.17786121 0.47912851
-3.38929749 -2.55453825 -4.45812368 0.43127182 -1.18628728 0.00893782 -3.38929749 -2.55453801 -4.45812368 0.43127182 -1.18628728 0.00893782
-3.65647006 -2.28995299 -2.01024938 0.75530010 -0.55667424 0.49516186 -3.65647006 -2.28995299 -2.01024938 0.75530010 -0.55667424 0.49516186
-1.12134182 -1.66074431 -4.03725863 2.86569071 -0.46125549 1.73080063 -1.12134182 -1.66074431 -4.03725910 2.86569095 -0.46125549 1.73080063
-3.70177841 -4.60200977 -2.24319053 0.20656858 1.22658813 0.11204127 -3.70177841 -4.60200977 -2.24319053 0.20656858 1.22658813 0.11204127
-2.41594434 -1.29371238 -6.19266176 -1.88258290 0.89792907 -0.93251264 -2.41594434 -1.29371238 -6.19266176 -1.88258290 0.89792907 -0.93251270
-0.96179587 -1.20333230 -1.11794400 1.21254683 0.77952659 -1.29055774 -0.96179581 -1.20333230 -1.11794400 1.21254694 0.77952659 -1.29055774
-3.08800149 -1.67442417 -2.46108866 0.58836865 0.38182217 0.37390056 -3.08800149 -1.67442417 -2.46108866 0.58836871 0.38182217 0.37390056
-3.79189825 -3.65976381 -2.33610320 0.95739388 0.42743018 1.48854554 -3.79189849 -3.65976381 -2.33610320 0.95739388 0.42743018 1.48854554
-5.58275986 -5.15694761 -3.36966801 0.57474279 0.78010076 0.09115463 -5.58275986 -5.15694809 -3.36966777 0.57474279 0.78010070 0.09115463
-2.87433887 -3.47341061 -4.53574181 -0.12428068 -0.24685363 0.25392789 -2.87433863 -3.47341061 -4.53574228 -0.12428068 -0.24685362 0.25392789
-4.02836609 -2.40781116 -5.70421410 -1.41379678 2.17480779 -0.25027445 -4.02836561 -2.40781116 -5.70421410 -1.41379678 2.17480779 -0.25027448
-1.55858326 -4.39336014 -1.92857659 -0.82718676 1.97848237 1.77905977 -1.55858314 -4.39336014 -1.92857659 -0.82718676 1.97848237 1.77905989
-1.36424077 -2.08353186 -1.08988011 1.01926434 0.50091267 0.03924927 -1.36424088 -2.08353186 -1.08988011 1.01926434 0.50091267 0.03924927
-2.85693550 -3.41725063 -2.89723325 -1.27908397 0.28917161 1.36931515 -2.85693574 -3.41725063 -2.89723349 -1.27908397 0.28917161 1.36931503
-3.82714605 -2.18914413 -3.07866502 -2.66118288 -0.00446523 -1.02205181 -3.82714629 -2.18914390 -3.07866502 -2.66118312 -0.00446523 -1.02205181
-5.71291208 -3.76982260 -4.03860378 0.24733712 1.33607948 0.77182043 -5.71291256 -3.76982260 -4.03860378 0.24733712 1.33607948 0.77182043
-5.69558001 -4.35504103 -5.31098843 -0.27617326 -0.44037008 -1.24306619 -5.69558048 -4.35504103 -5.31098843 -0.27617326 -0.44037008 -1.24306619
-2.00411940 -3.32228112 -4.41317272 -0.50002027 0.05297612 -0.00075628 -2.00411940 -3.32228136 -4.41317272 -0.50002027 0.05297612 -0.00075628
-2.06164932 -4.67385960 -2.89014053 0.58334482 1.18258405 -1.01179552 -2.06164932 -4.67385912 -2.89014030 0.58334482 1.18258405 -1.01179552
-3.92867255 -2.10071158 -4.68095970 0.52825415 -0.17883743 0.18700935 -3.92867231 -2.10071158 -4.68095970 0.52825415 -0.17883742 0.18700935
-2.54182220 -1.12597179 -3.23096800 -1.33086777 0.71190703 -1.86077058 -2.54182220 -1.12597167 -3.23096800 -1.33086789 0.71190703 -1.86077058
-5.99962616 -5.41641235 -6.58855247 -0.25531027 0.58132374 -0.12686965 -5.99962568 -5.41641235 -6.58855247 -0.25531027 0.58132374 -0.12686965
-6.66422081 -6.95394611 -4.74617624 -1.11784995 0.28604966 -1.27050066 -6.66422081 -6.95394564 -4.74617624 -1.11784995 0.28604966 -1.27050066
-5.03848028 -0.43885094 -2.95431066 0.28999469 -0.25831476 -0.06071842 -5.03848028 -0.43885094 -2.95431066 0.28999469 -0.25831473 -0.06071843
-1.29696584 -3.58103776 -1.97122753 1.06676245 -0.25648847 0.36502051 -1.29696584 -3.58103776 -1.97122765 1.06676245 -0.25648847 0.36502051
-3.13122129 -4.61467314 -3.94319367 0.79622698 -0.52791786 -0.33677679 -3.13122129 -4.61467266 -3.94319367 0.79622704 -0.52791786 -0.33677679
-1.46909916 -2.84204745 -1.40802026 1.36398733 -0.40498814 0.47911736 -1.46909916 -2.84204745 -1.40802038 1.36398733 -0.40498814 0.47911733
-5.69249868 -6.34737587 -4.19109869 0.43132436 -0.44091204 0.89168340 -5.69249868 -6.34737587 -4.19109869 0.43132436 -0.44091204 0.89168340
-3.12447739 -2.99823833 -4.22684717 0.08067170 -0.67554224 0.21465509 -3.12447739 -2.99823833 -4.22684717 0.08067171 -0.67554224 0.21465509
-3.36926818 -2.75304532 -4.89589596 -1.06919277 0.25490355 1.66856265 -3.36926818 -2.75304532 -4.89589596 -1.06919277 0.25490355 1.66856265
-3.69114995 -5.26823950 -3.86064506 -0.79947984 -0.68810546 -0.10910294 -3.69114995 -5.26823997 -3.86064506 -0.79947978 -0.68810546 -0.10910294
-3.40989709 -4.21792984 -2.82596016 -0.50135696 2.51420617 0.45675623 -3.40989709 -4.21793032 -2.82596016 -0.50135696 2.51420617 0.45675626
-4.03830624 -2.82557297 -3.57337236 -0.05672429 -0.68866426 -0.21941711 -4.03830624 -2.82557297 -3.57337236 -0.05672429 -0.68866426 -0.21941712
