45.29655838 39.74401474 34.78759766 2.93536234 -1.83831108 2.31323361 45.29655838 39.74401093 34.78759766 2.93536234 -1.83831108 2.31323361
35.33278656 32.62335968 26.50913048 2.33577323 -2.28747511 1.15914822 35.33279037 32.62335968 26.50913239 2.33577347 -2.28747511 1.15914810
21.00351143 21.48637581 15.94316196 1.89274156 -2.43399811 0.16490223 21.00351143 21.48637390 15.94316101 1.89274156 -2.43399811 0.16490223
17.59469032 15.77072811 13.04487801 1.49031937 -2.35663915 -0.15335904 17.59469032 15.77072906 13.04487801 1.49031937 -2.35663939 -0.15335906
14.33209038 11.00557804 9.63155937 1.20930076 -2.01376343 0.14342213 14.33209038 11.00557709 9.63155937 1.20930088 -2.01376343 0.14342214
11.67772198 7.94072866 7.58369970 1.21903837 -1.68694365 0.59269100 11.67772293 7.94072866 7.58370018 1.21903837 -1.68694365 0.59269100
9.78331375 6.15514755 6.45193434 1.23968613 -1.53873265 0.68088245 9.78331375 6.15514708 6.45193434 1.23968613 -1.53873265 0.68088245
8.28064442 5.21828604 5.89491081 1.36558580 -1.45323753 0.73713499 8.28064537 5.21828651 5.89491081 1.36558580 -1.45323765 0.73713499
6.91462898 4.54910755 5.28530407 1.55998242 -1.39563441 0.72191232 6.91462898 4.54910803 5.28530407 1.55998242 -1.39563441 0.72191238
5.70040369 4.20560026 4.78330851 1.74755991 -1.53783083 0.56928283 5.70040369 4.20560026 4.78330851 1.74755991 -1.53783095 0.56928283
7.72140884 2.52941012 2.31699777 -0.35338268 1.61936212 -2.74538612 7.72140884 2.52940989 2.31699777 -0.35338268 1.61936212 -2.74538589
6.11130333 11.73874855 4.72653198 4.21390104 1.01599133 -0.39241147 6.11130333 11.73874760 4.72653198 4.21390104 1.01599133 -0.39241147
5.23158360 6.12231302 4.42052126 -1.41900444 -0.30469486 -0.78145766 5.23158312 6.12231255 4.42052126 -1.41900432 -0.30469483 -0.78145766
31.82122421 29.97314453 29.90105057 0.50751477 2.68808436 0.85993761 31.82122421 29.97314453 29.90104866 0.50751477 2.68808436 0.85993761
19.33786392 18.15895271 18.73450470 0.58867753 1.34166050 0.88080913 19.33786392 18.15895271 18.73450470 0.58867753 1.34166050 0.88080919
6.13627911 6.17980671 5.32581091 0.18453225 -0.15968883 1.75321865 6.13627911 6.17980671 5.32581091 0.18453224 -0.15968882 1.75321865
2.98958039 3.28362560 1.75561380 0.07251938 -0.71829945 1.75771129 2.98958039 3.28362560 1.75561380 0.07251938 -0.71829945 1.75771129
0.32560140 0.21278417 -1.46366036 0.26053300 -0.58168709 1.29956520 0.32560140 0.21278417 -1.46366036 0.26053300 -0.58168703 1.29956520
-1.20664060 -1.72636068 -3.47042799 0.39152721 -0.30690837 0.81237561 -1.20664060 -1.72636068 -3.47042799 0.39152721 -0.30690837 0.81237561
-1.91529298 -2.94537807 -4.56173611 0.38834900 -0.08302309 0.58823526 -1.91529298 -2.94537830 -4.56173611 0.38834900 -0.08302309 0.58823520
-2.04149747 -3.37862325 -4.86916542 0.44897866 -0.06114953 0.67329359 -2.04149747 -3.37862325 -4.86916542 0.44897866 -0.06114954 0.67329359
-1.97487271 -3.36951041 -4.70137405 0.51856506 0.01697472 0.85642248 -1.97487259 -3.36951041 -4.70137405 0.51856506 0.01697472 0.85642248
-1.94320226 -3.40936518 -4.53623438 0.60392433 0.19319406 1.00985456 -1.94320226 -3.40936518 -4.53623438 0.60392433 0.19319406 1.00985444
-0.80352640 -1.80875242 -2.54042292 0.37077299 0.95452183 1.32216668 -0.80352640 -1.80875230 -2.54042268 0.37077299 0.95452178 1.32216668
4.44497013 -0.39988899 4.18424892 -0.30793160 0.84992754 2.56236029 4.44497013 -0.39988896 4.18424892 -0.30793160 0.84992754 2.56236005
2.27706242 0.86273307 0.66625154 -0.03191072 -1.49429774 2.21552181 2.27706242 0.86273313 0.66625154 -0.03191072 -1.49429774 2.21552157
