6764.26416016 8160.48437500 6750.03320312 0.00000003 -0.00000004 289.47244263 6764.26367188 8160.48437500 6750.03320312 0.00000003 -0.00000004 289.47247314
6259.94873047 7426.93408203 6224.30371094 -0.00000009 -0.00000015 244.88482666 6259.94873047 7426.93408203 6224.30371094 -0.00000009 -0.00000015 244.88482666
5743.13476562 6691.55859375 5697.87109375 -0.00000007 -0.00000008 206.21684265 5743.13427734 6691.55810547 5697.87060547 -0.00000007 -0.00000008 206.21684265
5172.31835938 5947.33886719 5127.71679688 -0.00000009 0.00000005 171.99880981 5172.31835938 5947.33886719 5127.71728516 -0.00000009 0.00000005 171.99880981
4597.89306641 5241.81152344 4557.11425781 0.00000002 -0.00000000 144.01971436 4597.89306641 5241.81152344 4557.11425781 0.00000002 -0.00000000 144.01971436
4092.58813477 4635.02099609 4056.53027344 -0.00000001 0.00000000 118.01757050 4092.58813477 4635.02099609 4056.53027344 -0.00000001 0.00000000 118.01756287
3652.01586914 4137.41015625 3620.77270508 -0.00000000 -0.00000004 95.90097809 3652.01611328 4137.41064453 3620.77246094 -0.00000000 -0.00000004 95.90098572
3263.92871094 3693.19677734 3238.11914062 -0.00000000 0.00000000 77.06089783 3263.92895508 3693.19702148 3238.11914062 -0.00000000 0.00000000 77.06089783
2924.78344727 3301.83789062 2904.65161133 -0.00000001 -0.00000006 64.30564117 2924.78344727 3301.83764648 2904.65161133 -0.00000001 -0.00000006 64.30564117
2628.19067383 2959.62622070 2613.28613281 0.00000001 0.00000014 56.94767380 2628.19067383 2959.62622070 2613.28613281 0.00000001 0.00000014 56.94767761
2370.78979492 2662.16674805 2359.59863281 -0.00000002 0.00000002 51.74842072 2370.78979492 2662.16674805 2359.59887695 -0.00000002 0.00000002 51.74842072
2140.96997070 2398.14965820 2134.10058594 -0.00000000 -0.00000001 48.80626297 2140.96997070 2398.14965820 2134.10058594 -0.00000000 -0.00000001 48.80625916
1931.43469238 2159.54565430 1929.19482422 -0.00000000 0.00000000 46.74140930 1931.43481445 2159.54565430 1929.19482422 -0.00000000 0.00000000 46.74141312
1737.68432617 1942.01550293 1739.99548340 0.00000001 -0.00000004 44.62662888 1737.68444824 1942.01562500 1739.99548340 0.00000001 -0.00000004 44.62662506
1559.19519043 1745.43273926 1566.78759766 -0.00000006 -0.00000013 42.44334030 1559.19506836 1745.43273926 1566.78759766 -0.00000006 -0.00000013 42.44333649
1401.47375488 1573.45642090 1413.27099609 0.00000003 -0.00000007 39.63197327 1401.47375488 1573.45642090 1413.27099609 0.00000003 -0.00000007 39.63197327
1268.08129883 1427.07141113 1281.93872070 0.00000000 -0.00000001 36.82325745 1268.08129883 1427.07128906 1281.93872070 0.00000000 -0.00000001 36.82325745
1150.68139648 1296.26818848 1165.03918457 0.00000002 -0.00000004 33.99011993 1150.68139648 1296.26818848 1165.03918457 0.00000002 -0.00000004 33.99011993
1034.62707520 1166.43945312 1049.46630859 0.00000001 0.00000000 31.12631989 1034.62707520 1166.43945312 1049.46643066 0.00000001 0.00000000 31.12631989
910.74908447 1028.65820312 927.61901855 0.00000000 -0.00000000 28.29039192 910.74908447 1028.65820312 927.61901855 0.00000000 -0.00000000 28.29039001
781.28967285 884.55407715 799.52191162 0.00000001 0.00000000 25.01773643 781.28967285 884.55407715 799.52191162 0.00000001 0.00000000 25.01773643
653.50964355 742.48406982 671.01403809 -0.00000004 -0.00000000 21.96800232 653.50958252 742.48406982 671.01409912 -0.00000004 -0.00000000 21.96800232
535.26794434 611.73840332 550.79357910 -0.00000001 -0.00000003 18.98020363 535.26794434 611.73840332 550.79357910 -0.00000001 -0.00000003 18.98020363
434.25564575 499.32620239 447.74398804 0.00000000 0.00000001 16.23041344 434.25564575 499.32620239 447.74398804 0.00000000 0.00000001 16.23041344
353.85614014 408.70504761 366.20672607 -0.00000000 0.00000003 13.90946484 353.85614014 408.70504761 366.20672607 -0.00000000 0.00000003 13.90946388
292.07763672 338.41165161 304.56741333 -0.00000000 -0.00000000 11.97793198 292.07763672 338.41165161 304.56741333 -0.00000000 -0.00000000 11.97793198
244.48660278 283.94064331 257.46682739 0.00000000 -0.00000000 10.39321709 244.48661804 283.94064331 257.46682739 0.00000000 -0.00000000 10.39321709
206.48249817 240.32025146 219.97381592 -0.00000001 -0.00000001 9.11640263 206.48249817 240.32025146 219.97381592 -0.00000001 -0.00000001 9.11640263
174.77969360 203.83946228 188.43144226 0.00000002 0.00000000 7.95053768 174.77969360 203.83946228 188.43144226 0.00000002 0.00000000 7.95053816
147.38694763 172.18122864 160.59326172 0.00000003 0.00000000 6.79656029 147.38694763 172.18122864 160.59326172 0.00000003 0.00000000 6.79656029
123.09309387 144.12092590 135.37089539 0.00000001 -0.00000000 5.66607094 123.09310150 144.12091064 135.37089539 0.00000001 -0.00000000 5.66607046
101.23474884 118.83735657 112.20332336 0.00000000 0.00000000 4.66358280 101.23474884 118.83736420 112.20332336 0.00000000 0.00000000 4.66358280
81.45557404 95.95102692 90.74425507 -0.00000000 0.00000000 3.66465378 81.45557404 95.95102692 90.74425507 -0.00000000 0.00000000 3.66465378
63.61552048 75.00606537 71.06432343 -0.00000000 0.00000000 2.73815513 63.61551666 75.00606537 71.06432343 -0.00000000 0.00000000 2.73815513
47.70879745 56.18892670 53.34470749 -0.00000000 0.00000000 1.84836662 47.70880127 56.18892288 53.34470749 -0.00000000 0.00000000 1.84836662
33.79062653 39.83152390 37.97932434 0.00000000 0.00000000 1.05548620 33.79062653 39.83152390 37.97932434 0.00000000 0.00000000 1.05548608
21.71096992 27.26998329 26.16008568 0.00000000 0.00000000 0.55876213 21.71096992 27.26998329 26.16008568 0.00000000 0.00000000 0.55876219
11.46179295 16.59353447 16.26086044 0.00000000 0.00000000 0.23611440 11.46179295 16.59353256 16.26086044 0.00000000 0.00000000 0.23611438
9.60983276 14.65818596 14.48481464 -0.00000000 -0.00000000 0.18522926 9.60983276 14.65818596 14.48481464 -0.00000000 -0.00000000 0.18522927
7.82617044 12.80113697 12.76963806 -0.00000000 0.00000000 0.14025764 7.82617044 12.80113602 12.76963806 -0.00000000 0.00000000 0.14025764
6.09987593 11.00240612 11.11249065 -0.00000000 0.00000000 0.09872545 6.09987593 11.00240612 11.11249065 -0.00000000 0.00000000 0.09872545
4.44522238 9.25903511 9.51154804 0.00000000 0.00000000 0.06252327 4.44522238 9.25903511 9.51154709 0.00000000 0.00000000 0.06252328
3.14321756 7.56938934 7.96781111 -0.00000000 0.00000000 0.06149016 3.14321756 7.56938934 7.96781158 -0.00000000 0.00000000 0.06149016
1.88214934 5.93692303 6.48305273 -0.00000000 -0.00000000 0.05901879 1.88214934 5.93692303 6.48305273 -0.00000000 -0.00000000 0.05901878
0.65905666 4.35403252 5.05099964 0.00000000 0.00000000 0.05724956 0.65905672 4.35403252 5.05099916 0.00000000 0.00000000 0.05724956
-0.52774900 2.81827378 3.66534901 0.00000000 0.00000000 0.05678945 -0.52774906 2.81827378 3.66534901 0.00000000 0.00000000 0.05678945
-1.67267513 1.33211410 2.32518816 0.00000000 -0.00000000 0.05679205 -1.67267513 1.33211410 2.32518816 0.00000000 -0.00000000 0.05679205
-2.77792859 -0.10829867 1.03461242 0.00000000 0.00000000 0.05372256 -2.77792835 -0.10829867 1.03461242 0.00000000 0.00000000 0.05372256
-3.84432149 -1.50403023 -0.21226764 -0.00000000 -0.00000000 0.05208028 -3.84432149 -1.50403023 -0.21226764 -0.00000000 -0.00000000 0.05208029
-4.88109493 -2.85969281 -1.41955483 -0.00000000 -0.00000000 0.05175207 -4.88109493 -2.85969281 -1.41955471 -0.00000000 -0.00000000 0.05175207
-5.89309502 -4.17817354 -2.59756851 -0.00000000 0.00000000 0.04954800 -5.89309502 -4.17817354 -2.59756875 -0.00000000 0.00000000 0.04954800
-6.87929726 -5.45940542 -3.74790859 -0.00000000 -0.00000000 0.05362960 -6.87929726 -5.45940542 -3.74790859 -0.00000000 -0.00000000 0.05362960
-7.83621836 -6.70249367 -4.85978842 0.00000000 0.00000000 0.05872460 -7.83621836 -6.70249367 -4.85978842 0.00000000 0.00000000 0.05872460
-8.76333141 -7.90769053 -5.93660831 0.00000000 -0.00000000 0.06562735 -8.76333141 -7.90769053 -5.93660831 0.00000000 -0.00000000 0.06562735
-9.66491032 -9.07742214 -6.98064327 0.00000000 0.00000000 0.07268955 -9.66490936 -9.07742214 -6.98064280 0.00000000 0.00000000 0.07268955
-10.54111862 -10.21250820 -7.99263763 -0.00000000 -0.00000000 0.08018086 -10.54111862 -10.21250820 -7.99263763 -0.00000000 -0.00000000 0.08018086
-11.39256191 -11.31373215 -8.97362137 0.00000000 0.00000000 0.08790179 -11.39256096 -11.31373215 -8.97362137 0.00000000 0.00000000 0.08790179
-12.21990395 -12.38190651 -9.92493343 -0.00000000 -0.00000000 0.09596343 -12.21990395 -12.38190556 -9.92493343 -0.00000000 -0.00000000 0.09596343
-13.02465439 -13.41789341 -10.84778786 0.00000000 -0.00000000 0.10504866 -13.02465439 -13.41789341 -10.84778786 0.00000000 -0.00000000 0.10504866
-13.80735683 -14.42214203 -11.74330997 0.00000000 0.00000000 0.11518310 -13.80735683 -14.42214203 -11.74330997 0.00000000 0.00000000 0.11518310
-14.29175091 -15.34440708 -12.57822609 0.00000000 0.00000000 0.10476697 -14.29175091 -15.34440613 -12.57822514 0.00000000 0.00000000 0.10476696
-14.76349640 -15.95089626 -13.20796776 -0.00000000 0.00000000 0.08618316 -14.76349735 -15.95089722 -13.20796776 -0.00000000 0.00000000 0.08618316
-15.22355080 -16.54137611 -13.82984543 0.00000000 -0.00000000 0.06782566 -15.22355080 -16.54137802 -13.82984447 0.00000000 -0.00000000 0.06782565
-15.67182255 -17.11592674 -14.43295860 0.00000000 0.00000000 0.05036943 -15.67182159 -17.11592674 -14.43295765 0.00000000 0.00000000 0.05036943
-16.10894012 -17.67431068 -15.01532078 -0.00000000 0.00000000 0.03415656 -16.10894203 -17.67431259 -15.01532173 -0.00000000 0.00000000 0.03415656
-16.53531837 -18.21651268 -15.58272457 0.00000000 -0.00000000 0.01909580 -16.53531837 -18.21651459 -15.58272552 0.00000000 -0.00000000 0.01909580
-16.95202065 -18.74368668 -16.13902664 0.00000000 -0.00000000 0.00714260 -16.95202065 -18.74368668 -16.13902664 0.00000000 -0.00000000 0.00714260
-17.35811806 -19.25530243 -16.68042755 -0.00000000 0.00000000 -0.00438227 -17.35811806 -19.25530243 -16.68042755 -0.00000000 0.00000000 -0.00438227
-19.22533417 -21.60317230 -19.15299797 0.00000000 0.00000000 -0.04786423 -19.22533607 -21.60317230 -19.15299797 0.00000000 0.00000000 -0.04786423
-20.86222076 -23.66839790 -21.30971146 0.00000000 0.00000000 -0.09483195 -20.86222267 -23.66839790 -21.30971146 0.00000000 0.00000000 -0.09483194
-22.15247726 -25.60997772 -22.81291962 0.00000000 0.00000000 -0.41219616 -22.15247726 -25.60997581 -22.81291771 0.00000000 0.00000000 -0.41219616
-23.22987366 -27.38763809 -23.88524628 0.00000000 -0.00000000 -0.92024088 -23.22987366 -27.38763618 -23.88524628 0.00000000 -0.00000000 -0.92024094
-23.79054832 -28.13888550 -24.60120583 0.00000000 -0.00000000 -1.13920403 -23.79055023 -28.13888741 -24.60120583 0.00000000 -0.00000000 -1.13920414
-23.95750999 -28.21861649 -24.88528824 -0.00000000 -0.00000000 -1.04011679 -23.95750999 -28.21861649 -24.88528824 -0.00000000 -0.00000000 -1.04011691
-24.18884659 -28.31844521 -25.24218559 -0.00000000 -0.00000000 -0.94052655 -24.18884659 -28.31844711 -25.24218559 -0.00000000 -0.00000000 -0.94052660
