10.67193890 12.14806747 10.83484459 0.57484490 0.97995794 -2.19308329 10.67193890 12.14806747 10.83484459 0.57484496 0.97995788 -2.19308329
10.01407814 7.76151943 10.04588985 -0.58888149 -0.05143323 -2.09978175 10.01407909 7.76151896 10.04588985 -0.58888149 -0.05143323 -2.09978175
5.09385872 4.84609890 5.55267859 -0.25129497 0.24545190 -0.12941007 5.09385872 4.84609890 5.55267859 -0.25129500 0.24545190 -0.12941006
2.91408348 5.74024487 4.08475924 0.40964133 -0.66070604 -1.06493306 2.91408348 5.74024439 4.08475971 0.40964133 -0.66070598 -1.06493318
3.40156770 4.90530968 2.19018126 -0.01783401 -1.27690077 -1.89461207 3.40156770 4.90530968 2.19018126 -0.01783401 -1.27690077 -1.89461207
4.08452272 4.28485775 2.58142304 0.53901953 -1.68553424 -1.67012596 4.08452320 4.28485775 2.58142304 0.53901958 -1.68553424 -1.67012584
2.78413916 3.51223159 2.83121419 -0.20928855 -0.80132830 -1.23438406 2.78413916 3.51223159 2.83121419 -0.20928855 -0.80132830 -1.23438406
3.09500003 2.55876327 2.22056866 -0.58913147 -0.01498802 -2.24883699 3.09500003 2.55876327 2.22056866 -0.58913147 -0.01498801 -2.24883699
3.17324209 3.15364265 3.69712281 -0.89325929 -0.15113868 -1.83596683 3.17324209 3.15364289 3.69712257 -0.89325929 -0.15113868 -1.83596683
3.73821545 2.18477297 3.70500684 -0.04529205 -0.45725518 -2.24558592 3.73821545 2.18477297 3.70500684 -0.04529205 -0.45725518 -2.24558592
6.45497704 4.37129164 3.21471405 -0.35642976 -0.25752062 0.97500241 6.45497704 4.37129164 3.21471405 -0.35642976 -0.25752062 0.97500247
2.74551129 2.29946184 4.18559504 0.47189242 -0.57351100 -1.31404030 2.74551129 2.29946184 4.18559456 0.47189239 -0.57351094 -1.31404030
-1.39761615 2.43976521 -3.29871631 -1.59026015 -0.02030790 0.51072609 -1.39761615 2.43976521 -3.29871631 -1.59026003 -0.02030790 0.51072609
0.11865918 2.84649587 0.87066680 -0.95011401 0.62352413 -0.95436209 0.11865918 2.84649587 0.87066680 -0.95011401 0.62352413 -0.95436209
-1.68024600 -0.58707082 -2.68935585 -2.73894858 0.68005419 -0.85387409 -1.68024611 -0.58707082 -2.68935585 -2.73894858 0.68005413 -0.85387409
-0.10212256 -0.95042557 -1.88889611 -2.09024525 -0.23551668 0.07589672 -0.10212256 -0.95042557 -1.88889611 -2.09024525 -0.23551668 0.07589672
-1.56165040 -1.39561963 -2.75689816 -2.54192924 -0.86625832 0.80894756 -1.56165051 -1.39561951 -2.75689816 -2.54192901 -0.86625832 0.80894756
-0.61802018 0.21083523 -3.11057281 -1.38031387 -0.59112352 1.25863349 -0.61802018 0.21083523 -3.11057281 -1.38031375 -0.59112352 1.25863349
-0.91298348 -0.66191304 -3.88266087 -1.10476160 -0.57851005 2.00739408 -0.91298348 -0.66191304 -3.88266087 -1.10476148 -0.57851005 2.00739408
-1.27199435 -1.28864324 -2.27537227 -0.27915311 -1.23382020 1.33228624 -1.27199435 -1.28864324 -2.27537251 -0.27915311 -1.23382020 1.33228624
3.70580840 2.67872882 6.05599070 -1.85999191 -0.46972799 -0.30123666 3.70580816 2.67872906 6.05599117 -1.85999191 -0.46972802 -0.30123666
0.74462044 0.45993468 0.47066176 -1.92154777 0.14889060 -0.36643082 0.74462044 0.45993471 0.47066176 -1.92154789 0.14889060 -0.36643082
-2.24906588 -2.06628394 -1.18494880 0.15329954 1.00221586 0.41551650 -2.24906611 -2.06628394 -1.18494880 0.15329954 1.00221586 0.41551650
-0.31632692 -1.99128675 -2.14279008 0.32739553 1.24213314 0.53115577 -0.31632692 -1.99128687 -2.14279032 0.32739553 1.24213314 0.53115582
-3.00319672 -3.04013658 -1.82557654 -1.21585619 0.74890405 0.37480381 -3.00319672 -3.04013658 -1.82557654 -1.21585631 0.74890399 0.37480381
-4.69753790 -2.79673886 -5.67600775 -1.03351033 -0.10086890 -0.14774953 -4.69753790 -2.79673886 -5.67600775 -1.03351033 -0.10086890 -0.14774954
-4.39471102 -3.22876549 -5.00051212 -0.55152577 0.14102338 0.39633307 -4.39471102 -3.22876549 -5.00051212 -0.55152577 0.14102337 0.39633310
-4.51348782 -4.31200933 -5.65954876 -0.33659068 0.05397428 0.45464218 -4.51348829 -4.31200933 -5.65954876 -0.33659068 0.05397428 0.45464221
-4.07186604 -3.61749244 -4.73480940 0.51581180 -0.57718319 0.47230947 -4.07186604 -3.61749244 -4.73480940 0.51581180 -0.57718319 0.47230947
-3.81582117 -3.92094231 -4.14902258 -0.48769915 -0.59220260 -0.35395208 -3.81582117 -3.92094231 -4.14902258 -0.48769915 -0.59220260 -0.35395208
1.74799716 -2.33226657 -1.07060266 0.48362586 -0.26861903 1.03838766 1.74799716 -2.33226633 -1.07060266 0.48362583 -0.26861903 1.03838766
-3.92688966 -4.83959198 -4.81086349 -1.38775575 -0.50599277 0.68516660 -3.92688990 -4.83959198 -4.81086349 -1.38775575 -0.50599277 0.68516660
-2.22265148 -6.64046335 -4.08720684 -0.76155502 0.18327248 -0.22244245 -2.22265148 -6.64046335 -4.08720684 -0.76155502 0.18327248 -0.22244245
-5.32515907 -6.39639330 -5.04640770 -0.26213616 -0.30969974 -0.00179155 -5.32515907 -6.39639330 -5.04640722 -0.26213616 -0.30969977 -0.00179155
-5.11592007 -4.70999956 -5.62535191 -0.52613789 0.32523337 -0.00686951 -5.11592007 -4.70999956 -5.62535191 -0.52613789 0.32523337 -0.00686951
-5.87996483 -6.16537285 -6.41702127 -0.23801211 -0.26346552 -0.27950388 -5.87996483 -6.16537285 -6.41702127 -0.23801209 -0.26346552 -0.27950388
-5.59579992 -4.14571953 -6.99605465 -0.67547625 -0.07754123 0.77572036 -5.59579945 -4.14571953 -6.99605513 -0.67547625 -0.07754122 0.77572036
-4.80758190 -4.27146530 -7.23060417 -0.52078807 -0.60182798 0.58781326 -4.80758190 -4.27146530 -7.23060417 -0.52078801 -0.60182798 0.58781326
-3.88720274 -3.27066946 -6.76458645 0.06234504 0.04799568 0.27552232 -3.88720274 -3.27066946 -6.76458645 0.06234504 0.04799568 0.27552232
-3.64609623 -2.13820481 -6.16724873 0.16834992 -0.13021234 0.66943640 -3.64609623 -2.13820481 -6.16724873 0.16834991 -0.13021234 0.66943640
-4.48264885 -2.47457218 -2.61793113 -0.50030196 -1.18263614 0.35510337 -4.48264885 -2.47457242 -2.61793113 -0.50030196 -1.18263614 0.35510340
-6.05527163 -4.21315813 -5.00274324 0.32081696 -0.36218992 0.21120685 -6.05527163 -4.21315813 -5.00274324 0.32081696 -0.36218992 0.21120684
-4.99505281 -4.96345139 -7.61754131 0.14589915 -1.23939431 0.76890528 -4.99505281 -4.96345139 -7.61754131 0.14589915 -1.23939431 0.76890534
-7.32145214 -6.92454100 -7.63899708 -0.03543659 0.87590486 0.39765683 -7.32145214 -6.92454100 -7.63899660 -0.03543659 0.87590492 0.39765683
-6.42495728 -8.44337177 -6.81461763 0.25324324 -0.27268219 -0.16975850 -6.42495728 -8.44337082 -6.81461716 0.25324324 -0.27268222 -0.16975848
-7.11593103 -7.95166922 -7.94834805 0.00955955 0.01202337 -0.46687764 -7.11593056 -7.95166922 -7.94834805 0.00955955 0.01202337 -0.46687767
-6.26070213 -8.24358177 -7.88188124 0.16970041 -0.47921878 -0.40013897 -6.26070213 -8.24358177 -7.88188124 0.16970041 -0.47921875 -0.40013894
-6.40675211 -8.10487270 -6.67497301 -0.19322404 -0.20079334 0.02108058 -6.40675259 -8.10487270 -6.67497301 -0.19322404 -0.20079333 0.02108058
-6.40850258 -7.65560436 -7.38141632 0.16302438 0.33242100 -0.45544887 -6.40850258 -7.65560389 -7.38141680 0.16302438 0.33242103 -0.45544890
-6.88149166 -7.95719481 -7.99053383 0.25139794 0.43803748 0.00829835 -6.88149214 -7.95719528 -7.99053335 0.25139794 0.43803748 0.00829835
-2.74257708 -4.85125160 -6.04791737 0.20511548 0.54490715 0.77417129 -2.74257708 -4.85125160 -6.04791784 0.20511550 0.54490715 0.77417123
-2.20034838 -3.12022710 -4.93383503 1.22542357 0.92513949 0.24848665 -2.20034838 -3.12022710 -4.93383551 1.22542357 0.92513949 0.24848665
-7.15007734 -6.61529970 -6.54187965 0.50967854 0.75629640 0.73719090 -7.15007734 -6.61529922 -6.54188013 0.50967854 0.75629646 0.73719090
-4.50304317 -6.52546406 -5.66091347 -0.44782194 -0.21581134 -0.58916259 -4.50304317 -6.52546453 -5.66091347 -0.44782194 -0.21581136 -0.58916259
-5.42591810 -7.33795214 -6.23947573 -0.38979018 0.14742179 -0.96319622 -5.42591810 -7.33795214 -6.23947620 -0.38979018 0.14742179 -0.96319622
-7.40084267 -7.50972176 -7.07975864 -0.64250934 0.04297281 -0.44228134 -7.40084267 -7.50972128 -7.07975864 -0.64250934 0.04297281 -0.44228134
-5.59342527 -6.42022657 -5.36001015 -0.30203673 -0.52358466 -0.77972931 -5.59342527 -6.42022657 -5.36001015 -0.30203670 -0.52358466 -0.77972925
-7.11071539 -8.27828884 -6.84626770 -0.84821916 -0.60331208 -0.61967236 -7.11071539 -8.27828884 -6.84626770 -0.84821916 -0.60331208 -0.61967236
-8.06895828 -7.71722889 -6.30392790 -0.04738153 -0.13130406 -1.08480513 -8.06895828 -7.71722889 -6.30392790 -0.04738153 -0.13130406 -1.08480513
-6.60646200 -5.70550203 -5.28969145 0.22164746 -0.22895080 -0.47702149 -6.60646152 -5.70550203 -5.28969145 0.22164746 -0.22895078 -0.47702152
-5.74249840 -2.49394703 -5.03130245 -2.66220427 0.54029858 -1.13246644 -5.74249792 -2.49394703 -5.03130245 -2.66220427 0.54029858 -1.13246644
-5.29235411 -7.23172712 -6.22170210 0.32604769 0.78000754 -1.04663217 -5.29235411 -7.23172712 -6.22170162 0.32604769 0.78000754 -1.04663217
-5.09084892 -5.52883101 -5.71000004 0.96840280 -0.39136785 -1.28541577 -5.09084892 -5.52883101 -5.71000051 0.96840274 -0.39136785 -1.28541577
-5.82266235 -3.88218045 -4.32832098 -0.66056067 0.40324736 -1.79142213 -5.82266235 -3.88218045 -4.32832098 -0.66056067 0.40324736 -1.79142213
-5.52186394 -4.61347532 -5.16845655 0.33840376 0.49573272 -0.58613104 -5.52186394 -4.61347532 -5.16845703 0.33840376 0.49573272 -0.58613104
-5.76702595 -5.03839302 -4.51564217 0.15862972 0.22696437 -1.02174079 -5.76702547 -5.03839302 -4.51564217 0.15862972 0.22696437 -1.02174079
-5.80769682 -5.76814985 -5.19928455 0.34713575 0.52788913 -1.45022380 -5.80769730 -5.76814985 -5.19928455 0.34713578 0.52788913 -1.45022380
-6.81587219 -6.28467369 -5.13350296 0.60864729 0.33731827 -0.77694720 -6.81587219 -6.28467369 -5.13350296 0.60864729 0.33731827 -0.77694726
-5.77215433 -4.79696083 -4.06705999 0.40888694 -0.01928532 -0.47519499 -5.77215385 -4.79696131 -4.06705999 0.40888691 -0.01928531 -0.47519499
-4.84127712 -3.70142007 -3.99716139 0.01305417 -0.92425561 -0.61506426 -4.84127712 -3.70142007 -3.99716163 0.01305417 -0.92425567 -0.61506426
