-2.89381409 -2.89374256 -9.52166176 -0.00020370 -0.00000000 -0.00000000 -2.89381409 -2.89374256 -9.52166176 -0.00020370 -0.00000000 -0.00000000
-1.53971136 -1.53966439 -10.30210018 -0.00013788 0.00000000 0.00000000 -1.53971136 -1.53966439 -10.30210018 -0.00013788 0.00000000 0.00000000
-2.88782597 -2.88811016 -9.60872841 -0.00000000 0.00000000 -0.00000000 -2.88782597 -2.88811016 -9.60872841 -0.00000000 0.00000000 -0.00000000
-1.83128798 -1.83148539 -10.10480213 0.00000000 0.00000000 0.00000000 -1.83128798 -1.83148539 -10.10480213 0.00000000 0.00000000 0.00000000
-2.98261690 -2.98258972 -9.79132938 -0.00012763 -0.00000000 -0.00000000 -2.98261690 -2.98258972 -9.79132938 -0.00012763 -0.00000000 -0.00000000
-2.18001270 -2.17999482 -10.07657337 -0.00009022 -0.00000000 -0.00000000 -2.18001270 -2.17999482 -10.07657242 -0.00009022 -0.00000000 -0.00000000
-3.16930938 -3.16953540 -10.06098366 0.00002274 -0.00000000 -0.00000000 -3.16930962 -3.16953540 -10.06098366 0.00002274 -0.00000000 -0.00000000
-2.58997869 -2.59014654 -10.17942905 0.00001674 -0.00000000 -0.00000000 -2.58997846 -2.59014654 -10.17942905 0.00001674 -0.00000000 -0.00000000
-3.44852734 -3.44853020 -10.40407467 -0.00006975 0.00000000 0.00000000 -3.44852734 -3.44852996 -10.40407562 -0.00006975 0.00000000 0.00000000
-3.04996634 -3.04996967 -10.41015816 -0.00005379 0.00000000 0.00000000 -3.04996634 -3.04996967 -10.41015816 -0.00005379 0.00000000 0.00000000
-3.73094535 -3.73111153 -10.75651264 0.00002892 0.00000000 0.00000000 -3.73094535 -3.73111153 -10.75651264 0.00002892 0.00000000 0.00000000
-3.50013280 -3.50026798 -10.73642445 0.00002337 -0.00000000 -0.00000000 -3.50013280 -3.50026798 -10.73642445 0.00002337 -0.00000000 -0.00000000
-4.08764505 -4.08765841 -11.16696644 -0.00003605 0.00000000 -0.00000000 -4.08764458 -4.08765841 -11.16696644 -0.00003605 0.00000000 -0.00000000
-3.96092367 -3.96093607 -11.14055443 -0.00003089 -0.00000000 0.00000000 -3.96092391 -3.96093583 -11.14055443 -0.00003089 -0.00000000 0.00000000
-4.29320717 -4.29316330 -11.39361668 -0.00005880 -0.00000000 -0.00000000 -4.29320717 -4.29316330 -11.39361668 -0.00005880 -0.00000000 -0.00000000
-4.21087456 -4.21083593 -11.37192726 -0.00005235 -0.00000000 -0.00000000 -4.21087456 -4.21083593 -11.37192726 -0.00005235 -0.00000000 -0.00000000
-4.51573229 -4.51585340 -11.63317585 0.00002855 0.00000000 0.00000000 -4.51573229 -4.51585293 -11.63317490 0.00002855 0.00000000 0.00000000
-4.47559118 -4.47570467 -11.62060928 0.00002674 0.00000000 0.00000000 -4.47559118 -4.47570467 -11.62060928 0.00002674 0.00000000 0.00000000
-4.75443172 -4.75431108 -11.88449478 0.00000436 -0.00000000 0.00000000 -4.75443172 -4.75431108 -11.88449574 0.00000436 -0.00000000 0.00000000
-4.75443172 -4.75431108 -11.88449478 0.00000436 -0.00000000 0.00000000 -4.75443172 -4.75431108 -11.88449574 0.00000436 -0.00000000 0.00000000
-5.00811195 -5.00813007 -12.14655113 -0.00001518 -0.00000000 0.00000000 -5.00811148 -5.00813007 -12.14655209 -0.00001518 -0.00000000 0.00000000
-5.02727079 -5.02728939 -12.15359688 -0.00001586 -0.00000000 0.00000000 -5.02727032 -5.02728939 -12.15359688 -0.00001586 -0.00000000 0.00000000
-5.27595186 -5.27593565 -12.41820908 -0.00002770 0.00000000 0.00000000 -5.27595186 -5.27593565 -12.41821003 -0.00002770 0.00000000 0.00000000
-5.32472754 -5.32470798 -12.43613815 -0.00003157 0.00000000 0.00000000 -5.32472754 -5.32470798 -12.43613815 -0.00003157 0.00000000 0.00000000
-5.55689526 -5.55696964 -12.69840336 -0.00003719 0.00000000 -0.00000000 -5.55689526 -5.55696964 -12.69840431 -0.00003719 0.00000000 -0.00000000
-5.63479996 -5.63489342 -12.72458267 -0.00004745 -0.00000000 0.00000000 -5.63479996 -5.63489294 -12.72458267 -0.00004745 -0.00000000 0.00000000
-6.15435028 -6.15436697 -13.28011036 -0.00000368 0.00000000 -0.00000000 -6.15435028 -6.15436697 -13.28011036 -0.00000368 0.00000000 -0.00000000
-6.27344990 -6.27347231 -13.29743195 -0.00000625 0.00000000 -0.00000000 -6.27344990 -6.27347231 -13.29743195 -0.00000625 0.00000000 -0.00000000
-6.79228735 -6.79232454 -13.88317108 -0.00001223 0.00000000 -0.00000000 -6.79228735 -6.79232502 -13.88317204 -0.00001223 0.00000000 -0.00000000
-6.93209219 -6.93217468 -13.84369469 -0.00003219 -0.00000000 0.00000000 -6.93209219 -6.93217421 -13.84369469 -0.00003219 -0.00000000 0.00000000
-7.46264744 -7.46265841 -14.49933910 -0.00000009 0.00000000 -0.00000000 -7.46264791 -7.46265888 -14.49933910 -0.00000009 0.00000000 -0.00000000
-7.62050819 -7.62053347 -14.33277988 -0.00000062 -0.00000000 0.00000000 -7.62050819 -7.62053299 -14.33277988 -0.00000062 -0.00000000 0.00000000
-8.15741348 -8.15741730 -15.12076187 0.00000220 0.00000000 -0.00000000 -8.15741348 -8.15741730 -15.12076187 0.00000220 0.00000000 -0.00000000
-8.35350895 -8.35358906 -14.70090389 -0.00002374 -0.00000000 0.00000000 -8.35350895 -8.35358906 -14.70090389 -0.00002374 -0.00000000 0.00000000
-8.86838531 -8.86839199 -15.73973560 -0.00000104 -0.00000000 -0.00000000 -8.86838531 -8.86839294 -15.73973560 -0.00000104 -0.00000000 -0.00000000
-9.07792473 -9.07795620 -14.96497059 0.00000348 -0.00000000 -0.00000000 -9.07792473 -9.07795620 -14.96496964 0.00000348 -0.00000000 -0.00000000
-9.58761024 -9.58758831 -16.34928703 0.00000867 -0.00000000 0.00000000 -9.58761024 -9.58758831 -16.34928703 0.00000867 -0.00000000 0.00000000
-9.82464123 -9.82472324 -15.04937172 -0.00001862 0.00000000 -0.00000000 -9.82464123 -9.82472324 -15.04937172 -0.00001862 0.00000000 -0.00000000
