13.76879120 13.76878166 8.77485085 -0.00002707 -0.00000000 -0.00000000 13.76879120 13.76878166 8.77485180 -0.00002707 -0.00000000 -0.00000000
12.41846943 12.41823483 7.66782236 0.00001832 -0.00000000 0.00000000 12.41846943 12.41823483 7.66782236 0.00001832 -0.00000000 0.00000000
11.10785198 11.10806179 6.58065701 0.00001794 -0.00000000 0.00000000 11.10785103 11.10806179 6.58065701 0.00001794 -0.00000000 0.00000000
9.83576870 9.83575249 5.51257181 -0.00001905 -0.00000000 0.00000000 9.83576870 9.83575153 5.51257181 -0.00001905 -0.00000000 0.00000000
8.60015774 8.60009575 4.46273947 -0.00001679 0.00000000 -0.00000000 8.60015774 8.60009670 4.46273947 -0.00001679 0.00000000 -0.00000000
7.39942932 7.39946270 3.48264098 0.00002313 -0.00000000 -0.00000000 7.39942932 7.39946270 3.48264098 0.00002313 -0.00000000 -0.00000000
6.23222589 6.23221588 3.11901212 0.00002510 0.00000000 -0.00000000 6.23222637 6.23221588 3.11901188 0.00002510 0.00000000 -0.00000000
5.09709597 5.09701681 2.74634552 -0.00001192 0.00000000 -0.00000000 5.09709597 5.09701681 2.74634552 -0.00001192 0.00000000 -0.00000000
3.99256873 3.99258614 2.36351752 -0.00000951 -0.00000000 0.00000000 3.99256849 3.99258590 2.36351752 -0.00000951 -0.00000000 0.00000000
2.91763496 2.91761851 1.97194695 -0.00000761 -0.00000000 -0.00000000 2.91763520 2.91761851 1.97194695 -0.00000761 -0.00000000 -0.00000000
1.87094152 1.87100661 1.57087505 0.00002970 -0.00000000 -0.00000000 1.87094152 1.87100661 1.57087493 0.00002970 -0.00000000 -0.00000000
0.85149807 0.85152149 1.16060615 -0.00000351 0.00000000 -0.00000000 0.85149801 0.85152149 1.16060615 -0.00000351 0.00000000 -0.00000000
-0.14180577 -0.14170243 0.74195838 -0.00000349 -0.00000000 0.00000000 -0.14180577 -0.14170243 0.74195844 -0.00000349 -0.00000000 0.00000000
-1.10988307 -1.10982084 0.31499907 -0.00000173 -0.00000000 0.00000000 -1.10988307 -1.10982084 0.31499907 -0.00000173 -0.00000000 0.00000000
-2.05365181 -2.05363560 -0.11935504 -0.00003394 0.00000000 -0.00000000 -2.05365181 -2.05363560 -0.11935503 -0.00003394 0.00000000 -0.00000000
-2.97402287 -2.97405934 -0.56172633 0.00000214 -0.00000000 -0.00000000 -2.97402287 -2.97405958 -0.56172639 0.00000214 -0.00000000 -0.00000000
-3.87193847 -3.87188411 -1.01151991 0.00000425 0.00000000 0.00000000 -3.87193823 -3.87188387 -1.01151991 0.00000425 0.00000000 0.00000000
-4.74800396 -4.74800158 -1.46831644 0.00000423 -0.00000000 -0.00000000 -4.74800396 -4.74800158 -1.46831644 0.00000423 -0.00000000 -0.00000000
-5.61099958 -5.61104298 -1.93242157 -0.00002841 0.00000000 -0.00000000 -5.61099958 -5.61104298 -1.93242157 -0.00002841 0.00000000 -0.00000000
-6.47174120 -6.47169304 -2.40506983 0.00000985 -0.00000000 -0.00000000 -6.47174120 -6.47169304 -2.40506983 0.00000985 -0.00000000 -0.00000000
-7.31396818 -7.31397295 -2.88451219 0.00000979 -0.00000000 -0.00000000 -7.31396866 -7.31397295 -2.88451242 0.00000979 -0.00000000 -0.00000000
-8.13839340 -8.13844967 -3.36986756 0.00001314 -0.00000000 0.00000000 -8.13839340 -8.13844967 -3.36986780 0.00001314 -0.00000000 0.00000000
-8.94570827 -8.94566822 -3.86125994 -0.00002194 0.00000000 0.00000000 -8.94570827 -8.94566822 -3.86125994 -0.00002194 0.00000000 0.00000000
-9.73635006 -9.73636150 -4.35790682 -0.00002016 -0.00000000 -0.00000000 -9.73635006 -9.73636150 -4.35790634 -0.00002016 -0.00000000 -0.00000000
-10.51028347 -10.51033401 -4.85902309 0.00001673 0.00000000 -0.00000000 -10.51028347 -10.51033401 -4.85902309 0.00001673 0.00000000 -0.00000000
-11.25701523 -11.25712872 -5.36161232 0.00001874 0.00000000 0.00000000 -11.25701523 -11.25712872 -5.36161232 0.00001874 0.00000000 0.00000000
-11.99019623 -11.99020195 -5.86878777 -0.00001452 -0.00000000 -0.00000000 -11.99019623 -11.99020195 -5.86878777 -0.00001452 -0.00000000 -0.00000000
-12.71017170 -12.71024036 -6.38010311 -0.00001404 0.00000000 0.00000000 -12.71017075 -12.71023941 -6.38010359 -0.00001404 0.00000000 0.00000000
-13.43647480 -13.43658638 -6.89477730 0.00002330 0.00000000 0.00000000 -13.43647480 -13.43658638 -6.89477730 0.00002330 0.00000000 0.00000000
-14.18196106 -14.18198013 -7.41268969 0.00002646 -0.00000000 0.00000000 -14.18196011 -14.18198013 -7.41268921 0.00002646 -0.00000000 0.00000000
-14.91393852 -14.91401577 -7.93336105 -0.00000887 0.00000000 -0.00000000 -14.91393948 -14.91401672 -7.93336153 -0.00000887 0.00000000 -0.00000000
