-4.16123438 -4.28837013 -4.00880671 0.15961392 -0.39607581 0.42287135 -4.16123438 -4.28837013 -4.00880671 0.15961392 -0.39607584 0.42287135
-2.95634699 -4.08055449 -3.79568672 0.15932038 -0.11849899 0.15554500 -2.95634699 -4.08055449 -3.79568672 0.15932038 -0.11849899 0.15554498
-3.83138895 -3.96563506 -3.85173821 -0.57217437 -0.08165970 0.27750260 -3.83138895 -3.96563506 -3.85173798 -0.57217437 -0.08165970 0.27750260
-3.47898269 -3.84526253 -4.57643223 -0.49041167 -0.00319169 -0.29418588 -3.47898269 -3.84526253 -4.57643223 -0.49041167 -0.00319169 -0.29418588
9.00216579 10.47173405 6.86817694 -1.05064404 -1.96260691 1.49562716 9.00216675 10.47173309 6.86817694 -1.05064404 -1.96260691 1.49562716
1.00562930 0.92825359 0.58256978 0.25913936 -0.36307165 0.80739391 1.00562930 0.92825359 0.58256978 0.25913936 -0.36307165 0.80739391
-2.00719666 -2.12208176 -2.88840747 0.05989136 0.16388686 0.85367966 -2.00719666 -2.12208176 -2.88840747 0.05989136 0.16388685 0.85367966
-3.24211097 -2.97124720 -3.71837831 0.18159777 0.62484950 0.81772840 -3.24211073 -2.97124743 -3.71837831 0.18159777 0.62484944 0.81772834
-2.99379063 -3.31189942 -3.05060792 0.28276184 0.93419427 1.15740192 -2.99379086 -3.31189942 -3.05060792 0.28276187 0.93419427 1.15740192
-3.15627480 -3.76822138 -4.20140314 0.00597653 0.31004626 0.60446912 -3.15627480 -3.76822138 -4.20140314 0.00597653 0.31004629 0.60446906
-3.21117353 -3.64720154 -4.44866657 0.07585341 0.22819258 0.40859938 -3.21117353 -3.64720154 -4.44866657 0.07585341 0.22819258 0.40859938
-3.23494840 -3.50724220 -4.43581915 0.14148460 0.12310983 0.34920922 -3.23494840 -3.50724220 -4.43581963 0.14148460 0.12310984 0.34920919
-3.19322801 -3.39069867 -4.35928202 0.18340279 0.01588784 0.37020695 -3.19322801 -3.39069867 -4.35928202 0.18340281 0.01588784 0.37020695
-3.11123776 -3.26082516 -4.33037376 0.24778493 -0.05193329 0.29504389 -3.11123753 -3.26082516 -4.33037376 0.24778493 -0.05193329 0.29504389
-1.63768482 -2.51035285 -2.74426556 0.34365171 0.31526986 0.39344883 -1.63768482 -2.51035285 -2.74426556 0.34365168 0.31526983 0.39344883
-1.03807962 -2.37733555 -2.03645873 0.09931692 0.19016977 0.46934733 -1.03807950 -2.37733555 -2.03645873 0.09931691 0.19016978 0.46934733
47.74846649 51.37184525 53.66618347 1.53432941 -0.65462041 0.13877155 47.74847031 51.37184525 53.66618347 1.53432941 -0.65462041 0.13877155
12.84189796 14.11526012 13.34058762 0.63454205 0.02587380 -0.49929187 12.84189796 14.11526108 13.34058762 0.63454211 0.02587380 -0.49929187
0.99947256 0.23447293 0.88307202 0.05097886 0.03226736 -0.50428897 0.99947250 0.23447293 0.88307202 0.05097886 0.03226736 -0.50428891
-2.68703723 -3.55385828 -2.81805515 0.16201282 0.20281303 -0.39310268 -2.68703723 -3.55385804 -2.81805491 0.16201282 0.20281303 -0.39310268
-2.66904521 -3.44689059 -3.02441239 0.19267903 0.19873536 -0.37876254 -2.66904521 -3.44689083 -3.02441239 0.19267903 0.19873536 -0.37876254
-2.14462256 -2.76193881 -2.51341367 0.39016229 0.02689776 -0.41202158 -2.14462256 -2.76193881 -2.51341367 0.39016229 0.02689776 -0.41202158
-1.93317986 -2.39319324 -1.87972438 0.51019156 0.03967096 -0.42713869 -1.93317997 -2.39319348 -1.87972438 0.51019156 0.03967096 -0.42713872
-1.45347404 -1.94190061 0.77644819 0.83043247 0.76243496 0.46273777 -1.45347404 -1.94190061 0.77644813 0.83043247 0.76243502 0.46273777
-0.50322247 -1.48339379 0.71666324 1.41138041 1.23738360 1.41665924 -0.50322253 -1.48339379 0.71666324 1.41138041 1.23738360 1.41665924
-1.15935016 -1.86724019 -1.26277447 0.83214611 0.20549217 0.03164820 -1.15935016 -1.86724019 -1.26277447 0.83214611 0.20549217 0.03164820
-0.36321768 -0.41394335 -0.52116066 0.08205241 -0.19615324 -0.86676437 -0.36321768 -0.41394335 -0.52116066 0.08205241 -0.19615324 -0.86676431
-3.58529305 -3.33163595 -2.78155684 0.02399651 -0.68304151 -0.48294538 -3.58529305 -3.33163619 -2.78155708 0.02399651 -0.68304151 -0.48294538
67.65692902 64.47870636 58.04347229 1.80785608 -2.88507128 1.97317278 67.65692902 64.47870636 58.04347229 1.80785608 -2.88507128 1.97317278
27.63759422 27.52326775 25.48696327 0.12642996 0.08358219 -1.29601598 27.63759613 27.52326775 25.48696327 0.12642996 0.08358219 -1.29601598
17.26256180 15.29426956 15.20992470 0.70477724 0.19818345 -1.98156321 17.26256180 15.29427052 15.20992470 0.70477724 0.19818345 -1.98156321
12.31669235 10.35182095 10.61917305 0.98952615 0.36515117 -2.15247774 12.31669235 10.35182095 10.61917305 0.98952615 0.36515120 -2.15247774
9.65428257 8.46661282 8.02705669 0.74868971 0.33281383 -1.99526393 9.65428257 8.46661186 8.02705574 0.74868971 0.33281386 -1.99526393
7.92825365 6.67283487 6.06699085 0.39541796 0.18718739 -1.82677257 7.92825365 6.67283440 6.06699038 0.39541799 0.18718740 -1.82677257
8.64951420 5.36751986 4.85001040 0.51528460 -0.03739585 -1.88460875 8.64951420 5.36751986 4.85001040 0.51528460 -0.03739585 -1.88460875
10.64698887 4.48706102 4.64208746 1.36935353 -0.38601482 -2.05723739 10.64698792 4.48706102 4.64208746 1.36935353 -0.38601482 -2.05723739
9.24949360 3.79112864 5.46365976 0.20216322 -0.37527072 -2.58136678 9.24949360 3.79112864 5.46365976 0.20216322 -0.37527072 -2.58136678
12.93634605 3.89828873 8.03441811 -1.56516111 0.45738086 -4.54623127 12.93634701 3.89828897 8.03441811 -1.56516123 0.45738086 -4.54623127
6.31530523 6.36996698 5.75961971 0.62240499 0.83890384 0.27555653 6.31530476 6.36996698 5.75961971 0.62240499 0.83890378 0.27555653
3.07499981 1.44467640 1.89851749 0.12843643 -1.02067423 0.72740370 3.07499981 1.44467640 1.89851749 0.12843643 -1.02067423 0.72740370
-1.40566158 -0.47728226 -1.44412053 -0.24801148 -0.39027247 -0.02775093 -1.40566158 -0.47728226 -1.44412053 -0.24801148 -0.39027247 -0.02775093
