2.69081545 14.06255627 -11.26446724 -18.49665070 -0.00000196 0.00000482 2.69081545 14.06255627 -11.26446724 -18.49665070 -0.00000196 0.00000482
-13.51320076 0.42018205 -21.42757988 -3.83399677 -0.18610790 -0.08821063 -13.51320076 0.42018205 -21.42757988 -3.83399653 -0.18610790 -0.08821062
-14.87227821 -3.19101095 -14.17959309 0.34696019 -0.27182081 -0.17888314 -14.87227821 -3.19101095 -14.17959309 0.34696022 -0.27182081 -0.17888314
-7.50028133 -1.45063400 -13.06009960 0.38251948 -0.60987598 -0.58477366 -7.50028133 -1.45063412 -13.06009960 0.38251948 -0.60987598 -0.58477366
-2.02107787 1.38881302 -11.05242443 -0.32974064 -0.63677150 0.20045753 -2.02107787 1.38881302 -11.05242538 -0.32974064 -0.63677150 0.20045751
-3.01193929 1.28694665 -8.83473969 -1.17817533 -0.67009759 -0.08947051 -3.01193929 1.28694665 -8.83473969 -1.17817533 -0.67009759 -0.08947051
-3.44670200 1.56436074 -7.51808023 -0.23349787 0.24316396 -0.44420651 -3.44670200 1.56436086 -7.51808023 -0.23349787 0.24316396 -0.44420651
-2.30896878 3.24493265 -7.51038504 0.82172495 0.58421952 -1.26223290 -2.30896902 3.24493241 -7.51038504 0.82172489 0.58421952 -1.26223290
-3.00136256 1.02649939 -5.02397966 -0.42188722 0.00610008 -0.16396302 -3.00136256 1.02649939 -5.02397966 -0.42188722 0.00610008 -0.16396302
-5.10796928 0.21252778 -3.83847380 0.31972778 -0.42890513 0.20358075 -5.10796928 0.21252778 -3.83847380 0.31972781 -0.42890513 0.20358075
-2.48826241 1.03634679 -4.32064342 -0.04109196 0.11796127 0.32132170 -2.48826241 1.03634679 -4.32064342 -0.04109197 0.11796127 0.32132170
-2.67591405 0.54722506 -4.90214443 0.48804659 -0.39421847 -0.14116617 -2.67591405 0.54722506 -4.90214443 0.48804662 -0.39421847 -0.14116617
-6.24634695 -3.23893476 -5.35522699 -0.13558729 -0.27941072 -0.26728541 -6.24634743 -3.23893476 -5.35522699 -0.13558729 -0.27941072 -0.26728541
-5.84295654 -2.51664042 -5.72349644 0.06066666 -0.40109736 -0.38271829 -5.84295654 -2.51664019 -5.72349644 0.06066665 -0.40109739 -0.38271829
-5.34927893 -2.39701557 -6.46665573 0.37028840 -0.27449813 -0.70504045 -5.34927845 -2.39701557 -6.46665525 0.37028840 -0.27449813 -0.70504045
-5.58689165 -3.51415944 -6.14192057 0.12247404 0.12542021 -0.78249055 -5.58689117 -3.51415920 -6.14192057 0.12247404 0.12542021 -0.78249055
-5.83751678 -4.39976311 -5.87025928 -0.19153921 0.19070441 -0.68458283 -5.83751678 -4.39976311 -5.87025976 -0.19153923 0.19070441 -0.68458283
-4.92357159 -3.62099338 -5.86644554 -0.24171734 -0.05123672 -0.29546717 -4.92357159 -3.62099338 -5.86644554 -0.24171734 -0.05123672 -0.29546720
-4.80573034 -3.97558975 -5.47521925 -0.56445354 0.30313927 -0.14300849 -4.80573034 -3.97558975 -5.47521925 -0.56445354 0.30313927 -0.14300849
-4.83646584 -4.81040192 -5.00661945 -0.60501593 0.11036503 -0.15185176 -4.83646584 -4.81040192 -5.00661945 -0.60501593 0.11036503 -0.15185176
