124.64422607 85.76316833 84.27488708 0.00000000 -0.00024989 -0.00001852 124.64421844 85.76316833 84.27488708 0.00000000 -0.00024989 -0.00001852
50.08923340 20.22450066 5.12210894 0.00000000 0.00003484 0.00001532 50.08923340 20.22450066 5.12210894 0.00000000 0.00003484 0.00001532
103.71795654 71.42304993 69.57644653 -0.00000000 -0.00109100 -0.00004608 103.71794891 71.42304993 69.57644653 -0.00000000 -0.00109100 -0.00004608
41.78632736 13.08883667 1.95052838 0.00000000 -0.00016366 0.00004223 41.78632736 13.08883667 1.95052850 0.00000000 -0.00016366 0.00004223
84.52407837 57.90288925 55.86082077 -0.00000001 0.00061184 0.00006081 84.52407837 57.90288925 55.86082077 -0.00000001 0.00061184 0.00006081
34.31240845 7.25347424 -1.08582568 -0.00000000 0.00002675 -0.00006448 34.31240845 7.25347424 -1.08582568 -0.00000000 0.00002675 -0.00006448
67.28069305 45.44505310 43.28895569 -0.00000000 0.00008592 0.00002829 67.28069305 45.44505310 43.28895569 -0.00000000 0.00008592 0.00002829
27.39075661 2.69076753 -3.50294089 -0.00000000 -0.00001077 -0.00003825 27.39075661 2.69076753 -3.50294089 -0.00000000 -0.00001077 -0.00003825
51.94080734 34.25855637 32.11035538 0.00000000 -0.00018434 0.00000363 51.94080734 34.25855637 32.11035538 0.00000000 -0.00018434 0.00000363
21.16839027 -0.54736429 -4.92754650 0.00000000 -0.00017138 -0.00000954 21.16839218 -0.54736423 -4.92754602 0.00000000 -0.00017138 -0.00000954
38.41330338 24.47302437 22.37137985 -0.00000001 0.00024311 0.00000611 38.41330338 24.47302437 22.37137985 -0.00000001 0.00024311 0.00000611
15.57185268 -2.73811650 -5.68816805 -0.00000000 -0.00008258 -0.00005244 15.57185268 -2.73811650 -5.68816853 -0.00000000 -0.00008258 -0.00005244
26.64122772 16.05403709 14.01625443 0.00000000 -0.00004253 0.00000351 26.64122772 16.05403709 14.01625538 0.00000000 -0.00004253 0.00000351
10.64277267 -3.99270701 -5.99743843 0.00000000 0.00005506 0.00004076 10.64277267 -3.99270701 -5.99743795 0.00000000 0.00005506 0.00004076
16.72789001 9.04846954 7.07040405 -0.00000000 -0.00000864 0.00000095 16.72789192 9.04846954 7.07040405 -0.00000000 -0.00000864 0.00000095
6.26737356 -4.77599430 -6.35611916 0.00000000 0.00001623 0.00000350 6.26737356 -4.77599430 -6.35611916 0.00000000 0.00001623 0.00000350
14.94307232 7.79879332 5.83422565 0.00000000 0.00001156 0.00000902 14.94307137 7.79879284 5.83422565 0.00000000 0.00001156 0.00000902
5.46711636 -4.87619925 -6.42231417 0.00000000 -0.00011215 0.00002952 5.46711636 -4.87619925 -6.42231417 0.00000000 -0.00011215 0.00002952
13.21222973 6.59027624 4.63815641 0.00000000 0.00034332 -0.00001807 13.21222973 6.59027624 4.63815594 0.00000000 0.00034332 -0.00001807
4.68543911 -4.98283529 -6.49983978 0.00000000 0.00011314 -0.00005556 4.68543863 -4.98283529 -6.49983978 0.00000000 0.00011314 -0.00005556
11.54099560 5.42658329 3.49033141 0.00000000 0.00028157 -0.00001021 11.54099560 5.42658329 3.49033141 0.00000000 0.00028157 -0.00001021
3.87800980 -5.09469652 -6.59034967 -0.00000000 0.00000030 -0.00002825 3.87800980 -5.09469652 -6.59035015 -0.00000000 0.00000030 -0.00002825
9.92660046 4.30591297 2.38713002 0.00000000 -0.00001148 -0.00000026 9.92660046 4.30591249 2.38712978 0.00000000 -0.00001148 -0.00000026
3.07151055 -5.24222326 -6.71184158 -0.00000000 0.00014921 -0.00000064 3.07151055 -5.24222279 -6.71184158 -0.00000000 0.00014921 -0.00000064
8.36664867 3.22633433 1.32649732 0.00000000 -0.00001116 -0.00001278 8.36664772 3.22633433 1.32649732 0.00000000 -0.00001116 -0.00001278
2.33266187 -5.31912518 -6.79545975 -0.00000000 0.00001810 -0.00002913 2.33266187 -5.31912518 -6.79545975 -0.00000000 0.00001810 -0.00002913
1.59169197 -5.37494850 -6.82213974 0.00000000 -0.00003402 0.00004726 1.59169209 -5.37494850 -6.82213926 0.00000000 -0.00003402 0.00004726
1.59986949 -5.36777306 -6.83873415 0.00000000 0.00012116 0.00004724 1.59986949 -5.36777353 -6.83873415 0.00000000 0.00012116 0.00004724
5.40585375 1.18523729 -0.63303971 -0.00000000 -0.00017596 -0.00001599 5.40585423 1.18523729 -0.63303971 -0.00000000 -0.00017596 -0.00001599
0.80283475 -5.52092648 -6.98194504 -0.00000000 0.00005335 -0.00002947 0.80283475 -5.52092648 -6.98194504 -0.00000000 0.00005335 -0.00002947
4.00397253 0.22190757 -1.54106152 -0.00000000 0.00008882 -0.00000293 4.00397253 0.22190756 -1.54106164 -0.00000000 0.00008882 -0.00000293
0.06765685 -5.61442423 -7.07852364 0.00000000 -0.00011085 -0.00000497 0.06765685 -5.61442423 -7.07852316 0.00000000 -0.00011085 -0.00000497
2.65065360 -0.70598060 -2.41155553 -0.00000000 -0.00000438 -0.00001778 2.65065336 -0.70598060 -2.41155553 -0.00000000 -0.00000438 -0.00001778
-0.58610213 -5.56980944 -7.04464579 -0.00000000 0.00012621 -0.00002795 -0.58610213 -5.56980944 -7.04464626 -0.00000000 0.00012621 -0.00002795
1.34176064 -1.60180318 -3.24869084 -0.00000000 0.00006482 0.00002513 1.34176064 -1.60180318 -3.24869061 -0.00000000 0.00006482 0.00002513
-1.25512528 -5.56497908 -7.01549530 -0.00000000 0.00000063 0.00003736 -1.25512528 -5.56497908 -7.01549530 -0.00000000 0.00000063 0.00003736
0.07531472 -2.46768928 -4.05481815 -0.00000000 -0.00012615 0.00000949 0.07531472 -2.46768928 -4.05481815 -0.00000000 -0.00012615 0.00000949
-1.93744242 -5.60106850 -7.01583958 -0.00000000 -0.00012947 0.00001305 -1.93744254 -5.60106802 -7.01583910 -0.00000000 -0.00012947 0.00001305
-1.15107894 -3.30560756 -4.83136177 0.00000000 -0.00001422 -0.00000536 -1.15107894 -3.30560780 -4.83136177 0.00000000 -0.00001422 -0.00000536
-2.65009069 -5.66527748 -7.04199076 -0.00000000 -0.00012716 -0.00000685 -2.65009069 -5.66527748 -7.04199076 -0.00000000 -0.00012716 -0.00000685
-2.33838677 -4.11631632 -5.58065939 -0.00000000 -0.00005531 -0.00002200 -2.33838677 -4.11631632 -5.58065939 -0.00000000 -0.00005531 -0.00002200
-3.27201653 -5.61196089 -6.96567917 -0.00000000 0.00006133 -0.00002580 -3.27201653 -5.61196089 -6.96567917 -0.00000000 0.00006133 -0.00002580
-3.48926044 -4.90366888 -6.30423880 -0.00000000 0.00011030 0.00002366 -3.48926044 -4.90366888 -6.30423880 -0.00000000 0.00011030 0.00002366
-3.91327953 -5.59904814 -6.94244242 0.00000000 0.00019789 0.00002562 -3.91327929 -5.59904766 -6.94244289 0.00000000 0.00019789 0.00002562
-4.60488033 -5.66723347 -7.00363016 0.00000000 0.00007039 0.00000766 -4.60488033 -5.66723394 -7.00363016 0.00000000 0.00007039 0.00000766
-4.60488033 -5.66723347 -7.00363016 0.00000000 0.00007039 0.00000766 -4.60488033 -5.66723394 -7.00363016 0.00000000 0.00007039 0.00000766
-5.68704176 -6.41689920 -7.67956114 -0.00000000 0.00006989 -0.00000768 -5.68704176 -6.41689920 -7.67956114 -0.00000000 0.00006989 -0.00000768
-5.20433044 -5.58644104 -6.91215515 -0.00000000 0.00001880 -0.00000695 -5.20433044 -5.58644056 -6.91215563 -0.00000000 0.00001880 -0.00000695
-6.73695660 -7.16439104 -8.32875729 -0.00000000 0.00002654 -0.00002449 -6.73695660 -7.16439056 -8.32875729 -0.00000000 0.00002654 -0.00002449
-5.83534956 -5.60051870 -6.90437555 -0.00000000 0.00007521 -0.00002024 -5.83534956 -5.60051870 -6.90437555 -0.00000000 0.00007521 -0.00002024
-7.75435877 -7.89023876 -8.95788860 0.00000000 0.00002230 0.00002155 -7.75435877 -7.89023876 -8.95788956 0.00000000 0.00002230 0.00002155
-6.51554489 -5.69347048 -6.96301603 -0.00000000 0.00004050 0.00001722 -6.51554489 -5.69347048 -6.96301603 -0.00000000 0.00004050 0.00001722
-8.72765827 -8.59382725 -9.56736851 0.00000000 0.00003810 0.00000473 -8.72765827 -8.59382725 -9.56736851 0.00000000 0.00003810 0.00000473
-7.12741899 -5.78389120 -6.99427652 -0.00000000 0.00007899 0.00000338 -7.12741899 -5.78389120 -6.99427652 -0.00000000 0.00007899 0.00000338
-9.67320919 -9.27805614 -10.15896606 -0.00000000 -0.00007346 0.00001982 -9.67320919 -9.27805710 -10.15896606 -0.00000000 -0.00007346 0.00001982
-7.77095556 -5.93320131 -7.06913328 -0.00000000 -0.00010804 0.00001260 -7.77095604 -5.93320084 -7.06913328 -0.00000000 -0.00010804 0.00001260
-10.59223843 -9.94415760 -10.73369122 0.00000000 0.00005656 -0.00002602 -10.59223843 -9.94415760 -10.73369122 0.00000000 0.00005656 -0.00002602
-8.36026001 -6.01853418 -7.10045052 -0.00000000 0.00017011 -0.00001402 -8.36026001 -6.01853418 -7.10045052 -0.00000000 0.00017011 -0.00001402
-11.48579025 -10.59288311 -11.29276657 0.00000000 0.00002926 0.00001864 -11.48579121 -10.59288311 -11.29276657 0.00000000 0.00002926 0.00001864
-9.04867554 -6.22924042 -7.24080324 0.00000000 -0.00002392 0.00000860 -9.04867554 -6.22924042 -7.24080372 0.00000000 -0.00002392 0.00000860
-12.26340961 -11.20818424 -11.79135132 -0.00000000 0.00000307 -0.00001250 -12.26340866 -11.20818424 -11.79135132 -0.00000000 0.00000307 -0.00001250
-9.67765522 -6.39026546 -7.34125614 -0.00000000 0.00006469 0.00000088 -9.67765522 -6.39026546 -7.34125662 -0.00000000 0.00006469 0.00000088
-12.86906242 -11.78137398 -12.19515991 0.00000000 -0.00004073 -0.00008432 -12.86906242 -11.78137398 -12.19515896 0.00000000 -0.00004073 -0.00008432
-10.34864521 -6.55928612 -7.46805048 0.00000000 0.00009888 0.00000453 -10.34864521 -6.55928659 -7.46805048 0.00000000 0.00009888 0.00000453
-13.46189022 -12.34185028 -12.59024620 -0.00000000 -0.00009015 0.00012772 -13.46189022 -12.34185028 -12.59024715 -0.00000000 -0.00009015 0.00012772
-10.92439938 -6.58713102 -7.50483847 -0.00000000 0.00019622 -0.00000300 -10.92439938 -6.58713102 -7.50483847 -0.00000000 0.00019622 -0.00000300
-14.02471733 -12.88659382 -12.97841358 -0.00000000 0.00003943 -0.00001775 -14.02471733 -12.88659382 -12.97841454 -0.00000000 0.00003943 -0.00001775
-11.61059284 -6.77425814 -7.68030739 -0.00000000 0.00021484 0.00000011 -11.61059189 -6.77425861 -7.68030691 -0.00000000 0.00021484 0.00000011
-14.34552765 -13.30559349 -13.33086109 -0.00000000 0.00006717 -0.00000113 -14.34552765 -13.30559349 -13.33086014 -0.00000000 0.00006717 -0.00000113
-12.28732586 -6.97099781 -7.88992786 -0.00000000 -0.00009521 -0.00000010 -12.28732586 -6.97099781 -7.88992786 -0.00000000 -0.00009521 -0.00000010
-14.66408634 -13.71668625 -13.67584038 0.00000000 0.00007375 -0.00001534 -14.66408730 -13.71668625 -13.67584038 0.00000000 0.00007375 -0.00001534
-12.91754055 -7.10130072 -8.14263153 -0.00000000 0.00002250 -0.00000448 -12.91754055 -7.10130072 -8.14263153 -0.00000000 0.00002250 -0.00000448
-14.98072720 -14.07945919 -13.96857166 -0.00000000 0.00001591 -0.00002887 -14.98072720 -14.07945919 -13.96857166 -0.00000000 0.00001591 -0.00002887
-13.61669636 -7.33982277 -8.50269032 0.00000000 0.00001144 -0.00001249 -13.61669636 -7.33982277 -8.50269032 0.00000000 0.00001144 -0.00001249
-15.29486752 -14.37695122 -14.19105625 0.00000000 -0.00001630 0.00001456 -15.29486847 -14.37695122 -14.19105625 0.00000000 -0.00001630 0.00001456
-14.15258503 -7.58853483 -8.82232952 0.00000000 -0.00009822 0.00011000 -14.15258503 -7.58853483 -8.82232857 0.00000000 -0.00009822 0.00011000
-16.81408310 -15.76244068 -15.30094719 -0.00000000 -0.00004295 0.00000268 -16.81408119 -15.76244164 -15.30094719 -0.00000000 -0.00004295 0.00000268
-15.89669800 -8.96147537 -10.34067440 -0.00000000 0.00000006 0.00000860 -15.89669800 -8.96147442 -10.34067535 -0.00000000 0.00000006 0.00000860
-18.28643990 -17.09345245 -16.40702629 0.00000000 0.00004779 0.00001383 -18.28644180 -17.09345245 -16.40702629 0.00000000 0.00004779 0.00001383
-17.16605759 -10.59339905 -11.76496506 -0.00000000 -0.00005224 0.00005063 -17.16605759 -10.59339905 -11.76496506 -0.00000000 -0.00005224 0.00005063
-19.71467209 -18.36021614 -17.49281693 0.00000000 0.00006873 -0.00001081 -19.71467209 -18.36021614 -17.49281693 0.00000000 0.00006873 -0.00001081
-18.36266899 -12.17641354 -13.07245541 -0.00000000 -0.00006039 -0.00004301 -18.36267090 -12.17641354 -13.07245541 -0.00000000 -0.00006039 -0.00004301
-21.06735802 -19.53708267 -18.53977013 -0.00000000 -0.00004844 -0.00000070 -21.06735611 -19.53708267 -18.53977013 -0.00000000 -0.00004844 -0.00000070
-19.48591614 -13.15412998 -14.08383179 -0.00000000 -0.00007295 -0.00000291 -19.48591614 -13.15412998 -14.08383083 -0.00000000 -0.00007295 -0.00000291
-22.17139435 -20.36507416 -19.42469978 -0.00000000 -0.00002517 -0.00001986 -22.17139435 -20.36507607 -19.42469978 -0.00000000 -0.00002517 -0.00001986
-20.58661270 -13.83673573 -14.93063164 -0.00000000 -0.00005074 0.00003022 -20.58661270 -13.83673573 -14.93063164 -0.00000000 -0.00005074 0.00003022
-22.46094894 -20.27577972 -19.26237679 -0.00000000 -0.00005581 0.00002742 -22.46094704 -20.27577972 -19.26237679 -0.00000000 -0.00005581 0.00002742
-21.71294785 -14.54660416 -15.76452637 -0.00000000 -0.00000677 -0.00004972 -21.71294785 -14.54660416 -15.76452541 -0.00000000 -0.00000677 -0.00004972
-22.81496048 -20.25864792 -19.11861038 0.00000000 -0.00002436 0.00000682 -22.81496048 -20.25864983 -19.11860847 0.00000000 -0.00002436 0.00000682
-22.86023140 -15.25813961 -16.59174347 -0.00000000 -0.00001804 -0.00001543 -22.86022949 -15.25813961 -16.59174347 -0.00000000 -0.00001804 -0.00001543
