0.46923316 0.54255464 0.43702833 -0.00000725 0.00040249 0.00000019 0.46923316 0.54255462 0.43702832 -0.00000725 0.00040249 0.00000019
0.43446859 0.60161933 0.37120205 0.03014820 0.02084276 0.01015012 0.43446860 0.60161930 0.37120205 0.03014820 0.02084276 0.01015012
0.47566034 0.58311413 0.56149270 -0.00151806 -0.02497115 0.01625362 0.47566032 0.58311415 0.56149268 -0.00151806 -0.02497115 0.01625362
0.48970517 0.64094394 0.42304686 0.03177467 -0.02023850 0.04952895 0.48970518 0.64094394 0.42304686 0.03177467 -0.02023850 0.04952895
0.58401792 0.65551443 0.52112515 0.09074137 0.00254943 -0.00169684 0.58401793 0.65551442 0.52112514 0.09074137 0.00254943 -0.00169684
0.72743823 0.87643222 0.51993486 -0.01865908 0.02861636 0.04028620 0.72743821 0.87643224 0.51993483 -0.01865908 0.02861636 0.04028620
0.77114980 0.86524869 0.62976071 -0.09687849 0.17136775 0.02468817 0.77114981 0.86524868 0.62976074 -0.09687849 0.17136775 0.02468817
0.56823779 0.88061945 0.59160421 -0.01146051 0.04545430 0.02941799 0.56823778 0.88061947 0.59160423 -0.01146051 0.04545430 0.02941799
0.55942568 0.63635294 0.45873377 -0.00483660 -0.05979575 -0.06011090 0.55942571 0.63635296 0.45873377 -0.00483660 -0.05979575 -0.06011090
0.44370379 0.49168246 0.53564170 0.05645514 0.00170859 0.06125034 0.44370380 0.49168247 0.53564173 0.05645514 0.00170859 0.06125034
-0.36908020 -0.29312861 -0.32795990 0.00000164 0.00071882 0.00000134 -0.36908022 -0.29312861 -0.32795990 0.00000164 0.00071882 0.00000134
-0.25161182 -0.22609461 -0.23535598 0.00303925 -0.03084456 0.04742689 -0.25161183 -0.22609460 -0.23535597 0.00303925 -0.03084456 0.04742689
-0.27836604 -0.19838795 -0.31698131 -0.05607292 0.01067632 0.00074146 -0.27836603 -0.19838795 -0.31698132 -0.05607292 0.01067632 0.00074146
-0.24736353 -0.23389729 -0.19699494 0.07455293 0.06515048 0.12208314 -0.24736354 -0.23389728 -0.19699493 0.07455293 0.06515048 0.12208313
-0.18101710 -0.16489792 -0.10502606 0.03022937 -0.01494235 -0.03844753 -0.18101710 -0.16489792 -0.10502606 0.03022937 -0.01494235 -0.03844753
-0.11146870 -0.00824594 -0.18316425 -0.13059683 0.03524436 -0.01101685 -0.11146870 -0.00824594 -0.18316425 -0.13059683 0.03524436 -0.01101685
-0.08332867 -0.02415438 -0.07629592 -0.06213698 0.07267373 0.04138701 -0.08332867 -0.02415438 -0.07629591 -0.06213698 0.07267373 0.04138701
-0.15095091 -0.13100582 -0.07620448 0.01388905 -0.07999941 -0.06013681 -0.15095091 -0.13100582 -0.07620448 0.01388905 -0.07999942 -0.06013681
-0.26155213 -0.16421561 -0.15069593 0.03214420 0.00814502 0.01309567 -0.26155213 -0.16421561 -0.15069593 0.03214420 0.00814502 0.01309567
-0.21143946 -0.17989384 -0.19663918 -0.02183301 0.05888082 0.00139840 -0.21143946 -0.17989384 -0.19663918 -0.02183301 0.05888082 0.00139840
-1.04606751 -1.01067002 -0.98204655 -0.00000047 0.00085428 0.00000744 -1.04606748 -1.01067007 -0.98204654 -0.00000047 0.00085428 0.00000744
-0.85960653 -0.80749359 -0.82381572 -0.00845941 0.01085360 -0.02607877 -0.85960650 -0.80749357 -0.82381570 -0.00845941 0.01085360 -0.02607876
-0.96740738 -0.86746448 -0.85823754 -0.00174331 0.01887158 0.01730982 -0.96740741 -0.86746448 -0.85823756 -0.00174331 0.01887158 0.01730982
-0.73845326 -0.81551394 -0.71814485 0.04207247 0.05750170 0.02808730 -0.73845327 -0.81551397 -0.71814483 0.04207247 0.05750170 0.02808730
-0.72269240 -0.67374945 -0.73252917 -0.02874363 -0.05784924 -0.02693805 -0.72269243 -0.67374945 -0.73252916 -0.02874363 -0.05784924 -0.02693805
-0.67404063 -0.65455028 -0.71518334 0.00321589 0.00147568 -0.00869375 -0.67404062 -0.65455025 -0.71518332 0.00321589 0.00147568 -0.00869375
-0.69914223 -0.76489854 -0.70821227 0.04512005 0.04068581 0.06680295 -0.69914222 -0.76489854 -0.70821226 0.04512005 0.04068581 0.06680295
-0.58144915 -0.60945227 -0.62875894 -0.04537732 -0.02546923 -0.04301839 -0.58144915 -0.60945225 -0.62875897 -0.04537733 -0.02546923 -0.04301839
-0.79075010 -0.68427942 -0.74964167 0.02211387 -0.06741644 -0.00499504 -0.79075009 -0.68427944 -0.74964166 0.02211387 -0.06741644 -0.00499504
-0.94870876 -0.82617855 -0.83684901 0.05446739 0.01363264 0.03561169 -0.94870877 -0.82617855 -0.83684903 0.05446739 0.01363264 0.03561169
