1.12867600 1.12867527 0.76517282 0.00000020 0.00000015 -0.00000041 1.12867606 1.12867522 0.76517284 0.00000020 0.00000015 -0.00000041
1.16687832 1.19198259 0.82098103 -0.00578771 0.00167755 -0.01025162 1.16687834 1.19198263 0.82098103 -0.00578771 0.00167755 -0.01025162
1.18143264 1.21756713 0.87524942 0.03449577 0.00949992 0.00682774 1.18143260 1.21756709 0.87524945 0.03449577 0.00949992 0.00682774
1.18752250 1.20235358 0.87139496 0.01882477 0.00859872 -0.01107952 1.18752253 1.20235360 0.87139493 0.01882477 0.00859872 -0.01107952
1.15236938 1.22411988 0.83685257 -0.00336268 -0.00599356 0.00131302 1.15236938 1.22411990 0.83685255 -0.00336268 -0.00599356 0.00131302
1.20113226 1.18790763 0.89318912 0.00588973 -0.01011561 -0.01871147 1.20113230 1.18790758 0.89318913 0.00588973 -0.01011561 -0.01871147
1.23031037 1.29642673 0.93088791 0.02228108 0.00875216 0.09030294 1.23031032 1.29642677 0.93088788 0.02228108 0.00875216 0.09030294
1.27287377 1.34475248 0.98548974 -0.04501829 0.04102548 -0.01853883 1.27287376 1.34475243 0.98548973 -0.04501829 0.04102548 -0.01853883
1.27544441 1.34815066 1.07491046 -0.01466448 -0.00161724 0.03862906 1.27544439 1.34815061 1.07491040 -0.01466448 -0.00161724 0.03862906
1.40998358 1.24417435 1.02256262 -0.05735595 -0.01970576 -0.00936679 1.40998363 1.24417436 1.02256262 -0.05735594 -0.01970576 -0.00936679
-0.41097525 -0.41097789 -0.42797019 -0.00000000 -0.00000035 0.00000001 -0.41097525 -0.41097790 -0.42797020 -0.00000000 -0.00000035 0.00000001
-0.31037307 -0.36609038 -0.36406817 0.03230288 -0.00701019 0.01235836 -0.31037307 -0.36609039 -0.36406818 0.03230288 -0.00701019 0.01235836
-0.32372147 -0.30368967 -0.37885707 -0.02892111 0.01024621 -0.00144329 -0.32372147 -0.30368969 -0.37885708 -0.02892111 0.01024621 -0.00144329
-0.33233984 -0.26632983 -0.37001057 -0.01492808 0.02029864 0.06757004 -0.33233982 -0.26632982 -0.37001055 -0.01492808 0.02029864 0.06757004
-0.27187664 -0.34274041 -0.34649729 0.00209548 -0.02286215 -0.01915453 -0.27187663 -0.34274042 -0.34649730 0.00209548 -0.02286215 -0.01915453
-0.27074251 -0.23573193 -0.35089692 -0.03674253 -0.00520404 0.04883163 -0.27074251 -0.23573193 -0.35089692 -0.03674253 -0.00520404 0.04883163
-0.22722319 -0.22353505 -0.28296850 -0.05088548 -0.04133051 0.07796570 -0.22722319 -0.22353505 -0.28296849 -0.05088548 -0.04133051 0.07796570
-0.17743793 -0.24657412 -0.22297112 0.04148493 0.02121048 -0.03418763 -0.17743793 -0.24657412 -0.22297113 0.04148493 0.02121047 -0.03418763
-0.13911402 -0.12502170 -0.21730520 -0.03407711 0.00802839 0.09454356 -0.13911402 -0.12502170 -0.21730520 -0.03407711 0.00802839 0.09454356
-0.04308471 -0.10680140 -0.17170182 -0.10263742 -0.04276618 0.02773551 -0.04308471 -0.10680140 -0.17170182 -0.10263742 -0.04276618 0.02773551
-1.56343848 -1.56343755 -1.42864960 -0.00000043 -0.00000045 0.00000054 -1.56343853 -1.56343758 -1.42864954 -0.00000043 -0.00000045 0.00000054
-1.32809958 -1.32560283 -1.23316407 -0.04094847 -0.00243721 -0.00917077 -1.32809961 -1.32560289 -1.23316407 -0.04094847 -0.00243721 -0.00917077
-1.36198171 -1.30372683 -1.26040112 -0.00589697 0.03449035 -0.01122519 -1.36198175 -1.30372679 -1.26040113 -0.00589697 0.03449035 -0.01122519
-1.36384830 -1.32133598 -1.29315934 -0.00537271 0.01301685 -0.02543966 -1.36384833 -1.32133603 -1.29315937 -0.00537271 0.01301685 -0.02543966
-1.33272281 -1.35764669 -1.23906108 0.01473879 -0.02985821 -0.05093083 -1.33272278 -1.35764670 -1.23906112 0.01473879 -0.02985821 -0.05093083
-1.28378449 -1.24499428 -1.22184712 -0.03312817 0.02209586 -0.01832773 -1.28378451 -1.24499428 -1.22184718 -0.03312816 0.02209586 -0.01832774
-1.23220522 -1.20092639 -1.18955849 0.01950431 0.02721819 0.00518572 -1.23220527 -1.20092642 -1.18955851 0.01950431 0.02721819 0.00518572
-1.23403210 -1.17282028 -1.10884805 0.01657341 0.01939930 -0.03222879 -1.23403215 -1.17282033 -1.10884809 0.01657341 0.01939930 -0.03222879
-1.07320633 -1.15247028 -1.07406961 -0.03919444 -0.02156133 0.01669666 -1.07320631 -1.15247023 -1.07406962 -0.03919444 -0.02156133 0.01669666
-1.02476357 -1.05052749 -0.96255485 -0.00972337 0.04313630 0.00884968 -1.02476358 -1.05052745 -0.96255487 -0.00972337 0.04313630 0.00884968
