0.88086863 0.77131354 0.61053604 0.00000000 -0.00001352 -0.00001055 0.88086861 0.77131355 0.61053604 0.00000000 -0.00001352 -0.00001055
0.47569315 0.29996843 -0.05379988 0.00000000 -0.00000875 -0.00000200 0.47569314 0.29996842 -0.05379989 0.00000000 -0.00000875 -0.00000200
0.66416402 0.54689766 0.41782626 -0.00000000 0.00000260 -0.00000076 0.66416401 0.54689765 0.41782627 -0.00000000 0.00000260 -0.00000076
0.33460195 0.15867432 -0.13546518 -0.00000000 0.00000103 -0.00000386 0.33460194 0.15867431 -0.13546517 -0.00000000 0.00000103 -0.00000386
0.45747710 0.33295797 0.23411418 0.00000000 0.00000330 0.00000475 0.45747709 0.33295798 0.23411417 0.00000000 0.00000330 0.00000475
0.19331341 0.01997859 -0.21599355 -0.00000000 0.00000590 0.00000083 0.19331340 0.01997859 -0.21599355 -0.00000000 0.00000590 0.00000083
0.25983153 0.12899802 0.05820214 -0.00000000 0.00000009 0.00000978 0.25983155 0.12899803 0.05820214 -0.00000000 0.00000009 0.00000978
0.05603005 -0.11348354 -0.29822334 -0.00000000 -0.00000930 0.00000841 0.05603005 -0.11348353 -0.29822335 -0.00000000 -0.00000930 0.00000841
0.07019515 -0.06556635 -0.11021189 0.00000000 0.00000717 -0.00000005 0.07019515 -0.06556635 -0.11021189 0.00000000 0.00000717 -0.00000005
-0.07960324 -0.24292197 -0.37812836 0.00000000 -0.00000267 -0.00000007 -0.07960324 -0.24292198 -0.37812835 0.00000000 -0.00000267 -0.00000007
-0.11063600 -0.25122839 -0.27134450 -0.00000000 0.00000130 -0.00000586 -0.11063600 -0.25122839 -0.27134451 -0.00000000 0.00000130 -0.00000586
-0.21087607 -0.37007433 -0.45461035 0.00000000 -0.00000573 -0.00000857 -0.21087608 -0.37007433 -0.45461035 0.00000000 -0.00000573 -0.00000857
-0.28302784 -0.42911821 -0.42610158 0.00000000 0.00000747 -0.00000094 -0.28302783 -0.42911822 -0.42610160 0.00000000 0.00000747 -0.00000094
-0.33908453 -0.49699243 -0.53207755 -0.00000000 -0.00000259 -0.00000397 -0.33908454 -0.49699244 -0.53207755 -0.00000000 -0.00000259 -0.00000397
-0.36679382 -0.51339137 -0.49822909 0.00000000 -0.00001576 -0.00000008 -0.36679381 -0.51339138 -0.49822909 0.00000000 -0.00001576 -0.00000008
-0.40255181 -0.55904447 -0.56922616 -0.00000000 0.00000129 -0.00000000 -0.40255180 -0.55904448 -0.56922615 -0.00000000 0.00000129 -0.00000000
-0.44911163 -0.58670401 -0.55711513 -0.00000000 -0.00000331 0.00000071 -0.44911164 -0.58670402 -0.55711514 -0.00000000 -0.00000331 0.00000071
-0.46577739 -0.61093724 -0.59122303 -0.00000000 -0.00001273 0.00000390 -0.46577740 -0.61093724 -0.59122300 -0.00000000 -0.00001273 0.00000390
-0.53012449 -0.65879491 -0.61512743 -0.00000000 0.00000068 -0.00000865 -0.53012449 -0.65879494 -0.61512744 -0.00000000 0.00000068 -0.00000865
-0.52984524 -0.65902579 -0.61452614 -0.00000000 0.00000937 -0.00000863 -0.52984524 -0.65902579 -0.61452615 -0.00000000 0.00000937 -0.00000863
-0.60991211 -0.72957163 -0.67237700 0.00000000 -0.00000073 0.00000251 -0.60991210 -0.72957164 -0.67237699 0.00000000 -0.00000073 0.00000251
-0.59171277 -0.70769679 -0.63462212 -0.00000000 -0.00000079 0.00000558 -0.59171277 -0.70769680 -0.63462210 -0.00000000 -0.00000079 0.00000558
-0.68169611 -0.79612688 -0.72685162 -0.00000000 -0.00000111 -0.00000571 -0.68169612 -0.79612690 -0.72685164 -0.00000000 -0.00000111 -0.00000571
-0.64552937 -0.75268586 -0.65242782 -0.00000000 -0.00001159 -0.00000585 -0.64552939 -0.75268584 -0.65242785 -0.00000000 -0.00001159 -0.00000585
-0.74196314 -0.85719290 -0.77747492 0.00000000 -0.00000331 -0.00000050 -0.74196315 -0.85719287 -0.77747494 0.00000000 -0.00000331 -0.00000050
-0.69204019 -0.79393242 -0.66861572 -0.00000000 -0.00000221 -0.00000147 -0.69204021 -0.79393244 -0.66861570 -0.00000000 -0.00000221 -0.00000147
-0.83758817 -0.96728603 -0.87046978 -0.00000000 -0.00000636 0.00000108 -0.83758819 -0.96728605 -0.87046981 -0.00000000 -0.00000636 0.00000108
-0.78690373 -0.87332774 -0.70206169 0.00000000 0.00000065 0.00000532 -0.78690374 -0.87332773 -0.70206171 0.00000000 0.00000065 0.00000532
-0.93265082 -1.07542177 -0.96223599 0.00000000 -0.00000218 -0.00000121 -0.93265080 -1.07542181 -0.96223599 0.00000000 -0.00000218 -0.00000121
-0.88077861 -0.95156910 -0.73362123 0.00000000 0.00000422 -0.00000594 -0.88077861 -0.95156908 -0.73362124 0.00000000 0.00000422 -0.00000594
-1.02829886 -1.18210532 -1.05365114 -0.00000000 -0.00000435 0.00000036 -1.02829885 -1.18210530 -1.05365109 -0.00000000 -0.00000435 0.00000036
-0.96373005 -1.02389535 -0.76354861 -0.00000000 0.00000416 0.00000085 -0.96373004 -1.02389538 -0.76354861 -0.00000000 0.00000416 0.00000085
-1.12345010 -1.28603954 -1.14371988 -0.00000000 0.00000055 0.00000765 -1.12345004 -1.28603959 -1.14371991 -0.00000000 0.00000055 0.00000765
-1.04627723 -1.09605022 -0.79176991 -0.00000000 0.00000116 0.00000758 -1.04627728 -1.09605026 -0.79176992 -0.00000000 0.00000116 0.00000758
-1.21821403 -1.38734506 -1.23258764 0.00000000 -0.00000532 -0.00000033 -1.21821404 -1.38734508 -1.23258770 0.00000000 -0.00000532 -0.00000033
-1.12990037 -1.17045240 -0.82665027 0.00000000 -0.00000091 -0.00000441 -1.12990034 -1.17045236 -0.82665026 0.00000000 -0.00000091 -0.00000441
-1.31322594 -1.48791483 -1.32165798 0.00000000 -0.00000231 0.00000104 -1.31322598 -1.48791480 -1.32165802 0.00000000 -0.00000231 0.00000104
-1.21472895 -1.24436661 -0.86173228 0.00000000 -0.00000158 0.00000204 -1.21472895 -1.24436665 -0.86173230 0.00000000 -0.00000158 0.00000204
