100.15244649 120.82504051 99.94174208 0.00000000 -0.00000000 4.28596151 100.15244293 120.82504272 99.94174194 0.00000000 -0.00000000 4.28596163
97.39744142 115.55436010 96.84284986 -0.00000000 -0.00000000 3.81011991 97.39743805 115.55435944 96.84284973 -0.00000000 -0.00000000 3.81011987
93.82343482 109.31747753 93.08397900 -0.00000000 -0.00000000 3.36888714 93.82343292 109.31747437 93.08397675 -0.00000000 -0.00000000 3.36888719
88.65315343 101.93694062 87.88868556 -0.00000000 0.00000000 2.94804660 88.65315247 101.93694305 87.88868713 -0.00000000 0.00000000 2.94804668
82.62016443 94.19081942 81.88740077 0.00000000 -0.00000000 2.58790976 82.62016296 94.19081879 81.88739777 0.00000000 -0.00000000 2.58790970
77.04161788 87.25273856 76.36283972 -0.00000000 0.00000000 2.22164162 77.04161835 87.25273895 76.36283875 -0.00000000 0.00000000 2.22164154
71.97004425 81.53568026 71.35433382 -0.00000000 -0.00000000 1.88991449 71.97004700 81.53568268 71.35433197 -0.00000000 -0.00000000 1.88991451
67.29028731 76.14022696 66.75818626 -0.00000000 0.00000000 1.58871426 67.29029083 76.14022827 66.75818634 -0.00000000 0.00000000 1.58871424
63.03876867 71.16553870 62.60486170 -0.00000000 -0.00000000 1.38599957 63.03876877 71.16553497 62.60486221 -0.00000000 -0.00000000 1.38599956
59.18224898 66.64559440 58.84662122 0.00000000 0.00000000 1.28236181 59.18224716 66.64559174 58.84662247 0.00000000 0.00000000 1.28236187
55.74095827 62.59168142 55.47783859 -0.00000000 0.00000000 1.21668594 55.74095917 62.59168243 55.47784042 -0.00000000 0.00000000 1.21668589
52.52583482 58.83539268 52.35729859 -0.00000000 -0.00000000 1.19739632 52.52583313 58.83539200 52.35729980 -0.00000000 -0.00000000 1.19739628
49.41568209 55.25189385 49.35837448 -0.00000000 0.00000000 1.19587715 49.41568375 55.25189209 49.35837555 -0.00000000 0.00000000 1.19587719
46.33687490 51.78554385 46.39850175 0.00000000 -0.00000000 1.19000808 46.33687592 51.78554535 46.39850235 0.00000000 -0.00000000 1.19000804
43.30947232 48.48255781 43.52036599 -0.00000000 -0.00000000 1.17894069 43.30947113 48.48255920 43.52036667 -0.00000000 -0.00000000 1.17894065
40.52807860 45.50150608 40.86923557 0.00000000 -0.00000000 1.14608475 40.52807999 45.50150681 40.86923599 0.00000000 -0.00000000 1.14608479
38.15708208 42.94115555 38.57405629 0.00000000 -0.00000000 1.10802670 38.15708160 42.94115448 38.57405472 0.00000000 -0.00000000 1.10802674
36.00929253 40.56526996 36.45860241 0.00000000 -0.00000000 1.06368293 36.00929260 40.56526947 36.45860291 0.00000000 -0.00000000 1.06368291
33.65540937 37.94313894 34.13811714 0.00000000 0.00000000 1.01250889 33.65541077 37.94313812 34.13811874 0.00000000 0.00000000 1.01250887
30.77990595 34.76478952 31.35004555 0.00000000 -0.00000000 0.95610919 30.77990532 34.76478958 31.35004616 0.00000000 -0.00000000 0.95610917
27.42011632 31.04428090 28.05999575 0.00000000 0.00000000 0.87802165 27.42011642 31.04428101 28.05999565 0.00000000 0.00000000 0.87802166
23.80643167 27.04764395 24.44409345 -0.00000000 -0.00000000 0.80026328 23.80643082 27.04764366 24.44409370 -0.00000000 -0.00000000 0.80026329
20.23019389 23.12035831 20.81697769 -0.00000000 -0.00000000 0.71734766 20.23019409 23.12035751 20.81697845 -0.00000000 -0.00000000 0.71734768
17.02029356 19.57068098 17.54895867 0.00000000 0.00000000 0.63613772 17.02029419 19.57068062 17.54895782 0.00000000 0.00000000 0.63613772
14.37645697 16.60485677 14.87823634 -0.00000000 0.00000000 0.56511333 14.37645721 16.60485649 14.87823677 -0.00000000 0.00000000 0.56511331
12.29539096 14.24588224 12.82116423 -0.00000000 -0.00000000 0.50422675 12.29539108 14.24588203 12.82116413 -0.00000000 -0.00000000 0.50422674
10.65951987 12.37970088 11.22545200 0.00000000 -0.00000000 0.45314016 10.65952015 12.37970066 11.22545242 0.00000000 -0.00000000 0.45314017
9.32026476 10.84764271 9.92923974 -0.00000000 -0.00000000 0.41149872 9.32026482 10.84764290 9.92923927 -0.00000000 -0.00000000 0.41149873
8.16443712 9.52189866 8.80214795 0.00000000 0.00000000 0.37139135 8.16443729 9.52189827 8.80214787 0.00000000 0.00000000 0.37139136
7.12223521 8.32037844 7.76040846 0.00000000 0.00000000 0.32843275 7.12223530 8.32037830 7.76040840 0.00000000 0.00000000 0.32843274
6.15103892 7.20181245 6.76456855 0.00000000 -0.00000000 0.28313710 6.15103912 7.20181227 6.76456833 0.00000000 -0.00000000 0.28313708
5.22926991 6.13853103 5.79585080 0.00000000 0.00000000 0.24089687 5.22926998 6.13853121 5.79585075 0.00000000 0.00000000 0.24089687
4.34781994 5.12153751 4.84361784 -0.00000000 0.00000000 0.19560668 4.34781981 5.12153769 4.84361792 -0.00000000 0.00000000 0.19560668
3.50751215 4.13554250 3.91821009 -0.00000000 0.00000000 0.15097121 3.50751209 4.13554239 3.91821003 -0.00000000 0.00000000 0.15097122
2.71624728 3.19905385 3.03712152 -0.00000000 0.00000000 0.10523469 2.71624732 3.19905376 3.03712153 -0.00000000 0.00000000 0.10523469
1.98588613 2.34091157 2.23205714 0.00000000 0.00000000 0.06203126 1.98588610 2.34091163 2.23205709 0.00000000 0.00000000 0.06203126
1.31667998 1.65381094 1.58650033 0.00000000 0.00000000 0.03388660 1.31667995 1.65381098 1.58650029 0.00000000 0.00000000 0.03388660
0.71705919 1.03810514 1.01729288 0.00000000 0.00000000 0.01477151 0.71705920 1.03810513 1.01729286 0.00000000 0.00000000 0.01477151
0.60492544 0.92271222 0.91179870 -0.00000000 -0.00000000 0.01165992 0.60492545 0.92271221 0.91179872 -0.00000000 -0.00000000 0.01165992
0.49569372 0.81079794 0.80880290 -0.00000000 0.00000000 0.00888363 0.49569371 0.81079793 0.80880290 -0.00000000 0.00000000 0.00888363
0.38873867 0.70117174 0.70818729 -0.00000000 0.00000000 0.00629167 0.38873866 0.70117176 0.70818728 -0.00000000 0.00000000 0.00629167
0.28503444 0.59370347 0.60989495 0.00000000 0.00000000 0.00400909 0.28503445 0.59370345 0.60989493 0.00000000 0.00000000 0.00400909
0.20278693 0.48834456 0.51404905 -0.00000000 0.00000000 0.00396708 0.20278692 0.48834455 0.51404905 -0.00000000 0.00000000 0.00396708
0.12217316 0.38537466 0.42082477 -0.00000000 -0.00000000 0.00383100 0.12217316 0.38537467 0.42082477 -0.00000000 -0.00000000 0.00383100
0.04304229 0.28435719 0.32987536 0.00000000 0.00000000 0.00373891 0.04304229 0.28435719 0.32987535 0.00000000 0.00000000 0.00373891
-0.03467731 0.18518303 0.24084263 0.00000000 0.00000000 0.00373152 -0.03467732 0.18518303 0.24084263 0.00000000 0.00000000 0.00373152
-0.11057825 0.08806422 0.15371499 0.00000000 -0.00000000 0.00375444 -0.11057825 0.08806422 0.15371498 0.00000000 -0.00000000 0.00375444
-0.18476253 -0.00720304 0.06881300 0.00000000 0.00000000 0.00357314 -0.18476252 -0.00720304 0.06881300 0.00000000 0.00000000 0.00357314
-0.25724208 -0.10064191 -0.01420385 -0.00000000 -0.00000000 0.00348494 -0.25724208 -0.10064191 -0.01420385 -0.00000000 -0.00000000 0.00348494
-0.32859704 -0.19251554 -0.09556493 -0.00000000 -0.00000000 0.00348397 -0.32859704 -0.19251554 -0.09556493 -0.00000000 -0.00000000 0.00348397
-0.39912479 -0.28297740 -0.17592692 -0.00000000 0.00000000 0.00335576 -0.39912480 -0.28297740 -0.17592692 -0.00000000 0.00000000 0.00335576
-0.46873024 -0.37198397 -0.25536883 -0.00000000 -0.00000000 0.00365413 -0.46873024 -0.37198398 -0.25536883 -0.00000000 -0.00000000 0.00365413
-0.53714776 -0.45943457 -0.33312299 0.00000000 0.00000000 0.00402538 -0.53714776 -0.45943457 -0.33312300 0.00000000 0.00000000 0.00402538
-0.60430984 -0.54530578 -0.40938208 0.00000000 -0.00000000 0.00452559 -0.60430986 -0.54530579 -0.40938208 0.00000000 -0.00000000 0.00452559
-0.67048057 -0.62972499 -0.48426582 0.00000000 0.00000000 0.00504267 -0.67048055 -0.62972498 -0.48426580 0.00000000 0.00000000 0.00504267
-0.73564432 -0.71271120 -0.55779073 -0.00000000 -0.00000000 0.00559567 -0.73564434 -0.71271122 -0.55779076 -0.00000000 -0.00000000 0.00559567
-0.79981627 -0.79428201 -0.62999428 0.00000000 0.00000000 0.00617116 -0.79981625 -0.79428202 -0.62999427 0.00000000 0.00000000 0.00617116
-0.86301664 -0.87445786 -0.70093697 -0.00000000 -0.00000000 0.00677731 -0.86301666 -0.87445784 -0.70093697 -0.00000000 -0.00000000 0.00677731
-0.92532654 -0.95326388 -0.77067273 0.00000000 -0.00000000 0.00746310 -0.92532653 -0.95326388 -0.77067274 0.00000000 -0.00000000 0.00746310
-0.98676039 -1.03069674 -0.83925063 0.00000000 0.00000000 0.00823171 -0.98676038 -1.03069675 -0.83925062 0.00000000 0.00000000 0.00823171
-1.02743370 -1.10310914 -0.90424844 0.00000000 0.00000000 0.00753170 -1.02743375 -1.10310912 -0.90424842 0.00000000 0.00000000 0.00753170
-1.06762775 -1.15349503 -0.95513909 -0.00000000 0.00000000 0.00623237 -1.06762779 -1.15349507 -0.95513910 -0.00000000 0.00000000 0.00623237
-1.10739809 -1.20325993 -1.00601655 0.00000000 -0.00000000 0.00493380 -1.10739803 -1.20325994 -1.00601649 0.00000000 -0.00000000 0.00493380
-1.14672546 -1.25239221 -1.05607632 0.00000000 0.00000000 0.00368559 -1.14672542 -1.25239217 -1.05607629 0.00000000 0.00000000 0.00368559
-1.18564339 -1.30085716 -1.10515128 -0.00000000 0.00000000 0.00251398 -1.18564343 -1.30085719 -1.10515130 -0.00000000 0.00000000 0.00251398
-1.22417044 -1.34863550 -1.15364642 0.00000000 -0.00000000 0.00141373 -1.22417045 -1.34863555 -1.15364647 0.00000000 -0.00000000 0.00141373
-1.26237401 -1.39579486 -1.20183238 0.00000000 -0.00000000 0.00053189 -1.26237404 -1.39579487 -1.20183241 0.00000000 -0.00000000 0.00053189
-1.30017432 -1.44227893 -1.24941324 -0.00000000 0.00000000 -0.00032825 -1.30017436 -1.44227898 -1.24941325 -0.00000000 0.00000000 -0.00032825
-1.48238574 -1.66573097 -1.47680810 0.00000000 0.00000000 -0.00369061 -1.48238575 -1.66573095 -1.47680807 0.00000000 0.00000000 -0.00369061
-1.65544865 -1.87812297 -1.69095765 0.00000000 0.00000000 -0.00752506 -1.65544868 -1.87812293 -1.69095767 0.00000000 0.00000000 -0.00752506
-1.80853605 -2.09080754 -1.86245470 0.00000000 0.00000000 -0.03365184 -1.80853605 -2.09080744 -1.86245465 0.00000000 0.00000000 -0.03365184
-1.95067740 -2.29981644 -2.00571077 0.00000000 -0.00000000 -0.07727520 -1.95067739 -2.29981637 -2.00571084 0.00000000 -0.00000000 -0.07727520
-2.05429592 -2.42977156 -2.12429557 0.00000000 -0.00000000 -0.09836941 -2.05429602 -2.42977166 -2.12429547 0.00000000 -0.00000000 -0.09836941
-2.12671063 -2.50496957 -2.20906973 -0.00000000 -0.00000000 -0.09233128 -2.12671065 -2.50496960 -2.20906973 -0.00000000 -0.00000000 -0.09233128
-2.20688918 -2.58365644 -2.30299132 -0.00000000 -0.00000000 -0.08580971 -2.20688915 -2.58365655 -2.30299139 -0.00000000 -0.00000000 -0.08580971
