0.16637156 0.56406973 0.27214973 -0.04242328 0.53916560 -0.08394300 0.16637155 0.56406975 0.27214974 -0.04242329 0.53916562 -0.08394300
-1.07205939 -1.07207273 -1.07205659 0.00000518 0.00000326 0.00000741 -1.07205939 -1.07207274 -1.07205653 0.00000518 0.00000326 0.00000741
-0.77639390 -0.77641008 -0.77641307 0.14556683 0.14556048 -0.14556069 -0.77639389 -0.77641010 -0.77641308 0.14556684 0.14556047 -0.14556068
-0.48195293 -0.60624241 -0.48195406 -0.23872337 0.23872869 -0.18748142 -0.48195294 -0.60624242 -0.48195407 -0.23872337 0.23872869 -0.18748142
-0.77640822 -0.77641748 -0.77641171 -0.14555908 0.14556280 0.14556737 -0.77640820 -0.77641749 -0.77641171 -0.14555907 0.14556280 0.14556737
-0.48196590 -0.48196210 -0.60624965 0.18746658 0.23872838 0.23872833 -0.48196590 -0.48196208 -0.60624963 0.18746658 0.23872837 0.23872833
-0.77640670 -0.77641478 -0.77641034 -0.14556512 -0.14556440 -0.14556995 -0.77640671 -0.77641481 -0.77641034 -0.14556512 -0.14556441 -0.14556995
-0.60624475 -0.48197900 -0.48196914 0.23872376 0.18747086 0.23873125 -0.60624474 -0.48197898 -0.48196915 0.23872375 0.18747085 0.23873125
0.40341136 0.13155885 0.29226000 0.02873522 0.06130276 0.13676412 0.40341136 0.13155885 0.29225999 0.02873522 0.06130277 0.13676412
-0.47076630 -0.36235366 -0.14500699 0.26984843 0.13941489 -0.21722598 -0.47076631 -0.36235365 -0.14500698 0.26984844 0.13941489 -0.21722598
-0.77640901 -0.77641342 -0.77640991 0.14555766 0.14555966 -0.14556431 -0.77640903 -0.77641344 -0.77640992 0.14555766 0.14555965 -0.14556432
-0.50879394 -0.33336058 -0.33335974 0.05091814 -0.26986054 -0.05092465 -0.50879395 -0.33336058 -0.33335975 0.05091814 -0.26986054 -0.05092464
-0.48195855 -0.48195450 -0.60623894 -0.18747008 0.23873321 -0.23872799 -0.48195854 -0.48195451 -0.60623896 -0.18747008 0.23873320 -0.23872799
-0.77641741 -0.77640773 -0.77641283 0.14556812 0.14556474 -0.14556313 -0.77641743 -0.77640772 -0.77641284 0.14556812 0.14556473 -0.14556313
-0.48196287 -0.48196067 -0.60624739 -0.18747370 0.23873425 -0.23872756 -0.48196286 -0.48196065 -0.60624737 -0.18747370 0.23873425 -0.23872755
-0.34252374 0.03961861 -0.08107049 -0.23120217 0.05727040 -0.16188904 -0.34252375 0.03961860 -0.08107049 -0.23120217 0.05727040 -0.16188905
-0.77641425 -0.77640551 -0.77641973 0.14556745 -0.14556557 0.14556330 -0.77641428 -0.77640551 -0.77641976 0.14556745 -0.14556557 0.14556330
-0.22009143 -0.40278530 -0.39407442 -0.22782337 0.10308307 0.14849321 -0.22009143 -0.40278530 -0.39407441 -0.22782338 0.10308307 0.14849322
0.18966470 0.43946417 0.13114976 0.05695666 0.19621337 -0.04327324 0.18966469 0.43946418 0.13114975 0.05695666 0.19621336 -0.04327324
-1.07205824 -1.07206925 -1.07207820 0.00000355 -0.00000003 -0.00000343 -1.07205820 -1.07206929 -1.07207823 0.00000355 -0.00000003 -0.00000343
-0.77641084 -0.77641797 -0.77641167 0.14556160 0.14555970 -0.14556149 -0.77641082 -0.77641797 -0.77641165 0.14556161 0.14555970 -0.14556149
-0.01470722 0.10129504 0.23946087 0.01438408 -0.11962295 -0.00195775 -0.01470722 0.10129504 0.23946087 0.01438408 -0.11962295 -0.00195775
-0.60624169 -0.48195486 -0.48195512 0.23873071 -0.18747133 -0.23873053 -0.60624170 -0.48195484 -0.48195511 0.23873071 -0.18747133 -0.23873052
-0.48196283 -0.60624415 -0.48197117 0.23873090 -0.23872691 -0.18747263 -0.48196283 -0.60624415 -0.48197117 0.23873089 -0.23872691 -0.18747263
-0.47076427 -0.36235911 -0.14499843 0.26985392 0.13942040 -0.21722936 -0.47076428 -0.36235911 -0.14499843 0.26985392 0.13942041 -0.21722935
-0.77640590 -0.77640746 -0.77639407 0.14556249 0.14556970 -0.14556131 -0.77640587 -0.77640748 -0.77639407 0.14556248 0.14556970 -0.14556131
-0.77640249 -0.77639725 -0.77640505 0.14555857 -0.14556266 0.14556451 -0.77640247 -0.77639723 -0.77640504 0.14555857 -0.14556266 0.14556451
-1.07205264 -1.07205249 -1.07205251 -0.00000637 0.00000649 -0.00000639 -1.07205260 -1.07205248 -1.07205248 -0.00000637 0.00000649 -0.00000639
0.54317902 -0.22382460 -0.19150763 0.00788851 -0.16558436 0.26782055 0.54317904 -0.22382461 -0.19150764 0.00788851 -0.16558436 0.26782057
-0.48196557 -0.60624572 -0.48195749 0.23872491 0.23873062 0.18747499 -0.48196557 -0.60624570 -0.48195750 0.23872490 0.23873062 0.18747498
0.08396038 0.24569515 0.13626134 0.06926637 -0.14882361 0.07645551 0.08396038 0.24569514 0.13626134 0.06926636 -0.14882362 0.07645551
0.34621446 0.06024750 -0.72970739 -0.24351332 -0.26882898 -0.23617450 0.34621447 0.06024750 -0.72970742 -0.24351332 -0.26882899 -0.23617451
0.05649771 0.04779171 -0.14305201 -0.14335260 -0.07934388 -0.02055493 0.05649771 0.04779171 -0.14305201 -0.14335260 -0.07934388 -0.02055493
0.01123108 0.00269420 0.27434752 -0.00077276 0.22629333 -0.26570540 0.01123108 0.00269420 0.27434751 -0.00077276 0.22629334 -0.26570541
-0.77641365 -0.77642015 -0.77640915 -0.14556185 0.14556550 0.14556908 -0.77641362 -0.77642018 -0.77640915 -0.14556184 0.14556549 0.14556909
-0.48195463 -0.48196068 -0.60623968 -0.18746907 -0.23872522 0.23873358 -0.48195463 -0.48196068 -0.60623968 -0.18746907 -0.23872522 0.23873357
-0.77641176 -0.77640861 -0.77640585 -0.14556347 -0.14556670 -0.14556734 -0.77641177 -0.77640861 -0.77640587 -0.14556347 -0.14556670 -0.14556734
-0.77641209 -0.77642324 -0.77641101 -0.14556849 -0.14556598 -0.14557033 -0.77641207 -0.77642322 -0.77641100 -0.14556849 -0.14556597 -0.14557032
-0.60624579 -0.48196890 -0.48196704 0.23872326 -0.18747025 -0.23873318 -0.60624576 -0.48196891 -0.48196703 0.23872326 -0.18747026 -0.23873317
-1.07205680 -1.07205502 -1.07206711 -0.00000327 0.00000333 0.00000624 -1.07205677 -1.07205498 -1.07206714 -0.00000327 0.00000333 0.00000624
-0.77641196 -0.77640780 -0.77640890 -0.14556483 0.14557131 0.14556429 -0.77641195 -0.77640778 -0.77640891 -0.14556482 0.14557131 0.14556429
0.18131841 0.03703649 -0.24465578 0.19061067 -0.08416163 -0.06980633 0.18131842 0.03703649 -0.24465579 0.19061068 -0.08416162 -0.06980633
-0.48196816 -0.48196042 -0.60624208 -0.18747131 -0.23873038 0.23872605 -0.48196816 -0.48196042 -0.60624206 -0.18747132 -0.23873037 0.23872605
0.24568457 0.13629417 0.08396773 -0.14882427 -0.07645763 -0.06926271 0.24568458 0.13629417 0.08396773 -0.14882427 -0.07645763 -0.06926271
-1.07205603 -1.07205779 -1.07207430 -0.00000002 0.00000647 0.00000336 -1.07205606 -1.07205784 -1.07207429 -0.00000002 0.00000647 0.00000336
-0.77641640 -0.77640971 -0.77641246 0.14556102 -0.14556152 0.14555981 -0.77641642 -0.77640969 -0.77641249 0.14556102 -0.14556152 0.14555980
0.01067650 0.16540130 -0.01135784 0.05715149 -0.00000241 0.00000199 0.01067650 0.16540129 -0.01135784 0.05715149 -0.00000241 0.00000199
0.72668539 0.65764751 0.20374800 0.44738307 0.13300589 0.06996294 0.72668540 0.65764749 0.20374800 0.44738308 0.13300589 0.06996294
-0.77641200 -0.77640789 -0.77641389 -0.14556428 -0.14556507 -0.14556248 -0.77641201 -0.77640790 -0.77641392 -0.14556429 -0.14556508 -0.14556247
-0.60623369 -0.48196850 -0.48197407 0.23872948 0.18746485 0.23872642 -0.60623372 -0.48196849 -0.48197407 0.23872948 0.18746485 0.23872642
