-0.23237989 -0.23237415 -0.76461122 -0.00001636 -0.00000000 -0.00000000 -0.23237988 -0.23237415 -0.76461124 -0.00001636 -0.00000000 -0.00000000
-0.12364234 -0.12363857 -0.82728219 -0.00001107 0.00000000 0.00000000 -0.12364234 -0.12363857 -0.82728219 -0.00001107 0.00000000 0.00000000
-0.23477971 -0.23480283 -0.78118786 -0.00000000 0.00000000 -0.00000000 -0.23477972 -0.23480283 -0.78118783 -0.00000000 0.00000000 -0.00000000
-0.14888337 -0.14889942 -0.82151857 0.00000000 0.00000000 0.00000000 -0.14888337 -0.14889942 -0.82151854 0.00000000 0.00000000 0.00000000
-0.24548599 -0.24548375 -0.80588100 -0.00001050 -0.00000000 -0.00000000 -0.24548599 -0.24548376 -0.80588102 -0.00001050 -0.00000000 -0.00000000
-0.17942719 -0.17942573 -0.82935813 -0.00000743 -0.00000000 -0.00000000 -0.17942719 -0.17942573 -0.82935810 -0.00000743 -0.00000000 -0.00000000
-0.26406558 -0.26408441 -0.83827709 0.00000189 -0.00000000 -0.00000000 -0.26406559 -0.26408440 -0.83827710 0.00000189 -0.00000000 -0.00000000
-0.21579597 -0.21580996 -0.84814590 0.00000139 -0.00000000 -0.00000000 -0.21579596 -0.21580996 -0.84814590 0.00000139 -0.00000000 -0.00000000
-0.29085535 -0.29085559 -0.87749949 -0.00000588 0.00000000 0.00000000 -0.29085535 -0.29085559 -0.87749952 -0.00000588 0.00000000 0.00000000
-0.25723996 -0.25724025 -0.87801253 -0.00000454 0.00000000 0.00000000 -0.25723997 -0.25724024 -0.87801254 -0.00000454 0.00000000 0.00000000
-0.31852034 -0.31853452 -0.91831093 0.00000247 0.00000000 0.00000000 -0.31852034 -0.31853452 -0.91831094 0.00000247 0.00000000 0.00000000
-0.29881528 -0.29882682 -0.91659597 0.00000200 -0.00000000 -0.00000000 -0.29881528 -0.29882681 -0.91659600 0.00000200 -0.00000000 -0.00000000
-0.35321976 -0.35322094 -0.96495496 -0.00000311 0.00000000 -0.00000000 -0.35321975 -0.35322094 -0.96495497 -0.00000311 0.00000000 -0.00000000
-0.34226959 -0.34227065 -0.96267269 -0.00000267 -0.00000000 0.00000000 -0.34226960 -0.34227064 -0.96267271 -0.00000267 -0.00000000 0.00000000
-0.37322654 -0.37322274 -0.99049503 -0.00000511 -0.00000000 -0.00000000 -0.37322655 -0.37322274 -0.99049503 -0.00000511 -0.00000000 -0.00000000
-0.36606904 -0.36606569 -0.98860947 -0.00000455 -0.00000000 -0.00000000 -0.36606905 -0.36606568 -0.98860949 -0.00000455 -0.00000000 -0.00000000
-0.39494126 -0.39495183 -1.01742545 0.00000250 0.00000000 0.00000000 -0.39494127 -0.39495182 -1.01742542 0.00000250 0.00000000 0.00000000
-0.39143055 -0.39144048 -1.01632644 0.00000234 0.00000000 0.00000000 -0.39143056 -0.39144048 -1.01632643 0.00000234 0.00000000 0.00000000
-0.41832255 -0.41831196 -1.04566700 0.00000038 -0.00000000 0.00000000 -0.41832256 -0.41831195 -1.04566705 0.00000038 -0.00000000 0.00000000
-0.41832255 -0.41831196 -1.04566700 0.00000038 -0.00000000 0.00000000 -0.41832256 -0.41831195 -1.04566705 0.00000038 -0.00000000 0.00000000
-0.44329197 -0.44329359 -1.07514948 -0.00000134 -0.00000000 0.00000000 -0.44329196 -0.44329360 -1.07514954 -0.00000134 -0.00000000 0.00000000
-0.44498781 -0.44498948 -1.07577308 -0.00000140 -0.00000000 0.00000000 -0.44498780 -0.44498947 -1.07577312 -0.00000140 -0.00000000 0.00000000
-0.46980182 -0.46980038 -1.10579044 -0.00000247 0.00000000 0.00000000 -0.46980181 -0.46980038 -1.10579050 -0.00000247 0.00000000 0.00000000
-0.47414508 -0.47414335 -1.10738692 -0.00000281 0.00000000 0.00000000 -0.47414508 -0.47414336 -1.10738695 -0.00000281 0.00000000 0.00000000
-0.49778156 -0.49778824 -1.13751133 -0.00000333 0.00000000 -0.00000000 -0.49778157 -0.49778822 -1.13751137 -0.00000333 0.00000000 -0.00000000
-0.50476020 -0.50476856 -1.13985645 -0.00000425 -0.00000000 0.00000000 -0.50476021 -0.50476855 -1.13985646 -0.00000425 -0.00000000 0.00000000
-0.55790338 -0.55790489 -1.20386695 -0.00000033 0.00000000 -0.00000000 -0.55790341 -0.55790490 -1.20386696 -0.00000033 0.00000000 -0.00000000
-0.56869999 -0.56870205 -1.20543717 -0.00000057 0.00000000 -0.00000000 -0.56870002 -0.56870204 -1.20543718 -0.00000057 0.00000000 -0.00000000
-0.62307829 -0.62308172 -1.27354783 -0.00000112 0.00000000 -0.00000000 -0.62307829 -0.62308174 -1.27354789 -0.00000112 0.00000000 -0.00000000
-0.63590304 -0.63591060 -1.26992653 -0.00000295 -0.00000000 0.00000000 -0.63590306 -0.63591057 -1.26992655 -0.00000295 -0.00000000 0.00000000
-0.69270596 -0.69270697 -1.34587340 -0.00000001 0.00000000 -0.00000000 -0.69270599 -0.69270700 -1.34587336 -0.00000001 0.00000000 -0.00000000
-0.70735907 -0.70736143 -1.33041283 -0.00000006 -0.00000000 0.00000000 -0.70735908 -0.70736140 -1.33041286 -0.00000006 -0.00000000 0.00000000
-0.76615715 -0.76615752 -1.42016579 0.00000021 0.00000000 -0.00000000 -0.76615715 -0.76615751 -1.42016578 0.00000021 0.00000000 -0.00000000
-0.78457476 -0.78458228 -1.38073203 -0.00000223 -0.00000000 0.00000000 -0.78457475 -0.78458226 -1.38073206 -0.00000223 -0.00000000 0.00000000
-0.84275112 -0.84275177 -1.49572659 -0.00000010 -0.00000000 -0.00000000 -0.84275115 -0.84275180 -1.49572659 -0.00000010 -0.00000000 -0.00000000
-0.86266338 -0.86266636 -1.42210164 0.00000033 -0.00000000 -0.00000000 -0.86266339 -0.86266637 -1.42210162 0.00000033 -0.00000000 -0.00000000
-0.92179576 -0.92179363 -1.57189359 0.00000083 -0.00000000 0.00000000 -0.92179579 -0.92179364 -1.57189357 0.00000083 -0.00000000 0.00000000
-0.94458502 -0.94459287 -1.44691394 -0.00000179 0.00000000 -0.00000000 -0.94458503 -0.94459289 -1.44691396 -0.00000179 0.00000000 -0.00000000
