1.05329365 1.05329365 1.05329365 -0.00000000 -0.00000000 -0.00000000 1.05329370 1.05329370 1.05329370 -0.00000000 -0.00000000 -0.00000000
1.04377701 1.04377701 1.04377701 -0.00000000 -0.00000000 -0.00000000 1.04377699 1.04377699 1.04377699 -0.00000000 -0.00000000 -0.00000000
0.84493039 0.84493039 0.84493039 -0.00000000 -0.00000000 -0.00000000 0.84493041 0.84493041 0.84493041 -0.00000000 -0.00000000 -0.00000000
0.83626533 0.83626533 0.83626533 -0.00000000 -0.00000000 -0.00000000 0.83626533 0.83626533 0.83626533 -0.00000000 -0.00000000 -0.00000000
0.64444576 0.64444576 0.64444576 0.00000000 0.00000000 0.00000000 0.64444578 0.64444578 0.64444578 0.00000000 0.00000000 0.00000000
0.63703382 0.63703382 0.63703382 0.00000000 0.00000000 0.00000000 0.63703382 0.63703382 0.63703382 0.00000000 0.00000000 0.00000000
0.45198445 0.45198445 0.45198445 -0.00000000 -0.00000000 -0.00000000 0.45198444 0.45198444 0.45198444 -0.00000000 -0.00000000 -0.00000000
0.44719317 0.44719317 0.44719317 -0.00000000 -0.00000000 -0.00000000 0.44719318 0.44719318 0.44719318 -0.00000000 -0.00000000 -0.00000000
0.26860914 0.26860914 0.26860914 -0.00000000 -0.00000000 -0.00000000 0.26860914 0.26860914 0.26860914 -0.00000000 -0.00000000 -0.00000000
0.26440663 0.26440663 0.26440663 -0.00000000 -0.00000000 -0.00000000 0.26440662 0.26440662 0.26440662 -0.00000000 -0.00000000 -0.00000000
0.09645963 0.09645963 0.09645963 -0.00000000 -0.00000000 -0.00000000 0.09645963 0.09645963 0.09645963 -0.00000000 -0.00000000 -0.00000000
0.08955480 0.08955480 0.08955480 -0.00000000 -0.00000000 -0.00000000 0.08955480 0.08955480 0.08955480 -0.00000000 -0.00000000 -0.00000000
0.02704625 0.02704625 0.02704625 -0.00000000 -0.00000000 -0.00000000 0.02704625 0.02704625 0.02704625 -0.00000000 -0.00000000 -0.00000000
0.01866943 0.01866943 0.01866943 -0.00000000 -0.00000000 -0.00000000 0.01866943 0.01866943 0.01866943 -0.00000000 -0.00000000 -0.00000000
-0.00746960 -0.00746960 -0.00746960 0.00000000 0.00000000 0.00000000 -0.00746960 -0.00746960 -0.00746960 0.00000000 0.00000000 0.00000000
-0.01314508 -0.01314508 -0.01314508 -0.00000000 -0.00000000 -0.00000000 -0.01314508 -0.01314508 -0.01314508 -0.00000000 -0.00000000 -0.00000000
-0.04173083 -0.04173083 -0.04173083 -0.00000000 -0.00000000 -0.00000000 -0.04173083 -0.04173083 -0.04173083 -0.00000000 -0.00000000 -0.00000000
-0.04461710 -0.04461710 -0.04461710 -0.00000000 -0.00000000 -0.00000000 -0.04461710 -0.04461710 -0.04461710 -0.00000000 -0.00000000 -0.00000000
-0.07574286 -0.07574286 -0.07574286 -0.00000000 -0.00000000 -0.00000000 -0.07574286 -0.07574286 -0.07574286 -0.00000000 -0.00000000 -0.00000000
-0.07574286 -0.07574286 -0.07574286 -0.00000000 -0.00000000 -0.00000000 -0.07574286 -0.07574286 -0.07574286 -0.00000000 -0.00000000 -0.00000000
-0.10919380 -0.10919380 -0.10919380 -0.00000000 -0.00000000 -0.00000000 -0.10919380 -0.10919380 -0.10919380 -0.00000000 -0.00000000 -0.00000000
-0.10664517 -0.10664517 -0.10664517 -0.00000000 -0.00000000 -0.00000000 -0.10664517 -0.10664517 -0.10664517 -0.00000000 -0.00000000 -0.00000000
-0.14184258 -0.14184258 -0.14184258 -0.00000000 -0.00000000 -0.00000000 -0.14184259 -0.14184259 -0.14184259 -0.00000000 -0.00000000 -0.00000000
-0.13648558 -0.13648558 -0.13648558 -0.00000000 -0.00000000 -0.00000000 -0.13648558 -0.13648558 -0.13648558 -0.00000000 -0.00000000 -0.00000000
-0.17430910 -0.17430910 -0.17430910 -0.00000000 -0.00000000 -0.00000000 -0.17430910 -0.17430910 -0.17430910 -0.00000000 -0.00000000 -0.00000000
-0.16610160 -0.16610160 -0.16610160 -0.00000000 -0.00000000 -0.00000000 -0.16610160 -0.16610160 -0.16610160 -0.00000000 -0.00000000 -0.00000000
-0.23872961 -0.23872961 -0.23872961 -0.00000000 -0.00000000 -0.00000000 -0.23872961 -0.23872961 -0.23872961 -0.00000000 -0.00000000 -0.00000000
-0.22484245 -0.22484245 -0.22484245 0.00000000 0.00000000 0.00000000 -0.22484246 -0.22484246 -0.22484246 0.00000000 0.00000000 0.00000000
-0.30314330 -0.30314330 -0.30314330 -0.00000000 -0.00000000 -0.00000000 -0.30314329 -0.30314329 -0.30314329 -0.00000000 -0.00000000 -0.00000000
-0.28343529 -0.28343529 -0.28343529 -0.00000000 -0.00000000 -0.00000000 -0.28343529 -0.28343529 -0.28343529 -0.00000000 -0.00000000 -0.00000000
-0.36927460 -0.36927460 -0.36927460 0.00000000 0.00000000 0.00000000 -0.36927462 -0.36927462 -0.36927462 0.00000000 0.00000000 0.00000000
-0.34426303 -0.34426303 -0.34426303 -0.00000000 -0.00000000 -0.00000000 -0.34426302 -0.34426302 -0.34426302 -0.00000000 -0.00000000 -0.00000000
-0.43440946 -0.43440946 -0.43440946 0.00000000 0.00000000 0.00000000 -0.43440947 -0.43440947 -0.43440947 0.00000000 0.00000000 0.00000000
-0.40391542 -0.40391542 -0.40391542 -0.00000000 -0.00000000 -0.00000000 -0.40391541 -0.40391541 -0.40391541 -0.00000000 -0.00000000 -0.00000000
-0.49995438 -0.49995438 -0.49995438 -0.00000000 -0.00000000 -0.00000000 -0.49995437 -0.49995437 -0.49995437 -0.00000000 -0.00000000 -0.00000000
-0.46329038 -0.46329038 -0.46329038 -0.00000000 -0.00000000 -0.00000000 -0.46329039 -0.46329039 -0.46329039 -0.00000000 -0.00000000 -0.00000000
-0.56510310 -0.56510310 -0.56510310 -0.00000000 -0.00000000 -0.00000000 -0.56510311 -0.56510311 -0.56510311 -0.00000000 -0.00000000 -0.00000000
-0.52241367 -0.52241367 -0.52241367 -0.00000000 -0.00000000 -0.00000000 -0.52241367 -0.52241367 -0.52241367 -0.00000000 -0.00000000 -0.00000000
-0.07574286 -0.07574286 -0.07574286 -0.00000000 -0.00000000 -0.00000000 -0.07574286 -0.07574286 -0.07574286 -0.00000000 -0.00000000 -0.00000000
0.10299684 0.02966140 0.04402120 -0.05064275 -0.04387596 0.04038674 0.10299684 0.02966140 0.04402120 -0.05064275 -0.04387596 0.04038674
0.10752789 0.09634748 0.03682401 -0.02674098 -0.00130612 0.08237240 0.10752790 0.09634748 0.03682401 -0.02674098 -0.00130612 0.08237240
0.01869807 0.06288562 0.02055127 -0.02518458 0.04464666 0.07143540 0.01869807 0.06288563 0.02055127 -0.02518458 0.04464666 0.07143541
-0.11169194 0.00859296 0.03724537 0.02574437 0.05883336 0.03524611 -0.11169194 0.00859296 0.03724537 0.02574437 0.05883336 0.03524612
-0.15295037 -0.02694422 0.03285113 0.06562275 0.03875609 0.00354477 -0.15295036 -0.02694422 0.03285113 0.06562275 0.03875609 0.00354477
-0.07510077 -0.06850076 0.03910805 0.07205819 -0.03474493 0.01688904 -0.07510076 -0.06850076 0.03910805 0.07205819 -0.03474493 0.01688904
