0.23675359 1.23730550 -0.99111334 -1.62744296 -0.00000017 0.00000042 0.23675360 1.23730552 -0.99111336 -1.62744296 -0.00000017 0.00000042
-1.18896997 0.03697006 -1.88532308 -0.33733733 -0.01637486 -0.00776128 -1.18896997 0.03697006 -1.88532305 -0.33733732 -0.01637486 -0.00776128
-1.30854955 -0.28076371 -1.24760308 0.03052758 -0.02391638 -0.01573918 -1.30854952 -0.28076372 -1.24760306 0.03052758 -0.02391638 -0.01573918
-0.65991837 -0.12763522 -1.14910352 0.03365629 -0.05366044 -0.05145179 -0.65991837 -0.12763523 -1.14910352 0.03365629 -0.05366043 -0.05145179
-0.17782618 0.12219584 -0.97245662 -0.02901250 -0.05602686 0.01763742 -0.17782618 0.12219585 -0.97245663 -0.02901250 -0.05602686 0.01763742
-0.26500793 0.11323305 -0.77733178 -0.10366272 -0.05895908 -0.00787214 -0.26500794 0.11323305 -0.77733177 -0.10366271 -0.05895908 -0.00787214
-0.30326089 0.13764156 -0.66148443 -0.02054450 0.02139498 -0.03908387 -0.30326089 0.13764156 -0.66148442 -0.02054450 0.02139498 -0.03908387
-0.20315651 0.28550805 -0.66080734 0.07230014 0.05140303 -0.11105860 -0.20315652 0.28550804 -0.66080737 0.07230014 0.05140303 -0.11105859
-0.26407734 0.09031739 -0.44203894 -0.03712009 0.00053672 -0.01442642 -0.26407734 0.09031738 -0.44203895 -0.03712009 0.00053672 -0.01442642
-0.44942885 0.01869943 -0.33773125 0.02813151 -0.03773757 0.01791222 -0.44942886 0.01869943 -0.33773124 0.02813151 -0.03773757 0.01791222
-0.21893181 0.09118382 -0.38015535 -0.00361551 0.01037892 0.02827175 -0.21893181 0.09118382 -0.38015535 -0.00361551 0.01037892 0.02827175
-0.23544248 0.04814804 -0.43131918 0.04294118 -0.03468564 -0.01242062 -0.23544247 0.04814804 -0.43131918 0.04294118 -0.03468563 -0.01242062
-0.69336907 -0.35953448 -0.59445124 -0.01505072 -0.03101569 -0.02966973 -0.69336909 -0.35953447 -0.59445125 -0.01505072 -0.03101569 -0.02966973
-0.64859114 -0.27935697 -0.63533061 0.00673424 -0.04452338 -0.04248323 -0.64859116 -0.27935696 -0.63533062 0.00673424 -0.04452338 -0.04248323
-0.59379096 -0.26607815 -0.71782419 0.04110347 -0.03047037 -0.07826226 -0.59379095 -0.26607814 -0.71782416 0.04110347 -0.03047037 -0.07826226
-0.62016691 -0.39008550 -0.68177730 0.01359510 0.01392214 -0.08685952 -0.62016690 -0.39008549 -0.68177730 0.01359510 0.01392214 -0.08685952
-0.64798730 -0.48839099 -0.65162187 -0.02126161 0.02116894 -0.07599139 -0.64798731 -0.48839098 -0.65162188 -0.02126161 0.02116894 -0.07599138
-0.54653582 -0.40194449 -0.65119850 -0.02683157 -0.00568748 -0.03279802 -0.54653579 -0.40194449 -0.65119851 -0.02683157 -0.00568748 -0.03279802
-0.53345497 -0.44130607 -0.60777087 -0.06265656 0.03364965 -0.01587450 -0.53345495 -0.44130608 -0.60777086 -0.06265656 0.03364965 -0.01587450
-0.53686671 -0.53397349 -0.55575443 -0.06715915 0.01225095 -0.01685614 -0.53686672 -0.53397352 -0.55575442 -0.06715915 0.01225095 -0.01685614
