-0.35454898 -0.36538132 -0.34156172 0.01359956 -0.03374679 0.03602984 -0.35454899 -0.36538133 -0.34156173 0.01359956 -0.03374679 0.03602984
-0.25188917 -0.34767484 -0.32340329 0.01357455 -0.01009645 0.01325288 -0.25188917 -0.34767485 -0.32340330 0.01357455 -0.01009645 0.01325287
-0.32644522 -0.33788338 -0.32817904 -0.04875088 -0.00695764 0.02364401 -0.32644522 -0.33788338 -0.32817903 -0.04875088 -0.00695764 0.02364401
-0.29641921 -0.32762731 -0.38992502 -0.04178447 -0.00027194 -0.02506547 -0.29641920 -0.32762730 -0.38992503 -0.04178447 -0.00027194 -0.02506547
1.02922782 1.19724516 0.78524641 -0.12012132 -0.22438707 0.17099674 1.02922785 1.19724512 0.78524643 -0.12012132 -0.22438706 0.17099674
0.11497473 0.10612828 0.06660586 0.02962770 -0.04151039 0.09231026 0.11497473 0.10612828 0.06660586 0.02962770 -0.04151039 0.09231026
-0.22948506 -0.24262000 -0.33023489 0.00684745 0.01873737 0.09760216 -0.22948505 -0.24262001 -0.33023489 0.00684745 0.01873737 0.09760216
-0.37067420 -0.33970606 -0.42512640 0.02076228 0.07143975 0.09349181 -0.37067419 -0.33970606 -0.42512640 0.02076228 0.07143974 0.09349181
-0.34228347 -0.37865319 -0.34877945 0.03232848 0.10680749 0.13232706 -0.34228349 -0.37865320 -0.34877944 0.03232848 0.10680749 0.13232706
-0.36086046 -0.43082501 -0.48035115 0.00068330 0.03544794 0.06910963 -0.36086047 -0.43082500 -0.48035115 0.00068330 0.03544794 0.06910963
-0.36713710 -0.41698866 -0.50862109 0.00867241 0.02608952 0.04671563 -0.36713710 -0.41698867 -0.50862110 0.00867241 0.02608952 0.04671563
-0.36985531 -0.40098696 -0.50715223 0.01617610 0.01407529 0.03992548 -0.36985531 -0.40098697 -0.50715226 0.01617610 0.01407529 0.03992548
-0.36508535 -0.38766240 -0.49840163 0.02096865 0.00181647 0.04232618 -0.36508536 -0.38766241 -0.49840161 0.02096865 0.00181647 0.04232618
-0.35571132 -0.37281381 -0.49509651 0.02832953 -0.00593759 0.03373270 -0.35571131 -0.37281382 -0.49509650 0.02832953 -0.00593759 0.03373270
-0.18723836 -0.28701148 -0.31375498 0.03929009 0.03604516 0.04498345 -0.18723835 -0.28701147 -0.31375498 0.03929009 0.03604516 0.04498345
-0.11868481 -0.27180347 -0.23283061 0.01135501 0.02174232 0.05366101 -0.11868481 -0.27180347 -0.23283061 0.01135501 0.02174233 0.05366101
4.92933822 5.30339966 5.54025650 0.15839730 -0.06758008 0.01432615 4.92933846 5.30339956 5.54025650 0.15839730 -0.06758008 0.01432615
1.32574014 1.45719634 1.37722255 0.06550728 0.00267110 -0.05154466 1.32574010 1.45719635 1.37722254 0.06550729 0.00267110 -0.05154466
0.10318107 0.02420594 0.09116440 0.00526283 0.00333114 -0.05206054 0.10318107 0.02420594 0.09116440 0.00526283 0.00333114 -0.05206053
-0.27739771 -0.36688442 -0.29092340 0.01672548 0.02093751 -0.04058216 -0.27739769 -0.36688441 -0.29092339 0.01672548 0.02093751 -0.04058216
-0.27554029 -0.35584157 -0.31222681 0.01989132 0.02051655 -0.03910175 -0.27554029 -0.35584158 -0.31222680 0.01989132 0.02051655 -0.03910175
-0.22140124 -0.28513021 -0.25947358 0.04027861 0.00277680 -0.04253526 -0.22140123 -0.28513020 -0.25947359 0.04027861 0.00277680 -0.04253526
-0.19957284 -0.24706258 -0.19405434 0.05266989 0.00409545 -0.04409589 -0.19957285 -0.24706258 -0.19405434 0.05266989 0.00409545 -0.04409589
-0.15005016 -0.20047313 0.08015703 0.08573013 0.07871037 0.04777098 -0.15005016 -0.20047313 0.08015703 0.08573014 0.07871038 0.04777098
-0.05195044 -0.15313894 0.07398511 0.14570460 0.12774195 0.14624956 -0.05195044 -0.15313894 0.07398511 0.14570460 0.12774195 0.14624956
-0.11968613 -0.19276552 -0.13036319 0.08590704 0.02121409 0.00326722 -0.11968613 -0.19276552 -0.13036318 0.08590704 0.02121409 0.00326722
-0.03749697 -0.04273366 -0.05380229 0.00847072 -0.02024998 -0.08948087 -0.03749697 -0.04273366 -0.05380230 0.00847072 -0.02024998 -0.08948087
-0.37012962 -0.34394320 -0.28715550 0.00247729 -0.07051415 -0.04985712 -0.37012962 -0.34394321 -0.28715551 0.00247729 -0.07051415 -0.04985712
8.17921631 7.79499333 7.01702116 0.21855626 -0.34878353 0.23854183 8.17921638 7.79499340 7.01702118 0.21855627 -0.34878352 0.23854183
3.34117840 3.32735711 3.08118317 0.01528444 0.01010446 -0.15667864 3.34117842 3.32735705 3.08118320 0.01528444 0.01010446 -0.15667863
2.08691449 1.84896273 1.83876605 0.08520229 0.02395890 -0.23955616 2.08691454 1.84896278 1.83876610 0.08520229 0.02395890 -0.23955616
1.48899588 1.25145773 1.28377851 0.11962630 0.04414404 -0.26021843 1.48899591 1.25145769 1.28377855 0.11962631 0.04414405 -0.26021844
1.16713047 1.02355006 0.97041102 0.09051098 0.04023470 -0.24121247 1.16713047 1.02355003 0.97041100 0.09051098 0.04023470 -0.24121247
0.95846655 0.80669577 0.73345376 0.04780307 0.02262955 -0.22084314 0.95846653 0.80669576 0.73345375 0.04780307 0.02262956 -0.22084314
1.04566154 0.64889299 0.58632994 0.06229405 -0.00452088 -0.22783509 1.04566157 0.64889300 0.58632994 0.06229405 -0.00452088 -0.22783509
1.28714125 0.54245210 0.56119364 0.16554460 -0.04666630 -0.24870460 1.28714120 0.54245210 0.56119365 0.16554460 -0.04666630 -0.24870460
1.11819455 0.45831908 0.66051557 0.02444002 -0.04536742 -0.31206792 1.11819458 0.45831907 0.66051555 0.02444002 -0.04536742 -0.31206793
1.56390746 0.47127394 0.97130105 -0.18921627 0.05529392 -0.54960533 1.56390750 0.47127396 0.97130102 -0.18921627 0.05529392 -0.54960531
0.76347311 0.77008132 0.69629493 0.07524410 0.10141719 0.03331272 0.76347309 0.77008134 0.69629490 0.07524411 0.10141719 0.03331272
0.37174447 0.17465056 0.22951655 0.01552700 -0.12339187 0.08793766 0.37174445 0.17465056 0.22951655 0.01552700 -0.12339187 0.08793766
-0.16993396 -0.05769985 -0.17458336 -0.02998273 -0.04718102 -0.00335488 -0.16993396 -0.05769985 -0.17458336 -0.02998273 -0.04718102 -0.00335488
