-0.50985119 -0.41926988 -0.30651729 -0.00000000 0.00000000 0.00470059 -0.50985116 -0.41926989 -0.30651727 -0.00000000 0.00000000 0.00470059
-0.52609326 -0.43522834 -0.30667893 0.01090857 -0.01437914 -0.00955524 -0.52609324 -0.43522835 -0.30667892 0.01090857 -0.01437914 -0.00955524
-0.51796501 -0.41821133 -0.30509139 0.00555419 -0.00892942 0.00940288 -0.51796502 -0.41821134 -0.30509138 0.00555419 -0.00892942 0.00940287
-0.52156607 -0.44290638 -0.31707916 -0.01017558 0.00637138 0.00444321 -0.52156609 -0.44290638 -0.31707916 -0.01017558 0.00637138 0.00444321
0.23562682 0.53655039 0.54782384 -0.00000000 0.00000000 0.00497663 0.23562682 0.53655040 0.54782385 -0.00000000 0.00000000 0.00497663
0.04465593 0.23231791 0.40508398 -0.01092144 0.00155385 0.03605165 0.04465593 0.23231791 0.40508398 -0.01092144 0.00155385 0.03605165
0.13285972 0.26167249 0.46913564 -0.01386582 0.01134632 -0.01046757 0.13285972 0.26167250 0.46913564 -0.01386582 0.01134632 -0.01046757
0.27235660 0.38666706 0.52373433 0.00054070 0.00867885 -0.04485879 0.27235660 0.38666707 0.52373433 0.00054070 0.00867885 -0.04485879
1.36335583 1.71541344 1.63204622 0.00000000 0.00000000 0.03605112 1.36335588 1.71541345 1.63204622 0.00000000 0.00000000 0.03605112
0.71696617 1.17189857 1.44812005 0.00537665 -0.00837321 0.04102734 0.71696615 1.17189860 1.44812000 0.00537665 -0.00837321 0.04102734
1.03965443 1.13866539 1.38909776 0.00662685 0.00152270 -0.04396871 1.03965437 1.13866544 1.38909781 0.00662685 0.00152270 -0.04396870
1.22819233 1.42569205 1.43173837 -0.00312685 -0.00074449 0.01533054 1.22819233 1.42569208 1.43173838 -0.00312685 -0.00074449 0.01533054
-0.50985119 -0.41926988 -0.30651729 -0.00000000 0.00000000 0.00470059 -0.50985116 -0.41926989 -0.30651727 -0.00000000 0.00000000 0.00470059
-0.50290463 -0.42703266 -0.26504358 -0.01972373 0.01102808 0.01448380 -0.50290465 -0.42703265 -0.26504359 -0.01972373 0.01102808 0.01448380
-0.49172092 -0.42099783 -0.27960490 -0.03923972 0.00550798 -0.00318230 -0.49172091 -0.42099783 -0.27960491 -0.03923972 0.00550798 -0.00318230
-0.46584776 -0.38938489 -0.29755743 -0.04397156 -0.02244977 -0.00339351 -0.46584776 -0.38938490 -0.29755744 -0.04397156 -0.02244977 -0.00339351
-1.08929879 -1.18101377 -0.99134831 -0.00000000 0.00000000 0.00625182 -1.08929884 -1.18101382 -0.99134833 -0.00000000 0.00000000 0.00625182
-0.98226487 -0.98364343 -0.87637682 -0.00551073 0.00954029 -0.00896708 -0.98226488 -0.98364341 -0.87637681 -0.00551073 0.00954029 -0.00896708
-0.92222229 -0.97024733 -0.91376631 -0.00575605 0.00167330 -0.00729085 -0.92222226 -0.97024733 -0.91376632 -0.00575605 0.00167330 -0.00729085
-1.01835479 -1.04080755 -0.89073003 0.00730521 -0.00399597 0.04086245 -1.01835477 -1.04080760 -0.89073002 0.00730521 -0.00399597 0.04086245
-1.46588467 -1.64498152 -1.46386109 -0.00000000 -0.00000000 -0.00245992 -1.46588469 -1.64498150 -1.46386111 -0.00000000 -0.00000000 -0.00245992
-1.33172103 -1.37318741 -1.33327167 0.00589084 -0.00288444 -0.02345959 -1.33172107 -1.37318742 -1.33327162 0.00589084 -0.00288444 -0.02345959
-1.27161922 -1.39618302 -1.43538003 0.00558425 0.01657612 -0.03825009 -1.27161920 -1.39618301 -1.43537998 0.00558425 0.01657612 -0.03825009
-1.40475389 -1.51220574 -1.34959955 -0.01630883 0.00703340 0.00202211 -1.40475392 -1.51220572 -1.34959960 -0.01630883 0.00703340 0.00202211
-0.50985119 -0.41926988 -0.30651729 -0.00000000 0.00000000 0.00470059 -0.50985116 -0.41926989 -0.30651727 -0.00000000 0.00000000 0.00470059
-0.51491567 -0.44628967 -0.26610660 0.00998748 -0.00400831 0.02682206 -0.51491565 -0.44628966 -0.26610661 0.00998748 -0.00400831 0.02682206
-0.38664853 -0.36605108 -0.26408575 0.00763993 -0.01003306 -0.02906122 -0.38664854 -0.36605108 -0.26408574 0.00763993 -0.01003306 -0.02906122
-0.43991275 -0.31561535 -0.23059457 0.01461622 0.01365570 0.00312220 -0.43991277 -0.31561536 -0.23059458 0.01461622 0.01365571 0.00312220
-1.08929879 -1.18101377 -0.99134831 -0.00000000 0.00000000 0.00625182 -1.08929884 -1.18101382 -0.99134833 -0.00000000 0.00000000 0.00625182
-0.95347567 -0.90705458 -0.81751505 0.00174616 0.02708017 -0.00127428 -0.95347565 -0.90705460 -0.81751508 0.00174616 0.02708017 -0.00127428
-0.89576767 -0.93653593 -0.87326358 -0.01393164 -0.00150424 -0.02280930 -0.89576769 -0.93653595 -0.87326360 -0.01393164 -0.00150424 -0.02280930
-1.03304973 -0.98843427 -0.82454504 0.01009853 -0.03636031 0.02097375 -1.03304970 -0.98843426 -0.82454503 0.01009853 -0.03636030 0.02097375
-1.46588467 -1.64498152 -1.46386109 -0.00000000 -0.00000000 -0.00245992 -1.46588469 -1.64498150 -1.46386111 -0.00000000 -0.00000000 -0.00245992
-1.30449909 -1.33638557 -1.22204743 -0.00286503 -0.00344810 -0.02727277 -1.30449915 -1.33638561 -1.22204745 -0.00286503 -0.00344810 -0.02727277
-1.25798506 -1.38030817 -1.29908049 0.00984802 0.00824985 -0.05022816 -1.25798512 -1.38030815 -1.29908049 0.00984802 0.00824985 -0.05022816
-1.37615145 -1.45798831 -1.24102920 0.00895159 -0.02560101 0.02326945 -1.37615144 -1.45798826 -1.24102914 0.00895159 -0.02560101 0.02326945
-1.08929879 -1.18101377 -0.99134831 -0.00000000 0.00000000 0.00625182 -1.08929884 -1.18101382 -0.99134833 -0.00000000 0.00000000 0.00625182
-0.89895883 -0.83553079 -0.74186432 0.00540235 0.01532966 0.01504187 -0.89895880 -0.83553082 -0.74186432 0.00540235 0.01532966 0.01504187
-0.86777405 -0.86943033 -0.82835601 -0.00629585 -0.01100571 -0.01878376 -0.86777407 -0.86943030 -0.82835603 -0.00629585 -0.01100571 -0.01878376
-0.88111439 -0.86784773 -0.69726194 0.00668772 0.01022422 -0.03306789 -0.88111442 -0.86784774 -0.69726193 0.00668772 0.01022422 -0.03306789
-1.46588467 -1.64498152 -1.46386109 -0.00000000 -0.00000000 -0.00245992 -1.46588469 -1.64498150 -1.46386111 -0.00000000 -0.00000000 -0.00245992
-1.22939379 -1.28120351 -1.17573374 -0.00886144 -0.01203878 -0.06588531 -1.22939384 -1.28120351 -1.17573369 -0.00886144 -0.01203878 -0.06588531
-1.21573417 -1.18986822 -1.27777322 0.00205747 0.00746450 -0.03376815 -1.21573412 -1.18986821 -1.27777326 0.00205747 0.00746450 -0.03376815
-1.26400241 -1.31697237 -1.22264374 -0.01448368 -0.00680721 0.02668929 -1.26400244 -1.31697237 -1.22264373 -0.01448368 -0.00680721 0.02668929
