5.12978906 4.50096916 3.93966017 0.33242680 -0.20818685 0.26197134 5.12978888 4.50096893 3.93966007 0.33242679 -0.20818685 0.26197135
4.00140226 3.69456244 3.00213212 0.26452394 -0.25905421 0.13127235 4.00140238 3.69456244 3.00213218 0.26452395 -0.25905421 0.13127235
2.37862625 2.43331007 1.80554681 0.21435106 -0.27564782 0.01867501 2.37862635 2.43331003 1.80554676 0.21435106 -0.27564782 0.01867501
1.99258077 1.78601894 1.47731910 0.16877715 -0.26688700 -0.01736776 1.99258077 1.78601897 1.47731912 0.16877715 -0.26688701 -0.01736776
1.62309466 1.24637046 1.09076425 0.13695208 -0.22805667 0.01624241 1.62309468 1.24637043 1.09076428 0.13695209 -0.22805667 0.01624241
1.32249017 0.89927943 0.85884629 0.13805485 -0.19104465 0.06712165 1.32249022 0.89927942 0.85884631 0.13805485 -0.19104464 0.06712165
1.10795032 0.69706416 0.73067498 0.14039319 -0.17425990 0.07710925 1.10795033 0.69706416 0.73067498 0.14039320 -0.17425990 0.07710925
0.93777458 0.59096560 0.66759262 0.15465120 -0.16457767 0.08347978 0.93777460 0.59096563 0.66759264 0.15465119 -0.16457768 0.08347978
0.78307470 0.51518182 0.59855531 0.17666642 -0.15805418 0.08175584 0.78307468 0.51518184 0.59855533 0.17666642 -0.15805417 0.08175584
0.64556489 0.47627994 0.54170481 0.19790938 -0.17415778 0.06447070 0.64556491 0.47627994 0.54170483 0.19790938 -0.17415778 0.06447070
0.87444169 0.28645311 0.26239764 -0.04002023 0.18339111 -0.31091217 0.87444168 0.28645310 0.26239765 -0.04002023 0.18339111 -0.31091216
0.69209888 1.32940131 0.53527491 0.47722001 0.11505999 -0.04444020 0.69209886 1.32940125 0.53527492 0.47722000 0.11505999 -0.04444020
0.59247150 0.69334569 0.50061954 -0.16070080 -0.03450638 -0.08849929 0.59247148 0.69334567 0.50061953 -0.16070080 -0.03450638 -0.08849929
4.62181181 4.35339110 4.34291992 0.07371300 0.39042561 0.12489997 4.62181187 4.35339117 4.34291983 0.07371300 0.39042559 0.12489997
2.80869057 2.63746188 2.72105672 0.08550132 0.19486687 0.12793141 2.80869055 2.63746190 2.72105670 0.08550132 0.19486687 0.12793142
0.89125194 0.89757403 0.77353705 0.02680203 -0.02319369 0.25464284 0.89125192 0.89757401 0.77353704 0.02680203 -0.02319369 0.25464284
0.43421579 0.47692383 0.25499072 0.01053294 -0.10432801 0.25529537 0.43421578 0.47692382 0.25499073 0.01053294 -0.10432801 0.25529537
0.04729134 0.03090542 -0.21258651 0.03784061 -0.08448601 0.18875283 0.04729134 0.03090542 -0.21258651 0.03784061 -0.08448601 0.18875283
-0.17525616 -0.25074190 -0.50405558 0.05686661 -0.04457631 0.11799192 -0.17525616 -0.25074190 -0.50405556 0.05686661 -0.04457631 0.11799192
-0.27818300 -0.42779573 -0.66256052 0.05640500 -0.01205853 0.08543708 -0.27818301 -0.42779574 -0.66256052 0.05640500 -0.01205853 0.08543708
-0.29651335 -0.49072158 -0.70721248 0.06521104 -0.00888155 0.09779122 -0.29651335 -0.49072158 -0.70721251 0.06521104 -0.00888155 0.09779122
-0.28683655 -0.48939801 -0.68284197 0.07531797 0.00246546 0.12438942 -0.28683653 -0.48939800 -0.68284196 0.07531797 0.00246546 0.12438942
-0.28223664 -0.49518664 -0.65885655 0.08771582 0.02806010 0.14667436 -0.28223664 -0.49518663 -0.65885657 0.08771582 0.02806010 0.14667435
-0.11670664 -0.26270873 -0.36897878 0.05385220 0.13863767 0.19203553 -0.11670663 -0.26270872 -0.36897877 0.05385220 0.13863766 0.19203553
0.64560106 -0.05808110 0.60773310 -0.04472493 0.12344607 0.37216503 0.64560103 -0.05808110 0.60773313 -0.04472493 0.12344608 0.37216502
0.33072751 0.12530599 0.09676841 -0.00463481 -0.21703637 0.32178916 0.33072752 0.12530600 0.09676841 -0.00463481 -0.21703637 0.32178915
