7.69897894 5.29738797 5.20546052 0.00000000 -0.00001543 -0.00000114 7.69897890 5.29738808 5.20546055 0.00000000 -0.00001543 -0.00000114
3.09389353 1.24921958 0.31638055 0.00000000 0.00000215 0.00000095 3.09389353 1.24921954 0.31638056 0.00000000 0.00000215 0.00000095
6.62234266 4.56032819 4.44242356 -0.00000000 -0.00006966 -0.00000294 6.62234259 4.56032801 4.44242334 -0.00000000 -0.00006966 -0.00000294
2.66803747 0.83571609 0.12454033 0.00000000 -0.00001045 0.00000270 2.66803741 0.83571607 0.12454033 0.00000000 -0.00001045 0.00000270
5.57670152 3.82029768 3.68556678 -0.00000000 0.00004037 0.00000401 5.57670164 3.82029772 3.68556666 -0.00000000 0.00004037 0.00000401
2.26385281 0.47856732 -0.07164025 -0.00000000 0.00000176 -0.00000425 2.26385283 0.47856733 -0.07164025 -0.00000000 0.00000176 -0.00000425
4.58535323 3.09719796 2.95025421 -0.00000000 0.00000586 0.00000193 4.58535337 3.09719801 2.95025420 -0.00000000 0.00000586 0.00000193
1.86675094 0.18338276 -0.23873449 -0.00000000 -0.00000073 -0.00000261 1.86675096 0.18338276 -0.23873448 -0.00000000 -0.00000073 -0.00000261
3.65532279 2.41093829 2.25975908 0.00000000 -0.00001297 0.00000026 3.65532279 2.41093826 2.25975919 0.00000000 -0.00001297 0.00000026
1.48972077 -0.03852064 -0.34677498 0.00000000 -0.00001206 -0.00000067 1.48972082 -0.03852064 -0.34677497 0.00000000 -0.00001206 -0.00000067
2.79052524 1.77783705 1.62516359 -0.00000000 0.00001766 0.00000044 2.79052520 1.77783704 1.62516356 -0.00000000 0.00001766 0.00000044
1.13121355 -0.19890982 -0.41321562 -0.00000000 -0.00000600 -0.00000381 1.13121355 -0.19890982 -0.41321564 -0.00000000 -0.00000600 -0.00000381
1.99710754 1.20345949 1.05070110 0.00000000 -0.00000319 0.00000026 1.99710751 1.20345950 1.05070114 0.00000000 -0.00000319 0.00000026
0.79781460 -0.29930546 -0.44958622 0.00000000 0.00000413 0.00000306 0.79781461 -0.29930547 -0.44958621 0.00000000 0.00000413 0.00000306
1.29356975 0.69971918 0.54675519 -0.00000000 -0.00000067 0.00000007 1.29356980 0.69971919 0.54675519 -0.00000000 -0.00000067 0.00000007
0.48465674 -0.36932820 -0.49151946 0.00000000 0.00000126 0.00000027 0.48465675 -0.36932820 -0.49151945 0.00000000 0.00000126 0.00000027
1.16271202 0.60681971 0.45395782 0.00000000 0.00000090 0.00000070 1.16271198 0.60681969 0.45395783 0.00000000 0.00000090 0.00000070
0.42539324 -0.37941431 -0.49971664 0.00000000 -0.00000873 0.00000230 0.42539322 -0.37941432 -0.49971664 0.00000000 -0.00000873 0.00000230
1.03439522 0.51595761 0.36312468 0.00000000 0.00002688 -0.00000141 1.03439522 0.51595759 0.36312467 0.00000000 0.00002688 -0.00000141
0.36682649 -0.39010986 -0.50887725 0.00000000 0.00000886 -0.00000435 0.36682647 -0.39010987 -0.50887728 0.00000000 0.00000886 -0.00000435
0.90913049 0.42747373 0.27494741 0.00000000 0.00002218 -0.00000080 0.90913051 0.42747372 0.27494740 0.00000000 0.00002218 -0.00000080
0.30548638 -0.40132966 -0.51914827 -0.00000000 0.00000002 -0.00000223 0.30548638 -0.40132967 -0.51914829 -0.00000000 0.00000002 -0.00000223
0.78677513 0.34128351 0.18920218 0.00000000 -0.00000091 -0.00000002 0.78677511 0.34128350 0.18920217 0.00000000 -0.00000091 -0.00000002
0.24344568 -0.41549478 -0.53197569 -0.00000000 0.00001183 -0.00000005 0.24344568 -0.41549477 -0.53197569 -0.00000000 0.00001183 -0.00000005
0.66721102 0.25728891 0.10578354 0.00000000 -0.00000089 -0.00000102 0.66721100 0.25728890 0.10578354 0.00000000 -0.00000089 -0.00000102
0.18602164 -0.42418170 -0.54191422 -0.00000000 0.00000144 -0.00000232 0.18602164 -0.42418170 -0.54191422 -0.00000000 0.00000144 -0.00000232
0.12771061 -0.43126305 -0.54737952 0.00000000 -0.00000273 0.00000379 0.12771061 -0.43126306 -0.54737949 0.00000000 -0.00000273 0.00000379
0.12836673 -0.43068733 -0.54871099 0.00000000 0.00000972 0.00000379 0.12836674 -0.43068734 -0.54871100 0.00000000 0.00000972 0.00000379
0.43639831 0.09568064 -0.05110339 -0.00000000 -0.00001420 -0.00000129 0.43639833 0.09568064 -0.05110339 -0.00000000 -0.00001420 -0.00000129
0.06481043 -0.44568779 -0.56363141 -0.00000000 0.00000431 -0.00000238 0.06481043 -0.44568780 -0.56363142 -0.00000000 0.00000431 -0.00000238
0.32520359 0.01802339 -0.12516538 -0.00000000 0.00000721 -0.00000024 0.32520360 0.01802338 -0.12516539 -0.00000000 0.00000721 -0.00000024
0.00549511 -0.45600486 -0.57491936 0.00000000 -0.00000900 -0.00000040 0.00549511 -0.45600486 -0.57491934 0.00000000 -0.00000900 -0.00000040
0.21659941 -0.05768954 -0.19706140 -0.00000000 -0.00000036 -0.00000145 0.21659940 -0.05768954 -0.19706140 -0.00000000 -0.00000036 -0.00000145
-0.04789361 -0.45513962 -0.57565657 -0.00000000 0.00001031 -0.00000228 -0.04789361 -0.45513964 -0.57565659 -0.00000000 0.00001031 -0.00000228
0.11030982 -0.13168863 -0.26708377 -0.00000000 0.00000533 0.00000207 0.11030982 -0.13168862 -0.26708376 -0.00000000 0.00000533 0.00000207
-0.10318728 -0.45751217 -0.57676310 -0.00000000 0.00000005 0.00000307 -0.10318729 -0.45751217 -0.57676309 -0.00000000 0.00000005 0.00000307
0.00622943 -0.20410752 -0.33538214 -0.00000000 -0.00001043 0.00000079 0.00622943 -0.20410752 -0.33538213 -0.00000000 -0.00001043 0.00000079
-0.16024975 -0.46327559 -0.58029414 -0.00000000 -0.00001071 0.00000108 -0.16024975 -0.46327558 -0.58029413 -0.00000000 -0.00001071 0.00000108
-0.09578506 -0.27507045 -0.40203345 0.00000000 -0.00000118 -0.00000045 -0.09578506 -0.27507046 -0.40203345 0.00000000 -0.00000118 -0.00000045
-0.22052274 -0.47142631 -0.58598714 -0.00000000 -0.00001058 -0.00000057 -0.22052275 -0.47142631 -0.58598715 -0.00000000 -0.00001058 -0.00000057
-0.19576175 -0.34460392 -0.46719374 -0.00000000 -0.00000463 -0.00000184 -0.19576176 -0.34460393 -0.46719372 -0.00000000 -0.00000463 -0.00000184
-0.27392205 -0.46981419 -0.58314287 -0.00000000 0.00000513 -0.00000216 -0.27392206 -0.46981418 -0.58314288 -0.00000000 0.00000513 -0.00000216
-0.29387221 -0.41299638 -0.53095507 -0.00000000 0.00000929 0.00000199 -0.29387221 -0.41299638 -0.53095508 -0.00000000 0.00000929 0.00000199
-0.32958390 -0.47156255 -0.58470581 0.00000000 0.00001667 0.00000216 -0.32958388 -0.47156253 -0.58470583 0.00000000 0.00001667 0.00000216
-0.39016814 -0.48018055 -0.59341246 0.00000000 0.00000596 0.00000065 -0.39016813 -0.48018056 -0.59341246 0.00000000 0.00000596 0.00000065
-0.39016814 -0.48018055 -0.59341246 0.00000000 0.00000596 0.00000065 -0.39016813 -0.48018056 -0.59341246 0.00000000 0.00000596 0.00000065
-0.48475587 -0.54696794 -0.65459554 -0.00000000 0.00000596 -0.00000065 -0.48475587 -0.54696792 -0.65459555 -0.00000000 0.00000596 -0.00000065
-0.44361020 -0.47618077 -0.58918290 -0.00000000 0.00000160 -0.00000059 -0.44361019 -0.47618076 -0.58918291 -0.00000000 0.00000160 -0.00000059
-0.57769467 -0.61434718 -0.71419174 -0.00000000 0.00000228 -0.00000210 -0.57769465 -0.61434716 -0.71419173 -0.00000000 0.00000228 -0.00000210
-0.50038178 -0.48024499 -0.59205086 -0.00000000 0.00000645 -0.00000174 -0.50038177 -0.48024499 -0.59205085 -0.00000000 0.00000645 -0.00000174
-0.66891875 -0.68064023 -0.77273956 0.00000000 0.00000192 0.00000186 -0.66891873 -0.68064022 -0.77273959 0.00000000 0.00000192 0.00000186
-0.56205420 -0.49113914 -0.60065468 -0.00000000 0.00000349 0.00000149 -0.56205422 -0.49113914 -0.60065466 -0.00000000 0.00000349 0.00000149
-0.75737827 -0.74576454 -0.83024752 0.00000000 0.00000331 0.00000041 -0.75737828 -0.74576455 -0.83024752 0.00000000 0.00000331 0.00000041
-0.61851093 -0.50192083 -0.60695694 -0.00000000 0.00000685 0.00000029 -0.61851096 -0.50192082 -0.60695696 -0.00000000 0.00000685 0.00000029
-0.84443886 -0.80994335 -0.88684379 -0.00000000 -0.00000641 0.00000173 -0.84443885 -0.80994338 -0.88684380 -0.00000000 -0.00000641 0.00000173
-0.67837849 -0.51794865 -0.61711174 -0.00000000 -0.00000943 0.00000110 -0.67837852 -0.51794863 -0.61711174 -0.00000000 -0.00000943 0.00000110
-0.93017093 -0.87325891 -0.94259279 0.00000000 0.00000497 -0.00000228 -0.93017095 -0.87325889 -0.94259280 0.00000000 0.00000497 -0.00000228
-0.73416689 -0.52852529 -0.62353514 -0.00000000 0.00001494 -0.00000123 -0.73416692 -0.52852529 -0.62353516 -0.00000000 0.00001494 -0.00000123
-1.01463124 -0.93575362 -0.99757993 0.00000000 0.00000258 0.00000165 -1.01463127 -0.93575364 -0.99757993 0.00000000 0.00000258 0.00000165
-0.79934152 -0.55027836 -0.63963776 0.00000000 -0.00000211 0.00000076 -0.79934150 -0.55027837 -0.63963777 0.00000000 -0.00000211 0.00000076
-1.08974736 -0.99597823 -1.04779945 -0.00000000 0.00000027 -0.00000111 -1.08974731 -0.99597824 -1.04779947 -0.00000000 0.00000027 -0.00000111
-0.85997281 -0.56784983 -0.65235649 -0.00000000 0.00000575 0.00000008 -0.85997283 -0.56784981 -0.65235651 -0.00000000 0.00000575 0.00000008
-1.15033338 -1.05310762 -1.09009486 0.00000000 -0.00000364 -0.00000754 -1.15033340 -1.05310762 -1.09009480 0.00000000 -0.00000364 -0.00000754
-0.92503961 -0.58631823 -0.66755039 0.00000000 0.00000884 0.00000041 -0.92503959 -0.58631825 -0.66755038 0.00000000 0.00000884 0.00000041
-1.21043110 -1.10972230 -1.13205690 -0.00000000 -0.00000811 0.00001148 -1.21043110 -1.10972226 -1.13205695 -0.00000000 -0.00000811 0.00001148
-0.98227163 -0.59228444 -0.67480046 -0.00000000 0.00001764 -0.00000027 -0.98227161 -0.59228444 -0.67480046 -0.00000000 0.00001764 -0.00000027
-1.26847022 -1.16553223 -1.17383690 -0.00000000 0.00000357 -0.00000161 -1.26847017 -1.16553223 -1.17383695 -0.00000000 0.00000357 -0.00000161
-1.05012387 -0.61270003 -0.69464793 -0.00000000 0.00001943 0.00000001 -1.05012381 -0.61270005 -0.69464791 -0.00000000 0.00001943 0.00000001
-1.30511834 -1.21050786 -1.21280663 -0.00000000 0.00000611 -0.00000010 -1.30511832 -1.21050787 -1.21280658 -0.00000000 0.00000611 -0.00000010
-1.11786859 -0.63420304 -0.71780487 -0.00000000 -0.00000866 -0.00000001 -1.11786854 -0.63420302 -0.71780485 -0.00000000 -0.00000866 -0.00000001
-1.34193226 -1.25523422 -1.25149638 0.00000000 0.00000675 -0.00000140 -1.34193230 -1.25523424 -1.25149643 0.00000000 0.00000675 -0.00000140
-1.18210325 -0.64985054 -0.74514424 -0.00000000 0.00000206 -0.00000041 -1.18210328 -0.64985055 -0.74514425 -0.00000000 0.00000206 -0.00000041
-1.37894120 -1.29598151 -1.28577462 -0.00000000 0.00000146 -0.00000266 -1.37894118 -1.29598153 -1.28577459 -0.00000000 0.00000146 -0.00000266
-1.25338533 -0.67561364 -0.78265294 0.00000000 0.00000105 -0.00000115 -1.25338531 -0.67561364 -0.78265291 0.00000000 0.00000105 -0.00000115
-1.41609020 -1.33110403 -1.31389274 0.00000000 -0.00000151 0.00000135 -1.41609025 -1.33110404 -1.31389272 0.00000000 -0.00000151 0.00000135
-1.31033084 -0.70259189 -0.81682392 0.00000000 -0.00000909 0.00001018 -1.31033087 -0.70259190 -0.81682390 0.00000000 -0.00000909 0.00001018
-1.60253184 -1.50230105 -1.45831659 -0.00000000 -0.00000409 0.00000026 -1.60253179 -1.50230110 -1.45831656 -0.00000000 -0.00000409 0.00000026
-1.51509690 -0.85410840 -0.98555843 -0.00000000 0.00000001 0.00000082 -1.51509690 -0.85410839 -0.98555845 -0.00000000 0.00000001 0.00000082
-1.79362046 -1.67660654 -1.60927861 0.00000000 0.00000469 0.00000136 -1.79362047 -1.67660654 -1.60927856 0.00000000 0.00000469 0.00000136
-1.68372793 -1.03905056 -1.15396330 -0.00000000 -0.00000512 0.00000497 -1.68372798 -1.03905058 -1.15396333 -0.00000000 -0.00000512 0.00000497
-1.98948504 -1.85280170 -1.76526903 0.00000000 0.00000694 -0.00000109 -1.98948503 -1.85280168 -1.76526904 0.00000000 0.00000694 -0.00000109
-1.85304925 -1.22876978 -1.31919288 -0.00000000 -0.00000609 -0.00000434 -1.85304928 -1.22876978 -1.31919289 -0.00000000 -0.00000609 -0.00000434
-2.18672859 -2.02789060 -1.92437260 -0.00000000 -0.00000503 -0.00000007 -2.18672848 -2.02789068 -1.92437255 -0.00000000 -0.00000503 -0.00000007
-2.02257968 -1.36535925 -1.46185951 -0.00000000 -0.00000757 -0.00000030 -2.02257967 -1.36535931 -1.46185946 -0.00000000 -0.00000757 -0.00000030
-2.36645232 -2.17365566 -2.07328531 -0.00000000 -0.00000269 -0.00000212 -2.36645222 -2.17365575 -2.07328534 -0.00000000 -0.00000269 -0.00000212
-2.19730140 -1.47685687 -1.59361323 -0.00000000 -0.00000542 0.00000323 -2.19730139 -1.47685683 -1.59361327 -0.00000000 -0.00000542 0.00000323
-2.46456944 -2.22479767 -2.11360027 -0.00000000 -0.00000612 0.00000301 -2.46456933 -2.22479773 -2.11360025 -0.00000000 -0.00000612 0.00000301
-2.38249379 -1.59615329 -1.72979203 -0.00000000 -0.00000074 -0.00000546 -2.38249373 -1.59615326 -1.72979200 -0.00000000 -0.00000074 -0.00000546
-2.57294942 -2.28466219 -2.15609466 0.00000000 -0.00000275 0.00000077 -2.57294941 -2.28466225 -2.15609455 0.00000000 -0.00000275 0.00000077
-2.57805473 -1.72073149 -1.87112822 -0.00000000 -0.00000203 -0.00000174 -2.57805467 -1.72073150 -1.87112820 -0.00000000 -0.00000203 -0.00000174
