-0.08660030 -0.04481481 -0.19027029 0.19535830 -0.01333064 -0.13793366 -0.08660030 -0.04481481 -0.19027029 0.19535831 -0.01333064 -0.13793366
0.15190087 -0.21262255 -0.08326411 -0.12437866 0.13583628 0.02761488 0.15190087 -0.21262255 -0.08326411 -0.12437866 0.13583627 0.02761488
-0.12783487 0.10936686 0.33383811 -0.04446827 -0.05613781 0.09406547 -0.12783487 0.10936686 0.33383811 -0.04446827 -0.05613780 0.09406547
-0.08538450 -0.21660373 0.08920780 -0.10715601 0.08454761 0.15218074 -0.08538450 -0.21660374 0.08920780 -0.10715601 0.08454761 0.15218075
0.07499735 -0.13381606 0.06038522 -0.02099321 -0.07784093 -0.14798077 0.07499735 -0.13381606 0.06038522 -0.02099321 -0.07784092 -0.14798076
-0.14350380 -0.24289962 -0.01970498 0.05814385 0.03135767 -0.03159295 -0.14350380 -0.24289963 -0.01970498 0.05814385 0.03135767 -0.03159295
-0.08347270 0.07097476 0.09667696 0.01035321 0.07645597 -0.09089204 -0.08347271 0.07097475 0.09667696 0.01035321 0.07645597 -0.09089204
-0.18184829 0.04693976 -0.03840500 -0.00925501 -0.04915777 -0.11578742 -0.18184829 0.04693976 -0.03840500 -0.00925501 -0.04915777 -0.11578742
-0.00416449 0.07236870 0.16044217 0.16588666 -0.08368490 -0.04811719 -0.00416449 0.07236870 0.16044217 0.16588666 -0.08368490 -0.04811719
0.03973896 -0.11397809 -0.12755522 -0.10475734 -0.06538667 0.02989072 0.03973896 -0.11397810 -0.12755522 -0.10475734 -0.06538667 0.02989073
0.05366391 -0.14619714 0.11032335 0.01491563 -0.11556605 0.01722911 0.05366391 -0.14619714 0.11032335 0.01491563 -0.11556605 0.01722911
-0.09693542 -0.21105410 -0.16760959 0.01296612 0.03047384 0.12825952 -0.09693542 -0.21105410 -0.16760959 0.01296612 0.03047384 0.12825952
0.17583579 0.04558517 0.33146920 0.09524495 0.02114857 -0.06267974 0.17583579 0.04558517 0.33146921 0.09524494 0.02114857 -0.06267975
0.11493243 0.01622873 0.21975044 -0.00919222 -0.17698420 -0.09077722 0.11493243 0.01622873 0.21975043 -0.00919222 -0.17698421 -0.09077722
-0.03754453 -0.06186106 -0.01874908 0.02810389 0.14570881 0.12108968 -0.03754453 -0.06186106 -0.01874908 0.02810389 0.14570881 0.12108968
-0.16978695 -0.06156384 -0.16176624 -0.01472677 -0.09720350 0.14702433 -0.16978696 -0.06156385 -0.16176625 -0.01472677 -0.09720350 0.14702433
-0.04777336 -0.09335587 0.03963047 0.06697987 0.00126864 -0.12235333 -0.04777336 -0.09335587 0.03963047 0.06697987 0.00126864 -0.12235333
0.10568256 0.10220374 0.15660405 -0.17163057 0.02070598 0.05830514 0.10568256 0.10220374 0.15660405 -0.17163058 0.02070598 0.05830514
-0.11263066 0.02207643 -0.04533859 -0.08708619 -0.14848953 -0.16201963 -0.11263066 0.02207643 -0.04533859 -0.08708619 -0.14848953 -0.16201964
-0.18424407 0.22181617 0.28278656 -0.00015976 -0.01048755 -0.14228614 -0.18424407 0.22181617 0.28278655 -0.00015976 -0.01048755 -0.14228614
0.10902228 -0.12391919 -0.24742935 -0.02936103 0.04311737 0.18394607 0.10902228 -0.12391919 -0.24742936 -0.02936103 0.04311737 0.18394607
0.00860971 -0.03888915 0.36339493 -0.05261006 -0.09863282 0.04661124 0.00860971 -0.03888915 0.36339495 -0.05261006 -0.09863282 0.04661124
-0.08538525 -0.08503098 0.18319322 0.04932550 0.08359572 0.06081323 -0.08538525 -0.08503098 0.18319322 0.04932550 0.08359572 0.06081323
0.13846600 0.03764354 0.18529873 -0.06604186 0.02883225 -0.01457951 0.13846600 0.03764354 0.18529873 -0.06604186 0.02883225 -0.01457951
0.01058297 -0.04781592 -0.12945727 0.27120478 -0.16841843 0.01947002 0.01058297 -0.04781592 -0.12945727 0.27120477 -0.16841844 0.01947002
0.17620739 0.35513177 -0.03875828 0.01020636 -0.00595332 0.10142642 0.17620739 0.35513178 -0.03875828 0.01020637 -0.00595332 0.10142642
0.04508375 0.05314417 0.15154675 -0.09541344 -0.06707988 -0.09601079 0.04508375 0.05314417 0.15154675 -0.09541344 -0.06707988 -0.09601079
-0.15557672 -0.44199153 -0.26737303 0.01790515 0.01437608 0.15777895 -0.15557672 -0.44199154 -0.26737303 0.01790515 0.01437608 0.15777895
-0.11250262 -0.16528912 0.05527632 0.06502814 0.19297297 -0.14233649 -0.11250262 -0.16528912 0.05527632 0.06502814 0.19297297 -0.14233649
0.14987329 0.02845643 0.16480088 0.04197433 -0.03750673 -0.04136759 0.14987329 0.02845643 0.16480088 0.04197433 -0.03750673 -0.04136759
0.03380263 -0.18678730 0.06909824 -0.00595685 0.12076929 0.06801068 0.03380263 -0.18678729 0.06909823 -0.00595685 0.12076929 0.06801067
-0.11634135 -0.22751003 -0.08382601 -0.00005296 0.04081241 0.09579940 -0.11634135 -0.22751004 -0.08382601 -0.00005296 0.04081241 0.09579940
-0.16612390 -0.09701278 -0.15225941 -0.18656913 -0.09120677 0.14480136 -0.16612391 -0.09701278 -0.15225941 -0.18656912 -0.09120677 0.14480136
0.10291815 0.23337866 0.03060091 -0.00728091 -0.07136884 0.01232069 0.10291815 0.23337866 0.03060091 -0.00728091 -0.07136884 0.01232069
-0.04925560 -0.02625654 -0.27765836 0.01820054 -0.12788294 -0.03580687 -0.04925560 -0.02625654 -0.27765834 0.01820054 -0.12788294 -0.03580688
-0.06587318 -0.03751819 0.00732878 0.09224798 -0.02381759 0.03299298 -0.06587318 -0.03751819 0.00732878 0.09224798 -0.02381759 0.03299297
0.09658984 0.10579628 0.03361120 -0.05878587 -0.07154388 0.02178267 0.09658983 0.10579628 0.03361120 -0.05878587 -0.07154388 0.02178267
0.26588613 0.18835830 0.37796455 -0.04324677 -0.02466503 -0.12521797 0.26588613 0.18835829 0.37796456 -0.04324677 -0.02466503 -0.12521797
0.03135008 -0.00005002 0.07245884 0.04907144 -0.01904499 -0.01358890 0.03135008 -0.00005002 0.07245884 0.04907144 -0.01904499 -0.01358890
-0.16781019 -0.03350691 -0.07699445 0.13978034 0.06139292 0.13076692 -0.16781019 -0.03350691 -0.07699446 0.13978034 0.06139292 0.13076693
-0.13209062 0.04716287 -0.17276067 0.05822887 -0.00375788 -0.01900023 -0.13209061 0.04716287 -0.17276067 0.05822887 -0.00375788 -0.01900023
0.00080534 -0.00123454 -0.07834755 -0.17573961 -0.06517074 -0.04393567 0.00080534 -0.00123454 -0.07834755 -0.17573962 -0.06517074 -0.04393567
-0.21122080 0.04221556 -0.24246441 0.06481012 0.04869306 0.06294120 -0.21122080 0.04221556 -0.24246441 0.06481012 0.04869306 0.06294120
0.04996948 -0.03957774 -0.02557048 -0.10699345 -0.08009378 -0.00529667 0.04996948 -0.03957774 -0.02557048 -0.10699344 -0.08009378 -0.00529667
0.33142049 0.28509782 0.38652453 -0.03548220 -0.17660065 -0.07653165 0.33142048 0.28509781 0.38652453 -0.03548221 -0.17660065 -0.07653165
0.04024845 0.12952914 -0.12823918 -0.02473657 -0.07297414 -0.01493559 0.04024845 0.12952913 -0.12823918 -0.02473657 -0.07297414 -0.01493559
-0.13086497 -0.02934623 -0.06485726 -0.04042894 0.02338401 0.06212076 -0.13086496 -0.02934624 -0.06485726 -0.04042894 0.02338401 0.06212076
-0.23491773 -0.06531064 0.03074514 0.01554920 0.03449721 0.01348366 -0.23491773 -0.06531063 0.03074514 0.01554920 0.03449721 0.01348366
0.10669746 0.22806370 0.20073990 -0.09857838 -0.04907596 0.03480107 0.10669746 0.22806370 0.20073989 -0.09857838 -0.04907596 0.03480107
0.01284100 0.18258020 0.18816530 -0.16417556 0.03952860 -0.02067080 0.01284100 0.18258019 0.18816531 -0.16417557 0.03952860 -0.02067080
