123.28931673 0.00000000 0.00000000 0.00000000 0.00000000 0.00000000 123.28931427 0.00000000 0.00000000 0.00000000 0.00000000 0.00000000
83.28650026 0.00000000 0.00000000 0.00000000 0.00000000 0.00000000 83.28649902 0.00000000 0.00000000 0.00000000 0.00000000 0.00000000
54.19375133 0.00000000 0.00000000 0.00000000 0.00000000 0.00000000 54.19375229 0.00000000 0.00000000 0.00000000 0.00000000 0.00000000
34.89575714 0.00000000 0.00000000 0.00000000 0.00000000 0.00000000 34.89575577 0.00000000 0.00000000 0.00000000 0.00000000 0.00000000
22.83274556 0.00000000 0.00000000 0.00000000 0.00000000 0.00000000 22.83274651 0.00000000 0.00000000 0.00000000 0.00000000 0.00000000
15.11935140 0.00000000 0.00000000 0.00000000 0.00000000 0.00000000 15.11935139 0.00000000 0.00000000 0.00000000 0.00000000 0.00000000
9.67437930 0.00000000 0.00000000 0.00000000 0.00000000 0.00000000 9.67437935 0.00000000 0.00000000 0.00000000 0.00000000 0.00000000
5.57729309 0.00000000 0.00000000 0.00000000 0.00000000 0.00000000 5.57729292 0.00000000 0.00000000 0.00000000 0.00000000 0.00000000
4.44768773 0.00000000 0.00000000 0.00000000 0.00000000 0.00000000 4.44768763 0.00000000 0.00000000 0.00000000 0.00000000 0.00000000
3.14054407 0.00000000 0.00000000 0.00000000 0.00000000 0.00000000 3.14054418 0.00000000 0.00000000 0.00000000 0.00000000 0.00000000
1.99820298 0.00000000 0.00000000 0.00000000 0.00000000 0.00000000 1.99820304 0.00000000 0.00000000 0.00000000 0.00000000 0.00000000
1.13714966 0.00000000 0.00000000 0.00000000 0.00000000 0.00000000 1.13714969 0.00000000 0.00000000 0.00000000 0.00000000 0.00000000
0.54608851 0.00000000 0.00000000 0.00000000 0.00000000 0.00000000 0.54608852 0.00000000 0.00000000 0.00000000 0.00000000 0.00000000
0.16383417 0.00000000 0.00000000 0.00000000 0.00000000 0.00000000 0.16383417 0.00000000 0.00000000 0.00000000 0.00000000 0.00000000
-0.07462141 0.00000000 0.00000000 0.00000000 0.00000000 0.00000000 -0.07462141 0.00000000 0.00000000 0.00000000 0.00000000 0.00000000
-0.21869568 0.00000000 0.00000000 0.00000000 0.00000000 0.00000000 -0.21869569 0.00000000 0.00000000 0.00000000 0.00000000 0.00000000
-0.30060137 0.00000000 0.00000000 0.00000000 0.00000000 0.00000000 -0.30060136 0.00000000 0.00000000 0.00000000 0.00000000 0.00000000
-0.34116752 0.00000000 0.00000000 0.00000000 0.00000000 0.00000000 -0.34116751 0.00000000 0.00000000 0.00000000 0.00000000 0.00000000
-0.35514784 0.00000000 0.00000000 0.00000000 0.00000000 0.00000000 -0.35514784 0.00000000 0.00000000 0.00000000 0.00000000 0.00000000
-0.35327349 0.00000000 0.00000000 0.00000000 0.00000000 0.00000000 -0.35327348 0.00000000 0.00000000 0.00000000 0.00000000 0.00000000
-0.34230523 0.00000000 0.00000000 0.00000000 0.00000000 0.00000000 -0.34230524 0.00000000 0.00000000 0.00000000 0.00000000 0.00000000
-0.32535324 0.00000000 0.00000000 0.00000000 0.00000000 0.00000000 -0.32535324 0.00000000 0.00000000 0.00000000 0.00000000 0.00000000
-0.30340660 0.00000000 0.00000000 0.00000000 0.00000000 0.00000000 -0.30340660 0.00000000 0.00000000 0.00000000 0.00000000 0.00000000
-0.27736166 0.00000000 0.00000000 0.00000000 0.00000000 0.00000000 -0.27736166 0.00000000 0.00000000 0.00000000 0.00000000 0.00000000
-0.24926616 0.00000000 0.00000000 0.00000000 0.00000000 0.00000000 -0.24926616 0.00000000 0.00000000 0.00000000 0.00000000 0.00000000
-0.22215582 0.00000000 0.00000000 0.00000000 0.00000000 0.00000000 -0.22215581 0.00000000 0.00000000 0.00000000 0.00000000 0.00000000
-0.19892524 0.00000000 0.00000000 0.00000000 0.00000000 0.00000000 -0.19892524 0.00000000 0.00000000 0.00000000 0.00000000 0.00000000
-0.18123258 0.00000000 0.00000000 0.00000000 0.00000000 0.00000000 -0.18123259 0.00000000 0.00000000 0.00000000 0.00000000 0.00000000
-0.16920242 0.00000000 0.00000000 0.00000000 0.00000000 0.00000000 -0.16920242 0.00000000 0.00000000 0.00000000 0.00000000 0.00000000
-0.16195078 0.00000000 0.00000000 0.00000000 0.00000000 0.00000000 -0.16195078 0.00000000 0.00000000 0.00000000 0.00000000 0.00000000
-0.15837429 0.00000000 0.00000000 0.00000000 0.00000000 0.00000000 -0.15837429 0.00000000 0.00000000 0.00000000 0.00000000 0.00000000
-0.15758290 0.00000000 0.00000000 0.00000000 0.00000000 0.00000000 -0.15758291 0.00000000 0.00000000 0.00000000 0.00000000 0.00000000
-0.15877546 0.00000000 0.00000000 0.00000000 0.00000000 0.00000000 -0.15877546 0.00000000 0.00000000 0.00000000 0.00000000 0.00000000
-0.16086344 0.00000000 0.00000000 0.00000000 0.00000000 0.00000000 -0.16086344 0.00000000 0.00000000 0.00000000 0.00000000 0.00000000
-0.16233357 0.00000000 0.00000000 0.00000000 0.00000000 0.00000000 -0.16233358 0.00000000 0.00000000 0.00000000 0.00000000 0.00000000
-0.16159848 0.00000000 0.00000000 0.00000000 0.00000000 0.00000000 -0.16159849 0.00000000 0.00000000 0.00000000 0.00000000 0.00000000
-0.15763798 0.00000000 0.00000000 0.00000000 0.00000000 0.00000000 -0.15763798 0.00000000 0.00000000 0.00000000 0.00000000 0.00000000
-0.15045098 0.00000000 0.00000000 0.00000000 0.00000000 0.00000000 -0.15045097 0.00000000 0.00000000 0.00000000 0.00000000 0.00000000
73.61961415 0.00000000 0.00000000 0.00000000 0.00000000 0.00000000 73.61961365 0.00000000 0.00000000 0.00000000 0.00000000 0.00000000
44.66391120 0.00000000 0.00000000 0.00000000 0.00000000 0.00000000 44.66390991 0.00000000 0.00000000 0.00000000 0.00000000 0.00000000
23.39307072 0.00000000 0.00000000 0.00000000 0.00000000 0.00000000 23.39307022 0.00000000 0.00000000 0.00000000 0.00000000 0.00000000
11.33685366 0.00000000 0.00000000 0.00000000 0.00000000 0.00000000 11.33685398 0.00000000 0.00000000 0.00000000 0.00000000 0.00000000
4.52525612 0.00000000 0.00000000 0.00000000 0.00000000 0.00000000 4.52525616 0.00000000 0.00000000 0.00000000 0.00000000 0.00000000
1.00449373 0.00000000 0.00000000 0.00000000 0.00000000 0.00000000 1.00449371 0.00000000 0.00000000 0.00000000 0.00000000 0.00000000
-0.60973117 0.00000000 0.00000000 0.00000000 0.00000000 0.00000000 -0.60973114 0.00000000 0.00000000 0.00000000 0.00000000 0.00000000
-1.56301873 0.00000000 0.00000000 0.00000000 0.00000000 0.00000000 -1.56301868 0.00000000 0.00000000 0.00000000 0.00000000 0.00000000
-2.39793217 0.00000000 0.00000000 0.00000000 0.00000000 0.00000000 -2.39793205 0.00000000 0.00000000 0.00000000 0.00000000 0.00000000
102.98925917 0.00000000 0.00000000 0.00000000 0.00000000 0.00000000 102.98925781 0.00000000 0.00000000 0.00000000 0.00000000 0.00000000
81.60170132 0.00000000 0.00000000 0.00000000 0.00000000 0.00000000 81.60169983 0.00000000 0.00000000 0.00000000 0.00000000 0.00000000
45.06898286 0.00000000 0.00000000 0.00000000 0.00000000 0.00000000 45.06898117 0.00000000 0.00000000 0.00000000 0.00000000 0.00000000
18.41658875 0.00000000 0.00000000 0.00000000 0.00000000 0.00000000 18.41658783 0.00000000 0.00000000 0.00000000 0.00000000 0.00000000
6.82797843 0.00000000 0.00000000 0.00000000 0.00000000 0.00000000 6.82797861 0.00000000 0.00000000 0.00000000 0.00000000 0.00000000
1.20891648 0.00000000 0.00000000 0.00000000 0.00000000 0.00000000 1.20891643 0.00000000 0.00000000 0.00000000 0.00000000 0.00000000
-1.66794820 0.00000000 0.00000000 0.00000000 0.00000000 0.00000000 -1.66794825 0.00000000 0.00000000 0.00000000 0.00000000 0.00000000
-3.47633191 0.00000000 0.00000000 0.00000000 0.00000000 0.00000000 -3.47633195 0.00000000 0.00000000 0.00000000 0.00000000 0.00000000
-4.52921553 0.00000000 0.00000000 0.00000000 0.00000000 0.00000000 -4.52921534 0.00000000 0.00000000 0.00000000 0.00000000 0.00000000
-5.03696822 0.00000000 0.00000000 0.00000000 0.00000000 0.00000000 -5.03696823 0.00000000 0.00000000 0.00000000 0.00000000 0.00000000
-5.18664420 0.00000000 0.00000000 0.00000000 0.00000000 0.00000000 -5.18664408 0.00000000 0.00000000 0.00000000 0.00000000 0.00000000
-4.92534794 0.00000000 0.00000000 0.00000000 0.00000000 0.00000000 -4.92534781 0.00000000 0.00000000 0.00000000 0.00000000 0.00000000
-4.17539378 0.00000000 0.00000000 0.00000000 0.00000000 0.00000000 -4.17539358 0.00000000 0.00000000 0.00000000 0.00000000 0.00000000
-3.11320672 0.00000000 0.00000000 0.00000000 0.00000000 0.00000000 -3.11320662 0.00000000 0.00000000 0.00000000 0.00000000 0.00000000
