0.00000000 0.18293985 0.12028509 0.00000000 0.05798473 0.00000000 0.00000000 0.18293986 0.12028509 0.00000000 0.05798473 0.00000000
0.00065234 0.00157946 11.08447235 -0.00101506 -0.03959381 0.02544543 0.00065234 0.00157946 11.08447266 -0.00101506 -0.03959381 0.02544543
0.00008108 0.00022847 16.33128584 0.00013610 -0.01574226 -0.00937793 0.00008108 0.00022847 16.33128548 0.00013610 -0.01574226 -0.00937793
0.00000464 0.00052324 1.16534754 0.00004927 -0.00948539 -0.00089309 0.00000464 0.00052324 1.16534758 0.00004927 -0.00948539 -0.00089309
0.00096017 0.00154425 15.18904352 -0.00121768 0.04167447 -0.03286135 0.00096017 0.00154425 15.18904305 -0.00121768 0.04167447 -0.03286134
0.00031415 0.00000016 7.24338432 0.00000716 -0.00081619 -0.03581015 0.00031415 0.00000016 7.24338436 0.00000716 -0.00081619 -0.03581015
0.00029400 0.00000437 17.20451038 -0.00003584 0.00177393 -0.01455315 0.00029400 0.00000437 17.20450974 -0.00003584 0.00177393 -0.01455315
-0.00041786 -0.00038024 -2.66197005 -0.00039861 -0.02135007 -0.02238145 -0.00041786 -0.00038024 -2.66197014 -0.00039861 -0.02135007 -0.02238145
0.00194066 0.00200857 3.91879542 -0.00197432 -0.06632373 0.06519283 0.00194066 0.00200857 3.91879535 -0.00197432 -0.06632373 0.06519283
0.00001150 0.00001770 -1.19076663 0.00001427 0.00579775 0.00467322 0.00001150 0.00001770 -1.19076657 0.00001427 0.00579775 0.00467322
0.00000253 0.00040139 23.27665399 0.00003187 0.00997943 0.00079225 0.00000253 0.00040139 23.27665329 0.00003187 0.00997943 0.00079225
0.00668007 0.00166241 22.53081672 -0.00333242 -0.14487249 0.29040707 0.00668008 0.00166241 22.53081703 -0.00333242 -0.14487249 0.29040706
-0.92209020 -0.29153990 -2.05791579 -0.51848441 0.42286053 0.75202946 -0.92209017 -0.29153991 -2.05791569 -0.51848441 0.42286053 0.75202948
0.59909630 1.44495760 7.67180021 0.93041321 1.82443354 1.17475908 0.59909630 1.44495761 7.67180014 0.93041319 1.82443357 1.17475903
0.12064816 0.14081312 14.93904665 0.13034126 0.07107436 0.06578877 0.12064816 0.14081311 14.93904686 0.13034126 0.07107436 0.06578877
0.00016469 0.08811757 1.73816330 -0.00380943 0.17540724 -0.00758307 0.00016469 0.08811756 1.73816335 -0.00380943 0.17540723 -0.00758307
1.01530995 0.05427134 14.88420449 -0.23473864 0.33503319 -1.44911178 1.01530993 0.05427134 14.88420486 -0.23473865 0.33503318 -1.44911182
0.00062987 0.55724270 0.25034528 -0.01873476 0.22251269 -0.00748098 0.00062987 0.55724269 0.25034529 -0.01873475 0.22251269 -0.00748098
0.02386283 0.22669798 -1.03770868 -0.07355036 0.13392804 -0.04345189 0.02386283 0.22669798 -1.03770864 -0.07355036 0.13392805 -0.04345189
0.07414359 0.94114416 24.86251827 -0.26415868 0.09778414 -0.02744588 0.07414359 0.94114417 24.86251831 -0.26415867 0.09778414 -0.02744588
1.31702083 8.59929183 13.95829448 3.36533007 10.06833251 3.94023867 1.31702089 8.59929180 13.95829487 3.36532998 10.06833267 3.94023871
1.29380399 2.30909421 29.85597194 1.72844303 -6.93164298 -5.18859297 1.29380393 2.30909419 29.85597229 1.72844303 -6.93164301 -5.18859291
1.52619430 0.22031193 12.89092293 0.57986103 -0.76815850 -2.02179326 1.52619433 0.22031194 12.89092255 0.57986104 -0.76815850 -2.02179337
3.16491771 2.00081063 8.75811476 -2.51642624 -2.34674553 2.95150972 3.16491771 2.00081062 8.75811481 -2.51642632 -2.34674549 2.95150971
0.10255022 0.37045601 2.20197090 -0.19491112 0.09452959 -0.04973564 0.10255022 0.37045601 2.20197082 -0.19491112 0.09452958 -0.04973564
0.07022422 0.00233577 3.61654098 -0.01280733 -0.00584224 0.03203374 0.07022422 0.00233577 3.61654091 -0.01280733 -0.00584224 0.03203375
0.01903956 0.03956843 -0.15796812 -0.02744751 -0.03990974 0.02768426 0.01903956 0.03956843 -0.15796812 -0.02744751 -0.03990974 0.02768426
0.61392491 6.33452217 28.99325498 -1.97203473 3.29091711 -1.02451340 0.61392492 6.33452225 28.99325562 -1.97203469 3.29091716 -1.02451336
0.08110196 0.19521894 -1.13164562 -0.12582781 -0.15194579 0.09793623 0.08110196 0.19521894 -1.13164556 -0.12582782 -0.15194580 0.09793623
-0.44655125 -1.09041761 -2.82221188 -0.69780179 0.73129538 0.46798513 -0.44655123 -1.09041762 -2.82221198 -0.69780177 0.73129535 0.46798512
-0.44523030 -0.05998110 8.20603979 -0.16341788 0.13435944 0.36606087 -0.44523031 -0.05998110 8.20603943 -0.16341788 0.13435943 0.36606085
-0.77352449 -0.19471352 0.06683481 -0.38809236 0.26101574 0.52024232 -0.77352446 -0.19471352 0.06683481 -0.38809237 0.26101574 0.52024233
3.50032908 3.15950999 0.89975246 -3.32555630 1.46756664 -1.54469380 3.50032902 3.15950990 0.89975244 -3.32555628 1.46756661 -1.54469383
0.25273022 0.32838729 3.41542943 -0.28808574 0.29179234 -0.25598193 0.25273022 0.32838729 3.41542935 -0.28808573 0.29179233 -0.25598192
-0.50546121 -0.43025335 -0.40303040 0.46634363 0.31938801 -0.34617874 -0.50546122 -0.43025336 -0.40303040 0.46634364 0.31938800 -0.34617874
-0.23638597 -0.60444926 -3.42376615 0.37799911 0.94632154 -0.59179276 -0.23638597 -0.60444927 -3.42376614 0.37799910 0.94632155 -0.59179276
1.61310239 0.47597807 0.56035299 -0.87624275 0.64996220 -1.19653551 1.61310244 0.47597808 0.56035298 -0.87624276 0.64996219 -1.19653547
-0.02952395 -0.56362124 4.82120031 -0.12899739 -0.35682659 -0.08166778 -0.02952395 -0.56362122 4.82120037 -0.12899739 -0.35682660 -0.08166778
-0.00689497 -0.08599269 12.58110519 -0.02434989 0.27918760 0.07905542 -0.00689497 -0.08599269 12.58110523 -0.02434989 0.27918759 0.07905542
0.38444649 0.27716584 -1.00088020 0.32642830 -0.03955895 -0.04659002 0.38444647 0.27716583 -1.00088024 0.32642829 -0.03955895 -0.04659002
0.60624163 3.32546367 8.06374402 -1.41987130 -3.47136131 1.48216513 0.60624164 3.32546377 8.06374359 -1.41987133 -3.47136140 1.48216510
0.09953538 0.10211972 0.51344587 0.10081927 0.01172118 0.01157192 0.09953538 0.10211972 0.51344585 0.10081927 0.01172118 0.01157192
-0.17538504 -1.40270128 -1.99428751 0.49599680 0.50889523 -0.17994594 -0.17538504 -1.40270126 -1.99428749 0.49599680 0.50889522 -0.17994595
-0.26427535 -1.07595560 -1.61903072 -0.53324342 -0.55847258 -0.27677892 -0.26427534 -1.07595563 -1.61903071 -0.53324342 -0.55847257 -0.27677891
0.00023904 0.01703387 -0.99720548 0.00201788 0.01118559 0.00132508 0.00023904 0.01703387 -0.99720550 0.00201788 0.01118559 0.00132508
1.60394564 0.12285102 7.22752182 0.44389905 0.78257827 2.82769926 1.60394561 0.12285102 7.22752190 0.44389904 0.78257829 2.82769918
0.10151361 8.02141884 10.83164532 0.90237639 8.45362203 0.95099746 0.10151360 8.02141857 10.83164501 0.90237641 8.45362186 0.95099747
0.45048304 0.01697061 -1.18773586 0.08743554 0.00411377 0.02119484 0.45048305 0.01697061 -1.18773592 0.08743554 0.00411377 0.02119485
0.02968687 0.62416563 10.35899548 0.13612320 -0.26986102 -0.05885352 0.02968687 0.62416565 10.35899544 0.13612320 -0.26986101 -0.05885352
-0.00156885 -0.15039383 -0.97364524 0.01536052 0.77126068 -0.07877297 -0.00156885 -0.15039383 -0.97364521 0.01536052 0.77126068 -0.07877297
1.02095610 0.94121710 -0.21305543 0.98027616 0.67252622 0.70043502 1.02095616 0.94121712 -0.21305543 0.98027617 0.67252624 0.70043504
0.06464560 0.25241549 0.03008100 -0.12774017 -0.06531068 0.03305184 0.06464560 0.25241548 0.03008100 -0.12774016 -0.06531068 0.03305184
10.19711889 2.25386629 6.28819747 -4.79405283 -3.55530982 7.56226897 10.19711876 2.25386620 6.28819752 -4.79405260 -3.55530977 7.56226873
0.00072460 7.68034908 5.18301918 -0.07460024 5.92714618 -0.05757115 0.00072460 7.68034887 5.18301916 -0.07460024 5.92714596 -0.05757115
0.49891885 0.00187851 2.36008960 0.03061416 0.03070838 0.50045448 0.49891886 0.00187851 2.36008954 0.03061415 0.03070838 0.50045449
0.01649385 1.82573575 1.74413170 0.17353217 1.23103865 0.11700752 0.01649385 1.82573581 1.74413168 0.17353217 1.23103869 0.11700752
0.02482897 0.06591771 11.07359055 0.04045577 -0.23366616 -0.14340826 0.02482897 0.06591771 11.07359028 0.04045577 -0.23366617 -0.14340825
0.34010824 0.04833224 7.28155576 -0.12821151 -0.09779783 0.25942950 0.34010825 0.04833224 7.28155565 -0.12821151 -0.09779783 0.25942951
1.46167163 0.04175408 15.66998683 -0.24704402 0.09883102 -0.58474802 1.46167159 0.04175407 15.66998672 -0.24704403 0.09883102 -0.58474803
0.02245485 0.79576217 -0.84715903 -0.13367392 0.13209008 -0.02218879 0.02245485 0.79576218 -0.84715903 -0.13367392 0.13209008 -0.02218879
5.13729700 13.09787674 18.11609900 -8.20290698 -7.30374073 4.57416930 5.13729715 13.09787655 18.11609840 -8.20290661 -7.30374050 4.57416916
0.00462549 3.20982030 1.48992819 -0.12184824 2.00920057 -0.07627142 0.00462549 3.20982027 1.48992825 -0.12184824 2.00920057 -0.07627142
-0.85835532 -0.00002294 -0.93006429 -0.00443735 0.00340372 0.65841010 -0.85835534 -0.00002294 -0.93006426 -0.00443735 0.00340372 0.65841007
-0.01257294 -0.45158460 3.59245097 0.07535081 0.16043965 -0.02677075 -0.01257294 -0.45158461 3.59245086 0.07535081 0.16043966 -0.02677075
0.12259671 1.78729869 2.27386283 0.46809928 0.99381275 0.26028276 0.12259671 1.78729868 2.27386284 0.46809927 0.99381274 0.26028275
5.79402443 1.88801411 4.16153980 3.30744612 2.58062529 4.52077084 5.79402447 1.88801408 4.16154003 3.30744624 2.58062530 4.52077103
-0.17296044 -0.34867386 -1.65321379 -0.24557439 -0.35397107 -0.24930527 -0.17296043 -0.34867385 -1.65321374 -0.24557438 -0.35397106 -0.24930526
0.06279041 0.87515437 0.73557137 -0.23441694 0.59845658 -0.16030128 0.06279041 0.87515438 0.73557138 -0.23441695 0.59845656 -0.16030127
0.37698058 0.66338524 3.37005666 -0.50008335 1.35914943 -1.02457509 0.37698057 0.66338527 3.37005663 -0.50008333 1.35914946 -1.02457511
-0.29432728 -0.15644218 -1.73389651 0.21458146 -0.41509425 0.56935751 -0.29432729 -0.15644218 -1.73389649 0.21458146 -0.41509426 0.56935751
-0.00132406 -0.07257797 -1.73009291 0.00980295 0.37901496 -0.05119275 -0.00132406 -0.07257797 -1.73009288 0.00980295 0.37901497 -0.05119275
-0.19052025 -1.23702733 -2.58119787 0.48546757 -1.11703211 0.43837581 -0.19052026 -1.23702729 -2.58119798 0.48546758 -1.11703205 0.43837580
6.54940160 0.70162055 7.99438781 -2.14364053 -1.94750939 5.95016791 6.54940176 0.70162052 7.99438763 -2.14364052 -1.94750941 5.95016813
0.07023816 0.12841412 1.86786939 0.09497142 -0.16176056 -0.11963350 0.07023816 0.12841412 1.86786938 0.09497143 -0.16176055 -0.11963350
-1.07230176 -0.56087069 -1.99136639 -0.77551443 0.26771824 0.37017330 -1.07230175 -0.56087071 -1.99136639 -0.77551442 0.26771823 0.37017331
-0.52874028 -0.75153014 -1.03295125 0.63036835 0.02227443 -0.01868334 -0.52874029 -0.75153011 -1.03295124 0.63036835 0.02227443 -0.01868334
-0.00322912 -0.12210223 -2.04376007 0.01985656 -0.43575754 0.07086395 -0.00322912 -0.12210223 -2.04376006 0.01985656 -0.43575755 0.07086395
-0.26259215 -1.19796849 -2.02404878 -0.56087175 -0.66746544 -0.31249779 -0.26259214 -1.19796848 -2.02404881 -0.56087172 -0.66746545 -0.31249779
-0.00304596 -0.31023035 9.64508842 0.03074003 -0.27727997 0.02747505 -0.00304596 -0.31023034 9.64508820 0.03074003 -0.27727997 0.02747505
-0.47560828 -0.68312853 -3.26192554 0.57000139 -0.85595403 0.71420672 -0.47560829 -0.68312854 -3.26192546 0.57000136 -0.85595405 0.71420670
6.54593098 3.02596064 4.43603605 -4.45058755 3.58841173 -5.27784147 6.54593086 3.02596068 4.43603611 -4.45058775 3.58841181 -5.27784157
13.22685056 0.37140170 8.31973720 -2.21641033 1.48410573 -8.85668348 13.22685051 0.37140170 8.31973743 -2.21641040 1.48410571 -8.85668373
0.02260362 0.26322139 8.92597108 -0.07713466 0.11315721 -0.03315970 0.02260362 0.26322138 8.92597103 -0.07713466 0.11315721 -0.03315970
23.02056898 29.82886597 52.84900106 -26.20453141 -0.00001531 0.00001345 23.02056885 29.82886505 52.84900284 -26.20453072 -0.00001531 0.00001345
0.74333765 37.53496698 38.67514537 5.28215430 1.11746242 0.15725627 0.74333763 37.53496552 38.67514420 5.28215408 1.11746240 0.15725628
0.85354795 32.96444292 36.81209049 5.30440690 -8.38426217 -1.34913665 0.85354793 32.96444321 36.81209183 5.30440712 -8.38426208 -1.34913659
2.62146877 23.11277311 43.21560909 -7.78392015 -14.34793966 4.83209938 2.62146878 23.11277390 43.21561050 -7.78392029 -14.34793949 4.83209944
9.27777069 4.89720474 52.74347673 -6.74055952 -9.51130887 13.09145664 9.27777100 4.89720488 52.74347687 -6.74055958 -9.51130867 13.09145641
0.02954035 3.88311796 63.09798213 -0.33868668 -10.73016034 0.93588772 0.02954035 3.88311791 63.09798050 -0.33868667 -10.73016071 0.93588769
0.00000000 0.00000000 66.67726415 0.00000000 0.00000000 0.00000000 0.00000000 0.00000000 66.67726135 0.00000000 0.00000000 0.00000000
21.66862848 5.35190142 27.02037750 -10.76886082 0.00000760 -0.00001528 21.66862869 5.35190153 27.02037811 -10.76886082 0.00000760 -0.00001528
15.04157953 2.82403628 17.88718089 -6.51751228 0.02491224 -0.05749423 15.04157925 2.82403636 17.88718033 -6.51751232 0.02491223 -0.05749423
4.35915350 12.78693406 19.02681215 -7.46593653 -4.60774757 2.69033615 4.35915327 12.78693390 19.02681160 -7.46593666 -4.60774755 2.69033623
7.76725480 5.45148005 21.58845874 -6.50715257 -4.65494142 5.55636520 7.76725483 5.45147991 21.58845901 -6.50715256 -4.65494156 5.55636501
0.22409197 6.99536640 26.01739760 1.25204052 -7.76381989 -1.38957941 0.22409198 6.99536657 26.01739693 1.25204051 -7.76381969 -1.38957942
0.04193373 1.95316501 32.49486322 -0.28618786 -5.49188588 0.80469958 0.04193373 1.95316505 32.49486160 -0.28618786 -5.49188566 0.80469960
0.00000000 0.00000000 34.40257920 0.00000000 0.00000000 0.00000000 0.00000000 0.00000000 34.40258026 0.00000000 0.00000000 0.00000000
0.00407030 11.32938039 11.33322162 0.21474170 0.00000000 0.00000000 0.00407030 11.32938004 11.33322144 0.21474171 0.00000000 0.00000000
0.02172730 8.70976282 8.18895939 -0.43501680 -1.53613922 0.07672383 0.02172730 8.70976257 8.18895912 -0.43501678 -1.53613925 0.07672383
0.10262071 7.38981636 8.73923957 0.87083191 -3.51212152 -0.41387598 0.10262071 7.38981628 8.73923969 0.87083191 -3.51212144 -0.41387597
3.84413684 2.52071228 9.97820455 3.11287053 -1.96928949 -2.43190913 3.84413695 2.52071238 9.97820473 3.11287045 -1.96928954 -2.43190908
2.10657419 1.79109580 12.52426674 1.94244078 -2.45349597 -2.66081280 2.10657430 1.79109585 12.52426720 1.94244075 -2.45349598 -2.66081285
0.43560933 0.35305093 13.41552645 -0.39216359 -1.53745521 1.70778179 0.43560934 0.35305092 13.41552639 -0.39216357 -1.53745520 1.70778179
0.00000000 0.00000000 13.93451344 0.00000000 0.00000000 0.00000000 0.00000000 0.00000000 13.93451309 0.00000000 0.00000000 0.00000000
17.75672250 28.54655329 12.14742772 22.51428935 -11.25214252 -8.87441611 17.75672340 28.54655266 12.14742756 22.51428986 -11.25214291 -8.87441635
2.76928249 2.35091881 5.12017935 2.55154038 -0.00000000 -0.00000000 2.76928258 2.35091877 5.12017918 2.55154037 -0.00000000 -0.00000000
4.09302162 0.61055142 3.95518370 1.58082263 -0.76437169 -1.97908973 4.09302139 0.61055142 3.95518374 1.58082259 -0.76437169 -1.97908974
2.55190604 0.20017651 3.56885502 0.71472487 -0.62460949 -2.23015149 2.55190611 0.20017651 3.56885505 0.71472490 -0.62460947 -2.23015141
0.07408335 2.09228103 3.29706369 -0.39370443 -0.96242338 0.18109917 0.07408334 2.09228110 3.29706359 -0.39370444 -0.96242338 0.18109916
0.02329435 1.91265236 4.22430122 -0.21107815 -0.95436091 0.10532219 0.02329435 1.91265237 4.22430134 -0.21107815 -0.95436090 0.10532219
0.25490530 0.14159961 3.20193732 -0.18998550 -0.30509470 0.40934836 0.25490528 0.14159961 3.20193744 -0.18998550 -0.30509469 0.40934837
0.00000000 0.00000000 1.96744983 0.00000000 0.00000000 0.00000000 0.00000000 0.00000000 1.96744978 0.00000000 0.00000000 0.00000000
0.52351871 30.69814855 7.54387263 -4.00887205 -9.85051918 1.28637957 0.52351868 30.69814873 7.54387283 -4.00887203 -9.85051918 1.28637958
1.43388176 1.64485329 3.07878573 1.53574905 -0.00000000 -0.00000000 1.43388176 1.64485323 3.07878566 1.53574908 -0.00000000 -0.00000000
2.82904376 0.00472832 2.07894825 0.11565731 -0.08742486 -2.13846196 2.82904387 0.00472832 2.07894826 0.11565731 -0.08742486 -2.13846207
0.17017429 0.56160085 1.17067173 0.30914402 -1.09038434 -0.60022310 0.17017430 0.56160086 1.17067170 0.30914402 -1.09038436 -0.60022312
0.02286238 0.18751144 0.02786245 0.06547486 0.14918272 0.05209132 0.02286238 0.18751144 0.02786245 0.06547486 0.14918272 0.05209132
0.20582928 0.57358329 0.19992490 -0.34359895 0.20856273 -0.12493728 0.20582928 0.57358330 0.19992490 -0.34359893 0.20856273 -0.12493728
0.37922811 0.03993815 1.73783693 -0.12306774 -0.07407790 0.22826796 0.37922812 0.03993815 1.73783696 -0.12306774 -0.07407790 0.22826797
0.00000000 0.00000000 2.22272406 0.00000000 0.00000000 0.00000000 0.00000000 0.00000000 2.22272396 0.00000000 0.00000000 0.00000000
8.40366779 11.12925317 5.84196332 -9.67091238 -4.33591958 3.76775492 8.40366745 11.12925339 5.84196329 -9.67091274 -4.33591938 3.76775503
1.33749862 0.71567738 2.05316829 0.97837493 0.00000163 0.00000223 1.33749866 0.71567738 2.05316830 0.97837496 0.00000163 0.00000223
0.65981770 0.37755972 0.36812516 0.49911981 -1.14490778 -1.51352522 0.65981770 0.37755972 0.36812517 0.49911982 -1.14490783 -1.51352525
-0.47823722 -0.14639077 -0.42878089 0.26459311 -0.26888114 0.48598759 -0.47823721 -0.14639077 -0.42878088 0.26459312 -0.26888114 0.48598760
-0.48165587 -0.15676002 -1.48956124 0.27478061 0.36526225 -0.64025881 -0.48165587 -0.15676002 -1.48956120 0.27478060 0.36526224 -0.64025879
0.12841521 0.03360299 -1.14084772 -0.06568968 0.24893408 -0.48663533 0.12841521 0.03360299 -1.14084768 -0.06568968 0.24893408 -0.48663533
0.26137760 0.01274133 0.83053443 0.05770874 -0.02183085 -0.09887751 0.26137760 0.01274133 0.83053440 0.05770874 -0.02183085 -0.09887751
0.00000000 0.00000000 1.97751845 0.00000000 0.00000000 0.00000000 0.00000000 0.00000000 1.97751844 0.00000000 0.00000000 0.00000000
3.67321252 7.52522480 5.04549217 5.25754220 -2.11621752 -1.47850771 3.67321253 7.52522469 5.04549217 5.25754213 -2.11621761 -1.47850776
0.14420461 0.75532282 0.89950689 0.33003187 -0.00000268 -0.00000117 0.14420462 0.75532281 0.89950687 0.33003187 -0.00000268 -0.00000117
-0.02773622 -0.56473291 -1.12658128 -0.12515413 -1.47873698 -0.32771251 -0.02773622 -0.56473291 -1.12658131 -0.12515414 -1.47873700 -0.32771251
-0.11646722 -1.60838824 -1.69209685 0.43281001 -0.08969111 0.02413547 -0.11646722 -1.60838819 -1.69209683 0.43281001 -0.08969111 0.02413547
-0.06193116 -1.15792537 -2.38017419 -0.26779034 0.97902514 0.22641656 -0.06193116 -1.15792537 -2.38017416 -0.26779035 0.97902513 0.22641656
-0.02453746 -0.29618029 -2.11716458 -0.08524970 0.72429130 0.20847308 -0.02453746 -0.29618028 -2.11716461 -0.08524971 0.72429132 0.20847309
0.02366351 0.02987201 -0.83051728 0.02658715 0.12018196 0.10696623 0.02366351 0.02987201 -0.83051729 0.02658715 0.12018196 0.10696623
0.00000000 0.00000000 0.13667816 0.00000000 0.00000000 0.00000000 0.00000000 0.00000000 0.13667816 0.00000000 0.00000000 0.00000000
2.35187179 3.96658243 4.03620825 3.05432371 -0.75874443 -0.58424378 2.35187173 3.96658254 4.03620815 3.05432367 -0.75874442 -0.58424377
-0.06416505 -0.20282046 -0.26694993 0.11407885 -0.00000000 0.00000000 -0.06416505 -0.20282046 -0.26694992 0.11407886 -0.00000000 0.00000000
-0.53662904 -1.06174735 -2.03343435 0.75482744 -1.00555731 0.71488029 -0.53662902 -1.06174731 -2.03343439 0.75482744 -1.00555730 0.71488029
-0.55057277 -1.74477445 -2.34555065 -0.98011494 0.12417955 0.06975700 -0.55057275 -1.74477446 -2.34555054 -0.98011494 0.12417956 0.06975701
-0.04163695 -1.52205806 -2.79828848 -0.25174164 1.05486277 0.17446962 -0.04163695 -1.52205801 -2.79828858 -0.25174165 1.05486274 0.17446962
-0.15878917 -0.51269249 -2.95642370 0.28532440 0.83767181 -0.46618238 -0.15878917 -0.51269251 -2.95642376 0.28532439 0.83767182 -0.46618238
-0.07331557 -0.06637131 -2.63856056 0.06975708 0.31347201 -0.32946303 -0.07331557 -0.06637131 -2.63856053 0.06975708 0.31347200 -0.32946303
0.00000000 0.00000000 -2.22636715 0.00000000 0.00000000 0.00000000 0.00000000 0.00000000 -2.22636724 0.00000000 0.00000000 0.00000000
