0.84903059 1.12322875 0.68957270 -0.00000000 0.00000450 0.00000221 0.84903061 1.12322879 0.68957269 -0.00000000 0.00000450 0.00000221
0.54804799 0.78374529 0.57948150 -0.00000000 -0.00000310 -0.00000636 0.54804796 0.78374529 0.57948148 -0.00000000 -0.00000310 -0.00000636
0.59012883 0.92464901 0.43183720 -0.00000000 -0.00000621 0.00000327 0.59012884 0.92464900 0.43183720 -0.00000000 -0.00000621 0.00000327
0.38457065 0.66678728 0.34757707 -0.00000000 -0.00000387 -0.00000903 0.38457066 0.66678727 0.34757707 -0.00000000 -0.00000387 -0.00000903
0.33832101 0.73316623 0.18218038 -0.00000000 -0.00000852 0.00000454 0.33832100 0.73316622 0.18218037 -0.00000000 -0.00000852 0.00000454
0.22452061 0.55423389 0.12312250 -0.00000000 0.00000470 -0.00001194 0.22452061 0.55423391 0.12312251 -0.00000000 0.00000470 -0.00001194
0.14106637 0.57839984 -0.04966909 0.00000000 -0.00000614 0.00000649 0.14106637 0.57839984 -0.04966909 0.00000000 -0.00000614 0.00000649
0.07010812 0.44606379 -0.09507455 -0.00000000 0.00000644 0.00000549 0.07010812 0.44606379 -0.09507455 -0.00000000 0.00000644 0.00000549
-0.02663129 0.44329432 -0.27044563 -0.00000000 -0.00000387 0.00000245 -0.02663129 0.44329432 -0.27044562 -0.00000000 -0.00000387 0.00000245
-0.08384777 0.34058634 -0.30944807 -0.00000000 0.00000190 0.00000214 -0.08384777 0.34058633 -0.30944806 -0.00000000 0.00000190 0.00000214
-0.19218144 0.31325601 -0.44410673 -0.00000000 -0.00000204 -0.00000096 -0.19218144 0.31325600 -0.44410673 -0.00000000 -0.00000204 -0.00000096
-0.23390988 0.24077679 -0.46994497 0.00000000 -0.00000417 -0.00000087 -0.23390988 0.24077679 -0.46994495 0.00000000 -0.00000417 -0.00000087
-0.35495390 0.18641945 -0.59141884 -0.00000000 -0.00001173 -0.00000369 -0.35495391 0.18641946 -0.59141886 -0.00000000 -0.00001173 -0.00000369
-0.38038563 0.14304412 -0.60839482 -0.00000000 0.00000975 -0.00000348 -0.38038564 0.14304413 -0.60839480 -0.00000000 0.00000975 -0.00000348
-0.43430900 0.12378043 -0.66424783 0.00000000 0.00000198 -0.00000508 -0.43430901 0.12378043 -0.66424781 0.00000000 0.00000198 -0.00000508
-0.44981027 0.09487379 -0.67535290 0.00000000 0.00000622 -0.00000488 -0.44981027 0.09487379 -0.67535293 0.00000000 0.00000622 -0.00000488
-0.51311859 0.06159403 -0.73650578 0.00000000 0.00000066 0.00001127 -0.51311857 0.06159403 -0.73650581 0.00000000 0.00000066 0.00001127
-0.52040381 0.04784282 -0.74202996 -0.00000000 0.00000754 0.00001104 -0.52040380 0.04784282 -0.74202996 -0.00000000 0.00000754 0.00001104
-0.59132185 -0.00010618 -0.80814823 0.00000000 -0.00000680 0.00000948 -0.59132183 -0.00010618 -0.80814821 0.00000000 -0.00000680 0.00000948
-0.59132185 -0.00010618 -0.80814823 0.00000000 -0.00000680 0.00000948 -0.59132183 -0.00010618 -0.80814821 0.00000000 -0.00000680 0.00000948
-0.66895049 -0.06136520 -0.87896994 -0.00000000 0.00000572 0.00000790 -0.66895050 -0.06136520 -0.87896991 -0.00000000 0.00000572 0.00000790
-0.66086339 -0.04615682 -0.87448645 -0.00000000 -0.00000198 0.00000808 -0.66086340 -0.04615682 -0.87448645 -0.00000000 -0.00000198 0.00000808
-0.74598368 -0.12190803 -0.94904080 0.00000000 0.00000414 0.00000669 -0.74598366 -0.12190803 -0.94904083 0.00000000 0.00000414 0.00000669
-0.72940956 -0.09135239 -0.93801173 0.00000000 0.00000470 0.00000691 -0.72940958 -0.09135239 -0.93801171 0.00000000 0.00000470 0.00000691
-0.82182622 -0.18096392 -1.01772120 0.00000000 -0.00000568 0.00000513 -0.82182622 -0.18096392 -1.01772118 0.00000000 -0.00000568 0.00000513
-0.79600800 -0.13548724 -1.00061419 -0.00000000 0.00000541 0.00000548 -0.79600799 -0.13548724 -1.00061417 -0.00000000 0.00000541 0.00000548
-0.94440293 -0.28175439 -1.14916827 -0.00000000 -0.00000469 -0.00000212 -0.94440293 -0.28175437 -1.14916825 -0.00000000 -0.00000469 -0.00000212
-0.92493873 -0.22093055 -1.12068304 -0.00000000 -0.00000413 0.00000281 -0.92493874 -0.22093055 -1.12068307 -0.00000000 -0.00000413 0.00000281
-1.01600442 -0.34197546 -1.23533517 -0.00000000 0.00000575 -0.00000047 -1.01600444 -0.34197545 -1.23533511 -0.00000000 0.00000575 -0.00000047
-1.01153756 -0.27716498 -1.22635962 -0.00000000 -0.00000476 -0.00000044 -1.01153755 -0.27716497 -1.22635961 -0.00000000 -0.00000476 -0.00000044
-1.08846021 -0.39956372 -1.30479295 0.00000000 0.00000172 0.00000129 -1.08846021 -0.39956373 -1.30479300 0.00000000 0.00000172 0.00000129
-1.07956871 -0.32213000 -1.31663810 -0.00000000 0.00000212 0.00000120 -1.07956874 -0.32212999 -1.31663811 -0.00000000 0.00000212 0.00000120
-1.16203243 -0.45912552 -1.37398207 0.00000000 0.00000364 0.00000287 -1.16203249 -0.45912552 -1.37398207 0.00000000 0.00000364 0.00000287
-1.14814025 -0.35511977 -1.38050142 0.00000000 0.00000538 0.00000258 -1.14814019 -0.35511976 -1.38050139 0.00000000 0.00000538 0.00000258
-1.23675693 -0.51998085 -1.44282484 0.00000000 0.00000100 0.00000402 -1.23675692 -0.51998085 -1.44282484 0.00000000 0.00000100 0.00000402
-1.21667741 -0.39002359 -1.44575499 -0.00000000 -0.00000507 0.00000356 -1.21667743 -0.39002359 -1.44575500 -0.00000000 -0.00000507 0.00000356
-1.31179495 -0.58123713 -1.51006738 0.00000000 -0.00000043 0.00000517 -1.31179500 -0.58123714 -1.51006734 0.00000000 -0.00000043 0.00000517
-1.28523875 -0.42209933 -1.50691294 0.00000000 -0.00000372 0.00000451 -1.28523874 -0.42209932 -1.50691295 0.00000000 -0.00000372 0.00000451
