108.92343367 120.27378909 100.67551588 0.00004260 0.00761725 0.00013712 108.92343140 120.27378845 100.67551422 0.00004260 0.00761725 0.00013712
103.02668804 113.45124873 95.48669508 -0.00012427 0.00742843 -0.00011921 103.02668762 113.45124817 95.48669434 -0.00012427 0.00742843 -0.00011921
97.79545700 107.20238906 90.72441811 0.00016231 0.00839898 -0.00001164 97.79545593 107.20239258 90.72441864 0.00016231 0.00839898 -0.00001164
92.50347966 100.96018339 85.93793160 -0.00012231 0.00834613 0.00010257 92.50347900 100.96018219 85.93793488 -0.00012231 0.00834613 0.00010257
86.59878847 94.07473996 80.53353375 -0.00020008 0.00839398 0.00023461 86.59878540 94.07473755 80.53353119 -0.00020008 0.00839398 0.00023461
80.80360285 87.39770982 75.17671026 0.00000489 0.00904840 0.00002637 80.80360413 87.39771271 75.17671204 0.00000489 0.00904840 0.00002637
75.46028385 81.34701486 70.26664429 0.00008149 0.00927725 -0.00009342 75.46028137 81.34701538 70.26664734 0.00008149 0.00927725 -0.00009342
70.60414545 75.86733695 65.82970732 -0.00002229 0.00948529 -0.00010654 70.60414886 75.86734009 65.82970428 -0.00002229 0.00948529 -0.00010654
66.12152806 70.84750249 61.75350638 0.00010762 0.00903203 0.00012444 66.12152863 70.84750366 61.75350571 0.00010762 0.00903203 0.00012444
61.94059707 66.15167819 57.95996161 0.00003399 0.00876160 -0.00005954 61.94059753 66.15167999 57.95996094 0.00003399 0.00876160 -0.00005954
58.04036696 61.74522782 54.39947401 -0.00001476 0.00804063 -0.00006613 58.04036713 61.74522781 54.39947510 -0.00001476 0.00804063 -0.00006613
54.35487726 57.54734293 51.00928393 -0.00001381 0.00737293 0.00011565 54.35487747 57.54734421 51.00928497 -0.00001381 0.00737293 0.00011565
50.85544931 53.52660206 47.75568038 0.00001843 0.00641548 -0.00001507 50.85544968 53.52660370 47.75568008 0.00001843 0.00641548 -0.00001507
47.55893110 49.68469115 44.66375546 -0.00000513 0.00586856 0.00006376 47.55892944 49.68469238 44.66375732 -0.00000513 0.00586856 0.00006376
44.51678454 46.14189823 41.82623234 0.00009294 0.00474222 -0.00002263 44.51678467 46.14189911 41.82623291 0.00009294 0.00474222 -0.00002263
41.75994768 43.03904572 39.32517887 -0.00002545 0.00411694 -0.00002255 41.75994873 43.03904724 39.32518005 -0.00002545 0.00411694 -0.00002255
39.25720188 40.35052022 37.15978297 -0.00002100 0.00368127 -0.00000633 39.25720215 40.35052109 37.15978241 -0.00002100 0.00368127 -0.00000633
36.85311235 37.90523967 35.14208079 0.00003624 0.00345268 0.00004660 36.85311127 37.90523911 35.14208221 0.00003624 0.00345268 0.00004660
34.29706755 35.40076385 32.94798749 0.00003364 0.00341382 -0.00007223 34.29706573 35.40076447 32.94798660 0.00003364 0.00341382 -0.00007223
31.43071402 32.61308585 30.39946277 0.00000916 0.00335128 0.00004643 31.43071365 32.61308670 30.39946365 0.00000916 0.00335128 0.00004643
28.27965060 29.51046079 27.50893629 -0.00004921 0.00315461 -0.00003861 28.27964973 29.51045990 27.50893593 -0.00004921 0.00315461 -0.00003861
24.97011151 26.19625541 24.40294055 -0.00003436 0.00294417 -0.00005339 24.97011185 26.19625473 24.40294075 -0.00003436 0.00294417 -0.00005339
21.69084238 22.86938893 21.29400325 0.00002837 0.00272766 -0.00003285 21.69084167 22.86938858 21.29400253 0.00002837 0.00272766 -0.00003285
18.66965593 19.76498915 18.40002799 -0.00000250 0.00341086 -0.00002704 18.66965675 19.76498985 18.40002823 -0.00000250 0.00341086 -0.00002704
16.04096318 17.03885126 15.85270023 -0.00000699 0.00306674 -0.00000685 16.04096413 17.03885078 15.85270023 -0.00000699 0.00306674 -0.00000685
13.82475531 14.73108525 13.67689363 -0.00002226 0.00274877 0.00000394 13.82475567 14.73108482 13.67689323 -0.00002226 0.00274877 0.00000394
11.98571946 12.79574167 11.83943188 -0.00004206 0.00198691 -0.00002036 11.98571968 12.79574203 11.83943176 -0.00004206 0.00198691 -0.00002036
10.43596479 11.14828605 10.26420861 -0.00001486 0.00182608 -0.00001495 10.43596458 11.14828587 10.26420879 -0.00001486 0.00182608 -0.00001495
9.07453263 9.70319762 8.87373399 -0.00001426 0.00168445 -0.00002163 9.07453251 9.70319748 8.87373352 -0.00001426 0.00168445 -0.00002163
7.84622727 8.40294781 7.62360713 -0.00000521 0.00157528 -0.00000349 7.84622717 8.40294743 7.62360716 -0.00000521 0.00157528 -0.00000349
6.72236623 7.21828829 6.48671560 -0.00000178 0.00145393 0.00000355 6.72236633 7.21828842 6.48671579 -0.00000178 0.00145393 0.00000355
5.67873584 6.12525796 5.44686994 -0.00000740 0.00138245 0.00000519 5.67873573 6.12525797 5.44686985 -0.00000740 0.00138245 0.00000519
4.70389047 5.10249348 4.48578560 -0.00001453 0.00128987 0.00000284 4.70389032 5.10249329 4.48578548 -0.00001453 0.00128987 0.00000284
3.79936253 4.14545240 3.60137840 0.00000969 0.00119255 -0.00000773 3.79936242 4.14545250 3.60137844 0.00000969 0.00119255 -0.00000773
2.96270794 3.25289791 2.79223229 0.00001052 0.00114142 -0.00000139 2.96270800 3.25289798 2.79223228 0.00001052 0.00114142 -0.00000139
2.19367495 2.42878458 2.05719294 -0.00000984 0.00110083 -0.00000036 2.19367504 2.42878461 2.05719304 -0.00000984 0.00110083 -0.00000036
1.52121672 1.70319039 1.42402623 -0.00000498 0.00136956 0.00000394 1.52121675 1.70319045 1.42402625 -0.00000498 0.00136956 0.00000394
0.95025299 1.07950801 0.89430730 0.00000461 0.00071256 -0.00000643 0.95025301 1.07950807 0.89430732 0.00000461 0.00071256 -0.00000643
0.85044446 0.96756744 0.79946112 0.00000884 0.00071752 -0.00000347 0.85044444 0.96756744 0.79946113 0.00000884 0.00071752 -0.00000347
0.75261874 0.85763861 0.70626064 -0.00000787 0.00073524 0.00000904 0.75261873 0.85763860 0.70626062 -0.00000787 0.00073524 0.00000904
0.65637797 0.74982088 0.61461541 -0.00000056 0.00074012 0.00000564 0.65637797 0.74982089 0.61461544 -0.00000056 0.00074012 0.00000564
0.56185767 0.64425422 0.52445194 -0.00000031 0.00074564 0.00000723 0.56185764 0.64425421 0.52445191 -0.00000031 0.00074564 0.00000723
0.46923334 0.54255556 0.43702843 -0.00000718 0.00040568 0.00000137 0.46923333 0.54255557 0.43702844 -0.00000718 0.00040568 0.00000137
0.37866523 0.44727129 0.35414279 0.00000093 0.00060423 0.00000024 0.37866524 0.44727129 0.35414279 0.00000093 0.00060423 0.00000024
0.28976356 0.36046448 0.27495736 0.00000061 0.00062864 -0.00001096 0.28976357 0.36046448 0.27495736 0.00000061 0.00062864 -0.00001096
0.20241941 0.27497093 0.19642891 0.00000277 0.00063911 -0.00000902 0.20241940 0.27497092 0.19642891 0.00000277 0.00063911 -0.00000902
0.11663041 0.19061486 0.11889585 0.00000060 0.00065252 0.00000399 0.11663041 0.19061486 0.11889585 0.00000060 0.00065252 0.00000399
0.03239810 0.10733429 0.04234156 -0.00000515 0.00066159 0.00000310 0.03239810 0.10733429 0.04234156 -0.00000515 0.00066159 0.00000310
-0.05058039 0.02513557 -0.03323840 0.00000305 0.00068461 0.00000396 -0.05058039 0.02513557 -0.03323840 0.00000305 0.00068461 0.00000396
-0.13223819 -0.05590813 -0.10794222 -0.00000429 0.00069691 0.00000014 -0.13223819 -0.05590813 -0.10794222 -0.00000429 0.00069691 0.00000014
-0.21248840 -0.13586422 -0.18177680 0.00000170 0.00069506 0.00000098 -0.21248840 -0.13586421 -0.18177681 0.00000170 0.00069506 0.00000098
-0.29143142 -0.21498834 -0.25517518 -0.00000257 0.00071446 -0.00000005 -0.29143143 -0.21498834 -0.25517517 -0.00000257 0.00071446 -0.00000005
-0.36907827 -0.29312937 -0.32795924 0.00000140 0.00071915 0.00000201 -0.36907828 -0.29312938 -0.32795924 0.00000140 0.00071915 0.00000201
-0.44561069 -0.37035215 -0.39999271 -0.00000466 0.00073869 0.00000042 -0.44561070 -0.37035215 -0.39999270 -0.00000466 0.00073869 0.00000042
-0.52087541 -0.44666643 -0.47119240 -0.00000264 0.00073585 -0.00000394 -0.52087539 -0.44666642 -0.47119239 -0.00000264 0.00073585 -0.00000394
-0.59497254 -0.52210012 -0.54154321 0.00000308 0.00074232 -0.00000092 -0.59497255 -0.52210009 -0.54154319 0.00000308 0.00074232 -0.00000092
-0.66787619 -0.59661673 -0.61105900 0.00000401 0.00075086 -0.00000012 -0.66787618 -0.59661674 -0.61105901 0.00000401 0.00075086 -0.00000012
-0.73936338 -0.67005232 -0.67960465 -0.00000326 0.00082533 0.00000422 -0.73936337 -0.67005235 -0.67960465 -0.00000326 0.00082533 0.00000422
-0.80487362 -0.74098220 -0.74440457 0.00000362 0.00083290 0.00000356 -0.80487365 -0.74098217 -0.74440455 0.00000362 0.00083290 0.00000356
-0.86910157 -0.81087648 -0.80808677 -0.00000235 0.00085887 -0.00000250 -0.86910158 -0.81087649 -0.80808675 -0.00000235 0.00085887 -0.00000250
-0.92900665 -0.87837743 -0.86671507 0.00000238 0.00085881 0.00000319 -0.92900664 -0.87837744 -0.86671507 0.00000238 0.00085881 0.00000319
-0.98794430 -0.94494516 -0.92467247 0.00000291 0.00085777 -0.00000251 -0.98794430 -0.94494516 -0.92467248 0.00000291 0.00085777 -0.00000251
-1.04606643 -1.01067337 -0.98204670 -0.00000071 0.00085475 0.00000815 -1.04606640 -1.01067340 -0.98204672 -0.00000071 0.00085475 0.00000815
-1.10339788 -1.07556789 -1.03891966 0.00000203 0.00085454 0.00000447 -1.10339785 -1.07556784 -1.03891969 0.00000203 0.00085454 0.00000447
-1.15994060 -1.13976905 -1.09518513 0.00000165 0.00084937 -0.00000003 -1.15994060 -1.13976908 -1.09518516 0.00000165 0.00084937 -0.00000003
-1.21552078 -1.20325823 -1.15085628 0.00000550 0.00085184 -0.00000039 -1.21552074 -1.20325828 -1.15085626 0.00000550 0.00085184 -0.00000039
-1.27026281 -1.26591033 -1.20582158 0.00000586 0.00084199 -0.00000188 -1.27026284 -1.26591027 -1.20582163 0.00000586 0.00084199 -0.00000188
-1.32420844 -1.32772839 -1.26004480 -0.00000043 0.00083856 -0.00000228 -1.32420850 -1.32772839 -1.26004481 -0.00000043 0.00083856 -0.00000228
-1.56970233 -1.60092098 -1.51486491 0.00000338 0.00071573 -0.00000187 -1.56970239 -1.60092103 -1.51486492 0.00000338 0.00071573 -0.00000187
-1.76604784 -1.80468291 -1.72640914 0.00000049 0.00032264 -0.00000338 -1.76604784 -1.80468297 -1.72640920 0.00000049 0.00032264 -0.00000338
-1.91146769 -1.97399628 -1.89539003 0.00000373 0.00032755 -0.00000222 -1.91146767 -1.97399628 -1.89539003 0.00000373 0.00032755 -0.00000222
-2.05459283 -2.13927997 -2.02050296 -0.00000237 0.00028194 -0.00000223 -2.05459285 -2.13928008 -2.02050304 -0.00000237 0.00028194 -0.00000223
-2.14651743 -2.28568059 -2.12923586 0.00000280 0.00030764 0.00000074 -2.14651752 -2.28568053 -2.12923574 0.00000280 0.00030764 0.00000074
-2.23877547 -2.41033063 -2.23263008 -0.00000245 0.00028983 -0.00000079 -2.23877549 -2.41033053 -2.23263001 -0.00000245 0.00028983 -0.00000079
-2.33308997 -2.51530268 -2.32970645 -0.00000015 0.00028559 0.00000043 -2.33309007 -2.51530266 -2.32970643 -0.00000015 0.00028559 0.00000043
