6.44398933 6.68987315 5.92382871 -0.00432928 -0.05293311 -0.00231277 6.44398928 6.68987322 5.92382860 -0.00432928 -0.05293310 -0.00231277
2.79366804 3.03896671 3.54956912 0.02696283 0.40736745 -0.88950071 2.79366803 3.03896666 3.54956913 0.02696283 0.40736744 -0.88950074
5.44744623 5.69413415 5.00585044 -0.00375790 -0.05474677 -0.00222394 5.44744635 5.69413424 5.00585032 -0.00375790 -0.05474677 -0.00222394
2.25958172 2.53057012 2.97143479 -0.01416613 0.39385878 -0.78292862 2.25958180 2.53057003 2.97143483 -0.01416613 0.39385879 -0.78292865
4.47149355 4.72092597 4.10300327 -0.00327290 -0.03168636 -0.00192919 4.47149372 4.72092581 4.10300350 -0.00327290 -0.03168636 -0.00192919
1.78009205 2.05377651 2.43130108 -0.04372027 0.38056710 -0.67629452 1.78009200 2.05377650 2.43130112 -0.04372027 0.38056710 -0.67629451
3.55733287 3.80132362 3.24636301 -0.00300413 0.00053506 -0.00151367 3.55733299 3.80132365 3.24636292 -0.00300413 0.00053506 -0.00151367
1.35386320 1.61271442 1.93706734 -0.06643124 0.36038368 -0.57014557 1.35386324 1.61271441 1.93706739 -0.06643125 0.36038369 -0.57014555
2.74265354 2.96718227 2.46444080 -0.00272516 0.03358630 -0.00115135 2.74265361 2.96718216 2.46444082 -0.00272516 0.03358630 -0.00115135
0.98020457 1.21486525 1.48473288 -0.09641406 0.32523118 -0.46964088 0.98020458 1.21486521 1.48473287 -0.09641407 0.32523116 -0.46964088
2.03497331 2.23752821 1.77028584 -0.00241513 0.06380915 -0.00080778 2.03497338 2.23752832 1.77028584 -0.00241513 0.06380915 -0.00080778
0.66143540 0.87163398 1.07870429 -0.13143422 0.28545923 -0.37757866 0.66143543 0.87163395 1.07870424 -0.13143422 0.28545922 -0.37757865
1.42957319 1.60321592 1.15904811 -0.00199855 0.08822083 -0.00050057 1.42957318 1.60321593 1.15904808 -0.00199855 0.08822083 -0.00050057
0.41665422 0.60934973 0.72345387 -0.15776179 0.24275155 -0.28715909 0.41665423 0.60934973 0.72345388 -0.15776180 0.24275155 -0.28715909
0.91167217 1.04922158 0.62811216 -0.00156505 0.10033507 -0.00032497 0.91167217 1.04922163 0.62811214 -0.00156505 0.10033507 -0.00032497
0.29948412 0.47420837 0.42827731 -0.15720600 0.20387982 -0.19139878 0.29948410 0.47420835 0.42827731 -0.15720600 0.20387982 -0.19139877
0.81706705 0.94741616 0.54526494 -0.00153699 0.09780669 -0.00030215 0.81706703 0.94741613 0.54526496 -0.00153699 0.09780668 -0.00030215
0.28525118 0.44919271 0.37912705 -0.14904053 0.19021216 -0.17057384 0.28525117 0.44919270 0.37912706 -0.14904052 0.19021216 -0.17057385
0.72507890 0.84797105 0.46412585 -0.00147119 0.09505141 -0.00028357 0.72507888 0.84797102 0.46412584 -0.00147119 0.09505142 -0.00028357
0.27529169 0.42476398 0.33157887 -0.13798560 0.17632591 -0.14872790 0.27529168 0.42476398 0.33157888 -0.13798560 0.17632590 -0.14872789
0.63543423 0.75068744 0.38455819 -0.00137282 0.09206814 -0.00025177 0.63543421 0.75068742 0.38455820 -0.00137282 0.09206814 -0.00025177
0.50977016 0.60188470 0.38071941 -0.00275784 0.13836891 -0.00296582 0.50977015 0.60188472 0.38071939 -0.00275784 0.13836890 -0.00296582
0.54794172 0.65599862 0.30665138 -0.00129140 0.08891276 -0.00024500 0.54794174 0.65599859 0.30665138 -0.00129140 0.08891276 -0.00024500
0.43529095 0.52298940 0.30257713 -0.00155306 0.12711012 -0.00178161 0.43529096 0.52298939 0.30257714 -0.00155306 0.12711012 -0.00178161
0.46250632 0.56351155 0.23023067 -0.00119603 0.08558594 -0.00021748 0.46250632 0.56351155 0.23023067 -0.00119603 0.08558594 -0.00021748
0.36221787 0.44449413 0.22875378 -0.00117898 0.11819666 -0.00131435 0.36221787 0.44449413 0.22875379 -0.00117898 0.11819666 -0.00131435
0.37895327 0.47280664 0.15507607 -0.00111191 0.08202408 -0.00018121 0.37895328 0.47280663 0.15507607 -0.00111191 0.08202408 -0.00018121
0.29137211 0.36773418 0.15519295 -0.00085461 0.10933763 -0.00098487 0.29137212 0.36773416 0.15519296 -0.00085461 0.10933763 -0.00098487
0.29728207 0.38389763 0.08109930 -0.00100471 0.07821884 -0.00019484 0.29728207 0.38389763 0.08109930 -0.00100471 0.07821884 -0.00019484
0.22100002 0.29174747 0.08144629 -0.00042529 0.10066614 -0.00067661 0.22100002 0.29174748 0.08144630 -0.00042529 0.10066614 -0.00067661
0.21785373 0.29709736 0.00861518 -0.00092288 0.07377319 -0.00018463 0.21785372 0.29709736 0.00861518 -0.00092288 0.07377319 -0.00018463
0.15309352 0.21672443 0.00767585 -0.00015926 0.09300662 -0.00043958 0.15309352 0.21672443 0.00767585 -0.00015926 0.09300662 -0.00043958
0.13991060 0.21182935 -0.06301232 -0.00082791 0.06909198 -0.00016903 0.13991061 0.21182935 -0.06301232 -0.00082791 0.06909198 -0.00016903
0.08322016 0.14113303 -0.06275969 -0.00005670 0.08494417 -0.00033001 0.08322016 0.14113303 -0.06275969 -0.00005670 0.08494417 -0.00033001
0.06316395 0.12567892 -0.13389340 -0.00055710 0.06356319 -0.00009474 0.06316394 0.12567891 -0.13389340 -0.00055710 0.06356319 -0.00009474
0.01542344 0.06726706 -0.13340976 0.00012835 0.07669650 -0.00013770 0.01542344 0.06726707 -0.13340977 0.00012835 0.07669650 -0.00013770
-0.01236096 0.04045008 -0.20391249 -0.00048753 0.05771429 -0.00008562 -0.01236096 0.04045008 -0.20391248 -0.00048753 0.05771429 -0.00008562
-0.04720202 -0.00549015 -0.20239536 0.00016543 0.06752353 -0.00012016 -0.04720202 -0.00549015 -0.20239536 0.00016543 0.06752352 -0.00012016
-0.08616906 -0.04154229 -0.27302958 -0.00051196 0.05173089 -0.00011946 -0.08616906 -0.04154229 -0.27302960 -0.00051196 0.05173089 -0.00011946
-0.11213273 -0.07479200 -0.27160768 0.00019561 0.05913098 -0.00002799 -0.11213273 -0.07479200 -0.27160767 0.00019561 0.05913098 -0.00002799
-0.15858135 -0.12168542 -0.34113797 -0.00043149 0.04566662 -0.00012050 -0.15858135 -0.12168542 -0.34113798 -0.00043149 0.04566662 -0.00012050
-0.17602043 -0.14451538 -0.33798981 0.00029381 0.05097723 0.00005091 -0.17602043 -0.14451538 -0.33798981 0.00029381 0.05097723 0.00005091
-0.22976211 -0.20061567 -0.40824849 -0.00035391 0.03956975 -0.00012167 -0.22976211 -0.20061567 -0.40824848 -0.00035391 0.03956975 -0.00012167
-0.23828163 -0.21069366 -0.40738042 0.00027001 0.04273641 -0.00002372 -0.23828162 -0.21069366 -0.40738043 0.00027001 0.04273641 -0.00002372
-0.30002514 -0.27838455 -0.47470993 -0.00026725 0.03338545 -0.00011738 -0.30002514 -0.27838454 -0.47470993 -0.00026725 0.03338545 -0.00011738
-0.30002514 -0.27838455 -0.47470993 -0.00026725 0.03338545 -0.00011738 -0.30002514 -0.27838454 -0.47470993 -0.00026725 0.03338545 -0.00011738
-0.36944045 -0.35501400 -0.54051391 -0.00019617 0.02715334 -0.00011703 -0.36944044 -0.35501400 -0.54051393 -0.00019617 0.02715334 -0.00011703
-0.36347739 -0.34893568 -0.53768929 0.00007298 0.02576703 0.00000530 -0.36347738 -0.34893569 -0.53768927 0.00007298 0.02576703 0.00000530
-0.43807307 -0.43063040 -0.60569886 -0.00011326 0.02088642 -0.00011538 -0.43807307 -0.43063039 -0.60569888 -0.00011326 0.02088642 -0.00011538
-0.42287996 -0.41090969 -0.60705973 0.00059888 0.01857969 0.00043100 -0.42287996 -0.41090968 -0.60705972 0.00059888 0.01857969 0.00043100
-0.50603106 -0.50522002 -0.67034892 -0.00004568 0.01455203 -0.00011733 -0.50603104 -0.50522000 -0.67034894 -0.00004568 0.01455203 -0.00011733
-0.48385984 -0.47718147 -0.67201917 0.00058491 0.01103744 0.00044048 -0.48385984 -0.47718146 -0.67201918 0.00058491 0.01103744 0.00044048
-0.57333746 -0.57869458 -0.73444137 0.00003972 0.00821212 -0.00013522 -0.57333744 -0.57869458 -0.73444134 0.00003972 0.00821212 -0.00013522
-0.54285875 -0.54082564 -0.71910642 0.00064650 0.00240430 0.00053728 -0.54285878 -0.54082566 -0.71910644 0.00064650 0.00240430 0.00053728
-0.64006775 -0.65125639 -0.79666109 0.00010223 0.00184826 -0.00015367 -0.64006776 -0.65125638 -0.79666108 0.00010223 0.00184826 -0.00015367
-0.60011644 -0.60306384 -0.75365545 0.00079221 -0.00425799 0.00065075 -0.60011643 -0.60306382 -0.75365543 0.00079221 -0.00425799 0.00065075
-0.70854084 -0.72308566 -0.83960975 0.00017930 -0.00450622 -0.00011649 -0.70854086 -0.72308564 -0.83960974 0.00017930 -0.00450622 -0.00011649
-0.66111772 -0.66627184 -0.78968719 0.00082264 -0.01213294 0.00070306 -0.66111773 -0.66627187 -0.78968722 0.00082264 -0.01213294 0.00070306
-0.77906343 -0.79405173 -0.88275027 0.00023981 -0.01084797 -0.00009712 -0.77906346 -0.79405171 -0.88275027 0.00023981 -0.01084797 -0.00009712
-0.72368245 -0.72834573 -0.82773036 0.00117161 -0.01811787 0.00072642 -0.72368246 -0.72834575 -0.82773036 0.00117161 -0.01811787 0.00072642
-0.84951105 -0.86352362 -0.92569506 0.00028576 -0.01668018 -0.00010465 -0.84951103 -0.86352360 -0.92569506 0.00028576 -0.01668018 -0.00010465
-0.78634090 -0.78829201 -0.86471041 0.00124133 -0.02473789 0.00079543 -0.78634089 -0.78829199 -0.86471039 0.00124133 -0.02473789 0.00079543
-0.91934773 -0.93193326 -0.96892317 0.00034517 -0.02225721 -0.00001091 -0.91934770 -0.93193328 -0.96892315 0.00034517 -0.02225721 -0.00001091
-0.84899881 -0.84953645 -0.90360595 0.00157961 -0.03158501 0.00089076 -0.84899879 -0.84953648 -0.90360594 0.00157961 -0.03158501 0.00089076
-0.98891312 -0.99974605 -1.01329841 0.00040026 -0.02741588 0.00001933 -0.98891312 -0.99974602 -1.01329839 0.00040026 -0.02741588 0.00001933
-0.91045966 -0.90950954 -0.94228120 0.00135929 -0.03667974 0.00086210 -0.91045964 -0.90950954 -0.94228119 0.00135929 -0.03667974 0.00086210
-1.05805899 -1.06689646 -1.05782215 0.00044692 -0.03258315 0.00003503 -1.05805898 -1.06689644 -1.05782211 0.00044692 -0.03258315 0.00003503
-0.97107401 -0.96861478 -0.98305244 0.00149331 -0.04161763 0.00090761 -0.97107399 -0.96861476 -0.98305243 0.00149331 -0.04161763 0.00090761
-1.12681276 -1.13333701 -1.10271998 0.00047177 -0.03791614 0.00001945 -1.12681282 -1.13333702 -1.10272002 0.00047177 -0.03791614 0.00001945
-1.03177708 -1.02883235 -1.02334909 0.00124507 -0.04665479 0.00091587 -1.03177702 -1.02883232 -1.02334905 0.00124507 -0.04665479 0.00091587
-1.19491746 -1.19909869 -1.14801625 0.00047403 -0.04324563 0.00000701 -1.19491744 -1.19909871 -1.14801621 0.00047403 -0.04324563 0.00000701
-1.09199202 -1.08520331 -1.06379132 0.00129205 -0.05058480 0.00088594 -1.09199202 -1.08520329 -1.06379128 0.00129205 -0.05058480 0.00088594
-1.26264579 -1.26465595 -1.19353872 0.00051419 -0.04822083 0.00003631 -1.26264584 -1.26465595 -1.19353867 0.00051419 -0.04822084 0.00003631
-1.15219068 -1.14198761 -1.10568018 0.00140806 -0.05395896 0.00092635 -1.15219069 -1.14198756 -1.10568023 0.00140806 -0.05395896 0.00092635
-1.33002437 -1.32983483 -1.23923919 0.00055421 -0.05300582 0.00004755 -1.33002436 -1.32983482 -1.23923922 0.00055421 -0.05300582 0.00004755
-1.21146767 -1.19845069 -1.14706907 0.00143097 -0.05737116 0.00089429 -1.21146762 -1.19845068 -1.14706910 0.00143097 -0.05737116 0.00089429
-1.66203372 -1.64996044 -1.46844656 0.00078653 -0.07589375 0.00014052 -1.66203368 -1.64996040 -1.46844661 0.00078653 -0.07589374 0.00014052
-1.50410565 -1.46436038 -1.35349281 0.00165487 -0.06922092 0.00098144 -1.50410569 -1.46436036 -1.35349286 0.00165487 -0.06922092 0.00098144
-1.97444517 -1.93365688 -1.69388987 0.00082202 -0.08689079 0.00013223 -1.97444522 -1.93365693 -1.69388986 0.00082202 -0.08689079 0.00013223
-1.78996972 -1.69468011 -1.54828094 0.00197843 -0.06527855 0.00108858 -1.78996968 -1.69468009 -1.54828095 0.00197843 -0.06527855 0.00108858
-2.15706081 -2.03125409 -1.89041003 0.00077117 -0.04555792 0.00013424 -2.15706086 -2.03125405 -1.89041007 0.00077117 -0.04555792 0.00013424
-2.06123617 -1.82415277 -1.70814035 0.00223543 -0.02781821 0.00106420 -2.06123614 -1.82415283 -1.70814037 0.00223543 -0.02781821 0.00106420
-2.27721771 -2.11908373 -2.05723547 0.00061189 -0.00464457 0.00011215 -2.27721763 -2.11908364 -2.05723548 0.00061189 -0.00464457 0.00011215
-2.24767784 -1.83872502 -1.54572110 0.00227383 0.01507377 0.00101068 -2.24767780 -1.83872497 -1.54572105 0.00227383 0.01507377 0.00101068
-2.33582995 -2.21434513 -2.19377882 0.00048001 0.03356246 0.00017785 -2.33582997 -2.21434522 -2.19377875 0.00048001 0.03356246 0.00017785
-2.28241615 -1.73863616 -1.27111181 0.00172832 0.03589212 0.00050277 -2.28241611 -1.73863614 -1.27111185 0.00172832 0.03589212 0.00050277
-2.40817065 -2.29523813 -2.30251662 0.00043038 0.04608122 0.00015280 -2.40817070 -2.29523802 -2.30251670 0.00043038 0.04608122 0.00015280
-2.27180606 -1.70338613 -1.08468534 0.00145109 0.06673895 0.00020196 -2.27180600 -1.70338607 -1.08468533 0.00145109 0.06673895 0.00020196
-2.48814663 -2.35968000 -2.38244930 0.00036037 0.03401238 0.00010351 -2.48814654 -2.35967994 -2.38244939 0.00036037 0.03401238 0.00010351
-2.25352264 -1.70511021 -0.93642242 0.00158720 0.09750468 0.00062252 -2.25352263 -1.70511019 -0.93642241 0.00158720 0.09750468 0.00062252
