123.26642031 123.26621849 109.26531265 -0.00001832 0.00006782 0.00007065 123.26641846 123.26622009 109.26531219 -0.00001832 0.00006782 0.00007065
115.48184135 115.48199219 102.31784209 0.00000000 -0.00012154 0.00000000 115.48184204 115.48199463 102.31784058 0.00000000 -0.00012154 0.00000000
107.95219733 107.95263945 95.69774295 -0.00000000 0.00005572 0.00000000 107.95219421 107.95263672 95.69774628 -0.00000000 0.00005572 0.00000000
100.78275374 100.78199513 89.40327928 -0.00003129 0.00004822 0.00011928 100.78275299 100.78199768 89.40328217 -0.00003129 0.00004822 0.00011928
94.04524139 94.04496238 83.39199829 -0.00000000 -0.00016651 -0.00000000 94.04524231 94.04496002 83.39199829 -0.00000000 -0.00016651 -0.00000000
87.66675510 87.66667484 77.75112716 0.00000000 -0.00014663 -0.00000000 87.66675568 87.66667175 77.75112915 0.00000000 -0.00014663 -0.00000000
81.80251780 81.80258491 72.36229420 0.00000000 0.00016253 0.00000000 81.80252075 81.80258179 72.36229706 0.00000000 0.00016253 0.00000000
76.27186281 76.27201769 67.15900236 0.00000000 -0.00000877 0.00000000 76.27186584 76.27201843 67.15900421 0.00000000 -0.00000877 0.00000000
71.31455430 71.31461315 62.20351413 -0.00000000 0.00013285 -0.00000000 71.31455231 71.31461334 62.20351410 -0.00000000 0.00013285 -0.00000000
66.39874619 66.39871825 57.39170321 -0.00001037 -0.00004925 0.00004444 66.39874268 66.39871979 57.39170456 -0.00001037 -0.00004925 0.00004444
61.49117214 61.49087992 53.06743003 0.00000000 -0.00000989 0.00000000 61.49117279 61.49087906 53.06742859 0.00000000 -0.00000989 0.00000000
56.51032872 56.51034459 49.00231699 0.00000000 0.00003260 -0.00000000 56.51033020 56.51034546 49.00231552 0.00000000 0.00003260 -0.00000000
51.43661275 51.43685299 45.06203011 -0.00000000 0.00019660 -0.00000000 51.43661118 51.43685150 45.06203079 -0.00000000 0.00019660 -0.00000000
46.41889336 46.41904424 41.47669216 0.00000000 0.00005735 -0.00000000 46.41889191 46.41904449 41.47669220 0.00000000 0.00005735 -0.00000000
41.88139756 41.88147640 38.54602475 -0.00000000 -0.00002529 0.00000000 41.88139725 41.88147736 38.54602432 -0.00000000 -0.00002529 0.00000000
38.42151097 38.42157299 36.53931220 -0.00001376 0.00008449 0.00003375 38.42151260 38.42157364 36.53931046 -0.00001376 0.00008449 0.00003375
36.27684236 36.27676411 35.41533863 -0.00001446 0.00000059 0.00003107 36.27684402 36.27676392 35.41534042 -0.00001446 0.00000059 0.00003107
34.97003699 34.97004638 34.64785132 0.00000000 0.00001329 0.00000000 34.97003555 34.97004700 34.64785004 0.00000000 0.00001329 0.00000000
33.78804184 33.78812421 33.63308731 0.00000000 0.00009810 -0.00000000 33.78804016 33.78812408 33.63308716 0.00000000 0.00009810 -0.00000000
32.13947951 32.13966574 31.91767615 0.00000974 0.00000771 -0.00002349 32.13948059 32.13966751 31.91767693 0.00000974 0.00000771 -0.00002349
29.90178231 29.90181450 29.50588714 0.00000000 -0.00002607 -0.00000000 29.90178299 29.90181541 29.50588799 0.00000000 -0.00002607 -0.00000000
27.17909137 27.17905441 26.63305730 -0.00000659 0.00002304 0.00001856 27.17909050 27.17905426 26.63305664 -0.00000659 0.00002304 0.00001856
24.23684309 24.23692505 23.54657162 0.00000000 -0.00001074 0.00000000 24.23684311 24.23692513 23.54657173 0.00000000 -0.00001074 0.00000000
21.30173416 21.30172879 20.47962088 0.00000000 -0.00000026 0.00000000 21.30173492 21.30172920 20.47961998 0.00000000 -0.00000026 0.00000000
18.51026420 18.51030799 17.59041550 -0.00000000 0.00002609 -0.00000000 18.51026344 18.51030731 17.59041595 -0.00000000 0.00002609 -0.00000000
15.95025586 15.95040740 14.98474658 0.00000216 0.00001057 -0.00001083 15.95025539 15.95040703 14.98474693 0.00000216 0.00001057 -0.00001083
13.64945853 13.64940569 12.68737121 0.00000000 0.00000486 0.00000000 13.64945889 13.64940548 12.68737125 0.00000000 0.00000486 0.00000000
11.61989702 11.61985252 10.67401440 0.00000000 0.00000326 -0.00000000 11.61989689 11.61985207 10.67401409 0.00000000 0.00000326 -0.00000000
9.84851704 9.84853353 8.92874578 0.00000071 0.00000254 -0.00000672 9.84851742 9.84853363 8.92874622 0.00000071 0.00000254 -0.00000672
8.31417046 8.31416591 7.43679529 -0.00000000 -0.00000223 -0.00000000 8.31417084 8.31416607 7.43679523 -0.00000000 -0.00000223 -0.00000000
6.98799067 6.98800066 6.14488137 0.00000023 0.00000040 -0.00000476 6.98799086 6.98800087 6.14488125 0.00000023 0.00000040 -0.00000476
5.82330800 5.82333951 5.01427649 0.00000017 0.00000607 -0.00000806 5.82330799 5.82333946 5.01427650 0.00000017 0.00000607 -0.00000806
4.79154484 4.79151558 4.01868393 0.00000007 -0.00000197 0.00000336 4.79154491 4.79151535 4.01868391 0.00000007 -0.00000197 0.00000336
3.86603898 3.86601313 3.12690945 0.00000020 -0.00000253 0.00000279 3.86603904 3.86601305 3.12690949 0.00000020 -0.00000253 0.00000279
3.02302864 3.02301729 2.31629402 -0.00000000 0.00000095 -0.00000000 3.02302861 3.02301717 2.31629395 -0.00000000 0.00000095 -0.00000000
2.24609881 2.24609904 1.58076046 -0.00000000 0.00000462 -0.00000000 2.24609876 2.24609900 1.58076048 -0.00000000 0.00000462 -0.00000000
1.67311387 1.67311026 1.16565791 0.00000000 -0.00000138 -0.00000000 1.67311382 1.67311025 1.16565788 0.00000000 -0.00000138 -0.00000000
1.12300191 1.12300622 0.76125350 0.00000077 0.00000310 -0.00000156 1.12300193 1.12300622 0.76125348 0.00000077 0.00000310 -0.00000156
1.01484648 1.01484270 0.68076774 0.00000075 0.00000017 -0.00000153 1.01484644 1.01484275 0.68076771 0.00000075 0.00000017 -0.00000153
0.90729822 0.90730705 0.60037123 0.00000000 0.00000528 0.00000000 0.90729821 0.90730703 0.60037124 0.00000000 0.00000528 0.00000000
0.80068615 0.80068589 0.52010766 -0.00000073 0.00000130 0.00000147 0.80068618 0.80068588 0.52010769 -0.00000073 0.00000130 0.00000147
0.69522538 0.69522636 0.44001265 0.00000000 -0.00000040 0.00000000 0.69522536 0.69522637 0.44001263 0.00000000 -0.00000040 0.00000000
0.59049393 0.59049367 0.36009692 0.00000000 0.00000129 -0.00000000 0.59049392 0.59049368 0.36009693 0.00000000 0.00000129 -0.00000000
0.48639518 0.48639170 0.28029135 0.00000068 -0.00000142 -0.00000139 0.48639518 0.48639169 0.28029135 0.00000068 -0.00000142 -0.00000139
0.38312938 0.38313041 0.20062585 -0.00000000 -0.00000153 0.00000001 0.38312939 0.38313040 0.20062585 -0.00000000 -0.00000153 0.00000001
0.28073398 0.28072693 0.12112718 -0.00000066 -0.00000151 0.00000135 0.28073397 0.28072694 0.12112718 -0.00000066 -0.00000151 0.00000135
0.17925404 0.17925411 0.04184688 -0.00000000 0.00000120 0.00000001 0.17925404 0.17925411 0.04184688 -0.00000000 0.00000120 0.00000001
0.07898452 0.07897506 -0.03716793 -0.00000064 -0.00000267 0.00000131 0.07898451 0.07897506 -0.03716793 -0.00000064 -0.00000267 0.00000131
-0.02057628 -0.02058065 -0.11595127 -0.00000000 -0.00000017 0.00000000 -0.02057628 -0.02058065 -0.11595126 -0.00000000 -0.00000017 0.00000000
-0.11937899 -0.11938270 -0.19446558 -0.00000000 -0.00000040 0.00000000 -0.11937899 -0.11938270 -0.19446558 -0.00000000 -0.00000040 0.00000000
-0.21740329 -0.21740548 -0.27266831 -0.00000000 -0.00000147 -0.00000000 -0.21740329 -0.21740548 -0.27266830 -0.00000000 -0.00000147 -0.00000000
-0.31461652 -0.31461721 -0.35051874 -0.00000000 0.00000089 0.00000000 -0.31461653 -0.31461722 -0.35051873 -0.00000000 0.00000089 0.00000000
-0.41097234 -0.41097572 -0.42796714 0.00000000 -0.00000115 0.00000000 -0.41097233 -0.41097572 -0.42796713 0.00000000 -0.00000115 0.00000000
-0.50645733 -0.50645792 -0.50498292 0.00000059 0.00000078 -0.00000122 -0.50645733 -0.50645792 -0.50498289 0.00000059 0.00000078 -0.00000122
-0.60101996 -0.60102229 -0.58150966 -0.00000000 -0.00000047 0.00000000 -0.60101998 -0.60102230 -0.58150965 -0.00000000 -0.00000047 0.00000000
-0.69463259 -0.69462570 -0.65749489 0.00000000 0.00000549 -0.00000000 -0.69463259 -0.69462568 -0.65749490 0.00000000 0.00000549 -0.00000000
-0.78692102 -0.78692186 -0.73206231 -0.00000058 0.00000098 0.00000117 -0.78692102 -0.78692186 -0.73206228 -0.00000058 0.00000098 0.00000117
-0.87822099 -0.87821884 -0.80607029 0.00000000 0.00000187 0.00000000 -0.87822098 -0.87821883 -0.80607027 0.00000000 0.00000187 0.00000000
-0.96848692 -0.96848550 -0.87945473 -0.00000000 0.00000083 0.00000000 -0.96848691 -0.96848547 -0.87945473 -0.00000000 0.00000083 0.00000000
-1.05754070 -1.05754083 -0.95127991 0.00000058 0.00000195 -0.00000113 -1.05754066 -1.05754077 -0.95127994 0.00000058 0.00000195 -0.00000113
-1.14550929 -1.14550769 -1.02242752 0.00000057 0.00000095 -0.00000112 -1.14550924 -1.14550769 -1.02242756 0.00000057 0.00000095 -0.00000112
-1.23235741 -1.23236567 -1.09285322 -0.00000057 -0.00000375 0.00000111 -1.23235738 -1.23236561 -1.09285319 -0.00000057 -0.00000375 0.00000111
-1.31809316 -1.31809405 -1.16255165 -0.00000057 0.00000056 0.00000110 -1.31809318 -1.31809402 -1.16255164 -0.00000057 0.00000056 0.00000110
-1.40226549 -1.40227389 -1.23148236 -0.00000057 -0.00000398 0.00000109 -1.40226555 -1.40227389 -1.23148239 -0.00000057 -0.00000398 0.00000109
-1.47137136 -1.47137368 -1.29357340 -0.00000096 -0.00000068 0.00000129 -1.47137141 -1.47137368 -1.29357338 -0.00000096 -0.00000068 0.00000129
-1.50507660 -1.50506907 -1.33983611 0.00000000 0.00000200 0.00000000 -1.50507665 -1.50506902 -1.33983612 0.00000000 0.00000200 0.00000000
-1.53885306 -1.53885107 -1.38578974 -0.00000000 0.00000157 0.00000000 -1.53885305 -1.53885102 -1.38578975 -0.00000000 0.00000157 0.00000000
-1.57242280 -1.57242634 -1.43123360 -0.00000087 0.00000156 0.00000111 -1.57242274 -1.57242632 -1.43123364 -0.00000087 0.00000156 0.00000111
-1.73656910 -1.73657274 -1.64972953 0.00000000 -0.00000199 0.00000000 -1.73656905 -1.73657274 -1.64972949 0.00000000 -0.00000199 0.00000000
-1.89769701 -1.89769041 -1.85430274 0.00000111 -0.00000022 -0.00000117 -1.89769697 -1.89769042 -1.85430276 0.00000111 -0.00000022 -0.00000117
-2.05110683 -2.05110656 -2.04230241 -0.00000000 0.00000061 0.00000000 -2.05110693 -2.05110645 -2.04230237 -0.00000000 0.00000061 0.00000000
-2.20228259 -2.20228687 -2.21270504 0.00000000 0.00000037 0.00000000 -2.20228267 -2.20228696 -2.21270514 0.00000000 0.00000037 0.00000000
-2.34582600 -2.34582985 -2.36701172 -0.00000000 0.00000018 0.00000000 -2.34582591 -2.34582996 -2.36701179 -0.00000000 0.00000018 0.00000000
-2.48148095 -2.48148385 -2.50423258 -0.00000006 0.00000049 0.00000002 -2.48148084 -2.48148394 -2.50423265 -0.00000006 0.00000049 0.00000002
-2.60826594 -2.60826664 -2.62345529 -0.00000000 0.00000012 -0.00000000 -2.60826588 -2.60826659 -2.62345529 -0.00000000 0.00000012 -0.00000000
