1.05409342 0.88680299 1.09129440 -0.00265128 -0.07098341 -0.24579816 1.05409348 0.88680297 1.09129441 -0.00265128 -0.07098340 -0.24579816
1.23246571 1.31432528 1.06474882 0.08619827 0.06163269 -0.28338759 1.23246574 1.31432533 1.06474876 0.08619826 0.06163269 -0.28338757
1.04409041 0.86744667 0.91916387 0.10425626 0.09031277 -0.08803438 1.04409039 0.86744666 0.91916388 0.10425626 0.09031277 -0.08803438
0.99879215 1.00539656 0.94112597 0.18939500 -0.01110344 0.04992591 0.99879217 1.00539660 0.94112599 0.18939500 -0.01110344 0.04992591
0.80393772 0.80729154 1.05021523 0.03102543 -0.06005218 0.06428057 0.80393773 0.80729157 1.05021524 0.03102543 -0.06005218 0.06428057
0.99607568 1.00167565 0.99953028 0.13675433 0.09286004 0.10503695 0.99607569 1.00167561 0.99953026 0.13675433 0.09286004 0.10503695
0.81130245 0.88300258 0.95898078 -0.34868052 -0.02876504 -0.25804456 0.81130242 0.88300258 0.95898080 -0.34868053 -0.02876504 -0.25804457
0.94373049 0.75566835 1.16536924 -0.01915068 -0.11031418 -0.02947356 0.94373047 0.75566834 1.16536927 -0.01915068 -0.11031418 -0.02947356
0.74545447 0.78537888 0.98402995 0.11359051 -0.00396969 0.00649071 0.74545449 0.78537887 0.98402995 0.11359051 -0.00396969 0.00649071
0.99631848 0.74228157 0.92323095 0.03979495 -0.13611619 -0.17343185 0.99631846 0.74228156 0.92323095 0.03979495 -0.13611619 -0.17343184
1.05941883 1.00048938 1.17567269 -0.00096095 -0.02105459 -0.11312024 1.05941880 1.00048935 1.17567265 -0.00096095 -0.02105458 -0.11312024
0.91085261 1.01781421 1.20998437 -0.08311793 0.00950023 -0.27024796 0.91085261 1.01781416 1.20998442 -0.08311792 0.00950023 -0.27024797
1.08228018 0.85029819 0.88346720 0.21204356 -0.00079572 0.13028898 1.08228016 0.85029817 0.88346720 0.21204355 -0.00079572 0.13028897
0.32659686 0.18621698 0.45126507 -0.26076000 -0.07305724 -0.08089564 0.32659686 0.18621698 0.45126507 -0.26076001 -0.07305723 -0.08089564
0.42024472 0.35800106 0.17208785 -0.06878669 -0.13799929 -0.04566388 0.42024472 0.35800105 0.17208785 -0.06878669 -0.13799930 -0.04566388
0.67392237 0.63185806 0.75592873 -0.13155329 -0.07604772 -0.07728304 0.67392236 0.63185805 0.75592875 -0.13155329 -0.07604773 -0.07728304
0.62159750 0.66721577 0.51809144 0.01831793 0.08064232 0.00066410 0.62159747 0.66721576 0.51809144 0.01831793 0.08064232 0.00066410
0.33509154 0.45786330 0.38801163 -0.07953223 0.11427079 0.08240486 0.33509153 0.45786330 0.38801163 -0.07953223 0.11427079 0.08240486
0.61689879 0.52159830 0.41814013 0.00682381 0.21279655 0.14872655 0.61689878 0.52159828 0.41814014 0.00682381 0.21279654 0.14872655
0.50407397 0.36486071 0.39726211 0.06653831 0.10912438 0.05922814 0.50407398 0.36486071 0.39726210 0.06653831 0.10912438 0.05922814
0.46472076 0.25352190 0.41647736 -0.03040069 -0.13507822 -0.00205945 0.46472076 0.25352189 0.41647735 -0.03040069 -0.13507822 -0.00205945
0.53494242 0.39642700 0.58086233 0.06089175 -0.01433665 0.14439808 0.53494245 0.39642701 0.58086234 0.06089175 -0.01433665 0.14439808
0.34087739 0.67574244 0.48618501 0.01707843 0.15481779 -0.05538718 0.34087738 0.67574245 0.48618501 0.01707843 0.15481779 -0.05538718
0.71579690 0.64991889 0.62421555 -0.04982491 0.05916084 -0.08135649 0.71579689 0.64991891 0.62421554 -0.04982492 0.05916084 -0.08135650
0.28536472 0.53139285 0.31617350 -0.10572804 0.11467846 -0.07200593 0.28536472 0.53139287 0.31617349 -0.10572804 0.11467846 -0.07200593
0.52977001 0.78742576 0.63860121 0.12753297 -0.23027817 0.02447301 0.52977002 0.78742576 0.63860118 0.12753297 -0.23027816 0.02447301
1.00968463 0.25699412 0.60389646 0.12565998 -0.02480222 0.06481406 1.00968468 0.25699413 0.60389644 0.12565997 -0.02480222 0.06481406
0.32596820 0.51763562 0.81977598 -0.00185020 0.03971537 0.04138576 0.32596821 0.51763564 0.81977600 -0.00185020 0.03971537 0.04138576
0.10365197 0.24093865 0.09617160 -0.13254814 0.10432266 0.15699993 0.10365197 0.24093865 0.09617160 -0.13254814 0.10432266 0.15699993
0.02801561 0.04604538 0.06888773 -0.03559033 -0.07926240 0.16087966 0.02801561 0.04604539 0.06888773 -0.03559033 -0.07926240 0.16087967
0.67673990 -0.10792949 0.18151650 0.28982198 0.07305461 0.09641728 0.67673987 -0.10792949 0.18151650 0.28982198 0.07305460 0.09641729
0.50769905 0.40919190 0.28703408 -0.07176301 -0.10589465 -0.06167333 0.50769907 0.40919191 0.28703406 -0.07176301 -0.10589465 -0.06167333
0.29083000 0.27884692 0.37479348 0.25523556 0.15956196 0.08278706 0.29083002 0.27884692 0.37479347 0.25523555 0.15956196 0.08278706
0.09104531 -0.14001961 0.10293688 -0.25259475 0.06336687 0.03119259 0.09104531 -0.14001961 0.10293688 -0.25259474 0.06336687 0.03119259
0.13649300 0.11182978 0.11270447 -0.01809906 -0.01155535 0.13153096 0.13649300 0.11182978 0.11270447 -0.01809906 -0.01155535 0.13153096
0.31257950 0.34341381 0.11127315 0.18507961 0.13865712 0.09769234 0.31257948 0.34341380 0.11127315 0.18507960 0.13865712 0.09769234
0.29662895 0.16267376 0.31456373 -0.07025777 0.07276492 -0.05154867 0.29662895 0.16267376 0.31456372 -0.07025778 0.07276492 -0.05154867
0.48015914 0.60133266 0.51318659 0.14450024 -0.08949538 -0.07465464 0.48015913 0.60133266 0.51318657 0.14450024 -0.08949538 -0.07465464
0.03644236 0.06800018 0.16840277 -0.16872102 -0.00471498 -0.06411205 0.03644236 0.06800018 0.16840278 -0.16872102 -0.00471498 -0.06411205
-0.11854685 0.10926696 0.13576716 0.09444183 0.04991257 0.05181838 -0.11854685 0.10926696 0.13576716 0.09444183 0.04991257 0.05181838
0.24456500 0.10699044 0.00295021 -0.12314603 -0.00803140 -0.02693315 0.24456501 0.10699043 0.00295021 -0.12314603 -0.00803140 -0.02693315
0.27622345 0.24857965 0.20863511 0.07136097 -0.17712834 0.03664682 0.27622345 0.24857965 0.20863511 0.07136097 -0.17712833 0.03664682
0.11864930 0.24837053 0.46473303 -0.09721127 0.08291168 -0.02430961 0.11864930 0.24837053 0.46473303 -0.09721127 0.08291169 -0.02430961
-0.36329511 -0.22120980 0.02399395 0.00023380 -0.09208840 -0.14921878 -0.36329511 -0.22120981 0.02399395 0.00023380 -0.09208840 -0.14921878
-0.02155720 0.09530647 0.08070267 -0.18176282 -0.21380195 -0.10771239 -0.02155720 0.09530647 0.08070267 -0.18176281 -0.21380195 -0.10771239
-0.03599299 -0.09795702 0.01519275 0.09305396 0.00986655 -0.01875320 -0.03599299 -0.09795702 0.01519275 0.09305395 0.00986655 -0.01875320
-0.10183671 -0.12640181 -0.25807011 0.13576858 -0.10867960 0.15693602 -0.10183671 -0.12640181 -0.25807011 0.13576858 -0.10867960 0.15693602
0.36120339 0.15825149 0.22695348 -0.06529274 0.11478578 0.17172893 0.36120340 0.15825149 0.22695348 -0.06529274 0.11478578 0.17172892
0.16624750 -0.14187157 0.12485131 -0.03750345 0.01643976 0.12612804 0.16624750 -0.14187157 0.12485131 -0.03750345 0.01643976 0.12612805
0.33895199 0.16325412 0.29987607 -0.17749708 -0.15432451 0.03765455 0.33895200 0.16325413 0.29987606 -0.17749707 -0.15432452 0.03765455
-0.08281367 -0.05225211 -0.17168633 0.08001601 -0.14772538 -0.01259665 -0.08281367 -0.05225211 -0.17168632 0.08001601 -0.14772539 -0.01259665
-0.15087600 -0.26820227 0.09533290 -0.08490463 0.05633352 0.12675095 -0.15087600 -0.26820228 0.09533290 -0.08490463 0.05633352 0.12675095
0.01872317 0.00354134 0.08230818 -0.08174829 -0.16936566 0.07431611 0.01872317 0.00354134 0.08230818 -0.08174828 -0.16936566 0.07431611
-0.14454634 -0.14215920 -0.00299948 0.08056933 -0.02908726 -0.06623322 -0.14454634 -0.14215921 -0.00299948 0.08056933 -0.02908725 -0.06623323
-0.14731591 0.10373184 0.14151331 0.06244818 -0.13730104 -0.10391615 -0.14731590 0.10373184 0.14151332 0.06244818 -0.13730104 -0.10391615
0.18257954 -0.02544433 0.00022115 0.18858959 0.16196291 0.08792206 0.18257955 -0.02544433 0.00022115 0.18858959 0.16196291 0.08792207
0.03441714 0.12125235 0.03635963 0.09185810 -0.04088138 0.06874258 0.03441714 0.12125235 0.03635963 0.09185810 -0.04088138 0.06874258
0.25786212 0.06889325 0.21808433 0.17093460 -0.09038019 -0.09984694 0.25786212 0.06889325 0.21808434 0.17093460 -0.09038019 -0.09984694
-0.33910555 -0.24022172 -0.47036833 -0.00980180 -0.02369686 0.04652715 -0.33910555 -0.24022172 -0.47036833 -0.00980179 -0.02369686 0.04652715
-0.40232973 -0.03473394 -0.16634319 -0.07460755 -0.10728975 -0.09258930 -0.40232974 -0.03473394 -0.16634320 -0.07460755 -0.10728975 -0.09258930
-0.31273948 -0.14552328 -0.33785489 0.03954925 -0.17418734 0.15017564 -0.31273949 -0.14552328 -0.33785489 0.03954925 -0.17418735 0.15017565
-0.36025048 -0.44056691 -0.14290687 -0.07029388 -0.07207786 -0.18026227 -0.36025047 -0.44056690 -0.14290687 -0.07029388 -0.07207786 -0.18026227
-0.34005327 -0.33619792 -0.37235876 0.04431282 -0.01810733 0.04099865 -0.34005326 -0.33619791 -0.37235877 0.04431282 -0.01810733 0.04099865
-0.26463166 -0.14671241 -0.36271470 0.07596155 -0.07344638 -0.06778445 -0.26463166 -0.14671241 -0.36271471 0.07596155 -0.07344638 -0.06778444
-0.26587633 -0.30781651 -0.30680515 0.10365240 0.10567823 0.04298762 -0.26587632 -0.30781651 -0.30680513 0.10365240 0.10567823 0.04298762
-0.30408929 -0.22919430 -0.39998486 0.03869390 -0.10643423 0.00080190 -0.30408928 -0.22919430 -0.39998487 0.03869390 -0.10643423 0.00080191
-0.32806012 -0.20545560 -0.18036047 0.06776586 -0.04994506 0.04442614 -0.32806012 -0.20545560 -0.18036047 0.06776586 -0.04994506 0.04442614
-0.10060728 -0.14900272 -0.36222466 0.25711106 -0.04138405 0.15528821 -0.10060728 -0.14900272 -0.36222467 0.25711107 -0.04138405 0.15528820
-0.33212522 -0.41289437 -0.20126006 0.01853343 0.11005003 0.01005239 -0.33212522 -0.41289437 -0.20126006 0.01853343 0.11005004 0.01005239
-0.21675961 -0.11607246 -0.55560837 -0.16890618 0.08056260 -0.08366545 -0.21675961 -0.11607245 -0.55560839 -0.16890618 0.08056260 -0.08366545
-0.08629275 -0.10796351 -0.10030243 0.10879025 0.06993947 -0.11578941 -0.08629275 -0.10796351 -0.10030244 0.10879025 0.06993947 -0.11578941
-0.27705688 -0.15023008 -0.22080998 0.05278870 0.03425726 0.03354652 -0.27705687 -0.15023008 -0.22080998 0.05278870 0.03425726 0.03354653
-0.36393817 -0.35125619 -0.22421412 0.09188859 0.04102382 0.14286738 -0.36393818 -0.35125619 -0.22421412 0.09188859 0.04102382 0.14286737
-0.53582117 -0.49495267 -0.32341342 0.05516257 0.07487238 0.00874882 -0.53582120 -0.49495268 -0.32341340 0.05516257 0.07487237 0.00874882
-0.27587281 -0.33337041 -0.43533068 -0.01192819 -0.02369248 0.02437145 -0.27587280 -0.33337042 -0.43533069 -0.01192819 -0.02369248 0.02437145
-0.38663382 -0.23109650 -0.54747809 -0.13569315 0.20873334 -0.02402080 -0.38663381 -0.23109649 -0.54747808 -0.13569315 0.20873334 -0.02402080
-0.14958944 -0.42166517 -0.18510060 -0.07939159 0.18989045 0.17075030 -0.14958943 -0.42166516 -0.18510060 -0.07939159 0.18989044 0.17075031
-0.13093687 -0.19997286 -0.10460433 0.09782678 0.04807651 0.00376706 -0.13093688 -0.19997287 -0.10460433 0.09782678 0.04807651 0.00376706
-0.27420248 -0.32798031 -0.27807017 -0.12276371 0.02775406 0.13142390 -0.27420250 -0.32798031 -0.27807018 -0.12276371 0.02775406 0.13142389
-0.36732118 -0.21010930 -0.29548360 -0.25541457 -0.00042856 -0.09809432 -0.36732119 -0.21010929 -0.29548359 -0.25541458 -0.00042856 -0.09809432
-0.54831293 -0.36181940 -0.38761645 0.02373888 0.12823402 0.07407765 -0.54831296 -0.36181939 -0.38761646 0.02373888 0.12823401 0.07407765
-0.54664943 -0.41798738 -0.50973716 -0.02650651 -0.04226576 -0.11930680 -0.54664946 -0.41798738 -0.50973713 -0.02650651 -0.04226577 -0.11930680
-0.19235102 -0.31886535 -0.42356673 -0.04799086 0.00508453 -0.00007259 -0.19235103 -0.31886536 -0.42356673 -0.04799086 0.00508453 -0.00007259
-0.19787264 -0.44858689 -0.27738941 0.05598817 0.11350186 -0.09710994 -0.19787264 -0.44858688 -0.27738941 0.05598817 0.11350185 -0.09710994
-0.37706546 -0.20162173 -0.44926835 0.05070069 -0.01716443 0.01794875 -0.37706545 -0.20162174 -0.44926834 0.05070069 -0.01716443 0.01794875
-0.24395858 -0.10806833 -0.31010130 -0.12773380 0.06832729 -0.17859272 -0.24395858 -0.10806832 -0.31010130 -0.12773381 0.06832729 -0.17859273
-0.61507923 -0.55528842 -0.67545574 -0.02617431 0.05959708 -0.01300662 -0.61507922 -0.55528843 -0.67545575 -0.02617431 0.05959707 -0.01300662
-0.68321325 -0.71291575 -0.48657608 -0.11460152 0.02932570 -0.13025122 -0.68321323 -0.71291572 -0.48657608 -0.11460152 0.02932570 -0.13025121
-0.51654297 -0.04499082 -0.30287474 0.02973014 -0.02648232 -0.00622483 -0.51654297 -0.04499082 -0.30287474 0.02973014 -0.02648232 -0.00622483
-0.13296442 -0.36712656 -0.20208946 0.10936405 -0.02629509 0.03742176 -0.13296442 -0.36712655 -0.20208946 0.10936406 -0.02629510 0.03742176
-0.32101154 -0.47309441 -0.40425461 0.08162887 -0.05412193 -0.03452622 -0.32101154 -0.47309440 -0.40425462 0.08162887 -0.05412193 -0.03452622
-0.15061146 -0.29136556 -0.14434967 0.13983544 -0.04151922 0.04911892 -0.15061146 -0.29136556 -0.14434968 0.13983543 -0.04151922 0.04911892
-0.58359265 -0.65073044 -0.42966977 0.04421920 -0.04520212 0.09141502 -0.58359265 -0.65073043 -0.42966977 0.04421920 -0.04520212 0.09141503
-0.32032015 -0.30737817 -0.43333466 0.00827043 -0.06925632 0.02200635 -0.32032016 -0.30737817 -0.43333468 0.00827043 -0.06925632 0.02200635
-0.34541601 -0.28224110 -0.50192530 -0.10961321 0.02613261 0.17106037 -0.34541601 -0.28224111 -0.50192529 -0.10961321 0.02613261 0.17106037
-0.37841521 -0.54009781 -0.39579178 -0.08196235 -0.07054430 -0.01118519 -0.37841520 -0.54009783 -0.39579177 -0.08196235 -0.07054430 -0.01118519
-0.34958128 -0.43242048 -0.28971629 -0.05139892 0.25775541 0.04682647 -0.34958127 -0.43242049 -0.28971630 -0.05139891 0.25775540 0.04682647
-0.41400551 -0.28967661 -0.36634069 -0.00581535 -0.07060158 -0.02249455 -0.41400552 -0.28967661 -0.36634070 -0.00581535 -0.07060158 -0.02249455
