0.47011564 0.14383573 0.59296464 0.00000068 -0.00000012 -0.00000021 0.47011563 0.14383574 0.59296465 0.00000068 -0.00000012 -0.00000021
0.34952475 0.01867284 0.53633433 0.00000019 -0.00000029 -0.00000023 0.34952474 0.01867284 0.53633434 0.00000019 -0.00000029 -0.00000023
0.34819152 0.06851210 0.44921996 0.00000002 0.00000066 -0.00000065 0.34819153 0.06851210 0.44921997 0.00000002 0.00000066 -0.00000065
0.23958639 -0.04996016 0.40202838 -0.00000010 0.00000036 0.00000246 0.23958638 -0.04996016 0.40202838 -0.00000010 0.00000036 0.00000246
0.22641284 -0.01009348 0.30730125 0.00000314 0.00000223 0.00000074 0.22641285 -0.01009348 0.30730125 0.00000314 0.00000223 0.00000074
0.13263450 -0.11545015 0.26947879 -0.00000192 0.00000178 0.00000097 0.13263449 -0.11545014 0.26947880 -0.00000192 0.00000178 0.00000097
0.10703316 -0.09089709 0.16822827 0.00000027 0.00000356 -0.00000089 0.10703316 -0.09089709 0.16822827 0.00000027 0.00000356 -0.00000089
0.02835482 -0.18257236 0.13628128 0.00000022 0.00000325 -0.00000233 0.02835482 -0.18257236 0.13628128 0.00000022 0.00000325 -0.00000233
-0.01015970 -0.17478021 0.03083206 -0.00000047 -0.00000053 -0.00000249 -0.01015970 -0.17478020 0.03083206 -0.00000047 -0.00000053 -0.00000249
-0.07303788 -0.24869776 0.00567386 -0.00000034 -0.00000048 -0.00000370 -0.07303788 -0.24869776 0.00567386 -0.00000034 -0.00000048 -0.00000370
-0.12776301 -0.26156975 -0.10785945 0.00000166 -0.00000015 0.00000017 -0.12776302 -0.26156974 -0.10785945 0.00000166 -0.00000015 0.00000017
-0.17497212 -0.31493398 -0.12435550 -0.00000226 -0.00000001 0.00000017 -0.17497212 -0.31493399 -0.12435550 -0.00000226 -0.00000001 0.00000017
-0.24513907 -0.35092738 -0.24613376 -0.00000211 0.00000028 0.00000150 -0.24513908 -0.35092738 -0.24613376 -0.00000211 0.00000028 0.00000150
-0.27594723 -0.38549721 -0.25693528 -0.00000227 0.00000296 0.00000268 -0.27594721 -0.38549721 -0.25693527 -0.00000227 0.00000296 0.00000268
-0.30360762 -0.39673067 -0.31467470 -0.00000003 0.00000217 -0.00000099 -0.30360761 -0.39673066 -0.31467471 -0.00000003 0.00000217 -0.00000099
-0.32325894 -0.41933213 -0.32369964 0.00000002 0.00000207 -0.00000093 -0.32325894 -0.41933212 -0.32369962 0.00000002 0.00000207 -0.00000093
-0.36179717 -0.44265894 -0.38270596 0.00000034 -0.00000338 -0.00000041 -0.36179718 -0.44265893 -0.38270596 0.00000034 -0.00000338 -0.00000041
-0.37310409 -0.45582172 -0.38915646 0.00000012 -0.00000235 -0.00000029 -0.37310410 -0.45582172 -0.38915646 0.00000012 -0.00000235 -0.00000029
-0.41969215 -0.48904109 -0.45035952 0.00000003 -0.00000240 -0.00000232 -0.41969216 -0.48904109 -0.45035952 0.00000003 -0.00000240 -0.00000232
-0.41969215 -0.48904109 -0.45035952 0.00000003 -0.00000240 -0.00000232 -0.41969216 -0.48904109 -0.45035952 0.00000003 -0.00000240 -0.00000232
-0.47733984 -0.53590473 -0.51672751 -0.00000028 0.00000304 0.00000119 -0.47733983 -0.53590471 -0.51672751 -0.00000028 0.00000304 0.00000119
-0.46378294 -0.52391532 -0.51347915 -0.00000000 -0.00000162 0.00000114 -0.46378294 -0.52391529 -0.51347917 -0.00000000 -0.00000162 0.00000114
-0.53471710 -0.58322310 -0.58263289 -0.00000027 0.00000003 0.00000029 -0.53471708 -0.58322310 -0.58263290 -0.00000027 0.00000003 0.00000029
-0.51191347 -0.56042355 -0.57482190 -0.00000193 0.00000017 0.00000026 -0.51191348 -0.56042355 -0.57482189 -0.00000193 0.00000017 0.00000026
-0.59160427 -0.63093746 -0.64805040 0.00000331 0.00000019 0.00000091 -0.59160429 -0.63093746 -0.64805037 0.00000331 0.00000019 0.00000091
-0.56210183 -0.60018579 -0.63857460 -0.00000238 -0.00000009 0.00000094 -0.56210184 -0.60018581 -0.63857460 -0.00000238 -0.00000009 0.00000094
-0.70445127 -0.72748089 -0.77745445 0.00000285 -0.00000003 -0.00000011 -0.70445126 -0.72748089 -0.77745444 0.00000285 -0.00000003 -0.00000011
-0.64782603 -0.67445812 -0.76519265 -0.00000202 -0.00000001 -0.00000188 -0.64782602 -0.67445809 -0.76519263 -0.00000202 -0.00000001 -0.00000188
-0.81621658 -0.82559037 -0.90525688 0.00000105 0.00000186 -0.00000064 -0.81621659 -0.82559037 -0.90525687 0.00000105 0.00000186 -0.00000064
-0.73371633 -0.75294236 -0.88717297 -0.00000141 0.00000033 -0.00000218 -0.73371631 -0.75294238 -0.88717300 -0.00000141 0.00000033 -0.00000218
-0.89347564 -0.92462450 -1.02684999 -0.00000002 0.00000131 0.00000015 -0.89347565 -0.92462450 -1.02684999 -0.00000002 0.00000131 0.00000015
-0.82197126 -0.83319871 -1.00534183 0.00000008 0.00000011 0.00000011 -0.82197124 -0.83319873 -1.00534189 0.00000008 0.00000011 0.00000011
-0.92982996 -1.02258243 -1.14100427 0.00000090 -0.00000254 0.00000184 -0.92982996 -1.02258241 -1.14100432 0.00000090 -0.00000254 0.00000184
-0.90107727 -0.91065538 -1.12178692 0.00000135 0.00000188 0.00000171 -0.90107727 -0.91065538 -1.12178695 0.00000135 0.00000188 0.00000171
-0.96843497 -1.12025427 -1.25209952 0.00000006 0.00000015 0.00000029 -0.96843499 -1.12025428 -1.25209951 0.00000006 0.00000015 0.00000029
-0.98607362 -0.99083596 -1.23266841 0.00000082 -0.00000176 -0.00000124 -0.98607361 -0.99083596 -1.23266840 0.00000082 -0.00000176 -0.00000124
-1.00788084 -1.21546504 -1.33222100 -0.00000028 0.00000003 0.00000066 -1.00788081 -1.21546507 -1.33222103 -0.00000028 0.00000003 0.00000066
-1.06531191 -1.06802477 -1.33951867 0.00000369 0.00000006 0.00000206 -1.06531191 -1.06802475 -1.33951867 0.00000369 0.00000006 0.00000206
-0.41969215 -0.48904109 -0.45035952 0.00000003 -0.00000240 -0.00000232 -0.41969216 -0.48904109 -0.45035952 0.00000003 -0.00000240 -0.00000232
-0.21188947 -0.55508060 -0.22541181 -0.07687948 -0.06252841 -0.03580620 -0.21188948 -0.55508059 -0.22541180 -0.07687948 -0.06252842 -0.03580620
-0.16408358 -0.47457522 -0.24258321 -0.07002815 -0.09885667 -0.06018353 -0.16408359 -0.47457522 -0.24258322 -0.07002815 -0.09885667 -0.06018353
-0.00962550 -0.27562668 -0.06548843 -0.03414326 -0.02108228 -0.00749195 -0.00962550 -0.27562669 -0.06548844 -0.03414326 -0.02108228 -0.00749195
0.34064564 -0.00180078 -0.03068406 -0.08781963 0.10843139 0.08650043 0.34064564 -0.00180078 -0.03068406 -0.08781963 0.10843139 0.08650043
0.24075356 -0.02677951 -0.25766838 0.03650729 -0.04971834 0.06640307 0.24075356 -0.02677951 -0.25766838 0.03650729 -0.04971834 0.06640308
-0.01104350 -0.21705854 -0.31704660 -0.05541126 0.08949765 0.05259161 -0.01104350 -0.21705854 -0.31704661 -0.05541126 0.08949766 0.05259161
