5.75464165 5.75464165 5.75464165 0.00000000 0.00000000 0.00000000 5.75464153 5.75464153 5.75464153 0.00000000 0.00000000 0.00000000
5.50313517 5.50313517 5.50313517 -0.00000000 -0.00000000 -0.00000000 5.50313520 5.50313520 5.50313520 -0.00000000 -0.00000000 -0.00000000
4.74476287 4.74476287 4.74476287 0.00000000 0.00000000 0.00000000 4.74476290 4.74476290 4.74476290 0.00000000 0.00000000 0.00000000
4.54695162 4.54695162 4.54695162 0.00000000 0.00000000 0.00000000 4.54695177 4.54695177 4.54695177 0.00000000 0.00000000 0.00000000
3.87859148 3.87859148 3.87859148 0.00000000 0.00000000 0.00000000 3.87859154 3.87859154 3.87859154 0.00000000 0.00000000 0.00000000
3.71572584 3.71572584 3.71572584 -0.00000000 -0.00000000 -0.00000000 3.71572590 3.71572590 3.71572590 -0.00000000 -0.00000000 -0.00000000
3.11769059 3.11769059 3.11769059 0.00000000 0.00000000 0.00000000 3.11769056 3.11769056 3.11769056 0.00000000 0.00000000 0.00000000
2.97759985 2.97759985 2.97759985 -0.00000000 -0.00000000 -0.00000000 2.97759986 2.97759986 2.97759986 -0.00000000 -0.00000000 -0.00000000
2.43785234 2.43785234 2.43785234 0.00000000 0.00000000 0.00000000 2.43785238 2.43785238 2.43785238 0.00000000 0.00000000 0.00000000
2.31582136 2.31582136 2.31582136 -0.00000000 -0.00000000 -0.00000000 2.31582141 2.31582141 2.31582141 -0.00000000 -0.00000000 -0.00000000
1.81136925 1.81136925 1.81136925 -0.00000000 -0.00000000 -0.00000000 1.81136930 1.81136930 1.81136930 -0.00000000 -0.00000000 -0.00000000
1.70568257 1.70568257 1.70568257 -0.00000000 -0.00000000 -0.00000000 1.70568252 1.70568252 1.70568252 -0.00000000 -0.00000000 -0.00000000
1.22303791 1.22303791 1.22303791 -0.00000000 -0.00000000 -0.00000000 1.22303796 1.22303796 1.22303796 -0.00000000 -0.00000000 -0.00000000
1.15621541 1.15621541 1.15621541 0.00000000 0.00000000 0.00000000 1.15621543 1.15621543 1.15621543 0.00000000 0.00000000 0.00000000
0.75071926 0.75071926 0.75071926 -0.00000000 -0.00000000 -0.00000000 0.75071925 0.75071925 0.75071925 -0.00000000 -0.00000000 -0.00000000
0.67961380 0.67961380 0.67961380 0.00000000 0.00000000 0.00000000 0.67961377 0.67961377 0.67961377 0.00000000 0.00000000 0.00000000
0.66043363 0.66043363 0.66043363 -0.00000000 -0.00000000 -0.00000000 0.66043365 0.66043365 0.66043365 -0.00000000 -0.00000000 -0.00000000
0.58574724 0.58574724 0.58574724 0.00000000 0.00000000 0.00000000 0.58574724 0.58574724 0.58574724 0.00000000 0.00000000 0.00000000
0.57100679 0.57100679 0.57100679 -0.00000000 -0.00000000 -0.00000000 0.57100677 0.57100677 0.57100677 -0.00000000 -0.00000000 -0.00000000
0.50831843 0.50831843 0.50831843 -0.00000000 -0.00000000 -0.00000000 0.50831842 0.50831842 0.50831842 -0.00000000 -0.00000000 -0.00000000
0.48136164 0.48136164 0.48136164 0.00000000 0.00000000 0.00000000 0.48136163 0.48136163 0.48136163 0.00000000 0.00000000 0.00000000
0.44307431 0.44307431 0.44307431 -0.00000000 -0.00000000 -0.00000000 0.44307432 0.44307432 0.44307432 -0.00000000 -0.00000000 -0.00000000
0.40937359 0.40937359 0.40937359 0.00000000 0.00000000 0.00000000 0.40937358 0.40937358 0.40937358 0.00000000 0.00000000 0.00000000
0.37660408 0.37660408 0.37660408 -0.00000000 -0.00000000 -0.00000000 0.37660408 0.37660408 0.37660408 -0.00000000 -0.00000000 -0.00000000
0.33916599 0.33916599 0.33916599 0.00000000 0.00000000 0.00000000 0.33916599 0.33916599 0.33916599 0.00000000 0.00000000 0.00000000
0.30938112 0.30938112 0.30938112 -0.00000000 -0.00000000 -0.00000000 0.30938113 0.30938113 0.30938113 -0.00000000 -0.00000000 -0.00000000
0.26797684 0.26797684 0.26797684 -0.00000000 -0.00000000 -0.00000000 0.26797685 0.26797685 0.26797685 -0.00000000 -0.00000000 -0.00000000
0.24133609 0.24133609 0.24133609 0.00000000 0.00000000 0.00000000 0.24133609 0.24133609 0.24133609 0.00000000 0.00000000 0.00000000
0.19622576 0.19622576 0.19622576 -0.00000000 -0.00000000 -0.00000000 0.19622576 0.19622576 0.19622576 -0.00000000 -0.00000000 -0.00000000
0.17272030 0.17272030 0.17272030 -0.00000000 -0.00000000 -0.00000000 0.17272030 0.17272030 0.17272030 -0.00000000 -0.00000000 -0.00000000
0.12383393 0.12383393 0.12383393 0.00000000 0.00000000 0.00000000 0.12383392 0.12383392 0.12383392 0.00000000 0.00000000 0.00000000
0.10298444 0.10298444 0.10298444 0.00000000 0.00000000 0.00000000 0.10298444 0.10298444 0.10298444 0.00000000 0.00000000 0.00000000
0.05058949 0.05058949 0.05058949 0.00000000 0.00000000 0.00000000 0.05058949 0.05058949 0.05058949 0.00000000 0.00000000 0.00000000
0.03305373 0.03305373 0.03305373 0.00000000 0.00000000 0.00000000 0.03305373 0.03305373 0.03305373 0.00000000 0.00000000 0.00000000
-0.02353807 -0.02353807 -0.02353807 0.00000000 0.00000000 0.00000000 -0.02353807 -0.02353807 -0.02353807 0.00000000 0.00000000 0.00000000
-0.03249759 -0.03249759 -0.03249759 -0.00000000 -0.00000000 -0.00000000 -0.03249759 -0.03249759 -0.03249759 -0.00000000 -0.00000000 -0.00000000
-0.08259956 -0.08259956 -0.08259956 -0.00000000 -0.00000000 -0.00000000 -0.08259957 -0.08259957 -0.08259957 -0.00000000 -0.00000000 -0.00000000
-0.08578082 -0.08578082 -0.08578082 -0.00000000 -0.00000000 -0.00000000 -0.08578081 -0.08578081 -0.08578081 -0.00000000 -0.00000000 -0.00000000
-0.13851568 -0.13851568 -0.13851568 0.00000000 0.00000000 0.00000000 -0.13851568 -0.13851568 -0.13851568 0.00000000 0.00000000 0.00000000
-0.14059536 -0.14059536 -0.14059536 -0.00000000 -0.00000000 -0.00000000 -0.14059536 -0.14059536 -0.14059536 -0.00000000 -0.00000000 -0.00000000
-0.19577391 -0.19577391 -0.19577391 -0.00000000 -0.00000000 -0.00000000 -0.19577391 -0.19577391 -0.19577391 -0.00000000 -0.00000000 -0.00000000
-0.19711005 -0.19711005 -0.19711005 -0.00000000 -0.00000000 -0.00000000 -0.19711004 -0.19711004 -0.19711004 -0.00000000 -0.00000000 -0.00000000
-0.25428340 -0.25428340 -0.25428340 0.00000000 0.00000000 0.00000000 -0.25428340 -0.25428340 -0.25428340 0.00000000 0.00000000 0.00000000
-0.25483042 -0.25483042 -0.25483042 0.00000000 0.00000000 0.00000000 -0.25483042 -0.25483042 -0.25483042 0.00000000 0.00000000 0.00000000
-0.31407164 -0.31407164 -0.31407164 -0.00000000 -0.00000000 -0.00000000 -0.31407166 -0.31407166 -0.31407166 -0.00000000 -0.00000000 -0.00000000
-0.31403116 -0.31403116 -0.31403116 -0.00000000 -0.00000000 -0.00000000 -0.31403115 -0.31403115 -0.31403115 -0.00000000 -0.00000000 -0.00000000
-0.37526632 -0.37526632 -0.37526632 0.00000000 0.00000000 0.00000000 -0.37526631 -0.37526631 -0.37526631 0.00000000 0.00000000 0.00000000
-0.37377328 -0.37377328 -0.37377328 -0.00000000 -0.00000000 -0.00000000 -0.37377328 -0.37377328 -0.37377328 -0.00000000 -0.00000000 -0.00000000
-0.43765593 -0.43765593 -0.43765593 -0.00000000 -0.00000000 -0.00000000 -0.43765593 -0.43765593 -0.43765593 -0.00000000 -0.00000000 -0.00000000
-0.43531953 -0.43531953 -0.43531953 0.00000000 0.00000000 0.00000000 -0.43531954 -0.43531954 -0.43531954 0.00000000 0.00000000 0.00000000
-0.50108671 -0.50108671 -0.50108671 0.00000000 0.00000000 0.00000000 -0.50108671 -0.50108671 -0.50108671 0.00000000 0.00000000 0.00000000
-0.49716132 -0.49716132 -0.49716132 -0.00000000 -0.00000000 -0.00000000 -0.49716133 -0.49716133 -0.49716133 -0.00000000 -0.00000000 -0.00000000
-0.56552084 -0.56552084 -0.56552084 0.00000000 0.00000000 0.00000000 -0.56552082 -0.56552082 -0.56552082 0.00000000 0.00000000 0.00000000
-0.56104831 -0.56104831 -0.56104831 -0.00000000 -0.00000000 -0.00000000 -0.56104833 -0.56104833 -0.56104833 -0.00000000 -0.00000000 -0.00000000
-0.63085410 -0.63085410 -0.63085410 -0.00000000 -0.00000000 -0.00000000 -0.63085413 -0.63085413 -0.63085413 -0.00000000 -0.00000000 -0.00000000
-0.62563717 -0.62563717 -0.62563717 -0.00000000 -0.00000000 -0.00000000 -0.62563717 -0.62563717 -0.62563717 -0.00000000 -0.00000000 -0.00000000
-0.69695798 -0.69695798 -0.69695798 -0.00000000 -0.00000000 -0.00000000 -0.69695801 -0.69695801 -0.69695801 -0.00000000 -0.00000000 -0.00000000
-0.69066365 -0.69066365 -0.69066365 -0.00000000 -0.00000000 -0.00000000 -0.69066364 -0.69066364 -0.69066364 -0.00000000 -0.00000000 -0.00000000
-0.76367900 -0.76367900 -0.76367900 0.00000000 0.00000000 0.00000000 -0.76367903 -0.76367903 -0.76367903 0.00000000 0.00000000 0.00000000
-0.75636416 -0.75636416 -0.75636416 0.00000000 0.00000000 0.00000000 -0.75636417 -0.75636417 -0.75636417 0.00000000 0.00000000 0.00000000
-0.83033012 -0.83033012 -0.83033012 0.00000000 0.00000000 0.00000000 -0.83033013 -0.83033013 -0.83033013 0.00000000 0.00000000 0.00000000
-0.82209477 -0.82209477 -0.82209477 0.00000000 0.00000000 0.00000000 -0.82209480 -0.82209480 -0.82209480 0.00000000 0.00000000 0.00000000
-0.89703188 -0.89703188 -0.89703188 -0.00000000 -0.00000000 -0.00000000 -0.89703190 -0.89703190 -0.89703190 -0.00000000 -0.00000000 -0.00000000
-0.88747856 -0.88747856 -0.88747856 -0.00000000 -0.00000000 -0.00000000 -0.88747853 -0.88747853 -0.88747853 -0.00000000 -0.00000000 -0.00000000
-0.95254428 -0.95254428 -0.95254428 -0.00000000 -0.00000000 -0.00000000 -0.95254427 -0.95254427 -0.95254427 -0.00000000 -0.00000000 -0.00000000
-0.94357614 -0.94357614 -0.94357614 0.00000000 0.00000000 0.00000000 -0.94357616 -0.94357616 -0.94357616 0.00000000 0.00000000 0.00000000
-1.00121219 -1.00121219 -1.00121219 -0.00000000 -0.00000000 -0.00000000 -1.00121224 -1.00121224 -1.00121224 -0.00000000 -0.00000000 -0.00000000
-0.99112863 -0.99112863 -0.99112863 -0.00000000 -0.00000000 -0.00000000 -0.99112862 -0.99112862 -0.99112862 -0.00000000 -0.00000000 -0.00000000
-1.05052157 -1.05052157 -1.05052157 0.00000000 0.00000000 0.00000000 -1.05052161 -1.05052161 -1.05052161 0.00000000 0.00000000 0.00000000
-1.03839301 -1.03839301 -1.03839301 0.00000000 0.00000000 0.00000000 -1.03839302 -1.03839302 -1.03839302 0.00000000 0.00000000 0.00000000
-1.10028993 -1.10028993 -1.10028993 -0.00000000 -0.00000000 -0.00000000 -1.10028994 -1.10028994 -1.10028994 -0.00000000 -0.00000000 -0.00000000
-1.08671436 -1.08671436 -1.08671436 0.00000000 0.00000000 0.00000000 -1.08671439 -1.08671439 -1.08671439 0.00000000 0.00000000 0.00000000
-1.15062066 -1.15062066 -1.15062066 -0.00000000 -0.00000000 -0.00000000 -1.15062070 -1.15062070 -1.15062070 -0.00000000 -0.00000000 -0.00000000
-1.13566998 -1.13566998 -1.13566998 -0.00000000 -0.00000000 -0.00000000 -1.13566995 -1.13566995 -1.13566995 -0.00000000 -0.00000000 -0.00000000
-1.20137926 -1.20137926 -1.20137926 0.00000000 0.00000000 0.00000000 -1.20137930 -1.20137930 -1.20137930 0.00000000 0.00000000 0.00000000
-1.18358386 -1.18358386 -1.18358386 0.00000000 0.00000000 0.00000000 -1.18358386 -1.18358386 -1.18358386 0.00000000 0.00000000 0.00000000
-1.45826586 -1.45826586 -1.45826586 -0.00000000 -0.00000000 -0.00000000 -1.45826590 -1.45826590 -1.45826590 -0.00000000 -0.00000000 -0.00000000
-1.42183093 -1.42183093 -1.42183093 -0.00000000 -0.00000000 -0.00000000 -1.42183089 -1.42183089 -1.42183089 -0.00000000 -0.00000000 -0.00000000
-1.71578535 -1.71578535 -1.71578535 -0.00000000 -0.00000000 -0.00000000 -1.71578538 -1.71578538 -1.71578538 -0.00000000 -0.00000000 -0.00000000
-1.64495641 -1.64495641 -1.64495641 -0.00000000 -0.00000000 -0.00000000 -1.64495635 -1.64495635 -1.64495635 -0.00000000 -0.00000000 -0.00000000
-1.96233467 -1.96233467 -1.96233467 -0.00000000 -0.00000000 -0.00000000 -1.96233463 -1.96233463 -1.96233463 -0.00000000 -0.00000000 -0.00000000
-1.84238392 -1.84238392 -1.84238392 0.00000000 0.00000000 0.00000000 -1.84238398 -1.84238398 -1.84238398 0.00000000 0.00000000 0.00000000
-2.18403937 -2.18403937 -2.18403937 -0.00000000 -0.00000000 -0.00000000 -2.18403935 -2.18403935 -2.18403935 -0.00000000 -0.00000000 -0.00000000
-2.00834268 -2.00834268 -2.00834268 -0.00000000 -0.00000000 -0.00000000 -2.00834274 -2.00834274 -2.00834274 -0.00000000 -0.00000000 -0.00000000
-2.37615315 -2.37615315 -2.37615315 0.00000000 0.00000000 0.00000000 -2.37615323 -2.37615323 -2.37615323 0.00000000 0.00000000 0.00000000
-2.14247684 -2.14247684 -2.14247684 -0.00000000 -0.00000000 -0.00000000 -2.14247680 -2.14247680 -2.14247680 -0.00000000 -0.00000000 -0.00000000
-2.53747953 -2.53747953 -2.53747953 -0.00000000 -0.00000000 -0.00000000 -2.53747964 -2.53747964 -2.53747964 -0.00000000 -0.00000000 -0.00000000
-2.25754697 -2.25754697 -2.25754697 0.00000000 0.00000000 0.00000000 -2.25754690 -2.25754690 -2.25754690 0.00000000 0.00000000 0.00000000
-2.67189055 -2.67189055 -2.67189055 0.00000000 0.00000000 0.00000000 -2.67189050 -2.67189050 -2.67189050 0.00000000 0.00000000 0.00000000
-2.36270803 -2.36270803 -2.36270803 0.00000000 0.00000000 0.00000000 -2.36270809 -2.36270809 -2.36270809 0.00000000 0.00000000 0.00000000
-0.31407164 -0.31407164 -0.31407164 -0.00000000 -0.00000000 -0.00000000 -0.31407166 -0.31407166 -0.31407166 -0.00000000 -0.00000000 -0.00000000
-0.23408077 -0.23957103 -0.17481626 -0.00645954 -0.01066287 -0.02341844 -0.23408078 -0.23957103 -0.17481625 -0.00645954 -0.01066287 -0.02341844
-0.16308957 -0.19064276 -0.27278864 -0.02640226 0.02673071 -0.00897085 -0.16308956 -0.19064276 -0.27278864 -0.02640226 0.02673071 -0.00897085
-0.18767901 -0.19878724 -0.16958700 -0.01105305 -0.02846761 -0.02957449 -0.18767901 -0.19878724 -0.16958700 -0.01105305 -0.02846761 -0.02957449
-0.24295124 -0.23842956 -0.27342878 0.01556396 -0.04312781 0.03267488 -0.24295123 -0.23842956 -0.27342877 0.01556396 -0.04312782 0.03267488
-0.19176954 -0.23798099 -0.22416289 0.02117568 0.03015136 -0.04106575 -0.19176954 -0.23798099 -0.22416289 0.02117568 0.03015136 -0.04106575
-0.14422836 -0.20440571 -0.18075557 0.02011697 -0.00163016 0.01482749 -0.14422835 -0.20440571 -0.18075557 0.02011696 -0.00163016 0.01482749
-0.13391285 -0.17332402 -0.12011926 0.00659803 0.00264005 0.04087744 -0.13391285 -0.17332402 -0.12011926 0.00659803 0.00264005 0.04087744
-0.10134225 -0.14479848 -0.13339914 0.04632296 -0.01615348 -0.03097791 -0.10134225 -0.14479847 -0.13339913 0.04632296 -0.01615348 -0.03097791
0.02283138 -0.05638793 0.01331530 -0.01603269 -0.02637416 -0.03137058 0.02283138 -0.05638793 0.01331530 -0.01603269 -0.02637416 -0.03137058
