0.71937725 0.81888055 0.73035843 0.03874932 0.06605730 -0.14783201 0.71937722 0.81888056 0.73035842 0.03874932 0.06605729 -0.14783201
0.67503200 0.52319081 0.67717637 -0.03969550 -0.00346703 -0.14154272 0.67503202 0.52319080 0.67717636 -0.03969550 -0.00346703 -0.14154272
0.34336834 0.32666729 0.37429662 -0.01693937 0.01654549 -0.00872331 0.34336835 0.32666728 0.37429661 -0.01693937 0.01654550 -0.00872331
0.19643341 0.38694014 0.27534669 0.02761322 -0.04453707 -0.07178533 0.19643341 0.38694012 0.27534670 0.02761322 -0.04453707 -0.07178533
0.22929389 0.33065859 0.14763640 -0.00120216 -0.08607371 -0.12771257 0.22929390 0.33065858 0.14763640 -0.00120216 -0.08607371 -0.12771258
0.27533074 0.28883497 0.17400934 0.03633439 -0.11361899 -0.11258035 0.27533075 0.28883496 0.17400934 0.03633439 -0.11361899 -0.11258034
0.18767409 0.23675355 0.19084734 -0.01410778 -0.05401618 -0.08320773 0.18767409 0.23675355 0.19084734 -0.01410779 -0.05401618 -0.08320773
0.20862868 0.17248188 0.14968476 -0.03971235 -0.00101032 -0.15159028 0.20862868 0.17248188 0.14968476 -0.03971235 -0.00101032 -0.15159027
0.21390285 0.21258169 0.24921676 -0.06021309 -0.01018800 -0.12375940 0.21390285 0.21258169 0.24921675 -0.06021309 -0.01018800 -0.12375940
0.25198674 0.14727183 0.24974820 -0.00305306 -0.03082279 -0.15137112 0.25198674 0.14727183 0.24974820 -0.00305306 -0.03082279 -0.15137112
0.46857561 0.31731805 0.23336048 -0.02587372 -0.01869377 0.07077676 0.46857560 0.31731805 0.23336048 -0.02587372 -0.01869377 0.07077676
0.19930043 0.16692108 0.30383806 0.03425532 -0.04163195 -0.09538798 0.19930042 0.16692108 0.30383804 0.03425531 -0.04163194 -0.09538798
-0.10145487 0.17710589 -0.23945833 -0.11543915 -0.00147418 0.03707430 -0.10145487 0.17710589 -0.23945832 -0.11543915 -0.00147418 0.03707431
0.00861363 0.20663102 0.06320289 -0.06897007 0.04526247 -0.06927845 0.00861363 0.20663102 0.06320290 -0.06897008 0.04526247 -0.06927845
-0.12197136 -0.04261627 -0.19522401 -0.19882402 0.04936606 -0.06198389 -0.12197136 -0.04261627 -0.19522402 -0.19882402 0.04936606 -0.06198389
-0.00741322 -0.06899269 -0.13711755 -0.15173376 -0.01709648 0.00550945 -0.00741322 -0.06899269 -0.13711755 -0.15173376 -0.01709648 0.00550945
-0.11336234 -0.10130994 -0.20012701 -0.18452211 -0.06288288 0.05872261 -0.11336234 -0.10130993 -0.20012701 -0.18452211 -0.06288288 0.05872261
-0.04486293 0.01530482 -0.22580074 -0.10019887 -0.04291047 0.09136592 -0.04486293 0.01530482 -0.22580074 -0.10019886 -0.04291046 0.09136593
-0.06627472 -0.04804917 -0.28184765 -0.08019615 -0.04199484 0.14571949 -0.06627472 -0.04804917 -0.28184766 -0.08019615 -0.04199484 0.14571948
-0.09233581 -0.09354438 -0.16517239 -0.02026411 -0.08956470 0.09671248 -0.09233581 -0.09354438 -0.16517240 -0.02026411 -0.08956470 0.09671248
0.28917734 0.20903070 0.47257041 -0.14514176 -0.03665454 -0.02350656 0.28917733 0.20903070 0.47257042 -0.14514175 -0.03665454 -0.02350656
0.05810537 0.03589033 0.03672740 -0.14994518 0.01161846 -0.02859389 0.05810537 0.03589033 0.03672740 -0.14994518 0.01161846 -0.02859389
-0.17550258 -0.16123945 -0.09246575 0.01196251 0.07820645 0.03242422 -0.17550258 -0.16123945 -0.09246575 0.01196251 0.07820645 0.03242422
-0.02468411 -0.15538716 -0.16720950 0.02554783 0.09692805 0.04144797 -0.02468411 -0.15538716 -0.16720951 0.02554783 0.09692805 0.04144797
-0.23435007 -0.23723262 -0.14245620 -0.09487757 0.05843963 0.02924727 -0.23435007 -0.23723263 -0.14245620 -0.09487757 0.05843963 0.02924727
-0.36656552 -0.21823943 -0.44291898 -0.08064847 -0.00787116 -0.01152942 -0.36656553 -0.21823943 -0.44291899 -0.08064847 -0.00787116 -0.01152942
-0.34293486 -0.25195200 -0.39020768 -0.04303751 0.01100455 0.03092727 -0.34293485 -0.25195199 -0.39020768 -0.04303751 0.01100455 0.03092727
-0.35220345 -0.33648136 -0.44163461 -0.02626536 0.00421180 0.03547734 -0.35220346 -0.33648136 -0.44163463 -0.02626536 0.00421180 0.03547734
-0.31774212 -0.28228575 -0.36947392 0.04025062 -0.04503965 0.03685598 -0.31774211 -0.28228575 -0.36947393 0.04025062 -0.04503965 0.03685598
-0.29776204 -0.30596500 -0.32376293 -0.03805689 -0.04621167 -0.02762013 -0.29776204 -0.30596501 -0.32376292 -0.03805689 -0.04621166 -0.02762013
0.14637922 -0.19530658 -0.08965345 0.04049936 -0.02249446 0.08695574 0.14637922 -0.19530657 -0.08965345 0.04049936 -0.02249446 0.08695573
-0.32884209 -0.40527281 -0.40286705 -0.11621220 -0.04237239 0.05737661 -0.32884210 -0.40527281 -0.40286705 -0.11621220 -0.04237239 0.05737661
-0.18612730 -0.55607975 -0.34226723 -0.06377346 0.01534744 -0.01862758 -0.18612731 -0.55607975 -0.34226722 -0.06377346 0.01534744 -0.01862758
-0.44593470 -0.53564105 -0.42259176 -0.02195157 -0.02593460 -0.00015003 -0.44593471 -0.53564107 -0.42259175 -0.02195157 -0.02593460 -0.00015003
-0.42841281 -0.39442060 -0.47107319 -0.04405937 0.02723540 -0.00057526 -0.42841282 -0.39442059 -0.47107318 -0.04405937 0.02723540 -0.00057526
-0.49239478 -0.51629516 -0.53736848 -0.01993140 -0.02206289 -0.02340596 -0.49239478 -0.51629514 -0.53736848 -0.01993140 -0.02206289 -0.02340596
-0.46859847 -0.34716713 -0.58585737 -0.05656513 -0.00649339 0.06495968 -0.46859846 -0.34716713 -0.58585739 -0.05656513 -0.00649339 0.06495968
-0.40259223 -0.35769723 -0.60549881 -0.04361137 -0.05039774 0.04922413 -0.40259224 -0.35769722 -0.60549879 -0.04361137 -0.05039774 0.04922413
-0.32551867 -0.27388949 -0.56647398 0.00522084 0.00401921 0.02307254 -0.32551867 -0.27388948 -0.56647396 0.00522084 0.00401921 0.02307254
-0.30532813 -0.17905564 -0.51645224 0.01409781 -0.01090413 0.05605934 -0.30532813 -0.17905563 -0.51645225 0.01409781 -0.01090413 0.05605935
-0.40218527 -0.22201973 -0.23488195 -0.04488732 -0.10610664 0.03186003 -0.40218526 -0.22201973 -0.23488195 -0.04488732 -0.10610665 0.03186003
-0.54328168 -0.37800641 -0.44884835 0.02878384 -0.03249584 0.01894957 -0.54328167 -0.37800643 -0.44884834 0.02878384 -0.03249584 0.01894957
-0.44815837 -0.44532308 -0.68344918 0.01309014 -0.11119901 0.06898652 -0.44815835 -0.44532308 -0.68344921 0.01309014 -0.11119901 0.06898653
-0.65688393 -0.62127292 -0.68537420 -0.00317939 0.07858658 0.03567795 -0.65688396 -0.62127292 -0.68537420 -0.00317939 0.07858658 0.03567795
-0.57645002 -0.75754304 -0.61141052 0.02272110 -0.02446517 -0.01523081 -0.57645005 -0.75754303 -0.61141050 0.02272110 -0.02446517 -0.01523081
-0.63844450 -0.71342731 -0.71312932 0.00085769 0.00107874 -0.04188847 -0.63844448 -0.71342731 -0.71312934 0.00085769 0.00107874 -0.04188847
-0.56171299 -0.73961783 -0.70716590 0.01522560 -0.04299572 -0.03590065 -0.56171298 -0.73961782 -0.70716590 0.01522560 -0.04299572 -0.03590064
-0.57481668 -0.72717277 -0.59888155 -0.01733615 -0.01801527 0.00189136 -0.57481670 -0.72717279 -0.59888154 -0.01733615 -0.01801527 0.00189136
-0.57497370 -0.68686422 -0.66226396 0.01462662 0.02982496 -0.04086308 -0.57497370 -0.68686420 -0.66226399 0.01462662 0.02982496 -0.04086308
-0.61741052 -0.71392307 -0.71691425 0.02255554 0.03930092 0.00074453 -0.61741054 -0.71392310 -0.71691424 0.02255554 0.03930092 0.00074453
-0.26322660 -0.46561260 -0.58046601 0.01968654 0.05229901 0.07430328 -0.26322660 -0.46561259 -0.58046603 0.01968654 0.05229900 0.07430328
-0.21118467 -0.29947262 -0.47353881 0.11761350 0.08879288 0.02384921 -0.21118467 -0.29947263 -0.47353882 0.11761350 0.08879288 0.02384921
-0.68624891 -0.63492210 -0.62787543 0.04891784 0.07258769 0.07075399 -0.68624890 -0.63492209 -0.62787545 0.04891784 0.07258769 0.07075398
-0.43219234 -0.62629990 -0.54332220 -0.04298098 -0.02071310 -0.05654655 -0.43219233 -0.62629992 -0.54332221 -0.04298098 -0.02071311 -0.05654655
-0.52076787 -0.70428073 -0.59885137 -0.03741122 0.01414922 -0.09244549 -0.52076787 -0.70428073 -0.59885138 -0.03741122 0.01414922 -0.09244549
-0.71031681 -0.72076681 -0.67949987 -0.06166665 0.00412444 -0.04244920 -0.71031684 -0.72076678 -0.67949986 -0.06166665 0.00412444 -0.04244920
-0.53684484 -0.61619945 -0.51444217 -0.02898883 -0.05025252 -0.07483673 -0.53684485 -0.61619943 -0.51444215 -0.02898883 -0.05025252 -0.07483672
-0.68247104 -0.79453217 -0.65708994 -0.08141023 -0.05790459 -0.05947481 -0.68247104 -0.79453218 -0.65708995 -0.08141024 -0.05790459 -0.05947481
-0.77444113 -0.74068288 -0.60503732 -0.00454758 -0.01260228 -0.10411725 -0.77444112 -0.74068290 -0.60503733 -0.00454758 -0.01260228 -0.10411724
-0.63407388 -0.54760170 -0.50769312 0.02127324 -0.02197420 -0.04578349 -0.63407385 -0.54760170 -0.50769311 0.02127324 -0.02197420 -0.04578349
-0.58871862 -0.25567844 -0.51580708 -0.27292811 0.05539119 -0.11610000 -0.58871859 -0.25567845 -0.51580709 -0.27292812 0.05539119 -0.11610000
-0.54257002 -0.74139377 -0.63784637 0.03342628 0.07996606 -0.10730031 -0.54256999 -0.74139374 -0.63784635 0.03342628 0.07996606 -0.10730031
-0.52191177 -0.56681352 -0.58538692 0.09928026 -0.04012287 -0.13178031 -0.52191180 -0.56681353 -0.58538693 0.09928026 -0.04012287 -0.13178031
-0.59693698 -0.39799957 -0.44373773 -0.06772041 0.04134076 -0.18365588 -0.59693700 -0.39799958 -0.44373772 -0.06772041 0.04134076 -0.18365587
-0.56609926 -0.47297164 -0.52986810 0.03469302 0.05082232 -0.06008991 -0.56609929 -0.47297165 -0.52986813 0.03469302 0.05082232 -0.06008992
-0.59123316 -0.51653403 -0.46294180 0.01626265 0.02326830 -0.10474845 -0.59123313 -0.51653403 -0.46294180 0.01626265 0.02326830 -0.10474845
-0.59540275 -0.59134838 -0.53302854 0.03558822 0.05411898 -0.14867637 -0.59540278 -0.59134841 -0.53302854 0.03558822 0.05411898 -0.14867637
-0.69876045 -0.64430221 -0.52628464 0.06239827 0.03458173 -0.07965232 -0.69876045 -0.64430219 -0.52628464 0.06239827 0.03458173 -0.07965232
-0.59175893 -0.49178251 -0.41695335 0.04191892 -0.00197712 -0.04871680 -0.59175891 -0.49178252 -0.41695336 0.04191892 -0.00197712 -0.04871680
-0.49632579 -0.37946810 -0.40978738 0.00133831 -0.09475432 -0.06305614 -0.49632579 -0.37946808 -0.40978739 0.00133831 -0.09475432 -0.06305614
