2.12324280 3.33790057 2.67768575 0.00000000 -0.00000488 -0.00000000 2.12324286 3.33790064 2.67768574 0.00000000 -0.00000488 -0.00000000
2.18177251 3.38070192 2.66120777 -0.00000000 -0.00002598 0.00000000 2.18177247 3.38070202 2.66120768 -0.00000000 -0.00002598 0.00000000
1.70685853 2.81079145 2.18020232 0.00000000 -0.00000769 0.00000000 1.70685852 2.81079149 2.18020225 0.00000000 -0.00000769 0.00000000
1.75612507 2.85156165 2.16596471 -0.00000000 0.00001178 -0.00000000 1.75612509 2.85156155 2.16596460 -0.00000000 0.00001178 -0.00000000
1.33630009 2.32198263 1.73328134 0.00000000 -0.00000919 0.00000000 1.33630013 2.32198262 1.73328137 0.00000000 -0.00000919 0.00000000
1.37477617 2.35831144 1.71740717 0.00000000 0.00000688 0.00000000 1.37477612 2.35831141 1.71740723 0.00000000 0.00000688 0.00000000
1.04683465 1.89952463 1.33250984 0.00000000 0.00000322 -0.00000000 1.04683459 1.89952457 1.33250988 0.00000000 0.00000322 -0.00000000
1.04657505 1.90048719 1.33213015 -0.00000000 -0.00001017 0.00000000 1.04657507 1.90048718 1.33213019 -0.00000000 -0.00001017 0.00000000
0.74876802 1.47077670 1.02781959 0.00000000 0.00000052 0.00000000 0.74876803 1.47077668 1.02781963 0.00000000 0.00000052 0.00000000
0.77138346 1.49609949 1.01359977 -0.00000000 0.00000055 -0.00000000 0.77138346 1.49609947 1.01359975 -0.00000000 0.00000055 -0.00000000
0.51391162 1.11503394 0.75040762 -0.00000000 -0.00000136 0.00000000 0.51391160 1.11503398 0.75040764 -0.00000000 -0.00000136 0.00000000
0.53052021 1.13717392 0.73850570 -0.00000000 0.00000832 -0.00000000 0.53052020 1.13717389 0.73850572 -0.00000000 0.00000832 -0.00000000
0.30033825 0.79832491 0.50228480 -0.00000000 0.00000600 -0.00000000 0.30033827 0.79832488 0.50228482 -0.00000000 0.00000600 -0.00000000
0.31072788 0.81636829 0.49322823 0.00000000 -0.00000283 -0.00000000 0.31072786 0.81636828 0.49322823 0.00000000 -0.00000283 -0.00000000
0.11268396 0.52952288 0.28369766 0.00000000 0.00000361 -0.00000000 0.11268396 0.52952290 0.28369766 0.00000000 0.00000361 -0.00000000
0.11922489 0.54315098 0.27763407 0.00000000 0.00000347 -0.00000000 0.11922489 0.54315096 0.27763405 0.00000000 0.00000347 -0.00000000
0.07914233 0.48108988 0.24320855 -0.00000000 0.00000182 -0.00000000 0.07914232 0.48108989 0.24320854 -0.00000000 0.00000182 -0.00000000
0.08537151 0.49323150 0.23776518 0.00000000 0.00000189 -0.00000000 0.08537152 0.49323151 0.23776518 0.00000000 0.00000189 -0.00000000
0.04635199 0.43388033 0.20364509 -0.00000000 -0.00000677 0.00000000 0.04635199 0.43388033 0.20364510 -0.00000000 -0.00000677 0.00000000
0.05144583 0.44569275 0.19850757 -0.00000000 -0.00000647 0.00000000 0.05144583 0.44569275 0.19850758 -0.00000000 -0.00000647 0.00000000
0.01429859 0.38783839 0.16500248 -0.00000000 0.00000506 -0.00000000 0.01429859 0.38783839 0.16500248 -0.00000000 0.00000506 -0.00000000
0.01857870 0.39880302 0.16031623 0.00000000 0.00000486 0.00000000 0.01857870 0.39880303 0.16031623 0.00000000 0.00000486 0.00000000
-0.01704856 0.34298203 0.12724696 -0.00000000 -0.00000308 0.00000000 -0.01704856 0.34298202 0.12724696 -0.00000000 -0.00000308 0.00000000
-0.01365539 0.35331339 0.12294369 -0.00000000 -0.00000293 0.00000000 -0.01365539 0.35331339 0.12294369 -0.00000000 -0.00000293 0.00000000
-0.04767975 0.29920067 0.09039017 0.00000000 -0.00000457 -0.00000000 -0.04767974 0.29920068 0.09039017 0.00000000 -0.00000457 -0.00000000
-0.04512528 0.30919658 0.08635541 0.00000000 0.00000163 0.00000000 -0.04512528 0.30919659 0.08635540 0.00000000 0.00000163 0.00000000
-0.07763432 0.25655761 0.05438546 -0.00000000 0.00000023 -0.00000000 -0.07763432 0.25655761 0.05438546 -0.00000000 0.00000023 -0.00000000
-0.07519876 0.26497733 0.05096739 0.00000000 0.00000005 -0.00000000 -0.07519876 0.26497734 0.05096739 0.00000000 0.00000005 -0.00000000
-0.10692767 0.21499608 0.01922651 0.00000000 -0.00000119 0.00000000 -0.10692767 0.21499608 0.01922651 0.00000000 -0.00000119 0.00000000
-0.10512673 0.22290950 0.01610564 0.00000000 -0.00000118 -0.00000000 -0.10512673 0.22290951 0.01610564 0.00000000 -0.00000118 -0.00000000
-0.13555962 0.17444122 -0.01508527 -0.00000000 -0.00000232 0.00000000 -0.13555962 0.17444122 -0.01508527 -0.00000000 -0.00000232 0.00000000
-0.13447963 0.18199182 -0.01795396 -0.00000000 -0.00000213 -0.00000000 -0.13447963 0.18199183 -0.01795396 -0.00000000 -0.00000213 -0.00000000
-0.16356633 0.13494499 -0.04859306 0.00000000 -0.00000349 -0.00000000 -0.16356634 0.13494499 -0.04859306 0.00000000 -0.00000349 -0.00000000
-0.16370726 0.14283518 -0.05140008 0.00000000 0.00000175 0.00000000 -0.16370726 0.14283518 -0.05140008 0.00000000 0.00000175 0.00000000
-0.19095398 0.09644041 -0.08129883 0.00000000 0.00000565 -0.00000000 -0.19095398 0.09644040 -0.08129883 0.00000000 0.00000565 -0.00000000
-0.19123665 0.10308186 -0.08362411 0.00000000 0.00000561 0.00000000 -0.19123666 0.10308187 -0.08362412 0.00000000 0.00000561 0.00000000
-0.21773032 0.05888166 -0.11320931 0.00000000 0.00000428 0.00000000 -0.21773033 0.05888166 -0.11320931 0.00000000 0.00000428 0.00000000
-0.21804791 0.06427527 -0.11507281 0.00000000 -0.00000069 -0.00000000 -0.21804790 0.06427527 -0.11507281 0.00000000 -0.00000069 -0.00000000
-0.24391004 0.02225325 -0.14434227 -0.00000000 -0.00000181 0.00000000 -0.24391004 0.02225325 -0.14434227 -0.00000000 -0.00000181 0.00000000
-0.24405923 0.02618266 -0.14569900 0.00000000 0.00000286 0.00000000 -0.24405923 0.02618266 -0.14569899 0.00000000 0.00000286 0.00000000
-0.26952043 -0.01343884 -0.17472198 -0.00000000 -0.00000299 0.00000000 -0.26952043 -0.01343884 -0.17472199 -0.00000000 -0.00000299 0.00000000
-0.26965624 -0.01064482 -0.17567480 0.00000000 0.00000176 0.00000000 -0.26965624 -0.01064482 -0.17567480 0.00000000 0.00000176 0.00000000
-0.29455569 -0.04827134 -0.20434450 0.00000000 0.00000056 0.00000000 -0.29455569 -0.04827134 -0.20434451 0.00000000 0.00000056 0.00000000
-0.29504652 -0.04617425 -0.20501231 0.00000000 -0.00000400 0.00000000 -0.29504651 -0.04617425 -0.20501231 0.00000000 -0.00000400 0.00000000
-0.31904873 -0.08221807 -0.23323903 0.00000000 -0.00000487 -0.00000000 -0.31904873 -0.08221807 -0.23323902 0.00000000 -0.00000487 -0.00000000
-0.31904873 -0.08221807 -0.23323903 0.00000000 -0.00000487 -0.00000000 -0.31904873 -0.08221807 -0.23323902 0.00000000 -0.00000487 -0.00000000
-0.34298814 -0.11536322 -0.26139901 -0.00000000 -0.00000155 0.00000000 -0.34298813 -0.11536322 -0.26139900 -0.00000000 -0.00000155 0.00000000
-0.34261704 -0.11666963 -0.26099367 0.00000000 -0.00000154 -0.00000000 -0.34261703 -0.11666963 -0.26099366 0.00000000 -0.00000154 -0.00000000
-0.36633063 -0.14767194 -0.28844777 -0.00000000 -0.00000220 0.00000000 -0.36633062 -0.14767194 -0.28844777 -0.00000000 -0.00000220 0.00000000
-0.36533845 -0.15125921 -0.28734693 -0.00000000 0.00000176 -0.00000000 -0.36533844 -0.15125921 -0.28734693 -0.00000000 0.00000176 -0.00000000
-0.38917280 -0.17921844 -0.31483261 -0.00000000 0.00000452 -0.00000000 -0.38917279 -0.17921844 -0.31483260 -0.00000000 0.00000452 -0.00000000
-0.38787737 -0.18441301 -0.31325212 0.00000000 0.00000456 0.00000000 -0.38787737 -0.18441302 -0.31325212 0.00000000 0.00000456 0.00000000
-0.41153998 -0.21000895 -0.34061636 0.00000000 -0.00000016 -0.00000000 -0.41153997 -0.21000895 -0.34061635 0.00000000 -0.00000016 -0.00000000
-0.41027027 -0.21650899 -0.33866093 -0.00000000 -0.00000017 -0.00000000 -0.41027027 -0.21650898 -0.33866093 -0.00000000 -0.00000017 -0.00000000
-0.43342496 -0.24011411 -0.36579711 0.00000000 0.00000242 0.00000000 -0.43342495 -0.24011411 -0.36579710 0.00000000 0.00000242 0.00000000
-0.43178345 -0.24849452 -0.36328343 -0.00000000 -0.00000104 0.00000000 -0.43178344 -0.24849452 -0.36328343 -0.00000000 -0.00000104 0.00000000
-0.45484891 -0.26953124 -0.39039589 0.00000000 -0.00000184 0.00000000 -0.45484892 -0.26953125 -0.39039588 0.00000000 -0.00000184 0.00000000
-0.45348554 -0.27903146 -0.38756521 0.00000000 -0.00000180 -0.00000000 -0.45348555 -0.27903146 -0.38756523 0.00000000 -0.00000180 -0.00000000
-0.47582503 -0.29826812 -0.41442822 -0.00000000 0.00000074 -0.00000000 -0.47582504 -0.29826811 -0.41442820 -0.00000000 0.00000074 -0.00000000
-0.47419602 -0.30954231 -0.41106599 -0.00000000 -0.00000264 -0.00000000 -0.47419602 -0.30954230 -0.41106600 -0.00000000 -0.00000264 -0.00000000
-0.49635592 -0.32686734 -0.43819803 -0.00000000 -0.00000327 0.00000000 -0.49635592 -0.32686734 -0.43819803 -0.00000000 -0.00000327 0.00000000
-0.49438213 -0.33944060 -0.43411759 0.00000000 -0.00000335 0.00000000 -0.49438214 -0.33944061 -0.43411759 0.00000000 -0.00000335 0.00000000
-0.51644215 -0.35500437 -0.46148715 -0.00000000 -0.00000082 0.00000000 -0.51644212 -0.35500437 -0.46148714 -0.00000000 -0.00000082 0.00000000
-0.51394671 -0.36926613 -0.45686587 0.00000000 -0.00000085 0.00000000 -0.51394671 -0.36926612 -0.45686588 0.00000000 -0.00000085 0.00000000
-0.53610189 -0.38254057 -0.48423063 -0.00000000 -0.00000139 0.00000000 -0.53610188 -0.38254055 -0.48423064 -0.00000000 -0.00000139 0.00000000
-0.53310324 -0.39833009 -0.47911801 -0.00000000 -0.00000140 0.00000000 -0.53310323 -0.39833009 -0.47911802 -0.00000000 -0.00000140 0.00000000
-0.55534016 -0.40950487 -0.50643174 -0.00000000 0.00000077 -0.00000000 -0.55534017 -0.40950486 -0.50643176 -0.00000000 0.00000077 -0.00000000
-0.55182264 -0.42678091 -0.50083998 -0.00000000 0.00000089 -0.00000000 -0.55182266 -0.42678091 -0.50084001 -0.00000000 0.00000089 -0.00000000
-0.57415288 -0.43593834 -0.52807677 -0.00000000 0.00000012 -0.00000000 -0.57415289 -0.43593833 -0.52807677 -0.00000000 0.00000012 -0.00000000
-0.57000645 -0.45483518 -0.52199279 0.00000000 -0.00000271 -0.00000000 -0.57000643 -0.45483518 -0.52199280 0.00000000 -0.00000271 -0.00000000
-0.59256707 -0.46180349 -0.54917774 0.00000000 0.00000202 0.00000000 -0.59256709 -0.46180350 -0.54917777 0.00000000 0.00000202 0.00000000
-0.58785559 -0.48209009 -0.54266287 -0.00000000 0.00000215 -0.00000000 -0.58785558 -0.48209009 -0.54266286 -0.00000000 0.00000215 -0.00000000
-0.61058932 -0.48714387 -0.56979589 -0.00000000 0.00000134 -0.00000000 -0.61058933 -0.48714387 -0.56979591 -0.00000000 0.00000134 -0.00000000
-0.60513451 -0.50915720 -0.56275599 0.00000000 0.00000139 0.00000000 -0.60513449 -0.50915718 -0.56275600 0.00000000 0.00000139 0.00000000
-0.62821559 -0.51199963 -0.58993072 -0.00000000 -0.00000166 -0.00000000 -0.62821561 -0.51199961 -0.58993071 -0.00000000 -0.00000166 -0.00000000
-0.62209941 -0.53557158 -0.58239310 -0.00000000 0.00000081 -0.00000000 -0.62209940 -0.53557158 -0.58239311 -0.00000000 0.00000081 -0.00000000
-0.71079912 -0.62883581 -0.68374124 -0.00000000 0.00000023 0.00000000 -0.71079910 -0.62883580 -0.68374121 -0.00000000 0.00000023 0.00000000
-0.70165019 -0.65898398 -0.67389911 -0.00000000 0.00000036 -0.00000000 -0.70165020 -0.65898401 -0.67389911 -0.00000000 0.00000036 -0.00000000
-0.77230525 -0.77011108 -0.75463166 -0.00000000 -0.00000011 -0.00000000 -0.77230525 -0.77011108 -0.75463164 -0.00000000 -0.00000011 -0.00000000
-0.77234553 -0.77000520 -0.75466147 0.00000000 -0.00000011 -0.00000000 -0.77234554 -0.77000523 -0.75466144 0.00000000 -0.00000011 -0.00000000
-0.85023386 -0.82895639 -0.83990971 -0.00000000 -0.00000026 -0.00000000 -0.85023385 -0.82895637 -0.83990973 -0.00000000 -0.00000026 -0.00000000
-0.83419459 -0.87009029 -0.82279461 -0.00000000 -0.00000037 -0.00000000 -0.83419460 -0.87009031 -0.82279462 -0.00000000 -0.00000037 -0.00000000
-0.90914645 -0.91397317 -0.90686159 0.00000000 -0.00000042 -0.00000000 -0.90914643 -0.91397315 -0.90686160 0.00000000 -0.00000042 -0.00000000
-0.88810362 -0.96310891 -0.88612037 -0.00000000 -0.00000057 0.00000000 -0.88810360 -0.96310890 -0.88612038 -0.00000000 -0.00000057 0.00000000
-0.96155119 -0.98937191 -0.96800304 -0.00000000 0.00000029 -0.00000000 -0.96155119 -0.98937190 -0.96800303 -0.00000000 0.00000029 -0.00000000
-0.93587377 -1.04381919 -0.94288245 -0.00000000 0.00000040 -0.00000000 -0.93587375 -1.04381919 -0.94288242 -0.00000000 0.00000040 -0.00000000
-1.00680210 -1.05514317 -1.02174733 0.00000000 -0.00000048 -0.00000000 -1.00680208 -1.05514312 -1.02174735 0.00000000 -0.00000048 -0.00000000
-0.97702895 -1.11315272 -0.99121353 -0.00000000 0.00000017 0.00000000 -0.97702897 -1.11315274 -0.99121356 -0.00000000 0.00000017 0.00000000
-1.04685572 -1.11140000 -1.06945508 -0.00000000 0.00000040 0.00000000 -1.04685569 -1.11140001 -1.06945503 -0.00000000 0.00000040 0.00000000
-1.01229152 -1.17304174 -1.03224458 -0.00000000 0.00000089 -0.00000000 -1.01229155 -1.17304170 -1.03224456 -0.00000000 0.00000089 -0.00000000
