0.83526497 0.83526438 0.53231440 -0.00000164 -0.00000000 -0.00000000 0.83526498 0.83526438 0.53231442 -0.00000164 -0.00000000 -0.00000000
0.75801909 0.75800479 0.46804123 0.00000112 -0.00000000 0.00000000 0.75801909 0.75800478 0.46804124 0.00000112 -0.00000000 0.00000000
0.68221334 0.68222625 0.40416566 0.00000110 -0.00000000 0.00000000 0.68221331 0.68222624 0.40416566 0.00000110 -0.00000000 0.00000000
0.60781447 0.60781344 0.34065673 -0.00000118 -0.00000000 0.00000000 0.60781449 0.60781342 0.34065673 -0.00000118 -0.00000000 0.00000000
0.53473211 0.53472827 0.27747981 -0.00000104 0.00000000 -0.00000000 0.53473210 0.53472829 0.27747980 -0.00000104 0.00000000 -0.00000000
0.46290273 0.46290481 0.21787140 0.00000145 -0.00000000 -0.00000000 0.46290272 0.46290481 0.21787140 0.00000145 -0.00000000 -0.00000000
0.39227526 0.39227463 0.19632011 0.00000158 0.00000000 -0.00000000 0.39227527 0.39227462 0.19632010 0.00000158 0.00000000 -0.00000000
0.32279099 0.32278596 0.17392169 -0.00000075 0.00000000 -0.00000000 0.32279098 0.32278597 0.17392169 -0.00000075 0.00000000 -0.00000000
0.25438789 0.25438900 0.15059234 -0.00000061 -0.00000000 0.00000000 0.25438789 0.25438899 0.15059234 -0.00000061 -0.00000000 0.00000000
0.18703165 0.18703058 0.12640940 -0.00000049 -0.00000000 -0.00000000 0.18703166 0.18703058 0.12640940 -0.00000049 -0.00000000 -0.00000000
0.12066438 0.12066858 0.10131191 0.00000192 -0.00000000 -0.00000000 0.12066438 0.12066858 0.10131191 0.00000192 -0.00000000 -0.00000000
0.05524996 0.05525148 0.07530662 -0.00000023 0.00000000 -0.00000000 0.05524996 0.05525148 0.07530662 -0.00000023 0.00000000 -0.00000000
-0.00925692 -0.00925017 0.04843418 -0.00000023 -0.00000000 0.00000000 -0.00925692 -0.00925017 0.04843418 -0.00000023 -0.00000000 0.00000000
-0.07289009 -0.07288601 0.02068714 -0.00000011 -0.00000000 0.00000000 -0.07289010 -0.07288601 0.02068714 -0.00000011 -0.00000000 0.00000000
-0.13568496 -0.13568390 -0.00788580 -0.00000224 0.00000000 -0.00000000 -0.13568497 -0.13568389 -0.00788580 -0.00000224 0.00000000 -0.00000000
-0.19767766 -0.19768008 -0.03733688 0.00000014 -0.00000000 -0.00000000 -0.19767766 -0.19768009 -0.03733689 0.00000014 -0.00000000 -0.00000000
-0.25890766 -0.25890402 -0.06763802 0.00000028 0.00000000 0.00000000 -0.25890765 -0.25890401 -0.06763802 0.00000028 0.00000000 0.00000000
-0.31939303 -0.31939289 -0.09877204 0.00000028 -0.00000000 -0.00000000 -0.31939304 -0.31939289 -0.09877204 0.00000028 -0.00000000 -0.00000000
-0.37970600 -0.37970895 -0.13077029 -0.00000192 0.00000000 -0.00000000 -0.37970600 -0.37970895 -0.13077030 -0.00000192 0.00000000 -0.00000000
-0.44057112 -0.44056785 -0.16372786 0.00000067 -0.00000000 -0.00000000 -0.44057113 -0.44056785 -0.16372786 0.00000067 -0.00000000 -0.00000000
-0.50087630 -0.50087662 -0.19753761 0.00000067 -0.00000000 -0.00000000 -0.50087631 -0.50087661 -0.19753762 0.00000067 -0.00000000 -0.00000000
-0.56065217 -0.56065607 -0.23214946 0.00000090 -0.00000000 0.00000000 -0.56065220 -0.56065607 -0.23214947 0.00000090 -0.00000000 0.00000000
-0.61992890 -0.61992611 -0.26758155 -0.00000152 0.00000000 0.00000000 -0.61992890 -0.61992610 -0.26758155 -0.00000152 0.00000000 0.00000000
-0.67871994 -0.67872072 -0.30378920 -0.00000141 -0.00000000 -0.00000000 -0.67871994 -0.67872071 -0.30378920 -0.00000141 -0.00000000 -0.00000000
-0.73700607 -0.73700958 -0.34072625 0.00000117 0.00000000 -0.00000000 -0.73700607 -0.73700958 -0.34072626 0.00000117 0.00000000 -0.00000000
-0.79403026 -0.79403826 -0.37818927 0.00000132 0.00000000 0.00000000 -0.79403025 -0.79403824 -0.37818927 0.00000132 0.00000000 0.00000000
-0.85073096 -0.85073135 -0.41640348 -0.00000103 -0.00000000 -0.00000000 -0.85073096 -0.85073137 -0.41640347 -0.00000103 -0.00000000 -0.00000000
-0.90711954 -0.90712442 -0.45534526 -0.00000100 0.00000000 0.00000000 -0.90711951 -0.90712440 -0.45534527 -0.00000100 0.00000000 0.00000000
-0.96458541 -0.96459341 -0.49496628 0.00000167 0.00000000 0.00000000 -0.96458542 -0.96459341 -0.49496627 0.00000167 0.00000000 0.00000000
-1.02406827 -1.02406965 -0.53526451 0.00000191 -0.00000000 0.00000000 -1.02406824 -1.02406967 -0.53526449 0.00000191 -0.00000000 0.00000000
-1.08322162 -1.08322722 -0.57621186 -0.00000064 0.00000000 -0.00000000 -1.08322167 -1.08322728 -0.57621187 -0.00000064 0.00000000 -0.00000000
