0.31444000 0.32705054 0.35166705 -0.00170642 -0.01639161 -0.12469137 0.31444001 0.32705054 0.35166705 -0.00170642 -0.01639161 -0.12469137
0.26748191 0.22364677 0.24999475 0.01454490 -0.01908569 -0.09762677 0.26748192 0.22364677 0.24999475 0.01454490 -0.01908569 -0.09762677
0.27764586 0.20083237 0.30558034 -0.05438995 -0.02067749 -0.11027897 0.27764586 0.20083237 0.30558035 -0.05438995 -0.02067749 -0.11027897
0.28024596 0.30148946 0.27713895 0.02958308 -0.02898708 -0.07602095 0.28024596 0.30148947 0.27713895 0.02958308 -0.02898708 -0.07602095
0.36565398 0.45191266 0.38209610 -0.04915640 -0.01237594 -0.11600580 0.36565399 0.45191267 0.38209608 -0.04915640 -0.01237594 -0.11600580
0.28408786 0.31061823 0.26603232 0.00347215 0.00515948 0.08142633 0.28408787 0.31061822 0.26603231 0.00347215 0.00515948 0.08142633
0.27521086 0.29195223 0.19456465 0.01327214 0.03219945 0.03370278 0.27521086 0.29195222 0.19456464 0.01327214 0.03219945 0.03370278
0.38975258 0.32144295 0.31672438 0.04560038 -0.01505394 0.02094304 0.38975257 0.32144296 0.31672439 0.04560038 -0.01505394 0.02094304
0.26877683 0.25922637 0.26897194 -0.03786159 -0.01894472 0.08922528 0.26877683 0.25922638 0.26897195 -0.03786159 -0.01894472 0.08922528
0.32248437 0.36950799 0.23497563 0.05537199 0.00024884 0.04296620 0.32248437 0.36950800 0.23497564 0.05537199 0.00024884 0.04296620
0.38264429 0.34841147 0.41839798 0.12883905 0.08045307 -0.03583303 0.38264430 0.34841147 0.41839799 0.12883905 0.08045308 -0.03583303
0.30106736 0.27517882 0.27449169 0.10293428 0.10469015 0.00060750 0.30106735 0.27517882 0.27449170 0.10293428 0.10469014 0.00060750
0.26652465 0.27073773 0.37023019 0.17041935 0.03759949 -0.03230294 0.26652464 0.27073774 0.37023020 0.17041935 0.03759949 -0.03230294
0.34797744 0.41611634 0.31352795 0.11017746 0.09367133 -0.03934117 0.34797743 0.41611633 0.31352794 0.11017746 0.09367133 -0.03934117
0.40415532 0.41834361 0.34740191 0.18190668 0.08430237 -0.09973373 0.40415531 0.41834360 0.34740192 0.18190667 0.08430237 -0.09973373
1.93660211 1.93692580 2.07590620 -0.00012930 -0.01789461 -0.15396865 1.93660212 1.93692577 2.07590628 -0.00012930 -0.01789461 -0.15396865
0.86359290 0.87253492 0.94157774 -0.00124975 -0.01743798 -0.13470881 0.86359292 0.87253493 0.94157773 -0.00124975 -0.01743798 -0.13470881
1.51750744 1.52136705 1.63589846 -0.00054884 -0.01773245 -0.14612158 1.51750743 1.52136707 1.63589847 -0.00054884 -0.01773245 -0.14612158
0.61661213 0.62746579 0.67472762 -0.00162168 -0.01705924 -0.13020049 0.61661214 0.62746578 0.67472762 -0.00162168 -0.01705924 -0.13020049
-1.15225070 -1.15197018 -1.14553235 -0.00156469 -0.01513662 -0.10668984 -1.15225065 -1.15197015 -1.14553237 -0.00156469 -0.01513662 -0.10668984
2.04769958 2.04645426 2.19193003 0.00003623 -0.01800132 -0.15600067 2.04769969 2.04645419 2.19193006 0.00003623 -0.01800132 -0.15600067
2.51528088 2.51049411 2.68545136 0.00026677 -0.01830466 -0.16454897 2.51528096 2.51049399 2.68545127 0.00026677 -0.01830466 -0.16454896
3.29364236 3.28995107 3.50034847 0.00023673 -0.01862178 -0.17903864 3.29364228 3.28995109 3.50034857 0.00023673 -0.01862178 -0.17903864
0.46132123 0.47434395 0.50799418 -0.00173196 -0.01670549 -0.12744719 0.46132123 0.47434396 0.50799417 -0.00173196 -0.01670549 -0.12744719
-1.02979498 -1.02795753 -1.01865848 -0.00169117 -0.01556431 -0.10756528 -1.02979493 -1.02795756 -1.01865852 -0.00169117 -0.01556431 -0.10756528
-0.27015639 -0.26199747 -0.26284382 -0.00174769 -0.01569277 -0.11435337 -0.27015638 -0.26199746 -0.26284382 -0.00174769 -0.01569277 -0.11435337
-1.11226899 -1.11139666 -1.10436210 -0.00164494 -0.01528727 -0.10700717 -1.11226904 -1.11139667 -1.10436213 -0.00164494 -0.01528727 -0.10700718
0.53803979 0.54987535 0.59009053 -0.00170226 -0.01689560 -0.12878844 0.53803980 0.54987532 0.59009051 -0.00170226 -0.01689560 -0.12878844
1.13073408 1.13723329 1.22828317 -0.00086391 -0.01762265 -0.13928614 1.13073409 1.13723326 1.22828317 -0.00086391 -0.01762265 -0.13928615
-0.70419841 -0.70296967 -0.69106448 -0.00199936 -0.01586705 -0.11002703 -0.70419842 -0.70296967 -0.69106448 -0.00199936 -0.01586705 -0.11002703
-0.02377576 -0.01182202 -0.00986295 -0.00160650 -0.01586753 -0.11841638 -0.02377576 -0.01182202 -0.00986295 -0.00160650 -0.01586753 -0.11841638
-0.21012818 -0.20116110 -0.20248280 -0.00170485 -0.01567055 -0.11523532 -0.21012817 -0.20116110 -0.20248280 -0.00170485 -0.01567055 -0.11523532
-0.32905809 -0.32183796 -0.32080268 -0.00177930 -0.01576145 -0.11365759 -0.32905808 -0.32183796 -0.32080269 -0.00177930 -0.01576145 -0.11365759
0.69699785 0.70654437 0.76107163 -0.00154406 -0.01719557 -0.13169515 0.69699788 0.70654440 0.76107162 -0.00154406 -0.01719557 -0.13169515
-0.38609229 -0.38053055 -0.37710708 -0.00182409 -0.01583269 -0.11310603 -0.38609231 -0.38053057 -0.37710708 -0.00182409 -0.01583269 -0.11310603
-0.80269403 -0.80059573 -0.78861473 -0.00187395 -0.01580062 -0.10918694 -0.80269402 -0.80059576 -0.78861475 -0.00187395 -0.01580062 -0.10918694
-1.23002561 -1.23087116 -1.22485234 -0.00090981 -0.01436154 -0.10562858 -1.23002565 -1.23087120 -1.22485232 -0.00090981 -0.01436154 -0.10562857
0.38683709 0.40000447 0.42869795 -0.00172936 -0.01651568 -0.12607951 0.38683710 0.40000448 0.42869794 -0.00172936 -0.01651568 -0.12607951
1.41799781 1.42248038 1.53126458 -0.00062878 -0.01773303 -0.14430982 1.41799784 1.42248034 1.53126454 -0.00062878 -0.01773303 -0.14430982
-0.94235450 -0.94038688 -0.92870836 -0.00167016 -0.01575674 -0.10812730 -0.94235450 -0.94038689 -0.92870837 -0.00167016 -0.01575674 -0.10812730
0.77906447 0.78794943 0.84986985 -0.00143605 -0.01733253 -0.13322575 0.77906448 0.78794944 0.84986985 -0.00143605 -0.01733253 -0.13322575
2.63831034 2.63367044 2.81496243 0.00027122 -0.01833004 -0.16681840 2.63831043 2.63367033 2.81496239 0.00027122 -0.01833004 -0.16681841
1.61882689 1.62208487 1.74248410 -0.00044425 -0.01773607 -0.14801447 1.61882687 1.62208486 1.74248409 -0.00044425 -0.01773608 -0.14801447
2.27655812 2.27289622 2.43351182 0.00023616 -0.01816391 -0.16014361 2.27655816 2.27289629 2.43351173 0.00023616 -0.01816391 -0.16014361
0.10575353 0.11936634 0.12927207 -0.00161171 -0.01610088 -0.12077811 0.10575353 0.11936634 0.12927207 -0.00161171 -0.01610088 -0.12077811
-0.85046036 -0.84806648 -0.83611722 -0.00179044 -0.01578893 -0.10881757 -0.85046035 -0.84806651 -0.83611721 -0.00179044 -0.01578893 -0.10881757
-0.65369448 -0.65188096 -0.64123379 -0.00192280 -0.01598534 -0.11047512 -0.65369451 -0.65188098 -0.64123380 -0.00192280 -0.01598534 -0.11047512
-1.26791454 -1.26927595 -1.26294015 -0.00049365 -0.01388904 -0.10496759 -1.26791453 -1.26927590 -1.26294017 -0.00049365 -0.01388904 -0.10496759
2.16083763 2.15835519 2.31104214 0.00017382 -0.01807194 -0.15806274 2.16083765 2.15835524 2.31104207 0.00017382 -0.01807193 -0.15806274
0.17348105 0.18685367 0.20172244 -0.00162109 -0.01618992 -0.12204073 0.17348105 0.18685368 0.20172244 -0.00162109 -0.01618992 -0.12204073
3.43294976 3.42990649 3.64570812 0.00022279 -0.01866502 -0.18164193 3.43294978 3.42990637 3.64570808 0.00022279 -0.01866503 -0.18164194
-0.60241143 -0.59957943 -0.59067125 -0.00190061 -0.01606433 -0.11095233 -0.60241145 -0.59957945 -0.59067124 -0.00190061 -0.01606433 -0.11095233
0.04040823 0.05319001 0.05879085 -0.00160916 -0.01599487 -0.11955827 0.04040824 0.05319001 0.05879085 -0.00160916 -0.01599487 -0.11955827
1.32028268 1.32535637 1.42846819 -0.00072518 -0.01771257 -0.14255736 1.32028270 1.32535636 1.42846823 -0.00072518 -0.01771257 -0.14255735
3.15711392 3.15336636 3.35824291 0.00034751 -0.01854485 -0.17650106 3.15711403 3.15336633 3.35824299 0.00034751 -0.01854485 -0.17650107
-0.08705449 -0.07588852 -0.07604582 -0.00161147 -0.01579275 -0.11730396 -0.08705448 -0.07588852 -0.07604582 -0.00161147 -0.01579275 -0.11730396
1.03945625 1.04722455 1.13085099 -0.00095791 -0.01757757 -0.13773244 1.03945625 1.04722452 1.13085103 -0.00095791 -0.01757757 -0.13773243
-0.98657322 -0.98458392 -0.97400434 -0.00164252 -0.01568281 -0.10781712 -0.98657322 -0.98458391 -0.97400433 -0.00164252 -0.01568281 -0.10781712
-1.07163555 -1.07017149 -1.06198938 -0.00168091 -0.01542127 -0.10728324 -1.07163560 -1.07017148 -1.06198943 -0.00168091 -0.01542127 -0.10728324
-0.89699783 -0.89485571 -0.88273901 -0.00171794 -0.01577082 -0.10846288 -0.89699781 -0.89485568 -0.88273901 -0.00171794 -0.01577082 -0.10846288
2.76383956 2.75976970 2.94707704 0.00030166 -0.01831324 -0.16915918 2.76383948 2.75976968 2.94707704 0.00030166 -0.01831324 -0.16915917
-0.14921897 -0.13899491 -0.14004363 -0.00164477 -0.01570193 -0.11624771 -0.14921896 -0.13899490 -0.14004363 -0.00164477 -0.01570193 -0.11624771
-0.49625275 -0.49218211 -0.48632881 -0.00190297 -0.01607527 -0.11198681 -0.49625275 -0.49218211 -0.48632881 -0.00190297 -0.01607527 -0.11198681
0.24319686 0.25590729 0.27587271 -0.00168025 -0.01628899 -0.12334333 0.24319686 0.25590730 0.27587271 -0.00168025 -0.01628899 -0.12334333
-0.75391181 -0.75241427 -0.74018830 -0.00196257 -0.01581236 -0.10960140 -0.75391179 -0.75241429 -0.74018830 -0.00196257 -0.01581236 -0.10960140
0.95057391 0.95889402 1.03515222 -0.00109112 -0.01752274 -0.13621602 0.95057392 0.95889401 1.03515220 -0.00109112 -0.01752274 -0.13621601
-0.54993724 -0.54646133 -0.53908886 -0.00191797 -0.01610665 -0.11143729 -0.54993725 -0.54646134 -0.53908885 -0.00191797 -0.01610665 -0.11143729
1.82829695 1.82985456 1.96237318 -0.00025168 -0.01782824 -0.15197614 1.82829690 1.82985461 1.96237314 -0.00025168 -0.01782824 -0.15197614
1.22434846 1.23001451 1.32747175 -0.00080078 -0.01766177 -0.14088071 1.22434843 1.23001456 1.32747173 -0.00080078 -0.01766177 -0.14088072
2.89166149 2.88827197 3.08141880 0.00033638 -0.01834213 -0.17149610 2.89166141 2.88827205 3.08141875 0.00033638 -0.01834213 -0.17149611
2.39484014 2.39027224 2.55834306 0.00027204 -0.01824071 -0.16230825 2.39484024 2.39027214 2.55834317 0.00027204 -0.01824071 -0.16230825
1.72230034 1.72474579 1.85123781 -0.00036923 -0.01774764 -0.14998245 1.72230029 1.72474575 1.85123777 -0.00036923 -0.01774764 -0.14998245
-0.44158985 -0.43688246 -0.43210119 -0.00187131 -0.01595086 -0.11252940 -0.44158986 -0.43688247 -0.43210119 -0.00187131 -0.01595086 -0.11252940
3.02277063 3.01924589 3.21842711 0.00039754 -0.01843223 -0.17397524 3.02277064 3.01924586 3.21842718 0.00039754 -0.01843223 -0.17397524
-1.19149821 -1.19180137 -1.18577815 -0.00132936 -0.01483012 -0.10622045 -1.19149816 -1.19180131 -1.18577814 -0.00132936 -0.01483012 -0.10622045
